[2026-04-06 13:27:14 +0000] [1] [INFO] Starting gunicorn 23.0.0
[2026-04-06 13:27:14 +0000] [1] [INFO] Listening at: http://0.0.0.0:8080 (1)
[2026-04-06 13:27:14 +0000] [1] [INFO] Using worker: uvicorn.workers.UvicornWorker
[2026-04-06 13:27:14 +0000] [7] [INFO] Booting worker with pid: 7
[2026-04-06 13:27:14 +0000] [8] [INFO] Booting worker with pid: 8
[2026-04-06 13:27:14 +0000] [9] [INFO] Booting worker with pid: 9
[2026-04-06 13:27:14 +0000] [10] [INFO] Booting worker with pid: 10
[2026-04-06 13:27:14 +0000] [11] [INFO] Booting worker with pid: 11
[2026-04-06 13:27:14 +0000] [12] [INFO] Booting worker with pid: 12
[2026-04-06 13:27:14 +0000] [13] [INFO] Booting worker with pid: 13
[2026-04-06 13:27:14 +0000] [14] [INFO] Booting worker with pid: 14
[2026-04-06 13:27:14 +0000] [15] [INFO] Booting worker with pid: 15
[2026-04-06 13:27:14 +0000] [20] [INFO] Booting worker with pid: 20
[2026-04-06 13:27:14 +0000] [7] [INFO] Started server process [7]
[2026-04-06 13:27:14 +0000] [7] [INFO] Waiting for application startup.
[2026-04-06 13:27:14 +0000] [9] [INFO] Started server process [9]
[2026-04-06 13:27:14 +0000] [8] [INFO] Started server process [8]
[2026-04-06 13:27:14 +0000] [10] [INFO] Started server process [10]
[2026-04-06 13:27:14 +0000] [9] [INFO] Waiting for application startup.
[2026-04-06 13:27:14 +0000] [10] [INFO] Waiting for application startup.
[2026-04-06 13:27:14 +0000] [8] [INFO] Waiting for application startup.
[2026-04-06 13:27:14 +0000] [7] [INFO] Application startup complete.
[2026-04-06 13:27:14 +0000] [9] [INFO] Application startup complete.
[2026-04-06 13:27:14 +0000] [10] [INFO] Application startup complete.
[2026-04-06 13:27:14 +0000] [8] [INFO] Application startup complete.
[2026-04-06 13:27:14 +0000] [11] [INFO] Started server process [11]
[2026-04-06 13:27:14 +0000] [11] [INFO] Waiting for application startup.
[2026-04-06 13:27:14 +0000] [11] [INFO] Application startup complete.
[2026-04-06 13:27:14 +0000] [22] [INFO] Booting worker with pid: 22
[2026-04-06 13:27:14 +0000] [12] [INFO] Started server process [12]
[2026-04-06 13:27:14 +0000] [12] [INFO] Waiting for application startup.
[2026-04-06 13:27:14 +0000] [12] [INFO] Application startup complete.
[2026-04-06 13:27:14 +0000] [24] [INFO] Booting worker with pid: 24
[2026-04-06 13:27:14 +0000] [13] [INFO] Started server process [13]
[2026-04-06 13:27:14 +0000] [13] [INFO] Waiting for application startup.
[2026-04-06 13:27:14 +0000] [13] [INFO] Application startup complete.
[2026-04-06 13:27:14 +0000] [14] [INFO] Started server process [14]
[2026-04-06 13:27:14 +0000] [14] [INFO] Waiting for application startup.
[2026-04-06 13:27:14 +0000] [14] [INFO] Application startup complete.
[2026-04-06 13:27:14 +0000] [27] [INFO] Booting worker with pid: 27
[2026-04-06 13:27:15 +0000] [28] [INFO] Booting worker with pid: 28
[2026-04-06 13:27:15 +0000] [30] [INFO] Booting worker with pid: 30
[2026-04-06 13:27:15 +0000] [15] [INFO] Started server process [15]
[2026-04-06 13:27:15 +0000] [15] [INFO] Waiting for application startup.
[2026-04-06 13:27:15 +0000] [15] [INFO] Application startup complete.
[2026-04-06 13:27:15 +0000] [20] [INFO] Started server process [20]
[2026-04-06 13:27:15 +0000] [20] [INFO] Waiting for application startup.
[2026-04-06 13:27:15 +0000] [20] [INFO] Application startup complete.
[2026-04-06 13:27:15 +0000] [33] [INFO] Booting worker with pid: 33
[2026-04-06 13:27:15 +0000] [22] [INFO] Started server process [22]
[2026-04-06 13:27:15 +0000] [22] [INFO] Waiting for application startup.
[2026-04-06 13:27:15 +0000] [22] [INFO] Application startup complete.
[2026-04-06 13:27:15 +0000] [34] [INFO] Booting worker with pid: 34
[2026-04-06 13:27:15 +0000] [36] [INFO] Booting worker with pid: 36
[2026-04-06 13:27:15 +0000] [24] [INFO] Started server process [24]
[2026-04-06 13:27:15 +0000] [24] [INFO] Waiting for application startup.
[2026-04-06 13:27:15 +0000] [24] [INFO] Application startup complete.
[2026-04-06 13:27:15 +0000] [27] [INFO] Started server process [27]
[2026-04-06 13:27:15 +0000] [27] [INFO] Waiting for application startup.
[2026-04-06 13:27:15 +0000] [27] [INFO] Application startup complete.
[2026-04-06 13:27:15 +0000] [39] [INFO] Booting worker with pid: 39
[2026-04-06 13:27:15 +0000] [28] [INFO] Started server process [28]
[2026-04-06 13:27:15 +0000] [28] [INFO] Waiting for application startup.
[2026-04-06 13:27:15 +0000] [28] [INFO] Application startup complete.
[2026-04-06 13:27:15 +0000] [30] [INFO] Started server process [30]
[2026-04-06 13:27:15 +0000] [30] [INFO] Waiting for application startup.
[2026-04-06 13:27:15 +0000] [30] [INFO] Application startup complete.
[2026-04-06 13:27:15 +0000] [41] [INFO] Booting worker with pid: 41
[2026-04-06 13:27:15 +0000] [43] [INFO] Booting worker with pid: 43
[2026-04-06 13:27:15 +0000] [33] [INFO] Started server process [33]
[2026-04-06 13:27:15 +0000] [33] [INFO] Waiting for application startup.
[2026-04-06 13:27:15 +0000] [33] [INFO] Application startup complete.
[2026-04-06 13:27:15 +0000] [34] [INFO] Started server process [34]
[2026-04-06 13:27:15 +0000] [34] [INFO] Waiting for application startup.
[2026-04-06 13:27:15 +0000] [34] [INFO] Application startup complete.
[2026-04-06 13:27:15 +0000] [45] [INFO] Booting worker with pid: 45
[2026-04-06 13:27:15 +0000] [36] [INFO] Started server process [36]
[2026-04-06 13:27:15 +0000] [36] [INFO] Waiting for application startup.
[2026-04-06 13:27:15 +0000] [36] [INFO] Application startup complete.
[2026-04-06 13:27:15 +0000] [47] [INFO] Booting worker with pid: 47
[2026-04-06 13:27:15 +0000] [39] [INFO] Started server process [39]
[2026-04-06 13:27:15 +0000] [39] [INFO] Waiting for application startup.
[2026-04-06 13:27:15 +0000] [39] [INFO] Application startup complete.
[2026-04-06 13:27:15 +0000] [49] [INFO] Booting worker with pid: 49
[2026-04-06 13:27:15 +0000] [41] [INFO] Started server process [41]
[2026-04-06 13:27:15 +0000] [41] [INFO] Waiting for application startup.
[2026-04-06 13:27:15 +0000] [41] [INFO] Application startup complete.
[2026-04-06 13:27:15 +0000] [51] [INFO] Booting worker with pid: 51
[2026-04-06 13:27:15 +0000] [53] [INFO] Booting worker with pid: 53
[2026-04-06 13:27:15 +0000] [43] [INFO] Started server process [43]
[2026-04-06 13:27:15 +0000] [43] [INFO] Waiting for application startup.
[2026-04-06 13:27:15 +0000] [43] [INFO] Application startup complete.
[2026-04-06 13:27:15 +0000] [55] [INFO] Booting worker with pid: 55
[2026-04-06 13:27:15 +0000] [45] [INFO] Started server process [45]
[2026-04-06 13:27:15 +0000] [45] [INFO] Waiting for application startup.
[2026-04-06 13:27:15 +0000] [45] [INFO] Application startup complete.
[2026-04-06 13:27:15 +0000] [56] [INFO] Booting worker with pid: 56
[2026-04-06 13:27:15 +0000] [57] [INFO] Booting worker with pid: 57
[2026-04-06 13:27:15 +0000] [47] [INFO] Started server process [47]
[2026-04-06 13:27:15 +0000] [47] [INFO] Waiting for application startup.
[2026-04-06 13:27:15 +0000] [47] [INFO] Application startup complete.
[2026-04-06 13:27:15 +0000] [59] [INFO] Booting worker with pid: 59
[2026-04-06 13:27:15 +0000] [60] [INFO] Booting worker with pid: 60
[2026-04-06 13:27:15 +0000] [49] [INFO] Started server process [49]
[2026-04-06 13:27:15 +0000] [49] [INFO] Waiting for application startup.
[2026-04-06 13:27:15 +0000] [49] [INFO] Application startup complete.
[2026-04-06 13:27:15 +0000] [62] [INFO] Booting worker with pid: 62
[2026-04-06 13:27:15 +0000] [63] [INFO] Booting worker with pid: 63
[2026-04-06 13:27:15 +0000] [65] [INFO] Booting worker with pid: 65
[2026-04-06 13:27:15 +0000] [51] [INFO] Started server process [51]
[2026-04-06 13:27:15 +0000] [51] [INFO] Waiting for application startup.
[2026-04-06 13:27:15 +0000] [51] [INFO] Application startup complete.
[2026-04-06 13:27:15 +0000] [66] [INFO] Booting worker with pid: 66
[2026-04-06 13:27:15 +0000] [53] [INFO] Started server process [53]
[2026-04-06 13:27:15 +0000] [53] [INFO] Waiting for application startup.
[2026-04-06 13:27:15 +0000] [53] [INFO] Application startup complete.
[2026-04-06 13:27:15 +0000] [69] [INFO] Booting worker with pid: 69
[2026-04-06 13:27:15 +0000] [55] [INFO] Started server process [55]
[2026-04-06 13:27:15 +0000] [55] [INFO] Waiting for application startup.
[2026-04-06 13:27:15 +0000] [55] [INFO] Application startup complete.
[2026-04-06 13:27:16 +0000] [56] [INFO] Started server process [56]
[2026-04-06 13:27:16 +0000] [56] [INFO] Waiting for application startup.
[2026-04-06 13:27:16 +0000] [56] [INFO] Application startup complete.
[2026-04-06 13:27:16 +0000] [57] [INFO] Started server process [57]
[2026-04-06 13:27:16 +0000] [57] [INFO] Waiting for application startup.
[2026-04-06 13:27:16 +0000] [57] [INFO] Application startup complete.
[2026-04-06 13:27:16 +0000] [72] [INFO] Booting worker with pid: 72
[2026-04-06 13:27:16 +0000] [73] [INFO] Booting worker with pid: 73
[2026-04-06 13:27:16 +0000] [59] [INFO] Started server process [59]
[2026-04-06 13:27:16 +0000] [59] [INFO] Waiting for application startup.
[2026-04-06 13:27:16 +0000] [59] [INFO] Application startup complete.
[2026-04-06 13:27:16 +0000] [60] [INFO] Started server process [60]
[2026-04-06 13:27:16 +0000] [60] [INFO] Waiting for application startup.
[2026-04-06 13:27:16 +0000] [60] [INFO] Application startup complete.
[2026-04-06 13:27:16 +0000] [62] [INFO] Started server process [62]
[2026-04-06 13:27:16 +0000] [62] [INFO] Waiting for application startup.
[2026-04-06 13:27:16 +0000] [62] [INFO] Application startup complete.
[2026-04-06 13:27:16 +0000] [65] [INFO] Started server process [65]
[2026-04-06 13:27:16 +0000] [65] [INFO] Waiting for application startup.
[2026-04-06 13:27:16 +0000] [65] [INFO] Application startup complete.
[2026-04-06 13:27:16 +0000] [63] [INFO] Started server process [63]
[2026-04-06 13:27:16 +0000] [63] [INFO] Waiting for application startup.
[2026-04-06 13:27:16 +0000] [63] [INFO] Application startup complete.
[2026-04-06 13:27:16 +0000] [79] [INFO] Booting worker with pid: 79
[2026-04-06 13:27:16 +0000] [66] [INFO] Started server process [66]
[2026-04-06 13:27:16 +0000] [66] [INFO] Waiting for application startup.
[2026-04-06 13:27:16 +0000] [66] [INFO] Application startup complete.
[2026-04-06 13:27:16 +0000] [81] [INFO] Booting worker with pid: 81
[2026-04-06 13:27:16 +0000] [82] [INFO] Booting worker with pid: 82
[2026-04-06 13:27:16 +0000] [69] [INFO] Started server process [69]
[2026-04-06 13:27:16 +0000] [69] [INFO] Waiting for application startup.
[2026-04-06 13:27:16 +0000] [69] [INFO] Application startup complete.
[2026-04-06 13:27:16 +0000] [84] [INFO] Booting worker with pid: 84
[2026-04-06 13:27:16 +0000] [72] [INFO] Started server process [72]
[2026-04-06 13:27:16 +0000] [72] [INFO] Waiting for application startup.
[2026-04-06 13:27:16 +0000] [72] [INFO] Application startup complete.
[2026-04-06 13:27:16 +0000] [73] [INFO] Started server process [73]
[2026-04-06 13:27:16 +0000] [73] [INFO] Waiting for application startup.
[2026-04-06 13:27:16 +0000] [73] [INFO] Application startup complete.
[2026-04-06 13:27:16 +0000] [87] [INFO] Booting worker with pid: 87
[2026-04-06 13:27:16 +0000] [88] [INFO] Booting worker with pid: 88
[2026-04-06 13:27:16 +0000] [79] [INFO] Started server process [79]
[2026-04-06 13:27:16 +0000] [79] [INFO] Waiting for application startup.
[2026-04-06 13:27:16 +0000] [79] [INFO] Application startup complete.
[2026-04-06 13:27:16 +0000] [91] [INFO] Booting worker with pid: 91
[2026-04-06 13:27:16 +0000] [81] [INFO] Started server process [81]
[2026-04-06 13:27:16 +0000] [81] [INFO] Waiting for application startup.
[2026-04-06 13:27:16 +0000] [81] [INFO] Application startup complete.
[2026-04-06 13:27:16 +0000] [82] [INFO] Started server process [82]
[2026-04-06 13:27:16 +0000] [82] [INFO] Waiting for application startup.
[2026-04-06 13:27:16 +0000] [82] [INFO] Application startup complete.
[2026-04-06 13:27:16 +0000] [84] [INFO] Started server process [84]
[2026-04-06 13:27:16 +0000] [84] [INFO] Waiting for application startup.
[2026-04-06 13:27:16 +0000] [84] [INFO] Application startup complete.
[2026-04-06 13:27:16 +0000] [94] [INFO] Booting worker with pid: 94
[2026-04-06 13:27:16 +0000] [95] [INFO] Booting worker with pid: 95
[2026-04-06 13:27:16 +0000] [96] [INFO] Booting worker with pid: 96
[2026-04-06 13:27:16 +0000] [87] [INFO] Started server process [87]
[2026-04-06 13:27:16 +0000] [87] [INFO] Waiting for application startup.
[2026-04-06 13:27:16 +0000] [87] [INFO] Application startup complete.
[2026-04-06 13:27:16 +0000] [88] [INFO] Started server process [88]
[2026-04-06 13:27:16 +0000] [88] [INFO] Waiting for application startup.
[2026-04-06 13:27:16 +0000] [88] [INFO] Application startup complete.
[2026-04-06 13:27:16 +0000] [99] [INFO] Booting worker with pid: 99
[2026-04-06 13:27:16 +0000] [100] [INFO] Booting worker with pid: 100
[2026-04-06 13:27:16 +0000] [91] [INFO] Started server process [91]
[2026-04-06 13:27:16 +0000] [91] [INFO] Waiting for application startup.
[2026-04-06 13:27:16 +0000] [91] [INFO] Application startup complete.
[2026-04-06 13:27:16 +0000] [102] [INFO] Booting worker with pid: 102
[2026-04-06 13:27:16 +0000] [94] [INFO] Started server process [94]
[2026-04-06 13:27:16 +0000] [94] [INFO] Waiting for application startup.
[2026-04-06 13:27:16 +0000] [94] [INFO] Application startup complete.
[2026-04-06 13:27:16 +0000] [105] [INFO] Booting worker with pid: 105
[2026-04-06 13:27:16 +0000] [95] [INFO] Started server process [95]
[2026-04-06 13:27:16 +0000] [95] [INFO] Waiting for application startup.
[2026-04-06 13:27:16 +0000] [95] [INFO] Application startup complete.
[2026-04-06 13:27:16 +0000] [96] [INFO] Started server process [96]
[2026-04-06 13:27:16 +0000] [96] [INFO] Waiting for application startup.
[2026-04-06 13:27:16 +0000] [96] [INFO] Application startup complete.
[2026-04-06 13:27:16 +0000] [107] [INFO] Booting worker with pid: 107
[2026-04-06 13:27:16 +0000] [99] [INFO] Started server process [99]
[2026-04-06 13:27:16 +0000] [99] [INFO] Waiting for application startup.
[2026-04-06 13:27:16 +0000] [99] [INFO] Application startup complete.
[2026-04-06 13:27:17 +0000] [100] [INFO] Started server process [100]
[2026-04-06 13:27:17 +0000] [100] [INFO] Waiting for application startup.
[2026-04-06 13:27:17 +0000] [100] [INFO] Application startup complete.
[2026-04-06 13:27:17 +0000] [110] [INFO] Booting worker with pid: 110
[2026-04-06 13:27:17 +0000] [102] [INFO] Started server process [102]
[2026-04-06 13:27:17 +0000] [102] [INFO] Waiting for application startup.
[2026-04-06 13:27:17 +0000] [102] [INFO] Application startup complete.
[2026-04-06 13:27:17 +0000] [112] [INFO] Booting worker with pid: 112
[2026-04-06 13:27:17 +0000] [113] [INFO] Booting worker with pid: 113
[2026-04-06 13:27:17 +0000] [115] [INFO] Booting worker with pid: 115
[2026-04-06 13:27:17 +0000] [105] [INFO] Started server process [105]
[2026-04-06 13:27:17 +0000] [105] [INFO] Waiting for application startup.
[2026-04-06 13:27:17 +0000] [105] [INFO] Application startup complete.
[2026-04-06 13:27:17 +0000] [116] [INFO] Booting worker with pid: 116
[2026-04-06 13:27:17 +0000] [117] [INFO] Booting worker with pid: 117
[2026-04-06 13:27:17 +0000] [107] [INFO] Started server process [107]
[2026-04-06 13:27:17 +0000] [107] [INFO] Waiting for application startup.
[2026-04-06 13:27:17 +0000] [107] [INFO] Application startup complete.
[2026-04-06 13:27:17 +0000] [119] [INFO] Booting worker with pid: 119
[2026-04-06 13:27:17 +0000] [110] [INFO] Started server process [110]
[2026-04-06 13:27:17 +0000] [110] [INFO] Waiting for application startup.
[2026-04-06 13:27:17 +0000] [110] [INFO] Application startup complete.
[2026-04-06 13:27:17 +0000] [121] [INFO] Booting worker with pid: 121
[2026-04-06 13:27:17 +0000] [112] [INFO] Started server process [112]
[2026-04-06 13:27:17 +0000] [112] [INFO] Waiting for application startup.
[2026-04-06 13:27:17 +0000] [112] [INFO] Application startup complete.
[2026-04-06 13:27:17 +0000] [113] [INFO] Started server process [113]
[2026-04-06 13:27:17 +0000] [113] [INFO] Waiting for application startup.
[2026-04-06 13:27:17 +0000] [113] [INFO] Application startup complete.
[2026-04-06 13:27:17 +0000] [124] [INFO] Booting worker with pid: 124
[2026-04-06 13:27:17 +0000] [115] [INFO] Started server process [115]
[2026-04-06 13:27:17 +0000] [115] [INFO] Waiting for application startup.
[2026-04-06 13:27:17 +0000] [115] [INFO] Application startup complete.
[2026-04-06 13:27:17 +0000] [128] [INFO] Booting worker with pid: 128
[2026-04-06 13:27:17 +0000] [116] [INFO] Started server process [116]
[2026-04-06 13:27:17 +0000] [116] [INFO] Waiting for application startup.
[2026-04-06 13:27:17 +0000] [116] [INFO] Application startup complete.
[2026-04-06 13:27:17 +0000] [117] [INFO] Started server process [117]
[2026-04-06 13:27:17 +0000] [117] [INFO] Waiting for application startup.
[2026-04-06 13:27:17 +0000] [117] [INFO] Application startup complete.
[2026-04-06 13:27:17 +0000] [129] [INFO] Booting worker with pid: 129
[2026-04-06 13:27:17 +0000] [119] [INFO] Started server process [119]
[2026-04-06 13:27:17 +0000] [119] [INFO] Waiting for application startup.
[2026-04-06 13:27:17 +0000] [119] [INFO] Application startup complete.
[2026-04-06 13:27:17 +0000] [121] [INFO] Started server process [121]
[2026-04-06 13:27:17 +0000] [121] [INFO] Waiting for application startup.
[2026-04-06 13:27:17 +0000] [121] [INFO] Application startup complete.
[2026-04-06 13:27:17 +0000] [124] [INFO] Started server process [124]
[2026-04-06 13:27:17 +0000] [124] [INFO] Waiting for application startup.
[2026-04-06 13:27:17 +0000] [124] [INFO] Application startup complete.
[2026-04-06 13:27:17 +0000] [128] [INFO] Started server process [128]
[2026-04-06 13:27:17 +0000] [128] [INFO] Waiting for application startup.
[2026-04-06 13:27:17 +0000] [128] [INFO] Application startup complete.
[2026-04-06 13:27:17 +0000] [129] [INFO] Started server process [129]
[2026-04-06 13:27:17 +0000] [129] [INFO] Waiting for application startup.
[2026-04-06 13:27:17 +0000] [129] [INFO] Application startup complete.
