[2026-04-06 14:30:34 +0000] [1] [INFO] Starting gunicorn 23.0.0
[2026-04-06 14:30:34 +0000] [1] [INFO] Listening at: http://0.0.0.0:8080 (1)
[2026-04-06 14:30:34 +0000] [1] [INFO] Using worker: uvicorn.workers.UvicornWorker
[2026-04-06 14:30:34 +0000] [7] [INFO] Booting worker with pid: 7
[2026-04-06 14:30:34 +0000] [8] [INFO] Booting worker with pid: 8
[2026-04-06 14:30:34 +0000] [9] [INFO] Booting worker with pid: 9
[2026-04-06 14:30:34 +0000] [12] [INFO] Booting worker with pid: 12
[2026-04-06 14:30:34 +0000] [7] [INFO] Started server process [7]
[2026-04-06 14:30:34 +0000] [8] [INFO] Started server process [8]
[2026-04-06 14:30:34 +0000] [7] [INFO] Waiting for application startup.
[2026-04-06 14:30:34 +0000] [8] [INFO] Waiting for application startup.
[2026-04-06 14:30:34 +0000] [7] [INFO] Application startup complete.
[2026-04-06 14:30:34 +0000] [8] [INFO] Application startup complete.
[2026-04-06 14:30:34 +0000] [9] [INFO] Started server process [9]
[2026-04-06 14:30:34 +0000] [9] [INFO] Waiting for application startup.
[2026-04-06 14:30:34 +0000] [9] [INFO] Application startup complete.
[2026-04-06 14:30:34 +0000] [14] [INFO] Booting worker with pid: 14
[2026-04-06 14:30:34 +0000] [12] [INFO] Started server process [12]
[2026-04-06 14:30:34 +0000] [12] [INFO] Waiting for application startup.
[2026-04-06 14:30:34 +0000] [12] [INFO] Application startup complete.
[2026-04-06 14:30:34 +0000] [16] [INFO] Booting worker with pid: 16
[2026-04-06 14:30:34 +0000] [17] [INFO] Booting worker with pid: 17
[2026-04-06 14:30:34 +0000] [14] [INFO] Started server process [14]
[2026-04-06 14:30:34 +0000] [14] [INFO] Waiting for application startup.
[2026-04-06 14:30:34 +0000] [14] [INFO] Application startup complete.
[2026-04-06 14:30:34 +0000] [19] [INFO] Booting worker with pid: 19
[2026-04-06 14:30:34 +0000] [16] [INFO] Started server process [16]
[2026-04-06 14:30:34 +0000] [16] [INFO] Waiting for application startup.
[2026-04-06 14:30:34 +0000] [16] [INFO] Application startup complete.
[2026-04-06 14:30:34 +0000] [17] [INFO] Started server process [17]
[2026-04-06 14:30:34 +0000] [17] [INFO] Waiting for application startup.
[2026-04-06 14:30:34 +0000] [17] [INFO] Application startup complete.
[2026-04-06 14:30:34 +0000] [19] [INFO] Started server process [19]
[2026-04-06 14:30:34 +0000] [19] [INFO] Waiting for application startup.
[2026-04-06 14:30:34 +0000] [19] [INFO] Application startup complete.
[2026-04-06 14:30:34 +0000] [23] [INFO] Booting worker with pid: 23
[2026-04-06 14:30:34 +0000] [24] [INFO] Booting worker with pid: 24
[2026-04-06 14:30:34 +0000] [23] [INFO] Started server process [23]
[2026-04-06 14:30:34 +0000] [23] [INFO] Waiting for application startup.
[2026-04-06 14:30:34 +0000] [23] [INFO] Application startup complete.
[2026-04-06 14:30:34 +0000] [26] [INFO] Booting worker with pid: 26
[2026-04-06 14:30:34 +0000] [24] [INFO] Started server process [24]
[2026-04-06 14:30:34 +0000] [24] [INFO] Waiting for application startup.
[2026-04-06 14:30:34 +0000] [24] [INFO] Application startup complete.
[2026-04-06 14:30:34 +0000] [28] [INFO] Booting worker with pid: 28
[2026-04-06 14:30:34 +0000] [26] [INFO] Started server process [26]
[2026-04-06 14:30:34 +0000] [26] [INFO] Waiting for application startup.
[2026-04-06 14:30:34 +0000] [26] [INFO] Application startup complete.
[2026-04-06 14:30:34 +0000] [28] [INFO] Started server process [28]
[2026-04-06 14:30:34 +0000] [28] [INFO] Waiting for application startup.
[2026-04-06 14:30:34 +0000] [28] [INFO] Application startup complete.
[2026-04-06 14:30:34 +0000] [31] [INFO] Booting worker with pid: 31
[2026-04-06 14:30:34 +0000] [33] [INFO] Booting worker with pid: 33
[2026-04-06 14:30:34 +0000] [31] [INFO] Started server process [31]
[2026-04-06 14:30:34 +0000] [31] [INFO] Waiting for application startup.
[2026-04-06 14:30:34 +0000] [31] [INFO] Application startup complete.
[2026-04-06 14:30:34 +0000] [34] [INFO] Booting worker with pid: 34
[2026-04-06 14:30:34 +0000] [35] [INFO] Booting worker with pid: 35
[2026-04-06 14:30:34 +0000] [33] [INFO] Started server process [33]
[2026-04-06 14:30:34 +0000] [33] [INFO] Waiting for application startup.
[2026-04-06 14:30:34 +0000] [33] [INFO] Application startup complete.
[2026-04-06 14:30:34 +0000] [37] [INFO] Booting worker with pid: 37
[2026-04-06 14:30:34 +0000] [34] [INFO] Started server process [34]
[2026-04-06 14:30:34 +0000] [34] [INFO] Waiting for application startup.
[2026-04-06 14:30:34 +0000] [34] [INFO] Application startup complete.
[2026-04-06 14:30:34 +0000] [40] [INFO] Booting worker with pid: 40
[2026-04-06 14:30:34 +0000] [35] [INFO] Started server process [35]
[2026-04-06 14:30:34 +0000] [35] [INFO] Waiting for application startup.
[2026-04-06 14:30:34 +0000] [35] [INFO] Application startup complete.
[2026-04-06 14:30:35 +0000] [37] [INFO] Started server process [37]
[2026-04-06 14:30:35 +0000] [37] [INFO] Waiting for application startup.
[2026-04-06 14:30:35 +0000] [37] [INFO] Application startup complete.
[2026-04-06 14:30:35 +0000] [43] [INFO] Booting worker with pid: 43
[2026-04-06 14:30:35 +0000] [40] [INFO] Started server process [40]
[2026-04-06 14:30:35 +0000] [40] [INFO] Waiting for application startup.
[2026-04-06 14:30:35 +0000] [40] [INFO] Application startup complete.
[2026-04-06 14:30:35 +0000] [45] [INFO] Booting worker with pid: 45
[2026-04-06 14:30:35 +0000] [43] [INFO] Started server process [43]
[2026-04-06 14:30:35 +0000] [43] [INFO] Waiting for application startup.
[2026-04-06 14:30:35 +0000] [43] [INFO] Application startup complete.
[2026-04-06 14:30:35 +0000] [46] [INFO] Booting worker with pid: 46
[2026-04-06 14:30:35 +0000] [45] [INFO] Started server process [45]
[2026-04-06 14:30:35 +0000] [45] [INFO] Waiting for application startup.
[2026-04-06 14:30:35 +0000] [45] [INFO] Application startup complete.
[2026-04-06 14:30:35 +0000] [48] [INFO] Booting worker with pid: 48
[2026-04-06 14:30:35 +0000] [46] [INFO] Started server process [46]
[2026-04-06 14:30:35 +0000] [46] [INFO] Waiting for application startup.
[2026-04-06 14:30:35 +0000] [46] [INFO] Application startup complete.
[2026-04-06 14:30:35 +0000] [50] [INFO] Booting worker with pid: 50
[2026-04-06 14:30:35 +0000] [48] [INFO] Started server process [48]
[2026-04-06 14:30:35 +0000] [48] [INFO] Waiting for application startup.
[2026-04-06 14:30:35 +0000] [48] [INFO] Application startup complete.
[2026-04-06 14:30:35 +0000] [50] [INFO] Started server process [50]
[2026-04-06 14:30:35 +0000] [50] [INFO] Waiting for application startup.
[2026-04-06 14:30:35 +0000] [50] [INFO] Application startup complete.
[2026-04-06 14:30:35 +0000] [53] [INFO] Booting worker with pid: 53
[2026-04-06 14:30:35 +0000] [54] [INFO] Booting worker with pid: 54
[2026-04-06 14:30:35 +0000] [53] [INFO] Started server process [53]
[2026-04-06 14:30:35 +0000] [53] [INFO] Waiting for application startup.
[2026-04-06 14:30:35 +0000] [53] [INFO] Application startup complete.
[2026-04-06 14:30:35 +0000] [54] [INFO] Started server process [54]
[2026-04-06 14:30:35 +0000] [54] [INFO] Waiting for application startup.
[2026-04-06 14:30:35 +0000] [54] [INFO] Application startup complete.
[2026-04-06 14:30:35 +0000] [57] [INFO] Booting worker with pid: 57
[2026-04-06 14:30:35 +0000] [59] [INFO] Booting worker with pid: 59
[2026-04-06 14:30:35 +0000] [57] [INFO] Started server process [57]
[2026-04-06 14:30:35 +0000] [57] [INFO] Waiting for application startup.
[2026-04-06 14:30:35 +0000] [57] [INFO] Application startup complete.
[2026-04-06 14:30:35 +0000] [60] [INFO] Booting worker with pid: 60
[2026-04-06 14:30:35 +0000] [61] [INFO] Booting worker with pid: 61
[2026-04-06 14:30:35 +0000] [62] [INFO] Booting worker with pid: 62
[2026-04-06 14:30:35 +0000] [59] [INFO] Started server process [59]
[2026-04-06 14:30:35 +0000] [59] [INFO] Waiting for application startup.
[2026-04-06 14:30:35 +0000] [59] [INFO] Application startup complete.
[2026-04-06 14:30:35 +0000] [60] [INFO] Started server process [60]
[2026-04-06 14:30:35 +0000] [60] [INFO] Waiting for application startup.
[2026-04-06 14:30:35 +0000] [60] [INFO] Application startup complete.
[2026-04-06 14:30:35 +0000] [61] [INFO] Started server process [61]
[2026-04-06 14:30:35 +0000] [61] [INFO] Waiting for application startup.
[2026-04-06 14:30:35 +0000] [61] [INFO] Application startup complete.
[2026-04-06 14:30:35 +0000] [62] [INFO] Started server process [62]
[2026-04-06 14:30:35 +0000] [62] [INFO] Waiting for application startup.
[2026-04-06 14:30:35 +0000] [62] [INFO] Application startup complete.
[2026-04-06 14:30:35 +0000] [67] [INFO] Booting worker with pid: 67
[2026-04-06 14:30:35 +0000] [67] [INFO] Started server process [67]
[2026-04-06 14:30:35 +0000] [67] [INFO] Waiting for application startup.
[2026-04-06 14:30:35 +0000] [67] [INFO] Application startup complete.
[2026-04-06 14:30:35 +0000] [69] [INFO] Booting worker with pid: 69
[2026-04-06 14:30:35 +0000] [70] [INFO] Booting worker with pid: 70
[2026-04-06 14:30:35 +0000] [69] [INFO] Started server process [69]
[2026-04-06 14:30:35 +0000] [69] [INFO] Waiting for application startup.
[2026-04-06 14:30:35 +0000] [69] [INFO] Application startup complete.
[2026-04-06 14:30:35 +0000] [72] [INFO] Booting worker with pid: 72
[2026-04-06 14:30:35 +0000] [70] [INFO] Started server process [70]
[2026-04-06 14:30:35 +0000] [70] [INFO] Waiting for application startup.
[2026-04-06 14:30:35 +0000] [70] [INFO] Application startup complete.
[2026-04-06 14:30:36 +0000] [74] [INFO] Booting worker with pid: 74
[2026-04-06 14:30:36 +0000] [72] [INFO] Started server process [72]
[2026-04-06 14:30:36 +0000] [72] [INFO] Waiting for application startup.
[2026-04-06 14:30:36 +0000] [72] [INFO] Application startup complete.
[2026-04-06 14:30:36 +0000] [76] [INFO] Booting worker with pid: 76
[2026-04-06 14:30:36 +0000] [74] [INFO] Started server process [74]
[2026-04-06 14:30:36 +0000] [74] [INFO] Waiting for application startup.
[2026-04-06 14:30:36 +0000] [74] [INFO] Application startup complete.
[2026-04-06 14:30:36 +0000] [78] [INFO] Booting worker with pid: 78
[2026-04-06 14:30:36 +0000] [76] [INFO] Started server process [76]
[2026-04-06 14:30:36 +0000] [76] [INFO] Waiting for application startup.
[2026-04-06 14:30:36 +0000] [76] [INFO] Application startup complete.
[2026-04-06 14:30:36 +0000] [78] [INFO] Started server process [78]
[2026-04-06 14:30:36 +0000] [78] [INFO] Waiting for application startup.
[2026-04-06 14:30:36 +0000] [78] [INFO] Application startup complete.
[2026-04-06 14:30:36 +0000] [81] [INFO] Booting worker with pid: 81
[2026-04-06 14:30:36 +0000] [81] [INFO] Started server process [81]
[2026-04-06 14:30:36 +0000] [81] [INFO] Waiting for application startup.
[2026-04-06 14:30:36 +0000] [81] [INFO] Application startup complete.
[2026-04-06 14:30:36 +0000] [83] [INFO] Booting worker with pid: 83
[2026-04-06 14:30:36 +0000] [84] [INFO] Booting worker with pid: 84
[2026-04-06 14:30:36 +0000] [86] [INFO] Booting worker with pid: 86
[2026-04-06 14:30:36 +0000] [83] [INFO] Started server process [83]
[2026-04-06 14:30:36 +0000] [83] [INFO] Waiting for application startup.
[2026-04-06 14:30:36 +0000] [83] [INFO] Application startup complete.
[2026-04-06 14:30:36 +0000] [84] [INFO] Started server process [84]
[2026-04-06 14:30:36 +0000] [84] [INFO] Waiting for application startup.
[2026-04-06 14:30:36 +0000] [84] [INFO] Application startup complete.
[2026-04-06 14:30:36 +0000] [86] [INFO] Started server process [86]
[2026-04-06 14:30:36 +0000] [86] [INFO] Waiting for application startup.
[2026-04-06 14:30:36 +0000] [86] [INFO] Application startup complete.
[2026-04-06 14:30:36 +0000] [89] [INFO] Booting worker with pid: 89
[2026-04-06 14:30:36 +0000] [90] [INFO] Booting worker with pid: 90
[2026-04-06 14:30:36 +0000] [91] [INFO] Booting worker with pid: 91
[2026-04-06 14:30:36 +0000] [89] [INFO] Started server process [89]
[2026-04-06 14:30:36 +0000] [89] [INFO] Waiting for application startup.
[2026-04-06 14:30:36 +0000] [89] [INFO] Application startup complete.
[2026-04-06 14:30:36 +0000] [90] [INFO] Started server process [90]
[2026-04-06 14:30:36 +0000] [90] [INFO] Waiting for application startup.
[2026-04-06 14:30:36 +0000] [90] [INFO] Application startup complete.
[2026-04-06 14:30:36 +0000] [91] [INFO] Started server process [91]
[2026-04-06 14:30:36 +0000] [91] [INFO] Waiting for application startup.
[2026-04-06 14:30:36 +0000] [91] [INFO] Application startup complete.
[2026-04-06 14:30:36 +0000] [95] [INFO] Booting worker with pid: 95
[2026-04-06 14:30:36 +0000] [96] [INFO] Booting worker with pid: 96
[2026-04-06 14:30:36 +0000] [98] [INFO] Booting worker with pid: 98
[2026-04-06 14:30:36 +0000] [95] [INFO] Started server process [95]
[2026-04-06 14:30:36 +0000] [95] [INFO] Waiting for application startup.
[2026-04-06 14:30:36 +0000] [95] [INFO] Application startup complete.
[2026-04-06 14:30:36 +0000] [99] [INFO] Booting worker with pid: 99
[2026-04-06 14:30:36 +0000] [96] [INFO] Started server process [96]
[2026-04-06 14:30:36 +0000] [96] [INFO] Waiting for application startup.
[2026-04-06 14:30:36 +0000] [96] [INFO] Application startup complete.
[2026-04-06 14:30:36 +0000] [98] [INFO] Started server process [98]
[2026-04-06 14:30:36 +0000] [98] [INFO] Waiting for application startup.
[2026-04-06 14:30:36 +0000] [98] [INFO] Application startup complete.
[2026-04-06 14:30:36 +0000] [99] [INFO] Started server process [99]
[2026-04-06 14:30:36 +0000] [99] [INFO] Waiting for application startup.
[2026-04-06 14:30:36 +0000] [99] [INFO] Application startup complete.
[2026-04-06 14:30:36 +0000] [103] [INFO] Booting worker with pid: 103
[2026-04-06 14:30:36 +0000] [104] [INFO] Booting worker with pid: 104
[2026-04-06 14:30:36 +0000] [103] [INFO] Started server process [103]
[2026-04-06 14:30:36 +0000] [103] [INFO] Waiting for application startup.
[2026-04-06 14:30:36 +0000] [103] [INFO] Application startup complete.
[2026-04-06 14:30:36 +0000] [107] [INFO] Booting worker with pid: 107
[2026-04-06 14:30:36 +0000] [104] [INFO] Started server process [104]
[2026-04-06 14:30:36 +0000] [104] [INFO] Waiting for application startup.
[2026-04-06 14:30:36 +0000] [104] [INFO] Application startup complete.
[2026-04-06 14:30:36 +0000] [108] [INFO] Booting worker with pid: 108
[2026-04-06 14:30:36 +0000] [107] [INFO] Started server process [107]
[2026-04-06 14:30:36 +0000] [107] [INFO] Waiting for application startup.
[2026-04-06 14:30:36 +0000] [107] [INFO] Application startup complete.
[2026-04-06 14:30:37 +0000] [110] [INFO] Booting worker with pid: 110
[2026-04-06 14:30:37 +0000] [108] [INFO] Started server process [108]
[2026-04-06 14:30:37 +0000] [108] [INFO] Waiting for application startup.
[2026-04-06 14:30:37 +0000] [108] [INFO] Application startup complete.
[2026-04-06 14:30:37 +0000] [112] [INFO] Booting worker with pid: 112
[2026-04-06 14:30:37 +0000] [110] [INFO] Started server process [110]
[2026-04-06 14:30:37 +0000] [110] [INFO] Waiting for application startup.
[2026-04-06 14:30:37 +0000] [110] [INFO] Application startup complete.
[2026-04-06 14:30:37 +0000] [114] [INFO] Booting worker with pid: 114
[2026-04-06 14:30:37 +0000] [116] [INFO] Booting worker with pid: 116
[2026-04-06 14:30:37 +0000] [112] [INFO] Started server process [112]
[2026-04-06 14:30:37 +0000] [112] [INFO] Waiting for application startup.
[2026-04-06 14:30:37 +0000] [112] [INFO] Application startup complete.
[2026-04-06 14:30:37 +0000] [118] [INFO] Booting worker with pid: 118
[2026-04-06 14:30:37 +0000] [114] [INFO] Started server process [114]
[2026-04-06 14:30:37 +0000] [114] [INFO] Waiting for application startup.
[2026-04-06 14:30:37 +0000] [114] [INFO] Application startup complete.
[2026-04-06 14:30:37 +0000] [116] [INFO] Started server process [116]
[2026-04-06 14:30:37 +0000] [116] [INFO] Waiting for application startup.
[2026-04-06 14:30:37 +0000] [116] [INFO] Application startup complete.
[2026-04-06 14:30:37 +0000] [243] [INFO] Booting worker with pid: 243
[2026-04-06 14:30:37 +0000] [252] [INFO] Booting worker with pid: 252
[2026-04-06 14:30:37 +0000] [118] [INFO] Started server process [118]
[2026-04-06 14:30:37 +0000] [118] [INFO] Waiting for application startup.
[2026-04-06 14:30:37 +0000] [118] [INFO] Application startup complete.
[2026-04-06 14:30:37 +0000] [276] [INFO] Booting worker with pid: 276
[2026-04-06 14:30:37 +0000] [243] [INFO] Started server process [243]
[2026-04-06 14:30:37 +0000] [243] [INFO] Waiting for application startup.
[2026-04-06 14:30:37 +0000] [243] [INFO] Application startup complete.
[2026-04-06 14:30:37 +0000] [252] [INFO] Started server process [252]
[2026-04-06 14:30:37 +0000] [252] [INFO] Waiting for application startup.
[2026-04-06 14:30:37 +0000] [252] [INFO] Application startup complete.
[2026-04-06 14:30:37 +0000] [288] [INFO] Booting worker with pid: 288
[2026-04-06 14:30:37 +0000] [276] [INFO] Started server process [276]
[2026-04-06 14:30:37 +0000] [276] [INFO] Waiting for application startup.
[2026-04-06 14:30:37 +0000] [276] [INFO] Application startup complete.
[2026-04-06 14:30:37 +0000] [306] [INFO] Booting worker with pid: 306
[2026-04-06 14:30:37 +0000] [288] [INFO] Started server process [288]
[2026-04-06 14:30:37 +0000] [288] [INFO] Waiting for application startup.
[2026-04-06 14:30:37 +0000] [288] [INFO] Application startup complete.
[2026-04-06 14:30:37 +0000] [317] [INFO] Booting worker with pid: 317
[2026-04-06 14:30:37 +0000] [306] [INFO] Started server process [306]
[2026-04-06 14:30:37 +0000] [306] [INFO] Waiting for application startup.
[2026-04-06 14:30:37 +0000] [306] [INFO] Application startup complete.
[2026-04-06 14:30:37 +0000] [322] [INFO] Booting worker with pid: 322
[2026-04-06 14:30:37 +0000] [317] [INFO] Started server process [317]
[2026-04-06 14:30:37 +0000] [317] [INFO] Waiting for application startup.
[2026-04-06 14:30:37 +0000] [317] [INFO] Application startup complete.
[2026-04-06 14:30:37 +0000] [322] [INFO] Started server process [322]
[2026-04-06 14:30:37 +0000] [322] [INFO] Waiting for application startup.
[2026-04-06 14:30:37 +0000] [322] [INFO] Application startup complete.
