[2026-04-06 01:57:46 +0000] [1] [INFO] Starting gunicorn 23.0.0
[2026-04-06 01:57:46 +0000] [1] [INFO] Listening at: http://0.0.0.0:8080 (1)
[2026-04-06 01:57:46 +0000] [1] [INFO] Using worker: uvicorn.workers.UvicornWorker
[2026-04-06 01:57:46 +0000] [7] [INFO] Booting worker with pid: 7
[2026-04-06 01:57:46 +0000] [8] [INFO] Booting worker with pid: 8
[2026-04-06 01:57:46 +0000] [9] [INFO] Booting worker with pid: 9
[2026-04-06 01:57:46 +0000] [10] [INFO] Booting worker with pid: 10
[2026-04-06 01:57:47 +0000] [11] [INFO] Booting worker with pid: 11
[2026-04-06 01:57:47 +0000] [12] [INFO] Booting worker with pid: 12
[2026-04-06 01:57:47 +0000] [7] [INFO] Started server process [7]
[2026-04-06 01:57:47 +0000] [7] [INFO] Waiting for application startup.
[2026-04-06 01:57:47 +0000] [7] [INFO] Application startup complete.
[2026-04-06 01:57:47 +0000] [8] [INFO] Started server process [8]
[2026-04-06 01:57:47 +0000] [8] [INFO] Waiting for application startup.
[2026-04-06 01:57:47 +0000] [8] [INFO] Application startup complete.
[2026-04-06 01:57:47 +0000] [15] [INFO] Booting worker with pid: 15
[2026-04-06 01:57:47 +0000] [9] [INFO] Started server process [9]
[2026-04-06 01:57:47 +0000] [9] [INFO] Waiting for application startup.
[2026-04-06 01:57:47 +0000] [9] [INFO] Application startup complete.
[2026-04-06 01:57:47 +0000] [10] [INFO] Started server process [10]
[2026-04-06 01:57:47 +0000] [10] [INFO] Waiting for application startup.
[2026-04-06 01:57:47 +0000] [10] [INFO] Application startup complete.
[2026-04-06 01:57:47 +0000] [18] [INFO] Booting worker with pid: 18
[2026-04-06 01:57:47 +0000] [11] [INFO] Started server process [11]
[2026-04-06 01:57:47 +0000] [11] [INFO] Waiting for application startup.
[2026-04-06 01:57:47 +0000] [11] [INFO] Application startup complete.
[2026-04-06 01:57:47 +0000] [20] [INFO] Booting worker with pid: 20
[2026-04-06 01:57:47 +0000] [12] [INFO] Started server process [12]
[2026-04-06 01:57:47 +0000] [12] [INFO] Waiting for application startup.
[2026-04-06 01:57:47 +0000] [12] [INFO] Application startup complete.
[2026-04-06 01:57:47 +0000] [22] [INFO] Booting worker with pid: 22
[2026-04-06 01:57:47 +0000] [23] [INFO] Booting worker with pid: 23
[2026-04-06 01:57:47 +0000] [15] [INFO] Started server process [15]
[2026-04-06 01:57:47 +0000] [15] [INFO] Waiting for application startup.
[2026-04-06 01:57:47 +0000] [15] [INFO] Application startup complete.
[2026-04-06 01:57:47 +0000] [25] [INFO] Booting worker with pid: 25
[2026-04-06 01:57:47 +0000] [18] [INFO] Started server process [18]
[2026-04-06 01:57:47 +0000] [18] [INFO] Waiting for application startup.
[2026-04-06 01:57:47 +0000] [18] [INFO] Application startup complete.
[2026-04-06 01:57:47 +0000] [27] [INFO] Booting worker with pid: 27
[2026-04-06 01:57:47 +0000] [28] [INFO] Booting worker with pid: 28
[2026-04-06 01:57:47 +0000] [20] [INFO] Started server process [20]
[2026-04-06 01:57:47 +0000] [20] [INFO] Waiting for application startup.
[2026-04-06 01:57:47 +0000] [20] [INFO] Application startup complete.
[2026-04-06 01:57:47 +0000] [31] [INFO] Booting worker with pid: 31
[2026-04-06 01:57:47 +0000] [32] [INFO] Booting worker with pid: 32
[2026-04-06 01:57:47 +0000] [22] [INFO] Started server process [22]
[2026-04-06 01:57:47 +0000] [22] [INFO] Waiting for application startup.
[2026-04-06 01:57:47 +0000] [22] [INFO] Application startup complete.
[2026-04-06 01:57:47 +0000] [34] [INFO] Booting worker with pid: 34
[2026-04-06 01:57:47 +0000] [23] [INFO] Started server process [23]
[2026-04-06 01:57:47 +0000] [23] [INFO] Waiting for application startup.
[2026-04-06 01:57:47 +0000] [23] [INFO] Application startup complete.
[2026-04-06 01:57:47 +0000] [35] [INFO] Booting worker with pid: 35
[2026-04-06 01:57:47 +0000] [25] [INFO] Started server process [25]
[2026-04-06 01:57:47 +0000] [25] [INFO] Waiting for application startup.
[2026-04-06 01:57:47 +0000] [25] [INFO] Application startup complete.
[2026-04-06 01:57:47 +0000] [37] [INFO] Booting worker with pid: 37
[2026-04-06 01:57:47 +0000] [28] [INFO] Started server process [28]
[2026-04-06 01:57:47 +0000] [28] [INFO] Waiting for application startup.
[2026-04-06 01:57:47 +0000] [28] [INFO] Application startup complete.
[2026-04-06 01:57:47 +0000] [27] [INFO] Started server process [27]
[2026-04-06 01:57:47 +0000] [27] [INFO] Waiting for application startup.
[2026-04-06 01:57:47 +0000] [27] [INFO] Application startup complete.
[2026-04-06 01:57:47 +0000] [40] [INFO] Booting worker with pid: 40
[2026-04-06 01:57:47 +0000] [31] [INFO] Started server process [31]
[2026-04-06 01:57:47 +0000] [31] [INFO] Waiting for application startup.
[2026-04-06 01:57:47 +0000] [31] [INFO] Application startup complete.
[2026-04-06 01:57:47 +0000] [43] [INFO] Booting worker with pid: 43
[2026-04-06 01:57:47 +0000] [34] [INFO] Started server process [34]
[2026-04-06 01:57:47 +0000] [34] [INFO] Waiting for application startup.
[2026-04-06 01:57:47 +0000] [34] [INFO] Application startup complete.
[2026-04-06 01:57:48 +0000] [32] [INFO] Started server process [32]
[2026-04-06 01:57:48 +0000] [32] [INFO] Waiting for application startup.
[2026-04-06 01:57:48 +0000] [32] [INFO] Application startup complete.
[2026-04-06 01:57:48 +0000] [45] [INFO] Booting worker with pid: 45
[2026-04-06 01:57:48 +0000] [35] [INFO] Started server process [35]
[2026-04-06 01:57:48 +0000] [35] [INFO] Waiting for application startup.
[2026-04-06 01:57:48 +0000] [35] [INFO] Application startup complete.
[2026-04-06 01:57:48 +0000] [37] [INFO] Started server process [37]
[2026-04-06 01:57:48 +0000] [37] [INFO] Waiting for application startup.
[2026-04-06 01:57:48 +0000] [37] [INFO] Application startup complete.
[2026-04-06 01:57:48 +0000] [48] [INFO] Booting worker with pid: 48
[2026-04-06 01:57:48 +0000] [40] [INFO] Started server process [40]
[2026-04-06 01:57:48 +0000] [40] [INFO] Waiting for application startup.
[2026-04-06 01:57:48 +0000] [40] [INFO] Application startup complete.
[2026-04-06 01:57:48 +0000] [50] [INFO] Booting worker with pid: 50
[2026-04-06 01:57:48 +0000] [51] [INFO] Booting worker with pid: 51
[2026-04-06 01:57:48 +0000] [43] [INFO] Started server process [43]
[2026-04-06 01:57:48 +0000] [43] [INFO] Waiting for application startup.
[2026-04-06 01:57:48 +0000] [43] [INFO] Application startup complete.
[2026-04-06 01:57:48 +0000] [53] [INFO] Booting worker with pid: 53
[2026-04-06 01:57:48 +0000] [54] [INFO] Booting worker with pid: 54
[2026-04-06 01:57:48 +0000] [45] [INFO] Started server process [45]
[2026-04-06 01:57:48 +0000] [45] [INFO] Waiting for application startup.
[2026-04-06 01:57:48 +0000] [45] [INFO] Application startup complete.
[2026-04-06 01:57:48 +0000] [56] [INFO] Booting worker with pid: 56
[2026-04-06 01:57:48 +0000] [57] [INFO] Booting worker with pid: 57
[2026-04-06 01:57:48 +0000] [48] [INFO] Started server process [48]
[2026-04-06 01:57:48 +0000] [48] [INFO] Waiting for application startup.
[2026-04-06 01:57:48 +0000] [48] [INFO] Application startup complete.
[2026-04-06 01:57:48 +0000] [59] [INFO] Booting worker with pid: 59
[2026-04-06 01:57:48 +0000] [60] [INFO] Booting worker with pid: 60
[2026-04-06 01:57:48 +0000] [50] [INFO] Started server process [50]
[2026-04-06 01:57:48 +0000] [50] [INFO] Waiting for application startup.
[2026-04-06 01:57:48 +0000] [50] [INFO] Application startup complete.
[2026-04-06 01:57:48 +0000] [51] [INFO] Started server process [51]
[2026-04-06 01:57:48 +0000] [51] [INFO] Waiting for application startup.
[2026-04-06 01:57:48 +0000] [51] [INFO] Application startup complete.
[2026-04-06 01:57:48 +0000] [53] [INFO] Started server process [53]
[2026-04-06 01:57:48 +0000] [53] [INFO] Waiting for application startup.
[2026-04-06 01:57:48 +0000] [53] [INFO] Application startup complete.
[2026-04-06 01:57:48 +0000] [64] [INFO] Booting worker with pid: 64
[2026-04-06 01:57:48 +0000] [65] [INFO] Booting worker with pid: 65
[2026-04-06 01:57:48 +0000] [54] [INFO] Started server process [54]
[2026-04-06 01:57:48 +0000] [54] [INFO] Waiting for application startup.
[2026-04-06 01:57:48 +0000] [54] [INFO] Application startup complete.
[2026-04-06 01:57:48 +0000] [56] [INFO] Started server process [56]
[2026-04-06 01:57:48 +0000] [56] [INFO] Waiting for application startup.
[2026-04-06 01:57:48 +0000] [56] [INFO] Application startup complete.
[2026-04-06 01:57:48 +0000] [68] [INFO] Booting worker with pid: 68
[2026-04-06 01:57:48 +0000] [57] [INFO] Started server process [57]
[2026-04-06 01:57:48 +0000] [57] [INFO] Waiting for application startup.
[2026-04-06 01:57:48 +0000] [57] [INFO] Application startup complete.
[2026-04-06 01:57:48 +0000] [70] [INFO] Booting worker with pid: 70
[2026-04-06 01:57:48 +0000] [59] [INFO] Started server process [59]
[2026-04-06 01:57:48 +0000] [59] [INFO] Waiting for application startup.
[2026-04-06 01:57:48 +0000] [59] [INFO] Application startup complete.
[2026-04-06 01:57:48 +0000] [60] [INFO] Started server process [60]
[2026-04-06 01:57:48 +0000] [60] [INFO] Waiting for application startup.
[2026-04-06 01:57:48 +0000] [60] [INFO] Application startup complete.
[2026-04-06 01:57:48 +0000] [73] [INFO] Booting worker with pid: 73
[2026-04-06 01:57:48 +0000] [74] [INFO] Booting worker with pid: 74
[2026-04-06 01:57:48 +0000] [65] [INFO] Started server process [65]
[2026-04-06 01:57:48 +0000] [65] [INFO] Waiting for application startup.
[2026-04-06 01:57:48 +0000] [65] [INFO] Application startup complete.
[2026-04-06 01:57:48 +0000] [64] [INFO] Started server process [64]
[2026-04-06 01:57:48 +0000] [64] [INFO] Waiting for application startup.
[2026-04-06 01:57:48 +0000] [64] [INFO] Application startup complete.
[2026-04-06 01:57:48 +0000] [77] [INFO] Booting worker with pid: 77
[2026-04-06 01:57:48 +0000] [68] [INFO] Started server process [68]
[2026-04-06 01:57:48 +0000] [68] [INFO] Waiting for application startup.
[2026-04-06 01:57:48 +0000] [68] [INFO] Application startup complete.
[2026-04-06 01:57:48 +0000] [79] [INFO] Booting worker with pid: 79
[2026-04-06 01:57:49 +0000] [70] [INFO] Started server process [70]
[2026-04-06 01:57:49 +0000] [70] [INFO] Waiting for application startup.
[2026-04-06 01:57:49 +0000] [70] [INFO] Application startup complete.
[2026-04-06 01:57:49 +0000] [81] [INFO] Booting worker with pid: 81
[2026-04-06 01:57:49 +0000] [83] [INFO] Booting worker with pid: 83
[2026-04-06 01:57:49 +0000] [84] [INFO] Booting worker with pid: 84
[2026-04-06 01:57:49 +0000] [73] [INFO] Started server process [73]
[2026-04-06 01:57:49 +0000] [73] [INFO] Waiting for application startup.
[2026-04-06 01:57:49 +0000] [73] [INFO] Application startup complete.
[2026-04-06 01:57:49 +0000] [85] [INFO] Booting worker with pid: 85
[2026-04-06 01:57:49 +0000] [86] [INFO] Booting worker with pid: 86
[2026-04-06 01:57:49 +0000] [74] [INFO] Started server process [74]
[2026-04-06 01:57:49 +0000] [74] [INFO] Waiting for application startup.
[2026-04-06 01:57:49 +0000] [74] [INFO] Application startup complete.
[2026-04-06 01:57:49 +0000] [88] [INFO] Booting worker with pid: 88
[2026-04-06 01:57:49 +0000] [79] [INFO] Started server process [79]
[2026-04-06 01:57:49 +0000] [79] [INFO] Waiting for application startup.
[2026-04-06 01:57:49 +0000] [79] [INFO] Application startup complete.
[2026-04-06 01:57:49 +0000] [91] [INFO] Booting worker with pid: 91
[2026-04-06 01:57:49 +0000] [77] [INFO] Started server process [77]
[2026-04-06 01:57:49 +0000] [77] [INFO] Waiting for application startup.
[2026-04-06 01:57:49 +0000] [77] [INFO] Application startup complete.
[2026-04-06 01:57:49 +0000] [92] [INFO] Booting worker with pid: 92
[2026-04-06 01:57:49 +0000] [93] [INFO] Booting worker with pid: 93
[2026-04-06 01:57:49 +0000] [84] [INFO] Started server process [84]
[2026-04-06 01:57:49 +0000] [84] [INFO] Waiting for application startup.
[2026-04-06 01:57:49 +0000] [84] [INFO] Application startup complete.
[2026-04-06 01:57:49 +0000] [96] [INFO] Booting worker with pid: 96
[2026-04-06 01:57:49 +0000] [81] [INFO] Started server process [81]
[2026-04-06 01:57:49 +0000] [81] [INFO] Waiting for application startup.
[2026-04-06 01:57:49 +0000] [81] [INFO] Application startup complete.
[2026-04-06 01:57:49 +0000] [83] [INFO] Started server process [83]
[2026-04-06 01:57:49 +0000] [83] [INFO] Waiting for application startup.
[2026-04-06 01:57:49 +0000] [83] [INFO] Application startup complete.
[2026-04-06 01:57:49 +0000] [99] [INFO] Booting worker with pid: 99
[2026-04-06 01:57:49 +0000] [85] [INFO] Started server process [85]
[2026-04-06 01:57:49 +0000] [85] [INFO] Waiting for application startup.
[2026-04-06 01:57:49 +0000] [85] [INFO] Application startup complete.
[2026-04-06 01:57:49 +0000] [86] [INFO] Started server process [86]
[2026-04-06 01:57:49 +0000] [86] [INFO] Waiting for application startup.
[2026-04-06 01:57:49 +0000] [86] [INFO] Application startup complete.
[2026-04-06 01:57:49 +0000] [101] [INFO] Booting worker with pid: 101
[2026-04-06 01:57:49 +0000] [102] [INFO] Booting worker with pid: 102
[2026-04-06 01:57:49 +0000] [103] [INFO] Booting worker with pid: 103
[2026-04-06 01:57:49 +0000] [88] [INFO] Started server process [88]
[2026-04-06 01:57:49 +0000] [88] [INFO] Waiting for application startup.
[2026-04-06 01:57:49 +0000] [88] [INFO] Application startup complete.
[2026-04-06 01:57:49 +0000] [93] [INFO] Started server process [93]
[2026-04-06 01:57:49 +0000] [93] [INFO] Waiting for application startup.
[2026-04-06 01:57:49 +0000] [93] [INFO] Application startup complete.
[2026-04-06 01:57:49 +0000] [106] [INFO] Booting worker with pid: 106
[2026-04-06 01:57:49 +0000] [91] [INFO] Started server process [91]
[2026-04-06 01:57:49 +0000] [91] [INFO] Waiting for application startup.
[2026-04-06 01:57:49 +0000] [91] [INFO] Application startup complete.
[2026-04-06 01:57:49 +0000] [92] [INFO] Started server process [92]
[2026-04-06 01:57:49 +0000] [92] [INFO] Waiting for application startup.
[2026-04-06 01:57:49 +0000] [92] [INFO] Application startup complete.
[2026-04-06 01:57:49 +0000] [109] [INFO] Booting worker with pid: 109
[2026-04-06 01:57:49 +0000] [110] [INFO] Booting worker with pid: 110
[2026-04-06 01:57:49 +0000] [96] [INFO] Started server process [96]
[2026-04-06 01:57:49 +0000] [96] [INFO] Waiting for application startup.
[2026-04-06 01:57:49 +0000] [96] [INFO] Application startup complete.
[2026-04-06 01:57:49 +0000] [112] [INFO] Booting worker with pid: 112
[2026-04-06 01:57:49 +0000] [113] [INFO] Booting worker with pid: 113
[2026-04-06 01:57:50 +0000] [115] [INFO] Booting worker with pid: 115
[2026-04-06 01:57:50 +0000] [99] [INFO] Started server process [99]
[2026-04-06 01:57:50 +0000] [99] [INFO] Waiting for application startup.
[2026-04-06 01:57:50 +0000] [99] [INFO] Application startup complete.
[2026-04-06 01:57:50 +0000] [101] [INFO] Started server process [101]
[2026-04-06 01:57:50 +0000] [101] [INFO] Waiting for application startup.
[2026-04-06 01:57:50 +0000] [101] [INFO] Application startup complete.
[2026-04-06 01:57:50 +0000] [102] [INFO] Started server process [102]
[2026-04-06 01:57:50 +0000] [102] [INFO] Waiting for application startup.
[2026-04-06 01:57:50 +0000] [102] [INFO] Application startup complete.
[2026-04-06 01:57:50 +0000] [120] [INFO] Booting worker with pid: 120
[2026-04-06 01:57:50 +0000] [106] [INFO] Started server process [106]
[2026-04-06 01:57:50 +0000] [106] [INFO] Waiting for application startup.
[2026-04-06 01:57:50 +0000] [106] [INFO] Application startup complete.
[2026-04-06 01:57:50 +0000] [103] [INFO] Started server process [103]
[2026-04-06 01:57:50 +0000] [103] [INFO] Waiting for application startup.
[2026-04-06 01:57:50 +0000] [103] [INFO] Application startup complete.
[2026-04-06 01:57:50 +0000] [121] [INFO] Booting worker with pid: 121
[2026-04-06 01:57:50 +0000] [122] [INFO] Booting worker with pid: 122
[2026-04-06 01:57:50 +0000] [112] [INFO] Started server process [112]
[2026-04-06 01:57:50 +0000] [112] [INFO] Waiting for application startup.
[2026-04-06 01:57:50 +0000] [112] [INFO] Application startup complete.
[2026-04-06 01:57:50 +0000] [126] [INFO] Booting worker with pid: 126
[2026-04-06 01:57:50 +0000] [109] [INFO] Started server process [109]
[2026-04-06 01:57:50 +0000] [109] [INFO] Waiting for application startup.
[2026-04-06 01:57:50 +0000] [109] [INFO] Application startup complete.
[2026-04-06 01:57:50 +0000] [110] [INFO] Started server process [110]
[2026-04-06 01:57:50 +0000] [110] [INFO] Waiting for application startup.
[2026-04-06 01:57:50 +0000] [110] [INFO] Application startup complete.
[2026-04-06 01:57:50 +0000] [127] [INFO] Booting worker with pid: 127
[2026-04-06 01:57:50 +0000] [113] [INFO] Started server process [113]
[2026-04-06 01:57:50 +0000] [113] [INFO] Waiting for application startup.
[2026-04-06 01:57:50 +0000] [113] [INFO] Application startup complete.
[2026-04-06 01:57:50 +0000] [115] [INFO] Started server process [115]
[2026-04-06 01:57:50 +0000] [115] [INFO] Waiting for application startup.
[2026-04-06 01:57:50 +0000] [115] [INFO] Application startup complete.
[2026-04-06 01:57:50 +0000] [121] [INFO] Started server process [121]
[2026-04-06 01:57:50 +0000] [121] [INFO] Waiting for application startup.
[2026-04-06 01:57:50 +0000] [121] [INFO] Application startup complete.
[2026-04-06 01:57:50 +0000] [120] [INFO] Started server process [120]
[2026-04-06 01:57:50 +0000] [120] [INFO] Waiting for application startup.
[2026-04-06 01:57:50 +0000] [120] [INFO] Application startup complete.
[2026-04-06 01:57:50 +0000] [126] [INFO] Started server process [126]
[2026-04-06 01:57:50 +0000] [126] [INFO] Waiting for application startup.
[2026-04-06 01:57:50 +0000] [126] [INFO] Application startup complete.
[2026-04-06 01:57:50 +0000] [122] [INFO] Started server process [122]
[2026-04-06 01:57:50 +0000] [122] [INFO] Waiting for application startup.
[2026-04-06 01:57:50 +0000] [122] [INFO] Application startup complete.
[2026-04-06 01:57:51 +0000] [127] [INFO] Started server process [127]
[2026-04-06 01:57:51 +0000] [127] [INFO] Waiting for application startup.
[2026-04-06 01:57:51 +0000] [127] [INFO] Application startup complete.
