[2026-04-06 02:07:31 +0000] [1] [INFO] Starting gunicorn 23.0.0
[2026-04-06 02:07:31 +0000] [1] [INFO] Listening at: http://0.0.0.0:8080 (1)
[2026-04-06 02:07:31 +0000] [1] [INFO] Using worker: uvicorn.workers.UvicornWorker
[2026-04-06 02:07:31 +0000] [7] [INFO] Booting worker with pid: 7
[2026-04-06 02:07:31 +0000] [8] [INFO] Booting worker with pid: 8
[2026-04-06 02:07:31 +0000] [9] [INFO] Booting worker with pid: 9
[2026-04-06 02:07:31 +0000] [10] [INFO] Booting worker with pid: 10
[2026-04-06 02:07:31 +0000] [12] [INFO] Booting worker with pid: 12
[2026-04-06 02:07:31 +0000] [7] [INFO] Started server process [7]
[2026-04-06 02:07:31 +0000] [7] [INFO] Waiting for application startup.
[2026-04-06 02:07:31 +0000] [7] [INFO] Application startup complete.
[2026-04-06 02:07:31 +0000] [14] [INFO] Booting worker with pid: 14
[2026-04-06 02:07:31 +0000] [8] [INFO] Started server process [8]
[2026-04-06 02:07:31 +0000] [8] [INFO] Waiting for application startup.
[2026-04-06 02:07:31 +0000] [8] [INFO] Application startup complete.
[2026-04-06 02:07:31 +0000] [16] [INFO] Booting worker with pid: 16
[2026-04-06 02:07:31 +0000] [9] [INFO] Started server process [9]
[2026-04-06 02:07:31 +0000] [9] [INFO] Waiting for application startup.
[2026-04-06 02:07:31 +0000] [9] [INFO] Application startup complete.
[2026-04-06 02:07:31 +0000] [17] [INFO] Booting worker with pid: 17
[2026-04-06 02:07:31 +0000] [19] [INFO] Booting worker with pid: 19
[2026-04-06 02:07:31 +0000] [10] [INFO] Started server process [10]
[2026-04-06 02:07:31 +0000] [10] [INFO] Waiting for application startup.
[2026-04-06 02:07:31 +0000] [10] [INFO] Application startup complete.
[2026-04-06 02:07:31 +0000] [20] [INFO] Booting worker with pid: 20
[2026-04-06 02:07:31 +0000] [12] [INFO] Started server process [12]
[2026-04-06 02:07:31 +0000] [12] [INFO] Waiting for application startup.
[2026-04-06 02:07:31 +0000] [12] [INFO] Application startup complete.
[2026-04-06 02:07:31 +0000] [22] [INFO] Booting worker with pid: 22
[2026-04-06 02:07:31 +0000] [14] [INFO] Started server process [14]
[2026-04-06 02:07:31 +0000] [14] [INFO] Waiting for application startup.
[2026-04-06 02:07:31 +0000] [14] [INFO] Application startup complete.
[2026-04-06 02:07:31 +0000] [16] [INFO] Started server process [16]
[2026-04-06 02:07:31 +0000] [16] [INFO] Waiting for application startup.
[2026-04-06 02:07:31 +0000] [16] [INFO] Application startup complete.
[2026-04-06 02:07:31 +0000] [25] [INFO] Booting worker with pid: 25
[2026-04-06 02:07:31 +0000] [26] [INFO] Booting worker with pid: 26
[2026-04-06 02:07:31 +0000] [17] [INFO] Started server process [17]
[2026-04-06 02:07:31 +0000] [17] [INFO] Waiting for application startup.
[2026-04-06 02:07:31 +0000] [17] [INFO] Application startup complete.
[2026-04-06 02:07:31 +0000] [19] [INFO] Started server process [19]
[2026-04-06 02:07:31 +0000] [19] [INFO] Waiting for application startup.
[2026-04-06 02:07:31 +0000] [19] [INFO] Application startup complete.
[2026-04-06 02:07:32 +0000] [30] [INFO] Booting worker with pid: 30
[2026-04-06 02:07:32 +0000] [20] [INFO] Started server process [20]
[2026-04-06 02:07:32 +0000] [20] [INFO] Waiting for application startup.
[2026-04-06 02:07:32 +0000] [20] [INFO] Application startup complete.
[2026-04-06 02:07:32 +0000] [31] [INFO] Booting worker with pid: 31
[2026-04-06 02:07:32 +0000] [32] [INFO] Booting worker with pid: 32
[2026-04-06 02:07:32 +0000] [33] [INFO] Booting worker with pid: 33
[2026-04-06 02:07:32 +0000] [22] [INFO] Started server process [22]
[2026-04-06 02:07:32 +0000] [22] [INFO] Waiting for application startup.
[2026-04-06 02:07:32 +0000] [22] [INFO] Application startup complete.
[2026-04-06 02:07:32 +0000] [25] [INFO] Started server process [25]
[2026-04-06 02:07:32 +0000] [25] [INFO] Waiting for application startup.
[2026-04-06 02:07:32 +0000] [25] [INFO] Application startup complete.
[2026-04-06 02:07:32 +0000] [36] [INFO] Booting worker with pid: 36
[2026-04-06 02:07:32 +0000] [26] [INFO] Started server process [26]
[2026-04-06 02:07:32 +0000] [26] [INFO] Waiting for application startup.
[2026-04-06 02:07:32 +0000] [26] [INFO] Application startup complete.
[2026-04-06 02:07:32 +0000] [39] [INFO] Booting worker with pid: 39
[2026-04-06 02:07:32 +0000] [30] [INFO] Started server process [30]
[2026-04-06 02:07:32 +0000] [30] [INFO] Waiting for application startup.
[2026-04-06 02:07:32 +0000] [30] [INFO] Application startup complete.
[2026-04-06 02:07:32 +0000] [31] [INFO] Started server process [31]
[2026-04-06 02:07:32 +0000] [31] [INFO] Waiting for application startup.
[2026-04-06 02:07:32 +0000] [31] [INFO] Application startup complete.
[2026-04-06 02:07:32 +0000] [32] [INFO] Started server process [32]
[2026-04-06 02:07:32 +0000] [32] [INFO] Waiting for application startup.
[2026-04-06 02:07:32 +0000] [32] [INFO] Application startup complete.
[2026-04-06 02:07:32 +0000] [33] [INFO] Started server process [33]
[2026-04-06 02:07:32 +0000] [33] [INFO] Waiting for application startup.
[2026-04-06 02:07:32 +0000] [33] [INFO] Application startup complete.
[2026-04-06 02:07:32 +0000] [43] [INFO] Booting worker with pid: 43
[2026-04-06 02:07:32 +0000] [44] [INFO] Booting worker with pid: 44
[2026-04-06 02:07:32 +0000] [45] [INFO] Booting worker with pid: 45
[2026-04-06 02:07:32 +0000] [36] [INFO] Started server process [36]
[2026-04-06 02:07:32 +0000] [36] [INFO] Waiting for application startup.
[2026-04-06 02:07:32 +0000] [36] [INFO] Application startup complete.
[2026-04-06 02:07:32 +0000] [47] [INFO] Booting worker with pid: 47
[2026-04-06 02:07:32 +0000] [48] [INFO] Booting worker with pid: 48
[2026-04-06 02:07:32 +0000] [39] [INFO] Started server process [39]
[2026-04-06 02:07:32 +0000] [39] [INFO] Waiting for application startup.
[2026-04-06 02:07:32 +0000] [39] [INFO] Application startup complete.
[2026-04-06 02:07:32 +0000] [50] [INFO] Booting worker with pid: 50
[2026-04-06 02:07:32 +0000] [43] [INFO] Started server process [43]
[2026-04-06 02:07:32 +0000] [43] [INFO] Waiting for application startup.
[2026-04-06 02:07:32 +0000] [43] [INFO] Application startup complete.
[2026-04-06 02:07:32 +0000] [52] [INFO] Booting worker with pid: 52
[2026-04-06 02:07:32 +0000] [44] [INFO] Started server process [44]
[2026-04-06 02:07:32 +0000] [44] [INFO] Waiting for application startup.
[2026-04-06 02:07:32 +0000] [44] [INFO] Application startup complete.
[2026-04-06 02:07:32 +0000] [45] [INFO] Started server process [45]
[2026-04-06 02:07:32 +0000] [45] [INFO] Waiting for application startup.
[2026-04-06 02:07:32 +0000] [45] [INFO] Application startup complete.
[2026-04-06 02:07:32 +0000] [55] [INFO] Booting worker with pid: 55
[2026-04-06 02:07:32 +0000] [47] [INFO] Started server process [47]
[2026-04-06 02:07:32 +0000] [47] [INFO] Waiting for application startup.
[2026-04-06 02:07:32 +0000] [47] [INFO] Application startup complete.
[2026-04-06 02:07:32 +0000] [57] [INFO] Booting worker with pid: 57
[2026-04-06 02:07:32 +0000] [48] [INFO] Started server process [48]
[2026-04-06 02:07:32 +0000] [48] [INFO] Waiting for application startup.
[2026-04-06 02:07:32 +0000] [48] [INFO] Application startup complete.
[2026-04-06 02:07:32 +0000] [60] [INFO] Booting worker with pid: 60
[2026-04-06 02:07:32 +0000] [50] [INFO] Started server process [50]
[2026-04-06 02:07:32 +0000] [50] [INFO] Waiting for application startup.
[2026-04-06 02:07:32 +0000] [50] [INFO] Application startup complete.
[2026-04-06 02:07:32 +0000] [61] [INFO] Booting worker with pid: 61
[2026-04-06 02:07:32 +0000] [63] [INFO] Booting worker with pid: 63
[2026-04-06 02:07:32 +0000] [52] [INFO] Started server process [52]
[2026-04-06 02:07:32 +0000] [52] [INFO] Waiting for application startup.
[2026-04-06 02:07:32 +0000] [52] [INFO] Application startup complete.
[2026-04-06 02:07:32 +0000] [64] [INFO] Booting worker with pid: 64
[2026-04-06 02:07:33 +0000] [55] [INFO] Started server process [55]
[2026-04-06 02:07:33 +0000] [55] [INFO] Waiting for application startup.
[2026-04-06 02:07:33 +0000] [55] [INFO] Application startup complete.
[2026-04-06 02:07:33 +0000] [67] [INFO] Booting worker with pid: 67
[2026-04-06 02:07:33 +0000] [57] [INFO] Started server process [57]
[2026-04-06 02:07:33 +0000] [57] [INFO] Waiting for application startup.
[2026-04-06 02:07:33 +0000] [57] [INFO] Application startup complete.
[2026-04-06 02:07:33 +0000] [69] [INFO] Booting worker with pid: 69
[2026-04-06 02:07:33 +0000] [60] [INFO] Started server process [60]
[2026-04-06 02:07:33 +0000] [60] [INFO] Waiting for application startup.
[2026-04-06 02:07:33 +0000] [60] [INFO] Application startup complete.
[2026-04-06 02:07:33 +0000] [61] [INFO] Started server process [61]
[2026-04-06 02:07:33 +0000] [61] [INFO] Waiting for application startup.
[2026-04-06 02:07:33 +0000] [61] [INFO] Application startup complete.
[2026-04-06 02:07:33 +0000] [71] [INFO] Booting worker with pid: 71
[2026-04-06 02:07:33 +0000] [72] [INFO] Booting worker with pid: 72
[2026-04-06 02:07:33 +0000] [73] [INFO] Booting worker with pid: 73
[2026-04-06 02:07:33 +0000] [64] [INFO] Started server process [64]
[2026-04-06 02:07:33 +0000] [64] [INFO] Waiting for application startup.
[2026-04-06 02:07:33 +0000] [64] [INFO] Application startup complete.
[2026-04-06 02:07:33 +0000] [75] [INFO] Booting worker with pid: 75
[2026-04-06 02:07:33 +0000] [77] [INFO] Booting worker with pid: 77
[2026-04-06 02:07:33 +0000] [63] [INFO] Started server process [63]
[2026-04-06 02:07:33 +0000] [63] [INFO] Waiting for application startup.
[2026-04-06 02:07:33 +0000] [63] [INFO] Application startup complete.
[2026-04-06 02:07:33 +0000] [78] [INFO] Booting worker with pid: 78
[2026-04-06 02:07:33 +0000] [79] [INFO] Booting worker with pid: 79
[2026-04-06 02:07:33 +0000] [80] [INFO] Booting worker with pid: 80
[2026-04-06 02:07:33 +0000] [67] [INFO] Started server process [67]
[2026-04-06 02:07:33 +0000] [67] [INFO] Waiting for application startup.
[2026-04-06 02:07:33 +0000] [67] [INFO] Application startup complete.
[2026-04-06 02:07:33 +0000] [82] [INFO] Booting worker with pid: 82
[2026-04-06 02:07:33 +0000] [84] [INFO] Booting worker with pid: 84
[2026-04-06 02:07:33 +0000] [69] [INFO] Started server process [69]
[2026-04-06 02:07:33 +0000] [69] [INFO] Waiting for application startup.
[2026-04-06 02:07:33 +0000] [69] [INFO] Application startup complete.
[2026-04-06 02:07:33 +0000] [85] [INFO] Booting worker with pid: 85
[2026-04-06 02:07:33 +0000] [71] [INFO] Started server process [71]
[2026-04-06 02:07:33 +0000] [71] [INFO] Waiting for application startup.
[2026-04-06 02:07:33 +0000] [71] [INFO] Application startup complete.
[2026-04-06 02:07:33 +0000] [88] [INFO] Booting worker with pid: 88
[2026-04-06 02:07:33 +0000] [72] [INFO] Started server process [72]
[2026-04-06 02:07:33 +0000] [72] [INFO] Waiting for application startup.
[2026-04-06 02:07:33 +0000] [72] [INFO] Application startup complete.
[2026-04-06 02:07:33 +0000] [90] [INFO] Booting worker with pid: 90
[2026-04-06 02:07:33 +0000] [73] [INFO] Started server process [73]
[2026-04-06 02:07:33 +0000] [73] [INFO] Waiting for application startup.
[2026-04-06 02:07:33 +0000] [73] [INFO] Application startup complete.
[2026-04-06 02:07:33 +0000] [92] [INFO] Booting worker with pid: 92
[2026-04-06 02:07:33 +0000] [75] [INFO] Started server process [75]
[2026-04-06 02:07:33 +0000] [75] [INFO] Waiting for application startup.
[2026-04-06 02:07:33 +0000] [75] [INFO] Application startup complete.
[2026-04-06 02:07:33 +0000] [77] [INFO] Started server process [77]
[2026-04-06 02:07:33 +0000] [77] [INFO] Waiting for application startup.
[2026-04-06 02:07:33 +0000] [77] [INFO] Application startup complete.
[2026-04-06 02:07:33 +0000] [78] [INFO] Started server process [78]
[2026-04-06 02:07:33 +0000] [78] [INFO] Waiting for application startup.
[2026-04-06 02:07:33 +0000] [78] [INFO] Application startup complete.
[2026-04-06 02:07:33 +0000] [95] [INFO] Booting worker with pid: 95
[2026-04-06 02:07:33 +0000] [97] [INFO] Booting worker with pid: 97
[2026-04-06 02:07:33 +0000] [98] [INFO] Booting worker with pid: 98
[2026-04-06 02:07:33 +0000] [79] [INFO] Started server process [79]
[2026-04-06 02:07:33 +0000] [79] [INFO] Waiting for application startup.
[2026-04-06 02:07:33 +0000] [79] [INFO] Application startup complete.
[2026-04-06 02:07:33 +0000] [80] [INFO] Started server process [80]
[2026-04-06 02:07:33 +0000] [80] [INFO] Waiting for application startup.
[2026-04-06 02:07:33 +0000] [80] [INFO] Application startup complete.
[2026-04-06 02:07:33 +0000] [101] [INFO] Booting worker with pid: 101
[2026-04-06 02:07:34 +0000] [82] [INFO] Started server process [82]
[2026-04-06 02:07:34 +0000] [82] [INFO] Waiting for application startup.
[2026-04-06 02:07:34 +0000] [82] [INFO] Application startup complete.
[2026-04-06 02:07:34 +0000] [102] [INFO] Booting worker with pid: 102
[2026-04-06 02:07:34 +0000] [84] [INFO] Started server process [84]
[2026-04-06 02:07:34 +0000] [84] [INFO] Waiting for application startup.
[2026-04-06 02:07:34 +0000] [84] [INFO] Application startup complete.
[2026-04-06 02:07:34 +0000] [105] [INFO] Booting worker with pid: 105
[2026-04-06 02:07:34 +0000] [85] [INFO] Started server process [85]
[2026-04-06 02:07:34 +0000] [85] [INFO] Waiting for application startup.
[2026-04-06 02:07:34 +0000] [85] [INFO] Application startup complete.
[2026-04-06 02:07:34 +0000] [106] [INFO] Booting worker with pid: 106
[2026-04-06 02:07:34 +0000] [108] [INFO] Booting worker with pid: 108
[2026-04-06 02:07:34 +0000] [88] [INFO] Started server process [88]
[2026-04-06 02:07:34 +0000] [88] [INFO] Waiting for application startup.
[2026-04-06 02:07:34 +0000] [88] [INFO] Application startup complete.
[2026-04-06 02:07:34 +0000] [110] [INFO] Booting worker with pid: 110
[2026-04-06 02:07:34 +0000] [90] [INFO] Started server process [90]
[2026-04-06 02:07:34 +0000] [90] [INFO] Waiting for application startup.
[2026-04-06 02:07:34 +0000] [90] [INFO] Application startup complete.
[2026-04-06 02:07:34 +0000] [92] [INFO] Started server process [92]
[2026-04-06 02:07:34 +0000] [92] [INFO] Waiting for application startup.
[2026-04-06 02:07:34 +0000] [92] [INFO] Application startup complete.
[2026-04-06 02:07:34 +0000] [112] [INFO] Booting worker with pid: 112
[2026-04-06 02:07:34 +0000] [113] [INFO] Booting worker with pid: 113
[2026-04-06 02:07:34 +0000] [115] [INFO] Booting worker with pid: 115
[2026-04-06 02:07:34 +0000] [95] [INFO] Started server process [95]
[2026-04-06 02:07:34 +0000] [95] [INFO] Waiting for application startup.
[2026-04-06 02:07:34 +0000] [95] [INFO] Application startup complete.
[2026-04-06 02:07:34 +0000] [118] [INFO] Booting worker with pid: 118
[2026-04-06 02:07:34 +0000] [97] [INFO] Started server process [97]
[2026-04-06 02:07:34 +0000] [97] [INFO] Waiting for application startup.
[2026-04-06 02:07:34 +0000] [97] [INFO] Application startup complete.
[2026-04-06 02:07:34 +0000] [119] [INFO] Booting worker with pid: 119
[2026-04-06 02:07:34 +0000] [98] [INFO] Started server process [98]
[2026-04-06 02:07:34 +0000] [98] [INFO] Waiting for application startup.
[2026-04-06 02:07:34 +0000] [98] [INFO] Application startup complete.
[2026-04-06 02:07:34 +0000] [121] [INFO] Booting worker with pid: 121
[2026-04-06 02:07:34 +0000] [101] [INFO] Started server process [101]
[2026-04-06 02:07:34 +0000] [101] [INFO] Waiting for application startup.
[2026-04-06 02:07:34 +0000] [101] [INFO] Application startup complete.
[2026-04-06 02:07:34 +0000] [102] [INFO] Started server process [102]
[2026-04-06 02:07:34 +0000] [102] [INFO] Waiting for application startup.
[2026-04-06 02:07:34 +0000] [102] [INFO] Application startup complete.
[2026-04-06 02:07:34 +0000] [124] [INFO] Booting worker with pid: 124
[2026-04-06 02:07:34 +0000] [105] [INFO] Started server process [105]
[2026-04-06 02:07:34 +0000] [105] [INFO] Waiting for application startup.
[2026-04-06 02:07:34 +0000] [105] [INFO] Application startup complete.
[2026-04-06 02:07:34 +0000] [106] [INFO] Started server process [106]
[2026-04-06 02:07:34 +0000] [106] [INFO] Waiting for application startup.
[2026-04-06 02:07:34 +0000] [106] [INFO] Application startup complete.
[2026-04-06 02:07:34 +0000] [108] [INFO] Started server process [108]
[2026-04-06 02:07:34 +0000] [108] [INFO] Waiting for application startup.
[2026-04-06 02:07:34 +0000] [108] [INFO] Application startup complete.
[2026-04-06 02:07:34 +0000] [110] [INFO] Started server process [110]
[2026-04-06 02:07:34 +0000] [110] [INFO] Waiting for application startup.
[2026-04-06 02:07:34 +0000] [110] [INFO] Application startup complete.
[2026-04-06 02:07:34 +0000] [112] [INFO] Started server process [112]
[2026-04-06 02:07:34 +0000] [112] [INFO] Waiting for application startup.
[2026-04-06 02:07:34 +0000] [112] [INFO] Application startup complete.
[2026-04-06 02:07:34 +0000] [113] [INFO] Started server process [113]
[2026-04-06 02:07:34 +0000] [113] [INFO] Waiting for application startup.
[2026-04-06 02:07:34 +0000] [113] [INFO] Application startup complete.
[2026-04-06 02:07:34 +0000] [115] [INFO] Started server process [115]
[2026-04-06 02:07:34 +0000] [115] [INFO] Waiting for application startup.
[2026-04-06 02:07:34 +0000] [115] [INFO] Application startup complete.
[2026-04-06 02:07:34 +0000] [118] [INFO] Started server process [118]
[2026-04-06 02:07:34 +0000] [118] [INFO] Waiting for application startup.
[2026-04-06 02:07:34 +0000] [118] [INFO] Application startup complete.
[2026-04-06 02:07:34 +0000] [119] [INFO] Started server process [119]
[2026-04-06 02:07:34 +0000] [119] [INFO] Waiting for application startup.
[2026-04-06 02:07:34 +0000] [119] [INFO] Application startup complete.
[2026-04-06 02:07:34 +0000] [121] [INFO] Started server process [121]
[2026-04-06 02:07:34 +0000] [121] [INFO] Waiting for application startup.
[2026-04-06 02:07:34 +0000] [121] [INFO] Application startup complete.
[2026-04-06 02:07:35 +0000] [124] [INFO] Started server process [124]
[2026-04-06 02:07:35 +0000] [124] [INFO] Waiting for application startup.
[2026-04-06 02:07:35 +0000] [124] [INFO] Application startup complete.
