[2026-04-06 10:36:36 +0000] [1] [INFO] Starting gunicorn 23.0.0
[2026-04-06 10:36:36 +0000] [1] [INFO] Listening at: http://0.0.0.0:8080 (1)
[2026-04-06 10:36:36 +0000] [1] [INFO] Using worker: uvicorn.workers.UvicornWorker
[2026-04-06 10:36:36 +0000] [7] [INFO] Booting worker with pid: 7
[2026-04-06 10:36:37 +0000] [7] [INFO] Started server process [7]
[2026-04-06 10:36:37 +0000] [7] [INFO] Waiting for application startup.
[2026-04-06 10:36:37 +0000] [7] [INFO] Application startup complete.
[2026-04-06 10:36:37 +0000] [9] [INFO] Booting worker with pid: 9
[2026-04-06 10:36:37 +0000] [10] [INFO] Booting worker with pid: 10
[2026-04-06 10:36:37 +0000] [9] [INFO] Started server process [9]
[2026-04-06 10:36:37 +0000] [9] [INFO] Waiting for application startup.
[2026-04-06 10:36:37 +0000] [9] [INFO] Application startup complete.
[2026-04-06 10:36:37 +0000] [10] [INFO] Started server process [10]
[2026-04-06 10:36:37 +0000] [10] [INFO] Waiting for application startup.
[2026-04-06 10:36:37 +0000] [10] [INFO] Application startup complete.
[2026-04-06 10:36:37 +0000] [13] [INFO] Booting worker with pid: 13
[2026-04-06 10:36:37 +0000] [13] [INFO] Started server process [13]
[2026-04-06 10:36:37 +0000] [13] [INFO] Waiting for application startup.
[2026-04-06 10:36:37 +0000] [13] [INFO] Application startup complete.
[2026-04-06 10:36:37 +0000] [15] [INFO] Booting worker with pid: 15
[2026-04-06 10:36:37 +0000] [15] [INFO] Started server process [15]
[2026-04-06 10:36:37 +0000] [15] [INFO] Waiting for application startup.
[2026-04-06 10:36:37 +0000] [15] [INFO] Application startup complete.
[2026-04-06 10:36:37 +0000] [17] [INFO] Booting worker with pid: 17
[2026-04-06 10:36:37 +0000] [18] [INFO] Booting worker with pid: 18
[2026-04-06 10:36:37 +0000] [17] [INFO] Started server process [17]
[2026-04-06 10:36:37 +0000] [17] [INFO] Waiting for application startup.
[2026-04-06 10:36:37 +0000] [17] [INFO] Application startup complete.
[2026-04-06 10:36:37 +0000] [18] [INFO] Started server process [18]
[2026-04-06 10:36:37 +0000] [18] [INFO] Waiting for application startup.
[2026-04-06 10:36:37 +0000] [18] [INFO] Application startup complete.
[2026-04-06 10:36:37 +0000] [21] [INFO] Booting worker with pid: 21
[2026-04-06 10:36:37 +0000] [21] [INFO] Started server process [21]
[2026-04-06 10:36:37 +0000] [21] [INFO] Waiting for application startup.
[2026-04-06 10:36:37 +0000] [21] [INFO] Application startup complete.
[2026-04-06 10:36:37 +0000] [23] [INFO] Booting worker with pid: 23
[2026-04-06 10:36:37 +0000] [24] [INFO] Booting worker with pid: 24
[2026-04-06 10:36:37 +0000] [25] [INFO] Booting worker with pid: 25
[2026-04-06 10:36:37 +0000] [23] [INFO] Started server process [23]
[2026-04-06 10:36:37 +0000] [23] [INFO] Waiting for application startup.
[2026-04-06 10:36:37 +0000] [23] [INFO] Application startup complete.
[2026-04-06 10:36:37 +0000] [24] [INFO] Started server process [24]
[2026-04-06 10:36:37 +0000] [24] [INFO] Waiting for application startup.
[2026-04-06 10:36:37 +0000] [24] [INFO] Application startup complete.
[2026-04-06 10:36:37 +0000] [25] [INFO] Started server process [25]
[2026-04-06 10:36:37 +0000] [25] [INFO] Waiting for application startup.
[2026-04-06 10:36:37 +0000] [25] [INFO] Application startup complete.
[2026-04-06 10:36:37 +0000] [29] [INFO] Booting worker with pid: 29
[2026-04-06 10:36:37 +0000] [29] [INFO] Started server process [29]
[2026-04-06 10:36:37 +0000] [29] [INFO] Waiting for application startup.
[2026-04-06 10:36:37 +0000] [29] [INFO] Application startup complete.
[2026-04-06 10:36:37 +0000] [31] [INFO] Booting worker with pid: 31
[2026-04-06 10:36:37 +0000] [32] [INFO] Booting worker with pid: 32
[2026-04-06 10:36:37 +0000] [31] [INFO] Started server process [31]
[2026-04-06 10:36:37 +0000] [31] [INFO] Waiting for application startup.
[2026-04-06 10:36:37 +0000] [31] [INFO] Application startup complete.
[2026-04-06 10:36:37 +0000] [32] [INFO] Started server process [32]
[2026-04-06 10:36:37 +0000] [32] [INFO] Waiting for application startup.
[2026-04-06 10:36:37 +0000] [32] [INFO] Application startup complete.
[2026-04-06 10:36:37 +0000] [35] [INFO] Booting worker with pid: 35
[2026-04-06 10:36:37 +0000] [36] [INFO] Booting worker with pid: 36
[2026-04-06 10:36:38 +0000] [35] [INFO] Started server process [35]
[2026-04-06 10:36:38 +0000] [35] [INFO] Waiting for application startup.
[2026-04-06 10:36:38 +0000] [35] [INFO] Application startup complete.
[2026-04-06 10:36:38 +0000] [39] [INFO] Booting worker with pid: 39
[2026-04-06 10:36:38 +0000] [36] [INFO] Started server process [36]
[2026-04-06 10:36:38 +0000] [36] [INFO] Waiting for application startup.
[2026-04-06 10:36:38 +0000] [36] [INFO] Application startup complete.
[2026-04-06 10:36:38 +0000] [41] [INFO] Booting worker with pid: 41
[2026-04-06 10:36:38 +0000] [39] [INFO] Started server process [39]
[2026-04-06 10:36:38 +0000] [39] [INFO] Waiting for application startup.
[2026-04-06 10:36:38 +0000] [39] [INFO] Application startup complete.
[2026-04-06 10:36:38 +0000] [42] [INFO] Booting worker with pid: 42
[2026-04-06 10:36:38 +0000] [41] [INFO] Started server process [41]
[2026-04-06 10:36:38 +0000] [41] [INFO] Waiting for application startup.
[2026-04-06 10:36:38 +0000] [41] [INFO] Application startup complete.
[2026-04-06 10:36:38 +0000] [42] [INFO] Started server process [42]
[2026-04-06 10:36:38 +0000] [42] [INFO] Waiting for application startup.
[2026-04-06 10:36:38 +0000] [42] [INFO] Application startup complete.
[2026-04-06 10:36:38 +0000] [45] [INFO] Booting worker with pid: 45
[2026-04-06 10:36:38 +0000] [46] [INFO] Booting worker with pid: 46
[2026-04-06 10:36:38 +0000] [48] [INFO] Booting worker with pid: 48
[2026-04-06 10:36:38 +0000] [45] [INFO] Started server process [45]
[2026-04-06 10:36:38 +0000] [45] [INFO] Waiting for application startup.
[2026-04-06 10:36:38 +0000] [45] [INFO] Application startup complete.
[2026-04-06 10:36:38 +0000] [46] [INFO] Started server process [46]
[2026-04-06 10:36:38 +0000] [46] [INFO] Waiting for application startup.
[2026-04-06 10:36:38 +0000] [46] [INFO] Application startup complete.
[2026-04-06 10:36:38 +0000] [50] [INFO] Booting worker with pid: 50
[2026-04-06 10:36:38 +0000] [48] [INFO] Started server process [48]
[2026-04-06 10:36:38 +0000] [48] [INFO] Waiting for application startup.
[2026-04-06 10:36:38 +0000] [48] [INFO] Application startup complete.
[2026-04-06 10:36:38 +0000] [52] [INFO] Booting worker with pid: 52
[2026-04-06 10:36:38 +0000] [53] [INFO] Booting worker with pid: 53
[2026-04-06 10:36:38 +0000] [55] [INFO] Booting worker with pid: 55
[2026-04-06 10:36:38 +0000] [50] [INFO] Started server process [50]
[2026-04-06 10:36:38 +0000] [50] [INFO] Waiting for application startup.
[2026-04-06 10:36:38 +0000] [50] [INFO] Application startup complete.
[2026-04-06 10:36:38 +0000] [52] [INFO] Started server process [52]
[2026-04-06 10:36:38 +0000] [52] [INFO] Waiting for application startup.
[2026-04-06 10:36:38 +0000] [52] [INFO] Application startup complete.
[2026-04-06 10:36:38 +0000] [53] [INFO] Started server process [53]
[2026-04-06 10:36:38 +0000] [53] [INFO] Waiting for application startup.
[2026-04-06 10:36:38 +0000] [53] [INFO] Application startup complete.
[2026-04-06 10:36:38 +0000] [55] [INFO] Started server process [55]
[2026-04-06 10:36:38 +0000] [55] [INFO] Waiting for application startup.
[2026-04-06 10:36:38 +0000] [55] [INFO] Application startup complete.
[2026-04-06 10:36:38 +0000] [59] [INFO] Booting worker with pid: 59
[2026-04-06 10:36:38 +0000] [60] [INFO] Booting worker with pid: 60
[2026-04-06 10:36:38 +0000] [62] [INFO] Booting worker with pid: 62
[2026-04-06 10:36:38 +0000] [59] [INFO] Started server process [59]
[2026-04-06 10:36:38 +0000] [59] [INFO] Waiting for application startup.
[2026-04-06 10:36:38 +0000] [59] [INFO] Application startup complete.
[2026-04-06 10:36:38 +0000] [60] [INFO] Started server process [60]
[2026-04-06 10:36:38 +0000] [60] [INFO] Waiting for application startup.
[2026-04-06 10:36:38 +0000] [60] [INFO] Application startup complete.
[2026-04-06 10:36:38 +0000] [64] [INFO] Booting worker with pid: 64
[2026-04-06 10:36:38 +0000] [66] [INFO] Booting worker with pid: 66
[2026-04-06 10:36:38 +0000] [62] [INFO] Started server process [62]
[2026-04-06 10:36:38 +0000] [62] [INFO] Waiting for application startup.
[2026-04-06 10:36:38 +0000] [62] [INFO] Application startup complete.
[2026-04-06 10:36:38 +0000] [67] [INFO] Booting worker with pid: 67
[2026-04-06 10:36:38 +0000] [68] [INFO] Booting worker with pid: 68
[2026-04-06 10:36:38 +0000] [70] [INFO] Booting worker with pid: 70
[2026-04-06 10:36:38 +0000] [71] [INFO] Booting worker with pid: 71
[2026-04-06 10:36:38 +0000] [64] [INFO] Started server process [64]
[2026-04-06 10:36:38 +0000] [64] [INFO] Waiting for application startup.
[2026-04-06 10:36:38 +0000] [64] [INFO] Application startup complete.
[2026-04-06 10:36:38 +0000] [72] [INFO] Booting worker with pid: 72
[2026-04-06 10:36:38 +0000] [74] [INFO] Booting worker with pid: 74
[2026-04-06 10:36:38 +0000] [66] [INFO] Started server process [66]
[2026-04-06 10:36:38 +0000] [66] [INFO] Waiting for application startup.
[2026-04-06 10:36:38 +0000] [66] [INFO] Application startup complete.
[2026-04-06 10:36:38 +0000] [67] [INFO] Started server process [67]
[2026-04-06 10:36:38 +0000] [67] [INFO] Waiting for application startup.
[2026-04-06 10:36:38 +0000] [67] [INFO] Application startup complete.
[2026-04-06 10:36:38 +0000] [68] [INFO] Started server process [68]
[2026-04-06 10:36:38 +0000] [68] [INFO] Waiting for application startup.
[2026-04-06 10:36:38 +0000] [68] [INFO] Application startup complete.
[2026-04-06 10:36:38 +0000] [77] [INFO] Booting worker with pid: 77
[2026-04-06 10:36:38 +0000] [81] [INFO] Booting worker with pid: 81
[2026-04-06 10:36:38 +0000] [70] [INFO] Started server process [70]
[2026-04-06 10:36:38 +0000] [70] [INFO] Waiting for application startup.
[2026-04-06 10:36:38 +0000] [70] [INFO] Application startup complete.
[2026-04-06 10:36:38 +0000] [71] [INFO] Started server process [71]
[2026-04-06 10:36:38 +0000] [82] [INFO] Booting worker with pid: 82
[2026-04-06 10:36:38 +0000] [71] [INFO] Waiting for application startup.
[2026-04-06 10:36:38 +0000] [71] [INFO] Application startup complete.
[2026-04-06 10:36:38 +0000] [72] [INFO] Started server process [72]
[2026-04-06 10:36:38 +0000] [72] [INFO] Waiting for application startup.
[2026-04-06 10:36:38 +0000] [72] [INFO] Application startup complete.
[2026-04-06 10:36:38 +0000] [74] [INFO] Started server process [74]
[2026-04-06 10:36:38 +0000] [74] [INFO] Waiting for application startup.
[2026-04-06 10:36:38 +0000] [74] [INFO] Application startup complete.
[2026-04-06 10:36:38 +0000] [84] [INFO] Booting worker with pid: 84
[2026-04-06 10:36:38 +0000] [77] [INFO] Started server process [77]
[2026-04-06 10:36:38 +0000] [77] [INFO] Waiting for application startup.
[2026-04-06 10:36:38 +0000] [77] [INFO] Application startup complete.
[2026-04-06 10:36:39 +0000] [87] [INFO] Booting worker with pid: 87
[2026-04-06 10:36:39 +0000] [81] [INFO] Started server process [81]
[2026-04-06 10:36:39 +0000] [81] [INFO] Waiting for application startup.
[2026-04-06 10:36:39 +0000] [81] [INFO] Application startup complete.
[2026-04-06 10:36:39 +0000] [90] [INFO] Booting worker with pid: 90
[2026-04-06 10:36:39 +0000] [82] [INFO] Started server process [82]
[2026-04-06 10:36:39 +0000] [82] [INFO] Waiting for application startup.
[2026-04-06 10:36:39 +0000] [82] [INFO] Application startup complete.
[2026-04-06 10:36:39 +0000] [84] [INFO] Started server process [84]
[2026-04-06 10:36:39 +0000] [84] [INFO] Waiting for application startup.
[2026-04-06 10:36:39 +0000] [84] [INFO] Application startup complete.
[2026-04-06 10:36:39 +0000] [91] [INFO] Booting worker with pid: 91
[2026-04-06 10:36:39 +0000] [93] [INFO] Booting worker with pid: 93
[2026-04-06 10:36:39 +0000] [87] [INFO] Started server process [87]
[2026-04-06 10:36:39 +0000] [87] [INFO] Waiting for application startup.
[2026-04-06 10:36:39 +0000] [87] [INFO] Application startup complete.
[2026-04-06 10:36:39 +0000] [90] [INFO] Started server process [90]
[2026-04-06 10:36:39 +0000] [90] [INFO] Waiting for application startup.
[2026-04-06 10:36:39 +0000] [90] [INFO] Application startup complete.
[2026-04-06 10:36:39 +0000] [96] [INFO] Booting worker with pid: 96
[2026-04-06 10:36:39 +0000] [91] [INFO] Started server process [91]
[2026-04-06 10:36:39 +0000] [91] [INFO] Waiting for application startup.
[2026-04-06 10:36:39 +0000] [91] [INFO] Application startup complete.
[2026-04-06 10:36:39 +0000] [97] [INFO] Booting worker with pid: 97
[2026-04-06 10:36:39 +0000] [93] [INFO] Started server process [93]
[2026-04-06 10:36:39 +0000] [93] [INFO] Waiting for application startup.
[2026-04-06 10:36:39 +0000] [93] [INFO] Application startup complete.
[2026-04-06 10:36:39 +0000] [99] [INFO] Booting worker with pid: 99
[2026-04-06 10:36:39 +0000] [96] [INFO] Started server process [96]
[2026-04-06 10:36:39 +0000] [96] [INFO] Waiting for application startup.
[2026-04-06 10:36:39 +0000] [96] [INFO] Application startup complete.
[2026-04-06 10:36:39 +0000] [102] [INFO] Booting worker with pid: 102
[2026-04-06 10:36:39 +0000] [97] [INFO] Started server process [97]
[2026-04-06 10:36:39 +0000] [97] [INFO] Waiting for application startup.
[2026-04-06 10:36:39 +0000] [97] [INFO] Application startup complete.
[2026-04-06 10:36:39 +0000] [103] [INFO] Booting worker with pid: 103
[2026-04-06 10:36:39 +0000] [105] [INFO] Booting worker with pid: 105
[2026-04-06 10:36:39 +0000] [99] [INFO] Started server process [99]
[2026-04-06 10:36:39 +0000] [99] [INFO] Waiting for application startup.
[2026-04-06 10:36:39 +0000] [99] [INFO] Application startup complete.
[2026-04-06 10:36:39 +0000] [102] [INFO] Started server process [102]
[2026-04-06 10:36:39 +0000] [102] [INFO] Waiting for application startup.
[2026-04-06 10:36:39 +0000] [102] [INFO] Application startup complete.
[2026-04-06 10:36:39 +0000] [107] [INFO] Booting worker with pid: 107
[2026-04-06 10:36:39 +0000] [103] [INFO] Started server process [103]
[2026-04-06 10:36:39 +0000] [103] [INFO] Waiting for application startup.
[2026-04-06 10:36:39 +0000] [103] [INFO] Application startup complete.
[2026-04-06 10:36:39 +0000] [109] [INFO] Booting worker with pid: 109
[2026-04-06 10:36:39 +0000] [111] [INFO] Booting worker with pid: 111
[2026-04-06 10:36:39 +0000] [105] [INFO] Started server process [105]
[2026-04-06 10:36:39 +0000] [105] [INFO] Waiting for application startup.
[2026-04-06 10:36:39 +0000] [105] [INFO] Application startup complete.
[2026-04-06 10:36:39 +0000] [107] [INFO] Started server process [107]
[2026-04-06 10:36:39 +0000] [107] [INFO] Waiting for application startup.
[2026-04-06 10:36:39 +0000] [107] [INFO] Application startup complete.
[2026-04-06 10:36:39 +0000] [113] [INFO] Booting worker with pid: 113
[2026-04-06 10:36:39 +0000] [114] [INFO] Booting worker with pid: 114
[2026-04-06 10:36:39 +0000] [116] [INFO] Booting worker with pid: 116
[2026-04-06 10:36:39 +0000] [109] [INFO] Started server process [109]
[2026-04-06 10:36:39 +0000] [109] [INFO] Waiting for application startup.
[2026-04-06 10:36:39 +0000] [109] [INFO] Application startup complete.
[2026-04-06 10:36:39 +0000] [111] [INFO] Started server process [111]
[2026-04-06 10:36:39 +0000] [111] [INFO] Waiting for application startup.
[2026-04-06 10:36:39 +0000] [111] [INFO] Application startup complete.
[2026-04-06 10:36:39 +0000] [119] [INFO] Booting worker with pid: 119
[2026-04-06 10:36:39 +0000] [113] [INFO] Started server process [113]
[2026-04-06 10:36:39 +0000] [113] [INFO] Waiting for application startup.
[2026-04-06 10:36:39 +0000] [113] [INFO] Application startup complete.
[2026-04-06 10:36:39 +0000] [121] [INFO] Booting worker with pid: 121
[2026-04-06 10:36:39 +0000] [114] [INFO] Started server process [114]
[2026-04-06 10:36:39 +0000] [114] [INFO] Waiting for application startup.
[2026-04-06 10:36:39 +0000] [114] [INFO] Application startup complete.
[2026-04-06 10:36:39 +0000] [116] [INFO] Started server process [116]
[2026-04-06 10:36:39 +0000] [116] [INFO] Waiting for application startup.
[2026-04-06 10:36:39 +0000] [116] [INFO] Application startup complete.
[2026-04-06 10:36:39 +0000] [123] [INFO] Booting worker with pid: 123
[2026-04-06 10:36:39 +0000] [124] [INFO] Booting worker with pid: 124
[2026-04-06 10:36:39 +0000] [126] [INFO] Booting worker with pid: 126
[2026-04-06 10:36:39 +0000] [119] [INFO] Started server process [119]
[2026-04-06 10:36:39 +0000] [119] [INFO] Waiting for application startup.
[2026-04-06 10:36:39 +0000] [119] [INFO] Application startup complete.
[2026-04-06 10:36:39 +0000] [121] [INFO] Started server process [121]
[2026-04-06 10:36:39 +0000] [121] [INFO] Waiting for application startup.
[2026-04-06 10:36:39 +0000] [121] [INFO] Application startup complete.
[2026-04-06 10:36:39 +0000] [129] [INFO] Booting worker with pid: 129
[2026-04-06 10:36:40 +0000] [123] [INFO] Started server process [123]
[2026-04-06 10:36:40 +0000] [123] [INFO] Waiting for application startup.
[2026-04-06 10:36:40 +0000] [123] [INFO] Application startup complete.
[2026-04-06 10:36:40 +0000] [124] [INFO] Started server process [124]
[2026-04-06 10:36:40 +0000] [124] [INFO] Waiting for application startup.
[2026-04-06 10:36:40 +0000] [124] [INFO] Application startup complete.
[2026-04-06 10:36:40 +0000] [126] [INFO] Started server process [126]
[2026-04-06 10:36:40 +0000] [126] [INFO] Waiting for application startup.
[2026-04-06 10:36:40 +0000] [126] [INFO] Application startup complete.
[2026-04-06 10:36:40 +0000] [132] [INFO] Booting worker with pid: 132
[2026-04-06 10:36:40 +0000] [129] [INFO] Started server process [129]
[2026-04-06 10:36:40 +0000] [129] [INFO] Waiting for application startup.
[2026-04-06 10:36:40 +0000] [129] [INFO] Application startup complete.
[2026-04-06 10:36:40 +0000] [132] [INFO] Started server process [132]
[2026-04-06 10:36:40 +0000] [132] [INFO] Waiting for application startup.
[2026-04-06 10:36:40 +0000] [132] [INFO] Application startup complete.
