[2026-04-06 01:57:23 +0000] [1] [INFO] Starting gunicorn 23.0.0
[2026-04-06 01:57:23 +0000] [1] [INFO] Listening at: http://0.0.0.0:8080 (1)
[2026-04-06 01:57:23 +0000] [1] [INFO] Using worker: uvicorn.workers.UvicornWorker
[2026-04-06 01:57:23 +0000] [7] [INFO] Booting worker with pid: 7
[2026-04-06 01:57:23 +0000] [8] [INFO] Booting worker with pid: 8
[2026-04-06 01:57:23 +0000] [9] [INFO] Booting worker with pid: 9
[2026-04-06 01:57:23 +0000] [10] [INFO] Booting worker with pid: 10
[2026-04-06 01:57:23 +0000] [11] [INFO] Booting worker with pid: 11
[2026-04-06 01:57:23 +0000] [14] [INFO] Booting worker with pid: 14
[2026-04-06 01:57:23 +0000] [15] [INFO] Booting worker with pid: 15
[2026-04-06 01:57:23 +0000] [7] [INFO] Started server process [7]
[2026-04-06 01:57:23 +0000] [8] [INFO] Started server process [8]
[2026-04-06 01:57:23 +0000] [7] [INFO] Waiting for application startup.
[2026-04-06 01:57:23 +0000] [8] [INFO] Waiting for application startup.
[2026-04-06 01:57:23 +0000] [7] [INFO] Application startup complete.
[2026-04-06 01:57:23 +0000] [8] [INFO] Application startup complete.
[2026-04-06 01:57:23 +0000] [16] [INFO] Booting worker with pid: 16
[2026-04-06 01:57:23 +0000] [18] [INFO] Booting worker with pid: 18
[2026-04-06 01:57:23 +0000] [9] [INFO] Started server process [9]
[2026-04-06 01:57:23 +0000] [9] [INFO] Waiting for application startup.
[2026-04-06 01:57:23 +0000] [9] [INFO] Application startup complete.
[2026-04-06 01:57:23 +0000] [19] [INFO] Booting worker with pid: 19
[2026-04-06 01:57:23 +0000] [20] [INFO] Booting worker with pid: 20
[2026-04-06 01:57:23 +0000] [22] [INFO] Booting worker with pid: 22
[2026-04-06 01:57:23 +0000] [10] [INFO] Started server process [10]
[2026-04-06 01:57:23 +0000] [10] [INFO] Waiting for application startup.
[2026-04-06 01:57:23 +0000] [10] [INFO] Application startup complete.
[2026-04-06 01:57:23 +0000] [23] [INFO] Booting worker with pid: 23
[2026-04-06 01:57:23 +0000] [11] [INFO] Started server process [11]
[2026-04-06 01:57:23 +0000] [11] [INFO] Waiting for application startup.
[2026-04-06 01:57:23 +0000] [11] [INFO] Application startup complete.
[2026-04-06 01:57:23 +0000] [27] [INFO] Booting worker with pid: 27
[2026-04-06 01:57:23 +0000] [14] [INFO] Started server process [14]
[2026-04-06 01:57:23 +0000] [14] [INFO] Waiting for application startup.
[2026-04-06 01:57:23 +0000] [14] [INFO] Application startup complete.
[2026-04-06 01:57:23 +0000] [15] [INFO] Started server process [15]
[2026-04-06 01:57:23 +0000] [15] [INFO] Waiting for application startup.
[2026-04-06 01:57:23 +0000] [15] [INFO] Application startup complete.
[2026-04-06 01:57:23 +0000] [16] [INFO] Started server process [16]
[2026-04-06 01:57:23 +0000] [16] [INFO] Waiting for application startup.
[2026-04-06 01:57:23 +0000] [16] [INFO] Application startup complete.
[2026-04-06 01:57:23 +0000] [18] [INFO] Started server process [18]
[2026-04-06 01:57:23 +0000] [18] [INFO] Waiting for application startup.
[2026-04-06 01:57:23 +0000] [18] [INFO] Application startup complete.
[2026-04-06 01:57:23 +0000] [31] [INFO] Booting worker with pid: 31
[2026-04-06 01:57:23 +0000] [19] [INFO] Started server process [19]
[2026-04-06 01:57:23 +0000] [19] [INFO] Waiting for application startup.
[2026-04-06 01:57:23 +0000] [19] [INFO] Application startup complete.
[2026-04-06 01:57:24 +0000] [20] [INFO] Started server process [20]
[2026-04-06 01:57:24 +0000] [20] [INFO] Waiting for application startup.
[2026-04-06 01:57:24 +0000] [20] [INFO] Application startup complete.
[2026-04-06 01:57:24 +0000] [22] [INFO] Started server process [22]
[2026-04-06 01:57:24 +0000] [22] [INFO] Waiting for application startup.
[2026-04-06 01:57:24 +0000] [22] [INFO] Application startup complete.
[2026-04-06 01:57:24 +0000] [34] [INFO] Booting worker with pid: 34
[2026-04-06 01:57:24 +0000] [23] [INFO] Started server process [23]
[2026-04-06 01:57:24 +0000] [23] [INFO] Waiting for application startup.
[2026-04-06 01:57:24 +0000] [23] [INFO] Application startup complete.
[2026-04-06 01:57:24 +0000] [27] [INFO] Started server process [27]
[2026-04-06 01:57:24 +0000] [27] [INFO] Waiting for application startup.
[2026-04-06 01:57:24 +0000] [27] [INFO] Application startup complete.
[2026-04-06 01:57:24 +0000] [37] [INFO] Booting worker with pid: 37
[2026-04-06 01:57:24 +0000] [38] [INFO] Booting worker with pid: 38
[2026-04-06 01:57:24 +0000] [31] [INFO] Started server process [31]
[2026-04-06 01:57:24 +0000] [31] [INFO] Waiting for application startup.
[2026-04-06 01:57:24 +0000] [31] [INFO] Application startup complete.
[2026-04-06 01:57:24 +0000] [40] [INFO] Booting worker with pid: 40
[2026-04-06 01:57:24 +0000] [41] [INFO] Booting worker with pid: 41
[2026-04-06 01:57:24 +0000] [34] [INFO] Started server process [34]
[2026-04-06 01:57:24 +0000] [34] [INFO] Waiting for application startup.
[2026-04-06 01:57:24 +0000] [34] [INFO] Application startup complete.
[2026-04-06 01:57:24 +0000] [43] [INFO] Booting worker with pid: 43
[2026-04-06 01:57:24 +0000] [44] [INFO] Booting worker with pid: 44
[2026-04-06 01:57:24 +0000] [37] [INFO] Started server process [37]
[2026-04-06 01:57:24 +0000] [37] [INFO] Waiting for application startup.
[2026-04-06 01:57:24 +0000] [37] [INFO] Application startup complete.
[2026-04-06 01:57:24 +0000] [38] [INFO] Started server process [38]
[2026-04-06 01:57:24 +0000] [38] [INFO] Waiting for application startup.
[2026-04-06 01:57:24 +0000] [38] [INFO] Application startup complete.
[2026-04-06 01:57:24 +0000] [47] [INFO] Booting worker with pid: 47
[2026-04-06 01:57:24 +0000] [40] [INFO] Started server process [40]
[2026-04-06 01:57:24 +0000] [40] [INFO] Waiting for application startup.
[2026-04-06 01:57:24 +0000] [40] [INFO] Application startup complete.
[2026-04-06 01:57:24 +0000] [50] [INFO] Booting worker with pid: 50
[2026-04-06 01:57:24 +0000] [41] [INFO] Started server process [41]
[2026-04-06 01:57:24 +0000] [41] [INFO] Waiting for application startup.
[2026-04-06 01:57:24 +0000] [41] [INFO] Application startup complete.
[2026-04-06 01:57:24 +0000] [51] [INFO] Booting worker with pid: 51
[2026-04-06 01:57:24 +0000] [43] [INFO] Started server process [43]
[2026-04-06 01:57:24 +0000] [43] [INFO] Waiting for application startup.
[2026-04-06 01:57:24 +0000] [43] [INFO] Application startup complete.
[2026-04-06 01:57:24 +0000] [53] [INFO] Booting worker with pid: 53
[2026-04-06 01:57:24 +0000] [44] [INFO] Started server process [44]
[2026-04-06 01:57:24 +0000] [44] [INFO] Waiting for application startup.
[2026-04-06 01:57:24 +0000] [44] [INFO] Application startup complete.
[2026-04-06 01:57:24 +0000] [55] [INFO] Booting worker with pid: 55
[2026-04-06 01:57:24 +0000] [47] [INFO] Started server process [47]
[2026-04-06 01:57:24 +0000] [47] [INFO] Waiting for application startup.
[2026-04-06 01:57:24 +0000] [47] [INFO] Application startup complete.
[2026-04-06 01:57:24 +0000] [57] [INFO] Booting worker with pid: 57
[2026-04-06 01:57:24 +0000] [50] [INFO] Started server process [50]
[2026-04-06 01:57:24 +0000] [50] [INFO] Waiting for application startup.
[2026-04-06 01:57:24 +0000] [50] [INFO] Application startup complete.
[2026-04-06 01:57:24 +0000] [59] [INFO] Booting worker with pid: 59
[2026-04-06 01:57:24 +0000] [51] [INFO] Started server process [51]
[2026-04-06 01:57:24 +0000] [51] [INFO] Waiting for application startup.
[2026-04-06 01:57:24 +0000] [51] [INFO] Application startup complete.
[2026-04-06 01:57:24 +0000] [53] [INFO] Started server process [53]
[2026-04-06 01:57:24 +0000] [53] [INFO] Waiting for application startup.
[2026-04-06 01:57:24 +0000] [53] [INFO] Application startup complete.
[2026-04-06 01:57:24 +0000] [62] [INFO] Booting worker with pid: 62
[2026-04-06 01:57:24 +0000] [63] [INFO] Booting worker with pid: 63
[2026-04-06 01:57:24 +0000] [55] [INFO] Started server process [55]
[2026-04-06 01:57:24 +0000] [55] [INFO] Waiting for application startup.
[2026-04-06 01:57:24 +0000] [55] [INFO] Application startup complete.
[2026-04-06 01:57:25 +0000] [65] [INFO] Booting worker with pid: 65
[2026-04-06 01:57:25 +0000] [57] [INFO] Started server process [57]
[2026-04-06 01:57:25 +0000] [57] [INFO] Waiting for application startup.
[2026-04-06 01:57:25 +0000] [57] [INFO] Application startup complete.
[2026-04-06 01:57:25 +0000] [67] [INFO] Booting worker with pid: 67
[2026-04-06 01:57:25 +0000] [59] [INFO] Started server process [59]
[2026-04-06 01:57:25 +0000] [59] [INFO] Waiting for application startup.
[2026-04-06 01:57:25 +0000] [59] [INFO] Application startup complete.
[2026-04-06 01:57:25 +0000] [69] [INFO] Booting worker with pid: 69
[2026-04-06 01:57:25 +0000] [62] [INFO] Started server process [62]
[2026-04-06 01:57:25 +0000] [62] [INFO] Waiting for application startup.
[2026-04-06 01:57:25 +0000] [62] [INFO] Application startup complete.
[2026-04-06 01:57:25 +0000] [63] [INFO] Started server process [63]
[2026-04-06 01:57:25 +0000] [63] [INFO] Waiting for application startup.
[2026-04-06 01:57:25 +0000] [63] [INFO] Application startup complete.
[2026-04-06 01:57:25 +0000] [72] [INFO] Booting worker with pid: 72
[2026-04-06 01:57:25 +0000] [65] [INFO] Started server process [65]
[2026-04-06 01:57:25 +0000] [65] [INFO] Waiting for application startup.
[2026-04-06 01:57:25 +0000] [65] [INFO] Application startup complete.
[2026-04-06 01:57:25 +0000] [74] [INFO] Booting worker with pid: 74
[2026-04-06 01:57:25 +0000] [75] [INFO] Booting worker with pid: 75
[2026-04-06 01:57:25 +0000] [77] [INFO] Booting worker with pid: 77
[2026-04-06 01:57:25 +0000] [67] [INFO] Started server process [67]
[2026-04-06 01:57:25 +0000] [67] [INFO] Waiting for application startup.
[2026-04-06 01:57:25 +0000] [67] [INFO] Application startup complete.
[2026-04-06 01:57:25 +0000] [78] [INFO] Booting worker with pid: 78
[2026-04-06 01:57:25 +0000] [69] [INFO] Started server process [69]
[2026-04-06 01:57:25 +0000] [69] [INFO] Waiting for application startup.
[2026-04-06 01:57:25 +0000] [69] [INFO] Application startup complete.
[2026-04-06 01:57:25 +0000] [80] [INFO] Booting worker with pid: 80
[2026-04-06 01:57:25 +0000] [81] [INFO] Booting worker with pid: 81
[2026-04-06 01:57:25 +0000] [82] [INFO] Booting worker with pid: 82
[2026-04-06 01:57:25 +0000] [83] [INFO] Booting worker with pid: 83
[2026-04-06 01:57:25 +0000] [85] [INFO] Booting worker with pid: 85
[2026-04-06 01:57:25 +0000] [72] [INFO] Started server process [72]
[2026-04-06 01:57:25 +0000] [72] [INFO] Waiting for application startup.
[2026-04-06 01:57:25 +0000] [72] [INFO] Application startup complete.
[2026-04-06 01:57:25 +0000] [74] [INFO] Started server process [74]
[2026-04-06 01:57:25 +0000] [74] [INFO] Waiting for application startup.
[2026-04-06 01:57:25 +0000] [74] [INFO] Application startup complete.
[2026-04-06 01:57:25 +0000] [75] [INFO] Started server process [75]
[2026-04-06 01:57:25 +0000] [75] [INFO] Waiting for application startup.
[2026-04-06 01:57:25 +0000] [75] [INFO] Application startup complete.
[2026-04-06 01:57:25 +0000] [88] [INFO] Booting worker with pid: 88
[2026-04-06 01:57:25 +0000] [89] [INFO] Booting worker with pid: 89
[2026-04-06 01:57:25 +0000] [77] [INFO] Started server process [77]
[2026-04-06 01:57:25 +0000] [77] [INFO] Waiting for application startup.
[2026-04-06 01:57:25 +0000] [77] [INFO] Application startup complete.
[2026-04-06 01:57:25 +0000] [92] [INFO] Booting worker with pid: 92
[2026-04-06 01:57:25 +0000] [78] [INFO] Started server process [78]
[2026-04-06 01:57:25 +0000] [78] [INFO] Waiting for application startup.
[2026-04-06 01:57:25 +0000] [78] [INFO] Application startup complete.
[2026-04-06 01:57:25 +0000] [94] [INFO] Booting worker with pid: 94
[2026-04-06 01:57:25 +0000] [80] [INFO] Started server process [80]
[2026-04-06 01:57:25 +0000] [80] [INFO] Waiting for application startup.
[2026-04-06 01:57:25 +0000] [80] [INFO] Application startup complete.
[2026-04-06 01:57:25 +0000] [81] [INFO] Started server process [81]
[2026-04-06 01:57:25 +0000] [81] [INFO] Waiting for application startup.
[2026-04-06 01:57:25 +0000] [81] [INFO] Application startup complete.
[2026-04-06 01:57:25 +0000] [82] [INFO] Started server process [82]
[2026-04-06 01:57:25 +0000] [82] [INFO] Waiting for application startup.
[2026-04-06 01:57:25 +0000] [82] [INFO] Application startup complete.
[2026-04-06 01:57:25 +0000] [83] [INFO] Started server process [83]
[2026-04-06 01:57:25 +0000] [83] [INFO] Waiting for application startup.
[2026-04-06 01:57:25 +0000] [83] [INFO] Application startup complete.
[2026-04-06 01:57:25 +0000] [85] [INFO] Started server process [85]
[2026-04-06 01:57:25 +0000] [85] [INFO] Waiting for application startup.
[2026-04-06 01:57:25 +0000] [85] [INFO] Application startup complete.
[2026-04-06 01:57:25 +0000] [99] [INFO] Booting worker with pid: 99
[2026-04-06 01:57:25 +0000] [100] [INFO] Booting worker with pid: 100
[2026-04-06 01:57:25 +0000] [101] [INFO] Booting worker with pid: 101
[2026-04-06 01:57:25 +0000] [88] [INFO] Started server process [88]
[2026-04-06 01:57:25 +0000] [88] [INFO] Waiting for application startup.
[2026-04-06 01:57:25 +0000] [88] [INFO] Application startup complete.
[2026-04-06 01:57:25 +0000] [89] [INFO] Started server process [89]
[2026-04-06 01:57:25 +0000] [89] [INFO] Waiting for application startup.
[2026-04-06 01:57:25 +0000] [89] [INFO] Application startup complete.
[2026-04-06 01:57:25 +0000] [104] [INFO] Booting worker with pid: 104
[2026-04-06 01:57:25 +0000] [92] [INFO] Started server process [92]
[2026-04-06 01:57:25 +0000] [92] [INFO] Waiting for application startup.
[2026-04-06 01:57:25 +0000] [92] [INFO] Application startup complete.
[2026-04-06 01:57:25 +0000] [106] [INFO] Booting worker with pid: 106
[2026-04-06 01:57:26 +0000] [94] [INFO] Started server process [94]
[2026-04-06 01:57:26 +0000] [94] [INFO] Waiting for application startup.
[2026-04-06 01:57:26 +0000] [94] [INFO] Application startup complete.
[2026-04-06 01:57:26 +0000] [108] [INFO] Booting worker with pid: 108
[2026-04-06 01:57:26 +0000] [99] [INFO] Started server process [99]
[2026-04-06 01:57:26 +0000] [99] [INFO] Waiting for application startup.
[2026-04-06 01:57:26 +0000] [99] [INFO] Application startup complete.
[2026-04-06 01:57:26 +0000] [101] [INFO] Started server process [101]
[2026-04-06 01:57:26 +0000] [101] [INFO] Waiting for application startup.
[2026-04-06 01:57:26 +0000] [101] [INFO] Application startup complete.
[2026-04-06 01:57:26 +0000] [112] [INFO] Booting worker with pid: 112
[2026-04-06 01:57:26 +0000] [100] [INFO] Started server process [100]
[2026-04-06 01:57:26 +0000] [100] [INFO] Waiting for application startup.
[2026-04-06 01:57:26 +0000] [100] [INFO] Application startup complete.
[2026-04-06 01:57:26 +0000] [113] [INFO] Booting worker with pid: 113
[2026-04-06 01:57:26 +0000] [114] [INFO] Booting worker with pid: 114
[2026-04-06 01:57:26 +0000] [116] [INFO] Booting worker with pid: 116
[2026-04-06 01:57:26 +0000] [117] [INFO] Booting worker with pid: 117
[2026-04-06 01:57:26 +0000] [104] [INFO] Started server process [104]
[2026-04-06 01:57:26 +0000] [104] [INFO] Waiting for application startup.
[2026-04-06 01:57:26 +0000] [104] [INFO] Application startup complete.
[2026-04-06 01:57:26 +0000] [106] [INFO] Started server process [106]
[2026-04-06 01:57:26 +0000] [106] [INFO] Waiting for application startup.
[2026-04-06 01:57:26 +0000] [106] [INFO] Application startup complete.
[2026-04-06 01:57:26 +0000] [119] [INFO] Booting worker with pid: 119
[2026-04-06 01:57:26 +0000] [121] [INFO] Booting worker with pid: 121
[2026-04-06 01:57:26 +0000] [108] [INFO] Started server process [108]
[2026-04-06 01:57:26 +0000] [108] [INFO] Waiting for application startup.
[2026-04-06 01:57:26 +0000] [108] [INFO] Application startup complete.
[2026-04-06 01:57:26 +0000] [112] [INFO] Started server process [112]
[2026-04-06 01:57:26 +0000] [112] [INFO] Waiting for application startup.
[2026-04-06 01:57:26 +0000] [112] [INFO] Application startup complete.
[2026-04-06 01:57:26 +0000] [113] [INFO] Started server process [113]
[2026-04-06 01:57:26 +0000] [113] [INFO] Waiting for application startup.
[2026-04-06 01:57:26 +0000] [113] [INFO] Application startup complete.
[2026-04-06 01:57:26 +0000] [124] [INFO] Booting worker with pid: 124
[2026-04-06 01:57:26 +0000] [127] [INFO] Booting worker with pid: 127
[2026-04-06 01:57:26 +0000] [114] [INFO] Started server process [114]
[2026-04-06 01:57:26 +0000] [114] [INFO] Waiting for application startup.
[2026-04-06 01:57:26 +0000] [114] [INFO] Application startup complete.
[2026-04-06 01:57:26 +0000] [116] [INFO] Started server process [116]
[2026-04-06 01:57:26 +0000] [116] [INFO] Waiting for application startup.
[2026-04-06 01:57:26 +0000] [116] [INFO] Application startup complete.
[2026-04-06 01:57:26 +0000] [117] [INFO] Started server process [117]
[2026-04-06 01:57:26 +0000] [117] [INFO] Waiting for application startup.
[2026-04-06 01:57:26 +0000] [117] [INFO] Application startup complete.
[2026-04-06 01:57:26 +0000] [129] [INFO] Booting worker with pid: 129
[2026-04-06 01:57:26 +0000] [119] [INFO] Started server process [119]
[2026-04-06 01:57:26 +0000] [119] [INFO] Waiting for application startup.
[2026-04-06 01:57:26 +0000] [119] [INFO] Application startup complete.
[2026-04-06 01:57:26 +0000] [121] [INFO] Started server process [121]
[2026-04-06 01:57:26 +0000] [121] [INFO] Waiting for application startup.
[2026-04-06 01:57:26 +0000] [121] [INFO] Application startup complete.
[2026-04-06 01:57:26 +0000] [124] [INFO] Started server process [124]
[2026-04-06 01:57:26 +0000] [124] [INFO] Waiting for application startup.
[2026-04-06 01:57:26 +0000] [124] [INFO] Application startup complete.
[2026-04-06 01:57:26 +0000] [127] [INFO] Started server process [127]
[2026-04-06 01:57:26 +0000] [127] [INFO] Waiting for application startup.
[2026-04-06 01:57:26 +0000] [127] [INFO] Application startup complete.
[2026-04-06 01:57:26 +0000] [129] [INFO] Started server process [129]
[2026-04-06 01:57:26 +0000] [129] [INFO] Waiting for application startup.
[2026-04-06 01:57:26 +0000] [129] [INFO] Application startup complete.
