[1] Puma starting in cluster mode...
[1] * Puma version: 6.6.1 ("Return to Forever")
[1] * Ruby version: ruby 3.4.9 (2026-03-11 revision 76cca827ab) +YJIT +PRISM [x86_64-linux]
[1] *  Min threads: 4
[1] *  Max threads: 4
[1] *  Environment: development
[1] *   Master PID: 1
[1] *      Workers: 128
[1] *     Restarts: (✔) hot (✖) phased (✖) refork
[1] * Preloading application
[1] * Listening on http://0.0.0.0:8080
[1] Use Ctrl-C to stop
[1] - Worker 0 (PID: 8) booted in 0.2s, phase: 0
[1] - Worker 1 (PID: 11) booted in 0.2s, phase: 0
[1] - Worker 2 (PID: 18) booted in 0.2s, phase: 0
[1] - Worker 3 (PID: 23) booted in 0.2s, phase: 0
[1] - Worker 4 (PID: 37) booted in 0.19s, phase: 0
[1] - Worker 5 (PID: 45) booted in 0.19s, phase: 0
[1] - Worker 6 (PID: 62) booted in 0.19s, phase: 0
[1] - Worker 7 (PID: 75) booted in 0.19s, phase: 0
[1] - Worker 8 (PID: 87) booted in 0.19s, phase: 0
[1] - Worker 9 (PID: 98) booted in 0.19s, phase: 0
[1] - Worker 10 (PID: 111) booted in 0.19s, phase: 0
[1] - Worker 11 (PID: 123) booted in 0.19s, phase: 0
[1] - Worker 12 (PID: 135) booted in 0.19s, phase: 0
[1] - Worker 13 (PID: 149) booted in 0.18s, phase: 0
[1] - Worker 14 (PID: 171) booted in 0.18s, phase: 0
[1] - Worker 15 (PID: 175) booted in 0.18s, phase: 0
[1] - Worker 16 (PID: 185) booted in 0.18s, phase: 0
[1] - Worker 17 (PID: 195) booted in 0.18s, phase: 0
[1] - Worker 18 (PID: 204) booted in 0.18s, phase: 0
[1] - Worker 19 (PID: 219) booted in 0.18s, phase: 0
[1] - Worker 20 (PID: 232) booted in 0.18s, phase: 0
[1] - Worker 21 (PID: 241) booted in 0.18s, phase: 0
[1] - Worker 22 (PID: 252) booted in 0.17s, phase: 0
[1] - Worker 23 (PID: 265) booted in 0.17s, phase: 0
[1] - Worker 24 (PID: 276) booted in 0.17s, phase: 0
[1] - Worker 25 (PID: 285) booted in 0.17s, phase: 0
[1] - Worker 26 (PID: 297) booted in 0.17s, phase: 0
[1] - Worker 27 (PID: 311) booted in 0.17s, phase: 0
[1] - Worker 28 (PID: 319) booted in 0.17s, phase: 0
[1] - Worker 29 (PID: 344) booted in 0.16s, phase: 0
[1] - Worker 30 (PID: 362) booted in 0.16s, phase: 0
[1] - Worker 31 (PID: 367) booted in 0.16s, phase: 0
[1] - Worker 32 (PID: 371) booted in 0.16s, phase: 0
[1] - Worker 33 (PID: 381) booted in 0.16s, phase: 0
[1] - Worker 34 (PID: 390) booted in 0.16s, phase: 0
[1] - Worker 35 (PID: 399) booted in 0.16s, phase: 0
[1] - Worker 36 (PID: 411) booted in 0.16s, phase: 0
[1] - Worker 37 (PID: 423) booted in 0.16s, phase: 0
[1] - Worker 38 (PID: 434) booted in 0.15s, phase: 0
[1] - Worker 39 (PID: 446) booted in 0.15s, phase: 0
[1] - Worker 40 (PID: 456) booted in 0.15s, phase: 0
[1] - Worker 41 (PID: 471) booted in 0.15s, phase: 0
[1] - Worker 42 (PID: 483) booted in 0.15s, phase: 0
[1] - Worker 43 (PID: 490) booted in 0.15s, phase: 0
[1] - Worker 44 (PID: 504) booted in 0.15s, phase: 0
[1] - Worker 45 (PID: 516) booted in 0.15s, phase: 0
[1] - Worker 46 (PID: 524) booted in 0.14s, phase: 0
[1] - Worker 47 (PID: 537) booted in 0.14s, phase: 0
[1] - Worker 48 (PID: 550) booted in 0.14s, phase: 0
[1] - Worker 49 (PID: 564) booted in 0.14s, phase: 0
[1] - Worker 50 (PID: 573) booted in 0.14s, phase: 0
[1] - Worker 51 (PID: 586) booted in 0.14s, phase: 0
[1] - Worker 52 (PID: 596) booted in 0.14s, phase: 0
[1] - Worker 53 (PID: 607) booted in 0.14s, phase: 0
[1] - Worker 54 (PID: 618) booted in 0.13s, phase: 0
[1] - Worker 55 (PID: 648) booted in 0.13s, phase: 0
[1] - Worker 56 (PID: 659) booted in 0.13s, phase: 0
[1] - Worker 57 (PID: 671) booted in 0.13s, phase: 0
[1] - Worker 58 (PID: 682) booted in 0.13s, phase: 0
[1] - Worker 59 (PID: 691) booted in 0.13s, phase: 0
[1] - Worker 60 (PID: 703) booted in 0.12s, phase: 0
[1] - Worker 61 (PID: 715) booted in 0.12s, phase: 0
[1] - Worker 62 (PID: 726) booted in 0.12s, phase: 0
[1] - Worker 63 (PID: 738) booted in 0.12s, phase: 0
[1] - Worker 64 (PID: 750) booted in 0.12s, phase: 0
[1] - Worker 65 (PID: 760) booted in 0.12s, phase: 0
[1] - Worker 66 (PID: 774) booted in 0.12s, phase: 0
[1] - Worker 67 (PID: 789) booted in 0.12s, phase: 0
[1] - Worker 68 (PID: 798) booted in 0.12s, phase: 0
[1] - Worker 69 (PID: 811) booted in 0.11s, phase: 0
[1] - Worker 70 (PID: 822) booted in 0.11s, phase: 0
[1] - Worker 71 (PID: 837) booted in 0.11s, phase: 0
[1] - Worker 72 (PID: 847) booted in 0.11s, phase: 0
[1] - Worker 73 (PID: 863) booted in 0.11s, phase: 0
[1] - Worker 74 (PID: 871) booted in 0.11s, phase: 0
[1] - Worker 75 (PID: 879) booted in 0.11s, phase: 0
[1] - Worker 76 (PID: 895) booted in 0.11s, phase: 0
[1] - Worker 77 (PID: 910) booted in 0.1s, phase: 0
[1] - Worker 78 (PID: 923) booted in 0.1s, phase: 0
[1] - Worker 79 (PID: 932) booted in 0.1s, phase: 0
[1] - Worker 80 (PID: 947) booted in 0.1s, phase: 0
[1] - Worker 81 (PID: 957) booted in 0.1s, phase: 0
[1] - Worker 82 (PID: 971) booted in 0.1s, phase: 0
[1] - Worker 83 (PID: 982) booted in 0.1s, phase: 0
[1] - Worker 84 (PID: 995) booted in 0.1s, phase: 0
[1] - Worker 85 (PID: 1004) booted in 0.1s, phase: 0
[1] - Worker 86 (PID: 1017) booted in 0.09s, phase: 0
[1] - Worker 87 (PID: 1028) booted in 0.09s, phase: 0
[1] - Worker 88 (PID: 1040) booted in 0.09s, phase: 0
[1] - Worker 89 (PID: 1052) booted in 0.09s, phase: 0
[1] - Worker 90 (PID: 1062) booted in 0.09s, phase: 0
[1] - Worker 91 (PID: 1077) booted in 0.09s, phase: 0
[1] - Worker 92 (PID: 1088) booted in 0.09s, phase: 0
[1] - Worker 93 (PID: 1103) booted in 0.09s, phase: 0
[1] - Worker 94 (PID: 1113) booted in 0.08s, phase: 0
[1] - Worker 95 (PID: 1126) booted in 0.08s, phase: 0
[1] - Worker 96 (PID: 1137) booted in 0.08s, phase: 0
[1] - Worker 97 (PID: 1151) booted in 0.08s, phase: 0
[1] - Worker 98 (PID: 1159) booted in 0.08s, phase: 0
[1] - Worker 99 (PID: 1173) booted in 0.08s, phase: 0
[1] - Worker 100 (PID: 1187) booted in 0.08s, phase: 0
[1] - Worker 101 (PID: 1199) booted in 0.08s, phase: 0
[1] - Worker 102 (PID: 1211) booted in 0.07s, phase: 0
[1] - Worker 103 (PID: 1221) booted in 0.07s, phase: 0
[1] - Worker 104 (PID: 1235) booted in 0.07s, phase: 0
[1] - Worker 105 (PID: 1246) booted in 0.07s, phase: 0
[1] - Worker 106 (PID: 1259) booted in 0.07s, phase: 0
[1] - Worker 107 (PID: 1271) booted in 0.07s, phase: 0
[1] - Worker 108 (PID: 1283) booted in 0.07s, phase: 0
[1] - Worker 109 (PID: 1291) booted in 0.07s, phase: 0
[1] - Worker 110 (PID: 1305) booted in 0.06s, phase: 0
[1] - Worker 111 (PID: 1316) booted in 0.06s, phase: 0
[1] - Worker 112 (PID: 1331) booted in 0.06s, phase: 0
[1] - Worker 113 (PID: 1342) booted in 0.06s, phase: 0
[1] - Worker 114 (PID: 1353) booted in 0.06s, phase: 0
[1] - Worker 115 (PID: 1367) booted in 0.06s, phase: 0
[1] - Worker 116 (PID: 1378) booted in 0.06s, phase: 0
[1] - Worker 117 (PID: 1391) booted in 0.06s, phase: 0
[1] - Worker 118 (PID: 1400) booted in 0.05s, phase: 0
[1] - Worker 119 (PID: 1415) booted in 0.05s, phase: 0
[1] - Worker 120 (PID: 1423) booted in 0.05s, phase: 0
[1] - Worker 121 (PID: 1439) booted in 0.05s, phase: 0
[1] - Worker 122 (PID: 1451) booted in 0.05s, phase: 0
[1] - Worker 123 (PID: 1463) booted in 0.05s, phase: 0
[1] - Worker 124 (PID: 1473) booted in 0.05s, phase: 0
[1] - Worker 125 (PID: 1485) booted in 0.05s, phase: 0
[1] - Worker 126 (PID: 1495) booted in 0.04s, phase: 0
[1] - Worker 127 (PID: 1511) booted in 0.04s, phase: 0
