[2026-03-24 21:27:26 +0000] [1] [INFO] Starting gunicorn 23.0.0
[2026-03-24 21:27:26 +0000] [1] [INFO] Listening at: http://0.0.0.0:8080 (1)
[2026-03-24 21:27:26 +0000] [1] [INFO] Using worker: uvicorn.workers.UvicornWorker
[2026-03-24 21:27:26 +0000] [7] [INFO] Booting worker with pid: 7
[2026-03-24 21:27:26 +0000] [9] [INFO] Booting worker with pid: 9
[2026-03-24 21:27:26 +0000] [7] [INFO] Started server process [7]
[2026-03-24 21:27:26 +0000] [7] [INFO] Waiting for application startup.
[2026-03-24 21:27:26 +0000] [7] [INFO] Application startup complete.
[2026-03-24 21:27:26 +0000] [9] [INFO] Started server process [9]
[2026-03-24 21:27:26 +0000] [9] [INFO] Waiting for application startup.
[2026-03-24 21:27:26 +0000] [9] [INFO] Application startup complete.
[2026-03-24 21:27:26 +0000] [11] [INFO] Booting worker with pid: 11
[2026-03-24 21:27:26 +0000] [11] [INFO] Started server process [11]
[2026-03-24 21:27:26 +0000] [11] [INFO] Waiting for application startup.
[2026-03-24 21:27:26 +0000] [11] [INFO] Application startup complete.
[2026-03-24 21:27:26 +0000] [13] [INFO] Booting worker with pid: 13
[2026-03-24 21:27:26 +0000] [13] [INFO] Started server process [13]
[2026-03-24 21:27:26 +0000] [13] [INFO] Waiting for application startup.
[2026-03-24 21:27:26 +0000] [13] [INFO] Application startup complete.
[2026-03-24 21:27:26 +0000] [15] [INFO] Booting worker with pid: 15
[2026-03-24 21:27:26 +0000] [15] [INFO] Started server process [15]
[2026-03-24 21:27:26 +0000] [15] [INFO] Waiting for application startup.
[2026-03-24 21:27:26 +0000] [15] [INFO] Application startup complete.
[2026-03-24 21:27:27 +0000] [17] [INFO] Booting worker with pid: 17
[2026-03-24 21:27:27 +0000] [17] [INFO] Started server process [17]
[2026-03-24 21:27:27 +0000] [17] [INFO] Waiting for application startup.
[2026-03-24 21:27:27 +0000] [17] [INFO] Application startup complete.
[2026-03-24 21:27:27 +0000] [19] [INFO] Booting worker with pid: 19
[2026-03-24 21:27:27 +0000] [20] [INFO] Booting worker with pid: 20
[2026-03-24 21:27:27 +0000] [19] [INFO] Started server process [19]
[2026-03-24 21:27:27 +0000] [19] [INFO] Waiting for application startup.
[2026-03-24 21:27:27 +0000] [19] [INFO] Application startup complete.
[2026-03-24 21:27:27 +0000] [23] [INFO] Booting worker with pid: 23
[2026-03-24 21:27:27 +0000] [20] [INFO] Started server process [20]
[2026-03-24 21:27:27 +0000] [20] [INFO] Waiting for application startup.
[2026-03-24 21:27:27 +0000] [20] [INFO] Application startup complete.
[2026-03-24 21:27:27 +0000] [24] [INFO] Booting worker with pid: 24
[2026-03-24 21:27:27 +0000] [25] [INFO] Booting worker with pid: 25
[2026-03-24 21:27:27 +0000] [23] [INFO] Started server process [23]
[2026-03-24 21:27:27 +0000] [23] [INFO] Waiting for application startup.
[2026-03-24 21:27:27 +0000] [23] [INFO] Application startup complete.
[2026-03-24 21:27:27 +0000] [24] [INFO] Started server process [24]
[2026-03-24 21:27:27 +0000] [24] [INFO] Waiting for application startup.
[2026-03-24 21:27:27 +0000] [24] [INFO] Application startup complete.
[2026-03-24 21:27:27 +0000] [25] [INFO] Started server process [25]
[2026-03-24 21:27:27 +0000] [25] [INFO] Waiting for application startup.
[2026-03-24 21:27:27 +0000] [25] [INFO] Application startup complete.
[2026-03-24 21:27:27 +0000] [29] [INFO] Booting worker with pid: 29
[2026-03-24 21:27:27 +0000] [29] [INFO] Started server process [29]
[2026-03-24 21:27:27 +0000] [29] [INFO] Waiting for application startup.
[2026-03-24 21:27:27 +0000] [29] [INFO] Application startup complete.
[2026-03-24 21:27:27 +0000] [31] [INFO] Booting worker with pid: 31
[2026-03-24 21:27:27 +0000] [31] [INFO] Started server process [31]
[2026-03-24 21:27:27 +0000] [31] [INFO] Waiting for application startup.
[2026-03-24 21:27:27 +0000] [31] [INFO] Application startup complete.
[2026-03-24 21:27:27 +0000] [33] [INFO] Booting worker with pid: 33
[2026-03-24 21:27:27 +0000] [34] [INFO] Booting worker with pid: 34
[2026-03-24 21:27:27 +0000] [36] [INFO] Booting worker with pid: 36
[2026-03-24 21:27:27 +0000] [33] [INFO] Started server process [33]
[2026-03-24 21:27:27 +0000] [33] [INFO] Waiting for application startup.
[2026-03-24 21:27:27 +0000] [33] [INFO] Application startup complete.
[2026-03-24 21:27:27 +0000] [34] [INFO] Started server process [34]
[2026-03-24 21:27:27 +0000] [34] [INFO] Waiting for application startup.
[2026-03-24 21:27:27 +0000] [34] [INFO] Application startup complete.
[2026-03-24 21:27:27 +0000] [38] [INFO] Booting worker with pid: 38
[2026-03-24 21:27:27 +0000] [36] [INFO] Started server process [36]
[2026-03-24 21:27:27 +0000] [36] [INFO] Waiting for application startup.
[2026-03-24 21:27:27 +0000] [36] [INFO] Application startup complete.
[2026-03-24 21:27:27 +0000] [40] [INFO] Booting worker with pid: 40
[2026-03-24 21:27:27 +0000] [38] [INFO] Started server process [38]
[2026-03-24 21:27:27 +0000] [38] [INFO] Waiting for application startup.
[2026-03-24 21:27:27 +0000] [38] [INFO] Application startup complete.
[2026-03-24 21:27:27 +0000] [43] [INFO] Booting worker with pid: 43
[2026-03-24 21:27:27 +0000] [44] [INFO] Booting worker with pid: 44
[2026-03-24 21:27:27 +0000] [40] [INFO] Started server process [40]
[2026-03-24 21:27:27 +0000] [40] [INFO] Waiting for application startup.
[2026-03-24 21:27:27 +0000] [40] [INFO] Application startup complete.
[2026-03-24 21:27:27 +0000] [43] [INFO] Started server process [43]
[2026-03-24 21:27:27 +0000] [43] [INFO] Waiting for application startup.
[2026-03-24 21:27:27 +0000] [43] [INFO] Application startup complete.
[2026-03-24 21:27:27 +0000] [44] [INFO] Started server process [44]
[2026-03-24 21:27:27 +0000] [44] [INFO] Waiting for application startup.
[2026-03-24 21:27:27 +0000] [44] [INFO] Application startup complete.
[2026-03-24 21:27:27 +0000] [47] [INFO] Booting worker with pid: 47
[2026-03-24 21:27:27 +0000] [48] [INFO] Booting worker with pid: 48
[2026-03-24 21:27:27 +0000] [51] [INFO] Booting worker with pid: 51
[2026-03-24 21:27:27 +0000] [47] [INFO] Started server process [47]
[2026-03-24 21:27:27 +0000] [47] [INFO] Waiting for application startup.
[2026-03-24 21:27:27 +0000] [47] [INFO] Application startup complete.
[2026-03-24 21:27:27 +0000] [48] [INFO] Started server process [48]
[2026-03-24 21:27:27 +0000] [48] [INFO] Waiting for application startup.
[2026-03-24 21:27:27 +0000] [48] [INFO] Application startup complete.
[2026-03-24 21:27:27 +0000] [53] [INFO] Booting worker with pid: 53
[2026-03-24 21:27:27 +0000] [51] [INFO] Started server process [51]
[2026-03-24 21:27:27 +0000] [51] [INFO] Waiting for application startup.
[2026-03-24 21:27:27 +0000] [51] [INFO] Application startup complete.
[2026-03-24 21:27:27 +0000] [54] [INFO] Booting worker with pid: 54
[2026-03-24 21:27:28 +0000] [53] [INFO] Started server process [53]
[2026-03-24 21:27:28 +0000] [53] [INFO] Waiting for application startup.
[2026-03-24 21:27:28 +0000] [53] [INFO] Application startup complete.
[2026-03-24 21:27:28 +0000] [54] [INFO] Started server process [54]
[2026-03-24 21:27:28 +0000] [54] [INFO] Waiting for application startup.
[2026-03-24 21:27:28 +0000] [54] [INFO] Application startup complete.
[2026-03-24 21:27:28 +0000] [57] [INFO] Booting worker with pid: 57
[2026-03-24 21:27:28 +0000] [57] [INFO] Started server process [57]
[2026-03-24 21:27:28 +0000] [57] [INFO] Waiting for application startup.
[2026-03-24 21:27:28 +0000] [57] [INFO] Application startup complete.
[2026-03-24 21:27:28 +0000] [59] [INFO] Booting worker with pid: 59
[2026-03-24 21:27:28 +0000] [60] [INFO] Booting worker with pid: 60
[2026-03-24 21:27:28 +0000] [59] [INFO] Started server process [59]
[2026-03-24 21:27:28 +0000] [59] [INFO] Waiting for application startup.
[2026-03-24 21:27:28 +0000] [59] [INFO] Application startup complete.
[2026-03-24 21:27:28 +0000] [60] [INFO] Started server process [60]
[2026-03-24 21:27:28 +0000] [60] [INFO] Waiting for application startup.
[2026-03-24 21:27:28 +0000] [60] [INFO] Application startup complete.
[2026-03-24 21:27:28 +0000] [63] [INFO] Booting worker with pid: 63
[2026-03-24 21:27:28 +0000] [63] [INFO] Started server process [63]
[2026-03-24 21:27:28 +0000] [63] [INFO] Waiting for application startup.
[2026-03-24 21:27:28 +0000] [63] [INFO] Application startup complete.
[2026-03-24 21:27:28 +0000] [65] [INFO] Booting worker with pid: 65
[2026-03-24 21:27:28 +0000] [66] [INFO] Booting worker with pid: 66
[2026-03-24 21:27:28 +0000] [68] [INFO] Booting worker with pid: 68
[2026-03-24 21:27:28 +0000] [65] [INFO] Started server process [65]
[2026-03-24 21:27:28 +0000] [65] [INFO] Waiting for application startup.
[2026-03-24 21:27:28 +0000] [65] [INFO] Application startup complete.
[2026-03-24 21:27:28 +0000] [69] [INFO] Booting worker with pid: 69
[2026-03-24 21:27:28 +0000] [66] [INFO] Started server process [66]
[2026-03-24 21:27:28 +0000] [66] [INFO] Waiting for application startup.
[2026-03-24 21:27:28 +0000] [66] [INFO] Application startup complete.
[2026-03-24 21:27:28 +0000] [68] [INFO] Started server process [68]
[2026-03-24 21:27:28 +0000] [68] [INFO] Waiting for application startup.
[2026-03-24 21:27:28 +0000] [68] [INFO] Application startup complete.
[2026-03-24 21:27:28 +0000] [69] [INFO] Started server process [69]
[2026-03-24 21:27:28 +0000] [69] [INFO] Waiting for application startup.
[2026-03-24 21:27:28 +0000] [69] [INFO] Application startup complete.
[2026-03-24 21:27:28 +0000] [73] [INFO] Booting worker with pid: 73
[2026-03-24 21:27:28 +0000] [73] [INFO] Started server process [73]
[2026-03-24 21:27:28 +0000] [73] [INFO] Waiting for application startup.
[2026-03-24 21:27:28 +0000] [73] [INFO] Application startup complete.
[2026-03-24 21:27:28 +0000] [75] [INFO] Booting worker with pid: 75
[2026-03-24 21:27:28 +0000] [76] [INFO] Booting worker with pid: 76
[2026-03-24 21:27:28 +0000] [75] [INFO] Started server process [75]
[2026-03-24 21:27:28 +0000] [75] [INFO] Waiting for application startup.
[2026-03-24 21:27:28 +0000] [75] [INFO] Application startup complete.
[2026-03-24 21:27:28 +0000] [79] [INFO] Booting worker with pid: 79
[2026-03-24 21:27:28 +0000] [76] [INFO] Started server process [76]
[2026-03-24 21:27:28 +0000] [76] [INFO] Waiting for application startup.
[2026-03-24 21:27:28 +0000] [76] [INFO] Application startup complete.
[2026-03-24 21:27:28 +0000] [80] [INFO] Booting worker with pid: 80
[2026-03-24 21:27:28 +0000] [79] [INFO] Started server process [79]
[2026-03-24 21:27:28 +0000] [79] [INFO] Waiting for application startup.
[2026-03-24 21:27:28 +0000] [79] [INFO] Application startup complete.
[2026-03-24 21:27:28 +0000] [82] [INFO] Booting worker with pid: 82
[2026-03-24 21:27:28 +0000] [80] [INFO] Started server process [80]
[2026-03-24 21:27:28 +0000] [80] [INFO] Waiting for application startup.
[2026-03-24 21:27:28 +0000] [80] [INFO] Application startup complete.
[2026-03-24 21:27:28 +0000] [84] [INFO] Booting worker with pid: 84
[2026-03-24 21:27:28 +0000] [82] [INFO] Started server process [82]
[2026-03-24 21:27:28 +0000] [82] [INFO] Waiting for application startup.
[2026-03-24 21:27:28 +0000] [82] [INFO] Application startup complete.
[2026-03-24 21:27:28 +0000] [86] [INFO] Booting worker with pid: 86
[2026-03-24 21:27:28 +0000] [88] [INFO] Booting worker with pid: 88
[2026-03-24 21:27:28 +0000] [84] [INFO] Started server process [84]
[2026-03-24 21:27:28 +0000] [84] [INFO] Waiting for application startup.
[2026-03-24 21:27:28 +0000] [84] [INFO] Application startup complete.
[2026-03-24 21:27:28 +0000] [89] [INFO] Booting worker with pid: 89
[2026-03-24 21:27:29 +0000] [90] [INFO] Booting worker with pid: 90
[2026-03-24 21:27:29 +0000] [92] [INFO] Booting worker with pid: 92
[2026-03-24 21:27:29 +0000] [86] [INFO] Started server process [86]
[2026-03-24 21:27:29 +0000] [86] [INFO] Waiting for application startup.
[2026-03-24 21:27:29 +0000] [86] [INFO] Application startup complete.
[2026-03-24 21:27:29 +0000] [88] [INFO] Started server process [88]
[2026-03-24 21:27:29 +0000] [88] [INFO] Waiting for application startup.
[2026-03-24 21:27:29 +0000] [88] [INFO] Application startup complete.
[2026-03-24 21:27:29 +0000] [89] [INFO] Started server process [89]
[2026-03-24 21:27:29 +0000] [89] [INFO] Waiting for application startup.
[2026-03-24 21:27:29 +0000] [89] [INFO] Application startup complete.
[2026-03-24 21:27:29 +0000] [90] [INFO] Started server process [90]
[2026-03-24 21:27:29 +0000] [90] [INFO] Waiting for application startup.
[2026-03-24 21:27:29 +0000] [90] [INFO] Application startup complete.
[2026-03-24 21:27:29 +0000] [92] [INFO] Started server process [92]
[2026-03-24 21:27:29 +0000] [92] [INFO] Waiting for application startup.
[2026-03-24 21:27:29 +0000] [92] [INFO] Application startup complete.
[2026-03-24 21:27:29 +0000] [97] [INFO] Booting worker with pid: 97
[2026-03-24 21:27:29 +0000] [99] [INFO] Booting worker with pid: 99
[2026-03-24 21:27:29 +0000] [97] [INFO] Started server process [97]
[2026-03-24 21:27:29 +0000] [97] [INFO] Waiting for application startup.
[2026-03-24 21:27:29 +0000] [97] [INFO] Application startup complete.
[2026-03-24 21:27:29 +0000] [100] [INFO] Booting worker with pid: 100
[2026-03-24 21:27:29 +0000] [99] [INFO] Started server process [99]
[2026-03-24 21:27:29 +0000] [99] [INFO] Waiting for application startup.
[2026-03-24 21:27:29 +0000] [99] [INFO] Application startup complete.
[2026-03-24 21:27:29 +0000] [102] [INFO] Booting worker with pid: 102
[2026-03-24 21:27:29 +0000] [100] [INFO] Started server process [100]
[2026-03-24 21:27:29 +0000] [100] [INFO] Waiting for application startup.
[2026-03-24 21:27:29 +0000] [100] [INFO] Application startup complete.
[2026-03-24 21:27:29 +0000] [104] [INFO] Booting worker with pid: 104
[2026-03-24 21:27:29 +0000] [106] [INFO] Booting worker with pid: 106
[2026-03-24 21:27:29 +0000] [102] [INFO] Started server process [102]
[2026-03-24 21:27:29 +0000] [102] [INFO] Waiting for application startup.
[2026-03-24 21:27:29 +0000] [102] [INFO] Application startup complete.
[2026-03-24 21:27:29 +0000] [106] [INFO] Started server process [106]
[2026-03-24 21:27:29 +0000] [106] [INFO] Waiting for application startup.
[2026-03-24 21:27:29 +0000] [106] [INFO] Application startup complete.
[2026-03-24 21:27:29 +0000] [104] [INFO] Started server process [104]
[2026-03-24 21:27:29 +0000] [104] [INFO] Waiting for application startup.
[2026-03-24 21:27:29 +0000] [104] [INFO] Application startup complete.
[2026-03-24 21:27:29 +0000] [109] [INFO] Booting worker with pid: 109
[2026-03-24 21:27:29 +0000] [110] [INFO] Booting worker with pid: 110
[2026-03-24 21:27:29 +0000] [111] [INFO] Booting worker with pid: 111
[2026-03-24 21:27:29 +0000] [110] [INFO] Started server process [110]
[2026-03-24 21:27:29 +0000] [110] [INFO] Waiting for application startup.
[2026-03-24 21:27:29 +0000] [110] [INFO] Application startup complete.
[2026-03-24 21:27:29 +0000] [109] [INFO] Started server process [109]
[2026-03-24 21:27:29 +0000] [109] [INFO] Waiting for application startup.
[2026-03-24 21:27:29 +0000] [109] [INFO] Application startup complete.
[2026-03-24 21:27:29 +0000] [114] [INFO] Booting worker with pid: 114
[2026-03-24 21:27:29 +0000] [111] [INFO] Started server process [111]
[2026-03-24 21:27:29 +0000] [111] [INFO] Waiting for application startup.
[2026-03-24 21:27:29 +0000] [111] [INFO] Application startup complete.
[2026-03-24 21:27:29 +0000] [114] [INFO] Started server process [114]
[2026-03-24 21:27:29 +0000] [114] [INFO] Waiting for application startup.
[2026-03-24 21:27:29 +0000] [114] [INFO] Application startup complete.
[2026-03-24 21:27:29 +0000] [117] [INFO] Booting worker with pid: 117
[2026-03-24 21:27:29 +0000] [119] [INFO] Booting worker with pid: 119
[2026-03-24 21:27:29 +0000] [117] [INFO] Started server process [117]
[2026-03-24 21:27:29 +0000] [117] [INFO] Waiting for application startup.
[2026-03-24 21:27:29 +0000] [117] [INFO] Application startup complete.
[2026-03-24 21:27:29 +0000] [120] [INFO] Booting worker with pid: 120
[2026-03-24 21:27:29 +0000] [122] [INFO] Booting worker with pid: 122
[2026-03-24 21:27:29 +0000] [119] [INFO] Started server process [119]
[2026-03-24 21:27:29 +0000] [119] [INFO] Waiting for application startup.
[2026-03-24 21:27:29 +0000] [119] [INFO] Application startup complete.
[2026-03-24 21:27:29 +0000] [123] [INFO] Booting worker with pid: 123
[2026-03-24 21:27:29 +0000] [125] [INFO] Booting worker with pid: 125
[2026-03-24 21:27:29 +0000] [120] [INFO] Started server process [120]
[2026-03-24 21:27:29 +0000] [120] [INFO] Waiting for application startup.
[2026-03-24 21:27:29 +0000] [120] [INFO] Application startup complete.
[2026-03-24 21:27:29 +0000] [122] [INFO] Started server process [122]
[2026-03-24 21:27:29 +0000] [122] [INFO] Waiting for application startup.
[2026-03-24 21:27:29 +0000] [122] [INFO] Application startup complete.
[2026-03-24 21:27:29 +0000] [123] [INFO] Started server process [123]
[2026-03-24 21:27:29 +0000] [123] [INFO] Waiting for application startup.
[2026-03-24 21:27:29 +0000] [123] [INFO] Application startup complete.
[2026-03-24 21:27:30 +0000] [129] [INFO] Booting worker with pid: 129
[2026-03-24 21:27:30 +0000] [125] [INFO] Started server process [125]
[2026-03-24 21:27:30 +0000] [125] [INFO] Waiting for application startup.
[2026-03-24 21:27:30 +0000] [125] [INFO] Application startup complete.
[2026-03-24 21:27:30 +0000] [130] [INFO] Booting worker with pid: 130
[2026-03-24 21:27:30 +0000] [131] [INFO] Booting worker with pid: 131
[2026-03-24 21:27:30 +0000] [129] [INFO] Started server process [129]
[2026-03-24 21:27:30 +0000] [129] [INFO] Waiting for application startup.
[2026-03-24 21:27:30 +0000] [129] [INFO] Application startup complete.
[2026-03-24 21:27:30 +0000] [133] [INFO] Booting worker with pid: 133
[2026-03-24 21:27:30 +0000] [134] [INFO] Booting worker with pid: 134
[2026-03-24 21:27:30 +0000] [130] [INFO] Started server process [130]
[2026-03-24 21:27:30 +0000] [130] [INFO] Waiting for application startup.
[2026-03-24 21:27:30 +0000] [130] [INFO] Application startup complete.
[2026-03-24 21:27:30 +0000] [136] [INFO] Booting worker with pid: 136
[2026-03-24 21:27:30 +0000] [131] [INFO] Started server process [131]
[2026-03-24 21:27:30 +0000] [131] [INFO] Waiting for application startup.
[2026-03-24 21:27:30 +0000] [131] [INFO] Application startup complete.
[2026-03-24 21:27:30 +0000] [133] [INFO] Started server process [133]
[2026-03-24 21:27:30 +0000] [133] [INFO] Waiting for application startup.
[2026-03-24 21:27:30 +0000] [133] [INFO] Application startup complete.
[2026-03-24 21:27:30 +0000] [140] [INFO] Booting worker with pid: 140
[2026-03-24 21:27:30 +0000] [134] [INFO] Started server process [134]
[2026-03-24 21:27:30 +0000] [134] [INFO] Waiting for application startup.
[2026-03-24 21:27:30 +0000] [134] [INFO] Application startup complete.
[2026-03-24 21:27:30 +0000] [136] [INFO] Started server process [136]
[2026-03-24 21:27:30 +0000] [136] [INFO] Waiting for application startup.
[2026-03-24 21:27:30 +0000] [136] [INFO] Application startup complete.
[2026-03-24 21:27:30 +0000] [142] [INFO] Booting worker with pid: 142
[2026-03-24 21:27:30 +0000] [144] [INFO] Booting worker with pid: 144
[2026-03-24 21:27:30 +0000] [140] [INFO] Started server process [140]
[2026-03-24 21:27:30 +0000] [140] [INFO] Waiting for application startup.
[2026-03-24 21:27:30 +0000] [140] [INFO] Application startup complete.
[2026-03-24 21:27:30 +0000] [145] [INFO] Booting worker with pid: 145
[2026-03-24 21:27:30 +0000] [146] [INFO] Booting worker with pid: 146
[2026-03-24 21:27:30 +0000] [148] [INFO] Booting worker with pid: 148
[2026-03-24 21:27:30 +0000] [142] [INFO] Started server process [142]
[2026-03-24 21:27:30 +0000] [142] [INFO] Waiting for application startup.
[2026-03-24 21:27:30 +0000] [142] [INFO] Application startup complete.
[2026-03-24 21:27:30 +0000] [149] [INFO] Booting worker with pid: 149
[2026-03-24 21:27:30 +0000] [144] [INFO] Started server process [144]
[2026-03-24 21:27:30 +0000] [144] [INFO] Waiting for application startup.
[2026-03-24 21:27:30 +0000] [144] [INFO] Application startup complete.
[2026-03-24 21:27:30 +0000] [145] [INFO] Started server process [145]
[2026-03-24 21:27:30 +0000] [145] [INFO] Waiting for application startup.
[2026-03-24 21:27:30 +0000] [145] [INFO] Application startup complete.
[2026-03-24 21:27:30 +0000] [146] [INFO] Started server process [146]
[2026-03-24 21:27:30 +0000] [146] [INFO] Waiting for application startup.
[2026-03-24 21:27:30 +0000] [146] [INFO] Application startup complete.
[2026-03-24 21:27:30 +0000] [153] [INFO] Booting worker with pid: 153
[2026-03-24 21:27:30 +0000] [149] [INFO] Started server process [149]
[2026-03-24 21:27:30 +0000] [149] [INFO] Waiting for application startup.
[2026-03-24 21:27:30 +0000] [149] [INFO] Application startup complete.
[2026-03-24 21:27:30 +0000] [148] [INFO] Started server process [148]
[2026-03-24 21:27:30 +0000] [148] [INFO] Waiting for application startup.
[2026-03-24 21:27:30 +0000] [148] [INFO] Application startup complete.
[2026-03-24 21:27:30 +0000] [156] [INFO] Booting worker with pid: 156
[2026-03-24 21:27:30 +0000] [153] [INFO] Started server process [153]
[2026-03-24 21:27:30 +0000] [153] [INFO] Waiting for application startup.
[2026-03-24 21:27:30 +0000] [153] [INFO] Application startup complete.
[2026-03-24 21:27:30 +0000] [158] [INFO] Booting worker with pid: 158
[2026-03-24 21:27:30 +0000] [156] [INFO] Started server process [156]
[2026-03-24 21:27:30 +0000] [156] [INFO] Waiting for application startup.
[2026-03-24 21:27:30 +0000] [156] [INFO] Application startup complete.
[2026-03-24 21:27:30 +0000] [161] [INFO] Booting worker with pid: 161
[2026-03-24 21:27:30 +0000] [158] [INFO] Started server process [158]
[2026-03-24 21:27:30 +0000] [158] [INFO] Waiting for application startup.
[2026-03-24 21:27:30 +0000] [158] [INFO] Application startup complete.
[2026-03-24 21:27:30 +0000] [162] [INFO] Booting worker with pid: 162
[2026-03-24 21:27:30 +0000] [164] [INFO] Booting worker with pid: 164
[2026-03-24 21:27:30 +0000] [161] [INFO] Started server process [161]
[2026-03-24 21:27:30 +0000] [161] [INFO] Waiting for application startup.
[2026-03-24 21:27:30 +0000] [161] [INFO] Application startup complete.
[2026-03-24 21:27:30 +0000] [162] [INFO] Started server process [162]
[2026-03-24 21:27:30 +0000] [162] [INFO] Waiting for application startup.
[2026-03-24 21:27:30 +0000] [162] [INFO] Application startup complete.
[2026-03-24 21:27:30 +0000] [166] [INFO] Booting worker with pid: 166
[2026-03-24 21:27:30 +0000] [167] [INFO] Booting worker with pid: 167
[2026-03-24 21:27:31 +0000] [164] [INFO] Started server process [164]
[2026-03-24 21:27:31 +0000] [164] [INFO] Waiting for application startup.
[2026-03-24 21:27:31 +0000] [164] [INFO] Application startup complete.
[2026-03-24 21:27:31 +0000] [169] [INFO] Booting worker with pid: 169
[2026-03-24 21:27:31 +0000] [166] [INFO] Started server process [166]
[2026-03-24 21:27:31 +0000] [166] [INFO] Waiting for application startup.
[2026-03-24 21:27:31 +0000] [166] [INFO] Application startup complete.
[2026-03-24 21:27:31 +0000] [172] [INFO] Booting worker with pid: 172
[2026-03-24 21:27:31 +0000] [167] [INFO] Started server process [167]
[2026-03-24 21:27:31 +0000] [167] [INFO] Waiting for application startup.
[2026-03-24 21:27:31 +0000] [167] [INFO] Application startup complete.
[2026-03-24 21:27:31 +0000] [169] [INFO] Started server process [169]
[2026-03-24 21:27:31 +0000] [169] [INFO] Waiting for application startup.
[2026-03-24 21:27:31 +0000] [169] [INFO] Application startup complete.
[2026-03-24 21:27:31 +0000] [174] [INFO] Booting worker with pid: 174
[2026-03-24 21:27:31 +0000] [175] [INFO] Booting worker with pid: 175
[2026-03-24 21:27:31 +0000] [177] [INFO] Booting worker with pid: 177
[2026-03-24 21:27:31 +0000] [172] [INFO] Started server process [172]
[2026-03-24 21:27:31 +0000] [172] [INFO] Waiting for application startup.
[2026-03-24 21:27:31 +0000] [172] [INFO] Application startup complete.
[2026-03-24 21:27:31 +0000] [179] [INFO] Booting worker with pid: 179
[2026-03-24 21:27:31 +0000] [174] [INFO] Started server process [174]
[2026-03-24 21:27:31 +0000] [174] [INFO] Waiting for application startup.
[2026-03-24 21:27:31 +0000] [174] [INFO] Application startup complete.
[2026-03-24 21:27:31 +0000] [175] [INFO] Started server process [175]
[2026-03-24 21:27:31 +0000] [175] [INFO] Waiting for application startup.
[2026-03-24 21:27:31 +0000] [175] [INFO] Application startup complete.
[2026-03-24 21:27:31 +0000] [177] [INFO] Started server process [177]
[2026-03-24 21:27:31 +0000] [177] [INFO] Waiting for application startup.
[2026-03-24 21:27:31 +0000] [177] [INFO] Application startup complete.
[2026-03-24 21:27:31 +0000] [182] [INFO] Booting worker with pid: 182
[2026-03-24 21:27:31 +0000] [183] [INFO] Booting worker with pid: 183
[2026-03-24 21:27:31 +0000] [179] [INFO] Started server process [179]
[2026-03-24 21:27:31 +0000] [179] [INFO] Waiting for application startup.
[2026-03-24 21:27:31 +0000] [179] [INFO] Application startup complete.
[2026-03-24 21:27:31 +0000] [185] [INFO] Booting worker with pid: 185
[2026-03-24 21:27:31 +0000] [186] [INFO] Booting worker with pid: 186
[2026-03-24 21:27:31 +0000] [188] [INFO] Booting worker with pid: 188
[2026-03-24 21:27:31 +0000] [182] [INFO] Started server process [182]
[2026-03-24 21:27:31 +0000] [182] [INFO] Waiting for application startup.
[2026-03-24 21:27:31 +0000] [182] [INFO] Application startup complete.
[2026-03-24 21:27:31 +0000] [183] [INFO] Started server process [183]
[2026-03-24 21:27:31 +0000] [183] [INFO] Waiting for application startup.
[2026-03-24 21:27:31 +0000] [183] [INFO] Application startup complete.
[2026-03-24 21:27:31 +0000] [185] [INFO] Started server process [185]
[2026-03-24 21:27:31 +0000] [185] [INFO] Waiting for application startup.
[2026-03-24 21:27:31 +0000] [185] [INFO] Application startup complete.
[2026-03-24 21:27:31 +0000] [192] [INFO] Booting worker with pid: 192
[2026-03-24 21:27:31 +0000] [186] [INFO] Started server process [186]
[2026-03-24 21:27:31 +0000] [186] [INFO] Waiting for application startup.
[2026-03-24 21:27:31 +0000] [186] [INFO] Application startup complete.
[2026-03-24 21:27:31 +0000] [194] [INFO] Booting worker with pid: 194
[2026-03-24 21:27:31 +0000] [188] [INFO] Started server process [188]
[2026-03-24 21:27:31 +0000] [188] [INFO] Waiting for application startup.
[2026-03-24 21:27:31 +0000] [188] [INFO] Application startup complete.
[2026-03-24 21:27:31 +0000] [195] [INFO] Booting worker with pid: 195
[2026-03-24 21:27:31 +0000] [192] [INFO] Started server process [192]
[2026-03-24 21:27:31 +0000] [192] [INFO] Waiting for application startup.
[2026-03-24 21:27:31 +0000] [192] [INFO] Application startup complete.
[2026-03-24 21:27:31 +0000] [197] [INFO] Booting worker with pid: 197
[2026-03-24 21:27:31 +0000] [194] [INFO] Started server process [194]
[2026-03-24 21:27:31 +0000] [194] [INFO] Waiting for application startup.
[2026-03-24 21:27:31 +0000] [194] [INFO] Application startup complete.
[2026-03-24 21:27:31 +0000] [199] [INFO] Booting worker with pid: 199
[2026-03-24 21:27:31 +0000] [195] [INFO] Started server process [195]
[2026-03-24 21:27:31 +0000] [195] [INFO] Waiting for application startup.
[2026-03-24 21:27:31 +0000] [195] [INFO] Application startup complete.
[2026-03-24 21:27:31 +0000] [197] [INFO] Started server process [197]
[2026-03-24 21:27:31 +0000] [197] [INFO] Waiting for application startup.
[2026-03-24 21:27:31 +0000] [197] [INFO] Application startup complete.
[2026-03-24 21:27:31 +0000] [202] [INFO] Booting worker with pid: 202
[2026-03-24 21:27:31 +0000] [199] [INFO] Started server process [199]
[2026-03-24 21:27:31 +0000] [199] [INFO] Waiting for application startup.
[2026-03-24 21:27:31 +0000] [199] [INFO] Application startup complete.
[2026-03-24 21:27:31 +0000] [204] [INFO] Booting worker with pid: 204
[2026-03-24 21:27:31 +0000] [206] [INFO] Booting worker with pid: 206
[2026-03-24 21:27:31 +0000] [202] [INFO] Started server process [202]
[2026-03-24 21:27:31 +0000] [202] [INFO] Waiting for application startup.
[2026-03-24 21:27:31 +0000] [202] [INFO] Application startup complete.
[2026-03-24 21:27:32 +0000] [204] [INFO] Started server process [204]
[2026-03-24 21:27:32 +0000] [204] [INFO] Waiting for application startup.
[2026-03-24 21:27:32 +0000] [204] [INFO] Application startup complete.
[2026-03-24 21:27:32 +0000] [208] [INFO] Booting worker with pid: 208
[2026-03-24 21:27:32 +0000] [209] [INFO] Booting worker with pid: 209
[2026-03-24 21:27:32 +0000] [211] [INFO] Booting worker with pid: 211
[2026-03-24 21:27:32 +0000] [212] [INFO] Booting worker with pid: 212
[2026-03-24 21:27:32 +0000] [206] [INFO] Started server process [206]
[2026-03-24 21:27:32 +0000] [206] [INFO] Waiting for application startup.
[2026-03-24 21:27:32 +0000] [206] [INFO] Application startup complete.
[2026-03-24 21:27:32 +0000] [213] [INFO] Booting worker with pid: 213
[2026-03-24 21:27:32 +0000] [208] [INFO] Started server process [208]
[2026-03-24 21:27:32 +0000] [208] [INFO] Waiting for application startup.
[2026-03-24 21:27:32 +0000] [208] [INFO] Application startup complete.
[2026-03-24 21:27:32 +0000] [209] [INFO] Started server process [209]
[2026-03-24 21:27:32 +0000] [209] [INFO] Waiting for application startup.
[2026-03-24 21:27:32 +0000] [209] [INFO] Application startup complete.
[2026-03-24 21:27:32 +0000] [211] [INFO] Started server process [211]
[2026-03-24 21:27:32 +0000] [211] [INFO] Waiting for application startup.
[2026-03-24 21:27:32 +0000] [211] [INFO] Application startup complete.
[2026-03-24 21:27:32 +0000] [212] [INFO] Started server process [212]
[2026-03-24 21:27:32 +0000] [212] [INFO] Waiting for application startup.
[2026-03-24 21:27:32 +0000] [212] [INFO] Application startup complete.
[2026-03-24 21:27:32 +0000] [218] [INFO] Booting worker with pid: 218
[2026-03-24 21:27:32 +0000] [213] [INFO] Started server process [213]
[2026-03-24 21:27:32 +0000] [213] [INFO] Waiting for application startup.
[2026-03-24 21:27:32 +0000] [213] [INFO] Application startup complete.
[2026-03-24 21:27:32 +0000] [220] [INFO] Booting worker with pid: 220
[2026-03-24 21:27:32 +0000] [218] [INFO] Started server process [218]
[2026-03-24 21:27:32 +0000] [218] [INFO] Waiting for application startup.
[2026-03-24 21:27:32 +0000] [218] [INFO] Application startup complete.
[2026-03-24 21:27:32 +0000] [222] [INFO] Booting worker with pid: 222
[2026-03-24 21:27:32 +0000] [223] [INFO] Booting worker with pid: 223
[2026-03-24 21:27:32 +0000] [220] [INFO] Started server process [220]
[2026-03-24 21:27:32 +0000] [220] [INFO] Waiting for application startup.
[2026-03-24 21:27:32 +0000] [220] [INFO] Application startup complete.
[2026-03-24 21:27:32 +0000] [222] [INFO] Started server process [222]
[2026-03-24 21:27:32 +0000] [222] [INFO] Waiting for application startup.
[2026-03-24 21:27:32 +0000] [222] [INFO] Application startup complete.
[2026-03-24 21:27:32 +0000] [226] [INFO] Booting worker with pid: 226
[2026-03-24 21:27:32 +0000] [223] [INFO] Started server process [223]
[2026-03-24 21:27:32 +0000] [223] [INFO] Waiting for application startup.
[2026-03-24 21:27:32 +0000] [223] [INFO] Application startup complete.
[2026-03-24 21:27:32 +0000] [228] [INFO] Booting worker with pid: 228
[2026-03-24 21:27:32 +0000] [230] [INFO] Booting worker with pid: 230
[2026-03-24 21:27:32 +0000] [226] [INFO] Started server process [226]
[2026-03-24 21:27:32 +0000] [226] [INFO] Waiting for application startup.
[2026-03-24 21:27:32 +0000] [226] [INFO] Application startup complete.
[2026-03-24 21:27:32 +0000] [231] [INFO] Booting worker with pid: 231
[2026-03-24 21:27:32 +0000] [228] [INFO] Started server process [228]
[2026-03-24 21:27:32 +0000] [228] [INFO] Waiting for application startup.
[2026-03-24 21:27:32 +0000] [228] [INFO] Application startup complete.
[2026-03-24 21:27:32 +0000] [230] [INFO] Started server process [230]
[2026-03-24 21:27:32 +0000] [230] [INFO] Waiting for application startup.
[2026-03-24 21:27:32 +0000] [230] [INFO] Application startup complete.
[2026-03-24 21:27:32 +0000] [234] [INFO] Booting worker with pid: 234
[2026-03-24 21:27:32 +0000] [231] [INFO] Started server process [231]
[2026-03-24 21:27:32 +0000] [231] [INFO] Waiting for application startup.
[2026-03-24 21:27:32 +0000] [231] [INFO] Application startup complete.
[2026-03-24 21:27:32 +0000] [236] [INFO] Booting worker with pid: 236
[2026-03-24 21:27:32 +0000] [234] [INFO] Started server process [234]
[2026-03-24 21:27:32 +0000] [234] [INFO] Waiting for application startup.
[2026-03-24 21:27:32 +0000] [234] [INFO] Application startup complete.
[2026-03-24 21:27:32 +0000] [238] [INFO] Booting worker with pid: 238
[2026-03-24 21:27:32 +0000] [236] [INFO] Started server process [236]
[2026-03-24 21:27:32 +0000] [236] [INFO] Waiting for application startup.
[2026-03-24 21:27:32 +0000] [236] [INFO] Application startup complete.
[2026-03-24 21:27:32 +0000] [238] [INFO] Started server process [238]
[2026-03-24 21:27:32 +0000] [238] [INFO] Waiting for application startup.
[2026-03-24 21:27:32 +0000] [238] [INFO] Application startup complete.
[2026-03-24 21:27:32 +0000] [241] [INFO] Booting worker with pid: 241
[2026-03-24 21:27:32 +0000] [242] [INFO] Booting worker with pid: 242
[2026-03-24 21:27:32 +0000] [241] [INFO] Started server process [241]
[2026-03-24 21:27:32 +0000] [241] [INFO] Waiting for application startup.
[2026-03-24 21:27:32 +0000] [241] [INFO] Application startup complete.
[2026-03-24 21:27:32 +0000] [242] [INFO] Started server process [242]
[2026-03-24 21:27:32 +0000] [242] [INFO] Waiting for application startup.
[2026-03-24 21:27:32 +0000] [242] [INFO] Application startup complete.
[2026-03-24 21:27:32 +0000] [245] [INFO] Booting worker with pid: 245
[2026-03-24 21:27:32 +0000] [246] [INFO] Booting worker with pid: 246
[2026-03-24 21:27:32 +0000] [245] [INFO] Started server process [245]
[2026-03-24 21:27:32 +0000] [245] [INFO] Waiting for application startup.
[2026-03-24 21:27:32 +0000] [245] [INFO] Application startup complete.
[2026-03-24 21:27:32 +0000] [246] [INFO] Started server process [246]
[2026-03-24 21:27:32 +0000] [246] [INFO] Waiting for application startup.
[2026-03-24 21:27:32 +0000] [246] [INFO] Application startup complete.
[2026-03-24 21:27:33 +0000] [249] [INFO] Booting worker with pid: 249
[2026-03-24 21:27:33 +0000] [250] [INFO] Booting worker with pid: 250
[2026-03-24 21:27:33 +0000] [250] [INFO] Started server process [250]
[2026-03-24 21:27:33 +0000] [250] [INFO] Waiting for application startup.
[2026-03-24 21:27:33 +0000] [250] [INFO] Application startup complete.
[2026-03-24 21:27:33 +0000] [249] [INFO] Started server process [249]
[2026-03-24 21:27:33 +0000] [249] [INFO] Waiting for application startup.
[2026-03-24 21:27:33 +0000] [249] [INFO] Application startup complete.
[2026-03-24 21:27:33 +0000] [253] [INFO] Booting worker with pid: 253
[2026-03-24 21:27:33 +0000] [254] [INFO] Booting worker with pid: 254
[2026-03-24 21:27:33 +0000] [253] [INFO] Started server process [253]
[2026-03-24 21:27:33 +0000] [253] [INFO] Waiting for application startup.
[2026-03-24 21:27:33 +0000] [253] [INFO] Application startup complete.
[2026-03-24 21:27:33 +0000] [256] [INFO] Booting worker with pid: 256
[2026-03-24 21:27:33 +0000] [254] [INFO] Started server process [254]
[2026-03-24 21:27:33 +0000] [254] [INFO] Waiting for application startup.
[2026-03-24 21:27:33 +0000] [254] [INFO] Application startup complete.
[2026-03-24 21:27:33 +0000] [256] [INFO] Started server process [256]
[2026-03-24 21:27:33 +0000] [256] [INFO] Waiting for application startup.
[2026-03-24 21:27:33 +0000] [256] [INFO] Application startup complete.
[2026-03-24 21:27:33 +0000] [259] [INFO] Booting worker with pid: 259
[2026-03-24 21:27:33 +0000] [260] [INFO] Booting worker with pid: 260
[2026-03-24 21:27:33 +0000] [259] [INFO] Started server process [259]
[2026-03-24 21:27:33 +0000] [259] [INFO] Waiting for application startup.
[2026-03-24 21:27:33 +0000] [259] [INFO] Application startup complete.
[2026-03-24 21:27:33 +0000] [260] [INFO] Started server process [260]
[2026-03-24 21:27:33 +0000] [260] [INFO] Waiting for application startup.
[2026-03-24 21:27:33 +0000] [260] [INFO] Application startup complete.
[2026-03-24 21:27:33 +0000] [263] [INFO] Booting worker with pid: 263
[2026-03-24 21:27:33 +0000] [264] [INFO] Booting worker with pid: 264
[2026-03-24 21:27:33 +0000] [263] [INFO] Started server process [263]
[2026-03-24 21:27:33 +0000] [263] [INFO] Waiting for application startup.
[2026-03-24 21:27:33 +0000] [263] [INFO] Application startup complete.
[2026-03-24 21:27:33 +0000] [266] [INFO] Booting worker with pid: 266
[2026-03-24 21:27:33 +0000] [267] [INFO] Booting worker with pid: 267
[2026-03-24 21:27:33 +0000] [264] [INFO] Started server process [264]
[2026-03-24 21:27:33 +0000] [264] [INFO] Waiting for application startup.
[2026-03-24 21:27:33 +0000] [264] [INFO] Application startup complete.
[2026-03-24 21:27:33 +0000] [266] [INFO] Started server process [266]
[2026-03-24 21:27:33 +0000] [266] [INFO] Waiting for application startup.
[2026-03-24 21:27:33 +0000] [266] [INFO] Application startup complete.
[2026-03-24 21:27:33 +0000] [267] [INFO] Started server process [267]
[2026-03-24 21:27:33 +0000] [267] [INFO] Waiting for application startup.
[2026-03-24 21:27:33 +0000] [267] [INFO] Application startup complete.
[2026-03-24 21:27:33 +0000] [271] [INFO] Booting worker with pid: 271
[2026-03-24 21:27:33 +0000] [272] [INFO] Booting worker with pid: 272
[2026-03-24 21:27:33 +0000] [274] [INFO] Booting worker with pid: 274
[2026-03-24 21:27:33 +0000] [271] [INFO] Started server process [271]
[2026-03-24 21:27:33 +0000] [271] [INFO] Waiting for application startup.
[2026-03-24 21:27:33 +0000] [271] [INFO] Application startup complete.
[2026-03-24 21:27:33 +0000] [272] [INFO] Started server process [272]
[2026-03-24 21:27:33 +0000] [272] [INFO] Waiting for application startup.
[2026-03-24 21:27:33 +0000] [272] [INFO] Application startup complete.
[2026-03-24 21:27:33 +0000] [274] [INFO] Started server process [274]
[2026-03-24 21:27:33 +0000] [274] [INFO] Waiting for application startup.
[2026-03-24 21:27:33 +0000] [274] [INFO] Application startup complete.
[2026-03-24 21:27:33 +0000] [277] [INFO] Booting worker with pid: 277
[2026-03-24 21:27:33 +0000] [277] [INFO] Started server process [277]
[2026-03-24 21:27:33 +0000] [277] [INFO] Waiting for application startup.
[2026-03-24 21:27:33 +0000] [277] [INFO] Application startup complete.
[2026-03-24 21:27:33 +0000] [279] [INFO] Booting worker with pid: 279
[2026-03-24 21:27:33 +0000] [280] [INFO] Booting worker with pid: 280
[2026-03-24 21:27:33 +0000] [281] [INFO] Booting worker with pid: 281
[2026-03-24 21:27:33 +0000] [279] [INFO] Started server process [279]
[2026-03-24 21:27:33 +0000] [279] [INFO] Waiting for application startup.
[2026-03-24 21:27:33 +0000] [279] [INFO] Application startup complete.
[2026-03-24 21:27:33 +0000] [283] [INFO] Booting worker with pid: 283
[2026-03-24 21:27:33 +0000] [280] [INFO] Started server process [280]
[2026-03-24 21:27:33 +0000] [280] [INFO] Waiting for application startup.
[2026-03-24 21:27:33 +0000] [280] [INFO] Application startup complete.
[2026-03-24 21:27:33 +0000] [281] [INFO] Started server process [281]
[2026-03-24 21:27:33 +0000] [281] [INFO] Waiting for application startup.
[2026-03-24 21:27:33 +0000] [281] [INFO] Application startup complete.
[2026-03-24 21:27:33 +0000] [287] [INFO] Booting worker with pid: 287
[2026-03-24 21:27:33 +0000] [283] [INFO] Started server process [283]
[2026-03-24 21:27:33 +0000] [283] [INFO] Waiting for application startup.
[2026-03-24 21:27:33 +0000] [283] [INFO] Application startup complete.
[2026-03-24 21:27:33 +0000] [288] [INFO] Booting worker with pid: 288
[2026-03-24 21:27:33 +0000] [287] [INFO] Started server process [287]
[2026-03-24 21:27:33 +0000] [287] [INFO] Waiting for application startup.
[2026-03-24 21:27:33 +0000] [287] [INFO] Application startup complete.
[2026-03-24 21:27:33 +0000] [288] [INFO] Started server process [288]
[2026-03-24 21:27:33 +0000] [288] [INFO] Waiting for application startup.
[2026-03-24 21:27:33 +0000] [288] [INFO] Application startup complete.
[2026-03-24 21:27:33 +0000] [291] [INFO] Booting worker with pid: 291
[2026-03-24 21:27:34 +0000] [292] [INFO] Booting worker with pid: 292
[2026-03-24 21:27:34 +0000] [291] [INFO] Started server process [291]
[2026-03-24 21:27:34 +0000] [291] [INFO] Waiting for application startup.
[2026-03-24 21:27:34 +0000] [291] [INFO] Application startup complete.
[2026-03-24 21:27:34 +0000] [295] [INFO] Booting worker with pid: 295
[2026-03-24 21:27:34 +0000] [292] [INFO] Started server process [292]
[2026-03-24 21:27:34 +0000] [292] [INFO] Waiting for application startup.
[2026-03-24 21:27:34 +0000] [292] [INFO] Application startup complete.
[2026-03-24 21:27:34 +0000] [295] [INFO] Started server process [295]
[2026-03-24 21:27:34 +0000] [295] [INFO] Waiting for application startup.
[2026-03-24 21:27:34 +0000] [295] [INFO] Application startup complete.
[2026-03-24 21:27:34 +0000] [297] [INFO] Booting worker with pid: 297
[2026-03-24 21:27:34 +0000] [298] [INFO] Booting worker with pid: 298
[2026-03-24 21:27:34 +0000] [299] [INFO] Booting worker with pid: 299
[2026-03-24 21:27:34 +0000] [297] [INFO] Started server process [297]
[2026-03-24 21:27:34 +0000] [297] [INFO] Waiting for application startup.
[2026-03-24 21:27:34 +0000] [297] [INFO] Application startup complete.
[2026-03-24 21:27:34 +0000] [298] [INFO] Started server process [298]
[2026-03-24 21:27:34 +0000] [298] [INFO] Waiting for application startup.
[2026-03-24 21:27:34 +0000] [298] [INFO] Application startup complete.
[2026-03-24 21:27:34 +0000] [299] [INFO] Started server process [299]
[2026-03-24 21:27:34 +0000] [299] [INFO] Waiting for application startup.
[2026-03-24 21:27:34 +0000] [299] [INFO] Application startup complete.
[2026-03-24 21:27:34 +0000] [303] [INFO] Booting worker with pid: 303
[2026-03-24 21:27:34 +0000] [304] [INFO] Booting worker with pid: 304
[2026-03-24 21:27:34 +0000] [303] [INFO] Started server process [303]
[2026-03-24 21:27:34 +0000] [303] [INFO] Waiting for application startup.
[2026-03-24 21:27:34 +0000] [303] [INFO] Application startup complete.
[2026-03-24 21:27:34 +0000] [304] [INFO] Started server process [304]
[2026-03-24 21:27:34 +0000] [304] [INFO] Waiting for application startup.
[2026-03-24 21:27:34 +0000] [304] [INFO] Application startup complete.
[2026-03-24 21:27:34 +0000] [307] [INFO] Booting worker with pid: 307
[2026-03-24 21:27:34 +0000] [307] [INFO] Started server process [307]
[2026-03-24 21:27:34 +0000] [307] [INFO] Waiting for application startup.
[2026-03-24 21:27:34 +0000] [307] [INFO] Application startup complete.
[2026-03-24 21:27:34 +0000] [309] [INFO] Booting worker with pid: 309
[2026-03-24 21:27:34 +0000] [309] [INFO] Started server process [309]
[2026-03-24 21:27:34 +0000] [309] [INFO] Waiting for application startup.
[2026-03-24 21:27:34 +0000] [309] [INFO] Application startup complete.
[2026-03-24 21:27:34 +0000] [311] [INFO] Booting worker with pid: 311
[2026-03-24 21:27:34 +0000] [311] [INFO] Started server process [311]
[2026-03-24 21:27:34 +0000] [311] [INFO] Waiting for application startup.
[2026-03-24 21:27:34 +0000] [311] [INFO] Application startup complete.
[2026-03-24 21:27:34 +0000] [313] [INFO] Booting worker with pid: 313
[2026-03-24 21:27:34 +0000] [314] [INFO] Booting worker with pid: 314
[2026-03-24 21:27:34 +0000] [313] [INFO] Started server process [313]
[2026-03-24 21:27:34 +0000] [313] [INFO] Waiting for application startup.
[2026-03-24 21:27:34 +0000] [313] [INFO] Application startup complete.
[2026-03-24 21:27:34 +0000] [317] [INFO] Booting worker with pid: 317
[2026-03-24 21:27:34 +0000] [314] [INFO] Started server process [314]
[2026-03-24 21:27:34 +0000] [314] [INFO] Waiting for application startup.
[2026-03-24 21:27:34 +0000] [314] [INFO] Application startup complete.
[2026-03-24 21:27:34 +0000] [318] [INFO] Booting worker with pid: 318
[2026-03-24 21:27:34 +0000] [317] [INFO] Started server process [317]
[2026-03-24 21:27:34 +0000] [317] [INFO] Waiting for application startup.
[2026-03-24 21:27:34 +0000] [317] [INFO] Application startup complete.
[2026-03-24 21:27:34 +0000] [318] [INFO] Started server process [318]
[2026-03-24 21:27:34 +0000] [318] [INFO] Waiting for application startup.
[2026-03-24 21:27:34 +0000] [318] [INFO] Application startup complete.
[2026-03-24 21:27:34 +0000] [321] [INFO] Booting worker with pid: 321
[2026-03-24 21:27:34 +0000] [322] [INFO] Booting worker with pid: 322
[2026-03-24 21:27:34 +0000] [325] [INFO] Booting worker with pid: 325
[2026-03-24 21:27:34 +0000] [321] [INFO] Started server process [321]
[2026-03-24 21:27:34 +0000] [321] [INFO] Waiting for application startup.
[2026-03-24 21:27:34 +0000] [321] [INFO] Application startup complete.
[2026-03-24 21:27:34 +0000] [322] [INFO] Started server process [322]
[2026-03-24 21:27:34 +0000] [322] [INFO] Waiting for application startup.
[2026-03-24 21:27:34 +0000] [322] [INFO] Application startup complete.
[2026-03-24 21:27:34 +0000] [325] [INFO] Started server process [325]
[2026-03-24 21:27:35 +0000] [325] [INFO] Waiting for application startup.
[2026-03-24 21:27:35 +0000] [325] [INFO] Application startup complete.
[2026-03-24 21:27:35 +0000] [327] [INFO] Booting worker with pid: 327
[2026-03-24 21:27:35 +0000] [327] [INFO] Started server process [327]
[2026-03-24 21:27:35 +0000] [327] [INFO] Waiting for application startup.
[2026-03-24 21:27:35 +0000] [327] [INFO] Application startup complete.
[2026-03-24 21:27:35 +0000] [329] [INFO] Booting worker with pid: 329
[2026-03-24 21:27:35 +0000] [330] [INFO] Booting worker with pid: 330
[2026-03-24 21:27:35 +0000] [332] [INFO] Booting worker with pid: 332
[2026-03-24 21:27:35 +0000] [329] [INFO] Started server process [329]
[2026-03-24 21:27:35 +0000] [329] [INFO] Waiting for application startup.
[2026-03-24 21:27:35 +0000] [329] [INFO] Application startup complete.
[2026-03-24 21:27:35 +0000] [330] [INFO] Started server process [330]
[2026-03-24 21:27:35 +0000] [330] [INFO] Waiting for application startup.
[2026-03-24 21:27:35 +0000] [330] [INFO] Application startup complete.
[2026-03-24 21:27:35 +0000] [335] [INFO] Booting worker with pid: 335
[2026-03-24 21:27:35 +0000] [332] [INFO] Started server process [332]
[2026-03-24 21:27:35 +0000] [332] [INFO] Waiting for application startup.
[2026-03-24 21:27:35 +0000] [332] [INFO] Application startup complete.
[2026-03-24 21:27:35 +0000] [336] [INFO] Booting worker with pid: 336
[2026-03-24 21:27:35 +0000] [337] [INFO] Booting worker with pid: 337
[2026-03-24 21:27:35 +0000] [335] [INFO] Started server process [335]
[2026-03-24 21:27:35 +0000] [335] [INFO] Waiting for application startup.
[2026-03-24 21:27:35 +0000] [335] [INFO] Application startup complete.
[2026-03-24 21:27:35 +0000] [336] [INFO] Started server process [336]
[2026-03-24 21:27:35 +0000] [336] [INFO] Waiting for application startup.
[2026-03-24 21:27:35 +0000] [336] [INFO] Application startup complete.
[2026-03-24 21:27:35 +0000] [337] [INFO] Started server process [337]
[2026-03-24 21:27:35 +0000] [337] [INFO] Waiting for application startup.
[2026-03-24 21:27:35 +0000] [337] [INFO] Application startup complete.
[2026-03-24 21:27:35 +0000] [341] [INFO] Booting worker with pid: 341
[2026-03-24 21:27:35 +0000] [342] [INFO] Booting worker with pid: 342
[2026-03-24 21:27:35 +0000] [342] [INFO] Started server process [342]
[2026-03-24 21:27:35 +0000] [342] [INFO] Waiting for application startup.
[2026-03-24 21:27:35 +0000] [342] [INFO] Application startup complete.
[2026-03-24 21:27:35 +0000] [341] [INFO] Started server process [341]
[2026-03-24 21:27:35 +0000] [341] [INFO] Waiting for application startup.
[2026-03-24 21:27:35 +0000] [341] [INFO] Application startup complete.
[2026-03-24 21:27:35 +0000] [345] [INFO] Booting worker with pid: 345
[2026-03-24 21:27:35 +0000] [345] [INFO] Started server process [345]
[2026-03-24 21:27:35 +0000] [345] [INFO] Waiting for application startup.
[2026-03-24 21:27:35 +0000] [345] [INFO] Application startup complete.
[2026-03-24 21:27:35 +0000] [347] [INFO] Booting worker with pid: 347
[2026-03-24 21:27:35 +0000] [347] [INFO] Started server process [347]
[2026-03-24 21:27:35 +0000] [347] [INFO] Waiting for application startup.
[2026-03-24 21:27:35 +0000] [347] [INFO] Application startup complete.
[2026-03-24 21:27:35 +0000] [349] [INFO] Booting worker with pid: 349
[2026-03-24 21:27:35 +0000] [351] [INFO] Booting worker with pid: 351
[2026-03-24 21:27:35 +0000] [349] [INFO] Started server process [349]
[2026-03-24 21:27:35 +0000] [349] [INFO] Waiting for application startup.
[2026-03-24 21:27:35 +0000] [349] [INFO] Application startup complete.
[2026-03-24 21:27:35 +0000] [352] [INFO] Booting worker with pid: 352
[2026-03-24 21:27:35 +0000] [353] [INFO] Booting worker with pid: 353
[2026-03-24 21:27:35 +0000] [354] [INFO] Booting worker with pid: 354
[2026-03-24 21:27:35 +0000] [351] [INFO] Started server process [351]
[2026-03-24 21:27:35 +0000] [351] [INFO] Waiting for application startup.
[2026-03-24 21:27:35 +0000] [351] [INFO] Application startup complete.
[2026-03-24 21:27:36 +0000] [356] [INFO] Booting worker with pid: 356
[2026-03-24 21:27:36 +0000] [359] [INFO] Booting worker with pid: 359
[2026-03-24 21:27:36 +0000] [352] [INFO] Started server process [352]
[2026-03-24 21:27:36 +0000] [352] [INFO] Waiting for application startup.
[2026-03-24 21:27:36 +0000] [352] [INFO] Application startup complete.
[2026-03-24 21:27:36 +0000] [353] [INFO] Started server process [353]
[2026-03-24 21:27:36 +0000] [353] [INFO] Waiting for application startup.
[2026-03-24 21:27:36 +0000] [353] [INFO] Application startup complete.
[2026-03-24 21:27:36 +0000] [361] [INFO] Booting worker with pid: 361
[2026-03-24 21:27:36 +0000] [354] [INFO] Started server process [354]
[2026-03-24 21:27:36 +0000] [354] [INFO] Waiting for application startup.
[2026-03-24 21:27:36 +0000] [354] [INFO] Application startup complete.
[2026-03-24 21:27:36 +0000] [362] [INFO] Booting worker with pid: 362
[2026-03-24 21:27:36 +0000] [359] [INFO] Started server process [359]
[2026-03-24 21:27:36 +0000] [359] [INFO] Waiting for application startup.
[2026-03-24 21:27:36 +0000] [359] [INFO] Application startup complete.
[2026-03-24 21:27:36 +0000] [364] [INFO] Booting worker with pid: 364
[2026-03-24 21:27:36 +0000] [366] [INFO] Booting worker with pid: 366
[2026-03-24 21:27:36 +0000] [356] [INFO] Started server process [356]
[2026-03-24 21:27:36 +0000] [356] [INFO] Waiting for application startup.
[2026-03-24 21:27:36 +0000] [356] [INFO] Application startup complete.
[2026-03-24 21:27:36 +0000] [367] [INFO] Booting worker with pid: 367
[2026-03-24 21:27:36 +0000] [361] [INFO] Started server process [361]
[2026-03-24 21:27:36 +0000] [361] [INFO] Waiting for application startup.
[2026-03-24 21:27:36 +0000] [361] [INFO] Application startup complete.
[2026-03-24 21:27:36 +0000] [370] [INFO] Booting worker with pid: 370
[2026-03-24 21:27:36 +0000] [362] [INFO] Started server process [362]
[2026-03-24 21:27:36 +0000] [362] [INFO] Waiting for application startup.
[2026-03-24 21:27:36 +0000] [362] [INFO] Application startup complete.
[2026-03-24 21:27:36 +0000] [371] [INFO] Booting worker with pid: 371
[2026-03-24 21:27:36 +0000] [374] [INFO] Booting worker with pid: 374
[2026-03-24 21:27:36 +0000] [366] [INFO] Started server process [366]
[2026-03-24 21:27:36 +0000] [366] [INFO] Waiting for application startup.
[2026-03-24 21:27:36 +0000] [366] [INFO] Application startup complete.
[2026-03-24 21:27:36 +0000] [364] [INFO] Started server process [364]
[2026-03-24 21:27:36 +0000] [364] [INFO] Waiting for application startup.
[2026-03-24 21:27:36 +0000] [364] [INFO] Application startup complete.
[2026-03-24 21:27:36 +0000] [367] [INFO] Started server process [367]
[2026-03-24 21:27:36 +0000] [367] [INFO] Waiting for application startup.
[2026-03-24 21:27:36 +0000] [367] [INFO] Application startup complete.
[2026-03-24 21:27:36 +0000] [376] [INFO] Booting worker with pid: 376
[2026-03-24 21:27:36 +0000] [377] [INFO] Booting worker with pid: 377
[2026-03-24 21:27:36 +0000] [370] [INFO] Started server process [370]
[2026-03-24 21:27:36 +0000] [370] [INFO] Waiting for application startup.
[2026-03-24 21:27:36 +0000] [370] [INFO] Application startup complete.
[2026-03-24 21:27:36 +0000] [380] [INFO] Booting worker with pid: 380
[2026-03-24 21:27:36 +0000] [371] [INFO] Started server process [371]
[2026-03-24 21:27:36 +0000] [371] [INFO] Waiting for application startup.
[2026-03-24 21:27:36 +0000] [371] [INFO] Application startup complete.
[2026-03-24 21:27:36 +0000] [374] [INFO] Started server process [374]
[2026-03-24 21:27:36 +0000] [374] [INFO] Waiting for application startup.
[2026-03-24 21:27:36 +0000] [374] [INFO] Application startup complete.
[2026-03-24 21:27:36 +0000] [383] [INFO] Booting worker with pid: 383
[2026-03-24 21:27:36 +0000] [377] [INFO] Started server process [377]
[2026-03-24 21:27:36 +0000] [377] [INFO] Waiting for application startup.
[2026-03-24 21:27:36 +0000] [377] [INFO] Application startup complete.
[2026-03-24 21:27:36 +0000] [385] [INFO] Booting worker with pid: 385
[2026-03-24 21:27:36 +0000] [376] [INFO] Started server process [376]
[2026-03-24 21:27:36 +0000] [376] [INFO] Waiting for application startup.
[2026-03-24 21:27:36 +0000] [376] [INFO] Application startup complete.
[2026-03-24 21:27:37 +0000] [380] [INFO] Started server process [380]
[2026-03-24 21:27:37 +0000] [380] [INFO] Waiting for application startup.
[2026-03-24 21:27:37 +0000] [380] [INFO] Application startup complete.
[2026-03-24 21:27:37 +0000] [387] [INFO] Booting worker with pid: 387
[2026-03-24 21:27:37 +0000] [385] [INFO] Started server process [385]
[2026-03-24 21:27:37 +0000] [385] [INFO] Waiting for application startup.
[2026-03-24 21:27:37 +0000] [385] [INFO] Application startup complete.
[2026-03-24 21:27:37 +0000] [389] [INFO] Booting worker with pid: 389
[2026-03-24 21:27:37 +0000] [390] [INFO] Booting worker with pid: 390
[2026-03-24 21:27:37 +0000] [387] [INFO] Started server process [387]
[2026-03-24 21:27:37 +0000] [387] [INFO] Waiting for application startup.
[2026-03-24 21:27:37 +0000] [387] [INFO] Application startup complete.
[2026-03-24 21:27:37 +0000] [392] [INFO] Booting worker with pid: 392
[2026-03-24 21:27:37 +0000] [389] [INFO] Started server process [389]
[2026-03-24 21:27:37 +0000] [389] [INFO] Waiting for application startup.
[2026-03-24 21:27:37 +0000] [389] [INFO] Application startup complete.
[2026-03-24 21:27:37 +0000] [383] [INFO] Started server process [383]
[2026-03-24 21:27:37 +0000] [383] [INFO] Waiting for application startup.
[2026-03-24 21:27:37 +0000] [383] [INFO] Application startup complete.
[2026-03-24 21:27:37 +0000] [395] [INFO] Booting worker with pid: 395
[2026-03-24 21:27:37 +0000] [397] [INFO] Booting worker with pid: 397
[2026-03-24 21:27:37 +0000] [392] [INFO] Started server process [392]
[2026-03-24 21:27:37 +0000] [392] [INFO] Waiting for application startup.
[2026-03-24 21:27:37 +0000] [392] [INFO] Application startup complete.
[2026-03-24 21:27:37 +0000] [398] [INFO] Booting worker with pid: 398
[2026-03-24 21:27:37 +0000] [400] [INFO] Booting worker with pid: 400
[2026-03-24 21:27:37 +0000] [390] [INFO] Started server process [390]
[2026-03-24 21:27:37 +0000] [390] [INFO] Waiting for application startup.
[2026-03-24 21:27:37 +0000] [390] [INFO] Application startup complete.
[2026-03-24 21:27:37 +0000] [401] [INFO] Booting worker with pid: 401
[2026-03-24 21:27:37 +0000] [403] [INFO] Booting worker with pid: 403
[2026-03-24 21:27:37 +0000] [395] [INFO] Started server process [395]
[2026-03-24 21:27:37 +0000] [395] [INFO] Waiting for application startup.
[2026-03-24 21:27:37 +0000] [395] [INFO] Application startup complete.
[2026-03-24 21:27:37 +0000] [406] [INFO] Booting worker with pid: 406
[2026-03-24 21:27:37 +0000] [397] [INFO] Started server process [397]
[2026-03-24 21:27:37 +0000] [397] [INFO] Waiting for application startup.
[2026-03-24 21:27:37 +0000] [397] [INFO] Application startup complete.
[2026-03-24 21:27:37 +0000] [400] [INFO] Started server process [400]
[2026-03-24 21:27:37 +0000] [400] [INFO] Waiting for application startup.
[2026-03-24 21:27:37 +0000] [400] [INFO] Application startup complete.
[2026-03-24 21:27:37 +0000] [403] [INFO] Started server process [403]
[2026-03-24 21:27:37 +0000] [403] [INFO] Waiting for application startup.
[2026-03-24 21:27:37 +0000] [403] [INFO] Application startup complete.
[2026-03-24 21:27:37 +0000] [409] [INFO] Booting worker with pid: 409
[2026-03-24 21:27:37 +0000] [398] [INFO] Started server process [398]
[2026-03-24 21:27:37 +0000] [398] [INFO] Waiting for application startup.
[2026-03-24 21:27:37 +0000] [398] [INFO] Application startup complete.
[2026-03-24 21:27:37 +0000] [412] [INFO] Booting worker with pid: 412
[2026-03-24 21:27:37 +0000] [401] [INFO] Started server process [401]
[2026-03-24 21:27:37 +0000] [401] [INFO] Waiting for application startup.
[2026-03-24 21:27:37 +0000] [401] [INFO] Application startup complete.
[2026-03-24 21:27:37 +0000] [406] [INFO] Started server process [406]
[2026-03-24 21:27:37 +0000] [406] [INFO] Waiting for application startup.
[2026-03-24 21:27:37 +0000] [406] [INFO] Application startup complete.
[2026-03-24 21:27:37 +0000] [413] [INFO] Booting worker with pid: 413
[2026-03-24 21:27:37 +0000] [412] [INFO] Started server process [412]
[2026-03-24 21:27:37 +0000] [412] [INFO] Waiting for application startup.
[2026-03-24 21:27:37 +0000] [409] [INFO] Started server process [409]
[2026-03-24 21:27:37 +0000] [409] [INFO] Waiting for application startup.
[2026-03-24 21:27:37 +0000] [412] [INFO] Application startup complete.
[2026-03-24 21:27:37 +0000] [409] [INFO] Application startup complete.
[2026-03-24 21:27:37 +0000] [416] [INFO] Booting worker with pid: 416
[2026-03-24 21:27:38 +0000] [417] [INFO] Booting worker with pid: 417
[2026-03-24 21:27:38 +0000] [413] [INFO] Started server process [413]
[2026-03-24 21:27:38 +0000] [413] [INFO] Waiting for application startup.
[2026-03-24 21:27:38 +0000] [413] [INFO] Application startup complete.
[2026-03-24 21:27:38 +0000] [419] [INFO] Booting worker with pid: 419
[2026-03-24 21:27:38 +0000] [416] [INFO] Started server process [416]
[2026-03-24 21:27:38 +0000] [416] [INFO] Waiting for application startup.
[2026-03-24 21:27:38 +0000] [416] [INFO] Application startup complete.
[2026-03-24 21:27:38 +0000] [421] [INFO] Booting worker with pid: 421
[2026-03-24 21:27:38 +0000] [417] [INFO] Started server process [417]
[2026-03-24 21:27:38 +0000] [417] [INFO] Waiting for application startup.
[2026-03-24 21:27:38 +0000] [417] [INFO] Application startup complete.
[2026-03-24 21:27:38 +0000] [424] [INFO] Booting worker with pid: 424
[2026-03-24 21:27:38 +0000] [419] [INFO] Started server process [419]
[2026-03-24 21:27:38 +0000] [419] [INFO] Waiting for application startup.
[2026-03-24 21:27:38 +0000] [419] [INFO] Application startup complete.
[2026-03-24 21:27:38 +0000] [425] [INFO] Booting worker with pid: 425
[2026-03-24 21:27:38 +0000] [426] [INFO] Booting worker with pid: 426
[2026-03-24 21:27:38 +0000] [427] [INFO] Booting worker with pid: 427
[2026-03-24 21:27:38 +0000] [424] [INFO] Started server process [424]
[2026-03-24 21:27:38 +0000] [424] [INFO] Waiting for application startup.
[2026-03-24 21:27:38 +0000] [424] [INFO] Application startup complete.
[2026-03-24 21:27:38 +0000] [425] [INFO] Started server process [425]
[2026-03-24 21:27:38 +0000] [425] [INFO] Waiting for application startup.
[2026-03-24 21:27:38 +0000] [425] [INFO] Application startup complete.
[2026-03-24 21:27:38 +0000] [430] [INFO] Booting worker with pid: 430
[2026-03-24 21:27:38 +0000] [432] [INFO] Booting worker with pid: 432
[2026-03-24 21:27:38 +0000] [433] [INFO] Booting worker with pid: 433
[2026-03-24 21:27:38 +0000] [421] [INFO] Started server process [421]
[2026-03-24 21:27:38 +0000] [421] [INFO] Waiting for application startup.
[2026-03-24 21:27:38 +0000] [421] [INFO] Application startup complete.
[2026-03-24 21:27:38 +0000] [436] [INFO] Booting worker with pid: 436
[2026-03-24 21:27:38 +0000] [426] [INFO] Started server process [426]
[2026-03-24 21:27:38 +0000] [426] [INFO] Waiting for application startup.
[2026-03-24 21:27:38 +0000] [426] [INFO] Application startup complete.
[2026-03-24 21:27:38 +0000] [432] [INFO] Started server process [432]
[2026-03-24 21:27:38 +0000] [432] [INFO] Waiting for application startup.
[2026-03-24 21:27:38 +0000] [432] [INFO] Application startup complete.
[2026-03-24 21:27:38 +0000] [427] [INFO] Started server process [427]
[2026-03-24 21:27:38 +0000] [427] [INFO] Waiting for application startup.
[2026-03-24 21:27:38 +0000] [427] [INFO] Application startup complete.
[2026-03-24 21:27:38 +0000] [439] [INFO] Booting worker with pid: 439
[2026-03-24 21:27:38 +0000] [440] [INFO] Booting worker with pid: 440
[2026-03-24 21:27:38 +0000] [430] [INFO] Started server process [430]
[2026-03-24 21:27:38 +0000] [430] [INFO] Waiting for application startup.
[2026-03-24 21:27:38 +0000] [430] [INFO] Application startup complete.
[2026-03-24 21:27:38 +0000] [441] [INFO] Booting worker with pid: 441
[2026-03-24 21:27:38 +0000] [442] [INFO] Booting worker with pid: 442
[2026-03-24 21:27:39 +0000] [445] [INFO] Booting worker with pid: 445
[2026-03-24 21:27:39 +0000] [440] [INFO] Started server process [440]
[2026-03-24 21:27:39 +0000] [440] [INFO] Waiting for application startup.
[2026-03-24 21:27:39 +0000] [440] [INFO] Application startup complete.
[2026-03-24 21:27:39 +0000] [436] [INFO] Started server process [436]
[2026-03-24 21:27:39 +0000] [436] [INFO] Waiting for application startup.
[2026-03-24 21:27:39 +0000] [436] [INFO] Application startup complete.
[2026-03-24 21:27:39 +0000] [448] [INFO] Booting worker with pid: 448
[2026-03-24 21:27:39 +0000] [450] [INFO] Booting worker with pid: 450
[2026-03-24 21:27:39 +0000] [451] [INFO] Booting worker with pid: 451
[2026-03-24 21:27:39 +0000] [441] [INFO] Started server process [441]
[2026-03-24 21:27:39 +0000] [441] [INFO] Waiting for application startup.
[2026-03-24 21:27:39 +0000] [441] [INFO] Application startup complete.
[2026-03-24 21:27:39 +0000] [433] [INFO] Started server process [433]
[2026-03-24 21:27:39 +0000] [433] [INFO] Waiting for application startup.
[2026-03-24 21:27:39 +0000] [433] [INFO] Application startup complete.
[2026-03-24 21:27:39 +0000] [453] [INFO] Booting worker with pid: 453
[2026-03-24 21:27:39 +0000] [439] [INFO] Started server process [439]
[2026-03-24 21:27:39 +0000] [439] [INFO] Waiting for application startup.
[2026-03-24 21:27:39 +0000] [439] [INFO] Application startup complete.
[2026-03-24 21:27:39 +0000] [454] [INFO] Booting worker with pid: 454
[2026-03-24 21:27:39 +0000] [456] [INFO] Booting worker with pid: 456
[2026-03-24 21:27:39 +0000] [442] [INFO] Started server process [442]
[2026-03-24 21:27:39 +0000] [442] [INFO] Waiting for application startup.
[2026-03-24 21:27:39 +0000] [442] [INFO] Application startup complete.
[2026-03-24 21:27:39 +0000] [445] [INFO] Started server process [445]
[2026-03-24 21:27:39 +0000] [445] [INFO] Waiting for application startup.
[2026-03-24 21:27:39 +0000] [445] [INFO] Application startup complete.
[2026-03-24 21:27:39 +0000] [457] [INFO] Booting worker with pid: 457
[2026-03-24 21:27:39 +0000] [458] [INFO] Booting worker with pid: 458
[2026-03-24 21:27:39 +0000] [459] [INFO] Booting worker with pid: 459
[2026-03-24 21:27:39 +0000] [461] [INFO] Booting worker with pid: 461
[2026-03-24 21:27:39 +0000] [448] [INFO] Started server process [448]
[2026-03-24 21:27:39 +0000] [448] [INFO] Waiting for application startup.
[2026-03-24 21:27:39 +0000] [448] [INFO] Application startup complete.
[2026-03-24 21:27:39 +0000] [462] [INFO] Booting worker with pid: 462
[2026-03-24 21:27:39 +0000] [464] [INFO] Booting worker with pid: 464
[2026-03-24 21:27:39 +0000] [451] [INFO] Started server process [451]
[2026-03-24 21:27:39 +0000] [451] [INFO] Waiting for application startup.
[2026-03-24 21:27:39 +0000] [451] [INFO] Application startup complete.
[2026-03-24 21:27:39 +0000] [456] [INFO] Started server process [456]
[2026-03-24 21:27:39 +0000] [456] [INFO] Waiting for application startup.
[2026-03-24 21:27:39 +0000] [456] [INFO] Application startup complete.
[2026-03-24 21:27:39 +0000] [461] [INFO] Started server process [461]
[2026-03-24 21:27:39 +0000] [461] [INFO] Waiting for application startup.
[2026-03-24 21:27:39 +0000] [461] [INFO] Application startup complete.
[2026-03-24 21:27:39 +0000] [450] [INFO] Started server process [450]
[2026-03-24 21:27:39 +0000] [450] [INFO] Waiting for application startup.
[2026-03-24 21:27:39 +0000] [450] [INFO] Application startup complete.
[2026-03-24 21:27:39 +0000] [471] [INFO] Booting worker with pid: 471
[2026-03-24 21:27:39 +0000] [453] [INFO] Started server process [453]
[2026-03-24 21:27:39 +0000] [458] [INFO] Started server process [458]
[2026-03-24 21:27:39 +0000] [458] [INFO] Waiting for application startup.
[2026-03-24 21:27:39 +0000] [458] [INFO] Application startup complete.
[2026-03-24 21:27:39 +0000] [453] [INFO] Waiting for application startup.
[2026-03-24 21:27:39 +0000] [453] [INFO] Application startup complete.
[2026-03-24 21:27:39 +0000] [473] [INFO] Booting worker with pid: 473
[2026-03-24 21:27:39 +0000] [454] [INFO] Started server process [454]
[2026-03-24 21:27:39 +0000] [454] [INFO] Waiting for application startup.
[2026-03-24 21:27:39 +0000] [454] [INFO] Application startup complete.
[2026-03-24 21:27:39 +0000] [457] [INFO] Started server process [457]
[2026-03-24 21:27:39 +0000] [474] [INFO] Booting worker with pid: 474
[2026-03-24 21:27:39 +0000] [457] [INFO] Waiting for application startup.
[2026-03-24 21:27:39 +0000] [457] [INFO] Application startup complete.
[2026-03-24 21:27:39 +0000] [476] [INFO] Booting worker with pid: 476
[2026-03-24 21:27:39 +0000] [459] [INFO] Started server process [459]
[2026-03-24 21:27:39 +0000] [459] [INFO] Waiting for application startup.
[2026-03-24 21:27:39 +0000] [459] [INFO] Application startup complete.
[2026-03-24 21:27:39 +0000] [462] [INFO] Started server process [462]
[2026-03-24 21:27:39 +0000] [462] [INFO] Waiting for application startup.
[2026-03-24 21:27:39 +0000] [462] [INFO] Application startup complete.
[2026-03-24 21:27:39 +0000] [479] [INFO] Booting worker with pid: 479
[2026-03-24 21:27:39 +0000] [480] [INFO] Booting worker with pid: 480
[2026-03-24 21:27:39 +0000] [471] [INFO] Started server process [471]
[2026-03-24 21:27:39 +0000] [471] [INFO] Waiting for application startup.
[2026-03-24 21:27:39 +0000] [471] [INFO] Application startup complete.
[2026-03-24 21:27:39 +0000] [473] [INFO] Started server process [473]
[2026-03-24 21:27:39 +0000] [473] [INFO] Waiting for application startup.
[2026-03-24 21:27:39 +0000] [473] [INFO] Application startup complete.
[2026-03-24 21:27:39 +0000] [474] [INFO] Started server process [474]
[2026-03-24 21:27:39 +0000] [474] [INFO] Waiting for application startup.
[2026-03-24 21:27:39 +0000] [474] [INFO] Application startup complete.
[2026-03-24 21:27:39 +0000] [464] [INFO] Started server process [464]
[2026-03-24 21:27:39 +0000] [464] [INFO] Waiting for application startup.
[2026-03-24 21:27:39 +0000] [464] [INFO] Application startup complete.
[2026-03-24 21:27:39 +0000] [484] [INFO] Booting worker with pid: 484
[2026-03-24 21:27:39 +0000] [485] [INFO] Booting worker with pid: 485
[2026-03-24 21:27:39 +0000] [480] [INFO] Started server process [480]
[2026-03-24 21:27:39 +0000] [480] [INFO] Waiting for application startup.
[2026-03-24 21:27:39 +0000] [480] [INFO] Application startup complete.
[2026-03-24 21:27:39 +0000] [476] [INFO] Started server process [476]
[2026-03-24 21:27:39 +0000] [476] [INFO] Waiting for application startup.
[2026-03-24 21:27:39 +0000] [476] [INFO] Application startup complete.
[2026-03-24 21:27:39 +0000] [479] [INFO] Started server process [479]
[2026-03-24 21:27:39 +0000] [479] [INFO] Waiting for application startup.
[2026-03-24 21:27:39 +0000] [479] [INFO] Application startup complete.
[2026-03-24 21:27:39 +0000] [489] [INFO] Booting worker with pid: 489
[2026-03-24 21:27:39 +0000] [484] [INFO] Started server process [484]
[2026-03-24 21:27:39 +0000] [484] [INFO] Waiting for application startup.
[2026-03-24 21:27:39 +0000] [484] [INFO] Application startup complete.
[2026-03-24 21:27:39 +0000] [485] [INFO] Started server process [485]
[2026-03-24 21:27:39 +0000] [485] [INFO] Waiting for application startup.
[2026-03-24 21:27:39 +0000] [485] [INFO] Application startup complete.
[2026-03-24 21:27:39 +0000] [492] [INFO] Booting worker with pid: 492
[2026-03-24 21:27:39 +0000] [489] [INFO] Started server process [489]
[2026-03-24 21:27:39 +0000] [489] [INFO] Waiting for application startup.
[2026-03-24 21:27:39 +0000] [489] [INFO] Application startup complete.
[2026-03-24 21:27:39 +0000] [495] [INFO] Booting worker with pid: 495
[2026-03-24 21:27:39 +0000] [492] [INFO] Started server process [492]
[2026-03-24 21:27:39 +0000] [492] [INFO] Waiting for application startup.
[2026-03-24 21:27:39 +0000] [492] [INFO] Application startup complete.
[2026-03-24 21:27:39 +0000] [496] [INFO] Booting worker with pid: 496
[2026-03-24 21:27:39 +0000] [495] [INFO] Started server process [495]
[2026-03-24 21:27:39 +0000] [495] [INFO] Waiting for application startup.
[2026-03-24 21:27:39 +0000] [495] [INFO] Application startup complete.
[2026-03-24 21:27:40 +0000] [496] [INFO] Started server process [496]
[2026-03-24 21:27:40 +0000] [496] [INFO] Waiting for application startup.
[2026-03-24 21:27:40 +0000] [496] [INFO] Application startup complete.
[2026-03-24 21:27:40 +0000] [499] [INFO] Booting worker with pid: 499
[2026-03-24 21:27:40 +0000] [501] [INFO] Booting worker with pid: 501
[2026-03-24 21:27:40 +0000] [499] [INFO] Started server process [499]
[2026-03-24 21:27:40 +0000] [499] [INFO] Waiting for application startup.
[2026-03-24 21:27:40 +0000] [499] [INFO] Application startup complete.
[2026-03-24 21:27:40 +0000] [501] [INFO] Started server process [501]
[2026-03-24 21:27:40 +0000] [501] [INFO] Waiting for application startup.
[2026-03-24 21:27:40 +0000] [501] [INFO] Application startup complete.
[2026-03-24 21:27:40 +0000] [503] [INFO] Booting worker with pid: 503
[2026-03-24 21:27:40 +0000] [504] [INFO] Booting worker with pid: 504
[2026-03-24 21:27:40 +0000] [505] [INFO] Booting worker with pid: 505
[2026-03-24 21:27:40 +0000] [503] [INFO] Started server process [503]
[2026-03-24 21:27:40 +0000] [503] [INFO] Waiting for application startup.
[2026-03-24 21:27:40 +0000] [503] [INFO] Application startup complete.
[2026-03-24 21:27:40 +0000] [504] [INFO] Started server process [504]
[2026-03-24 21:27:40 +0000] [504] [INFO] Waiting for application startup.
[2026-03-24 21:27:40 +0000] [504] [INFO] Application startup complete.
[2026-03-24 21:27:40 +0000] [509] [INFO] Booting worker with pid: 509
[2026-03-24 21:27:40 +0000] [505] [INFO] Started server process [505]
[2026-03-24 21:27:40 +0000] [505] [INFO] Waiting for application startup.
[2026-03-24 21:27:40 +0000] [505] [INFO] Application startup complete.
[2026-03-24 21:27:40 +0000] [510] [INFO] Booting worker with pid: 510
[2026-03-24 21:27:40 +0000] [509] [INFO] Started server process [509]
[2026-03-24 21:27:40 +0000] [509] [INFO] Waiting for application startup.
[2026-03-24 21:27:40 +0000] [509] [INFO] Application startup complete.
[2026-03-24 21:27:40 +0000] [510] [INFO] Started server process [510]
[2026-03-24 21:27:40 +0000] [510] [INFO] Waiting for application startup.
[2026-03-24 21:27:40 +0000] [510] [INFO] Application startup complete.
[2026-03-24 21:27:40 +0000] [513] [INFO] Booting worker with pid: 513
[2026-03-24 21:27:40 +0000] [514] [INFO] Booting worker with pid: 514
[2026-03-24 21:27:40 +0000] [513] [INFO] Started server process [513]
[2026-03-24 21:27:40 +0000] [513] [INFO] Waiting for application startup.
[2026-03-24 21:27:40 +0000] [513] [INFO] Application startup complete.
[2026-03-24 21:27:40 +0000] [514] [INFO] Started server process [514]
[2026-03-24 21:27:40 +0000] [514] [INFO] Waiting for application startup.
[2026-03-24 21:27:40 +0000] [514] [INFO] Application startup complete.
[2026-03-24 21:27:40 +0000] [517] [INFO] Booting worker with pid: 517
[2026-03-24 21:27:40 +0000] [517] [INFO] Started server process [517]
[2026-03-24 21:27:40 +0000] [517] [INFO] Waiting for application startup.
[2026-03-24 21:27:40 +0000] [517] [INFO] Application startup complete.
