[serve-worker-0 ] deno serve: Listening on http://0.0.0.0:8080/ with 128 threads
[serve-worker-43] Http: error reading a body from connection
    at async Object.pull (ext:deno_web/06_streams.js:963:27) {
  name: "Http"
}
[serve-worker-125] BadResource: Cannot read request body as underlying resource unavailable
    at ext:deno_http/00_serve.ts:252:26
    at Object.pull (ext:deno_web/06_streams.js:973:11)
    at eventLoopTick (ext:core/01_core.js:177:7) {
  name: "BadResource"
}
[serve-worker-29] Http: error reading a body from connection
    at async Object.pull (ext:deno_web/06_streams.js:963:27) {
  name: "Http"
}
[serve-worker-52] BadResource: Cannot read request body as underlying resource unavailable
    at ext:deno_http/00_serve.ts:252:26
    at Object.pull (ext:deno_web/06_streams.js:973:11)
    at eventLoopTick (ext:core/01_core.js:177:7) {
  name: "BadResource"
}
[serve-worker-0 ] Http: error reading a body from connection
    at async Object.pull (ext:deno_web/06_streams.js:963:27) {
  name: "Http"
}
[serve-worker-67] Http: error reading a body from connection
    at async Object.pull (ext:deno_web/06_streams.js:963:27) {
  name: "Http"
}
[serve-worker-67] Http: error reading a body from connection
    at async Object.pull (ext:deno_web/06_streams.js:963:27) {
  name: "Http"
}
[serve-worker-75] Http: error reading a body from connection
    at async Object.pull (ext:deno_web/06_streams.js:963:27) {
  name: "Http"
}
[serve-worker-75] Http: error reading a body from connection
    at async Object.pull (ext:deno_web/06_streams.js:963:27) {
  name: "Http"
}
[serve-worker-75] BadResource: Cannot read body as underlying resource unavailable
    at ext:deno_fetch/22_body.js:170:19
    at eventLoopTick (ext:core/01_core.js:177:7)
    at async consumeBody (ext:deno_fetch/22_body.js:268:9)
    at async Object.fetch (file:///app/main.ts:200:27)
    at async mapped (ext:deno_http/00_serve.ts:391:18) {
  name: "BadResource"
}
[serve-worker-75] BadResource: Cannot read request body as underlying resource unavailable
    at ext:deno_http/00_serve.ts:252:26
    at Object.pull (ext:deno_web/06_streams.js:973:11)
    at eventLoopTick (ext:core/01_core.js:177:7) {
  name: "BadResource"
}
[serve-worker-75] Http: error reading a body from connection
    at Object.pull (ext:deno_web/06_streams.js:963:38)
    at Module.invokeCallbackFunction (ext:deno_webidl/00_webidl.js:1116:16)
    at ReadableByteStreamController.pullAlgorithm (ext:deno_web/06_streams.js:3588:14)
    at readableByteStreamControllerCallPullIfNeeded (ext:deno_web/06_streams.js:1263:49)
    at ext:deno_web/06_streams.js:1271:11
    at eventLoopTick (ext:core/01_core.js:177:7) {
  name: "Http"
}
[serve-worker-75] Http: error reading a body from connection
    at async Object.pull (ext:deno_web/06_streams.js:963:27) {
  name: "Http"
}
[serve-worker-114] Http: error reading a body from connection
    at async Object.pull (ext:deno_web/06_streams.js:963:27) {
  name: "Http"
}
[serve-worker-87] BadResource: Cannot read request body as underlying resource unavailable
    at ext:deno_http/00_serve.ts:252:26
    at Object.pull (ext:deno_web/06_streams.js:973:11)
    at eventLoopTick (ext:core/01_core.js:177:7) {
  name: "BadResource"
}
[serve-worker-87] Http: error reading a body from connection
    at Object.pull (ext:deno_web/06_streams.js:963:38)
    at Module.invokeCallbackFunction (ext:deno_webidl/00_webidl.js:1116:16)
    at ReadableByteStreamController.pullAlgorithm (ext:deno_web/06_streams.js:3588:14)
    at readableByteStreamControllerCallPullIfNeeded (ext:deno_web/06_streams.js:1263:49)
    at ext:deno_web/06_streams.js:1271:11
    at eventLoopTick (ext:core/01_core.js:177:7) {
  name: "Http"
}
[serve-worker-75] BadResource: Cannot read body as underlying resource unavailable
    at ext:deno_fetch/22_body.js:170:19
    at eventLoopTick (ext:core/01_core.js:177:7)
    at async consumeBody (ext:deno_fetch/22_body.js:268:9)
    at async Object.fetch (file:///app/main.ts:200:27)
    at async mapped (ext:deno_http/00_serve.ts:391:18) {
  name: "BadResource"
}
[serve-worker-75] Http: error reading a body from connection
    at async Object.pull (ext:deno_web/06_streams.js:963:27) {
  name: "Http"
}
[serve-worker-110] Http: error reading a body from connection
    at async Object.pull (ext:deno_web/06_streams.js:963:27) {
  name: "Http"
}
[serve-worker-23] Http: error reading a body from connection
    at Object.pull (ext:deno_web/06_streams.js:963:38)
    at Module.invokeCallbackFunction (ext:deno_webidl/00_webidl.js:1116:16)
    at ReadableByteStreamController.pullAlgorithm (ext:deno_web/06_streams.js:3588:14)
    at readableByteStreamControllerCallPullIfNeeded (ext:deno_web/06_streams.js:1263:49)
    at ext:deno_web/06_streams.js:1271:11
    at eventLoopTick (ext:core/01_core.js:177:7) {
  name: "Http"
}
[serve-worker-23] Http: error reading a body from connection
    at Object.pull (ext:deno_web/06_streams.js:963:38)
    at Module.invokeCallbackFunction (ext:deno_webidl/00_webidl.js:1116:16)
    at ReadableByteStreamController.pullAlgorithm (ext:deno_web/06_streams.js:3588:14)
    at readableByteStreamControllerCallPullIfNeeded (ext:deno_web/06_streams.js:1263:49)
    at ext:deno_web/06_streams.js:1271:11
    at eventLoopTick (ext:core/01_core.js:177:7) {
  name: "Http"
}
[serve-worker-75] BadResource: Cannot read body as underlying resource unavailable
    at ext:deno_fetch/22_body.js:170:19
    at eventLoopTick (ext:core/01_core.js:177:7)
    at async consumeBody (ext:deno_fetch/22_body.js:268:9)
    at async Object.fetch (file:///app/main.ts:200:27)
    at async mapped (ext:deno_http/00_serve.ts:391:18) {
  name: "BadResource"
}
[serve-worker-11] BadResource: Cannot read request body as underlying resource unavailable
    at ext:deno_http/00_serve.ts:252:26
    at Object.pull (ext:deno_web/06_streams.js:973:11)
    at eventLoopTick (ext:core/01_core.js:177:7) {
  name: "BadResource"
}
[serve-worker-75] Http: error reading a body from connection
    at async Object.pull (ext:deno_web/06_streams.js:963:27) {
  name: "Http"
}
[serve-worker-32] BadResource: Cannot read request body as underlying resource unavailable
    at ext:deno_http/00_serve.ts:252:26
    at Object.pull (ext:deno_web/06_streams.js:973:11)
    at eventLoopTick (ext:core/01_core.js:177:7) {
  name: "BadResource"
}
[serve-worker-36] BadResource: Cannot read request body as underlying resource unavailable
    at ext:deno_http/00_serve.ts:252:26
    at Object.pull (ext:deno_web/06_streams.js:973:11)
    at eventLoopTick (ext:core/01_core.js:177:7) {
  name: "BadResource"
}
[serve-worker-63] BadResource: Cannot read request body as underlying resource unavailable
    at ext:deno_http/00_serve.ts:252:26
    at Object.pull (ext:deno_web/06_streams.js:973:11)
    at eventLoopTick (ext:core/01_core.js:177:7) {
  name: "BadResource"
}
