[2026-03-29 01:52:35 +0000] [1] [INFO] Starting gunicorn 23.0.0
[2026-03-29 01:52:35 +0000] [1] [INFO] Listening at: http://0.0.0.0:8080 (1)
[2026-03-29 01:52:35 +0000] [1] [INFO] Using worker: uvicorn.workers.UvicornWorker
[2026-03-29 01:52:35 +0000] [7] [INFO] Booting worker with pid: 7
[2026-03-29 01:52:35 +0000] [8] [INFO] Booting worker with pid: 8
[2026-03-29 01:52:35 +0000] [9] [INFO] Booting worker with pid: 9
[2026-03-29 01:52:35 +0000] [10] [INFO] Booting worker with pid: 10
[2026-03-29 01:52:35 +0000] [11] [INFO] Booting worker with pid: 11
[2026-03-29 01:52:35 +0000] [12] [INFO] Booting worker with pid: 12
[2026-03-29 01:52:35 +0000] [13] [INFO] Booting worker with pid: 13
[2026-03-29 01:52:35 +0000] [14] [INFO] Booting worker with pid: 14
[2026-03-29 01:52:35 +0000] [15] [INFO] Booting worker with pid: 15
[2026-03-29 01:52:35 +0000] [16] [INFO] Booting worker with pid: 16
[2026-03-29 01:52:35 +0000] [7] [INFO] Started server process [7]
[2026-03-29 01:52:35 +0000] [7] [INFO] Waiting for application startup.
[2026-03-29 01:52:35 +0000] [7] [INFO] Application startup complete.
[2026-03-29 01:52:35 +0000] [8] [INFO] Started server process [8]
[2026-03-29 01:52:35 +0000] [8] [INFO] Waiting for application startup.
[2026-03-29 01:52:35 +0000] [8] [INFO] Application startup complete.
[2026-03-29 01:52:35 +0000] [9] [INFO] Started server process [9]
[2026-03-29 01:52:35 +0000] [9] [INFO] Waiting for application startup.
[2026-03-29 01:52:35 +0000] [9] [INFO] Application startup complete.
[2026-03-29 01:52:35 +0000] [20] [INFO] Booting worker with pid: 20
[2026-03-29 01:52:35 +0000] [10] [INFO] Started server process [10]
[2026-03-29 01:52:35 +0000] [10] [INFO] Waiting for application startup.
[2026-03-29 01:52:35 +0000] [10] [INFO] Application startup complete.
[2026-03-29 01:52:35 +0000] [11] [INFO] Started server process [11]
[2026-03-29 01:52:35 +0000] [11] [INFO] Waiting for application startup.
[2026-03-29 01:52:35 +0000] [11] [INFO] Application startup complete.
[2026-03-29 01:52:36 +0000] [12] [INFO] Started server process [12]
[2026-03-29 01:52:36 +0000] [12] [INFO] Waiting for application startup.
[2026-03-29 01:52:36 +0000] [12] [INFO] Application startup complete.
[2026-03-29 01:52:36 +0000] [24] [INFO] Booting worker with pid: 24
[2026-03-29 01:52:36 +0000] [13] [INFO] Started server process [13]
[2026-03-29 01:52:36 +0000] [13] [INFO] Waiting for application startup.
[2026-03-29 01:52:36 +0000] [13] [INFO] Application startup complete.
[2026-03-29 01:52:36 +0000] [14] [INFO] Started server process [14]
[2026-03-29 01:52:36 +0000] [14] [INFO] Waiting for application startup.
[2026-03-29 01:52:36 +0000] [14] [INFO] Application startup complete.
[2026-03-29 01:52:36 +0000] [27] [INFO] Booting worker with pid: 27
[2026-03-29 01:52:36 +0000] [15] [INFO] Started server process [15]
[2026-03-29 01:52:36 +0000] [15] [INFO] Waiting for application startup.
[2026-03-29 01:52:36 +0000] [15] [INFO] Application startup complete.
[2026-03-29 01:52:36 +0000] [16] [INFO] Started server process [16]
[2026-03-29 01:52:36 +0000] [16] [INFO] Waiting for application startup.
[2026-03-29 01:52:36 +0000] [16] [INFO] Application startup complete.
[2026-03-29 01:52:36 +0000] [30] [INFO] Booting worker with pid: 30
[2026-03-29 01:52:36 +0000] [20] [INFO] Started server process [20]
[2026-03-29 01:52:36 +0000] [20] [INFO] Waiting for application startup.
[2026-03-29 01:52:36 +0000] [20] [INFO] Application startup complete.
[2026-03-29 01:52:36 +0000] [32] [INFO] Booting worker with pid: 32
[2026-03-29 01:52:36 +0000] [33] [INFO] Booting worker with pid: 33
[2026-03-29 01:52:36 +0000] [24] [INFO] Started server process [24]
[2026-03-29 01:52:36 +0000] [24] [INFO] Waiting for application startup.
[2026-03-29 01:52:36 +0000] [24] [INFO] Application startup complete.
[2026-03-29 01:52:36 +0000] [35] [INFO] Booting worker with pid: 35
[2026-03-29 01:52:36 +0000] [27] [INFO] Started server process [27]
[2026-03-29 01:52:36 +0000] [27] [INFO] Waiting for application startup.
[2026-03-29 01:52:36 +0000] [27] [INFO] Application startup complete.
[2026-03-29 01:52:36 +0000] [37] [INFO] Booting worker with pid: 37
[2026-03-29 01:52:36 +0000] [38] [INFO] Booting worker with pid: 38
[2026-03-29 01:52:36 +0000] [39] [INFO] Booting worker with pid: 39
[2026-03-29 01:52:36 +0000] [40] [INFO] Booting worker with pid: 40
[2026-03-29 01:52:36 +0000] [30] [INFO] Started server process [30]
[2026-03-29 01:52:36 +0000] [30] [INFO] Waiting for application startup.
[2026-03-29 01:52:36 +0000] [30] [INFO] Application startup complete.
[2026-03-29 01:52:36 +0000] [42] [INFO] Booting worker with pid: 42
[2026-03-29 01:52:36 +0000] [32] [INFO] Started server process [32]
[2026-03-29 01:52:36 +0000] [32] [INFO] Waiting for application startup.
[2026-03-29 01:52:36 +0000] [32] [INFO] Application startup complete.
[2026-03-29 01:52:36 +0000] [33] [INFO] Started server process [33]
[2026-03-29 01:52:36 +0000] [33] [INFO] Waiting for application startup.
[2026-03-29 01:52:36 +0000] [33] [INFO] Application startup complete.
[2026-03-29 01:52:36 +0000] [46] [INFO] Booting worker with pid: 46
[2026-03-29 01:52:36 +0000] [35] [INFO] Started server process [35]
[2026-03-29 01:52:36 +0000] [35] [INFO] Waiting for application startup.
[2026-03-29 01:52:36 +0000] [35] [INFO] Application startup complete.
[2026-03-29 01:52:36 +0000] [49] [INFO] Booting worker with pid: 49
[2026-03-29 01:52:36 +0000] [37] [INFO] Started server process [37]
[2026-03-29 01:52:36 +0000] [37] [INFO] Waiting for application startup.
[2026-03-29 01:52:36 +0000] [37] [INFO] Application startup complete.
[2026-03-29 01:52:36 +0000] [50] [INFO] Booting worker with pid: 50
[2026-03-29 01:52:36 +0000] [38] [INFO] Started server process [38]
[2026-03-29 01:52:36 +0000] [38] [INFO] Waiting for application startup.
[2026-03-29 01:52:36 +0000] [38] [INFO] Application startup complete.
[2026-03-29 01:52:36 +0000] [39] [INFO] Started server process [39]
[2026-03-29 01:52:36 +0000] [39] [INFO] Waiting for application startup.
[2026-03-29 01:52:36 +0000] [39] [INFO] Application startup complete.
[2026-03-29 01:52:36 +0000] [40] [INFO] Started server process [40]
[2026-03-29 01:52:36 +0000] [40] [INFO] Waiting for application startup.
[2026-03-29 01:52:36 +0000] [40] [INFO] Application startup complete.
[2026-03-29 01:52:36 +0000] [53] [INFO] Booting worker with pid: 53
[2026-03-29 01:52:36 +0000] [54] [INFO] Booting worker with pid: 54
[2026-03-29 01:52:36 +0000] [42] [INFO] Started server process [42]
[2026-03-29 01:52:36 +0000] [42] [INFO] Waiting for application startup.
[2026-03-29 01:52:36 +0000] [42] [INFO] Application startup complete.
[2026-03-29 01:52:36 +0000] [56] [INFO] Booting worker with pid: 56
[2026-03-29 01:52:36 +0000] [58] [INFO] Booting worker with pid: 58
[2026-03-29 01:52:36 +0000] [46] [INFO] Started server process [46]
[2026-03-29 01:52:36 +0000] [46] [INFO] Waiting for application startup.
[2026-03-29 01:52:36 +0000] [46] [INFO] Application startup complete.
[2026-03-29 01:52:36 +0000] [59] [INFO] Booting worker with pid: 59
[2026-03-29 01:52:36 +0000] [50] [INFO] Started server process [50]
[2026-03-29 01:52:36 +0000] [50] [INFO] Waiting for application startup.
[2026-03-29 01:52:36 +0000] [50] [INFO] Application startup complete.
[2026-03-29 01:52:36 +0000] [62] [INFO] Booting worker with pid: 62
[2026-03-29 01:52:36 +0000] [49] [INFO] Started server process [49]
[2026-03-29 01:52:36 +0000] [49] [INFO] Waiting for application startup.
[2026-03-29 01:52:36 +0000] [49] [INFO] Application startup complete.
[2026-03-29 01:52:37 +0000] [63] [INFO] Booting worker with pid: 63
[2026-03-29 01:52:37 +0000] [66] [INFO] Booting worker with pid: 66
[2026-03-29 01:52:37 +0000] [54] [INFO] Started server process [54]
[2026-03-29 01:52:37 +0000] [54] [INFO] Waiting for application startup.
[2026-03-29 01:52:37 +0000] [54] [INFO] Application startup complete.
[2026-03-29 01:52:37 +0000] [53] [INFO] Started server process [53]
[2026-03-29 01:52:37 +0000] [53] [INFO] Waiting for application startup.
[2026-03-29 01:52:37 +0000] [53] [INFO] Application startup complete.
[2026-03-29 01:52:37 +0000] [68] [INFO] Booting worker with pid: 68
[2026-03-29 01:52:37 +0000] [56] [INFO] Started server process [56]
[2026-03-29 01:52:37 +0000] [56] [INFO] Waiting for application startup.
[2026-03-29 01:52:37 +0000] [56] [INFO] Application startup complete.
[2026-03-29 01:52:37 +0000] [58] [INFO] Started server process [58]
[2026-03-29 01:52:37 +0000] [58] [INFO] Waiting for application startup.
[2026-03-29 01:52:37 +0000] [58] [INFO] Application startup complete.
[2026-03-29 01:52:37 +0000] [70] [INFO] Booting worker with pid: 70
[2026-03-29 01:52:37 +0000] [59] [INFO] Started server process [59]
[2026-03-29 01:52:37 +0000] [59] [INFO] Waiting for application startup.
[2026-03-29 01:52:37 +0000] [59] [INFO] Application startup complete.
[2026-03-29 01:52:37 +0000] [62] [INFO] Started server process [62]
[2026-03-29 01:52:37 +0000] [62] [INFO] Waiting for application startup.
[2026-03-29 01:52:37 +0000] [62] [INFO] Application startup complete.
[2026-03-29 01:52:37 +0000] [73] [INFO] Booting worker with pid: 73
[2026-03-29 01:52:37 +0000] [74] [INFO] Booting worker with pid: 74
[2026-03-29 01:52:37 +0000] [63] [INFO] Started server process [63]
[2026-03-29 01:52:37 +0000] [63] [INFO] Waiting for application startup.
[2026-03-29 01:52:37 +0000] [63] [INFO] Application startup complete.
[2026-03-29 01:52:37 +0000] [76] [INFO] Booting worker with pid: 76
[2026-03-29 01:52:37 +0000] [66] [INFO] Started server process [66]
[2026-03-29 01:52:37 +0000] [66] [INFO] Waiting for application startup.
[2026-03-29 01:52:37 +0000] [66] [INFO] Application startup complete.
[2026-03-29 01:52:37 +0000] [78] [INFO] Booting worker with pid: 78
[2026-03-29 01:52:37 +0000] [68] [INFO] Started server process [68]
[2026-03-29 01:52:37 +0000] [68] [INFO] Waiting for application startup.
[2026-03-29 01:52:37 +0000] [68] [INFO] Application startup complete.
[2026-03-29 01:52:37 +0000] [81] [INFO] Booting worker with pid: 81
[2026-03-29 01:52:37 +0000] [70] [INFO] Started server process [70]
[2026-03-29 01:52:37 +0000] [70] [INFO] Waiting for application startup.
[2026-03-29 01:52:37 +0000] [70] [INFO] Application startup complete.
[2026-03-29 01:52:37 +0000] [73] [INFO] Started server process [73]
[2026-03-29 01:52:37 +0000] [73] [INFO] Waiting for application startup.
[2026-03-29 01:52:37 +0000] [73] [INFO] Application startup complete.
[2026-03-29 01:52:37 +0000] [74] [INFO] Started server process [74]
[2026-03-29 01:52:37 +0000] [74] [INFO] Waiting for application startup.
[2026-03-29 01:52:37 +0000] [74] [INFO] Application startup complete.
[2026-03-29 01:52:37 +0000] [84] [INFO] Booting worker with pid: 84
[2026-03-29 01:52:37 +0000] [85] [INFO] Booting worker with pid: 85
[2026-03-29 01:52:37 +0000] [76] [INFO] Started server process [76]
[2026-03-29 01:52:37 +0000] [76] [INFO] Waiting for application startup.
[2026-03-29 01:52:37 +0000] [76] [INFO] Application startup complete.
[2026-03-29 01:52:37 +0000] [87] [INFO] Booting worker with pid: 87
[2026-03-29 01:52:37 +0000] [78] [INFO] Started server process [78]
[2026-03-29 01:52:37 +0000] [78] [INFO] Waiting for application startup.
[2026-03-29 01:52:37 +0000] [78] [INFO] Application startup complete.
[2026-03-29 01:52:37 +0000] [89] [INFO] Booting worker with pid: 89
[2026-03-29 01:52:37 +0000] [81] [INFO] Started server process [81]
[2026-03-29 01:52:37 +0000] [81] [INFO] Waiting for application startup.
[2026-03-29 01:52:37 +0000] [81] [INFO] Application startup complete.
[2026-03-29 01:52:37 +0000] [91] [INFO] Booting worker with pid: 91
[2026-03-29 01:52:37 +0000] [84] [INFO] Started server process [84]
[2026-03-29 01:52:37 +0000] [84] [INFO] Waiting for application startup.
[2026-03-29 01:52:37 +0000] [84] [INFO] Application startup complete.
[2026-03-29 01:52:37 +0000] [94] [INFO] Booting worker with pid: 94
[2026-03-29 01:52:37 +0000] [85] [INFO] Started server process [85]
[2026-03-29 01:52:37 +0000] [85] [INFO] Waiting for application startup.
[2026-03-29 01:52:37 +0000] [85] [INFO] Application startup complete.
[2026-03-29 01:52:38 +0000] [87] [INFO] Started server process [87]
[2026-03-29 01:52:38 +0000] [87] [INFO] Waiting for application startup.
[2026-03-29 01:52:38 +0000] [87] [INFO] Application startup complete.
[2026-03-29 01:52:38 +0000] [96] [INFO] Booting worker with pid: 96
[2026-03-29 01:52:38 +0000] [97] [INFO] Booting worker with pid: 97
[2026-03-29 01:52:38 +0000] [99] [INFO] Booting worker with pid: 99
[2026-03-29 01:52:38 +0000] [89] [INFO] Started server process [89]
[2026-03-29 01:52:38 +0000] [89] [INFO] Waiting for application startup.
[2026-03-29 01:52:38 +0000] [89] [INFO] Application startup complete.
[2026-03-29 01:52:38 +0000] [100] [INFO] Booting worker with pid: 100
[2026-03-29 01:52:38 +0000] [102] [INFO] Booting worker with pid: 102
[2026-03-29 01:52:38 +0000] [91] [INFO] Started server process [91]
[2026-03-29 01:52:38 +0000] [91] [INFO] Waiting for application startup.
[2026-03-29 01:52:38 +0000] [91] [INFO] Application startup complete.
[2026-03-29 01:52:38 +0000] [103] [INFO] Booting worker with pid: 103
[2026-03-29 01:52:38 +0000] [94] [INFO] Started server process [94]
[2026-03-29 01:52:38 +0000] [94] [INFO] Waiting for application startup.
[2026-03-29 01:52:38 +0000] [94] [INFO] Application startup complete.
[2026-03-29 01:52:38 +0000] [105] [INFO] Booting worker with pid: 105
[2026-03-29 01:52:38 +0000] [106] [INFO] Booting worker with pid: 106
[2026-03-29 01:52:38 +0000] [97] [INFO] Started server process [97]
[2026-03-29 01:52:38 +0000] [97] [INFO] Waiting for application startup.
[2026-03-29 01:52:38 +0000] [97] [INFO] Application startup complete.
[2026-03-29 01:52:38 +0000] [96] [INFO] Started server process [96]
[2026-03-29 01:52:38 +0000] [96] [INFO] Waiting for application startup.
[2026-03-29 01:52:38 +0000] [96] [INFO] Application startup complete.
[2026-03-29 01:52:38 +0000] [109] [INFO] Booting worker with pid: 109
[2026-03-29 01:52:38 +0000] [99] [INFO] Started server process [99]
[2026-03-29 01:52:38 +0000] [99] [INFO] Waiting for application startup.
[2026-03-29 01:52:38 +0000] [99] [INFO] Application startup complete.
[2026-03-29 01:52:38 +0000] [100] [INFO] Started server process [100]
[2026-03-29 01:52:38 +0000] [100] [INFO] Waiting for application startup.
[2026-03-29 01:52:38 +0000] [100] [INFO] Application startup complete.
[2026-03-29 01:52:38 +0000] [112] [INFO] Booting worker with pid: 112
[2026-03-29 01:52:38 +0000] [102] [INFO] Started server process [102]
[2026-03-29 01:52:38 +0000] [102] [INFO] Waiting for application startup.
[2026-03-29 01:52:38 +0000] [102] [INFO] Application startup complete.
[2026-03-29 01:52:38 +0000] [114] [INFO] Booting worker with pid: 114
[2026-03-29 01:52:38 +0000] [116] [INFO] Booting worker with pid: 116
[2026-03-29 01:52:38 +0000] [103] [INFO] Started server process [103]
[2026-03-29 01:52:38 +0000] [103] [INFO] Waiting for application startup.
[2026-03-29 01:52:38 +0000] [103] [INFO] Application startup complete.
[2026-03-29 01:52:38 +0000] [105] [INFO] Started server process [105]
[2026-03-29 01:52:38 +0000] [105] [INFO] Waiting for application startup.
[2026-03-29 01:52:38 +0000] [105] [INFO] Application startup complete.
[2026-03-29 01:52:38 +0000] [106] [INFO] Started server process [106]
[2026-03-29 01:52:38 +0000] [106] [INFO] Waiting for application startup.
[2026-03-29 01:52:38 +0000] [106] [INFO] Application startup complete.
[2026-03-29 01:52:38 +0000] [119] [INFO] Booting worker with pid: 119
[2026-03-29 01:52:38 +0000] [109] [INFO] Started server process [109]
[2026-03-29 01:52:38 +0000] [109] [INFO] Waiting for application startup.
[2026-03-29 01:52:38 +0000] [109] [INFO] Application startup complete.
[2026-03-29 01:52:38 +0000] [121] [INFO] Booting worker with pid: 121
[2026-03-29 01:52:38 +0000] [122] [INFO] Booting worker with pid: 122
[2026-03-29 01:52:38 +0000] [112] [INFO] Started server process [112]
[2026-03-29 01:52:38 +0000] [112] [INFO] Waiting for application startup.
[2026-03-29 01:52:38 +0000] [112] [INFO] Application startup complete.
[2026-03-29 01:52:38 +0000] [114] [INFO] Started server process [114]
[2026-03-29 01:52:38 +0000] [114] [INFO] Waiting for application startup.
[2026-03-29 01:52:38 +0000] [114] [INFO] Application startup complete.
[2026-03-29 01:52:38 +0000] [125] [INFO] Booting worker with pid: 125
[2026-03-29 01:52:38 +0000] [127] [INFO] Booting worker with pid: 127
[2026-03-29 01:52:38 +0000] [116] [INFO] Started server process [116]
[2026-03-29 01:52:38 +0000] [116] [INFO] Waiting for application startup.
[2026-03-29 01:52:38 +0000] [116] [INFO] Application startup complete.
[2026-03-29 01:52:39 +0000] [128] [INFO] Booting worker with pid: 128
[2026-03-29 01:52:39 +0000] [130] [INFO] Booting worker with pid: 130
[2026-03-29 01:52:39 +0000] [119] [INFO] Started server process [119]
[2026-03-29 01:52:39 +0000] [119] [INFO] Waiting for application startup.
[2026-03-29 01:52:39 +0000] [119] [INFO] Application startup complete.
[2026-03-29 01:52:39 +0000] [131] [INFO] Booting worker with pid: 131
[2026-03-29 01:52:39 +0000] [134] [INFO] Booting worker with pid: 134
[2026-03-29 01:52:39 +0000] [122] [INFO] Started server process [122]
[2026-03-29 01:52:39 +0000] [122] [INFO] Waiting for application startup.
[2026-03-29 01:52:39 +0000] [122] [INFO] Application startup complete.
[2026-03-29 01:52:39 +0000] [121] [INFO] Started server process [121]
[2026-03-29 01:52:39 +0000] [121] [INFO] Waiting for application startup.
[2026-03-29 01:52:39 +0000] [121] [INFO] Application startup complete.
[2026-03-29 01:52:39 +0000] [135] [INFO] Booting worker with pid: 135
[2026-03-29 01:52:39 +0000] [136] [INFO] Booting worker with pid: 136
[2026-03-29 01:52:39 +0000] [125] [INFO] Started server process [125]
[2026-03-29 01:52:39 +0000] [125] [INFO] Waiting for application startup.
[2026-03-29 01:52:39 +0000] [125] [INFO] Application startup complete.
[2026-03-29 01:52:39 +0000] [139] [INFO] Booting worker with pid: 139
[2026-03-29 01:52:39 +0000] [127] [INFO] Started server process [127]
[2026-03-29 01:52:39 +0000] [127] [INFO] Waiting for application startup.
[2026-03-29 01:52:39 +0000] [127] [INFO] Application startup complete.
[2026-03-29 01:52:39 +0000] [140] [INFO] Booting worker with pid: 140
[2026-03-29 01:52:39 +0000] [141] [INFO] Booting worker with pid: 141
[2026-03-29 01:52:39 +0000] [143] [INFO] Booting worker with pid: 143
[2026-03-29 01:52:39 +0000] [128] [INFO] Started server process [128]
[2026-03-29 01:52:39 +0000] [128] [INFO] Waiting for application startup.
[2026-03-29 01:52:39 +0000] [128] [INFO] Application startup complete.
[2026-03-29 01:52:39 +0000] [144] [INFO] Booting worker with pid: 144
[2026-03-29 01:52:39 +0000] [130] [INFO] Started server process [130]
[2026-03-29 01:52:39 +0000] [130] [INFO] Waiting for application startup.
[2026-03-29 01:52:39 +0000] [130] [INFO] Application startup complete.
[2026-03-29 01:52:39 +0000] [131] [INFO] Started server process [131]
[2026-03-29 01:52:39 +0000] [131] [INFO] Waiting for application startup.
[2026-03-29 01:52:39 +0000] [131] [INFO] Application startup complete.
[2026-03-29 01:52:39 +0000] [149] [INFO] Booting worker with pid: 149
[2026-03-29 01:52:39 +0000] [136] [INFO] Started server process [136]
[2026-03-29 01:52:39 +0000] [136] [INFO] Waiting for application startup.
[2026-03-29 01:52:39 +0000] [136] [INFO] Application startup complete.
[2026-03-29 01:52:39 +0000] [151] [INFO] Booting worker with pid: 151
[2026-03-29 01:52:39 +0000] [135] [INFO] Started server process [135]
[2026-03-29 01:52:39 +0000] [135] [INFO] Waiting for application startup.
[2026-03-29 01:52:39 +0000] [135] [INFO] Application startup complete.
[2026-03-29 01:52:39 +0000] [134] [INFO] Started server process [134]
[2026-03-29 01:52:39 +0000] [134] [INFO] Waiting for application startup.
[2026-03-29 01:52:39 +0000] [134] [INFO] Application startup complete.
[2026-03-29 01:52:39 +0000] [152] [INFO] Booting worker with pid: 152
[2026-03-29 01:52:39 +0000] [139] [INFO] Started server process [139]
[2026-03-29 01:52:39 +0000] [139] [INFO] Waiting for application startup.
[2026-03-29 01:52:39 +0000] [139] [INFO] Application startup complete.
[2026-03-29 01:52:39 +0000] [155] [INFO] Booting worker with pid: 155
[2026-03-29 01:52:39 +0000] [140] [INFO] Started server process [140]
[2026-03-29 01:52:39 +0000] [140] [INFO] Waiting for application startup.
[2026-03-29 01:52:39 +0000] [140] [INFO] Application startup complete.
[2026-03-29 01:52:39 +0000] [141] [INFO] Started server process [141]
[2026-03-29 01:52:39 +0000] [141] [INFO] Waiting for application startup.
[2026-03-29 01:52:39 +0000] [141] [INFO] Application startup complete.
[2026-03-29 01:52:39 +0000] [157] [INFO] Booting worker with pid: 157
[2026-03-29 01:52:39 +0000] [159] [INFO] Booting worker with pid: 159
[2026-03-29 01:52:39 +0000] [143] [INFO] Started server process [143]
[2026-03-29 01:52:39 +0000] [143] [INFO] Waiting for application startup.
[2026-03-29 01:52:39 +0000] [143] [INFO] Application startup complete.
[2026-03-29 01:52:39 +0000] [161] [INFO] Booting worker with pid: 161
[2026-03-29 01:52:40 +0000] [144] [INFO] Started server process [144]
[2026-03-29 01:52:40 +0000] [144] [INFO] Waiting for application startup.
[2026-03-29 01:52:40 +0000] [144] [INFO] Application startup complete.
[2026-03-29 01:52:40 +0000] [151] [INFO] Started server process [151]
[2026-03-29 01:52:40 +0000] [151] [INFO] Waiting for application startup.
[2026-03-29 01:52:40 +0000] [151] [INFO] Application startup complete.
[2026-03-29 01:52:40 +0000] [163] [INFO] Booting worker with pid: 163
[2026-03-29 01:52:40 +0000] [149] [INFO] Started server process [149]
[2026-03-29 01:52:40 +0000] [149] [INFO] Waiting for application startup.
[2026-03-29 01:52:40 +0000] [149] [INFO] Application startup complete.
[2026-03-29 01:52:40 +0000] [166] [INFO] Booting worker with pid: 166
[2026-03-29 01:52:40 +0000] [155] [INFO] Started server process [155]
[2026-03-29 01:52:40 +0000] [155] [INFO] Waiting for application startup.
[2026-03-29 01:52:40 +0000] [155] [INFO] Application startup complete.
[2026-03-29 01:52:40 +0000] [152] [INFO] Started server process [152]
[2026-03-29 01:52:40 +0000] [152] [INFO] Waiting for application startup.
[2026-03-29 01:52:40 +0000] [152] [INFO] Application startup complete.
[2026-03-29 01:52:40 +0000] [168] [INFO] Booting worker with pid: 168
[2026-03-29 01:52:40 +0000] [169] [INFO] Booting worker with pid: 169
[2026-03-29 01:52:40 +0000] [157] [INFO] Started server process [157]
[2026-03-29 01:52:40 +0000] [157] [INFO] Waiting for application startup.
[2026-03-29 01:52:40 +0000] [157] [INFO] Application startup complete.
[2026-03-29 01:52:40 +0000] [171] [INFO] Booting worker with pid: 171
[2026-03-29 01:52:40 +0000] [159] [INFO] Started server process [159]
[2026-03-29 01:52:40 +0000] [159] [INFO] Waiting for application startup.
[2026-03-29 01:52:40 +0000] [159] [INFO] Application startup complete.
[2026-03-29 01:52:40 +0000] [173] [INFO] Booting worker with pid: 173
[2026-03-29 01:52:40 +0000] [161] [INFO] Started server process [161]
[2026-03-29 01:52:40 +0000] [161] [INFO] Waiting for application startup.
[2026-03-29 01:52:40 +0000] [161] [INFO] Application startup complete.
[2026-03-29 01:52:40 +0000] [175] [INFO] Booting worker with pid: 175
[2026-03-29 01:52:40 +0000] [163] [INFO] Started server process [163]
[2026-03-29 01:52:40 +0000] [163] [INFO] Waiting for application startup.
[2026-03-29 01:52:40 +0000] [163] [INFO] Application startup complete.
[2026-03-29 01:52:40 +0000] [177] [INFO] Booting worker with pid: 177
[2026-03-29 01:52:40 +0000] [178] [INFO] Booting worker with pid: 178
[2026-03-29 01:52:40 +0000] [180] [INFO] Booting worker with pid: 180
[2026-03-29 01:52:40 +0000] [166] [INFO] Started server process [166]
[2026-03-29 01:52:40 +0000] [166] [INFO] Waiting for application startup.
[2026-03-29 01:52:40 +0000] [166] [INFO] Application startup complete.
[2026-03-29 01:52:40 +0000] [168] [INFO] Started server process [168]
[2026-03-29 01:52:40 +0000] [168] [INFO] Waiting for application startup.
[2026-03-29 01:52:40 +0000] [168] [INFO] Application startup complete.
[2026-03-29 01:52:40 +0000] [182] [INFO] Booting worker with pid: 182
[2026-03-29 01:52:40 +0000] [183] [INFO] Booting worker with pid: 183
[2026-03-29 01:52:40 +0000] [169] [INFO] Started server process [169]
[2026-03-29 01:52:40 +0000] [169] [INFO] Waiting for application startup.
[2026-03-29 01:52:40 +0000] [169] [INFO] Application startup complete.
[2026-03-29 01:52:40 +0000] [171] [INFO] Started server process [171]
[2026-03-29 01:52:40 +0000] [171] [INFO] Waiting for application startup.
[2026-03-29 01:52:40 +0000] [171] [INFO] Application startup complete.
[2026-03-29 01:52:40 +0000] [186] [INFO] Booting worker with pid: 186
[2026-03-29 01:52:40 +0000] [188] [INFO] Booting worker with pid: 188
[2026-03-29 01:52:40 +0000] [173] [INFO] Started server process [173]
[2026-03-29 01:52:40 +0000] [173] [INFO] Waiting for application startup.
[2026-03-29 01:52:40 +0000] [173] [INFO] Application startup complete.
[2026-03-29 01:52:41 +0000] [190] [INFO] Booting worker with pid: 190
[2026-03-29 01:52:41 +0000] [175] [INFO] Started server process [175]
[2026-03-29 01:52:41 +0000] [175] [INFO] Waiting for application startup.
[2026-03-29 01:52:41 +0000] [175] [INFO] Application startup complete.
[2026-03-29 01:52:41 +0000] [192] [INFO] Booting worker with pid: 192
[2026-03-29 01:52:41 +0000] [177] [INFO] Started server process [177]
[2026-03-29 01:52:41 +0000] [177] [INFO] Waiting for application startup.
[2026-03-29 01:52:41 +0000] [177] [INFO] Application startup complete.
[2026-03-29 01:52:41 +0000] [178] [INFO] Started server process [178]
[2026-03-29 01:52:41 +0000] [178] [INFO] Waiting for application startup.
[2026-03-29 01:52:41 +0000] [178] [INFO] Application startup complete.
[2026-03-29 01:52:41 +0000] [195] [INFO] Booting worker with pid: 195
[2026-03-29 01:52:41 +0000] [180] [INFO] Started server process [180]
[2026-03-29 01:52:41 +0000] [180] [INFO] Waiting for application startup.
[2026-03-29 01:52:41 +0000] [180] [INFO] Application startup complete.
[2026-03-29 01:52:41 +0000] [196] [INFO] Booting worker with pid: 196
[2026-03-29 01:52:41 +0000] [183] [INFO] Started server process [183]
[2026-03-29 01:52:41 +0000] [199] [INFO] Booting worker with pid: 199
[2026-03-29 01:52:41 +0000] [183] [INFO] Waiting for application startup.
[2026-03-29 01:52:41 +0000] [183] [INFO] Application startup complete.
[2026-03-29 01:52:41 +0000] [182] [INFO] Started server process [182]
[2026-03-29 01:52:41 +0000] [182] [INFO] Waiting for application startup.
[2026-03-29 01:52:41 +0000] [182] [INFO] Application startup complete.
[2026-03-29 01:52:41 +0000] [200] [INFO] Booting worker with pid: 200
[2026-03-29 01:52:41 +0000] [201] [INFO] Booting worker with pid: 201
[2026-03-29 01:52:41 +0000] [202] [INFO] Booting worker with pid: 202
[2026-03-29 01:52:41 +0000] [204] [INFO] Booting worker with pid: 204
[2026-03-29 01:52:41 +0000] [186] [INFO] Started server process [186]
[2026-03-29 01:52:41 +0000] [186] [INFO] Waiting for application startup.
[2026-03-29 01:52:41 +0000] [186] [INFO] Application startup complete.
[2026-03-29 01:52:41 +0000] [205] [INFO] Booting worker with pid: 205
[2026-03-29 01:52:41 +0000] [207] [INFO] Booting worker with pid: 207
[2026-03-29 01:52:41 +0000] [188] [INFO] Started server process [188]
[2026-03-29 01:52:41 +0000] [188] [INFO] Waiting for application startup.
[2026-03-29 01:52:41 +0000] [188] [INFO] Application startup complete.
[2026-03-29 01:52:41 +0000] [208] [INFO] Booting worker with pid: 208
[2026-03-29 01:52:41 +0000] [190] [INFO] Started server process [190]
[2026-03-29 01:52:41 +0000] [190] [INFO] Waiting for application startup.
[2026-03-29 01:52:41 +0000] [190] [INFO] Application startup complete.
[2026-03-29 01:52:41 +0000] [210] [INFO] Booting worker with pid: 210
[2026-03-29 01:52:41 +0000] [192] [INFO] Started server process [192]
[2026-03-29 01:52:41 +0000] [192] [INFO] Waiting for application startup.
[2026-03-29 01:52:41 +0000] [192] [INFO] Application startup complete.
[2026-03-29 01:52:41 +0000] [212] [INFO] Booting worker with pid: 212
[2026-03-29 01:52:41 +0000] [196] [INFO] Started server process [196]
[2026-03-29 01:52:41 +0000] [195] [INFO] Started server process [195]
[2026-03-29 01:52:41 +0000] [195] [INFO] Waiting for application startup.
[2026-03-29 01:52:41 +0000] [196] [INFO] Waiting for application startup.
[2026-03-29 01:52:41 +0000] [195] [INFO] Application startup complete.
[2026-03-29 01:52:41 +0000] [196] [INFO] Application startup complete.
[2026-03-29 01:52:41 +0000] [216] [INFO] Booting worker with pid: 216
[2026-03-29 01:52:41 +0000] [217] [INFO] Booting worker with pid: 217
[2026-03-29 01:52:41 +0000] [199] [INFO] Started server process [199]
[2026-03-29 01:52:41 +0000] [199] [INFO] Waiting for application startup.
[2026-03-29 01:52:41 +0000] [199] [INFO] Application startup complete.
[2026-03-29 01:52:41 +0000] [201] [INFO] Started server process [201]
[2026-03-29 01:52:41 +0000] [201] [INFO] Waiting for application startup.
[2026-03-29 01:52:41 +0000] [201] [INFO] Application startup complete.
[2026-03-29 01:52:41 +0000] [200] [INFO] Started server process [200]
[2026-03-29 01:52:41 +0000] [200] [INFO] Waiting for application startup.
[2026-03-29 01:52:41 +0000] [200] [INFO] Application startup complete.
[2026-03-29 01:52:41 +0000] [221] [INFO] Booting worker with pid: 221
[2026-03-29 01:52:41 +0000] [202] [INFO] Started server process [202]
[2026-03-29 01:52:41 +0000] [202] [INFO] Waiting for application startup.
[2026-03-29 01:52:41 +0000] [202] [INFO] Application startup complete.
[2026-03-29 01:52:41 +0000] [223] [INFO] Booting worker with pid: 223
[2026-03-29 01:52:41 +0000] [204] [INFO] Started server process [204]
[2026-03-29 01:52:41 +0000] [204] [INFO] Waiting for application startup.
[2026-03-29 01:52:41 +0000] [204] [INFO] Application startup complete.
[2026-03-29 01:52:41 +0000] [205] [INFO] Started server process [205]
[2026-03-29 01:52:41 +0000] [205] [INFO] Waiting for application startup.
[2026-03-29 01:52:41 +0000] [205] [INFO] Application startup complete.
[2026-03-29 01:52:41 +0000] [226] [INFO] Booting worker with pid: 226
[2026-03-29 01:52:41 +0000] [227] [INFO] Booting worker with pid: 227
[2026-03-29 01:52:41 +0000] [207] [INFO] Started server process [207]
[2026-03-29 01:52:41 +0000] [207] [INFO] Waiting for application startup.
[2026-03-29 01:52:41 +0000] [207] [INFO] Application startup complete.
[2026-03-29 01:52:42 +0000] [208] [INFO] Started server process [208]
[2026-03-29 01:52:42 +0000] [208] [INFO] Waiting for application startup.
[2026-03-29 01:52:42 +0000] [208] [INFO] Application startup complete.
[2026-03-29 01:52:42 +0000] [229] [INFO] Booting worker with pid: 229
[2026-03-29 01:52:42 +0000] [231] [INFO] Booting worker with pid: 231
[2026-03-29 01:52:42 +0000] [210] [INFO] Started server process [210]
[2026-03-29 01:52:42 +0000] [210] [INFO] Waiting for application startup.
[2026-03-29 01:52:42 +0000] [210] [INFO] Application startup complete.
[2026-03-29 01:52:42 +0000] [233] [INFO] Booting worker with pid: 233
[2026-03-29 01:52:42 +0000] [212] [INFO] Started server process [212]
[2026-03-29 01:52:42 +0000] [212] [INFO] Waiting for application startup.
[2026-03-29 01:52:42 +0000] [212] [INFO] Application startup complete.
[2026-03-29 01:52:42 +0000] [235] [INFO] Booting worker with pid: 235
[2026-03-29 01:52:42 +0000] [216] [INFO] Started server process [216]
[2026-03-29 01:52:42 +0000] [216] [INFO] Waiting for application startup.
[2026-03-29 01:52:42 +0000] [216] [INFO] Application startup complete.
[2026-03-29 01:52:42 +0000] [217] [INFO] Started server process [217]
[2026-03-29 01:52:42 +0000] [217] [INFO] Waiting for application startup.
[2026-03-29 01:52:42 +0000] [217] [INFO] Application startup complete.
[2026-03-29 01:52:42 +0000] [237] [INFO] Booting worker with pid: 237
[2026-03-29 01:52:42 +0000] [221] [INFO] Started server process [221]
[2026-03-29 01:52:42 +0000] [221] [INFO] Waiting for application startup.
[2026-03-29 01:52:42 +0000] [221] [INFO] Application startup complete.
[2026-03-29 01:52:42 +0000] [240] [INFO] Booting worker with pid: 240
[2026-03-29 01:52:42 +0000] [223] [INFO] Started server process [223]
[2026-03-29 01:52:42 +0000] [223] [INFO] Waiting for application startup.
[2026-03-29 01:52:42 +0000] [223] [INFO] Application startup complete.
[2026-03-29 01:52:42 +0000] [241] [INFO] Booting worker with pid: 241
[2026-03-29 01:52:42 +0000] [227] [INFO] Started server process [227]
[2026-03-29 01:52:42 +0000] [227] [INFO] Waiting for application startup.
[2026-03-29 01:52:42 +0000] [227] [INFO] Application startup complete.
[2026-03-29 01:52:42 +0000] [226] [INFO] Started server process [226]
[2026-03-29 01:52:42 +0000] [226] [INFO] Waiting for application startup.
[2026-03-29 01:52:42 +0000] [226] [INFO] Application startup complete.
[2026-03-29 01:52:42 +0000] [244] [INFO] Booting worker with pid: 244
[2026-03-29 01:52:42 +0000] [246] [INFO] Booting worker with pid: 246
[2026-03-29 01:52:42 +0000] [229] [INFO] Started server process [229]
[2026-03-29 01:52:42 +0000] [229] [INFO] Waiting for application startup.
[2026-03-29 01:52:42 +0000] [229] [INFO] Application startup complete.
[2026-03-29 01:52:42 +0000] [231] [INFO] Started server process [231]
[2026-03-29 01:52:42 +0000] [231] [INFO] Waiting for application startup.
[2026-03-29 01:52:42 +0000] [231] [INFO] Application startup complete.
[2026-03-29 01:52:42 +0000] [248] [INFO] Booting worker with pid: 248
[2026-03-29 01:52:42 +0000] [250] [INFO] Booting worker with pid: 250
[2026-03-29 01:52:42 +0000] [233] [INFO] Started server process [233]
[2026-03-29 01:52:42 +0000] [233] [INFO] Waiting for application startup.
[2026-03-29 01:52:42 +0000] [233] [INFO] Application startup complete.
[2026-03-29 01:52:42 +0000] [235] [INFO] Started server process [235]
[2026-03-29 01:52:42 +0000] [235] [INFO] Waiting for application startup.
[2026-03-29 01:52:42 +0000] [235] [INFO] Application startup complete.
[2026-03-29 01:52:42 +0000] [252] [INFO] Booting worker with pid: 252
[2026-03-29 01:52:42 +0000] [237] [INFO] Started server process [237]
[2026-03-29 01:52:42 +0000] [237] [INFO] Waiting for application startup.
[2026-03-29 01:52:42 +0000] [237] [INFO] Application startup complete.
[2026-03-29 01:52:42 +0000] [254] [INFO] Booting worker with pid: 254
[2026-03-29 01:52:42 +0000] [240] [INFO] Started server process [240]
[2026-03-29 01:52:42 +0000] [240] [INFO] Waiting for application startup.
[2026-03-29 01:52:42 +0000] [240] [INFO] Application startup complete.
[2026-03-29 01:52:42 +0000] [256] [INFO] Booting worker with pid: 256
[2026-03-29 01:52:43 +0000] [257] [INFO] Booting worker with pid: 257
[2026-03-29 01:52:43 +0000] [258] [INFO] Booting worker with pid: 258
[2026-03-29 01:52:43 +0000] [244] [INFO] Started server process [244]
[2026-03-29 01:52:43 +0000] [244] [INFO] Waiting for application startup.
[2026-03-29 01:52:43 +0000] [260] [INFO] Booting worker with pid: 260
[2026-03-29 01:52:43 +0000] [244] [INFO] Application startup complete.
[2026-03-29 01:52:43 +0000] [261] [INFO] Booting worker with pid: 261
[2026-03-29 01:52:43 +0000] [262] [INFO] Booting worker with pid: 262
[2026-03-29 01:52:43 +0000] [264] [INFO] Booting worker with pid: 264
[2026-03-29 01:52:43 +0000] [248] [INFO] Started server process [248]
[2026-03-29 01:52:43 +0000] [248] [INFO] Waiting for application startup.
[2026-03-29 01:52:43 +0000] [248] [INFO] Application startup complete.
[2026-03-29 01:52:43 +0000] [241] [INFO] Started server process [241]
[2026-03-29 01:52:43 +0000] [241] [INFO] Waiting for application startup.
[2026-03-29 01:52:43 +0000] [241] [INFO] Application startup complete.
[2026-03-29 01:52:43 +0000] [266] [INFO] Booting worker with pid: 266
[2026-03-29 01:52:43 +0000] [246] [INFO] Started server process [246]
[2026-03-29 01:52:43 +0000] [246] [INFO] Waiting for application startup.
[2026-03-29 01:52:43 +0000] [246] [INFO] Application startup complete.
[2026-03-29 01:52:43 +0000] [250] [INFO] Started server process [250]
[2026-03-29 01:52:43 +0000] [250] [INFO] Waiting for application startup.
[2026-03-29 01:52:43 +0000] [250] [INFO] Application startup complete.
[2026-03-29 01:52:43 +0000] [269] [INFO] Booting worker with pid: 269
[2026-03-29 01:52:43 +0000] [270] [INFO] Booting worker with pid: 270
[2026-03-29 01:52:43 +0000] [252] [INFO] Started server process [252]
[2026-03-29 01:52:43 +0000] [252] [INFO] Waiting for application startup.
[2026-03-29 01:52:43 +0000] [252] [INFO] Application startup complete.
[2026-03-29 01:52:43 +0000] [257] [INFO] Started server process [257]
[2026-03-29 01:52:43 +0000] [257] [INFO] Waiting for application startup.
[2026-03-29 01:52:43 +0000] [257] [INFO] Application startup complete.
[2026-03-29 01:52:43 +0000] [274] [INFO] Booting worker with pid: 274
[2026-03-29 01:52:43 +0000] [254] [INFO] Started server process [254]
[2026-03-29 01:52:43 +0000] [254] [INFO] Waiting for application startup.
[2026-03-29 01:52:43 +0000] [254] [INFO] Application startup complete.
[2026-03-29 01:52:43 +0000] [275] [INFO] Booting worker with pid: 275
[2026-03-29 01:52:43 +0000] [277] [INFO] Booting worker with pid: 277
[2026-03-29 01:52:43 +0000] [256] [INFO] Started server process [256]
[2026-03-29 01:52:43 +0000] [256] [INFO] Waiting for application startup.
[2026-03-29 01:52:43 +0000] [256] [INFO] Application startup complete.
[2026-03-29 01:52:43 +0000] [261] [INFO] Started server process [261]
[2026-03-29 01:52:43 +0000] [261] [INFO] Waiting for application startup.
[2026-03-29 01:52:43 +0000] [261] [INFO] Application startup complete.
[2026-03-29 01:52:43 +0000] [279] [INFO] Booting worker with pid: 279
[2026-03-29 01:52:43 +0000] [258] [INFO] Started server process [258]
[2026-03-29 01:52:43 +0000] [258] [INFO] Waiting for application startup.
[2026-03-29 01:52:43 +0000] [258] [INFO] Application startup complete.
[2026-03-29 01:52:43 +0000] [281] [INFO] Booting worker with pid: 281
[2026-03-29 01:52:43 +0000] [260] [INFO] Started server process [260]
[2026-03-29 01:52:43 +0000] [260] [INFO] Waiting for application startup.
[2026-03-29 01:52:43 +0000] [260] [INFO] Application startup complete.
[2026-03-29 01:52:43 +0000] [283] [INFO] Booting worker with pid: 283
[2026-03-29 01:52:43 +0000] [264] [INFO] Started server process [264]
[2026-03-29 01:52:43 +0000] [264] [INFO] Waiting for application startup.
[2026-03-29 01:52:43 +0000] [264] [INFO] Application startup complete.
[2026-03-29 01:52:43 +0000] [285] [INFO] Booting worker with pid: 285
[2026-03-29 01:52:44 +0000] [286] [INFO] Booting worker with pid: 286
[2026-03-29 01:52:44 +0000] [262] [INFO] Started server process [262]
[2026-03-29 01:52:44 +0000] [262] [INFO] Waiting for application startup.
[2026-03-29 01:52:44 +0000] [262] [INFO] Application startup complete.
[2026-03-29 01:52:44 +0000] [289] [INFO] Booting worker with pid: 289
[2026-03-29 01:52:44 +0000] [269] [INFO] Started server process [269]
[2026-03-29 01:52:44 +0000] [269] [INFO] Waiting for application startup.
[2026-03-29 01:52:44 +0000] [269] [INFO] Application startup complete.
[2026-03-29 01:52:44 +0000] [290] [INFO] Booting worker with pid: 290
[2026-03-29 01:52:44 +0000] [275] [INFO] Started server process [275]
[2026-03-29 01:52:44 +0000] [275] [INFO] Waiting for application startup.
[2026-03-29 01:52:44 +0000] [275] [INFO] Application startup complete.
[2026-03-29 01:52:44 +0000] [292] [INFO] Booting worker with pid: 292
[2026-03-29 01:52:44 +0000] [294] [INFO] Booting worker with pid: 294
[2026-03-29 01:52:44 +0000] [296] [INFO] Booting worker with pid: 296
[2026-03-29 01:52:44 +0000] [266] [INFO] Started server process [266]
[2026-03-29 01:52:44 +0000] [266] [INFO] Waiting for application startup.
[2026-03-29 01:52:44 +0000] [266] [INFO] Application startup complete.
[2026-03-29 01:52:44 +0000] [277] [INFO] Started server process [277]
[2026-03-29 01:52:44 +0000] [277] [INFO] Waiting for application startup.
[2026-03-29 01:52:44 +0000] [277] [INFO] Application startup complete.
[2026-03-29 01:52:44 +0000] [298] [INFO] Booting worker with pid: 298
[2026-03-29 01:52:44 +0000] [270] [INFO] Started server process [270]
[2026-03-29 01:52:44 +0000] [270] [INFO] Waiting for application startup.
[2026-03-29 01:52:44 +0000] [270] [INFO] Application startup complete.
[2026-03-29 01:52:44 +0000] [299] [INFO] Booting worker with pid: 299
[2026-03-29 01:52:44 +0000] [301] [INFO] Booting worker with pid: 301
[2026-03-29 01:52:44 +0000] [274] [INFO] Started server process [274]
[2026-03-29 01:52:44 +0000] [274] [INFO] Waiting for application startup.
[2026-03-29 01:52:44 +0000] [274] [INFO] Application startup complete.
[2026-03-29 01:52:44 +0000] [302] [INFO] Booting worker with pid: 302
[2026-03-29 01:52:44 +0000] [304] [INFO] Booting worker with pid: 304
[2026-03-29 01:52:44 +0000] [286] [INFO] Started server process [286]
[2026-03-29 01:52:44 +0000] [286] [INFO] Waiting for application startup.
[2026-03-29 01:52:44 +0000] [286] [INFO] Application startup complete.
[2026-03-29 01:52:44 +0000] [281] [INFO] Started server process [281]
[2026-03-29 01:52:44 +0000] [281] [INFO] Waiting for application startup.
[2026-03-29 01:52:44 +0000] [281] [INFO] Application startup complete.
[2026-03-29 01:52:44 +0000] [283] [INFO] Started server process [283]
[2026-03-29 01:52:44 +0000] [283] [INFO] Waiting for application startup.
[2026-03-29 01:52:44 +0000] [283] [INFO] Application startup complete.
[2026-03-29 01:52:44 +0000] [307] [INFO] Booting worker with pid: 307
[2026-03-29 01:52:44 +0000] [279] [INFO] Started server process [279]
[2026-03-29 01:52:44 +0000] [279] [INFO] Waiting for application startup.
[2026-03-29 01:52:44 +0000] [279] [INFO] Application startup complete.
[2026-03-29 01:52:44 +0000] [309] [INFO] Booting worker with pid: 309
[2026-03-29 01:52:44 +0000] [311] [INFO] Booting worker with pid: 311
[2026-03-29 01:52:44 +0000] [285] [INFO] Started server process [285]
[2026-03-29 01:52:44 +0000] [285] [INFO] Waiting for application startup.
[2026-03-29 01:52:44 +0000] [285] [INFO] Application startup complete.
[2026-03-29 01:52:44 +0000] [312] [INFO] Booting worker with pid: 312
[2026-03-29 01:52:45 +0000] [313] [INFO] Booting worker with pid: 313
[2026-03-29 01:52:45 +0000] [292] [INFO] Started server process [292]
[2026-03-29 01:52:45 +0000] [292] [INFO] Waiting for application startup.
[2026-03-29 01:52:45 +0000] [292] [INFO] Application startup complete.
[2026-03-29 01:52:45 +0000] [316] [INFO] Booting worker with pid: 316
[2026-03-29 01:52:45 +0000] [289] [INFO] Started server process [289]
[2026-03-29 01:52:45 +0000] [289] [INFO] Waiting for application startup.
[2026-03-29 01:52:45 +0000] [289] [INFO] Application startup complete.
[2026-03-29 01:52:45 +0000] [318] [INFO] Booting worker with pid: 318
[2026-03-29 01:52:45 +0000] [319] [INFO] Booting worker with pid: 319
[2026-03-29 01:52:45 +0000] [290] [INFO] Started server process [290]
[2026-03-29 01:52:45 +0000] [290] [INFO] Waiting for application startup.
[2026-03-29 01:52:45 +0000] [290] [INFO] Application startup complete.
[2026-03-29 01:52:45 +0000] [320] [INFO] Booting worker with pid: 320
[2026-03-29 01:52:45 +0000] [321] [INFO] Booting worker with pid: 321
[2026-03-29 01:52:45 +0000] [322] [INFO] Booting worker with pid: 322
[2026-03-29 01:52:45 +0000] [323] [INFO] Booting worker with pid: 323
[2026-03-29 01:52:45 +0000] [324] [INFO] Booting worker with pid: 324
[2026-03-29 01:52:45 +0000] [325] [INFO] Booting worker with pid: 325
[2026-03-29 01:52:45 +0000] [302] [INFO] Started server process [302]
[2026-03-29 01:52:45 +0000] [302] [INFO] Waiting for application startup.
[2026-03-29 01:52:45 +0000] [302] [INFO] Application startup complete.
[2026-03-29 01:52:45 +0000] [328] [INFO] Booting worker with pid: 328
[2026-03-29 01:52:45 +0000] [307] [INFO] Started server process [307]
[2026-03-29 01:52:45 +0000] [307] [INFO] Waiting for application startup.
[2026-03-29 01:52:45 +0000] [307] [INFO] Application startup complete.
[2026-03-29 01:52:45 +0000] [330] [INFO] Booting worker with pid: 330
[2026-03-29 01:52:45 +0000] [299] [INFO] Started server process [299]
[2026-03-29 01:52:45 +0000] [299] [INFO] Waiting for application startup.
[2026-03-29 01:52:45 +0000] [299] [INFO] Application startup complete.
[2026-03-29 01:52:45 +0000] [332] [INFO] Booting worker with pid: 332
[2026-03-29 01:52:45 +0000] [298] [INFO] Started server process [298]
[2026-03-29 01:52:45 +0000] [298] [INFO] Waiting for application startup.
[2026-03-29 01:52:45 +0000] [298] [INFO] Application startup complete.
[2026-03-29 01:52:45 +0000] [333] [INFO] Booting worker with pid: 333
[2026-03-29 01:52:45 +0000] [335] [INFO] Booting worker with pid: 335
[2026-03-29 01:52:45 +0000] [296] [INFO] Started server process [296]
[2026-03-29 01:52:45 +0000] [296] [INFO] Waiting for application startup.
[2026-03-29 01:52:45 +0000] [296] [INFO] Application startup complete.
[2026-03-29 01:52:45 +0000] [311] [INFO] Started server process [311]
[2026-03-29 01:52:45 +0000] [311] [INFO] Waiting for application startup.
[2026-03-29 01:52:45 +0000] [311] [INFO] Application startup complete.
[2026-03-29 01:52:45 +0000] [338] [INFO] Booting worker with pid: 338
[2026-03-29 01:52:45 +0000] [304] [INFO] Started server process [304]
[2026-03-29 01:52:45 +0000] [304] [INFO] Waiting for application startup.
[2026-03-29 01:52:45 +0000] [304] [INFO] Application startup complete.
[2026-03-29 01:52:45 +0000] [318] [INFO] Started server process [318]
[2026-03-29 01:52:45 +0000] [318] [INFO] Waiting for application startup.
[2026-03-29 01:52:45 +0000] [318] [INFO] Application startup complete.
[2026-03-29 01:52:45 +0000] [323] [INFO] Started server process [323]
[2026-03-29 01:52:45 +0000] [323] [INFO] Waiting for application startup.
[2026-03-29 01:52:45 +0000] [323] [INFO] Application startup complete.
[2026-03-29 01:52:45 +0000] [319] [INFO] Started server process [319]
[2026-03-29 01:52:45 +0000] [319] [INFO] Waiting for application startup.
[2026-03-29 01:52:45 +0000] [319] [INFO] Application startup complete.
[2026-03-29 01:52:45 +0000] [344] [INFO] Booting worker with pid: 344
[2026-03-29 01:52:45 +0000] [313] [INFO] Started server process [313]
[2026-03-29 01:52:45 +0000] [313] [INFO] Waiting for application startup.
[2026-03-29 01:52:45 +0000] [313] [INFO] Application startup complete.
[2026-03-29 01:52:45 +0000] [320] [INFO] Started server process [320]
[2026-03-29 01:52:45 +0000] [320] [INFO] Waiting for application startup.
[2026-03-29 01:52:45 +0000] [320] [INFO] Application startup complete.
[2026-03-29 01:52:45 +0000] [301] [INFO] Started server process [301]
[2026-03-29 01:52:45 +0000] [301] [INFO] Waiting for application startup.
[2026-03-29 01:52:45 +0000] [301] [INFO] Application startup complete.
[2026-03-29 01:52:45 +0000] [346] [INFO] Booting worker with pid: 346
[2026-03-29 01:52:46 +0000] [347] [INFO] Booting worker with pid: 347
[2026-03-29 01:52:46 +0000] [348] [INFO] Booting worker with pid: 348
[2026-03-29 01:52:46 +0000] [350] [INFO] Booting worker with pid: 350
[2026-03-29 01:52:46 +0000] [294] [INFO] Started server process [294]
[2026-03-29 01:52:46 +0000] [294] [INFO] Waiting for application startup.
[2026-03-29 01:52:46 +0000] [294] [INFO] Application startup complete.
[2026-03-29 01:52:46 +0000] [351] [INFO] Booting worker with pid: 351
[2026-03-29 01:52:46 +0000] [353] [INFO] Booting worker with pid: 353
[2026-03-29 01:52:46 +0000] [312] [INFO] Started server process [312]
[2026-03-29 01:52:46 +0000] [312] [INFO] Waiting for application startup.
[2026-03-29 01:52:46 +0000] [312] [INFO] Application startup complete.
[2026-03-29 01:52:46 +0000] [354] [INFO] Booting worker with pid: 354
[2026-03-29 01:52:46 +0000] [356] [INFO] Booting worker with pid: 356
[2026-03-29 01:52:46 +0000] [359] [INFO] Booting worker with pid: 359
[2026-03-29 01:52:46 +0000] [309] [INFO] Started server process [309]
[2026-03-29 01:52:46 +0000] [309] [INFO] Waiting for application startup.
[2026-03-29 01:52:46 +0000] [309] [INFO] Application startup complete.
[2026-03-29 01:52:46 +0000] [330] [INFO] Started server process [330]
[2026-03-29 01:52:46 +0000] [330] [INFO] Waiting for application startup.
[2026-03-29 01:52:46 +0000] [330] [INFO] Application startup complete.
[2026-03-29 01:52:46 +0000] [325] [INFO] Started server process [325]
[2026-03-29 01:52:46 +0000] [325] [INFO] Waiting for application startup.
[2026-03-29 01:52:46 +0000] [325] [INFO] Application startup complete.
[2026-03-29 01:52:46 +0000] [360] [INFO] Booting worker with pid: 360
[2026-03-29 01:52:46 +0000] [361] [INFO] Booting worker with pid: 361
[2026-03-29 01:52:46 +0000] [364] [INFO] Booting worker with pid: 364
[2026-03-29 01:52:46 +0000] [365] [INFO] Booting worker with pid: 365
[2026-03-29 01:52:46 +0000] [322] [INFO] Started server process [322]
[2026-03-29 01:52:46 +0000] [322] [INFO] Waiting for application startup.
[2026-03-29 01:52:46 +0000] [322] [INFO] Application startup complete.
[2026-03-29 01:52:46 +0000] [332] [INFO] Started server process [332]
[2026-03-29 01:52:46 +0000] [338] [INFO] Started server process [338]
[2026-03-29 01:52:46 +0000] [338] [INFO] Waiting for application startup.
[2026-03-29 01:52:46 +0000] [338] [INFO] Application startup complete.
[2026-03-29 01:52:46 +0000] [332] [INFO] Waiting for application startup.
[2026-03-29 01:52:46 +0000] [332] [INFO] Application startup complete.
[2026-03-29 01:52:46 +0000] [370] [INFO] Booting worker with pid: 370
[2026-03-29 01:52:46 +0000] [347] [INFO] Started server process [347]
[2026-03-29 01:52:46 +0000] [347] [INFO] Waiting for application startup.
[2026-03-29 01:52:46 +0000] [344] [INFO] Started server process [344]
[2026-03-29 01:52:46 +0000] [344] [INFO] Waiting for application startup.
[2026-03-29 01:52:46 +0000] [347] [INFO] Application startup complete.
[2026-03-29 01:52:46 +0000] [344] [INFO] Application startup complete.
[2026-03-29 01:52:46 +0000] [316] [INFO] Started server process [316]
[2026-03-29 01:52:46 +0000] [316] [INFO] Waiting for application startup.
[2026-03-29 01:52:46 +0000] [316] [INFO] Application startup complete.
[2026-03-29 01:52:46 +0000] [335] [INFO] Started server process [335]
[2026-03-29 01:52:46 +0000] [335] [INFO] Waiting for application startup.
[2026-03-29 01:52:46 +0000] [335] [INFO] Application startup complete.
[2026-03-29 01:52:46 +0000] [374] [INFO] Booting worker with pid: 374
[2026-03-29 01:52:46 +0000] [321] [INFO] Started server process [321]
[2026-03-29 01:52:46 +0000] [321] [INFO] Waiting for application startup.
[2026-03-29 01:52:46 +0000] [321] [INFO] Application startup complete.
[2026-03-29 01:52:46 +0000] [376] [INFO] Booting worker with pid: 376
[2026-03-29 01:52:46 +0000] [350] [INFO] Started server process [350]
[2026-03-29 01:52:46 +0000] [350] [INFO] Waiting for application startup.
[2026-03-29 01:52:46 +0000] [350] [INFO] Application startup complete.
[2026-03-29 01:52:46 +0000] [348] [INFO] Started server process [348]
[2026-03-29 01:52:46 +0000] [348] [INFO] Waiting for application startup.
[2026-03-29 01:52:46 +0000] [348] [INFO] Application startup complete.
[2026-03-29 01:52:46 +0000] [328] [INFO] Started server process [328]
[2026-03-29 01:52:46 +0000] [328] [INFO] Waiting for application startup.
[2026-03-29 01:52:46 +0000] [328] [INFO] Application startup complete.
[2026-03-29 01:52:46 +0000] [379] [INFO] Booting worker with pid: 379
[2026-03-29 01:52:46 +0000] [354] [INFO] Started server process [354]
[2026-03-29 01:52:46 +0000] [354] [INFO] Waiting for application startup.
[2026-03-29 01:52:46 +0000] [354] [INFO] Application startup complete.
[2026-03-29 01:52:46 +0000] [381] [INFO] Booting worker with pid: 381
[2026-03-29 01:52:46 +0000] [382] [INFO] Booting worker with pid: 382
[2026-03-29 01:52:47 +0000] [333] [INFO] Started server process [333]
[2026-03-29 01:52:47 +0000] [333] [INFO] Waiting for application startup.
[2026-03-29 01:52:47 +0000] [333] [INFO] Application startup complete.
[2026-03-29 01:52:47 +0000] [383] [INFO] Booting worker with pid: 383
[2026-03-29 01:52:47 +0000] [387] [INFO] Booting worker with pid: 387
[2026-03-29 01:52:47 +0000] [360] [INFO] Started server process [360]
[2026-03-29 01:52:47 +0000] [360] [INFO] Waiting for application startup.
[2026-03-29 01:52:47 +0000] [360] [INFO] Application startup complete.
[2026-03-29 01:52:47 +0000] [353] [INFO] Started server process [353]
[2026-03-29 01:52:47 +0000] [353] [INFO] Waiting for application startup.
[2026-03-29 01:52:47 +0000] [353] [INFO] Application startup complete.
[2026-03-29 01:52:47 +0000] [324] [INFO] Started server process [324]
[2026-03-29 01:52:47 +0000] [324] [INFO] Waiting for application startup.
[2026-03-29 01:52:47 +0000] [324] [INFO] Application startup complete.
[2026-03-29 01:52:47 +0000] [351] [INFO] Started server process [351]
[2026-03-29 01:52:47 +0000] [351] [INFO] Waiting for application startup.
[2026-03-29 01:52:47 +0000] [351] [INFO] Application startup complete.
[2026-03-29 01:52:47 +0000] [389] [INFO] Booting worker with pid: 389
[2026-03-29 01:52:47 +0000] [390] [INFO] Booting worker with pid: 390
[2026-03-29 01:52:47 +0000] [391] [INFO] Booting worker with pid: 391
[2026-03-29 01:52:47 +0000] [392] [INFO] Booting worker with pid: 392
[2026-03-29 01:52:47 +0000] [346] [INFO] Started server process [346]
[2026-03-29 01:52:47 +0000] [346] [INFO] Waiting for application startup.
[2026-03-29 01:52:47 +0000] [346] [INFO] Application startup complete.
[2026-03-29 01:52:47 +0000] [394] [INFO] Booting worker with pid: 394
[2026-03-29 01:52:47 +0000] [395] [INFO] Booting worker with pid: 395
[2026-03-29 01:52:47 +0000] [396] [INFO] Booting worker with pid: 396
[2026-03-29 01:52:47 +0000] [370] [INFO] Started server process [370]
[2026-03-29 01:52:47 +0000] [370] [INFO] Waiting for application startup.
[2026-03-29 01:52:47 +0000] [370] [INFO] Application startup complete.
[2026-03-29 01:52:47 +0000] [399] [INFO] Booting worker with pid: 399
[2026-03-29 01:52:47 +0000] [365] [INFO] Started server process [365]
[2026-03-29 01:52:47 +0000] [401] [INFO] Booting worker with pid: 401
[2026-03-29 01:52:47 +0000] [365] [INFO] Waiting for application startup.
[2026-03-29 01:52:47 +0000] [365] [INFO] Application startup complete.
[2026-03-29 01:52:47 +0000] [381] [INFO] Started server process [381]
[2026-03-29 01:52:47 +0000] [381] [INFO] Waiting for application startup.
[2026-03-29 01:52:47 +0000] [381] [INFO] Application startup complete.
[2026-03-29 01:52:47 +0000] [376] [INFO] Started server process [376]
[2026-03-29 01:52:47 +0000] [376] [INFO] Waiting for application startup.
[2026-03-29 01:52:47 +0000] [376] [INFO] Application startup complete.
[2026-03-29 01:52:47 +0000] [404] [INFO] Booting worker with pid: 404
[2026-03-29 01:52:47 +0000] [356] [INFO] Started server process [356]
[2026-03-29 01:52:47 +0000] [356] [INFO] Waiting for application startup.
[2026-03-29 01:52:47 +0000] [356] [INFO] Application startup complete.
[2026-03-29 01:52:47 +0000] [405] [INFO] Booting worker with pid: 405
[2026-03-29 01:52:47 +0000] [406] [INFO] Booting worker with pid: 406
[2026-03-29 01:52:47 +0000] [408] [INFO] Booting worker with pid: 408
[2026-03-29 01:52:48 +0000] [409] [INFO] Booting worker with pid: 409
[2026-03-29 01:52:48 +0000] [361] [INFO] Started server process [361]
[2026-03-29 01:52:48 +0000] [410] [INFO] Booting worker with pid: 410
[2026-03-29 01:52:48 +0000] [361] [INFO] Waiting for application startup.
[2026-03-29 01:52:48 +0000] [361] [INFO] Application startup complete.
[2026-03-29 01:52:48 +0000] [411] [INFO] Booting worker with pid: 411
[2026-03-29 01:52:48 +0000] [414] [INFO] Booting worker with pid: 414
[2026-03-29 01:52:48 +0000] [389] [INFO] Started server process [389]
[2026-03-29 01:52:48 +0000] [389] [INFO] Waiting for application startup.
[2026-03-29 01:52:48 +0000] [389] [INFO] Application startup complete.
[2026-03-29 01:52:48 +0000] [391] [INFO] Started server process [391]
[2026-03-29 01:52:48 +0000] [391] [INFO] Waiting for application startup.
[2026-03-29 01:52:48 +0000] [391] [INFO] Application startup complete.
[2026-03-29 01:52:48 +0000] [415] [INFO] Booting worker with pid: 415
[2026-03-29 01:52:48 +0000] [387] [INFO] Started server process [387]
[2026-03-29 01:52:48 +0000] [387] [INFO] Waiting for application startup.
[2026-03-29 01:52:48 +0000] [387] [INFO] Application startup complete.
[2026-03-29 01:52:48 +0000] [420] [INFO] Booting worker with pid: 420
[2026-03-29 01:52:48 +0000] [359] [INFO] Started server process [359]
[2026-03-29 01:52:48 +0000] [359] [INFO] Waiting for application startup.
[2026-03-29 01:52:48 +0000] [359] [INFO] Application startup complete.
[2026-03-29 01:52:48 +0000] [421] [INFO] Booting worker with pid: 421
[2026-03-29 01:52:48 +0000] [364] [INFO] Started server process [364]
[2026-03-29 01:52:48 +0000] [364] [INFO] Waiting for application startup.
[2026-03-29 01:52:48 +0000] [364] [INFO] Application startup complete.
[2026-03-29 01:52:48 +0000] [422] [INFO] Booting worker with pid: 422
[2026-03-29 01:52:48 +0000] [374] [INFO] Started server process [374]
[2026-03-29 01:52:48 +0000] [374] [INFO] Waiting for application startup.
[2026-03-29 01:52:48 +0000] [374] [INFO] Application startup complete.
[2026-03-29 01:52:48 +0000] [394] [INFO] Started server process [394]
[2026-03-29 01:52:48 +0000] [394] [INFO] Waiting for application startup.
[2026-03-29 01:52:48 +0000] [394] [INFO] Application startup complete.
[2026-03-29 01:52:48 +0000] [383] [INFO] Started server process [383]
[2026-03-29 01:52:48 +0000] [383] [INFO] Waiting for application startup.
[2026-03-29 01:52:48 +0000] [383] [INFO] Application startup complete.
[2026-03-29 01:52:48 +0000] [427] [INFO] Booting worker with pid: 427
[2026-03-29 01:52:48 +0000] [390] [INFO] Started server process [390]
[2026-03-29 01:52:48 +0000] [390] [INFO] Waiting for application startup.
[2026-03-29 01:52:48 +0000] [390] [INFO] Application startup complete.
[2026-03-29 01:52:48 +0000] [392] [INFO] Started server process [392]
[2026-03-29 01:52:48 +0000] [392] [INFO] Waiting for application startup.
[2026-03-29 01:52:48 +0000] [392] [INFO] Application startup complete.
[2026-03-29 01:52:48 +0000] [429] [INFO] Booting worker with pid: 429
[2026-03-29 01:52:48 +0000] [395] [INFO] Started server process [395]
[2026-03-29 01:52:48 +0000] [395] [INFO] Waiting for application startup.
[2026-03-29 01:52:48 +0000] [395] [INFO] Application startup complete.
[2026-03-29 01:52:48 +0000] [432] [INFO] Booting worker with pid: 432
[2026-03-29 01:52:48 +0000] [401] [INFO] Started server process [401]
[2026-03-29 01:52:48 +0000] [401] [INFO] Waiting for application startup.
[2026-03-29 01:52:48 +0000] [401] [INFO] Application startup complete.
[2026-03-29 01:52:48 +0000] [382] [INFO] Started server process [382]
[2026-03-29 01:52:48 +0000] [382] [INFO] Waiting for application startup.
[2026-03-29 01:52:48 +0000] [382] [INFO] Application startup complete.
[2026-03-29 01:52:48 +0000] [434] [INFO] Booting worker with pid: 434
[2026-03-29 01:52:48 +0000] [379] [INFO] Started server process [379]
[2026-03-29 01:52:48 +0000] [379] [INFO] Waiting for application startup.
[2026-03-29 01:52:48 +0000] [379] [INFO] Application startup complete.
[2026-03-29 01:52:48 +0000] [404] [INFO] Started server process [404]
[2026-03-29 01:52:48 +0000] [404] [INFO] Waiting for application startup.
[2026-03-29 01:52:48 +0000] [404] [INFO] Application startup complete.
[2026-03-29 01:52:48 +0000] [436] [INFO] Booting worker with pid: 436
[2026-03-29 01:52:48 +0000] [437] [INFO] Booting worker with pid: 437
[2026-03-29 01:52:48 +0000] [438] [INFO] Booting worker with pid: 438
[2026-03-29 01:52:48 +0000] [439] [INFO] Booting worker with pid: 439
[2026-03-29 01:52:48 +0000] [408] [INFO] Started server process [408]
[2026-03-29 01:52:48 +0000] [408] [INFO] Waiting for application startup.
[2026-03-29 01:52:48 +0000] [408] [INFO] Application startup complete.
[2026-03-29 01:52:48 +0000] [396] [INFO] Started server process [396]
[2026-03-29 01:52:48 +0000] [396] [INFO] Waiting for application startup.
[2026-03-29 01:52:48 +0000] [396] [INFO] Application startup complete.
[2026-03-29 01:52:48 +0000] [443] [INFO] Booting worker with pid: 443
[2026-03-29 01:52:48 +0000] [406] [INFO] Started server process [406]
[2026-03-29 01:52:48 +0000] [406] [INFO] Waiting for application startup.
[2026-03-29 01:52:48 +0000] [406] [INFO] Application startup complete.
[2026-03-29 01:52:48 +0000] [444] [INFO] Booting worker with pid: 444
[2026-03-29 01:52:49 +0000] [446] [INFO] Booting worker with pid: 446
[2026-03-29 01:52:49 +0000] [409] [INFO] Started server process [409]
[2026-03-29 01:52:49 +0000] [409] [INFO] Waiting for application startup.
[2026-03-29 01:52:49 +0000] [409] [INFO] Application startup complete.
[2026-03-29 01:52:49 +0000] [448] [INFO] Booting worker with pid: 448
[2026-03-29 01:52:49 +0000] [427] [INFO] Started server process [427]
[2026-03-29 01:52:49 +0000] [427] [INFO] Waiting for application startup.
[2026-03-29 01:52:49 +0000] [427] [INFO] Application startup complete.
[2026-03-29 01:52:49 +0000] [399] [INFO] Started server process [399]
[2026-03-29 01:52:49 +0000] [399] [INFO] Waiting for application startup.
[2026-03-29 01:52:49 +0000] [399] [INFO] Application startup complete.
[2026-03-29 01:52:49 +0000] [415] [INFO] Started server process [415]
[2026-03-29 01:52:49 +0000] [415] [INFO] Waiting for application startup.
[2026-03-29 01:52:49 +0000] [415] [INFO] Application startup complete.
[2026-03-29 01:52:49 +0000] [451] [INFO] Booting worker with pid: 451
[2026-03-29 01:52:49 +0000] [453] [INFO] Booting worker with pid: 453
[2026-03-29 01:52:49 +0000] [454] [INFO] Booting worker with pid: 454
[2026-03-29 01:52:49 +0000] [456] [INFO] Booting worker with pid: 456
[2026-03-29 01:52:49 +0000] [410] [INFO] Started server process [410]
[2026-03-29 01:52:49 +0000] [410] [INFO] Waiting for application startup.
[2026-03-29 01:52:49 +0000] [410] [INFO] Application startup complete.
[2026-03-29 01:52:49 +0000] [458] [INFO] Booting worker with pid: 458
[2026-03-29 01:52:49 +0000] [459] [INFO] Booting worker with pid: 459
[2026-03-29 01:52:49 +0000] [414] [INFO] Started server process [414]
[2026-03-29 01:52:49 +0000] [414] [INFO] Waiting for application startup.
[2026-03-29 01:52:49 +0000] [414] [INFO] Application startup complete.
[2026-03-29 01:52:49 +0000] [439] [INFO] Started server process [439]
[2026-03-29 01:52:49 +0000] [439] [INFO] Waiting for application startup.
[2026-03-29 01:52:49 +0000] [439] [INFO] Application startup complete.
[2026-03-29 01:52:49 +0000] [420] [INFO] Started server process [420]
[2026-03-29 01:52:49 +0000] [420] [INFO] Waiting for application startup.
[2026-03-29 01:52:49 +0000] [420] [INFO] Application startup complete.
[2026-03-29 01:52:49 +0000] [461] [INFO] Booting worker with pid: 461
[2026-03-29 01:52:49 +0000] [463] [INFO] Booting worker with pid: 463
[2026-03-29 01:52:49 +0000] [411] [INFO] Started server process [411]
[2026-03-29 01:52:49 +0000] [411] [INFO] Waiting for application startup.
[2026-03-29 01:52:49 +0000] [411] [INFO] Application startup complete.
[2026-03-29 01:52:49 +0000] [464] [INFO] Booting worker with pid: 464
[2026-03-29 01:52:49 +0000] [446] [INFO] Started server process [446]
[2026-03-29 01:52:49 +0000] [446] [INFO] Waiting for application startup.
[2026-03-29 01:52:49 +0000] [446] [INFO] Application startup complete.
[2026-03-29 01:52:49 +0000] [467] [INFO] Booting worker with pid: 467
[2026-03-29 01:52:49 +0000] [468] [INFO] Booting worker with pid: 468
[2026-03-29 01:52:49 +0000] [436] [INFO] Started server process [436]
[2026-03-29 01:52:49 +0000] [436] [INFO] Waiting for application startup.
[2026-03-29 01:52:49 +0000] [436] [INFO] Application startup complete.
[2026-03-29 01:52:49 +0000] [469] [INFO] Booting worker with pid: 469
[2026-03-29 01:52:49 +0000] [470] [INFO] Booting worker with pid: 470
[2026-03-29 01:52:50 +0000] [471] [INFO] Booting worker with pid: 471
[2026-03-29 01:52:50 +0000] [473] [INFO] Booting worker with pid: 473
[2026-03-29 01:52:50 +0000] [438] [INFO] Started server process [438]
[2026-03-29 01:52:50 +0000] [438] [INFO] Waiting for application startup.
[2026-03-29 01:52:50 +0000] [438] [INFO] Application startup complete.
[2026-03-29 01:52:50 +0000] [405] [INFO] Started server process [405]
[2026-03-29 01:52:50 +0000] [405] [INFO] Waiting for application startup.
[2026-03-29 01:52:50 +0000] [405] [INFO] Application startup complete.
[2026-03-29 01:52:50 +0000] [475] [INFO] Booting worker with pid: 475
[2026-03-29 01:52:50 +0000] [476] [INFO] Booting worker with pid: 476
[2026-03-29 01:52:50 +0000] [444] [INFO] Started server process [444]
[2026-03-29 01:52:50 +0000] [444] [INFO] Waiting for application startup.
[2026-03-29 01:52:50 +0000] [444] [INFO] Application startup complete.
[2026-03-29 01:52:50 +0000] [479] [INFO] Booting worker with pid: 479
[2026-03-29 01:52:50 +0000] [480] [INFO] Booting worker with pid: 480
[2026-03-29 01:52:50 +0000] [481] [INFO] Booting worker with pid: 481
[2026-03-29 01:52:50 +0000] [482] [INFO] Booting worker with pid: 482
[2026-03-29 01:52:50 +0000] [437] [INFO] Started server process [437]
[2026-03-29 01:52:50 +0000] [437] [INFO] Waiting for application startup.
[2026-03-29 01:52:50 +0000] [437] [INFO] Application startup complete.
[2026-03-29 01:52:50 +0000] [484] [INFO] Booting worker with pid: 484
[2026-03-29 01:52:50 +0000] [432] [INFO] Started server process [432]
[2026-03-29 01:52:50 +0000] [432] [INFO] Waiting for application startup.
[2026-03-29 01:52:50 +0000] [432] [INFO] Application startup complete.
[2026-03-29 01:52:50 +0000] [485] [INFO] Booting worker with pid: 485
[2026-03-29 01:52:50 +0000] [486] [INFO] Booting worker with pid: 486
[2026-03-29 01:52:50 +0000] [488] [INFO] Booting worker with pid: 488
[2026-03-29 01:52:50 +0000] [470] [INFO] Started server process [470]
[2026-03-29 01:52:50 +0000] [470] [INFO] Waiting for application startup.
[2026-03-29 01:52:50 +0000] [470] [INFO] Application startup complete.
[2026-03-29 01:52:50 +0000] [461] [INFO] Started server process [461]
[2026-03-29 01:52:50 +0000] [461] [INFO] Waiting for application startup.
[2026-03-29 01:52:50 +0000] [461] [INFO] Application startup complete.
[2026-03-29 01:52:50 +0000] [421] [INFO] Started server process [421]
[2026-03-29 01:52:50 +0000] [421] [INFO] Waiting for application startup.
[2026-03-29 01:52:50 +0000] [421] [INFO] Application startup complete.
[2026-03-29 01:52:50 +0000] [458] [INFO] Started server process [458]
[2026-03-29 01:52:50 +0000] [458] [INFO] Waiting for application startup.
[2026-03-29 01:52:50 +0000] [458] [INFO] Application startup complete.
[2026-03-29 01:52:50 +0000] [454] [INFO] Started server process [454]
[2026-03-29 01:52:50 +0000] [454] [INFO] Waiting for application startup.
[2026-03-29 01:52:50 +0000] [454] [INFO] Application startup complete.
[2026-03-29 01:52:50 +0000] [463] [INFO] Started server process [463]
[2026-03-29 01:52:51 +0000] [463] [INFO] Waiting for application startup.
[2026-03-29 01:52:51 +0000] [463] [INFO] Application startup complete.
[2026-03-29 01:52:51 +0000] [459] [INFO] Started server process [459]
[2026-03-29 01:52:51 +0000] [459] [INFO] Waiting for application startup.
[2026-03-29 01:52:51 +0000] [459] [INFO] Application startup complete.
[2026-03-29 01:52:51 +0000] [464] [INFO] Started server process [464]
[2026-03-29 01:52:51 +0000] [464] [INFO] Waiting for application startup.
[2026-03-29 01:52:51 +0000] [464] [INFO] Application startup complete.
[2026-03-29 01:52:51 +0000] [422] [INFO] Started server process [422]
[2026-03-29 01:52:51 +0000] [422] [INFO] Waiting for application startup.
[2026-03-29 01:52:51 +0000] [422] [INFO] Application startup complete.
[2026-03-29 01:52:51 +0000] [475] [INFO] Started server process [475]
[2026-03-29 01:52:51 +0000] [475] [INFO] Waiting for application startup.
[2026-03-29 01:52:51 +0000] [475] [INFO] Application startup complete.
[2026-03-29 01:52:51 +0000] [448] [INFO] Started server process [448]
[2026-03-29 01:52:51 +0000] [448] [INFO] Waiting for application startup.
[2026-03-29 01:52:51 +0000] [448] [INFO] Application startup complete.
[2026-03-29 01:52:51 +0000] [479] [INFO] Started server process [479]
[2026-03-29 01:52:51 +0000] [479] [INFO] Waiting for application startup.
[2026-03-29 01:52:51 +0000] [479] [INFO] Application startup complete.
[2026-03-29 01:52:51 +0000] [476] [INFO] Started server process [476]
[2026-03-29 01:52:51 +0000] [476] [INFO] Waiting for application startup.
[2026-03-29 01:52:51 +0000] [476] [INFO] Application startup complete.
[2026-03-29 01:52:51 +0000] [443] [INFO] Started server process [443]
[2026-03-29 01:52:51 +0000] [443] [INFO] Waiting for application startup.
[2026-03-29 01:52:51 +0000] [443] [INFO] Application startup complete.
[2026-03-29 01:52:51 +0000] [471] [INFO] Started server process [471]
[2026-03-29 01:52:51 +0000] [471] [INFO] Waiting for application startup.
[2026-03-29 01:52:51 +0000] [471] [INFO] Application startup complete.
[2026-03-29 01:52:51 +0000] [451] [INFO] Started server process [451]
[2026-03-29 01:52:51 +0000] [451] [INFO] Waiting for application startup.
[2026-03-29 01:52:51 +0000] [451] [INFO] Application startup complete.
[2026-03-29 01:52:51 +0000] [481] [INFO] Started server process [481]
[2026-03-29 01:52:51 +0000] [481] [INFO] Waiting for application startup.
[2026-03-29 01:52:51 +0000] [481] [INFO] Application startup complete.
[2026-03-29 01:52:51 +0000] [434] [INFO] Started server process [434]
[2026-03-29 01:52:51 +0000] [434] [INFO] Waiting for application startup.
[2026-03-29 01:52:51 +0000] [434] [INFO] Application startup complete.
[2026-03-29 01:52:51 +0000] [467] [INFO] Started server process [467]
[2026-03-29 01:52:51 +0000] [467] [INFO] Waiting for application startup.
[2026-03-29 01:52:51 +0000] [467] [INFO] Application startup complete.
[2026-03-29 01:52:51 +0000] [429] [INFO] Started server process [429]
[2026-03-29 01:52:51 +0000] [429] [INFO] Waiting for application startup.
[2026-03-29 01:52:51 +0000] [332] [ERROR] Exception in ASGI application
Traceback (most recent call last):
  File "/usr/local/lib/python3.13/site-packages/uvicorn/protocols/http/httptools_impl.py", line 409, in run_asgi
    result = await app(  # type: ignore[func-returns-value]
             ^^^^^^^^^^^^^^^^^^^^^^^^^^^^^^^^^^^^^^^^^^^^^^
        self.scope, self.receive, self.send
        ^^^^^^^^^^^^^^^^^^^^^^^^^^^^^^^^^^^
    )
    ^
  File "/usr/local/lib/python3.13/site-packages/uvicorn/middleware/proxy_headers.py", line 60, in __call__
    return await self.app(scope, receive, send)
           ^^^^^^^^^^^^^^^^^^^^^^^^^^^^^^^^^^^^
  File "/usr/local/lib/python3.13/site-packages/fastapi/applications.py", line 1054, in __call__
    await super().__call__(scope, receive, send)
  File "/usr/local/lib/python3.13/site-packages/starlette/applications.py", line 112, in __call__
    await self.middleware_stack(scope, receive, send)
  File "/usr/local/lib/python3.13/site-packages/starlette/middleware/errors.py", line 187, in __call__
    raise exc
  File "/usr/local/lib/python3.13/site-packages/starlette/middleware/errors.py", line 165, in __call__
    await self.app(scope, receive, _send)
  File "/usr/local/lib/python3.13/site-packages/starlette/middleware/exceptions.py", line 62, in __call__
    await wrap_app_handling_exceptions(self.app, conn)(scope, receive, send)
  File "/usr/local/lib/python3.13/site-packages/starlette/_exception_handler.py", line 53, in wrapped_app
    raise exc
  File "/usr/local/lib/python3.13/site-packages/starlette/_exception_handler.py", line 42, in wrapped_app
    await app(scope, receive, sender)
  File "/usr/local/lib/python3.13/site-packages/starlette/routing.py", line 714, in __call__
    await self.middleware_stack(scope, receive, send)
  File "/usr/local/lib/python3.13/site-packages/starlette/routing.py", line 734, in app
    await route.handle(scope, receive, send)
  File "/usr/local/lib/python3.13/site-packages/starlette/routing.py", line 288, in handle
    await self.app(scope, receive, send)
  File "/usr/local/lib/python3.13/site-packages/starlette/routing.py", line 76, in app
    await wrap_app_handling_exceptions(app, request)(scope, receive, send)
  File "/usr/local/lib/python3.13/site-packages/starlette/_exception_handler.py", line 53, in wrapped_app
    raise exc
  File "/usr/local/lib/python3.13/site-packages/starlette/_exception_handler.py", line 42, in wrapped_app
    await app(scope, receive, sender)
  File "/usr/local/lib/python3.13/site-packages/starlette/routing.py", line 73, in app
    response = await f(request)
               ^^^^^^^^^^^^^^^^
  File "/usr/local/lib/python3.13/site-packages/fastapi/routing.py", line 301, in app
    raw_response = await run_endpoint_function(
                   ^^^^^^^^^^^^^^^^^^^^^^^^^^^^
    ...<3 lines>...
    )
    ^
  File "/usr/local/lib/python3.13/site-packages/fastapi/routing.py", line 212, in run_endpoint_function
    return await dependant.call(**values)
           ^^^^^^^^^^^^^^^^^^^^^^^^^^^^^^
  File "/app/app.py", line 240, in upload_endpoint
    async for chunk in request.stream():
        size += len(chunk)
  File "/usr/local/lib/python3.13/site-packages/starlette/requests.py", line 235, in stream
    raise ClientDisconnect()
starlette.requests.ClientDisconnect
[2026-03-29 01:52:51 +0000] [429] [INFO] Application startup complete.
[2026-03-29 01:52:51 +0000] [294] [ERROR] Exception in ASGI application
Traceback (most recent call last):
  File "/usr/local/lib/python3.13/site-packages/uvicorn/protocols/http/httptools_impl.py", line 409, in run_asgi
    result = await app(  # type: ignore[func-returns-value]
             ^^^^^^^^^^^^^^^^^^^^^^^^^^^^^^^^^^^^^^^^^^^^^^
        self.scope, self.receive, self.send
        ^^^^^^^^^^^^^^^^^^^^^^^^^^^^^^^^^^^
    )
    ^
  File "/usr/local/lib/python3.13/site-packages/uvicorn/middleware/proxy_headers.py", line 60, in __call__
    return await self.app(scope, receive, send)
           ^^^^^^^^^^^^^^^^^^^^^^^^^^^^^^^^^^^^
  File "/usr/local/lib/python3.13/site-packages/fastapi/applications.py", line 1054, in __call__
    await super().__call__(scope, receive, send)
  File "/usr/local/lib/python3.13/site-packages/starlette/applications.py", line 112, in __call__
    await self.middleware_stack(scope, receive, send)
  File "/usr/local/lib/python3.13/site-packages/starlette/middleware/errors.py", line 187, in __call__
    raise exc
  File "/usr/local/lib/python3.13/site-packages/starlette/middleware/errors.py", line 165, in __call__
    await self.app(scope, receive, _send)
  File "/usr/local/lib/python3.13/site-packages/starlette/middleware/exceptions.py", line 62, in __call__
    await wrap_app_handling_exceptions(self.app, conn)(scope, receive, send)
  File "/usr/local/lib/python3.13/site-packages/starlette/_exception_handler.py", line 53, in wrapped_app
    raise exc
  File "/usr/local/lib/python3.13/site-packages/starlette/_exception_handler.py", line 42, in wrapped_app
    await app(scope, receive, sender)
  File "/usr/local/lib/python3.13/site-packages/starlette/routing.py", line 714, in __call__
    await self.middleware_stack(scope, receive, send)
  File "/usr/local/lib/python3.13/site-packages/starlette/routing.py", line 734, in app
    await route.handle(scope, receive, send)
  File "/usr/local/lib/python3.13/site-packages/starlette/routing.py", line 288, in handle
    await self.app(scope, receive, send)
  File "/usr/local/lib/python3.13/site-packages/starlette/routing.py", line 76, in app
    await wrap_app_handling_exceptions(app, request)(scope, receive, send)
  File "/usr/local/lib/python3.13/site-packages/starlette/_exception_handler.py", line 53, in wrapped_app
    raise exc
  File "/usr/local/lib/python3.13/site-packages/starlette/_exception_handler.py", line 42, in wrapped_app
    await app(scope, receive, sender)
  File "/usr/local/lib/python3.13/site-packages/starlette/routing.py", line 73, in app
    response = await f(request)
               ^^^^^^^^^^^^^^^^
  File "/usr/local/lib/python3.13/site-packages/fastapi/routing.py", line 301, in app
    raw_response = await run_endpoint_function(
                   ^^^^^^^^^^^^^^^^^^^^^^^^^^^^
    ...<3 lines>...
    )
    ^
  File "/usr/local/lib/python3.13/site-packages/fastapi/routing.py", line 212, in run_endpoint_function
    return await dependant.call(**values)
           ^^^^^^^^^^^^^^^^^^^^^^^^^^^^^^
  File "/app/app.py", line 240, in upload_endpoint
    async for chunk in request.stream():
        size += len(chunk)
  File "/usr/local/lib/python3.13/site-packages/starlette/requests.py", line 235, in stream
    raise ClientDisconnect()
starlette.requests.ClientDisconnect
[2026-03-29 01:52:51 +0000] [469] [INFO] Started server process [469]
[2026-03-29 01:52:51 +0000] [469] [INFO] Waiting for application startup.
[2026-03-29 01:52:51 +0000] [469] [INFO] Application startup complete.
[2026-03-29 01:52:51 +0000] [468] [INFO] Started server process [468]
[2026-03-29 01:52:51 +0000] [468] [INFO] Waiting for application startup.
[2026-03-29 01:52:51 +0000] [468] [INFO] Application startup complete.
[2026-03-29 01:52:51 +0000] [480] [INFO] Started server process [480]
[2026-03-29 01:52:51 +0000] [480] [INFO] Waiting for application startup.
[2026-03-29 01:52:51 +0000] [480] [INFO] Application startup complete.
[2026-03-29 01:52:51 +0000] [456] [INFO] Started server process [456]
[2026-03-29 01:52:51 +0000] [456] [INFO] Waiting for application startup.
[2026-03-29 01:52:51 +0000] [456] [INFO] Application startup complete.
[2026-03-29 01:52:51 +0000] [453] [INFO] Started server process [453]
[2026-03-29 01:52:51 +0000] [453] [INFO] Waiting for application startup.
[2026-03-29 01:52:51 +0000] [453] [INFO] Application startup complete.
[2026-03-29 01:52:51 +0000] [482] [INFO] Started server process [482]
[2026-03-29 01:52:51 +0000] [482] [INFO] Waiting for application startup.
[2026-03-29 01:52:51 +0000] [482] [INFO] Application startup complete.
[2026-03-29 01:52:51 +0000] [473] [INFO] Started server process [473]
[2026-03-29 01:52:51 +0000] [473] [INFO] Waiting for application startup.
[2026-03-29 01:52:51 +0000] [473] [INFO] Application startup complete.
[2026-03-29 01:52:51 +0000] [488] [INFO] Started server process [488]
[2026-03-29 01:52:51 +0000] [488] [INFO] Waiting for application startup.
[2026-03-29 01:52:51 +0000] [488] [INFO] Application startup complete.
[2026-03-29 01:52:51 +0000] [485] [INFO] Started server process [485]
[2026-03-29 01:52:51 +0000] [485] [INFO] Waiting for application startup.
[2026-03-29 01:52:51 +0000] [485] [INFO] Application startup complete.
[2026-03-29 01:52:51 +0000] [484] [INFO] Started server process [484]
[2026-03-29 01:52:51 +0000] [484] [INFO] Waiting for application startup.
[2026-03-29 01:52:51 +0000] [484] [INFO] Application startup complete.
[2026-03-29 01:52:51 +0000] [486] [INFO] Started server process [486]
[2026-03-29 01:52:51 +0000] [486] [INFO] Waiting for application startup.
[2026-03-29 01:52:51 +0000] [486] [INFO] Application startup complete.
[2026-03-29 01:53:08 +0000] [434] [ERROR] Exception in ASGI application
Traceback (most recent call last):
  File "/usr/local/lib/python3.13/site-packages/uvicorn/protocols/http/httptools_impl.py", line 409, in run_asgi
    result = await app(  # type: ignore[func-returns-value]
             ^^^^^^^^^^^^^^^^^^^^^^^^^^^^^^^^^^^^^^^^^^^^^^
        self.scope, self.receive, self.send
        ^^^^^^^^^^^^^^^^^^^^^^^^^^^^^^^^^^^
    )
    ^
  File "/usr/local/lib/python3.13/site-packages/uvicorn/middleware/proxy_headers.py", line 60, in __call__
    return await self.app(scope, receive, send)
           ^^^^^^^^^^^^^^^^^^^^^^^^^^^^^^^^^^^^
  File "/usr/local/lib/python3.13/site-packages/fastapi/applications.py", line 1054, in __call__
    await super().__call__(scope, receive, send)
  File "/usr/local/lib/python3.13/site-packages/starlette/applications.py", line 112, in __call__
    await self.middleware_stack(scope, receive, send)
  File "/usr/local/lib/python3.13/site-packages/starlette/middleware/errors.py", line 187, in __call__
    raise exc
  File "/usr/local/lib/python3.13/site-packages/starlette/middleware/errors.py", line 165, in __call__
    await self.app(scope, receive, _send)
  File "/usr/local/lib/python3.13/site-packages/starlette/middleware/exceptions.py", line 62, in __call__
    await wrap_app_handling_exceptions(self.app, conn)(scope, receive, send)
  File "/usr/local/lib/python3.13/site-packages/starlette/_exception_handler.py", line 53, in wrapped_app
    raise exc
  File "/usr/local/lib/python3.13/site-packages/starlette/_exception_handler.py", line 42, in wrapped_app
    await app(scope, receive, sender)
  File "/usr/local/lib/python3.13/site-packages/starlette/routing.py", line 714, in __call__
    await self.middleware_stack(scope, receive, send)
  File "/usr/local/lib/python3.13/site-packages/starlette/routing.py", line 734, in app
    await route.handle(scope, receive, send)
  File "/usr/local/lib/python3.13/site-packages/starlette/routing.py", line 288, in handle
    await self.app(scope, receive, send)
  File "/usr/local/lib/python3.13/site-packages/starlette/routing.py", line 76, in app
    await wrap_app_handling_exceptions(app, request)(scope, receive, send)
  File "/usr/local/lib/python3.13/site-packages/starlette/_exception_handler.py", line 53, in wrapped_app
    raise exc
  File "/usr/local/lib/python3.13/site-packages/starlette/_exception_handler.py", line 42, in wrapped_app
    await app(scope, receive, sender)
  File "/usr/local/lib/python3.13/site-packages/starlette/routing.py", line 73, in app
    response = await f(request)
               ^^^^^^^^^^^^^^^^
  File "/usr/local/lib/python3.13/site-packages/fastapi/routing.py", line 301, in app
    raw_response = await run_endpoint_function(
                   ^^^^^^^^^^^^^^^^^^^^^^^^^^^^
    ...<3 lines>...
    )
    ^
  File "/usr/local/lib/python3.13/site-packages/fastapi/routing.py", line 212, in run_endpoint_function
    return await dependant.call(**values)
           ^^^^^^^^^^^^^^^^^^^^^^^^^^^^^^
  File "/app/app.py", line 240, in upload_endpoint
    async for chunk in request.stream():
        size += len(chunk)
  File "/usr/local/lib/python3.13/site-packages/starlette/requests.py", line 235, in stream
    raise ClientDisconnect()
starlette.requests.ClientDisconnect
[2026-03-29 01:53:08 +0000] [256] [ERROR] Exception in ASGI application
Traceback (most recent call last):
  File "/usr/local/lib/python3.13/site-packages/uvicorn/protocols/http/httptools_impl.py", line 409, in run_asgi
    result = await app(  # type: ignore[func-returns-value]
             ^^^^^^^^^^^^^^^^^^^^^^^^^^^^^^^^^^^^^^^^^^^^^^
        self.scope, self.receive, self.send
        ^^^^^^^^^^^^^^^^^^^^^^^^^^^^^^^^^^^
    )
    ^
  File "/usr/local/lib/python3.13/site-packages/uvicorn/middleware/proxy_headers.py", line 60, in __call__
    return await self.app(scope, receive, send)
           ^^^^^^^^^^^^^^^^^^^^^^^^^^^^^^^^^^^^
  File "/usr/local/lib/python3.13/site-packages/fastapi/applications.py", line 1054, in __call__
    await super().__call__(scope, receive, send)
  File "/usr/local/lib/python3.13/site-packages/starlette/applications.py", line 112, in __call__
    await self.middleware_stack(scope, receive, send)
  File "/usr/local/lib/python3.13/site-packages/starlette/middleware/errors.py", line 187, in __call__
    raise exc
  File "/usr/local/lib/python3.13/site-packages/starlette/middleware/errors.py", line 165, in __call__
    await self.app(scope, receive, _send)
  File "/usr/local/lib/python3.13/site-packages/starlette/middleware/exceptions.py", line 62, in __call__
    await wrap_app_handling_exceptions(self.app, conn)(scope, receive, send)
  File "/usr/local/lib/python3.13/site-packages/starlette/_exception_handler.py", line 53, in wrapped_app
    raise exc
  File "/usr/local/lib/python3.13/site-packages/starlette/_exception_handler.py", line 42, in wrapped_app
    await app(scope, receive, sender)
  File "/usr/local/lib/python3.13/site-packages/starlette/routing.py", line 714, in __call__
    await self.middleware_stack(scope, receive, send)
  File "/usr/local/lib/python3.13/site-packages/starlette/routing.py", line 734, in app
    await route.handle(scope, receive, send)
  File "/usr/local/lib/python3.13/site-packages/starlette/routing.py", line 288, in handle
    await self.app(scope, receive, send)
  File "/usr/local/lib/python3.13/site-packages/starlette/routing.py", line 76, in app
    await wrap_app_handling_exceptions(app, request)(scope, receive, send)
  File "/usr/local/lib/python3.13/site-packages/starlette/_exception_handler.py", line 53, in wrapped_app
    raise exc
  File "/usr/local/lib/python3.13/site-packages/starlette/_exception_handler.py", line 42, in wrapped_app
    await app(scope, receive, sender)
  File "/usr/local/lib/python3.13/site-packages/starlette/routing.py", line 73, in app
    response = await f(request)
               ^^^^^^^^^^^^^^^^
  File "/usr/local/lib/python3.13/site-packages/fastapi/routing.py", line 301, in app
    raw_response = await run_endpoint_function(
                   ^^^^^^^^^^^^^^^^^^^^^^^^^^^^
    ...<3 lines>...
    )
    ^
  File "/usr/local/lib/python3.13/site-packages/fastapi/routing.py", line 212, in run_endpoint_function
    return await dependant.call(**values)
           ^^^^^^^^^^^^^^^^^^^^^^^^^^^^^^
  File "/app/app.py", line 240, in upload_endpoint
    async for chunk in request.stream():
        size += len(chunk)
  File "/usr/local/lib/python3.13/site-packages/starlette/requests.py", line 235, in stream
    raise ClientDisconnect()
starlette.requests.ClientDisconnect
