[1] Puma starting in cluster mode...
[1] * Puma version: 6.6.1 ("Return to Forever")
[1] * Ruby version: ruby 3.4.9 (2026-03-11 revision 76cca827ab) +YJIT +PRISM [x86_64-linux]
[1] *  Min threads: 4
[1] *  Max threads: 4
[1] *  Environment: development
[1] *   Master PID: 1
[1] *      Workers: 128
[1] *     Restarts: (✔) hot (✖) phased (✖) refork
[1] * Preloading application
[1] * Listening on http://0.0.0.0:8080
[1] Use Ctrl-C to stop
[1] - Worker 0 (PID: 8) booted in 0.2s, phase: 0
[1] - Worker 1 (PID: 11) booted in 0.2s, phase: 0
[1] - Worker 2 (PID: 17) booted in 0.2s, phase: 0
[1] - Worker 3 (PID: 26) booted in 0.2s, phase: 0
[1] - Worker 4 (PID: 31) booted in 0.2s, phase: 0
[1] - Worker 5 (PID: 42) booted in 0.2s, phase: 0
[1] - Worker 6 (PID: 62) booted in 0.2s, phase: 0
[1] - Worker 7 (PID: 74) booted in 0.2s, phase: 0
[1] - Worker 8 (PID: 86) booted in 0.2s, phase: 0
[1] - Worker 9 (PID: 99) booted in 0.19s, phase: 0
[1] - Worker 10 (PID: 108) booted in 0.19s, phase: 0
[1] - Worker 11 (PID: 120) booted in 0.19s, phase: 0
[1] - Worker 12 (PID: 135) booted in 0.19s, phase: 0
[1] - Worker 13 (PID: 150) booted in 0.19s, phase: 0
[1] - Worker 14 (PID: 172) booted in 0.18s, phase: 0
[1] - Worker 15 (PID: 178) booted in 0.19s, phase: 0
[1] - Worker 16 (PID: 185) booted in 0.18s, phase: 0
[1] - Worker 17 (PID: 192) booted in 0.18s, phase: 0
[1] - Worker 18 (PID: 205) booted in 0.18s, phase: 0
[1] - Worker 19 (PID: 218) booted in 0.18s, phase: 0
[1] - Worker 20 (PID: 231) booted in 0.18s, phase: 0
[1] - Worker 21 (PID: 241) booted in 0.18s, phase: 0
[1] - Worker 22 (PID: 252) booted in 0.18s, phase: 0
[1] - Worker 23 (PID: 262) booted in 0.18s, phase: 0
[1] - Worker 24 (PID: 273) booted in 0.18s, phase: 0
[1] - Worker 25 (PID: 284) booted in 0.17s, phase: 0
[1] - Worker 26 (PID: 299) booted in 0.17s, phase: 0
[1] - Worker 27 (PID: 311) booted in 0.17s, phase: 0
[1] - Worker 28 (PID: 322) booted in 0.17s, phase: 0
[1] - Worker 29 (PID: 344) booted in 0.17s, phase: 0
[1] - Worker 30 (PID: 361) booted in 0.17s, phase: 0
[1] - Worker 31 (PID: 367) booted in 0.16s, phase: 0
[1] - Worker 32 (PID: 371) booted in 0.16s, phase: 0
[1] - Worker 33 (PID: 379) booted in 0.16s, phase: 0
[1] - Worker 34 (PID: 391) booted in 0.16s, phase: 0
[1] - Worker 35 (PID: 399) booted in 0.16s, phase: 0
[1] - Worker 36 (PID: 410) booted in 0.16s, phase: 0
[1] - Worker 37 (PID: 423) booted in 0.16s, phase: 0
[1] - Worker 38 (PID: 435) booted in 0.16s, phase: 0
[1] - Worker 39 (PID: 447) booted in 0.16s, phase: 0
[1] - Worker 40 (PID: 459) booted in 0.15s, phase: 0
[1] - Worker 41 (PID: 471) booted in 0.15s, phase: 0
[1] - Worker 42 (PID: 482) booted in 0.15s, phase: 0
[1] - Worker 43 (PID: 492) booted in 0.15s, phase: 0
[1] - Worker 44 (PID: 502) booted in 0.15s, phase: 0
[1] - Worker 45 (PID: 511) booted in 0.15s, phase: 0
[1] - Worker 46 (PID: 523) booted in 0.15s, phase: 0
[1] - Worker 47 (PID: 535) booted in 0.15s, phase: 0
[1] - Worker 48 (PID: 548) booted in 0.14s, phase: 0
[1] - Worker 49 (PID: 561) booted in 0.14s, phase: 0
[1] - Worker 50 (PID: 571) booted in 0.14s, phase: 0
[1] - Worker 51 (PID: 582) booted in 0.14s, phase: 0
[1] - Worker 52 (PID: 596) booted in 0.14s, phase: 0
[1] - Worker 53 (PID: 607) booted in 0.14s, phase: 0
[1] - Worker 54 (PID: 634) booted in 0.13s, phase: 0
[1] - Worker 55 (PID: 648) booted in 0.13s, phase: 0
[1] - Worker 56 (PID: 659) booted in 0.13s, phase: 0
[1] - Worker 57 (PID: 670) booted in 0.13s, phase: 0
[1] - Worker 58 (PID: 678) booted in 0.13s, phase: 0
[1] - Worker 59 (PID: 690) booted in 0.13s, phase: 0
[1] - Worker 60 (PID: 702) booted in 0.13s, phase: 0
[1] - Worker 61 (PID: 714) booted in 0.13s, phase: 0
[1] - Worker 62 (PID: 727) booted in 0.13s, phase: 0
[1] - Worker 63 (PID: 739) booted in 0.12s, phase: 0
[1] - Worker 64 (PID: 751) booted in 0.12s, phase: 0
[1] - Worker 65 (PID: 762) booted in 0.12s, phase: 0
[1] - Worker 66 (PID: 776) booted in 0.12s, phase: 0
[1] - Worker 67 (PID: 786) booted in 0.12s, phase: 0
[1] - Worker 68 (PID: 801) booted in 0.12s, phase: 0
[1] - Worker 69 (PID: 810) booted in 0.12s, phase: 0
[1] - Worker 70 (PID: 824) booted in 0.12s, phase: 0
[1] - Worker 71 (PID: 839) booted in 0.11s, phase: 0
[1] - Worker 72 (PID: 850) booted in 0.11s, phase: 0
[1] - Worker 73 (PID: 861) booted in 0.11s, phase: 0
[1] - Worker 74 (PID: 872) booted in 0.11s, phase: 0
[1] - Worker 75 (PID: 883) booted in 0.11s, phase: 0
[1] - Worker 76 (PID: 894) booted in 0.11s, phase: 0
[1] - Worker 77 (PID: 908) booted in 0.11s, phase: 0
[1] - Worker 78 (PID: 920) booted in 0.11s, phase: 0
[1] - Worker 79 (PID: 931) booted in 0.1s, phase: 0
[1] - Worker 80 (PID: 946) booted in 0.1s, phase: 0
[1] - Worker 81 (PID: 955) booted in 0.1s, phase: 0
[1] - Worker 82 (PID: 968) booted in 0.1s, phase: 0
[1] - Worker 83 (PID: 978) booted in 0.1s, phase: 0
[1] - Worker 84 (PID: 994) booted in 0.1s, phase: 0
[1] - Worker 85 (PID: 1002) booted in 0.1s, phase: 0
[1] - Worker 86 (PID: 1016) booted in 0.1s, phase: 0
[1] - Worker 87 (PID: 1026) booted in 0.09s, phase: 0
[1] - Worker 88 (PID: 1040) booted in 0.09s, phase: 0
[1] - Worker 89 (PID: 1050) booted in 0.09s, phase: 0
[1] - Worker 90 (PID: 1063) booted in 0.09s, phase: 0
[1] - Worker 91 (PID: 1075) booted in 0.09s, phase: 0
[1] - Worker 92 (PID: 1087) booted in 0.09s, phase: 0
[1] - Worker 93 (PID: 1099) booted in 0.09s, phase: 0
[1] - Worker 94 (PID: 1115) booted in 0.09s, phase: 0
[1] - Worker 95 (PID: 1122) booted in 0.09s, phase: 0
[1] - Worker 96 (PID: 1135) booted in 0.08s, phase: 0
[1] - Worker 97 (PID: 1148) booted in 0.08s, phase: 0
[1] - Worker 98 (PID: 1161) booted in 0.08s, phase: 0
[1] - Worker 99 (PID: 1175) booted in 0.08s, phase: 0
[1] - Worker 100 (PID: 1186) booted in 0.08s, phase: 0
[1] - Worker 101 (PID: 1195) booted in 0.08s, phase: 0
[1] - Worker 102 (PID: 1208) booted in 0.08s, phase: 0
[1] - Worker 103 (PID: 1218) booted in 0.08s, phase: 0
[1] - Worker 104 (PID: 1231) booted in 0.07s, phase: 0
[1] - Worker 105 (PID: 1242) booted in 0.07s, phase: 0
[1] - Worker 106 (PID: 1253) booted in 0.07s, phase: 0
[1] - Worker 107 (PID: 1266) booted in 0.07s, phase: 0
[1] - Worker 108 (PID: 1279) booted in 0.07s, phase: 0
[1] - Worker 109 (PID: 1291) booted in 0.07s, phase: 0
[1] - Worker 110 (PID: 1303) booted in 0.07s, phase: 0
[1] - Worker 111 (PID: 1319) booted in 0.07s, phase: 0
[1] - Worker 112 (PID: 1329) booted in 0.06s, phase: 0
[1] - Worker 113 (PID: 1339) booted in 0.06s, phase: 0
[1] - Worker 114 (PID: 1350) booted in 0.06s, phase: 0
[1] - Worker 115 (PID: 1362) booted in 0.06s, phase: 0
[1] - Worker 116 (PID: 1376) booted in 0.06s, phase: 0
[1] - Worker 117 (PID: 1387) booted in 0.06s, phase: 0
[1] - Worker 118 (PID: 1399) booted in 0.06s, phase: 0
[1] - Worker 119 (PID: 1412) booted in 0.06s, phase: 0
[1] - Worker 120 (PID: 1423) booted in 0.05s, phase: 0
[1] - Worker 121 (PID: 1434) booted in 0.05s, phase: 0
[1] - Worker 122 (PID: 1447) booted in 0.05s, phase: 0
[1] - Worker 123 (PID: 1458) booted in 0.05s, phase: 0
[1] - Worker 124 (PID: 1472) booted in 0.05s, phase: 0
[1] - Worker 125 (PID: 1482) booted in 0.05s, phase: 0
[1] - Worker 126 (PID: 1496) booted in 0.05s, phase: 0
[1] - Worker 127 (PID: 1506) booted in 0.05s, phase: 0
