[2026-03-29 03:28:13 +0000] [1] [INFO] Starting gunicorn 23.0.0
[2026-03-29 03:28:13 +0000] [1] [INFO] Listening at: http://0.0.0.0:8080 (1)
[2026-03-29 03:28:13 +0000] [1] [INFO] Using worker: uvicorn.workers.UvicornWorker
[2026-03-29 03:28:13 +0000] [7] [INFO] Booting worker with pid: 7
[2026-03-29 03:28:13 +0000] [8] [INFO] Booting worker with pid: 8
[2026-03-29 03:28:13 +0000] [9] [INFO] Booting worker with pid: 9
[2026-03-29 03:28:13 +0000] [8] [INFO] Started server process [8]
[2026-03-29 03:28:13 +0000] [7] [INFO] Started server process [7]
[2026-03-29 03:28:13 +0000] [8] [INFO] Waiting for application startup.
[2026-03-29 03:28:13 +0000] [7] [INFO] Waiting for application startup.
[2026-03-29 03:28:13 +0000] [7] [INFO] Application startup complete.
[2026-03-29 03:28:13 +0000] [8] [INFO] Application startup complete.
[2026-03-29 03:28:13 +0000] [12] [INFO] Booting worker with pid: 12
[2026-03-29 03:28:13 +0000] [9] [INFO] Started server process [9]
[2026-03-29 03:28:13 +0000] [9] [INFO] Waiting for application startup.
[2026-03-29 03:28:13 +0000] [9] [INFO] Application startup complete.
[2026-03-29 03:28:13 +0000] [12] [INFO] Started server process [12]
[2026-03-29 03:28:13 +0000] [12] [INFO] Waiting for application startup.
[2026-03-29 03:28:13 +0000] [12] [INFO] Application startup complete.
[2026-03-29 03:28:13 +0000] [15] [INFO] Booting worker with pid: 15
[2026-03-29 03:28:13 +0000] [16] [INFO] Booting worker with pid: 16
[2026-03-29 03:28:13 +0000] [17] [INFO] Booting worker with pid: 17
[2026-03-29 03:28:13 +0000] [15] [INFO] Started server process [15]
[2026-03-29 03:28:13 +0000] [15] [INFO] Waiting for application startup.
[2026-03-29 03:28:13 +0000] [15] [INFO] Application startup complete.
[2026-03-29 03:28:13 +0000] [16] [INFO] Started server process [16]
[2026-03-29 03:28:13 +0000] [16] [INFO] Waiting for application startup.
[2026-03-29 03:28:13 +0000] [16] [INFO] Application startup complete.
[2026-03-29 03:28:13 +0000] [20] [INFO] Booting worker with pid: 20
[2026-03-29 03:28:13 +0000] [22] [INFO] Booting worker with pid: 22
[2026-03-29 03:28:13 +0000] [17] [INFO] Started server process [17]
[2026-03-29 03:28:13 +0000] [17] [INFO] Waiting for application startup.
[2026-03-29 03:28:13 +0000] [17] [INFO] Application startup complete.
[2026-03-29 03:28:13 +0000] [20] [INFO] Started server process [20]
[2026-03-29 03:28:13 +0000] [20] [INFO] Waiting for application startup.
[2026-03-29 03:28:13 +0000] [20] [INFO] Application startup complete.
[2026-03-29 03:28:14 +0000] [22] [INFO] Started server process [22]
[2026-03-29 03:28:14 +0000] [22] [INFO] Waiting for application startup.
[2026-03-29 03:28:14 +0000] [22] [INFO] Application startup complete.
[2026-03-29 03:28:14 +0000] [25] [INFO] Booting worker with pid: 25
[2026-03-29 03:28:14 +0000] [26] [INFO] Booting worker with pid: 26
[2026-03-29 03:28:14 +0000] [25] [INFO] Started server process [25]
[2026-03-29 03:28:14 +0000] [25] [INFO] Waiting for application startup.
[2026-03-29 03:28:14 +0000] [25] [INFO] Application startup complete.
[2026-03-29 03:28:14 +0000] [26] [INFO] Started server process [26]
[2026-03-29 03:28:14 +0000] [26] [INFO] Waiting for application startup.
[2026-03-29 03:28:14 +0000] [26] [INFO] Application startup complete.
[2026-03-29 03:28:14 +0000] [29] [INFO] Booting worker with pid: 29
[2026-03-29 03:28:14 +0000] [30] [INFO] Booting worker with pid: 30
[2026-03-29 03:28:14 +0000] [29] [INFO] Started server process [29]
[2026-03-29 03:28:14 +0000] [29] [INFO] Waiting for application startup.
[2026-03-29 03:28:14 +0000] [29] [INFO] Application startup complete.
[2026-03-29 03:28:14 +0000] [32] [INFO] Booting worker with pid: 32
[2026-03-29 03:28:14 +0000] [30] [INFO] Started server process [30]
[2026-03-29 03:28:14 +0000] [30] [INFO] Waiting for application startup.
[2026-03-29 03:28:14 +0000] [30] [INFO] Application startup complete.
[2026-03-29 03:28:14 +0000] [32] [INFO] Started server process [32]
[2026-03-29 03:28:14 +0000] [32] [INFO] Waiting for application startup.
[2026-03-29 03:28:14 +0000] [32] [INFO] Application startup complete.
[2026-03-29 03:28:14 +0000] [35] [INFO] Booting worker with pid: 35
[2026-03-29 03:28:14 +0000] [36] [INFO] Booting worker with pid: 36
[2026-03-29 03:28:14 +0000] [35] [INFO] Started server process [35]
[2026-03-29 03:28:14 +0000] [35] [INFO] Waiting for application startup.
[2026-03-29 03:28:14 +0000] [35] [INFO] Application startup complete.
[2026-03-29 03:28:14 +0000] [38] [INFO] Booting worker with pid: 38
[2026-03-29 03:28:14 +0000] [40] [INFO] Booting worker with pid: 40
[2026-03-29 03:28:14 +0000] [36] [INFO] Started server process [36]
[2026-03-29 03:28:14 +0000] [36] [INFO] Waiting for application startup.
[2026-03-29 03:28:14 +0000] [36] [INFO] Application startup complete.
[2026-03-29 03:28:14 +0000] [41] [INFO] Booting worker with pid: 41
[2026-03-29 03:28:14 +0000] [43] [INFO] Booting worker with pid: 43
[2026-03-29 03:28:14 +0000] [38] [INFO] Started server process [38]
[2026-03-29 03:28:14 +0000] [38] [INFO] Waiting for application startup.
[2026-03-29 03:28:14 +0000] [38] [INFO] Application startup complete.
[2026-03-29 03:28:14 +0000] [44] [INFO] Booting worker with pid: 44
[2026-03-29 03:28:14 +0000] [46] [INFO] Booting worker with pid: 46
[2026-03-29 03:28:14 +0000] [40] [INFO] Started server process [40]
[2026-03-29 03:28:14 +0000] [40] [INFO] Waiting for application startup.
[2026-03-29 03:28:14 +0000] [40] [INFO] Application startup complete.
[2026-03-29 03:28:14 +0000] [41] [INFO] Started server process [41]
[2026-03-29 03:28:14 +0000] [41] [INFO] Waiting for application startup.
[2026-03-29 03:28:14 +0000] [41] [INFO] Application startup complete.
[2026-03-29 03:28:14 +0000] [43] [INFO] Started server process [43]
[2026-03-29 03:28:14 +0000] [43] [INFO] Waiting for application startup.
[2026-03-29 03:28:14 +0000] [43] [INFO] Application startup complete.
[2026-03-29 03:28:14 +0000] [44] [INFO] Started server process [44]
[2026-03-29 03:28:14 +0000] [44] [INFO] Waiting for application startup.
[2026-03-29 03:28:14 +0000] [44] [INFO] Application startup complete.
[2026-03-29 03:28:14 +0000] [51] [INFO] Booting worker with pid: 51
[2026-03-29 03:28:14 +0000] [46] [INFO] Started server process [46]
[2026-03-29 03:28:14 +0000] [46] [INFO] Waiting for application startup.
[2026-03-29 03:28:14 +0000] [46] [INFO] Application startup complete.
[2026-03-29 03:28:14 +0000] [52] [INFO] Booting worker with pid: 52
[2026-03-29 03:28:14 +0000] [51] [INFO] Started server process [51]
[2026-03-29 03:28:14 +0000] [51] [INFO] Waiting for application startup.
[2026-03-29 03:28:14 +0000] [51] [INFO] Application startup complete.
[2026-03-29 03:28:14 +0000] [54] [INFO] Booting worker with pid: 54
[2026-03-29 03:28:14 +0000] [55] [INFO] Booting worker with pid: 55
[2026-03-29 03:28:14 +0000] [52] [INFO] Started server process [52]
[2026-03-29 03:28:14 +0000] [52] [INFO] Waiting for application startup.
[2026-03-29 03:28:14 +0000] [52] [INFO] Application startup complete.
[2026-03-29 03:28:14 +0000] [54] [INFO] Started server process [54]
[2026-03-29 03:28:14 +0000] [54] [INFO] Waiting for application startup.
[2026-03-29 03:28:14 +0000] [54] [INFO] Application startup complete.
[2026-03-29 03:28:14 +0000] [58] [INFO] Booting worker with pid: 58
[2026-03-29 03:28:14 +0000] [55] [INFO] Started server process [55]
[2026-03-29 03:28:14 +0000] [55] [INFO] Waiting for application startup.
[2026-03-29 03:28:14 +0000] [55] [INFO] Application startup complete.
[2026-03-29 03:28:14 +0000] [58] [INFO] Started server process [58]
[2026-03-29 03:28:14 +0000] [58] [INFO] Waiting for application startup.
[2026-03-29 03:28:14 +0000] [58] [INFO] Application startup complete.
[2026-03-29 03:28:14 +0000] [61] [INFO] Booting worker with pid: 61
[2026-03-29 03:28:15 +0000] [63] [INFO] Booting worker with pid: 63
[2026-03-29 03:28:15 +0000] [61] [INFO] Started server process [61]
[2026-03-29 03:28:15 +0000] [61] [INFO] Waiting for application startup.
[2026-03-29 03:28:15 +0000] [61] [INFO] Application startup complete.
[2026-03-29 03:28:15 +0000] [65] [INFO] Booting worker with pid: 65
[2026-03-29 03:28:15 +0000] [63] [INFO] Started server process [63]
[2026-03-29 03:28:15 +0000] [63] [INFO] Waiting for application startup.
[2026-03-29 03:28:15 +0000] [63] [INFO] Application startup complete.
[2026-03-29 03:28:15 +0000] [67] [INFO] Booting worker with pid: 67
[2026-03-29 03:28:15 +0000] [65] [INFO] Started server process [65]
[2026-03-29 03:28:15 +0000] [65] [INFO] Waiting for application startup.
[2026-03-29 03:28:15 +0000] [65] [INFO] Application startup complete.
[2026-03-29 03:28:15 +0000] [67] [INFO] Started server process [67]
[2026-03-29 03:28:15 +0000] [69] [INFO] Booting worker with pid: 69
[2026-03-29 03:28:15 +0000] [67] [INFO] Waiting for application startup.
[2026-03-29 03:28:15 +0000] [67] [INFO] Application startup complete.
[2026-03-29 03:28:15 +0000] [70] [INFO] Booting worker with pid: 70
[2026-03-29 03:28:15 +0000] [71] [INFO] Booting worker with pid: 71
[2026-03-29 03:28:15 +0000] [69] [INFO] Started server process [69]
[2026-03-29 03:28:15 +0000] [69] [INFO] Waiting for application startup.
[2026-03-29 03:28:15 +0000] [69] [INFO] Application startup complete.
[2026-03-29 03:28:15 +0000] [70] [INFO] Started server process [70]
[2026-03-29 03:28:15 +0000] [70] [INFO] Waiting for application startup.
[2026-03-29 03:28:15 +0000] [70] [INFO] Application startup complete.
[2026-03-29 03:28:15 +0000] [75] [INFO] Booting worker with pid: 75
[2026-03-29 03:28:15 +0000] [71] [INFO] Started server process [71]
[2026-03-29 03:28:15 +0000] [71] [INFO] Waiting for application startup.
[2026-03-29 03:28:15 +0000] [71] [INFO] Application startup complete.
[2026-03-29 03:28:15 +0000] [76] [INFO] Booting worker with pid: 76
[2026-03-29 03:28:15 +0000] [77] [INFO] Booting worker with pid: 77
[2026-03-29 03:28:15 +0000] [75] [INFO] Started server process [75]
[2026-03-29 03:28:15 +0000] [75] [INFO] Waiting for application startup.
[2026-03-29 03:28:15 +0000] [75] [INFO] Application startup complete.
[2026-03-29 03:28:15 +0000] [76] [INFO] Started server process [76]
[2026-03-29 03:28:15 +0000] [76] [INFO] Waiting for application startup.
[2026-03-29 03:28:15 +0000] [76] [INFO] Application startup complete.
[2026-03-29 03:28:15 +0000] [81] [INFO] Booting worker with pid: 81
[2026-03-29 03:28:15 +0000] [77] [INFO] Started server process [77]
[2026-03-29 03:28:15 +0000] [77] [INFO] Waiting for application startup.
[2026-03-29 03:28:15 +0000] [77] [INFO] Application startup complete.
[2026-03-29 03:28:15 +0000] [83] [INFO] Booting worker with pid: 83
[2026-03-29 03:28:15 +0000] [81] [INFO] Started server process [81]
[2026-03-29 03:28:15 +0000] [81] [INFO] Waiting for application startup.
[2026-03-29 03:28:15 +0000] [81] [INFO] Application startup complete.
[2026-03-29 03:28:15 +0000] [85] [INFO] Booting worker with pid: 85
[2026-03-29 03:28:15 +0000] [83] [INFO] Started server process [83]
[2026-03-29 03:28:15 +0000] [83] [INFO] Waiting for application startup.
[2026-03-29 03:28:15 +0000] [83] [INFO] Application startup complete.
[2026-03-29 03:28:15 +0000] [87] [INFO] Booting worker with pid: 87
[2026-03-29 03:28:15 +0000] [85] [INFO] Started server process [85]
[2026-03-29 03:28:15 +0000] [85] [INFO] Waiting for application startup.
[2026-03-29 03:28:15 +0000] [85] [INFO] Application startup complete.
[2026-03-29 03:28:15 +0000] [89] [INFO] Booting worker with pid: 89
[2026-03-29 03:28:15 +0000] [87] [INFO] Started server process [87]
[2026-03-29 03:28:15 +0000] [87] [INFO] Waiting for application startup.
[2026-03-29 03:28:15 +0000] [87] [INFO] Application startup complete.
[2026-03-29 03:28:15 +0000] [90] [INFO] Booting worker with pid: 90
[2026-03-29 03:28:16 +0000] [89] [INFO] Started server process [89]
[2026-03-29 03:28:16 +0000] [89] [INFO] Waiting for application startup.
[2026-03-29 03:28:16 +0000] [89] [INFO] Application startup complete.
[2026-03-29 03:28:16 +0000] [93] [INFO] Booting worker with pid: 93
[2026-03-29 03:28:16 +0000] [90] [INFO] Started server process [90]
[2026-03-29 03:28:16 +0000] [90] [INFO] Waiting for application startup.
[2026-03-29 03:28:16 +0000] [90] [INFO] Application startup complete.
[2026-03-29 03:28:16 +0000] [93] [INFO] Started server process [93]
[2026-03-29 03:28:16 +0000] [93] [INFO] Waiting for application startup.
[2026-03-29 03:28:16 +0000] [93] [INFO] Application startup complete.
[2026-03-29 03:28:16 +0000] [95] [INFO] Booting worker with pid: 95
[2026-03-29 03:28:16 +0000] [96] [INFO] Booting worker with pid: 96
[2026-03-29 03:28:16 +0000] [97] [INFO] Booting worker with pid: 97
[2026-03-29 03:28:16 +0000] [96] [INFO] Started server process [96]
[2026-03-29 03:28:16 +0000] [96] [INFO] Waiting for application startup.
[2026-03-29 03:28:16 +0000] [96] [INFO] Application startup complete.
[2026-03-29 03:28:16 +0000] [95] [INFO] Started server process [95]
[2026-03-29 03:28:16 +0000] [95] [INFO] Waiting for application startup.
[2026-03-29 03:28:16 +0000] [95] [INFO] Application startup complete.
[2026-03-29 03:28:16 +0000] [100] [INFO] Booting worker with pid: 100
[2026-03-29 03:28:16 +0000] [97] [INFO] Started server process [97]
[2026-03-29 03:28:16 +0000] [97] [INFO] Waiting for application startup.
[2026-03-29 03:28:16 +0000] [97] [INFO] Application startup complete.
[2026-03-29 03:28:16 +0000] [102] [INFO] Booting worker with pid: 102
[2026-03-29 03:28:16 +0000] [103] [INFO] Booting worker with pid: 103
[2026-03-29 03:28:16 +0000] [100] [INFO] Started server process [100]
[2026-03-29 03:28:16 +0000] [100] [INFO] Waiting for application startup.
[2026-03-29 03:28:16 +0000] [100] [INFO] Application startup complete.
[2026-03-29 03:28:16 +0000] [102] [INFO] Started server process [102]
[2026-03-29 03:28:16 +0000] [102] [INFO] Waiting for application startup.
[2026-03-29 03:28:16 +0000] [102] [INFO] Application startup complete.
[2026-03-29 03:28:16 +0000] [107] [INFO] Booting worker with pid: 107
[2026-03-29 03:28:16 +0000] [103] [INFO] Started server process [103]
[2026-03-29 03:28:16 +0000] [103] [INFO] Waiting for application startup.
[2026-03-29 03:28:16 +0000] [103] [INFO] Application startup complete.
[2026-03-29 03:28:16 +0000] [108] [INFO] Booting worker with pid: 108
[2026-03-29 03:28:16 +0000] [109] [INFO] Booting worker with pid: 109
[2026-03-29 03:28:16 +0000] [110] [INFO] Booting worker with pid: 110
[2026-03-29 03:28:16 +0000] [107] [INFO] Started server process [107]
[2026-03-29 03:28:16 +0000] [107] [INFO] Waiting for application startup.
[2026-03-29 03:28:16 +0000] [107] [INFO] Application startup complete.
[2026-03-29 03:28:16 +0000] [113] [INFO] Booting worker with pid: 113
[2026-03-29 03:28:16 +0000] [108] [INFO] Started server process [108]
[2026-03-29 03:28:16 +0000] [108] [INFO] Waiting for application startup.
[2026-03-29 03:28:16 +0000] [108] [INFO] Application startup complete.
[2026-03-29 03:28:16 +0000] [109] [INFO] Started server process [109]
[2026-03-29 03:28:16 +0000] [109] [INFO] Waiting for application startup.
[2026-03-29 03:28:16 +0000] [109] [INFO] Application startup complete.
[2026-03-29 03:28:16 +0000] [110] [INFO] Started server process [110]
[2026-03-29 03:28:16 +0000] [110] [INFO] Waiting for application startup.
[2026-03-29 03:28:16 +0000] [110] [INFO] Application startup complete.
[2026-03-29 03:28:16 +0000] [117] [INFO] Booting worker with pid: 117
[2026-03-29 03:28:16 +0000] [113] [INFO] Started server process [113]
[2026-03-29 03:28:16 +0000] [113] [INFO] Waiting for application startup.
[2026-03-29 03:28:16 +0000] [113] [INFO] Application startup complete.
[2026-03-29 03:28:16 +0000] [118] [INFO] Booting worker with pid: 118
[2026-03-29 03:28:16 +0000] [119] [INFO] Booting worker with pid: 119
[2026-03-29 03:28:16 +0000] [121] [INFO] Booting worker with pid: 121
[2026-03-29 03:28:16 +0000] [117] [INFO] Started server process [117]
[2026-03-29 03:28:16 +0000] [117] [INFO] Waiting for application startup.
[2026-03-29 03:28:16 +0000] [117] [INFO] Application startup complete.
[2026-03-29 03:28:16 +0000] [118] [INFO] Started server process [118]
[2026-03-29 03:28:16 +0000] [118] [INFO] Waiting for application startup.
[2026-03-29 03:28:16 +0000] [118] [INFO] Application startup complete.
[2026-03-29 03:28:16 +0000] [119] [INFO] Started server process [119]
[2026-03-29 03:28:16 +0000] [119] [INFO] Waiting for application startup.
[2026-03-29 03:28:16 +0000] [119] [INFO] Application startup complete.
[2026-03-29 03:28:16 +0000] [124] [INFO] Booting worker with pid: 124
[2026-03-29 03:28:16 +0000] [121] [INFO] Started server process [121]
[2026-03-29 03:28:16 +0000] [121] [INFO] Waiting for application startup.
[2026-03-29 03:28:16 +0000] [121] [INFO] Application startup complete.
[2026-03-29 03:28:16 +0000] [126] [INFO] Booting worker with pid: 126
[2026-03-29 03:28:16 +0000] [128] [INFO] Booting worker with pid: 128
[2026-03-29 03:28:16 +0000] [124] [INFO] Started server process [124]
[2026-03-29 03:28:16 +0000] [124] [INFO] Waiting for application startup.
[2026-03-29 03:28:16 +0000] [124] [INFO] Application startup complete.
[2026-03-29 03:28:16 +0000] [130] [INFO] Booting worker with pid: 130
[2026-03-29 03:28:16 +0000] [126] [INFO] Started server process [126]
[2026-03-29 03:28:16 +0000] [126] [INFO] Waiting for application startup.
[2026-03-29 03:28:16 +0000] [126] [INFO] Application startup complete.
[2026-03-29 03:28:17 +0000] [131] [INFO] Booting worker with pid: 131
[2026-03-29 03:28:17 +0000] [128] [INFO] Started server process [128]
[2026-03-29 03:28:17 +0000] [128] [INFO] Waiting for application startup.
[2026-03-29 03:28:17 +0000] [128] [INFO] Application startup complete.
[2026-03-29 03:28:17 +0000] [133] [INFO] Booting worker with pid: 133
[2026-03-29 03:28:17 +0000] [130] [INFO] Started server process [130]
[2026-03-29 03:28:17 +0000] [130] [INFO] Waiting for application startup.
[2026-03-29 03:28:17 +0000] [130] [INFO] Application startup complete.
[2026-03-29 03:28:17 +0000] [135] [INFO] Booting worker with pid: 135
[2026-03-29 03:28:17 +0000] [131] [INFO] Started server process [131]
[2026-03-29 03:28:17 +0000] [131] [INFO] Waiting for application startup.
[2026-03-29 03:28:17 +0000] [131] [INFO] Application startup complete.
[2026-03-29 03:28:17 +0000] [137] [INFO] Booting worker with pid: 137
[2026-03-29 03:28:17 +0000] [139] [INFO] Booting worker with pid: 139
[2026-03-29 03:28:17 +0000] [133] [INFO] Started server process [133]
[2026-03-29 03:28:17 +0000] [133] [INFO] Waiting for application startup.
[2026-03-29 03:28:17 +0000] [133] [INFO] Application startup complete.
[2026-03-29 03:28:17 +0000] [140] [INFO] Booting worker with pid: 140
[2026-03-29 03:28:17 +0000] [135] [INFO] Started server process [135]
[2026-03-29 03:28:17 +0000] [135] [INFO] Waiting for application startup.
[2026-03-29 03:28:17 +0000] [135] [INFO] Application startup complete.
[2026-03-29 03:28:17 +0000] [142] [INFO] Booting worker with pid: 142
[2026-03-29 03:28:17 +0000] [137] [INFO] Started server process [137]
[2026-03-29 03:28:17 +0000] [137] [INFO] Waiting for application startup.
[2026-03-29 03:28:17 +0000] [137] [INFO] Application startup complete.
[2026-03-29 03:28:17 +0000] [139] [INFO] Started server process [139]
[2026-03-29 03:28:17 +0000] [139] [INFO] Waiting for application startup.
[2026-03-29 03:28:17 +0000] [139] [INFO] Application startup complete.
[2026-03-29 03:28:17 +0000] [140] [INFO] Started server process [140]
[2026-03-29 03:28:17 +0000] [140] [INFO] Waiting for application startup.
[2026-03-29 03:28:17 +0000] [140] [INFO] Application startup complete.
[2026-03-29 03:28:17 +0000] [146] [INFO] Booting worker with pid: 146
[2026-03-29 03:28:17 +0000] [142] [INFO] Started server process [142]
[2026-03-29 03:28:17 +0000] [142] [INFO] Waiting for application startup.
[2026-03-29 03:28:17 +0000] [142] [INFO] Application startup complete.
[2026-03-29 03:28:17 +0000] [148] [INFO] Booting worker with pid: 148
[2026-03-29 03:28:17 +0000] [149] [INFO] Booting worker with pid: 149
[2026-03-29 03:28:17 +0000] [146] [INFO] Started server process [146]
[2026-03-29 03:28:17 +0000] [146] [INFO] Waiting for application startup.
[2026-03-29 03:28:17 +0000] [146] [INFO] Application startup complete.
[2026-03-29 03:28:17 +0000] [151] [INFO] Booting worker with pid: 151
[2026-03-29 03:28:17 +0000] [148] [INFO] Started server process [148]
[2026-03-29 03:28:17 +0000] [148] [INFO] Waiting for application startup.
[2026-03-29 03:28:17 +0000] [148] [INFO] Application startup complete.
[2026-03-29 03:28:17 +0000] [154] [INFO] Booting worker with pid: 154
[2026-03-29 03:28:17 +0000] [149] [INFO] Started server process [149]
[2026-03-29 03:28:17 +0000] [149] [INFO] Waiting for application startup.
[2026-03-29 03:28:17 +0000] [149] [INFO] Application startup complete.
[2026-03-29 03:28:17 +0000] [155] [INFO] Booting worker with pid: 155
[2026-03-29 03:28:17 +0000] [151] [INFO] Started server process [151]
[2026-03-29 03:28:17 +0000] [151] [INFO] Waiting for application startup.
[2026-03-29 03:28:17 +0000] [151] [INFO] Application startup complete.
[2026-03-29 03:28:17 +0000] [157] [INFO] Booting worker with pid: 157
[2026-03-29 03:28:17 +0000] [158] [INFO] Booting worker with pid: 158
[2026-03-29 03:28:17 +0000] [154] [INFO] Started server process [154]
[2026-03-29 03:28:17 +0000] [154] [INFO] Waiting for application startup.
[2026-03-29 03:28:17 +0000] [154] [INFO] Application startup complete.
[2026-03-29 03:28:17 +0000] [155] [INFO] Started server process [155]
[2026-03-29 03:28:17 +0000] [155] [INFO] Waiting for application startup.
[2026-03-29 03:28:17 +0000] [155] [INFO] Application startup complete.
[2026-03-29 03:28:17 +0000] [161] [INFO] Booting worker with pid: 161
[2026-03-29 03:28:17 +0000] [163] [INFO] Booting worker with pid: 163
[2026-03-29 03:28:17 +0000] [165] [INFO] Booting worker with pid: 165
[2026-03-29 03:28:17 +0000] [157] [INFO] Started server process [157]
[2026-03-29 03:28:17 +0000] [157] [INFO] Waiting for application startup.
[2026-03-29 03:28:17 +0000] [157] [INFO] Application startup complete.
[2026-03-29 03:28:17 +0000] [158] [INFO] Started server process [158]
[2026-03-29 03:28:17 +0000] [158] [INFO] Waiting for application startup.
[2026-03-29 03:28:17 +0000] [158] [INFO] Application startup complete.
[2026-03-29 03:28:17 +0000] [166] [INFO] Booting worker with pid: 166
[2026-03-29 03:28:17 +0000] [167] [INFO] Booting worker with pid: 167
[2026-03-29 03:28:17 +0000] [169] [INFO] Booting worker with pid: 169
[2026-03-29 03:28:17 +0000] [161] [INFO] Started server process [161]
[2026-03-29 03:28:17 +0000] [161] [INFO] Waiting for application startup.
[2026-03-29 03:28:17 +0000] [161] [INFO] Application startup complete.
[2026-03-29 03:28:17 +0000] [172] [INFO] Booting worker with pid: 172
[2026-03-29 03:28:17 +0000] [163] [INFO] Started server process [163]
[2026-03-29 03:28:17 +0000] [163] [INFO] Waiting for application startup.
[2026-03-29 03:28:17 +0000] [163] [INFO] Application startup complete.
[2026-03-29 03:28:18 +0000] [173] [INFO] Booting worker with pid: 173
[2026-03-29 03:28:18 +0000] [165] [INFO] Started server process [165]
[2026-03-29 03:28:18 +0000] [165] [INFO] Waiting for application startup.
[2026-03-29 03:28:18 +0000] [165] [INFO] Application startup complete.
[2026-03-29 03:28:18 +0000] [166] [INFO] Started server process [166]
[2026-03-29 03:28:18 +0000] [166] [INFO] Waiting for application startup.
[2026-03-29 03:28:18 +0000] [166] [INFO] Application startup complete.
[2026-03-29 03:28:18 +0000] [167] [INFO] Started server process [167]
[2026-03-29 03:28:18 +0000] [167] [INFO] Waiting for application startup.
[2026-03-29 03:28:18 +0000] [167] [INFO] Application startup complete.
[2026-03-29 03:28:18 +0000] [169] [INFO] Started server process [169]
[2026-03-29 03:28:18 +0000] [169] [INFO] Waiting for application startup.
[2026-03-29 03:28:18 +0000] [169] [INFO] Application startup complete.
[2026-03-29 03:28:18 +0000] [177] [INFO] Booting worker with pid: 177
[2026-03-29 03:28:18 +0000] [172] [INFO] Started server process [172]
[2026-03-29 03:28:18 +0000] [172] [INFO] Waiting for application startup.
[2026-03-29 03:28:18 +0000] [172] [INFO] Application startup complete.
[2026-03-29 03:28:18 +0000] [180] [INFO] Booting worker with pid: 180
[2026-03-29 03:28:18 +0000] [173] [INFO] Started server process [173]
[2026-03-29 03:28:18 +0000] [173] [INFO] Waiting for application startup.
[2026-03-29 03:28:18 +0000] [173] [INFO] Application startup complete.
[2026-03-29 03:28:18 +0000] [181] [INFO] Booting worker with pid: 181
[2026-03-29 03:28:18 +0000] [177] [INFO] Started server process [177]
[2026-03-29 03:28:18 +0000] [177] [INFO] Waiting for application startup.
[2026-03-29 03:28:18 +0000] [177] [INFO] Application startup complete.
[2026-03-29 03:28:18 +0000] [183] [INFO] Booting worker with pid: 183
[2026-03-29 03:28:18 +0000] [180] [INFO] Started server process [180]
[2026-03-29 03:28:18 +0000] [180] [INFO] Waiting for application startup.
[2026-03-29 03:28:18 +0000] [180] [INFO] Application startup complete.
[2026-03-29 03:28:18 +0000] [186] [INFO] Booting worker with pid: 186
[2026-03-29 03:28:18 +0000] [181] [INFO] Started server process [181]
[2026-03-29 03:28:18 +0000] [181] [INFO] Waiting for application startup.
[2026-03-29 03:28:18 +0000] [181] [INFO] Application startup complete.
[2026-03-29 03:28:18 +0000] [183] [INFO] Started server process [183]
[2026-03-29 03:28:18 +0000] [183] [INFO] Waiting for application startup.
[2026-03-29 03:28:18 +0000] [183] [INFO] Application startup complete.
[2026-03-29 03:28:18 +0000] [188] [INFO] Booting worker with pid: 188
[2026-03-29 03:28:18 +0000] [189] [INFO] Booting worker with pid: 189
[2026-03-29 03:28:18 +0000] [191] [INFO] Booting worker with pid: 191
[2026-03-29 03:28:18 +0000] [186] [INFO] Started server process [186]
[2026-03-29 03:28:18 +0000] [186] [INFO] Waiting for application startup.
[2026-03-29 03:28:18 +0000] [186] [INFO] Application startup complete.
[2026-03-29 03:28:18 +0000] [188] [INFO] Started server process [188]
[2026-03-29 03:28:18 +0000] [188] [INFO] Waiting for application startup.
[2026-03-29 03:28:18 +0000] [188] [INFO] Application startup complete.
[2026-03-29 03:28:18 +0000] [189] [INFO] Started server process [189]
[2026-03-29 03:28:18 +0000] [189] [INFO] Waiting for application startup.
[2026-03-29 03:28:18 +0000] [189] [INFO] Application startup complete.
[2026-03-29 03:28:18 +0000] [194] [INFO] Booting worker with pid: 194
[2026-03-29 03:28:18 +0000] [195] [INFO] Booting worker with pid: 195
[2026-03-29 03:28:18 +0000] [191] [INFO] Started server process [191]
[2026-03-29 03:28:18 +0000] [191] [INFO] Waiting for application startup.
[2026-03-29 03:28:18 +0000] [191] [INFO] Application startup complete.
[2026-03-29 03:28:18 +0000] [197] [INFO] Booting worker with pid: 197
[2026-03-29 03:28:18 +0000] [194] [INFO] Started server process [194]
[2026-03-29 03:28:18 +0000] [194] [INFO] Waiting for application startup.
[2026-03-29 03:28:18 +0000] [194] [INFO] Application startup complete.
[2026-03-29 03:28:18 +0000] [195] [INFO] Started server process [195]
[2026-03-29 03:28:18 +0000] [195] [INFO] Waiting for application startup.
[2026-03-29 03:28:18 +0000] [195] [INFO] Application startup complete.
[2026-03-29 03:28:18 +0000] [200] [INFO] Booting worker with pid: 200
[2026-03-29 03:28:18 +0000] [197] [INFO] Started server process [197]
[2026-03-29 03:28:18 +0000] [197] [INFO] Waiting for application startup.
[2026-03-29 03:28:18 +0000] [197] [INFO] Application startup complete.
[2026-03-29 03:28:18 +0000] [202] [INFO] Booting worker with pid: 202
[2026-03-29 03:28:18 +0000] [204] [INFO] Booting worker with pid: 204
[2026-03-29 03:28:18 +0000] [200] [INFO] Started server process [200]
[2026-03-29 03:28:18 +0000] [200] [INFO] Waiting for application startup.
[2026-03-29 03:28:18 +0000] [200] [INFO] Application startup complete.
[2026-03-29 03:28:18 +0000] [205] [INFO] Booting worker with pid: 205
[2026-03-29 03:28:19 +0000] [202] [INFO] Started server process [202]
[2026-03-29 03:28:19 +0000] [202] [INFO] Waiting for application startup.
[2026-03-29 03:28:19 +0000] [202] [INFO] Application startup complete.
[2026-03-29 03:28:19 +0000] [207] [INFO] Booting worker with pid: 207
[2026-03-29 03:28:19 +0000] [209] [INFO] Booting worker with pid: 209
[2026-03-29 03:28:19 +0000] [204] [INFO] Started server process [204]
[2026-03-29 03:28:19 +0000] [204] [INFO] Waiting for application startup.
[2026-03-29 03:28:19 +0000] [204] [INFO] Application startup complete.
[2026-03-29 03:28:19 +0000] [211] [INFO] Booting worker with pid: 211
[2026-03-29 03:28:19 +0000] [205] [INFO] Started server process [205]
[2026-03-29 03:28:19 +0000] [205] [INFO] Waiting for application startup.
[2026-03-29 03:28:19 +0000] [205] [INFO] Application startup complete.
[2026-03-29 03:28:19 +0000] [212] [INFO] Booting worker with pid: 212
[2026-03-29 03:28:19 +0000] [213] [INFO] Booting worker with pid: 213
[2026-03-29 03:28:19 +0000] [207] [INFO] Started server process [207]
[2026-03-29 03:28:19 +0000] [207] [INFO] Waiting for application startup.
[2026-03-29 03:28:19 +0000] [207] [INFO] Application startup complete.
[2026-03-29 03:28:19 +0000] [216] [INFO] Booting worker with pid: 216
[2026-03-29 03:28:19 +0000] [209] [INFO] Started server process [209]
[2026-03-29 03:28:19 +0000] [209] [INFO] Waiting for application startup.
[2026-03-29 03:28:19 +0000] [209] [INFO] Application startup complete.
[2026-03-29 03:28:19 +0000] [211] [INFO] Started server process [211]
[2026-03-29 03:28:19 +0000] [211] [INFO] Waiting for application startup.
[2026-03-29 03:28:19 +0000] [211] [INFO] Application startup complete.
[2026-03-29 03:28:19 +0000] [212] [INFO] Started server process [212]
[2026-03-29 03:28:19 +0000] [212] [INFO] Waiting for application startup.
[2026-03-29 03:28:19 +0000] [212] [INFO] Application startup complete.
[2026-03-29 03:28:19 +0000] [213] [INFO] Started server process [213]
[2026-03-29 03:28:19 +0000] [213] [INFO] Waiting for application startup.
[2026-03-29 03:28:19 +0000] [213] [INFO] Application startup complete.
[2026-03-29 03:28:19 +0000] [220] [INFO] Booting worker with pid: 220
[2026-03-29 03:28:19 +0000] [216] [INFO] Started server process [216]
[2026-03-29 03:28:19 +0000] [216] [INFO] Waiting for application startup.
[2026-03-29 03:28:19 +0000] [216] [INFO] Application startup complete.
[2026-03-29 03:28:19 +0000] [222] [INFO] Booting worker with pid: 222
[2026-03-29 03:28:19 +0000] [220] [INFO] Started server process [220]
[2026-03-29 03:28:19 +0000] [220] [INFO] Waiting for application startup.
[2026-03-29 03:28:19 +0000] [220] [INFO] Application startup complete.
[2026-03-29 03:28:19 +0000] [224] [INFO] Booting worker with pid: 224
[2026-03-29 03:28:19 +0000] [225] [INFO] Booting worker with pid: 225
[2026-03-29 03:28:19 +0000] [227] [INFO] Booting worker with pid: 227
[2026-03-29 03:28:19 +0000] [222] [INFO] Started server process [222]
[2026-03-29 03:28:19 +0000] [222] [INFO] Waiting for application startup.
[2026-03-29 03:28:19 +0000] [222] [INFO] Application startup complete.
[2026-03-29 03:28:19 +0000] [228] [INFO] Booting worker with pid: 228
[2026-03-29 03:28:19 +0000] [224] [INFO] Started server process [224]
[2026-03-29 03:28:19 +0000] [224] [INFO] Waiting for application startup.
[2026-03-29 03:28:19 +0000] [224] [INFO] Application startup complete.
[2026-03-29 03:28:19 +0000] [230] [INFO] Booting worker with pid: 230
[2026-03-29 03:28:19 +0000] [227] [INFO] Started server process [227]
[2026-03-29 03:28:19 +0000] [227] [INFO] Waiting for application startup.
[2026-03-29 03:28:19 +0000] [227] [INFO] Application startup complete.
[2026-03-29 03:28:19 +0000] [225] [INFO] Started server process [225]
[2026-03-29 03:28:19 +0000] [225] [INFO] Waiting for application startup.
[2026-03-29 03:28:19 +0000] [225] [INFO] Application startup complete.
[2026-03-29 03:28:19 +0000] [228] [INFO] Started server process [228]
[2026-03-29 03:28:19 +0000] [228] [INFO] Waiting for application startup.
[2026-03-29 03:28:19 +0000] [228] [INFO] Application startup complete.
[2026-03-29 03:28:19 +0000] [234] [INFO] Booting worker with pid: 234
[2026-03-29 03:28:19 +0000] [236] [INFO] Booting worker with pid: 236
[2026-03-29 03:28:19 +0000] [230] [INFO] Started server process [230]
[2026-03-29 03:28:19 +0000] [230] [INFO] Waiting for application startup.
[2026-03-29 03:28:19 +0000] [230] [INFO] Application startup complete.
[2026-03-29 03:28:19 +0000] [237] [INFO] Booting worker with pid: 237
[2026-03-29 03:28:19 +0000] [238] [INFO] Booting worker with pid: 238
[2026-03-29 03:28:19 +0000] [239] [INFO] Booting worker with pid: 239
[2026-03-29 03:28:19 +0000] [234] [INFO] Started server process [234]
[2026-03-29 03:28:19 +0000] [234] [INFO] Waiting for application startup.
[2026-03-29 03:28:19 +0000] [234] [INFO] Application startup complete.
[2026-03-29 03:28:20 +0000] [243] [INFO] Booting worker with pid: 243
[2026-03-29 03:28:20 +0000] [237] [INFO] Started server process [237]
[2026-03-29 03:28:20 +0000] [237] [INFO] Waiting for application startup.
[2026-03-29 03:28:20 +0000] [237] [INFO] Application startup complete.
[2026-03-29 03:28:20 +0000] [244] [INFO] Booting worker with pid: 244
[2026-03-29 03:28:20 +0000] [236] [INFO] Started server process [236]
[2026-03-29 03:28:20 +0000] [236] [INFO] Waiting for application startup.
[2026-03-29 03:28:20 +0000] [236] [INFO] Application startup complete.
[2026-03-29 03:28:20 +0000] [246] [INFO] Booting worker with pid: 246
[2026-03-29 03:28:20 +0000] [238] [INFO] Started server process [238]
[2026-03-29 03:28:20 +0000] [238] [INFO] Waiting for application startup.
[2026-03-29 03:28:20 +0000] [238] [INFO] Application startup complete.
[2026-03-29 03:28:20 +0000] [239] [INFO] Started server process [239]
[2026-03-29 03:28:20 +0000] [239] [INFO] Waiting for application startup.
[2026-03-29 03:28:20 +0000] [239] [INFO] Application startup complete.
[2026-03-29 03:28:20 +0000] [248] [INFO] Booting worker with pid: 248
[2026-03-29 03:28:20 +0000] [249] [INFO] Booting worker with pid: 249
[2026-03-29 03:28:20 +0000] [244] [INFO] Started server process [244]
[2026-03-29 03:28:20 +0000] [244] [INFO] Waiting for application startup.
[2026-03-29 03:28:20 +0000] [244] [INFO] Application startup complete.
[2026-03-29 03:28:20 +0000] [246] [INFO] Started server process [246]
[2026-03-29 03:28:20 +0000] [246] [INFO] Waiting for application startup.
[2026-03-29 03:28:20 +0000] [246] [INFO] Application startup complete.
[2026-03-29 03:28:20 +0000] [252] [INFO] Booting worker with pid: 252
[2026-03-29 03:28:20 +0000] [253] [INFO] Booting worker with pid: 253
[2026-03-29 03:28:20 +0000] [255] [INFO] Booting worker with pid: 255
[2026-03-29 03:28:20 +0000] [249] [INFO] Started server process [249]
[2026-03-29 03:28:20 +0000] [249] [INFO] Waiting for application startup.
[2026-03-29 03:28:20 +0000] [249] [INFO] Application startup complete.
[2026-03-29 03:28:20 +0000] [243] [INFO] Started server process [243]
[2026-03-29 03:28:20 +0000] [243] [INFO] Waiting for application startup.
[2026-03-29 03:28:20 +0000] [243] [INFO] Application startup complete.
[2026-03-29 03:28:20 +0000] [252] [INFO] Started server process [252]
[2026-03-29 03:28:20 +0000] [252] [INFO] Waiting for application startup.
[2026-03-29 03:28:20 +0000] [252] [INFO] Application startup complete.
[2026-03-29 03:28:20 +0000] [258] [INFO] Booting worker with pid: 258
[2026-03-29 03:28:20 +0000] [248] [INFO] Started server process [248]
[2026-03-29 03:28:20 +0000] [253] [INFO] Started server process [253]
[2026-03-29 03:28:20 +0000] [253] [INFO] Waiting for application startup.
[2026-03-29 03:28:20 +0000] [253] [INFO] Application startup complete.
[2026-03-29 03:28:20 +0000] [248] [INFO] Waiting for application startup.
[2026-03-29 03:28:20 +0000] [248] [INFO] Application startup complete.
[2026-03-29 03:28:20 +0000] [255] [INFO] Started server process [255]
[2026-03-29 03:28:20 +0000] [255] [INFO] Waiting for application startup.
[2026-03-29 03:28:20 +0000] [262] [INFO] Booting worker with pid: 262
[2026-03-29 03:28:20 +0000] [255] [INFO] Application startup complete.
[2026-03-29 03:28:20 +0000] [263] [INFO] Booting worker with pid: 263
[2026-03-29 03:28:20 +0000] [264] [INFO] Booting worker with pid: 264
[2026-03-29 03:28:20 +0000] [258] [INFO] Started server process [258]
[2026-03-29 03:28:20 +0000] [258] [INFO] Waiting for application startup.
[2026-03-29 03:28:20 +0000] [258] [INFO] Application startup complete.
[2026-03-29 03:28:20 +0000] [266] [INFO] Booting worker with pid: 266
[2026-03-29 03:28:20 +0000] [267] [INFO] Booting worker with pid: 267
[2026-03-29 03:28:20 +0000] [268] [INFO] Booting worker with pid: 268
[2026-03-29 03:28:20 +0000] [264] [INFO] Started server process [264]
[2026-03-29 03:28:20 +0000] [264] [INFO] Waiting for application startup.
[2026-03-29 03:28:20 +0000] [264] [INFO] Application startup complete.
[2026-03-29 03:28:20 +0000] [262] [INFO] Started server process [262]
[2026-03-29 03:28:20 +0000] [262] [INFO] Waiting for application startup.
[2026-03-29 03:28:20 +0000] [262] [INFO] Application startup complete.
[2026-03-29 03:28:20 +0000] [271] [INFO] Booting worker with pid: 271
[2026-03-29 03:28:20 +0000] [274] [INFO] Booting worker with pid: 274
[2026-03-29 03:28:20 +0000] [263] [INFO] Started server process [263]
[2026-03-29 03:28:20 +0000] [263] [INFO] Waiting for application startup.
[2026-03-29 03:28:20 +0000] [263] [INFO] Application startup complete.
[2026-03-29 03:28:20 +0000] [275] [INFO] Booting worker with pid: 275
[2026-03-29 03:28:20 +0000] [266] [INFO] Started server process [266]
[2026-03-29 03:28:20 +0000] [266] [INFO] Waiting for application startup.
[2026-03-29 03:28:20 +0000] [266] [INFO] Application startup complete.
[2026-03-29 03:28:20 +0000] [268] [INFO] Started server process [268]
[2026-03-29 03:28:20 +0000] [268] [INFO] Waiting for application startup.
[2026-03-29 03:28:20 +0000] [268] [INFO] Application startup complete.
[2026-03-29 03:28:20 +0000] [277] [INFO] Booting worker with pid: 277
[2026-03-29 03:28:20 +0000] [278] [INFO] Booting worker with pid: 278
[2026-03-29 03:28:20 +0000] [281] [INFO] Booting worker with pid: 281
[2026-03-29 03:28:21 +0000] [271] [INFO] Started server process [271]
[2026-03-29 03:28:21 +0000] [271] [INFO] Waiting for application startup.
[2026-03-29 03:28:21 +0000] [271] [INFO] Application startup complete.
[2026-03-29 03:28:21 +0000] [283] [INFO] Booting worker with pid: 283
[2026-03-29 03:28:21 +0000] [275] [INFO] Started server process [275]
[2026-03-29 03:28:21 +0000] [275] [INFO] Waiting for application startup.
[2026-03-29 03:28:21 +0000] [275] [INFO] Application startup complete.
[2026-03-29 03:28:21 +0000] [285] [INFO] Booting worker with pid: 285
[2026-03-29 03:28:21 +0000] [267] [INFO] Started server process [267]
[2026-03-29 03:28:21 +0000] [267] [INFO] Waiting for application startup.
[2026-03-29 03:28:21 +0000] [267] [INFO] Application startup complete.
[2026-03-29 03:28:21 +0000] [286] [INFO] Booting worker with pid: 286
[2026-03-29 03:28:21 +0000] [274] [INFO] Started server process [274]
[2026-03-29 03:28:21 +0000] [274] [INFO] Waiting for application startup.
[2026-03-29 03:28:21 +0000] [274] [INFO] Application startup complete.
[2026-03-29 03:28:21 +0000] [281] [INFO] Started server process [281]
[2026-03-29 03:28:21 +0000] [281] [INFO] Waiting for application startup.
[2026-03-29 03:28:21 +0000] [281] [INFO] Application startup complete.
[2026-03-29 03:28:21 +0000] [289] [INFO] Booting worker with pid: 289
[2026-03-29 03:28:21 +0000] [290] [INFO] Booting worker with pid: 290
[2026-03-29 03:28:21 +0000] [277] [INFO] Started server process [277]
[2026-03-29 03:28:21 +0000] [277] [INFO] Waiting for application startup.
[2026-03-29 03:28:21 +0000] [277] [INFO] Application startup complete.
[2026-03-29 03:28:21 +0000] [292] [INFO] Booting worker with pid: 292
[2026-03-29 03:28:21 +0000] [294] [INFO] Booting worker with pid: 294
[2026-03-29 03:28:21 +0000] [286] [INFO] Started server process [286]
[2026-03-29 03:28:21 +0000] [286] [INFO] Waiting for application startup.
[2026-03-29 03:28:21 +0000] [286] [INFO] Application startup complete.
[2026-03-29 03:28:21 +0000] [297] [INFO] Booting worker with pid: 297
[2026-03-29 03:28:21 +0000] [278] [INFO] Started server process [278]
[2026-03-29 03:28:21 +0000] [278] [INFO] Waiting for application startup.
[2026-03-29 03:28:21 +0000] [278] [INFO] Application startup complete.
[2026-03-29 03:28:21 +0000] [285] [INFO] Started server process [285]
[2026-03-29 03:28:21 +0000] [285] [INFO] Waiting for application startup.
[2026-03-29 03:28:21 +0000] [285] [INFO] Application startup complete.
[2026-03-29 03:28:21 +0000] [283] [INFO] Started server process [283]
[2026-03-29 03:28:21 +0000] [283] [INFO] Waiting for application startup.
[2026-03-29 03:28:21 +0000] [283] [INFO] Application startup complete.
[2026-03-29 03:28:21 +0000] [298] [INFO] Booting worker with pid: 298
[2026-03-29 03:28:21 +0000] [300] [INFO] Booting worker with pid: 300
[2026-03-29 03:28:21 +0000] [289] [INFO] Started server process [289]
[2026-03-29 03:28:21 +0000] [289] [INFO] Waiting for application startup.
[2026-03-29 03:28:21 +0000] [289] [INFO] Application startup complete.
[2026-03-29 03:28:21 +0000] [294] [INFO] Started server process [294]
[2026-03-29 03:28:21 +0000] [294] [INFO] Waiting for application startup.
[2026-03-29 03:28:21 +0000] [294] [INFO] Application startup complete.
[2026-03-29 03:28:21 +0000] [290] [INFO] Started server process [290]
[2026-03-29 03:28:21 +0000] [290] [INFO] Waiting for application startup.
[2026-03-29 03:28:21 +0000] [304] [INFO] Booting worker with pid: 304
[2026-03-29 03:28:21 +0000] [290] [INFO] Application startup complete.
[2026-03-29 03:28:21 +0000] [306] [INFO] Booting worker with pid: 306
[2026-03-29 03:28:21 +0000] [297] [INFO] Started server process [297]
[2026-03-29 03:28:21 +0000] [297] [INFO] Waiting for application startup.
[2026-03-29 03:28:21 +0000] [292] [INFO] Started server process [292]
[2026-03-29 03:28:21 +0000] [292] [INFO] Waiting for application startup.
[2026-03-29 03:28:21 +0000] [297] [INFO] Application startup complete.
[2026-03-29 03:28:21 +0000] [292] [INFO] Application startup complete.
[2026-03-29 03:28:21 +0000] [307] [INFO] Booting worker with pid: 307
[2026-03-29 03:28:21 +0000] [308] [INFO] Booting worker with pid: 308
[2026-03-29 03:28:21 +0000] [309] [INFO] Booting worker with pid: 309
[2026-03-29 03:28:21 +0000] [310] [INFO] Booting worker with pid: 310
[2026-03-29 03:28:21 +0000] [313] [INFO] Booting worker with pid: 313
[2026-03-29 03:28:21 +0000] [315] [INFO] Booting worker with pid: 315
[2026-03-29 03:28:21 +0000] [300] [INFO] Started server process [300]
[2026-03-29 03:28:21 +0000] [300] [INFO] Waiting for application startup.
[2026-03-29 03:28:21 +0000] [300] [INFO] Application startup complete.
[2026-03-29 03:28:21 +0000] [306] [INFO] Started server process [306]
[2026-03-29 03:28:21 +0000] [306] [INFO] Waiting for application startup.
[2026-03-29 03:28:21 +0000] [306] [INFO] Application startup complete.
[2026-03-29 03:28:21 +0000] [298] [INFO] Started server process [298]
[2026-03-29 03:28:21 +0000] [298] [INFO] Waiting for application startup.
[2026-03-29 03:28:21 +0000] [298] [INFO] Application startup complete.
[2026-03-29 03:28:21 +0000] [318] [INFO] Booting worker with pid: 318
[2026-03-29 03:28:21 +0000] [309] [INFO] Started server process [309]
[2026-03-29 03:28:21 +0000] [309] [INFO] Waiting for application startup.
[2026-03-29 03:28:21 +0000] [309] [INFO] Application startup complete.
[2026-03-29 03:28:21 +0000] [304] [INFO] Started server process [304]
[2026-03-29 03:28:21 +0000] [304] [INFO] Waiting for application startup.
[2026-03-29 03:28:21 +0000] [304] [INFO] Application startup complete.
[2026-03-29 03:28:22 +0000] [319] [INFO] Booting worker with pid: 319
[2026-03-29 03:28:22 +0000] [321] [INFO] Booting worker with pid: 321
[2026-03-29 03:28:22 +0000] [307] [INFO] Started server process [307]
[2026-03-29 03:28:22 +0000] [307] [INFO] Waiting for application startup.
[2026-03-29 03:28:22 +0000] [307] [INFO] Application startup complete.
[2026-03-29 03:28:22 +0000] [322] [INFO] Booting worker with pid: 322
[2026-03-29 03:28:22 +0000] [327] [INFO] Booting worker with pid: 327
[2026-03-29 03:28:22 +0000] [319] [INFO] Started server process [319]
[2026-03-29 03:28:22 +0000] [319] [INFO] Waiting for application startup.
[2026-03-29 03:28:22 +0000] [319] [INFO] Application startup complete.
[2026-03-29 03:28:22 +0000] [310] [INFO] Started server process [310]
[2026-03-29 03:28:22 +0000] [310] [INFO] Waiting for application startup.
[2026-03-29 03:28:22 +0000] [310] [INFO] Application startup complete.
[2026-03-29 03:28:22 +0000] [313] [INFO] Started server process [313]
[2026-03-29 03:28:22 +0000] [313] [INFO] Waiting for application startup.
[2026-03-29 03:28:22 +0000] [313] [INFO] Application startup complete.
[2026-03-29 03:28:22 +0000] [329] [INFO] Booting worker with pid: 329
[2026-03-29 03:28:22 +0000] [315] [INFO] Started server process [315]
[2026-03-29 03:28:22 +0000] [315] [INFO] Waiting for application startup.
[2026-03-29 03:28:22 +0000] [315] [INFO] Application startup complete.
[2026-03-29 03:28:22 +0000] [308] [INFO] Started server process [308]
[2026-03-29 03:28:22 +0000] [308] [INFO] Waiting for application startup.
[2026-03-29 03:28:22 +0000] [308] [INFO] Application startup complete.
[2026-03-29 03:28:22 +0000] [331] [INFO] Booting worker with pid: 331
[2026-03-29 03:28:22 +0000] [321] [INFO] Started server process [321]
[2026-03-29 03:28:22 +0000] [321] [INFO] Waiting for application startup.
[2026-03-29 03:28:22 +0000] [321] [INFO] Application startup complete.
[2026-03-29 03:28:22 +0000] [334] [INFO] Booting worker with pid: 334
[2026-03-29 03:28:22 +0000] [322] [INFO] Started server process [322]
[2026-03-29 03:28:22 +0000] [322] [INFO] Waiting for application startup.
[2026-03-29 03:28:22 +0000] [322] [INFO] Application startup complete.
[2026-03-29 03:28:22 +0000] [329] [INFO] Started server process [329]
[2026-03-29 03:28:22 +0000] [329] [INFO] Waiting for application startup.
[2026-03-29 03:28:22 +0000] [329] [INFO] Application startup complete.
[2026-03-29 03:28:22 +0000] [337] [INFO] Booting worker with pid: 337
[2026-03-29 03:28:22 +0000] [338] [INFO] Booting worker with pid: 338
[2026-03-29 03:28:22 +0000] [327] [INFO] Started server process [327]
[2026-03-29 03:28:22 +0000] [327] [INFO] Waiting for application startup.
[2026-03-29 03:28:22 +0000] [327] [INFO] Application startup complete.
[2026-03-29 03:28:22 +0000] [339] [INFO] Booting worker with pid: 339
[2026-03-29 03:28:22 +0000] [331] [INFO] Started server process [331]
[2026-03-29 03:28:22 +0000] [331] [INFO] Waiting for application startup.
[2026-03-29 03:28:22 +0000] [331] [INFO] Application startup complete.
[2026-03-29 03:28:22 +0000] [318] [INFO] Started server process [318]
[2026-03-29 03:28:22 +0000] [318] [INFO] Waiting for application startup.
[2026-03-29 03:28:22 +0000] [318] [INFO] Application startup complete.
[2026-03-29 03:28:22 +0000] [341] [INFO] Booting worker with pid: 341
[2026-03-29 03:28:22 +0000] [343] [INFO] Booting worker with pid: 343
[2026-03-29 03:28:22 +0000] [338] [INFO] Started server process [338]
[2026-03-29 03:28:22 +0000] [338] [INFO] Waiting for application startup.
[2026-03-29 03:28:22 +0000] [338] [INFO] Application startup complete.
[2026-03-29 03:28:22 +0000] [345] [INFO] Booting worker with pid: 345
[2026-03-29 03:28:22 +0000] [347] [INFO] Booting worker with pid: 347
[2026-03-29 03:28:22 +0000] [348] [INFO] Booting worker with pid: 348
[2026-03-29 03:28:22 +0000] [337] [INFO] Started server process [337]
[2026-03-29 03:28:22 +0000] [337] [INFO] Waiting for application startup.
[2026-03-29 03:28:22 +0000] [337] [INFO] Application startup complete.
[2026-03-29 03:28:22 +0000] [334] [INFO] Started server process [334]
[2026-03-29 03:28:22 +0000] [334] [INFO] Waiting for application startup.
[2026-03-29 03:28:22 +0000] [334] [INFO] Application startup complete.
[2026-03-29 03:28:22 +0000] [349] [INFO] Booting worker with pid: 349
[2026-03-29 03:28:23 +0000] [351] [INFO] Booting worker with pid: 351
[2026-03-29 03:28:23 +0000] [343] [INFO] Started server process [343]
[2026-03-29 03:28:23 +0000] [343] [INFO] Waiting for application startup.
[2026-03-29 03:28:23 +0000] [343] [INFO] Application startup complete.
[2026-03-29 03:28:23 +0000] [347] [INFO] Started server process [347]
[2026-03-29 03:28:23 +0000] [347] [INFO] Waiting for application startup.
[2026-03-29 03:28:23 +0000] [347] [INFO] Application startup complete.
[2026-03-29 03:28:23 +0000] [354] [INFO] Booting worker with pid: 354
[2026-03-29 03:28:23 +0000] [356] [INFO] Booting worker with pid: 356
[2026-03-29 03:28:23 +0000] [358] [INFO] Booting worker with pid: 358
[2026-03-29 03:28:23 +0000] [348] [INFO] Started server process [348]
[2026-03-29 03:28:23 +0000] [348] [INFO] Waiting for application startup.
[2026-03-29 03:28:23 +0000] [348] [INFO] Application startup complete.
[2026-03-29 03:28:23 +0000] [351] [INFO] Started server process [351]
[2026-03-29 03:28:23 +0000] [351] [INFO] Waiting for application startup.
[2026-03-29 03:28:23 +0000] [351] [INFO] Application startup complete.
[2026-03-29 03:28:23 +0000] [359] [INFO] Booting worker with pid: 359
[2026-03-29 03:28:23 +0000] [360] [INFO] Booting worker with pid: 360
[2026-03-29 03:28:23 +0000] [339] [INFO] Started server process [339]
[2026-03-29 03:28:23 +0000] [339] [INFO] Waiting for application startup.
[2026-03-29 03:28:23 +0000] [339] [INFO] Application startup complete.
[2026-03-29 03:28:23 +0000] [363] [INFO] Booting worker with pid: 363
[2026-03-29 03:28:23 +0000] [356] [INFO] Started server process [356]
[2026-03-29 03:28:23 +0000] [356] [INFO] Waiting for application startup.
[2026-03-29 03:28:23 +0000] [356] [INFO] Application startup complete.
[2026-03-29 03:28:23 +0000] [367] [INFO] Booting worker with pid: 367
[2026-03-29 03:28:23 +0000] [349] [INFO] Started server process [349]
[2026-03-29 03:28:23 +0000] [349] [INFO] Waiting for application startup.
[2026-03-29 03:28:23 +0000] [349] [INFO] Application startup complete.
[2026-03-29 03:28:23 +0000] [345] [INFO] Started server process [345]
[2026-03-29 03:28:23 +0000] [345] [INFO] Waiting for application startup.
[2026-03-29 03:28:23 +0000] [345] [INFO] Application startup complete.
[2026-03-29 03:28:23 +0000] [371] [INFO] Booting worker with pid: 371
[2026-03-29 03:28:23 +0000] [354] [INFO] Started server process [354]
[2026-03-29 03:28:23 +0000] [354] [INFO] Waiting for application startup.
[2026-03-29 03:28:23 +0000] [354] [INFO] Application startup complete.
[2026-03-29 03:28:23 +0000] [372] [INFO] Booting worker with pid: 372
[2026-03-29 03:28:23 +0000] [360] [INFO] Started server process [360]
[2026-03-29 03:28:23 +0000] [360] [INFO] Waiting for application startup.
[2026-03-29 03:28:23 +0000] [360] [INFO] Application startup complete.
[2026-03-29 03:28:23 +0000] [341] [INFO] Started server process [341]
[2026-03-29 03:28:23 +0000] [341] [INFO] Waiting for application startup.
[2026-03-29 03:28:23 +0000] [341] [INFO] Application startup complete.
[2026-03-29 03:28:23 +0000] [373] [INFO] Booting worker with pid: 373
[2026-03-29 03:28:23 +0000] [358] [INFO] Started server process [358]
[2026-03-29 03:28:23 +0000] [358] [INFO] Waiting for application startup.
[2026-03-29 03:28:23 +0000] [358] [INFO] Application startup complete.
[2026-03-29 03:28:23 +0000] [359] [INFO] Started server process [359]
[2026-03-29 03:28:23 +0000] [359] [INFO] Waiting for application startup.
[2026-03-29 03:28:23 +0000] [359] [INFO] Application startup complete.
[2026-03-29 03:28:23 +0000] [375] [INFO] Booting worker with pid: 375
[2026-03-29 03:28:23 +0000] [363] [INFO] Started server process [363]
[2026-03-29 03:28:23 +0000] [363] [INFO] Waiting for application startup.
[2026-03-29 03:28:23 +0000] [363] [INFO] Application startup complete.
[2026-03-29 03:28:23 +0000] [377] [INFO] Booting worker with pid: 377
[2026-03-29 03:28:23 +0000] [367] [INFO] Started server process [367]
[2026-03-29 03:28:23 +0000] [367] [INFO] Waiting for application startup.
[2026-03-29 03:28:23 +0000] [367] [INFO] Application startup complete.
[2026-03-29 03:28:23 +0000] [379] [INFO] Booting worker with pid: 379
[2026-03-29 03:28:23 +0000] [382] [INFO] Booting worker with pid: 382
[2026-03-29 03:28:23 +0000] [375] [INFO] Started server process [375]
[2026-03-29 03:28:23 +0000] [375] [INFO] Waiting for application startup.
[2026-03-29 03:28:23 +0000] [375] [INFO] Application startup complete.
[2026-03-29 03:28:23 +0000] [372] [INFO] Started server process [372]
[2026-03-29 03:28:23 +0000] [372] [INFO] Waiting for application startup.
[2026-03-29 03:28:23 +0000] [372] [INFO] Application startup complete.
[2026-03-29 03:28:23 +0000] [384] [INFO] Booting worker with pid: 384
[2026-03-29 03:28:23 +0000] [371] [INFO] Started server process [371]
[2026-03-29 03:28:23 +0000] [371] [INFO] Waiting for application startup.
[2026-03-29 03:28:23 +0000] [371] [INFO] Application startup complete.
[2026-03-29 03:28:23 +0000] [385] [INFO] Booting worker with pid: 385
[2026-03-29 03:28:23 +0000] [373] [INFO] Started server process [373]
[2026-03-29 03:28:23 +0000] [373] [INFO] Waiting for application startup.
[2026-03-29 03:28:23 +0000] [373] [INFO] Application startup complete.
[2026-03-29 03:28:24 +0000] [387] [INFO] Booting worker with pid: 387
[2026-03-29 03:28:24 +0000] [379] [INFO] Started server process [379]
[2026-03-29 03:28:24 +0000] [379] [INFO] Waiting for application startup.
[2026-03-29 03:28:24 +0000] [379] [INFO] Application startup complete.
[2026-03-29 03:28:24 +0000] [389] [INFO] Booting worker with pid: 389
[2026-03-29 03:28:24 +0000] [377] [INFO] Started server process [377]
[2026-03-29 03:28:24 +0000] [377] [INFO] Waiting for application startup.
[2026-03-29 03:28:24 +0000] [377] [INFO] Application startup complete.
[2026-03-29 03:28:24 +0000] [391] [INFO] Booting worker with pid: 391
[2026-03-29 03:28:24 +0000] [382] [INFO] Started server process [382]
[2026-03-29 03:28:24 +0000] [382] [INFO] Waiting for application startup.
[2026-03-29 03:28:24 +0000] [382] [INFO] Application startup complete.
[2026-03-29 03:28:24 +0000] [384] [INFO] Started server process [384]
[2026-03-29 03:28:24 +0000] [384] [INFO] Waiting for application startup.
[2026-03-29 03:28:24 +0000] [384] [INFO] Application startup complete.
[2026-03-29 03:28:24 +0000] [389] [INFO] Started server process [389]
[2026-03-29 03:28:24 +0000] [389] [INFO] Waiting for application startup.
[2026-03-29 03:28:24 +0000] [389] [INFO] Application startup complete.
[2026-03-29 03:28:24 +0000] [395] [INFO] Booting worker with pid: 395
[2026-03-29 03:28:24 +0000] [385] [INFO] Started server process [385]
[2026-03-29 03:28:24 +0000] [385] [INFO] Waiting for application startup.
[2026-03-29 03:28:24 +0000] [385] [INFO] Application startup complete.
[2026-03-29 03:28:24 +0000] [396] [INFO] Booting worker with pid: 396
[2026-03-29 03:28:24 +0000] [391] [INFO] Started server process [391]
[2026-03-29 03:28:24 +0000] [391] [INFO] Waiting for application startup.
[2026-03-29 03:28:24 +0000] [391] [INFO] Application startup complete.
[2026-03-29 03:28:24 +0000] [398] [INFO] Booting worker with pid: 398
[2026-03-29 03:28:24 +0000] [399] [INFO] Booting worker with pid: 399
[2026-03-29 03:28:24 +0000] [401] [INFO] Booting worker with pid: 401
[2026-03-29 03:28:24 +0000] [402] [INFO] Booting worker with pid: 402
[2026-03-29 03:28:24 +0000] [405] [INFO] Booting worker with pid: 405
[2026-03-29 03:28:24 +0000] [398] [INFO] Started server process [398]
[2026-03-29 03:28:24 +0000] [398] [INFO] Waiting for application startup.
[2026-03-29 03:28:24 +0000] [398] [INFO] Application startup complete.
[2026-03-29 03:28:24 +0000] [387] [INFO] Started server process [387]
[2026-03-29 03:28:24 +0000] [387] [INFO] Waiting for application startup.
[2026-03-29 03:28:24 +0000] [387] [INFO] Application startup complete.
[2026-03-29 03:28:24 +0000] [395] [INFO] Started server process [395]
[2026-03-29 03:28:24 +0000] [395] [INFO] Waiting for application startup.
[2026-03-29 03:28:24 +0000] [395] [INFO] Application startup complete.
[2026-03-29 03:28:24 +0000] [407] [INFO] Booting worker with pid: 407
[2026-03-29 03:28:24 +0000] [408] [INFO] Booting worker with pid: 408
[2026-03-29 03:28:24 +0000] [396] [INFO] Started server process [396]
[2026-03-29 03:28:24 +0000] [396] [INFO] Waiting for application startup.
[2026-03-29 03:28:24 +0000] [396] [INFO] Application startup complete.
[2026-03-29 03:28:24 +0000] [401] [INFO] Started server process [401]
[2026-03-29 03:28:24 +0000] [401] [INFO] Waiting for application startup.
[2026-03-29 03:28:24 +0000] [401] [INFO] Application startup complete.
[2026-03-29 03:28:24 +0000] [411] [INFO] Booting worker with pid: 411
[2026-03-29 03:28:24 +0000] [413] [INFO] Booting worker with pid: 413
[2026-03-29 03:28:24 +0000] [399] [INFO] Started server process [399]
[2026-03-29 03:28:24 +0000] [399] [INFO] Waiting for application startup.
[2026-03-29 03:28:24 +0000] [399] [INFO] Application startup complete.
[2026-03-29 03:28:24 +0000] [402] [INFO] Started server process [402]
[2026-03-29 03:28:24 +0000] [402] [INFO] Waiting for application startup.
[2026-03-29 03:28:24 +0000] [402] [INFO] Application startup complete.
[2026-03-29 03:28:24 +0000] [415] [INFO] Booting worker with pid: 415
[2026-03-29 03:28:25 +0000] [416] [INFO] Booting worker with pid: 416
[2026-03-29 03:28:25 +0000] [407] [INFO] Started server process [407]
[2026-03-29 03:28:25 +0000] [407] [INFO] Waiting for application startup.
[2026-03-29 03:28:25 +0000] [407] [INFO] Application startup complete.
[2026-03-29 03:28:25 +0000] [418] [INFO] Booting worker with pid: 418
[2026-03-29 03:28:25 +0000] [408] [INFO] Started server process [408]
[2026-03-29 03:28:25 +0000] [408] [INFO] Waiting for application startup.
[2026-03-29 03:28:25 +0000] [408] [INFO] Application startup complete.
[2026-03-29 03:28:25 +0000] [421] [INFO] Booting worker with pid: 421
[2026-03-29 03:28:25 +0000] [413] [INFO] Started server process [413]
[2026-03-29 03:28:25 +0000] [413] [INFO] Waiting for application startup.
[2026-03-29 03:28:25 +0000] [413] [INFO] Application startup complete.
[2026-03-29 03:28:25 +0000] [411] [INFO] Started server process [411]
[2026-03-29 03:28:25 +0000] [411] [INFO] Waiting for application startup.
[2026-03-29 03:28:25 +0000] [411] [INFO] Application startup complete.
[2026-03-29 03:28:25 +0000] [423] [INFO] Booting worker with pid: 423
[2026-03-29 03:28:25 +0000] [425] [INFO] Booting worker with pid: 425
[2026-03-29 03:28:25 +0000] [426] [INFO] Booting worker with pid: 426
[2026-03-29 03:28:25 +0000] [428] [INFO] Booting worker with pid: 428
[2026-03-29 03:28:25 +0000] [405] [INFO] Started server process [405]
[2026-03-29 03:28:25 +0000] [405] [INFO] Waiting for application startup.
[2026-03-29 03:28:25 +0000] [405] [INFO] Application startup complete.
[2026-03-29 03:28:25 +0000] [429] [INFO] Booting worker with pid: 429
[2026-03-29 03:28:25 +0000] [415] [INFO] Started server process [415]
[2026-03-29 03:28:25 +0000] [415] [INFO] Waiting for application startup.
[2026-03-29 03:28:25 +0000] [415] [INFO] Application startup complete.
[2026-03-29 03:28:25 +0000] [430] [INFO] Booting worker with pid: 430
[2026-03-29 03:28:25 +0000] [416] [INFO] Started server process [416]
[2026-03-29 03:28:25 +0000] [416] [INFO] Waiting for application startup.
[2026-03-29 03:28:25 +0000] [416] [INFO] Application startup complete.
[2026-03-29 03:28:25 +0000] [431] [INFO] Booting worker with pid: 431
[2026-03-29 03:28:25 +0000] [435] [INFO] Booting worker with pid: 435
[2026-03-29 03:28:25 +0000] [437] [INFO] Booting worker with pid: 437
[2026-03-29 03:28:25 +0000] [425] [INFO] Started server process [425]
[2026-03-29 03:28:25 +0000] [425] [INFO] Waiting for application startup.
[2026-03-29 03:28:25 +0000] [425] [INFO] Application startup complete.
[2026-03-29 03:28:25 +0000] [418] [INFO] Started server process [418]
[2026-03-29 03:28:25 +0000] [418] [INFO] Waiting for application startup.
[2026-03-29 03:28:25 +0000] [418] [INFO] Application startup complete.
[2026-03-29 03:28:25 +0000] [423] [INFO] Started server process [423]
[2026-03-29 03:28:25 +0000] [423] [INFO] Waiting for application startup.
[2026-03-29 03:28:25 +0000] [423] [INFO] Application startup complete.
[2026-03-29 03:28:25 +0000] [421] [INFO] Started server process [421]
[2026-03-29 03:28:25 +0000] [421] [INFO] Waiting for application startup.
[2026-03-29 03:28:25 +0000] [421] [INFO] Application startup complete.
[2026-03-29 03:28:25 +0000] [439] [INFO] Booting worker with pid: 439
[2026-03-29 03:28:25 +0000] [429] [INFO] Started server process [429]
[2026-03-29 03:28:25 +0000] [429] [INFO] Waiting for application startup.
[2026-03-29 03:28:25 +0000] [429] [INFO] Application startup complete.
[2026-03-29 03:28:26 +0000] [430] [INFO] Started server process [430]
[2026-03-29 03:28:26 +0000] [430] [INFO] Waiting for application startup.
[2026-03-29 03:28:26 +0000] [430] [INFO] Application startup complete.
[2026-03-29 03:28:26 +0000] [442] [INFO] Booting worker with pid: 442
[2026-03-29 03:28:26 +0000] [443] [INFO] Booting worker with pid: 443
[2026-03-29 03:28:26 +0000] [439] [INFO] Started server process [439]
[2026-03-29 03:28:26 +0000] [439] [INFO] Waiting for application startup.
[2026-03-29 03:28:26 +0000] [439] [INFO] Application startup complete.
[2026-03-29 03:28:26 +0000] [437] [INFO] Started server process [437]
[2026-03-29 03:28:26 +0000] [437] [INFO] Waiting for application startup.
[2026-03-29 03:28:26 +0000] [437] [INFO] Application startup complete.
[2026-03-29 03:28:26 +0000] [448] [INFO] Booting worker with pid: 448
[2026-03-29 03:28:26 +0000] [426] [INFO] Started server process [426]
[2026-03-29 03:28:26 +0000] [426] [INFO] Waiting for application startup.
[2026-03-29 03:28:26 +0000] [426] [INFO] Application startup complete.
[2026-03-29 03:28:26 +0000] [449] [INFO] Booting worker with pid: 449
[2026-03-29 03:28:26 +0000] [431] [INFO] Started server process [431]
[2026-03-29 03:28:26 +0000] [431] [INFO] Waiting for application startup.
[2026-03-29 03:28:26 +0000] [431] [INFO] Application startup complete.
[2026-03-29 03:28:26 +0000] [451] [INFO] Booting worker with pid: 451
[2026-03-29 03:28:26 +0000] [435] [INFO] Started server process [435]
[2026-03-29 03:28:26 +0000] [435] [INFO] Waiting for application startup.
[2026-03-29 03:28:26 +0000] [435] [INFO] Application startup complete.
[2026-03-29 03:28:26 +0000] [428] [INFO] Started server process [428]
[2026-03-29 03:28:26 +0000] [428] [INFO] Waiting for application startup.
[2026-03-29 03:28:26 +0000] [428] [INFO] Application startup complete.
[2026-03-29 03:28:26 +0000] [452] [INFO] Booting worker with pid: 452
[2026-03-29 03:28:26 +0000] [453] [INFO] Booting worker with pid: 453
[2026-03-29 03:28:26 +0000] [456] [INFO] Booting worker with pid: 456
[2026-03-29 03:28:26 +0000] [442] [INFO] Started server process [442]
[2026-03-29 03:28:26 +0000] [442] [INFO] Waiting for application startup.
[2026-03-29 03:28:26 +0000] [442] [INFO] Application startup complete.
[2026-03-29 03:28:26 +0000] [457] [INFO] Booting worker with pid: 457
[2026-03-29 03:28:26 +0000] [460] [INFO] Booting worker with pid: 460
[2026-03-29 03:28:26 +0000] [443] [INFO] Started server process [443]
[2026-03-29 03:28:26 +0000] [443] [INFO] Waiting for application startup.
[2026-03-29 03:28:26 +0000] [443] [INFO] Application startup complete.
[2026-03-29 03:28:26 +0000] [449] [INFO] Started server process [449]
[2026-03-29 03:28:26 +0000] [449] [INFO] Waiting for application startup.
[2026-03-29 03:28:26 +0000] [449] [INFO] Application startup complete.
[2026-03-29 03:28:26 +0000] [462] [INFO] Booting worker with pid: 462
[2026-03-29 03:28:26 +0000] [453] [INFO] Started server process [453]
[2026-03-29 03:28:26 +0000] [453] [INFO] Waiting for application startup.
[2026-03-29 03:28:26 +0000] [453] [INFO] Application startup complete.
[2026-03-29 03:28:26 +0000] [448] [INFO] Started server process [448]
[2026-03-29 03:28:26 +0000] [448] [INFO] Waiting for application startup.
[2026-03-29 03:28:26 +0000] [448] [INFO] Application startup complete.
[2026-03-29 03:28:26 +0000] [464] [INFO] Booting worker with pid: 464
[2026-03-29 03:28:26 +0000] [465] [INFO] Booting worker with pid: 465
[2026-03-29 03:28:26 +0000] [456] [INFO] Started server process [456]
[2026-03-29 03:28:26 +0000] [456] [INFO] Waiting for application startup.
[2026-03-29 03:28:26 +0000] [456] [INFO] Application startup complete.
[2026-03-29 03:28:26 +0000] [469] [INFO] Booting worker with pid: 469
[2026-03-29 03:28:26 +0000] [460] [INFO] Started server process [460]
[2026-03-29 03:28:26 +0000] [460] [INFO] Waiting for application startup.
[2026-03-29 03:28:26 +0000] [460] [INFO] Application startup complete.
[2026-03-29 03:28:26 +0000] [451] [INFO] Started server process [451]
[2026-03-29 03:28:26 +0000] [451] [INFO] Waiting for application startup.
[2026-03-29 03:28:26 +0000] [451] [INFO] Application startup complete.
[2026-03-29 03:28:26 +0000] [457] [INFO] Started server process [457]
[2026-03-29 03:28:26 +0000] [457] [INFO] Waiting for application startup.
[2026-03-29 03:28:26 +0000] [457] [INFO] Application startup complete.
[2026-03-29 03:28:26 +0000] [472] [INFO] Booting worker with pid: 472
[2026-03-29 03:28:27 +0000] [464] [INFO] Started server process [464]
[2026-03-29 03:28:27 +0000] [464] [INFO] Waiting for application startup.
[2026-03-29 03:28:27 +0000] [464] [INFO] Application startup complete.
[2026-03-29 03:28:27 +0000] [452] [INFO] Started server process [452]
[2026-03-29 03:28:27 +0000] [452] [INFO] Waiting for application startup.
[2026-03-29 03:28:27 +0000] [452] [INFO] Application startup complete.
[2026-03-29 03:28:27 +0000] [473] [INFO] Booting worker with pid: 473
[2026-03-29 03:28:27 +0000] [474] [INFO] Booting worker with pid: 474
[2026-03-29 03:28:27 +0000] [476] [INFO] Booting worker with pid: 476
[2026-03-29 03:28:27 +0000] [478] [INFO] Booting worker with pid: 478
[2026-03-29 03:28:27 +0000] [480] [INFO] Booting worker with pid: 480
[2026-03-29 03:28:27 +0000] [465] [INFO] Started server process [465]
[2026-03-29 03:28:27 +0000] [465] [INFO] Waiting for application startup.
[2026-03-29 03:28:27 +0000] [465] [INFO] Application startup complete.
[2026-03-29 03:28:27 +0000] [483] [INFO] Booting worker with pid: 483
[2026-03-29 03:28:27 +0000] [484] [INFO] Booting worker with pid: 484
[2026-03-29 03:28:27 +0000] [476] [INFO] Started server process [476]
[2026-03-29 03:28:27 +0000] [476] [INFO] Waiting for application startup.
[2026-03-29 03:28:27 +0000] [476] [INFO] Application startup complete.
[2026-03-29 03:28:27 +0000] [485] [INFO] Booting worker with pid: 485
[2026-03-29 03:28:27 +0000] [469] [INFO] Started server process [469]
[2026-03-29 03:28:27 +0000] [469] [INFO] Waiting for application startup.
[2026-03-29 03:28:27 +0000] [469] [INFO] Application startup complete.
[2026-03-29 03:28:27 +0000] [472] [INFO] Started server process [472]
[2026-03-29 03:28:27 +0000] [472] [INFO] Waiting for application startup.
[2026-03-29 03:28:27 +0000] [472] [INFO] Application startup complete.
[2026-03-29 03:28:27 +0000] [462] [INFO] Started server process [462]
[2026-03-29 03:28:27 +0000] [462] [INFO] Waiting for application startup.
[2026-03-29 03:28:27 +0000] [462] [INFO] Application startup complete.
[2026-03-29 03:28:27 +0000] [487] [INFO] Booting worker with pid: 487
[2026-03-29 03:28:27 +0000] [473] [INFO] Started server process [473]
[2026-03-29 03:28:27 +0000] [473] [INFO] Waiting for application startup.
[2026-03-29 03:28:27 +0000] [473] [INFO] Application startup complete.
[2026-03-29 03:28:27 +0000] [491] [INFO] Booting worker with pid: 491
[2026-03-29 03:28:27 +0000] [493] [INFO] Booting worker with pid: 493
[2026-03-29 03:28:27 +0000] [487] [INFO] Started server process [487]
[2026-03-29 03:28:27 +0000] [487] [INFO] Waiting for application startup.
[2026-03-29 03:28:27 +0000] [480] [INFO] Started server process [480]
[2026-03-29 03:28:27 +0000] [480] [INFO] Waiting for application startup.
[2026-03-29 03:28:27 +0000] [480] [INFO] Application startup complete.
[2026-03-29 03:28:27 +0000] [487] [INFO] Application startup complete.
[2026-03-29 03:28:27 +0000] [483] [INFO] Started server process [483]
[2026-03-29 03:28:27 +0000] [483] [INFO] Waiting for application startup.
[2026-03-29 03:28:27 +0000] [483] [INFO] Application startup complete.
[2026-03-29 03:28:27 +0000] [495] [INFO] Booting worker with pid: 495
[2026-03-29 03:28:27 +0000] [496] [INFO] Booting worker with pid: 496
[2026-03-29 03:28:27 +0000] [474] [INFO] Started server process [474]
[2026-03-29 03:28:27 +0000] [474] [INFO] Waiting for application startup.
[2026-03-29 03:28:27 +0000] [474] [INFO] Application startup complete.
[2026-03-29 03:28:27 +0000] [498] [INFO] Booting worker with pid: 498
[2026-03-29 03:28:28 +0000] [478] [INFO] Started server process [478]
[2026-03-29 03:28:28 +0000] [478] [INFO] Waiting for application startup.
[2026-03-29 03:28:28 +0000] [478] [INFO] Application startup complete.
[2026-03-29 03:28:28 +0000] [500] [INFO] Booting worker with pid: 500
[2026-03-29 03:28:28 +0000] [491] [INFO] Started server process [491]
[2026-03-29 03:28:28 +0000] [491] [INFO] Waiting for application startup.
[2026-03-29 03:28:28 +0000] [491] [INFO] Application startup complete.
[2026-03-29 03:28:28 +0000] [501] [INFO] Booting worker with pid: 501
[2026-03-29 03:28:28 +0000] [485] [INFO] Started server process [485]
[2026-03-29 03:28:28 +0000] [485] [INFO] Waiting for application startup.
[2026-03-29 03:28:28 +0000] [485] [INFO] Application startup complete.
[2026-03-29 03:28:28 +0000] [503] [INFO] Booting worker with pid: 503
[2026-03-29 03:28:28 +0000] [504] [INFO] Booting worker with pid: 504
[2026-03-29 03:28:28 +0000] [506] [INFO] Booting worker with pid: 506
[2026-03-29 03:28:28 +0000] [508] [INFO] Booting worker with pid: 508
[2026-03-29 03:28:28 +0000] [509] [INFO] Booting worker with pid: 509
[2026-03-29 03:28:28 +0000] [493] [INFO] Started server process [493]
[2026-03-29 03:28:28 +0000] [493] [INFO] Waiting for application startup.
[2026-03-29 03:28:28 +0000] [493] [INFO] Application startup complete.
[2026-03-29 03:28:28 +0000] [501] [INFO] Started server process [501]
[2026-03-29 03:28:28 +0000] [501] [INFO] Waiting for application startup.
[2026-03-29 03:28:28 +0000] [501] [INFO] Application startup complete.
[2026-03-29 03:28:28 +0000] [500] [INFO] Started server process [500]
[2026-03-29 03:28:28 +0000] [500] [INFO] Waiting for application startup.
[2026-03-29 03:28:28 +0000] [500] [INFO] Application startup complete.
[2026-03-29 03:28:28 +0000] [506] [INFO] Started server process [506]
[2026-03-29 03:28:28 +0000] [506] [INFO] Waiting for application startup.
[2026-03-29 03:28:28 +0000] [506] [INFO] Application startup complete.
[2026-03-29 03:28:28 +0000] [504] [INFO] Started server process [504]
[2026-03-29 03:28:28 +0000] [504] [INFO] Waiting for application startup.
[2026-03-29 03:28:28 +0000] [504] [INFO] Application startup complete.
[2026-03-29 03:28:28 +0000] [498] [INFO] Started server process [498]
[2026-03-29 03:28:28 +0000] [498] [INFO] Waiting for application startup.
[2026-03-29 03:28:28 +0000] [498] [INFO] Application startup complete.
[2026-03-29 03:28:28 +0000] [508] [INFO] Started server process [508]
[2026-03-29 03:28:28 +0000] [508] [INFO] Waiting for application startup.
[2026-03-29 03:28:28 +0000] [508] [INFO] Application startup complete.
[2026-03-29 03:28:28 +0000] [509] [INFO] Started server process [509]
[2026-03-29 03:28:28 +0000] [509] [INFO] Waiting for application startup.
[2026-03-29 03:28:28 +0000] [509] [INFO] Application startup complete.
[2026-03-29 03:28:28 +0000] [484] [INFO] Started server process [484]
[2026-03-29 03:28:28 +0000] [484] [INFO] Waiting for application startup.
[2026-03-29 03:28:28 +0000] [484] [INFO] Application startup complete.
[2026-03-29 03:28:28 +0000] [495] [INFO] Started server process [495]
[2026-03-29 03:28:28 +0000] [495] [INFO] Waiting for application startup.
[2026-03-29 03:28:28 +0000] [495] [INFO] Application startup complete.
[2026-03-29 03:28:28 +0000] [496] [INFO] Started server process [496]
[2026-03-29 03:28:28 +0000] [496] [INFO] Waiting for application startup.
[2026-03-29 03:28:28 +0000] [496] [INFO] Application startup complete.
[2026-03-29 03:28:29 +0000] [503] [INFO] Started server process [503]
[2026-03-29 03:28:29 +0000] [503] [INFO] Waiting for application startup.
[2026-03-29 03:28:29 +0000] [503] [INFO] Application startup complete.
[2026-03-29 03:28:29 +0000] [491] [ERROR] Exception in ASGI application
Traceback (most recent call last):
  File "/usr/local/lib/python3.13/site-packages/uvicorn/protocols/http/httptools_impl.py", line 409, in run_asgi
    result = await app(  # type: ignore[func-returns-value]
             ^^^^^^^^^^^^^^^^^^^^^^^^^^^^^^^^^^^^^^^^^^^^^^
        self.scope, self.receive, self.send
        ^^^^^^^^^^^^^^^^^^^^^^^^^^^^^^^^^^^
    )
    ^
  File "/usr/local/lib/python3.13/site-packages/uvicorn/middleware/proxy_headers.py", line 60, in __call__
    return await self.app(scope, receive, send)
           ^^^^^^^^^^^^^^^^^^^^^^^^^^^^^^^^^^^^
  File "/usr/local/lib/python3.13/site-packages/starlette/applications.py", line 112, in __call__
    await self.middleware_stack(scope, receive, send)
  File "/usr/local/lib/python3.13/site-packages/starlette/middleware/errors.py", line 187, in __call__
    raise exc
  File "/usr/local/lib/python3.13/site-packages/starlette/middleware/errors.py", line 165, in __call__
    await self.app(scope, receive, _send)
  File "/usr/local/lib/python3.13/site-packages/starlette/middleware/exceptions.py", line 62, in __call__
    await wrap_app_handling_exceptions(self.app, conn)(scope, receive, send)
  File "/usr/local/lib/python3.13/site-packages/starlette/_exception_handler.py", line 53, in wrapped_app
    raise exc
  File "/usr/local/lib/python3.13/site-packages/starlette/_exception_handler.py", line 42, in wrapped_app
    await app(scope, receive, sender)
  File "/usr/local/lib/python3.13/site-packages/starlette/routing.py", line 714, in __call__
    await self.middleware_stack(scope, receive, send)
  File "/usr/local/lib/python3.13/site-packages/starlette/routing.py", line 734, in app
    await route.handle(scope, receive, send)
  File "/usr/local/lib/python3.13/site-packages/starlette/routing.py", line 288, in handle
    await self.app(scope, receive, send)
  File "/usr/local/lib/python3.13/site-packages/starlette/routing.py", line 76, in app
    await wrap_app_handling_exceptions(app, request)(scope, receive, send)
  File "/usr/local/lib/python3.13/site-packages/starlette/_exception_handler.py", line 53, in wrapped_app
    raise exc
  File "/usr/local/lib/python3.13/site-packages/starlette/_exception_handler.py", line 42, in wrapped_app
    await app(scope, receive, sender)
  File "/usr/local/lib/python3.13/site-packages/starlette/routing.py", line 73, in app
    response = await f(request)
               ^^^^^^^^^^^^^^^^
  File "/app/app.py", line 237, in upload_endpoint
    async for chunk in request.stream():
        size += len(chunk)
  File "/usr/local/lib/python3.13/site-packages/starlette/requests.py", line 235, in stream
    raise ClientDisconnect()
starlette.requests.ClientDisconnect
[2026-03-29 03:28:29 +0000] [30] [ERROR] Exception in ASGI application
Traceback (most recent call last):
  File "/usr/local/lib/python3.13/site-packages/uvicorn/protocols/http/httptools_impl.py", line 409, in run_asgi
    result = await app(  # type: ignore[func-returns-value]
             ^^^^^^^^^^^^^^^^^^^^^^^^^^^^^^^^^^^^^^^^^^^^^^
        self.scope, self.receive, self.send
        ^^^^^^^^^^^^^^^^^^^^^^^^^^^^^^^^^^^
    )
    ^
  File "/usr/local/lib/python3.13/site-packages/uvicorn/middleware/proxy_headers.py", line 60, in __call__
    return await self.app(scope, receive, send)
           ^^^^^^^^^^^^^^^^^^^^^^^^^^^^^^^^^^^^
  File "/usr/local/lib/python3.13/site-packages/starlette/applications.py", line 112, in __call__
    await self.middleware_stack(scope, receive, send)
  File "/usr/local/lib/python3.13/site-packages/starlette/middleware/errors.py", line 187, in __call__
    raise exc
  File "/usr/local/lib/python3.13/site-packages/starlette/middleware/errors.py", line 165, in __call__
    await self.app(scope, receive, _send)
  File "/usr/local/lib/python3.13/site-packages/starlette/middleware/exceptions.py", line 62, in __call__
    await wrap_app_handling_exceptions(self.app, conn)(scope, receive, send)
  File "/usr/local/lib/python3.13/site-packages/starlette/_exception_handler.py", line 53, in wrapped_app
    raise exc
  File "/usr/local/lib/python3.13/site-packages/starlette/_exception_handler.py", line 42, in wrapped_app
    await app(scope, receive, sender)
  File "/usr/local/lib/python3.13/site-packages/starlette/routing.py", line 714, in __call__
    await self.middleware_stack(scope, receive, send)
  File "/usr/local/lib/python3.13/site-packages/starlette/routing.py", line 734, in app
    await route.handle(scope, receive, send)
  File "/usr/local/lib/python3.13/site-packages/starlette/routing.py", line 288, in handle
    await self.app(scope, receive, send)
  File "/usr/local/lib/python3.13/site-packages/starlette/routing.py", line 76, in app
    await wrap_app_handling_exceptions(app, request)(scope, receive, send)
  File "/usr/local/lib/python3.13/site-packages/starlette/_exception_handler.py", line 53, in wrapped_app
    raise exc
  File "/usr/local/lib/python3.13/site-packages/starlette/_exception_handler.py", line 42, in wrapped_app
    await app(scope, receive, sender)
  File "/usr/local/lib/python3.13/site-packages/starlette/routing.py", line 73, in app
    response = await f(request)
               ^^^^^^^^^^^^^^^^
  File "/app/app.py", line 237, in upload_endpoint
    async for chunk in request.stream():
        size += len(chunk)
  File "/usr/local/lib/python3.13/site-packages/starlette/requests.py", line 235, in stream
    raise ClientDisconnect()
starlette.requests.ClientDisconnect
[2026-03-29 03:28:29 +0000] [30] [ERROR] Exception in ASGI application
Traceback (most recent call last):
  File "/usr/local/lib/python3.13/site-packages/uvicorn/protocols/http/httptools_impl.py", line 409, in run_asgi
    result = await app(  # type: ignore[func-returns-value]
             ^^^^^^^^^^^^^^^^^^^^^^^^^^^^^^^^^^^^^^^^^^^^^^
        self.scope, self.receive, self.send
        ^^^^^^^^^^^^^^^^^^^^^^^^^^^^^^^^^^^
    )
    ^
  File "/usr/local/lib/python3.13/site-packages/uvicorn/middleware/proxy_headers.py", line 60, in __call__
    return await self.app(scope, receive, send)
           ^^^^^^^^^^^^^^^^^^^^^^^^^^^^^^^^^^^^
  File "/usr/local/lib/python3.13/site-packages/starlette/applications.py", line 112, in __call__
    await self.middleware_stack(scope, receive, send)
  File "/usr/local/lib/python3.13/site-packages/starlette/middleware/errors.py", line 187, in __call__
    raise exc
  File "/usr/local/lib/python3.13/site-packages/starlette/middleware/errors.py", line 165, in __call__
    await self.app(scope, receive, _send)
  File "/usr/local/lib/python3.13/site-packages/starlette/middleware/exceptions.py", line 62, in __call__
    await wrap_app_handling_exceptions(self.app, conn)(scope, receive, send)
  File "/usr/local/lib/python3.13/site-packages/starlette/_exception_handler.py", line 53, in wrapped_app
    raise exc
  File "/usr/local/lib/python3.13/site-packages/starlette/_exception_handler.py", line 42, in wrapped_app
    await app(scope, receive, sender)
  File "/usr/local/lib/python3.13/site-packages/starlette/routing.py", line 714, in __call__
    await self.middleware_stack(scope, receive, send)
  File "/usr/local/lib/python3.13/site-packages/starlette/routing.py", line 734, in app
    await route.handle(scope, receive, send)
  File "/usr/local/lib/python3.13/site-packages/starlette/routing.py", line 288, in handle
    await self.app(scope, receive, send)
  File "/usr/local/lib/python3.13/site-packages/starlette/routing.py", line 76, in app
    await wrap_app_handling_exceptions(app, request)(scope, receive, send)
  File "/usr/local/lib/python3.13/site-packages/starlette/_exception_handler.py", line 53, in wrapped_app
    raise exc
  File "/usr/local/lib/python3.13/site-packages/starlette/_exception_handler.py", line 42, in wrapped_app
    await app(scope, receive, sender)
  File "/usr/local/lib/python3.13/site-packages/starlette/routing.py", line 73, in app
    response = await f(request)
               ^^^^^^^^^^^^^^^^
  File "/app/app.py", line 237, in upload_endpoint
    async for chunk in request.stream():
        size += len(chunk)
  File "/usr/local/lib/python3.13/site-packages/starlette/requests.py", line 235, in stream
    raise ClientDisconnect()
starlette.requests.ClientDisconnect
[2026-03-29 03:29:04 +0000] [81] [ERROR] Exception in ASGI application
Traceback (most recent call last):
  File "/usr/local/lib/python3.13/site-packages/uvicorn/protocols/http/httptools_impl.py", line 409, in run_asgi
    result = await app(  # type: ignore[func-returns-value]
             ^^^^^^^^^^^^^^^^^^^^^^^^^^^^^^^^^^^^^^^^^^^^^^
        self.scope, self.receive, self.send
        ^^^^^^^^^^^^^^^^^^^^^^^^^^^^^^^^^^^
    )
    ^
  File "/usr/local/lib/python3.13/site-packages/uvicorn/middleware/proxy_headers.py", line 60, in __call__
    return await self.app(scope, receive, send)
           ^^^^^^^^^^^^^^^^^^^^^^^^^^^^^^^^^^^^
  File "/usr/local/lib/python3.13/site-packages/starlette/applications.py", line 112, in __call__
    await self.middleware_stack(scope, receive, send)
  File "/usr/local/lib/python3.13/site-packages/starlette/middleware/errors.py", line 187, in __call__
    raise exc
  File "/usr/local/lib/python3.13/site-packages/starlette/middleware/errors.py", line 165, in __call__
    await self.app(scope, receive, _send)
  File "/usr/local/lib/python3.13/site-packages/starlette/middleware/exceptions.py", line 62, in __call__
    await wrap_app_handling_exceptions(self.app, conn)(scope, receive, send)
  File "/usr/local/lib/python3.13/site-packages/starlette/_exception_handler.py", line 53, in wrapped_app
    raise exc
  File "/usr/local/lib/python3.13/site-packages/starlette/_exception_handler.py", line 42, in wrapped_app
    await app(scope, receive, sender)
  File "/usr/local/lib/python3.13/site-packages/starlette/routing.py", line 714, in __call__
    await self.middleware_stack(scope, receive, send)
  File "/usr/local/lib/python3.13/site-packages/starlette/routing.py", line 734, in app
    await route.handle(scope, receive, send)
  File "/usr/local/lib/python3.13/site-packages/starlette/routing.py", line 288, in handle
    await self.app(scope, receive, send)
  File "/usr/local/lib/python3.13/site-packages/starlette/routing.py", line 76, in app
    await wrap_app_handling_exceptions(app, request)(scope, receive, send)
  File "/usr/local/lib/python3.13/site-packages/starlette/_exception_handler.py", line 53, in wrapped_app
    raise exc
  File "/usr/local/lib/python3.13/site-packages/starlette/_exception_handler.py", line 42, in wrapped_app
    await app(scope, receive, sender)
  File "/usr/local/lib/python3.13/site-packages/starlette/routing.py", line 73, in app
    response = await f(request)
               ^^^^^^^^^^^^^^^^
  File "/app/app.py", line 237, in upload_endpoint
    async for chunk in request.stream():
        size += len(chunk)
  File "/usr/local/lib/python3.13/site-packages/starlette/requests.py", line 235, in stream
    raise ClientDisconnect()
starlette.requests.ClientDisconnect
[2026-03-29 03:29:04 +0000] [158] [ERROR] Exception in ASGI application
Traceback (most recent call last):
  File "/usr/local/lib/python3.13/site-packages/uvicorn/protocols/http/httptools_impl.py", line 409, in run_asgi
    result = await app(  # type: ignore[func-returns-value]
             ^^^^^^^^^^^^^^^^^^^^^^^^^^^^^^^^^^^^^^^^^^^^^^
        self.scope, self.receive, self.send
        ^^^^^^^^^^^^^^^^^^^^^^^^^^^^^^^^^^^
    )
    ^
  File "/usr/local/lib/python3.13/site-packages/uvicorn/middleware/proxy_headers.py", line 60, in __call__
    return await self.app(scope, receive, send)
           ^^^^^^^^^^^^^^^^^^^^^^^^^^^^^^^^^^^^
  File "/usr/local/lib/python3.13/site-packages/starlette/applications.py", line 112, in __call__
    await self.middleware_stack(scope, receive, send)
  File "/usr/local/lib/python3.13/site-packages/starlette/middleware/errors.py", line 187, in __call__
    raise exc
  File "/usr/local/lib/python3.13/site-packages/starlette/middleware/errors.py", line 165, in __call__
    await self.app(scope, receive, _send)
  File "/usr/local/lib/python3.13/site-packages/starlette/middleware/exceptions.py", line 62, in __call__
    await wrap_app_handling_exceptions(self.app, conn)(scope, receive, send)
  File "/usr/local/lib/python3.13/site-packages/starlette/_exception_handler.py", line 53, in wrapped_app
    raise exc
  File "/usr/local/lib/python3.13/site-packages/starlette/_exception_handler.py", line 42, in wrapped_app
    await app(scope, receive, sender)
  File "/usr/local/lib/python3.13/site-packages/starlette/routing.py", line 714, in __call__
    await self.middleware_stack(scope, receive, send)
  File "/usr/local/lib/python3.13/site-packages/starlette/routing.py", line 734, in app
    await route.handle(scope, receive, send)
  File "/usr/local/lib/python3.13/site-packages/starlette/routing.py", line 288, in handle
    await self.app(scope, receive, send)
  File "/usr/local/lib/python3.13/site-packages/starlette/routing.py", line 76, in app
    await wrap_app_handling_exceptions(app, request)(scope, receive, send)
  File "/usr/local/lib/python3.13/site-packages/starlette/_exception_handler.py", line 53, in wrapped_app
    raise exc
  File "/usr/local/lib/python3.13/site-packages/starlette/_exception_handler.py", line 42, in wrapped_app
    await app(scope, receive, sender)
  File "/usr/local/lib/python3.13/site-packages/starlette/routing.py", line 73, in app
    response = await f(request)
               ^^^^^^^^^^^^^^^^
  File "/app/app.py", line 237, in upload_endpoint
    async for chunk in request.stream():
        size += len(chunk)
  File "/usr/local/lib/python3.13/site-packages/starlette/requests.py", line 235, in stream
    raise ClientDisconnect()
starlette.requests.ClientDisconnect
[2026-03-29 03:29:04 +0000] [96] [ERROR] Exception in ASGI application
Traceback (most recent call last):
  File "/usr/local/lib/python3.13/site-packages/uvicorn/protocols/http/httptools_impl.py", line 409, in run_asgi
    result = await app(  # type: ignore[func-returns-value]
             ^^^^^^^^^^^^^^^^^^^^^^^^^^^^^^^^^^^^^^^^^^^^^^
        self.scope, self.receive, self.send
        ^^^^^^^^^^^^^^^^^^^^^^^^^^^^^^^^^^^
    )
    ^
  File "/usr/local/lib/python3.13/site-packages/uvicorn/middleware/proxy_headers.py", line 60, in __call__
    return await self.app(scope, receive, send)
           ^^^^^^^^^^^^^^^^^^^^^^^^^^^^^^^^^^^^
  File "/usr/local/lib/python3.13/site-packages/starlette/applications.py", line 112, in __call__
    await self.middleware_stack(scope, receive, send)
  File "/usr/local/lib/python3.13/site-packages/starlette/middleware/errors.py", line 187, in __call__
    raise exc
  File "/usr/local/lib/python3.13/site-packages/starlette/middleware/errors.py", line 165, in __call__
    await self.app(scope, receive, _send)
  File "/usr/local/lib/python3.13/site-packages/starlette/middleware/exceptions.py", line 62, in __call__
    await wrap_app_handling_exceptions(self.app, conn)(scope, receive, send)
  File "/usr/local/lib/python3.13/site-packages/starlette/_exception_handler.py", line 53, in wrapped_app
    raise exc
  File "/usr/local/lib/python3.13/site-packages/starlette/_exception_handler.py", line 42, in wrapped_app
    await app(scope, receive, sender)
  File "/usr/local/lib/python3.13/site-packages/starlette/routing.py", line 714, in __call__
    await self.middleware_stack(scope, receive, send)
  File "/usr/local/lib/python3.13/site-packages/starlette/routing.py", line 734, in app
    await route.handle(scope, receive, send)
  File "/usr/local/lib/python3.13/site-packages/starlette/routing.py", line 288, in handle
    await self.app(scope, receive, send)
  File "/usr/local/lib/python3.13/site-packages/starlette/routing.py", line 76, in app
    await wrap_app_handling_exceptions(app, request)(scope, receive, send)
  File "/usr/local/lib/python3.13/site-packages/starlette/_exception_handler.py", line 53, in wrapped_app
    raise exc
  File "/usr/local/lib/python3.13/site-packages/starlette/_exception_handler.py", line 42, in wrapped_app
    await app(scope, receive, sender)
  File "/usr/local/lib/python3.13/site-packages/starlette/routing.py", line 73, in app
    response = await f(request)
               ^^^^^^^^^^^^^^^^
  File "/app/app.py", line 237, in upload_endpoint
    async for chunk in request.stream():
        size += len(chunk)
  File "/usr/local/lib/python3.13/site-packages/starlette/requests.py", line 235, in stream
    raise ClientDisconnect()
starlette.requests.ClientDisconnect
