[2026-04-06 13:27:44 +0000] [1] [INFO] Starting gunicorn 23.0.0
[2026-04-06 13:27:44 +0000] [1] [INFO] Listening at: http://0.0.0.0:8080 (1)
[2026-04-06 13:27:44 +0000] [1] [INFO] Using worker: uvicorn.workers.UvicornWorker
[2026-04-06 13:27:44 +0000] [7] [INFO] Booting worker with pid: 7
[2026-04-06 13:27:44 +0000] [8] [INFO] Booting worker with pid: 8
[2026-04-06 13:27:44 +0000] [9] [INFO] Booting worker with pid: 9
[2026-04-06 13:27:45 +0000] [10] [INFO] Booting worker with pid: 10
[2026-04-06 13:27:45 +0000] [11] [INFO] Booting worker with pid: 11
[2026-04-06 13:27:45 +0000] [12] [INFO] Booting worker with pid: 12
[2026-04-06 13:27:45 +0000] [13] [INFO] Booting worker with pid: 13
[2026-04-06 13:27:45 +0000] [8] [INFO] Started server process [8]
[2026-04-06 13:27:45 +0000] [8] [INFO] Waiting for application startup.
[2026-04-06 13:27:45 +0000] [8] [INFO] Application startup complete.
[2026-04-06 13:27:45 +0000] [7] [INFO] Started server process [7]
[2026-04-06 13:27:45 +0000] [7] [INFO] Waiting for application startup.
[2026-04-06 13:27:45 +0000] [7] [INFO] Application startup complete.
[2026-04-06 13:27:45 +0000] [17] [INFO] Booting worker with pid: 17
[2026-04-06 13:27:45 +0000] [9] [INFO] Started server process [9]
[2026-04-06 13:27:45 +0000] [9] [INFO] Waiting for application startup.
[2026-04-06 13:27:45 +0000] [9] [INFO] Application startup complete.
[2026-04-06 13:27:45 +0000] [18] [INFO] Booting worker with pid: 18
[2026-04-06 13:27:45 +0000] [19] [INFO] Booting worker with pid: 19
[2026-04-06 13:27:45 +0000] [10] [INFO] Started server process [10]
[2026-04-06 13:27:45 +0000] [10] [INFO] Waiting for application startup.
[2026-04-06 13:27:45 +0000] [10] [INFO] Application startup complete.
[2026-04-06 13:27:45 +0000] [11] [INFO] Started server process [11]
[2026-04-06 13:27:45 +0000] [11] [INFO] Waiting for application startup.
[2026-04-06 13:27:45 +0000] [11] [INFO] Application startup complete.
[2026-04-06 13:27:45 +0000] [22] [INFO] Booting worker with pid: 22
[2026-04-06 13:27:45 +0000] [23] [INFO] Booting worker with pid: 23
[2026-04-06 13:27:45 +0000] [12] [INFO] Started server process [12]
[2026-04-06 13:27:45 +0000] [12] [INFO] Waiting for application startup.
[2026-04-06 13:27:45 +0000] [12] [INFO] Application startup complete.
[2026-04-06 13:27:45 +0000] [13] [INFO] Started server process [13]
[2026-04-06 13:27:45 +0000] [13] [INFO] Waiting for application startup.
[2026-04-06 13:27:45 +0000] [13] [INFO] Application startup complete.
[2026-04-06 13:27:45 +0000] [26] [INFO] Booting worker with pid: 26
[2026-04-06 13:27:45 +0000] [18] [INFO] Started server process [18]
[2026-04-06 13:27:45 +0000] [18] [INFO] Waiting for application startup.
[2026-04-06 13:27:45 +0000] [18] [INFO] Application startup complete.
[2026-04-06 13:27:45 +0000] [17] [INFO] Started server process [17]
[2026-04-06 13:27:45 +0000] [17] [INFO] Waiting for application startup.
[2026-04-06 13:27:45 +0000] [17] [INFO] Application startup complete.
[2026-04-06 13:27:45 +0000] [19] [INFO] Started server process [19]
[2026-04-06 13:27:45 +0000] [19] [INFO] Waiting for application startup.
[2026-04-06 13:27:45 +0000] [19] [INFO] Application startup complete.
[2026-04-06 13:27:45 +0000] [30] [INFO] Booting worker with pid: 30
[2026-04-06 13:27:45 +0000] [22] [INFO] Started server process [22]
[2026-04-06 13:27:45 +0000] [22] [INFO] Waiting for application startup.
[2026-04-06 13:27:45 +0000] [22] [INFO] Application startup complete.
[2026-04-06 13:27:45 +0000] [33] [INFO] Booting worker with pid: 33
[2026-04-06 13:27:45 +0000] [23] [INFO] Started server process [23]
[2026-04-06 13:27:45 +0000] [23] [INFO] Waiting for application startup.
[2026-04-06 13:27:45 +0000] [23] [INFO] Application startup complete.
[2026-04-06 13:27:45 +0000] [34] [INFO] Booting worker with pid: 34
[2026-04-06 13:27:45 +0000] [35] [INFO] Booting worker with pid: 35
[2026-04-06 13:27:45 +0000] [37] [INFO] Booting worker with pid: 37
[2026-04-06 13:27:45 +0000] [26] [INFO] Started server process [26]
[2026-04-06 13:27:45 +0000] [26] [INFO] Waiting for application startup.
[2026-04-06 13:27:45 +0000] [26] [INFO] Application startup complete.
[2026-04-06 13:27:45 +0000] [39] [INFO] Booting worker with pid: 39
[2026-04-06 13:27:45 +0000] [30] [INFO] Started server process [30]
[2026-04-06 13:27:45 +0000] [30] [INFO] Waiting for application startup.
[2026-04-06 13:27:45 +0000] [30] [INFO] Application startup complete.
[2026-04-06 13:27:45 +0000] [41] [INFO] Booting worker with pid: 41
[2026-04-06 13:27:45 +0000] [33] [INFO] Started server process [33]
[2026-04-06 13:27:45 +0000] [33] [INFO] Waiting for application startup.
[2026-04-06 13:27:45 +0000] [33] [INFO] Application startup complete.
[2026-04-06 13:27:45 +0000] [34] [INFO] Started server process [34]
[2026-04-06 13:27:45 +0000] [34] [INFO] Waiting for application startup.
[2026-04-06 13:27:45 +0000] [34] [INFO] Application startup complete.
[2026-04-06 13:27:46 +0000] [35] [INFO] Started server process [35]
[2026-04-06 13:27:46 +0000] [35] [INFO] Waiting for application startup.
[2026-04-06 13:27:46 +0000] [35] [INFO] Application startup complete.
[2026-04-06 13:27:46 +0000] [44] [INFO] Booting worker with pid: 44
[2026-04-06 13:27:46 +0000] [46] [INFO] Booting worker with pid: 46
[2026-04-06 13:27:46 +0000] [37] [INFO] Started server process [37]
[2026-04-06 13:27:46 +0000] [37] [INFO] Waiting for application startup.
[2026-04-06 13:27:46 +0000] [37] [INFO] Application startup complete.
[2026-04-06 13:27:46 +0000] [47] [INFO] Booting worker with pid: 47
[2026-04-06 13:27:46 +0000] [39] [INFO] Started server process [39]
[2026-04-06 13:27:46 +0000] [39] [INFO] Waiting for application startup.
[2026-04-06 13:27:46 +0000] [39] [INFO] Application startup complete.
[2026-04-06 13:27:46 +0000] [49] [INFO] Booting worker with pid: 49
[2026-04-06 13:27:46 +0000] [50] [INFO] Booting worker with pid: 50
[2026-04-06 13:27:46 +0000] [41] [INFO] Started server process [41]
[2026-04-06 13:27:46 +0000] [41] [INFO] Waiting for application startup.
[2026-04-06 13:27:46 +0000] [41] [INFO] Application startup complete.
[2026-04-06 13:27:46 +0000] [52] [INFO] Booting worker with pid: 52
[2026-04-06 13:27:46 +0000] [53] [INFO] Booting worker with pid: 53
[2026-04-06 13:27:46 +0000] [54] [INFO] Booting worker with pid: 54
[2026-04-06 13:27:46 +0000] [55] [INFO] Booting worker with pid: 55
[2026-04-06 13:27:46 +0000] [44] [INFO] Started server process [44]
[2026-04-06 13:27:46 +0000] [44] [INFO] Waiting for application startup.
[2026-04-06 13:27:46 +0000] [44] [INFO] Application startup complete.
[2026-04-06 13:27:46 +0000] [46] [INFO] Started server process [46]
[2026-04-06 13:27:46 +0000] [46] [INFO] Waiting for application startup.
[2026-04-06 13:27:46 +0000] [46] [INFO] Application startup complete.
[2026-04-06 13:27:46 +0000] [58] [INFO] Booting worker with pid: 58
[2026-04-06 13:27:46 +0000] [47] [INFO] Started server process [47]
[2026-04-06 13:27:46 +0000] [47] [INFO] Waiting for application startup.
[2026-04-06 13:27:46 +0000] [47] [INFO] Application startup complete.
[2026-04-06 13:27:46 +0000] [60] [INFO] Booting worker with pid: 60
[2026-04-06 13:27:46 +0000] [49] [INFO] Started server process [49]
[2026-04-06 13:27:46 +0000] [49] [INFO] Waiting for application startup.
[2026-04-06 13:27:46 +0000] [49] [INFO] Application startup complete.
[2026-04-06 13:27:46 +0000] [50] [INFO] Started server process [50]
[2026-04-06 13:27:46 +0000] [50] [INFO] Waiting for application startup.
[2026-04-06 13:27:46 +0000] [50] [INFO] Application startup complete.
[2026-04-06 13:27:46 +0000] [64] [INFO] Booting worker with pid: 64
[2026-04-06 13:27:46 +0000] [52] [INFO] Started server process [52]
[2026-04-06 13:27:46 +0000] [52] [INFO] Waiting for application startup.
[2026-04-06 13:27:46 +0000] [52] [INFO] Application startup complete.
[2026-04-06 13:27:46 +0000] [53] [INFO] Started server process [53]
[2026-04-06 13:27:46 +0000] [53] [INFO] Waiting for application startup.
[2026-04-06 13:27:46 +0000] [53] [INFO] Application startup complete.
[2026-04-06 13:27:46 +0000] [67] [INFO] Booting worker with pid: 67
[2026-04-06 13:27:46 +0000] [54] [INFO] Started server process [54]
[2026-04-06 13:27:46 +0000] [54] [INFO] Waiting for application startup.
[2026-04-06 13:27:46 +0000] [54] [INFO] Application startup complete.
[2026-04-06 13:27:46 +0000] [55] [INFO] Started server process [55]
[2026-04-06 13:27:46 +0000] [55] [INFO] Waiting for application startup.
[2026-04-06 13:27:46 +0000] [55] [INFO] Application startup complete.
[2026-04-06 13:27:46 +0000] [69] [INFO] Booting worker with pid: 69
[2026-04-06 13:27:46 +0000] [58] [INFO] Started server process [58]
[2026-04-06 13:27:46 +0000] [58] [INFO] Waiting for application startup.
[2026-04-06 13:27:46 +0000] [58] [INFO] Application startup complete.
[2026-04-06 13:27:46 +0000] [71] [INFO] Booting worker with pid: 71
[2026-04-06 13:27:46 +0000] [72] [INFO] Booting worker with pid: 72
[2026-04-06 13:27:46 +0000] [60] [INFO] Started server process [60]
[2026-04-06 13:27:46 +0000] [60] [INFO] Waiting for application startup.
[2026-04-06 13:27:46 +0000] [60] [INFO] Application startup complete.
[2026-04-06 13:27:46 +0000] [74] [INFO] Booting worker with pid: 74
[2026-04-06 13:27:46 +0000] [76] [INFO] Booting worker with pid: 76
[2026-04-06 13:27:46 +0000] [64] [INFO] Started server process [64]
[2026-04-06 13:27:46 +0000] [64] [INFO] Waiting for application startup.
[2026-04-06 13:27:46 +0000] [64] [INFO] Application startup complete.
[2026-04-06 13:27:46 +0000] [67] [INFO] Started server process [67]
[2026-04-06 13:27:46 +0000] [67] [INFO] Waiting for application startup.
[2026-04-06 13:27:46 +0000] [67] [INFO] Application startup complete.
[2026-04-06 13:27:46 +0000] [78] [INFO] Booting worker with pid: 78
[2026-04-06 13:27:46 +0000] [80] [INFO] Booting worker with pid: 80
[2026-04-06 13:27:46 +0000] [69] [INFO] Started server process [69]
[2026-04-06 13:27:46 +0000] [69] [INFO] Waiting for application startup.
[2026-04-06 13:27:46 +0000] [69] [INFO] Application startup complete.
[2026-04-06 13:27:46 +0000] [82] [INFO] Booting worker with pid: 82
[2026-04-06 13:27:46 +0000] [71] [INFO] Started server process [71]
[2026-04-06 13:27:46 +0000] [71] [INFO] Waiting for application startup.
[2026-04-06 13:27:46 +0000] [71] [INFO] Application startup complete.
[2026-04-06 13:27:46 +0000] [72] [INFO] Started server process [72]
[2026-04-06 13:27:46 +0000] [72] [INFO] Waiting for application startup.
[2026-04-06 13:27:46 +0000] [72] [INFO] Application startup complete.
[2026-04-06 13:27:46 +0000] [85] [INFO] Booting worker with pid: 85
[2026-04-06 13:27:46 +0000] [74] [INFO] Started server process [74]
[2026-04-06 13:27:46 +0000] [74] [INFO] Waiting for application startup.
[2026-04-06 13:27:46 +0000] [74] [INFO] Application startup complete.
[2026-04-06 13:27:47 +0000] [76] [INFO] Started server process [76]
[2026-04-06 13:27:47 +0000] [76] [INFO] Waiting for application startup.
[2026-04-06 13:27:47 +0000] [76] [INFO] Application startup complete.
[2026-04-06 13:27:47 +0000] [87] [INFO] Booting worker with pid: 87
[2026-04-06 13:27:47 +0000] [90] [INFO] Booting worker with pid: 90
[2026-04-06 13:27:47 +0000] [78] [INFO] Started server process [78]
[2026-04-06 13:27:47 +0000] [78] [INFO] Waiting for application startup.
[2026-04-06 13:27:47 +0000] [78] [INFO] Application startup complete.
[2026-04-06 13:27:47 +0000] [80] [INFO] Started server process [80]
[2026-04-06 13:27:47 +0000] [80] [INFO] Waiting for application startup.
[2026-04-06 13:27:47 +0000] [80] [INFO] Application startup complete.
[2026-04-06 13:27:47 +0000] [92] [INFO] Booting worker with pid: 92
[2026-04-06 13:27:47 +0000] [82] [INFO] Started server process [82]
[2026-04-06 13:27:47 +0000] [82] [INFO] Waiting for application startup.
[2026-04-06 13:27:47 +0000] [82] [INFO] Application startup complete.
[2026-04-06 13:27:47 +0000] [85] [INFO] Started server process [85]
[2026-04-06 13:27:47 +0000] [85] [INFO] Waiting for application startup.
[2026-04-06 13:27:47 +0000] [85] [INFO] Application startup complete.
[2026-04-06 13:27:47 +0000] [94] [INFO] Booting worker with pid: 94
[2026-04-06 13:27:47 +0000] [87] [INFO] Started server process [87]
[2026-04-06 13:27:47 +0000] [87] [INFO] Waiting for application startup.
[2026-04-06 13:27:47 +0000] [87] [INFO] Application startup complete.
[2026-04-06 13:27:47 +0000] [97] [INFO] Booting worker with pid: 97
[2026-04-06 13:27:47 +0000] [90] [INFO] Started server process [90]
[2026-04-06 13:27:47 +0000] [90] [INFO] Waiting for application startup.
[2026-04-06 13:27:47 +0000] [90] [INFO] Application startup complete.
[2026-04-06 13:27:47 +0000] [99] [INFO] Booting worker with pid: 99
[2026-04-06 13:27:47 +0000] [92] [INFO] Started server process [92]
[2026-04-06 13:27:47 +0000] [92] [INFO] Waiting for application startup.
[2026-04-06 13:27:47 +0000] [92] [INFO] Application startup complete.
[2026-04-06 13:27:47 +0000] [101] [INFO] Booting worker with pid: 101
[2026-04-06 13:27:47 +0000] [94] [INFO] Started server process [94]
[2026-04-06 13:27:47 +0000] [94] [INFO] Waiting for application startup.
[2026-04-06 13:27:47 +0000] [94] [INFO] Application startup complete.
[2026-04-06 13:27:47 +0000] [102] [INFO] Booting worker with pid: 102
[2026-04-06 13:27:47 +0000] [103] [INFO] Booting worker with pid: 103
[2026-04-06 13:27:47 +0000] [104] [INFO] Booting worker with pid: 104
[2026-04-06 13:27:47 +0000] [97] [INFO] Started server process [97]
[2026-04-06 13:27:47 +0000] [97] [INFO] Waiting for application startup.
[2026-04-06 13:27:47 +0000] [97] [INFO] Application startup complete.
[2026-04-06 13:27:47 +0000] [107] [INFO] Booting worker with pid: 107
[2026-04-06 13:27:47 +0000] [99] [INFO] Started server process [99]
[2026-04-06 13:27:47 +0000] [99] [INFO] Waiting for application startup.
[2026-04-06 13:27:47 +0000] [99] [INFO] Application startup complete.
[2026-04-06 13:27:47 +0000] [108] [INFO] Booting worker with pid: 108
[2026-04-06 13:27:47 +0000] [101] [INFO] Started server process [101]
[2026-04-06 13:27:47 +0000] [101] [INFO] Waiting for application startup.
[2026-04-06 13:27:47 +0000] [101] [INFO] Application startup complete.
[2026-04-06 13:27:47 +0000] [110] [INFO] Booting worker with pid: 110
[2026-04-06 13:27:47 +0000] [111] [INFO] Booting worker with pid: 111
[2026-04-06 13:27:47 +0000] [113] [INFO] Booting worker with pid: 113
[2026-04-06 13:27:47 +0000] [102] [INFO] Started server process [102]
[2026-04-06 13:27:47 +0000] [102] [INFO] Waiting for application startup.
[2026-04-06 13:27:47 +0000] [102] [INFO] Application startup complete.
[2026-04-06 13:27:47 +0000] [104] [INFO] Started server process [104]
[2026-04-06 13:27:47 +0000] [104] [INFO] Waiting for application startup.
[2026-04-06 13:27:47 +0000] [104] [INFO] Application startup complete.
[2026-04-06 13:27:47 +0000] [103] [INFO] Started server process [103]
[2026-04-06 13:27:47 +0000] [103] [INFO] Waiting for application startup.
[2026-04-06 13:27:47 +0000] [103] [INFO] Application startup complete.
[2026-04-06 13:27:48 +0000] [116] [INFO] Booting worker with pid: 116
[2026-04-06 13:27:48 +0000] [107] [INFO] Started server process [107]
[2026-04-06 13:27:48 +0000] [107] [INFO] Waiting for application startup.
[2026-04-06 13:27:48 +0000] [107] [INFO] Application startup complete.
[2026-04-06 13:27:48 +0000] [118] [INFO] Booting worker with pid: 118
[2026-04-06 13:27:48 +0000] [120] [INFO] Booting worker with pid: 120
[2026-04-06 13:27:48 +0000] [108] [INFO] Started server process [108]
[2026-04-06 13:27:48 +0000] [108] [INFO] Waiting for application startup.
[2026-04-06 13:27:48 +0000] [108] [INFO] Application startup complete.
[2026-04-06 13:27:48 +0000] [121] [INFO] Booting worker with pid: 121
[2026-04-06 13:27:48 +0000] [110] [INFO] Started server process [110]
[2026-04-06 13:27:48 +0000] [110] [INFO] Waiting for application startup.
[2026-04-06 13:27:48 +0000] [110] [INFO] Application startup complete.
[2026-04-06 13:27:48 +0000] [124] [INFO] Booting worker with pid: 124
[2026-04-06 13:27:48 +0000] [111] [INFO] Started server process [111]
[2026-04-06 13:27:48 +0000] [111] [INFO] Waiting for application startup.
[2026-04-06 13:27:48 +0000] [111] [INFO] Application startup complete.
[2026-04-06 13:27:48 +0000] [113] [INFO] Started server process [113]
[2026-04-06 13:27:48 +0000] [113] [INFO] Waiting for application startup.
[2026-04-06 13:27:48 +0000] [113] [INFO] Application startup complete.
[2026-04-06 13:27:48 +0000] [126] [INFO] Booting worker with pid: 126
[2026-04-06 13:27:48 +0000] [127] [INFO] Booting worker with pid: 127
[2026-04-06 13:27:48 +0000] [118] [INFO] Started server process [118]
[2026-04-06 13:27:48 +0000] [118] [INFO] Waiting for application startup.
[2026-04-06 13:27:48 +0000] [118] [INFO] Application startup complete.
[2026-04-06 13:27:48 +0000] [116] [INFO] Started server process [116]
[2026-04-06 13:27:48 +0000] [116] [INFO] Waiting for application startup.
[2026-04-06 13:27:48 +0000] [116] [INFO] Application startup complete.
[2026-04-06 13:27:48 +0000] [120] [INFO] Started server process [120]
[2026-04-06 13:27:48 +0000] [120] [INFO] Waiting for application startup.
[2026-04-06 13:27:48 +0000] [120] [INFO] Application startup complete.
[2026-04-06 13:27:48 +0000] [121] [INFO] Started server process [121]
[2026-04-06 13:27:48 +0000] [121] [INFO] Waiting for application startup.
[2026-04-06 13:27:48 +0000] [121] [INFO] Application startup complete.
[2026-04-06 13:27:48 +0000] [124] [INFO] Started server process [124]
[2026-04-06 13:27:48 +0000] [124] [INFO] Waiting for application startup.
[2026-04-06 13:27:48 +0000] [124] [INFO] Application startup complete.
[2026-04-06 13:27:48 +0000] [126] [INFO] Started server process [126]
[2026-04-06 13:27:48 +0000] [126] [INFO] Waiting for application startup.
[2026-04-06 13:27:48 +0000] [126] [INFO] Application startup complete.
[2026-04-06 13:27:48 +0000] [127] [INFO] Started server process [127]
[2026-04-06 13:27:48 +0000] [127] [INFO] Waiting for application startup.
[2026-04-06 13:27:48 +0000] [127] [INFO] Application startup complete.
