[2026-04-06 14:31:00 +0000] [1] [INFO] Starting gunicorn 23.0.0
[2026-04-06 14:31:00 +0000] [1] [INFO] Listening at: http://0.0.0.0:8080 (1)
[2026-04-06 14:31:00 +0000] [1] [INFO] Using worker: uvicorn.workers.UvicornWorker
[2026-04-06 14:31:00 +0000] [7] [INFO] Booting worker with pid: 7
[2026-04-06 14:31:00 +0000] [8] [INFO] Booting worker with pid: 8
[2026-04-06 14:31:00 +0000] [7] [INFO] Started server process [7]
[2026-04-06 14:31:00 +0000] [7] [INFO] Waiting for application startup.
[2026-04-06 14:31:00 +0000] [7] [INFO] Application startup complete.
[2026-04-06 14:31:00 +0000] [8] [INFO] Started server process [8]
[2026-04-06 14:31:00 +0000] [8] [INFO] Waiting for application startup.
[2026-04-06 14:31:00 +0000] [8] [INFO] Application startup complete.
[2026-04-06 14:31:00 +0000] [11] [INFO] Booting worker with pid: 11
[2026-04-06 14:31:00 +0000] [12] [INFO] Booting worker with pid: 12
[2026-04-06 14:31:00 +0000] [11] [INFO] Started server process [11]
[2026-04-06 14:31:00 +0000] [11] [INFO] Waiting for application startup.
[2026-04-06 14:31:00 +0000] [11] [INFO] Application startup complete.
[2026-04-06 14:31:00 +0000] [12] [INFO] Started server process [12]
[2026-04-06 14:31:00 +0000] [12] [INFO] Waiting for application startup.
[2026-04-06 14:31:00 +0000] [12] [INFO] Application startup complete.
[2026-04-06 14:31:00 +0000] [15] [INFO] Booting worker with pid: 15
[2026-04-06 14:31:00 +0000] [16] [INFO] Booting worker with pid: 16
[2026-04-06 14:31:00 +0000] [17] [INFO] Booting worker with pid: 17
[2026-04-06 14:31:00 +0000] [18] [INFO] Booting worker with pid: 18
[2026-04-06 14:31:00 +0000] [19] [INFO] Booting worker with pid: 19
[2026-04-06 14:31:00 +0000] [15] [INFO] Started server process [15]
[2026-04-06 14:31:00 +0000] [15] [INFO] Waiting for application startup.
[2026-04-06 14:31:00 +0000] [16] [INFO] Started server process [16]
[2026-04-06 14:31:00 +0000] [16] [INFO] Waiting for application startup.
[2026-04-06 14:31:00 +0000] [15] [INFO] Application startup complete.
[2026-04-06 14:31:00 +0000] [16] [INFO] Application startup complete.
[2026-04-06 14:31:00 +0000] [17] [INFO] Started server process [17]
[2026-04-06 14:31:00 +0000] [17] [INFO] Waiting for application startup.
[2026-04-06 14:31:00 +0000] [17] [INFO] Application startup complete.
[2026-04-06 14:31:00 +0000] [18] [INFO] Started server process [18]
[2026-04-06 14:31:00 +0000] [18] [INFO] Waiting for application startup.
[2026-04-06 14:31:00 +0000] [18] [INFO] Application startup complete.
[2026-04-06 14:31:00 +0000] [24] [INFO] Booting worker with pid: 24
[2026-04-06 14:31:00 +0000] [19] [INFO] Started server process [19]
[2026-04-06 14:31:00 +0000] [19] [INFO] Waiting for application startup.
[2026-04-06 14:31:00 +0000] [19] [INFO] Application startup complete.
[2026-04-06 14:31:00 +0000] [26] [INFO] Booting worker with pid: 26
[2026-04-06 14:31:00 +0000] [28] [INFO] Booting worker with pid: 28
[2026-04-06 14:31:00 +0000] [24] [INFO] Started server process [24]
[2026-04-06 14:31:00 +0000] [24] [INFO] Waiting for application startup.
[2026-04-06 14:31:00 +0000] [24] [INFO] Application startup complete.
[2026-04-06 14:31:00 +0000] [29] [INFO] Booting worker with pid: 29
[2026-04-06 14:31:00 +0000] [26] [INFO] Started server process [26]
[2026-04-06 14:31:00 +0000] [26] [INFO] Waiting for application startup.
[2026-04-06 14:31:00 +0000] [26] [INFO] Application startup complete.
[2026-04-06 14:31:00 +0000] [28] [INFO] Started server process [28]
[2026-04-06 14:31:00 +0000] [28] [INFO] Waiting for application startup.
[2026-04-06 14:31:00 +0000] [28] [INFO] Application startup complete.
[2026-04-06 14:31:00 +0000] [29] [INFO] Started server process [29]
[2026-04-06 14:31:00 +0000] [29] [INFO] Waiting for application startup.
[2026-04-06 14:31:00 +0000] [29] [INFO] Application startup complete.
[2026-04-06 14:31:00 +0000] [33] [INFO] Booting worker with pid: 33
[2026-04-06 14:31:00 +0000] [35] [INFO] Booting worker with pid: 35
[2026-04-06 14:31:00 +0000] [33] [INFO] Started server process [33]
[2026-04-06 14:31:00 +0000] [33] [INFO] Waiting for application startup.
[2026-04-06 14:31:00 +0000] [33] [INFO] Application startup complete.
[2026-04-06 14:31:00 +0000] [35] [INFO] Started server process [35]
[2026-04-06 14:31:00 +0000] [35] [INFO] Waiting for application startup.
[2026-04-06 14:31:00 +0000] [35] [INFO] Application startup complete.
[2026-04-06 14:31:00 +0000] [37] [INFO] Booting worker with pid: 37
[2026-04-06 14:31:00 +0000] [39] [INFO] Booting worker with pid: 39
[2026-04-06 14:31:00 +0000] [37] [INFO] Started server process [37]
[2026-04-06 14:31:00 +0000] [37] [INFO] Waiting for application startup.
[2026-04-06 14:31:00 +0000] [37] [INFO] Application startup complete.
[2026-04-06 14:31:01 +0000] [41] [INFO] Booting worker with pid: 41
[2026-04-06 14:31:01 +0000] [39] [INFO] Started server process [39]
[2026-04-06 14:31:01 +0000] [39] [INFO] Waiting for application startup.
[2026-04-06 14:31:01 +0000] [39] [INFO] Application startup complete.
[2026-04-06 14:31:01 +0000] [42] [INFO] Booting worker with pid: 42
[2026-04-06 14:31:01 +0000] [43] [INFO] Booting worker with pid: 43
[2026-04-06 14:31:01 +0000] [41] [INFO] Started server process [41]
[2026-04-06 14:31:01 +0000] [41] [INFO] Waiting for application startup.
[2026-04-06 14:31:01 +0000] [41] [INFO] Application startup complete.
[2026-04-06 14:31:01 +0000] [46] [INFO] Booting worker with pid: 46
[2026-04-06 14:31:01 +0000] [42] [INFO] Started server process [42]
[2026-04-06 14:31:01 +0000] [42] [INFO] Waiting for application startup.
[2026-04-06 14:31:01 +0000] [42] [INFO] Application startup complete.
[2026-04-06 14:31:01 +0000] [47] [INFO] Booting worker with pid: 47
[2026-04-06 14:31:01 +0000] [43] [INFO] Started server process [43]
[2026-04-06 14:31:01 +0000] [43] [INFO] Waiting for application startup.
[2026-04-06 14:31:01 +0000] [43] [INFO] Application startup complete.
[2026-04-06 14:31:01 +0000] [49] [INFO] Booting worker with pid: 49
[2026-04-06 14:31:01 +0000] [46] [INFO] Started server process [46]
[2026-04-06 14:31:01 +0000] [46] [INFO] Waiting for application startup.
[2026-04-06 14:31:01 +0000] [46] [INFO] Application startup complete.
[2026-04-06 14:31:01 +0000] [47] [INFO] Started server process [47]
[2026-04-06 14:31:01 +0000] [47] [INFO] Waiting for application startup.
[2026-04-06 14:31:01 +0000] [47] [INFO] Application startup complete.
[2026-04-06 14:31:01 +0000] [49] [INFO] Started server process [49]
[2026-04-06 14:31:01 +0000] [49] [INFO] Waiting for application startup.
[2026-04-06 14:31:01 +0000] [49] [INFO] Application startup complete.
[2026-04-06 14:31:01 +0000] [53] [INFO] Booting worker with pid: 53
[2026-04-06 14:31:01 +0000] [54] [INFO] Booting worker with pid: 54
[2026-04-06 14:31:01 +0000] [55] [INFO] Booting worker with pid: 55
[2026-04-06 14:31:01 +0000] [57] [INFO] Booting worker with pid: 57
[2026-04-06 14:31:01 +0000] [53] [INFO] Started server process [53]
[2026-04-06 14:31:01 +0000] [53] [INFO] Waiting for application startup.
[2026-04-06 14:31:01 +0000] [53] [INFO] Application startup complete.
[2026-04-06 14:31:01 +0000] [54] [INFO] Started server process [54]
[2026-04-06 14:31:01 +0000] [54] [INFO] Waiting for application startup.
[2026-04-06 14:31:01 +0000] [54] [INFO] Application startup complete.
[2026-04-06 14:31:01 +0000] [55] [INFO] Started server process [55]
[2026-04-06 14:31:01 +0000] [55] [INFO] Waiting for application startup.
[2026-04-06 14:31:01 +0000] [55] [INFO] Application startup complete.
[2026-04-06 14:31:01 +0000] [60] [INFO] Booting worker with pid: 60
[2026-04-06 14:31:01 +0000] [62] [INFO] Booting worker with pid: 62
[2026-04-06 14:31:01 +0000] [57] [INFO] Started server process [57]
[2026-04-06 14:31:01 +0000] [57] [INFO] Waiting for application startup.
[2026-04-06 14:31:01 +0000] [57] [INFO] Application startup complete.
[2026-04-06 14:31:01 +0000] [60] [INFO] Started server process [60]
[2026-04-06 14:31:01 +0000] [60] [INFO] Waiting for application startup.
[2026-04-06 14:31:01 +0000] [60] [INFO] Application startup complete.
[2026-04-06 14:31:01 +0000] [65] [INFO] Booting worker with pid: 65
[2026-04-06 14:31:01 +0000] [62] [INFO] Started server process [62]
[2026-04-06 14:31:01 +0000] [62] [INFO] Waiting for application startup.
[2026-04-06 14:31:01 +0000] [62] [INFO] Application startup complete.
[2026-04-06 14:31:01 +0000] [67] [INFO] Booting worker with pid: 67
[2026-04-06 14:31:01 +0000] [65] [INFO] Started server process [65]
[2026-04-06 14:31:01 +0000] [65] [INFO] Waiting for application startup.
[2026-04-06 14:31:01 +0000] [65] [INFO] Application startup complete.
[2026-04-06 14:31:01 +0000] [67] [INFO] Started server process [67]
[2026-04-06 14:31:01 +0000] [67] [INFO] Waiting for application startup.
[2026-04-06 14:31:01 +0000] [67] [INFO] Application startup complete.
[2026-04-06 14:31:01 +0000] [69] [INFO] Booting worker with pid: 69
[2026-04-06 14:31:01 +0000] [71] [INFO] Booting worker with pid: 71
[2026-04-06 14:31:01 +0000] [69] [INFO] Started server process [69]
[2026-04-06 14:31:01 +0000] [69] [INFO] Waiting for application startup.
[2026-04-06 14:31:01 +0000] [69] [INFO] Application startup complete.
[2026-04-06 14:31:01 +0000] [72] [INFO] Booting worker with pid: 72
[2026-04-06 14:31:01 +0000] [71] [INFO] Started server process [71]
[2026-04-06 14:31:01 +0000] [71] [INFO] Waiting for application startup.
[2026-04-06 14:31:01 +0000] [71] [INFO] Application startup complete.
[2026-04-06 14:31:01 +0000] [72] [INFO] Started server process [72]
[2026-04-06 14:31:01 +0000] [72] [INFO] Waiting for application startup.
[2026-04-06 14:31:01 +0000] [72] [INFO] Application startup complete.
[2026-04-06 14:31:01 +0000] [75] [INFO] Booting worker with pid: 75
[2026-04-06 14:31:01 +0000] [76] [INFO] Booting worker with pid: 76
[2026-04-06 14:31:01 +0000] [77] [INFO] Booting worker with pid: 77
[2026-04-06 14:31:01 +0000] [75] [INFO] Started server process [75]
[2026-04-06 14:31:01 +0000] [75] [INFO] Waiting for application startup.
[2026-04-06 14:31:01 +0000] [75] [INFO] Application startup complete.
[2026-04-06 14:31:01 +0000] [76] [INFO] Started server process [76]
[2026-04-06 14:31:01 +0000] [76] [INFO] Waiting for application startup.
[2026-04-06 14:31:01 +0000] [76] [INFO] Application startup complete.
[2026-04-06 14:31:01 +0000] [80] [INFO] Booting worker with pid: 80
[2026-04-06 14:31:01 +0000] [77] [INFO] Started server process [77]
[2026-04-06 14:31:01 +0000] [77] [INFO] Waiting for application startup.
[2026-04-06 14:31:01 +0000] [77] [INFO] Application startup complete.
[2026-04-06 14:31:02 +0000] [80] [INFO] Started server process [80]
[2026-04-06 14:31:02 +0000] [80] [INFO] Waiting for application startup.
[2026-04-06 14:31:02 +0000] [80] [INFO] Application startup complete.
[2026-04-06 14:31:02 +0000] [83] [INFO] Booting worker with pid: 83
[2026-04-06 14:31:02 +0000] [84] [INFO] Booting worker with pid: 84
[2026-04-06 14:31:02 +0000] [83] [INFO] Started server process [83]
[2026-04-06 14:31:02 +0000] [83] [INFO] Waiting for application startup.
[2026-04-06 14:31:02 +0000] [83] [INFO] Application startup complete.
[2026-04-06 14:31:02 +0000] [86] [INFO] Booting worker with pid: 86
[2026-04-06 14:31:02 +0000] [88] [INFO] Booting worker with pid: 88
[2026-04-06 14:31:02 +0000] [84] [INFO] Started server process [84]
[2026-04-06 14:31:02 +0000] [84] [INFO] Waiting for application startup.
[2026-04-06 14:31:02 +0000] [84] [INFO] Application startup complete.
[2026-04-06 14:31:02 +0000] [86] [INFO] Started server process [86]
[2026-04-06 14:31:02 +0000] [86] [INFO] Waiting for application startup.
[2026-04-06 14:31:02 +0000] [86] [INFO] Application startup complete.
[2026-04-06 14:31:02 +0000] [88] [INFO] Started server process [88]
[2026-04-06 14:31:02 +0000] [88] [INFO] Waiting for application startup.
[2026-04-06 14:31:02 +0000] [88] [INFO] Application startup complete.
[2026-04-06 14:31:02 +0000] [91] [INFO] Booting worker with pid: 91
[2026-04-06 14:31:02 +0000] [92] [INFO] Booting worker with pid: 92
[2026-04-06 14:31:02 +0000] [91] [INFO] Started server process [91]
[2026-04-06 14:31:02 +0000] [91] [INFO] Waiting for application startup.
[2026-04-06 14:31:02 +0000] [91] [INFO] Application startup complete.
[2026-04-06 14:31:02 +0000] [92] [INFO] Started server process [92]
[2026-04-06 14:31:02 +0000] [92] [INFO] Waiting for application startup.
[2026-04-06 14:31:02 +0000] [92] [INFO] Application startup complete.
[2026-04-06 14:31:02 +0000] [95] [INFO] Booting worker with pid: 95
[2026-04-06 14:31:02 +0000] [96] [INFO] Booting worker with pid: 96
[2026-04-06 14:31:02 +0000] [95] [INFO] Started server process [95]
[2026-04-06 14:31:02 +0000] [95] [INFO] Waiting for application startup.
[2026-04-06 14:31:02 +0000] [95] [INFO] Application startup complete.
[2026-04-06 14:31:02 +0000] [96] [INFO] Started server process [96]
[2026-04-06 14:31:02 +0000] [96] [INFO] Waiting for application startup.
[2026-04-06 14:31:02 +0000] [96] [INFO] Application startup complete.
[2026-04-06 14:31:02 +0000] [99] [INFO] Booting worker with pid: 99
[2026-04-06 14:31:02 +0000] [99] [INFO] Started server process [99]
[2026-04-06 14:31:02 +0000] [99] [INFO] Waiting for application startup.
[2026-04-06 14:31:02 +0000] [99] [INFO] Application startup complete.
[2026-04-06 14:31:02 +0000] [101] [INFO] Booting worker with pid: 101
[2026-04-06 14:31:02 +0000] [101] [INFO] Started server process [101]
[2026-04-06 14:31:02 +0000] [101] [INFO] Waiting for application startup.
[2026-04-06 14:31:02 +0000] [101] [INFO] Application startup complete.
[2026-04-06 14:31:02 +0000] [103] [INFO] Booting worker with pid: 103
[2026-04-06 14:31:02 +0000] [104] [INFO] Booting worker with pid: 104
[2026-04-06 14:31:02 +0000] [103] [INFO] Started server process [103]
[2026-04-06 14:31:02 +0000] [103] [INFO] Waiting for application startup.
[2026-04-06 14:31:02 +0000] [103] [INFO] Application startup complete.
[2026-04-06 14:31:02 +0000] [107] [INFO] Booting worker with pid: 107
[2026-04-06 14:31:02 +0000] [104] [INFO] Started server process [104]
[2026-04-06 14:31:02 +0000] [104] [INFO] Waiting for application startup.
[2026-04-06 14:31:02 +0000] [104] [INFO] Application startup complete.
[2026-04-06 14:31:02 +0000] [108] [INFO] Booting worker with pid: 108
[2026-04-06 14:31:02 +0000] [109] [INFO] Booting worker with pid: 109
[2026-04-06 14:31:02 +0000] [107] [INFO] Started server process [107]
[2026-04-06 14:31:02 +0000] [107] [INFO] Waiting for application startup.
[2026-04-06 14:31:02 +0000] [107] [INFO] Application startup complete.
[2026-04-06 14:31:02 +0000] [108] [INFO] Started server process [108]
[2026-04-06 14:31:02 +0000] [108] [INFO] Waiting for application startup.
[2026-04-06 14:31:02 +0000] [108] [INFO] Application startup complete.
[2026-04-06 14:31:02 +0000] [109] [INFO] Started server process [109]
[2026-04-06 14:31:02 +0000] [109] [INFO] Waiting for application startup.
[2026-04-06 14:31:02 +0000] [109] [INFO] Application startup complete.
[2026-04-06 14:31:02 +0000] [113] [INFO] Booting worker with pid: 113
[2026-04-06 14:31:02 +0000] [114] [INFO] Booting worker with pid: 114
[2026-04-06 14:31:02 +0000] [113] [INFO] Started server process [113]
[2026-04-06 14:31:02 +0000] [113] [INFO] Waiting for application startup.
[2026-04-06 14:31:02 +0000] [113] [INFO] Application startup complete.
[2026-04-06 14:31:02 +0000] [114] [INFO] Started server process [114]
[2026-04-06 14:31:02 +0000] [114] [INFO] Waiting for application startup.
[2026-04-06 14:31:02 +0000] [114] [INFO] Application startup complete.
[2026-04-06 14:31:02 +0000] [117] [INFO] Booting worker with pid: 117
[2026-04-06 14:31:03 +0000] [117] [INFO] Started server process [117]
[2026-04-06 14:31:03 +0000] [117] [INFO] Waiting for application startup.
[2026-04-06 14:31:03 +0000] [117] [INFO] Application startup complete.
[2026-04-06 14:31:03 +0000] [119] [INFO] Booting worker with pid: 119
[2026-04-06 14:31:03 +0000] [120] [INFO] Booting worker with pid: 120
[2026-04-06 14:31:03 +0000] [121] [INFO] Booting worker with pid: 121
[2026-04-06 14:31:03 +0000] [123] [INFO] Booting worker with pid: 123
[2026-04-06 14:31:03 +0000] [119] [INFO] Started server process [119]
[2026-04-06 14:31:03 +0000] [119] [INFO] Waiting for application startup.
[2026-04-06 14:31:03 +0000] [119] [INFO] Application startup complete.
[2026-04-06 14:31:03 +0000] [120] [INFO] Started server process [120]
[2026-04-06 14:31:03 +0000] [120] [INFO] Waiting for application startup.
[2026-04-06 14:31:03 +0000] [120] [INFO] Application startup complete.
[2026-04-06 14:31:03 +0000] [121] [INFO] Started server process [121]
[2026-04-06 14:31:03 +0000] [121] [INFO] Waiting for application startup.
[2026-04-06 14:31:03 +0000] [121] [INFO] Application startup complete.
[2026-04-06 14:31:03 +0000] [123] [INFO] Started server process [123]
[2026-04-06 14:31:03 +0000] [123] [INFO] Waiting for application startup.
[2026-04-06 14:31:03 +0000] [123] [INFO] Application startup complete.
[2026-04-06 14:31:03 +0000] [127] [INFO] Booting worker with pid: 127
[2026-04-06 14:31:03 +0000] [128] [INFO] Booting worker with pid: 128
[2026-04-06 14:31:03 +0000] [127] [INFO] Started server process [127]
[2026-04-06 14:31:03 +0000] [127] [INFO] Waiting for application startup.
[2026-04-06 14:31:03 +0000] [127] [INFO] Application startup complete.
[2026-04-06 14:31:03 +0000] [145] [INFO] Booting worker with pid: 145
[2026-04-06 14:31:03 +0000] [128] [INFO] Started server process [128]
[2026-04-06 14:31:03 +0000] [128] [INFO] Waiting for application startup.
[2026-04-06 14:31:03 +0000] [128] [INFO] Application startup complete.
[2026-04-06 14:31:03 +0000] [276] [INFO] Booting worker with pid: 276
[2026-04-06 14:31:03 +0000] [145] [INFO] Started server process [145]
[2026-04-06 14:31:03 +0000] [145] [INFO] Waiting for application startup.
[2026-04-06 14:31:03 +0000] [145] [INFO] Application startup complete.
[2026-04-06 14:31:03 +0000] [276] [INFO] Started server process [276]
[2026-04-06 14:31:03 +0000] [276] [INFO] Waiting for application startup.
[2026-04-06 14:31:03 +0000] [276] [INFO] Application startup complete.
