[serve-worker-0 ] deno serve: Listening on http://0.0.0.0:8080/ with 64 threads
[serve-worker-31] Http: error reading a body from connection
    at async Object.pull (ext:deno_web/06_streams.js:963:27) {
  name: "Http"
}
[serve-worker-31] Http: error reading a body from connection
    at async Object.pull (ext:deno_web/06_streams.js:963:27) {
  name: "Http"
}
[serve-worker-31] Http: error reading a body from connection
    at async Object.pull (ext:deno_web/06_streams.js:963:27) {
  name: "Http"
}
[serve-worker-53] Http: error reading a body from connection
    at async Object.pull (ext:deno_web/06_streams.js:963:27) {
  name: "Http"
}
[serve-worker-53] Http: error reading a body from connection
    at async Object.pull (ext:deno_web/06_streams.js:963:27) {
  name: "Http"
}
[serve-worker-53] Http: error reading a body from connection
    at async Object.pull (ext:deno_web/06_streams.js:963:27) {
  name: "Http"
}
[serve-worker-53] Http: error reading a body from connection
    at async Object.pull (ext:deno_web/06_streams.js:963:27) {
  name: "Http"
}
[serve-worker-53] Http: error reading a body from connection
    at async Object.pull (ext:deno_web/06_streams.js:963:27) {
  name: "Http"
}
[serve-worker-53] Http: error reading a body from connection
    at async Object.pull (ext:deno_web/06_streams.js:963:27) {
  name: "Http"
}
[serve-worker-53] Http: error reading a body from connection
    at async Object.pull (ext:deno_web/06_streams.js:963:27) {
  name: "Http"
}
[serve-worker-53] Http: error reading a body from connection
    at async Object.pull (ext:deno_web/06_streams.js:963:27) {
  name: "Http"
}
[serve-worker-53] Http: error reading a body from connection
    at async Object.pull (ext:deno_web/06_streams.js:963:27) {
  name: "Http"
}
[serve-worker-53] Http: error reading a body from connection
    at async Object.pull (ext:deno_web/06_streams.js:963:27) {
  name: "Http"
}
[serve-worker-53] Http: error reading a body from connection
    at async Object.pull (ext:deno_web/06_streams.js:963:27) {
  name: "Http"
}
[serve-worker-53] Http: error reading a body from connection
    at async Object.pull (ext:deno_web/06_streams.js:963:27) {
  name: "Http"
}
[serve-worker-53] Http: error reading a body from connection
    at async Object.pull (ext:deno_web/06_streams.js:963:27) {
  name: "Http"
}
[serve-worker-31] Http: error reading a body from connection
    at async Object.pull (ext:deno_web/06_streams.js:963:27) {
  name: "Http"
}
[serve-worker-31] Http: error reading a body from connection
    at async Object.pull (ext:deno_web/06_streams.js:963:27) {
  name: "Http"
}
[serve-worker-31] Http: error reading a body from connection
    at async Object.pull (ext:deno_web/06_streams.js:963:27) {
  name: "Http"
}
[serve-worker-31] Http: error reading a body from connection
    at async Object.pull (ext:deno_web/06_streams.js:963:27) {
  name: "Http"
}
[serve-worker-31] Http: error reading a body from connection
    at async Object.pull (ext:deno_web/06_streams.js:963:27) {
  name: "Http"
}
[serve-worker-31] Http: error reading a body from connection
    at async Object.pull (ext:deno_web/06_streams.js:963:27) {
  name: "Http"
}
[serve-worker-31] Http: error reading a body from connection
    at async Object.pull (ext:deno_web/06_streams.js:963:27) {
  name: "Http"
}
[serve-worker-31] Http: error reading a body from connection
    at async Object.pull (ext:deno_web/06_streams.js:963:27) {
  name: "Http"
}
[serve-worker-31] Http: error reading a body from connection
    at async Object.pull (ext:deno_web/06_streams.js:963:27) {
  name: "Http"
}
[serve-worker-31] Http: error reading a body from connection
    at async Object.pull (ext:deno_web/06_streams.js:963:27) {
  name: "Http"
}
[serve-worker-30] Http: error reading a body from connection
    at async Object.pull (ext:deno_web/06_streams.js:963:27) {
  name: "Http"
}
[serve-worker-2 ] Http: error reading a body from connection
    at async Object.pull (ext:deno_web/06_streams.js:963:27) {
  name: "Http"
}
[serve-worker-48] Http: error reading a body from connection
    at async Object.pull (ext:deno_web/06_streams.js:963:27) {
  name: "Http"
}
[serve-worker-21] Http: error reading a body from connection
    at async Object.pull (ext:deno_web/06_streams.js:963:27) {
  name: "Http"
}
[serve-worker-35] Http: error reading a body from connection
    at async Object.pull (ext:deno_web/06_streams.js:963:27) {
  name: "Http"
}
[serve-worker-45] Http: error reading a body from connection
    at async Object.pull (ext:deno_web/06_streams.js:963:27) {
  name: "Http"
}
[serve-worker-43] Http: error reading a body from connection
    at async Object.pull (ext:deno_web/06_streams.js:963:27) {
  name: "Http"
}
[serve-worker-25] Http: error reading a body from connection
    at async Object.pull (ext:deno_web/06_streams.js:963:27) {
  name: "Http"
}
[serve-worker-6 ] Http: error reading a body from connection
    at async Object.pull (ext:deno_web/06_streams.js:963:27) {
  name: "Http"
}
[serve-worker-38] Http: error reading a body from connection
    at async Object.pull (ext:deno_web/06_streams.js:963:27) {
  name: "Http"
}
[serve-worker-47] Http: error reading a body from connection
    at async Object.pull (ext:deno_web/06_streams.js:963:27) {
  name: "Http"
}
[serve-worker-37] Http: error reading a body from connection
    at async Object.pull (ext:deno_web/06_streams.js:963:27) {
  name: "Http"
}
[serve-worker-50] Http: error reading a body from connection
    at async Object.pull (ext:deno_web/06_streams.js:963:27) {
  name: "Http"
}
[serve-worker-18] Http: error reading a body from connection
    at async Object.pull (ext:deno_web/06_streams.js:963:27) {
  name: "Http"
}
[serve-worker-55] Http: error reading a body from connection
    at async Object.pull (ext:deno_web/06_streams.js:963:27) {
  name: "Http"
}
[serve-worker-4 ] Http: error reading a body from connection
    at async Object.pull (ext:deno_web/06_streams.js:963:27) {
  name: "Http"
}
[serve-worker-22] Http: error reading a body from connection
    at async Object.pull (ext:deno_web/06_streams.js:963:27) {
  name: "Http"
}
[serve-worker-63] Http: error reading a body from connection
    at async Object.pull (ext:deno_web/06_streams.js:963:27) {
  name: "Http"
}
[serve-worker-46] Http: error reading a body from connection
    at async Object.pull (ext:deno_web/06_streams.js:963:27) {
  name: "Http"
}
[serve-worker-9 ] Http: error reading a body from connection
    at async Object.pull (ext:deno_web/06_streams.js:963:27) {
  name: "Http"
}
[serve-worker-3 ] Http: error reading a body from connection
    at async Object.pull (ext:deno_web/06_streams.js:963:27) {
  name: "Http"
}
[serve-worker-63] Http: error reading a body from connection
    at async Object.pull (ext:deno_web/06_streams.js:963:27) {
  name: "Http"
}
[serve-worker-30] Http: error reading a body from connection
    at async Object.pull (ext:deno_web/06_streams.js:963:27) {
  name: "Http"
}
[serve-worker-46] Http: error reading a body from connection
    at async Object.pull (ext:deno_web/06_streams.js:963:27) {
  name: "Http"
}
[serve-worker-11] Http: error reading a body from connection
    at async Object.pull (ext:deno_web/06_streams.js:963:27) {
  name: "Http"
}
[serve-worker-41] Http: error reading a body from connection
    at async Object.pull (ext:deno_web/06_streams.js:963:27) {
  name: "Http"
}
[serve-worker-43] Http: error reading a body from connection
    at async Object.pull (ext:deno_web/06_streams.js:963:27) {
  name: "Http"
}
[serve-worker-45] Http: error reading a body from connection
    at async Object.pull (ext:deno_web/06_streams.js:963:27) {
  name: "Http"
}
[serve-worker-47] Http: error reading a body from connection
    at async Object.pull (ext:deno_web/06_streams.js:963:27) {
  name: "Http"
}
[serve-worker-37] Http: error reading a body from connection
    at async Object.pull (ext:deno_web/06_streams.js:963:27) {
  name: "Http"
}
[serve-worker-0 ] Http: error reading a body from connection
    at async Object.pull (ext:deno_web/06_streams.js:963:27) {
  name: "Http"
}
[serve-worker-27] Http: error reading a body from connection
    at async Object.pull (ext:deno_web/06_streams.js:963:27) {
  name: "Http"
}
[serve-worker-59] Http: error reading a body from connection
    at async Object.pull (ext:deno_web/06_streams.js:963:27) {
  name: "Http"
}
[serve-worker-44] Http: error reading a body from connection
    at async Object.pull (ext:deno_web/06_streams.js:963:27) {
  name: "Http"
}
[serve-worker-35] Http: error reading a body from connection
    at async Object.pull (ext:deno_web/06_streams.js:963:27) {
  name: "Http"
}
[serve-worker-20] Http: error reading a body from connection
    at async Object.pull (ext:deno_web/06_streams.js:963:27) {
  name: "Http"
}
[serve-worker-39] Http: error reading a body from connection
    at async Object.pull (ext:deno_web/06_streams.js:963:27) {
  name: "Http"
}
[serve-worker-9 ] Http: error reading a body from connection
    at async Object.pull (ext:deno_web/06_streams.js:963:27) {
  name: "Http"
}
[serve-worker-38] Http: error reading a body from connection
    at async Object.pull (ext:deno_web/06_streams.js:963:27) {
  name: "Http"
}
[serve-worker-38] Http: error reading a body from connection
    at async Object.pull (ext:deno_web/06_streams.js:963:27) {
  name: "Http"
}
[serve-worker-37] Http: error reading a body from connection
    at async Object.pull (ext:deno_web/06_streams.js:963:27) {
  name: "Http"
}
[serve-worker-38] Http: error reading a body from connection
    at async Object.pull (ext:deno_web/06_streams.js:963:27) {
  name: "Http"
}
[serve-worker-39] Http: error reading a body from connection
    at async Object.pull (ext:deno_web/06_streams.js:963:27) {
  name: "Http"
}
