[2026-04-06 13:28:15 +0000] [1] [INFO] Starting gunicorn 23.0.0
[2026-04-06 13:28:15 +0000] [1] [INFO] Listening at: http://0.0.0.0:8080 (1)
[2026-04-06 13:28:15 +0000] [1] [INFO] Using worker: uvicorn.workers.UvicornWorker
[2026-04-06 13:28:15 +0000] [7] [INFO] Booting worker with pid: 7
[2026-04-06 13:28:15 +0000] [8] [INFO] Booting worker with pid: 8
[2026-04-06 13:28:15 +0000] [9] [INFO] Booting worker with pid: 9
[2026-04-06 13:28:15 +0000] [10] [INFO] Booting worker with pid: 10
[2026-04-06 13:28:15 +0000] [11] [INFO] Booting worker with pid: 11
[2026-04-06 13:28:15 +0000] [12] [INFO] Booting worker with pid: 12
[2026-04-06 13:28:15 +0000] [13] [INFO] Booting worker with pid: 13
[2026-04-06 13:28:15 +0000] [14] [INFO] Booting worker with pid: 14
[2026-04-06 13:28:15 +0000] [8] [INFO] Started server process [8]
[2026-04-06 13:28:15 +0000] [8] [INFO] Waiting for application startup.
[2026-04-06 13:28:15 +0000] [8] [INFO] Application startup complete.
[2026-04-06 13:28:15 +0000] [7] [INFO] Started server process [7]
[2026-04-06 13:28:15 +0000] [7] [INFO] Waiting for application startup.
[2026-04-06 13:28:15 +0000] [7] [INFO] Application startup complete.
[2026-04-06 13:28:15 +0000] [18] [INFO] Booting worker with pid: 18
[2026-04-06 13:28:15 +0000] [9] [INFO] Started server process [9]
[2026-04-06 13:28:15 +0000] [9] [INFO] Waiting for application startup.
[2026-04-06 13:28:15 +0000] [9] [INFO] Application startup complete.
[2026-04-06 13:28:15 +0000] [10] [INFO] Started server process [10]
[2026-04-06 13:28:15 +0000] [10] [INFO] Waiting for application startup.
[2026-04-06 13:28:15 +0000] [10] [INFO] Application startup complete.
[2026-04-06 13:28:15 +0000] [20] [INFO] Booting worker with pid: 20
[2026-04-06 13:28:15 +0000] [21] [INFO] Booting worker with pid: 21
[2026-04-06 13:28:15 +0000] [11] [INFO] Started server process [11]
[2026-04-06 13:28:15 +0000] [11] [INFO] Waiting for application startup.
[2026-04-06 13:28:15 +0000] [11] [INFO] Application startup complete.
[2026-04-06 13:28:15 +0000] [24] [INFO] Booting worker with pid: 24
[2026-04-06 13:28:15 +0000] [12] [INFO] Started server process [12]
[2026-04-06 13:28:15 +0000] [12] [INFO] Waiting for application startup.
[2026-04-06 13:28:15 +0000] [12] [INFO] Application startup complete.
[2026-04-06 13:28:16 +0000] [13] [INFO] Started server process [13]
[2026-04-06 13:28:16 +0000] [13] [INFO] Waiting for application startup.
[2026-04-06 13:28:16 +0000] [13] [INFO] Application startup complete.
[2026-04-06 13:28:16 +0000] [14] [INFO] Started server process [14]
[2026-04-06 13:28:16 +0000] [14] [INFO] Waiting for application startup.
[2026-04-06 13:28:16 +0000] [14] [INFO] Application startup complete.
[2026-04-06 13:28:16 +0000] [27] [INFO] Booting worker with pid: 27
[2026-04-06 13:28:16 +0000] [29] [INFO] Booting worker with pid: 29
[2026-04-06 13:28:16 +0000] [18] [INFO] Started server process [18]
[2026-04-06 13:28:16 +0000] [18] [INFO] Waiting for application startup.
[2026-04-06 13:28:16 +0000] [18] [INFO] Application startup complete.
[2026-04-06 13:28:16 +0000] [20] [INFO] Started server process [20]
[2026-04-06 13:28:16 +0000] [20] [INFO] Waiting for application startup.
[2026-04-06 13:28:16 +0000] [20] [INFO] Application startup complete.
[2026-04-06 13:28:16 +0000] [32] [INFO] Booting worker with pid: 32
[2026-04-06 13:28:16 +0000] [21] [INFO] Started server process [21]
[2026-04-06 13:28:16 +0000] [21] [INFO] Waiting for application startup.
[2026-04-06 13:28:16 +0000] [21] [INFO] Application startup complete.
[2026-04-06 13:28:16 +0000] [24] [INFO] Started server process [24]
[2026-04-06 13:28:16 +0000] [24] [INFO] Waiting for application startup.
[2026-04-06 13:28:16 +0000] [24] [INFO] Application startup complete.
[2026-04-06 13:28:16 +0000] [34] [INFO] Booting worker with pid: 34
[2026-04-06 13:28:16 +0000] [35] [INFO] Booting worker with pid: 35
[2026-04-06 13:28:16 +0000] [27] [INFO] Started server process [27]
[2026-04-06 13:28:16 +0000] [27] [INFO] Waiting for application startup.
[2026-04-06 13:28:16 +0000] [27] [INFO] Application startup complete.
[2026-04-06 13:28:16 +0000] [37] [INFO] Booting worker with pid: 37
[2026-04-06 13:28:16 +0000] [39] [INFO] Booting worker with pid: 39
[2026-04-06 13:28:16 +0000] [29] [INFO] Started server process [29]
[2026-04-06 13:28:16 +0000] [29] [INFO] Waiting for application startup.
[2026-04-06 13:28:16 +0000] [29] [INFO] Application startup complete.
[2026-04-06 13:28:16 +0000] [40] [INFO] Booting worker with pid: 40
[2026-04-06 13:28:16 +0000] [32] [INFO] Started server process [32]
[2026-04-06 13:28:16 +0000] [32] [INFO] Waiting for application startup.
[2026-04-06 13:28:16 +0000] [32] [INFO] Application startup complete.
[2026-04-06 13:28:16 +0000] [42] [INFO] Booting worker with pid: 42
[2026-04-06 13:28:16 +0000] [44] [INFO] Booting worker with pid: 44
[2026-04-06 13:28:16 +0000] [34] [INFO] Started server process [34]
[2026-04-06 13:28:16 +0000] [34] [INFO] Waiting for application startup.
[2026-04-06 13:28:16 +0000] [34] [INFO] Application startup complete.
[2026-04-06 13:28:16 +0000] [35] [INFO] Started server process [35]
[2026-04-06 13:28:16 +0000] [35] [INFO] Waiting for application startup.
[2026-04-06 13:28:16 +0000] [35] [INFO] Application startup complete.
[2026-04-06 13:28:16 +0000] [46] [INFO] Booting worker with pid: 46
[2026-04-06 13:28:16 +0000] [37] [INFO] Started server process [37]
[2026-04-06 13:28:16 +0000] [37] [INFO] Waiting for application startup.
[2026-04-06 13:28:16 +0000] [37] [INFO] Application startup complete.
[2026-04-06 13:28:16 +0000] [39] [INFO] Started server process [39]
[2026-04-06 13:28:16 +0000] [39] [INFO] Waiting for application startup.
[2026-04-06 13:28:16 +0000] [39] [INFO] Application startup complete.
[2026-04-06 13:28:16 +0000] [49] [INFO] Booting worker with pid: 49
[2026-04-06 13:28:16 +0000] [40] [INFO] Started server process [40]
[2026-04-06 13:28:16 +0000] [40] [INFO] Waiting for application startup.
[2026-04-06 13:28:16 +0000] [40] [INFO] Application startup complete.
[2026-04-06 13:28:16 +0000] [52] [INFO] Booting worker with pid: 52
[2026-04-06 13:28:16 +0000] [42] [INFO] Started server process [42]
[2026-04-06 13:28:16 +0000] [42] [INFO] Waiting for application startup.
[2026-04-06 13:28:16 +0000] [42] [INFO] Application startup complete.
[2026-04-06 13:28:16 +0000] [53] [INFO] Booting worker with pid: 53
[2026-04-06 13:28:16 +0000] [55] [INFO] Booting worker with pid: 55
[2026-04-06 13:28:16 +0000] [44] [INFO] Started server process [44]
[2026-04-06 13:28:16 +0000] [44] [INFO] Waiting for application startup.
[2026-04-06 13:28:16 +0000] [44] [INFO] Application startup complete.
[2026-04-06 13:28:16 +0000] [56] [INFO] Booting worker with pid: 56
[2026-04-06 13:28:16 +0000] [58] [INFO] Booting worker with pid: 58
[2026-04-06 13:28:16 +0000] [46] [INFO] Started server process [46]
[2026-04-06 13:28:16 +0000] [46] [INFO] Waiting for application startup.
[2026-04-06 13:28:16 +0000] [46] [INFO] Application startup complete.
[2026-04-06 13:28:16 +0000] [59] [INFO] Booting worker with pid: 59
[2026-04-06 13:28:16 +0000] [49] [INFO] Started server process [49]
[2026-04-06 13:28:16 +0000] [49] [INFO] Waiting for application startup.
[2026-04-06 13:28:16 +0000] [49] [INFO] Application startup complete.
[2026-04-06 13:28:16 +0000] [61] [INFO] Booting worker with pid: 61
[2026-04-06 13:28:16 +0000] [62] [INFO] Booting worker with pid: 62
[2026-04-06 13:28:16 +0000] [63] [INFO] Booting worker with pid: 63
[2026-04-06 13:28:17 +0000] [52] [INFO] Started server process [52]
[2026-04-06 13:28:17 +0000] [52] [INFO] Waiting for application startup.
[2026-04-06 13:28:17 +0000] [52] [INFO] Application startup complete.
[2026-04-06 13:28:17 +0000] [53] [INFO] Started server process [53]
[2026-04-06 13:28:17 +0000] [53] [INFO] Waiting for application startup.
[2026-04-06 13:28:17 +0000] [53] [INFO] Application startup complete.
[2026-04-06 13:28:17 +0000] [66] [INFO] Booting worker with pid: 66
[2026-04-06 13:28:17 +0000] [67] [INFO] Booting worker with pid: 67
[2026-04-06 13:28:17 +0000] [55] [INFO] Started server process [55]
[2026-04-06 13:28:17 +0000] [55] [INFO] Waiting for application startup.
[2026-04-06 13:28:17 +0000] [55] [INFO] Application startup complete.
[2026-04-06 13:28:17 +0000] [56] [INFO] Started server process [56]
[2026-04-06 13:28:17 +0000] [56] [INFO] Waiting for application startup.
[2026-04-06 13:28:17 +0000] [56] [INFO] Application startup complete.
[2026-04-06 13:28:17 +0000] [70] [INFO] Booting worker with pid: 70
[2026-04-06 13:28:17 +0000] [58] [INFO] Started server process [58]
[2026-04-06 13:28:17 +0000] [58] [INFO] Waiting for application startup.
[2026-04-06 13:28:17 +0000] [58] [INFO] Application startup complete.
[2026-04-06 13:28:17 +0000] [73] [INFO] Booting worker with pid: 73
[2026-04-06 13:28:17 +0000] [59] [INFO] Started server process [59]
[2026-04-06 13:28:17 +0000] [59] [INFO] Waiting for application startup.
[2026-04-06 13:28:17 +0000] [59] [INFO] Application startup complete.
[2026-04-06 13:28:17 +0000] [75] [INFO] Booting worker with pid: 75
[2026-04-06 13:28:17 +0000] [61] [INFO] Started server process [61]
[2026-04-06 13:28:17 +0000] [61] [INFO] Waiting for application startup.
[2026-04-06 13:28:17 +0000] [61] [INFO] Application startup complete.
[2026-04-06 13:28:17 +0000] [62] [INFO] Started server process [62]
[2026-04-06 13:28:17 +0000] [62] [INFO] Waiting for application startup.
[2026-04-06 13:28:17 +0000] [62] [INFO] Application startup complete.
[2026-04-06 13:28:17 +0000] [63] [INFO] Started server process [63]
[2026-04-06 13:28:17 +0000] [63] [INFO] Waiting for application startup.
[2026-04-06 13:28:17 +0000] [63] [INFO] Application startup complete.
[2026-04-06 13:28:17 +0000] [78] [INFO] Booting worker with pid: 78
[2026-04-06 13:28:17 +0000] [79] [INFO] Booting worker with pid: 79
[2026-04-06 13:28:17 +0000] [80] [INFO] Booting worker with pid: 80
[2026-04-06 13:28:17 +0000] [83] [INFO] Booting worker with pid: 83
[2026-04-06 13:28:17 +0000] [66] [INFO] Started server process [66]
[2026-04-06 13:28:17 +0000] [67] [INFO] Started server process [67]
[2026-04-06 13:28:17 +0000] [66] [INFO] Waiting for application startup.
[2026-04-06 13:28:17 +0000] [67] [INFO] Waiting for application startup.
[2026-04-06 13:28:17 +0000] [67] [INFO] Application startup complete.
[2026-04-06 13:28:17 +0000] [66] [INFO] Application startup complete.
[2026-04-06 13:28:17 +0000] [70] [INFO] Started server process [70]
[2026-04-06 13:28:17 +0000] [70] [INFO] Waiting for application startup.
[2026-04-06 13:28:17 +0000] [70] [INFO] Application startup complete.
[2026-04-06 13:28:17 +0000] [85] [INFO] Booting worker with pid: 85
[2026-04-06 13:28:17 +0000] [73] [INFO] Started server process [73]
[2026-04-06 13:28:17 +0000] [73] [INFO] Waiting for application startup.
[2026-04-06 13:28:17 +0000] [73] [INFO] Application startup complete.
[2026-04-06 13:28:17 +0000] [87] [INFO] Booting worker with pid: 87
[2026-04-06 13:28:17 +0000] [89] [INFO] Booting worker with pid: 89
[2026-04-06 13:28:17 +0000] [75] [INFO] Started server process [75]
[2026-04-06 13:28:17 +0000] [75] [INFO] Waiting for application startup.
[2026-04-06 13:28:17 +0000] [75] [INFO] Application startup complete.
[2026-04-06 13:28:17 +0000] [79] [INFO] Started server process [79]
[2026-04-06 13:28:17 +0000] [78] [INFO] Started server process [78]
[2026-04-06 13:28:17 +0000] [79] [INFO] Waiting for application startup.
[2026-04-06 13:28:17 +0000] [78] [INFO] Waiting for application startup.
[2026-04-06 13:28:17 +0000] [78] [INFO] Application startup complete.
[2026-04-06 13:28:17 +0000] [79] [INFO] Application startup complete.
[2026-04-06 13:28:17 +0000] [92] [INFO] Booting worker with pid: 92
[2026-04-06 13:28:17 +0000] [94] [INFO] Booting worker with pid: 94
[2026-04-06 13:28:17 +0000] [80] [INFO] Started server process [80]
[2026-04-06 13:28:17 +0000] [80] [INFO] Waiting for application startup.
[2026-04-06 13:28:17 +0000] [80] [INFO] Application startup complete.
[2026-04-06 13:28:17 +0000] [83] [INFO] Started server process [83]
[2026-04-06 13:28:17 +0000] [83] [INFO] Waiting for application startup.
[2026-04-06 13:28:17 +0000] [83] [INFO] Application startup complete.
[2026-04-06 13:28:17 +0000] [96] [INFO] Booting worker with pid: 96
[2026-04-06 13:28:17 +0000] [85] [INFO] Started server process [85]
[2026-04-06 13:28:17 +0000] [85] [INFO] Waiting for application startup.
[2026-04-06 13:28:17 +0000] [85] [INFO] Application startup complete.
[2026-04-06 13:28:17 +0000] [87] [INFO] Started server process [87]
[2026-04-06 13:28:17 +0000] [87] [INFO] Waiting for application startup.
[2026-04-06 13:28:17 +0000] [87] [INFO] Application startup complete.
[2026-04-06 13:28:17 +0000] [100] [INFO] Booting worker with pid: 100
[2026-04-06 13:28:17 +0000] [89] [INFO] Started server process [89]
[2026-04-06 13:28:17 +0000] [89] [INFO] Waiting for application startup.
[2026-04-06 13:28:17 +0000] [89] [INFO] Application startup complete.
[2026-04-06 13:28:17 +0000] [92] [INFO] Started server process [92]
[2026-04-06 13:28:17 +0000] [92] [INFO] Waiting for application startup.
[2026-04-06 13:28:17 +0000] [92] [INFO] Application startup complete.
[2026-04-06 13:28:17 +0000] [103] [INFO] Booting worker with pid: 103
[2026-04-06 13:28:17 +0000] [94] [INFO] Started server process [94]
[2026-04-06 13:28:17 +0000] [94] [INFO] Waiting for application startup.
[2026-04-06 13:28:17 +0000] [94] [INFO] Application startup complete.
[2026-04-06 13:28:17 +0000] [104] [INFO] Booting worker with pid: 104
[2026-04-06 13:28:17 +0000] [105] [INFO] Booting worker with pid: 105
[2026-04-06 13:28:17 +0000] [107] [INFO] Booting worker with pid: 107
[2026-04-06 13:28:17 +0000] [96] [INFO] Started server process [96]
[2026-04-06 13:28:17 +0000] [96] [INFO] Waiting for application startup.
[2026-04-06 13:28:17 +0000] [96] [INFO] Application startup complete.
[2026-04-06 13:28:17 +0000] [108] [INFO] Booting worker with pid: 108
[2026-04-06 13:28:18 +0000] [100] [INFO] Started server process [100]
[2026-04-06 13:28:18 +0000] [100] [INFO] Waiting for application startup.
[2026-04-06 13:28:18 +0000] [100] [INFO] Application startup complete.
[2026-04-06 13:28:18 +0000] [110] [INFO] Booting worker with pid: 110
[2026-04-06 13:28:18 +0000] [111] [INFO] Booting worker with pid: 111
[2026-04-06 13:28:18 +0000] [112] [INFO] Booting worker with pid: 112
[2026-04-06 13:28:18 +0000] [103] [INFO] Started server process [103]
[2026-04-06 13:28:18 +0000] [103] [INFO] Waiting for application startup.
[2026-04-06 13:28:18 +0000] [103] [INFO] Application startup complete.
[2026-04-06 13:28:18 +0000] [104] [INFO] Started server process [104]
[2026-04-06 13:28:18 +0000] [104] [INFO] Waiting for application startup.
[2026-04-06 13:28:18 +0000] [104] [INFO] Application startup complete.
[2026-04-06 13:28:18 +0000] [116] [INFO] Booting worker with pid: 116
[2026-04-06 13:28:18 +0000] [105] [INFO] Started server process [105]
[2026-04-06 13:28:18 +0000] [105] [INFO] Waiting for application startup.
[2026-04-06 13:28:18 +0000] [105] [INFO] Application startup complete.
[2026-04-06 13:28:18 +0000] [107] [INFO] Started server process [107]
[2026-04-06 13:28:18 +0000] [107] [INFO] Waiting for application startup.
[2026-04-06 13:28:18 +0000] [107] [INFO] Application startup complete.
[2026-04-06 13:28:18 +0000] [119] [INFO] Booting worker with pid: 119
[2026-04-06 13:28:18 +0000] [108] [INFO] Started server process [108]
[2026-04-06 13:28:18 +0000] [108] [INFO] Waiting for application startup.
[2026-04-06 13:28:18 +0000] [108] [INFO] Application startup complete.
[2026-04-06 13:28:18 +0000] [120] [INFO] Booting worker with pid: 120
[2026-04-06 13:28:18 +0000] [121] [INFO] Booting worker with pid: 121
[2026-04-06 13:28:18 +0000] [110] [INFO] Started server process [110]
[2026-04-06 13:28:18 +0000] [110] [INFO] Waiting for application startup.
[2026-04-06 13:28:18 +0000] [110] [INFO] Application startup complete.
[2026-04-06 13:28:18 +0000] [111] [INFO] Started server process [111]
[2026-04-06 13:28:18 +0000] [111] [INFO] Waiting for application startup.
[2026-04-06 13:28:18 +0000] [111] [INFO] Application startup complete.
[2026-04-06 13:28:18 +0000] [112] [INFO] Started server process [112]
[2026-04-06 13:28:18 +0000] [112] [INFO] Waiting for application startup.
[2026-04-06 13:28:18 +0000] [112] [INFO] Application startup complete.
[2026-04-06 13:28:18 +0000] [125] [INFO] Booting worker with pid: 125
[2026-04-06 13:28:18 +0000] [116] [INFO] Started server process [116]
[2026-04-06 13:28:18 +0000] [116] [INFO] Waiting for application startup.
[2026-04-06 13:28:18 +0000] [116] [INFO] Application startup complete.
[2026-04-06 13:28:18 +0000] [127] [INFO] Booting worker with pid: 127
[2026-04-06 13:28:18 +0000] [129] [INFO] Booting worker with pid: 129
[2026-04-06 13:28:18 +0000] [119] [INFO] Started server process [119]
[2026-04-06 13:28:18 +0000] [119] [INFO] Waiting for application startup.
[2026-04-06 13:28:18 +0000] [119] [INFO] Application startup complete.
[2026-04-06 13:28:18 +0000] [120] [INFO] Started server process [120]
[2026-04-06 13:28:18 +0000] [120] [INFO] Waiting for application startup.
[2026-04-06 13:28:18 +0000] [120] [INFO] Application startup complete.
[2026-04-06 13:28:18 +0000] [121] [INFO] Started server process [121]
[2026-04-06 13:28:18 +0000] [121] [INFO] Waiting for application startup.
[2026-04-06 13:28:18 +0000] [121] [INFO] Application startup complete.
[2026-04-06 13:28:18 +0000] [125] [INFO] Started server process [125]
[2026-04-06 13:28:18 +0000] [125] [INFO] Waiting for application startup.
[2026-04-06 13:28:18 +0000] [125] [INFO] Application startup complete.
[2026-04-06 13:28:18 +0000] [127] [INFO] Started server process [127]
[2026-04-06 13:28:18 +0000] [127] [INFO] Waiting for application startup.
[2026-04-06 13:28:18 +0000] [127] [INFO] Application startup complete.
[2026-04-06 13:28:18 +0000] [129] [INFO] Started server process [129]
[2026-04-06 13:28:18 +0000] [129] [INFO] Waiting for application startup.
[2026-04-06 13:28:18 +0000] [129] [INFO] Application startup complete.
