[2026-04-06 14:31:30 +0000] [1] [INFO] Starting gunicorn 23.0.0
[2026-04-06 14:31:30 +0000] [1] [INFO] Listening at: http://0.0.0.0:8080 (1)
[2026-04-06 14:31:30 +0000] [1] [INFO] Using worker: uvicorn.workers.UvicornWorker
[2026-04-06 14:31:30 +0000] [7] [INFO] Booting worker with pid: 7
[2026-04-06 14:31:30 +0000] [8] [INFO] Booting worker with pid: 8
[2026-04-06 14:31:30 +0000] [7] [INFO] Started server process [7]
[2026-04-06 14:31:30 +0000] [7] [INFO] Waiting for application startup.
[2026-04-06 14:31:30 +0000] [7] [INFO] Application startup complete.
[2026-04-06 14:31:30 +0000] [8] [INFO] Started server process [8]
[2026-04-06 14:31:30 +0000] [8] [INFO] Waiting for application startup.
[2026-04-06 14:31:30 +0000] [8] [INFO] Application startup complete.
[2026-04-06 14:31:30 +0000] [11] [INFO] Booting worker with pid: 11
[2026-04-06 14:31:30 +0000] [12] [INFO] Booting worker with pid: 12
[2026-04-06 14:31:30 +0000] [11] [INFO] Started server process [11]
[2026-04-06 14:31:30 +0000] [11] [INFO] Waiting for application startup.
[2026-04-06 14:31:30 +0000] [11] [INFO] Application startup complete.
[2026-04-06 14:31:30 +0000] [12] [INFO] Started server process [12]
[2026-04-06 14:31:30 +0000] [12] [INFO] Waiting for application startup.
[2026-04-06 14:31:30 +0000] [12] [INFO] Application startup complete.
[2026-04-06 14:31:30 +0000] [15] [INFO] Booting worker with pid: 15
[2026-04-06 14:31:31 +0000] [17] [INFO] Booting worker with pid: 17
[2026-04-06 14:31:31 +0000] [15] [INFO] Started server process [15]
[2026-04-06 14:31:31 +0000] [15] [INFO] Waiting for application startup.
[2026-04-06 14:31:31 +0000] [15] [INFO] Application startup complete.
[2026-04-06 14:31:31 +0000] [17] [INFO] Started server process [17]
[2026-04-06 14:31:31 +0000] [17] [INFO] Waiting for application startup.
[2026-04-06 14:31:31 +0000] [17] [INFO] Application startup complete.
[2026-04-06 14:31:31 +0000] [19] [INFO] Booting worker with pid: 19
[2026-04-06 14:31:31 +0000] [21] [INFO] Booting worker with pid: 21
[2026-04-06 14:31:31 +0000] [19] [INFO] Started server process [19]
[2026-04-06 14:31:31 +0000] [19] [INFO] Waiting for application startup.
[2026-04-06 14:31:31 +0000] [19] [INFO] Application startup complete.
[2026-04-06 14:31:31 +0000] [22] [INFO] Booting worker with pid: 22
[2026-04-06 14:31:31 +0000] [24] [INFO] Booting worker with pid: 24
[2026-04-06 14:31:31 +0000] [21] [INFO] Started server process [21]
[2026-04-06 14:31:31 +0000] [21] [INFO] Waiting for application startup.
[2026-04-06 14:31:31 +0000] [21] [INFO] Application startup complete.
[2026-04-06 14:31:31 +0000] [26] [INFO] Booting worker with pid: 26
[2026-04-06 14:31:31 +0000] [22] [INFO] Started server process [22]
[2026-04-06 14:31:31 +0000] [22] [INFO] Waiting for application startup.
[2026-04-06 14:31:31 +0000] [22] [INFO] Application startup complete.
[2026-04-06 14:31:31 +0000] [24] [INFO] Started server process [24]
[2026-04-06 14:31:31 +0000] [24] [INFO] Waiting for application startup.
[2026-04-06 14:31:31 +0000] [24] [INFO] Application startup complete.
[2026-04-06 14:31:31 +0000] [26] [INFO] Started server process [26]
[2026-04-06 14:31:31 +0000] [26] [INFO] Waiting for application startup.
[2026-04-06 14:31:31 +0000] [26] [INFO] Application startup complete.
[2026-04-06 14:31:31 +0000] [29] [INFO] Booting worker with pid: 29
[2026-04-06 14:31:31 +0000] [30] [INFO] Booting worker with pid: 30
[2026-04-06 14:31:31 +0000] [29] [INFO] Started server process [29]
[2026-04-06 14:31:31 +0000] [29] [INFO] Waiting for application startup.
[2026-04-06 14:31:31 +0000] [29] [INFO] Application startup complete.
[2026-04-06 14:31:31 +0000] [32] [INFO] Booting worker with pid: 32
[2026-04-06 14:31:31 +0000] [34] [INFO] Booting worker with pid: 34
[2026-04-06 14:31:31 +0000] [30] [INFO] Started server process [30]
[2026-04-06 14:31:31 +0000] [30] [INFO] Waiting for application startup.
[2026-04-06 14:31:31 +0000] [30] [INFO] Application startup complete.
[2026-04-06 14:31:31 +0000] [35] [INFO] Booting worker with pid: 35
[2026-04-06 14:31:31 +0000] [32] [INFO] Started server process [32]
[2026-04-06 14:31:31 +0000] [32] [INFO] Waiting for application startup.
[2026-04-06 14:31:31 +0000] [32] [INFO] Application startup complete.
[2026-04-06 14:31:31 +0000] [34] [INFO] Started server process [34]
[2026-04-06 14:31:31 +0000] [34] [INFO] Waiting for application startup.
[2026-04-06 14:31:31 +0000] [34] [INFO] Application startup complete.
[2026-04-06 14:31:31 +0000] [39] [INFO] Booting worker with pid: 39
[2026-04-06 14:31:31 +0000] [35] [INFO] Started server process [35]
[2026-04-06 14:31:31 +0000] [35] [INFO] Waiting for application startup.
[2026-04-06 14:31:31 +0000] [35] [INFO] Application startup complete.
[2026-04-06 14:31:31 +0000] [40] [INFO] Booting worker with pid: 40
[2026-04-06 14:31:31 +0000] [41] [INFO] Booting worker with pid: 41
[2026-04-06 14:31:31 +0000] [42] [INFO] Booting worker with pid: 42
[2026-04-06 14:31:31 +0000] [39] [INFO] Started server process [39]
[2026-04-06 14:31:31 +0000] [39] [INFO] Waiting for application startup.
[2026-04-06 14:31:31 +0000] [39] [INFO] Application startup complete.
[2026-04-06 14:31:31 +0000] [40] [INFO] Started server process [40]
[2026-04-06 14:31:31 +0000] [40] [INFO] Waiting for application startup.
[2026-04-06 14:31:31 +0000] [40] [INFO] Application startup complete.
[2026-04-06 14:31:31 +0000] [41] [INFO] Started server process [41]
[2026-04-06 14:31:31 +0000] [41] [INFO] Waiting for application startup.
[2026-04-06 14:31:31 +0000] [41] [INFO] Application startup complete.
[2026-04-06 14:31:31 +0000] [46] [INFO] Booting worker with pid: 46
[2026-04-06 14:31:31 +0000] [42] [INFO] Started server process [42]
[2026-04-06 14:31:31 +0000] [42] [INFO] Waiting for application startup.
[2026-04-06 14:31:31 +0000] [42] [INFO] Application startup complete.
[2026-04-06 14:31:31 +0000] [49] [INFO] Booting worker with pid: 49
[2026-04-06 14:31:31 +0000] [46] [INFO] Started server process [46]
[2026-04-06 14:31:31 +0000] [46] [INFO] Waiting for application startup.
[2026-04-06 14:31:31 +0000] [46] [INFO] Application startup complete.
[2026-04-06 14:31:31 +0000] [49] [INFO] Started server process [49]
[2026-04-06 14:31:31 +0000] [49] [INFO] Waiting for application startup.
[2026-04-06 14:31:31 +0000] [49] [INFO] Application startup complete.
[2026-04-06 14:31:31 +0000] [51] [INFO] Booting worker with pid: 51
[2026-04-06 14:31:31 +0000] [52] [INFO] Booting worker with pid: 52
[2026-04-06 14:31:32 +0000] [51] [INFO] Started server process [51]
[2026-04-06 14:31:32 +0000] [51] [INFO] Waiting for application startup.
[2026-04-06 14:31:32 +0000] [51] [INFO] Application startup complete.
[2026-04-06 14:31:32 +0000] [55] [INFO] Booting worker with pid: 55
[2026-04-06 14:31:32 +0000] [52] [INFO] Started server process [52]
[2026-04-06 14:31:32 +0000] [52] [INFO] Waiting for application startup.
[2026-04-06 14:31:32 +0000] [52] [INFO] Application startup complete.
[2026-04-06 14:31:32 +0000] [56] [INFO] Booting worker with pid: 56
[2026-04-06 14:31:32 +0000] [55] [INFO] Started server process [55]
[2026-04-06 14:31:32 +0000] [55] [INFO] Waiting for application startup.
[2026-04-06 14:31:32 +0000] [55] [INFO] Application startup complete.
[2026-04-06 14:31:32 +0000] [58] [INFO] Booting worker with pid: 58
[2026-04-06 14:31:32 +0000] [60] [INFO] Booting worker with pid: 60
[2026-04-06 14:31:32 +0000] [56] [INFO] Started server process [56]
[2026-04-06 14:31:32 +0000] [56] [INFO] Waiting for application startup.
[2026-04-06 14:31:32 +0000] [56] [INFO] Application startup complete.
[2026-04-06 14:31:32 +0000] [58] [INFO] Started server process [58]
[2026-04-06 14:31:32 +0000] [58] [INFO] Waiting for application startup.
[2026-04-06 14:31:32 +0000] [58] [INFO] Application startup complete.
[2026-04-06 14:31:32 +0000] [62] [INFO] Booting worker with pid: 62
[2026-04-06 14:31:32 +0000] [60] [INFO] Started server process [60]
[2026-04-06 14:31:32 +0000] [60] [INFO] Waiting for application startup.
[2026-04-06 14:31:32 +0000] [60] [INFO] Application startup complete.
[2026-04-06 14:31:32 +0000] [64] [INFO] Booting worker with pid: 64
[2026-04-06 14:31:32 +0000] [66] [INFO] Booting worker with pid: 66
[2026-04-06 14:31:32 +0000] [62] [INFO] Started server process [62]
[2026-04-06 14:31:32 +0000] [62] [INFO] Waiting for application startup.
[2026-04-06 14:31:32 +0000] [62] [INFO] Application startup complete.
[2026-04-06 14:31:32 +0000] [64] [INFO] Started server process [64]
[2026-04-06 14:31:32 +0000] [64] [INFO] Waiting for application startup.
[2026-04-06 14:31:32 +0000] [64] [INFO] Application startup complete.
[2026-04-06 14:31:32 +0000] [68] [INFO] Booting worker with pid: 68
[2026-04-06 14:31:32 +0000] [70] [INFO] Booting worker with pid: 70
[2026-04-06 14:31:32 +0000] [66] [INFO] Started server process [66]
[2026-04-06 14:31:32 +0000] [66] [INFO] Waiting for application startup.
[2026-04-06 14:31:32 +0000] [66] [INFO] Application startup complete.
[2026-04-06 14:31:32 +0000] [71] [INFO] Booting worker with pid: 71
[2026-04-06 14:31:32 +0000] [68] [INFO] Started server process [68]
[2026-04-06 14:31:32 +0000] [68] [INFO] Waiting for application startup.
[2026-04-06 14:31:32 +0000] [68] [INFO] Application startup complete.
[2026-04-06 14:31:32 +0000] [70] [INFO] Started server process [70]
[2026-04-06 14:31:32 +0000] [70] [INFO] Waiting for application startup.
[2026-04-06 14:31:32 +0000] [70] [INFO] Application startup complete.
[2026-04-06 14:31:32 +0000] [71] [INFO] Started server process [71]
[2026-04-06 14:31:32 +0000] [71] [INFO] Waiting for application startup.
[2026-04-06 14:31:32 +0000] [71] [INFO] Application startup complete.
[2026-04-06 14:31:32 +0000] [75] [INFO] Booting worker with pid: 75
[2026-04-06 14:31:32 +0000] [76] [INFO] Booting worker with pid: 76
[2026-04-06 14:31:32 +0000] [75] [INFO] Started server process [75]
[2026-04-06 14:31:32 +0000] [75] [INFO] Waiting for application startup.
[2026-04-06 14:31:32 +0000] [75] [INFO] Application startup complete.
[2026-04-06 14:31:32 +0000] [78] [INFO] Booting worker with pid: 78
[2026-04-06 14:31:32 +0000] [76] [INFO] Started server process [76]
[2026-04-06 14:31:32 +0000] [76] [INFO] Waiting for application startup.
[2026-04-06 14:31:32 +0000] [76] [INFO] Application startup complete.
[2026-04-06 14:31:32 +0000] [78] [INFO] Started server process [78]
[2026-04-06 14:31:32 +0000] [78] [INFO] Waiting for application startup.
[2026-04-06 14:31:32 +0000] [78] [INFO] Application startup complete.
[2026-04-06 14:31:32 +0000] [81] [INFO] Booting worker with pid: 81
[2026-04-06 14:31:32 +0000] [82] [INFO] Booting worker with pid: 82
[2026-04-06 14:31:32 +0000] [81] [INFO] Started server process [81]
[2026-04-06 14:31:32 +0000] [81] [INFO] Waiting for application startup.
[2026-04-06 14:31:32 +0000] [81] [INFO] Application startup complete.
[2026-04-06 14:31:32 +0000] [84] [INFO] Booting worker with pid: 84
[2026-04-06 14:31:32 +0000] [82] [INFO] Started server process [82]
[2026-04-06 14:31:32 +0000] [82] [INFO] Waiting for application startup.
[2026-04-06 14:31:32 +0000] [82] [INFO] Application startup complete.
[2026-04-06 14:31:32 +0000] [86] [INFO] Booting worker with pid: 86
[2026-04-06 14:31:32 +0000] [87] [INFO] Booting worker with pid: 87
[2026-04-06 14:31:32 +0000] [84] [INFO] Started server process [84]
[2026-04-06 14:31:32 +0000] [84] [INFO] Waiting for application startup.
[2026-04-06 14:31:32 +0000] [84] [INFO] Application startup complete.
[2026-04-06 14:31:32 +0000] [90] [INFO] Booting worker with pid: 90
[2026-04-06 14:31:32 +0000] [86] [INFO] Started server process [86]
[2026-04-06 14:31:32 +0000] [86] [INFO] Waiting for application startup.
[2026-04-06 14:31:32 +0000] [86] [INFO] Application startup complete.
[2026-04-06 14:31:32 +0000] [87] [INFO] Started server process [87]
[2026-04-06 14:31:32 +0000] [87] [INFO] Waiting for application startup.
[2026-04-06 14:31:32 +0000] [87] [INFO] Application startup complete.
[2026-04-06 14:31:32 +0000] [92] [INFO] Booting worker with pid: 92
[2026-04-06 14:31:32 +0000] [90] [INFO] Started server process [90]
[2026-04-06 14:31:32 +0000] [90] [INFO] Waiting for application startup.
[2026-04-06 14:31:32 +0000] [90] [INFO] Application startup complete.
[2026-04-06 14:31:33 +0000] [94] [INFO] Booting worker with pid: 94
[2026-04-06 14:31:33 +0000] [92] [INFO] Started server process [92]
[2026-04-06 14:31:33 +0000] [92] [INFO] Waiting for application startup.
[2026-04-06 14:31:33 +0000] [92] [INFO] Application startup complete.
[2026-04-06 14:31:33 +0000] [97] [INFO] Booting worker with pid: 97
[2026-04-06 14:31:33 +0000] [94] [INFO] Started server process [94]
[2026-04-06 14:31:33 +0000] [94] [INFO] Waiting for application startup.
[2026-04-06 14:31:33 +0000] [94] [INFO] Application startup complete.
[2026-04-06 14:31:33 +0000] [97] [INFO] Started server process [97]
[2026-04-06 14:31:33 +0000] [97] [INFO] Waiting for application startup.
[2026-04-06 14:31:33 +0000] [97] [INFO] Application startup complete.
[2026-04-06 14:31:33 +0000] [99] [INFO] Booting worker with pid: 99
[2026-04-06 14:31:33 +0000] [100] [INFO] Booting worker with pid: 100
[2026-04-06 14:31:33 +0000] [101] [INFO] Booting worker with pid: 101
[2026-04-06 14:31:33 +0000] [99] [INFO] Started server process [99]
[2026-04-06 14:31:33 +0000] [99] [INFO] Waiting for application startup.
[2026-04-06 14:31:33 +0000] [99] [INFO] Application startup complete.
[2026-04-06 14:31:33 +0000] [100] [INFO] Started server process [100]
[2026-04-06 14:31:33 +0000] [100] [INFO] Waiting for application startup.
[2026-04-06 14:31:33 +0000] [100] [INFO] Application startup complete.
[2026-04-06 14:31:33 +0000] [104] [INFO] Booting worker with pid: 104
[2026-04-06 14:31:33 +0000] [101] [INFO] Started server process [101]
[2026-04-06 14:31:33 +0000] [101] [INFO] Waiting for application startup.
[2026-04-06 14:31:33 +0000] [101] [INFO] Application startup complete.
[2026-04-06 14:31:33 +0000] [106] [INFO] Booting worker with pid: 106
[2026-04-06 14:31:33 +0000] [104] [INFO] Started server process [104]
[2026-04-06 14:31:33 +0000] [104] [INFO] Waiting for application startup.
[2026-04-06 14:31:33 +0000] [104] [INFO] Application startup complete.
[2026-04-06 14:31:33 +0000] [109] [INFO] Booting worker with pid: 109
[2026-04-06 14:31:33 +0000] [106] [INFO] Started server process [106]
[2026-04-06 14:31:33 +0000] [106] [INFO] Waiting for application startup.
[2026-04-06 14:31:33 +0000] [106] [INFO] Application startup complete.
[2026-04-06 14:31:33 +0000] [109] [INFO] Started server process [109]
[2026-04-06 14:31:33 +0000] [109] [INFO] Waiting for application startup.
[2026-04-06 14:31:33 +0000] [109] [INFO] Application startup complete.
[2026-04-06 14:31:33 +0000] [111] [INFO] Booting worker with pid: 111
[2026-04-06 14:31:33 +0000] [112] [INFO] Booting worker with pid: 112
[2026-04-06 14:31:33 +0000] [113] [INFO] Booting worker with pid: 113
[2026-04-06 14:31:33 +0000] [115] [INFO] Booting worker with pid: 115
[2026-04-06 14:31:33 +0000] [111] [INFO] Started server process [111]
[2026-04-06 14:31:33 +0000] [111] [INFO] Waiting for application startup.
[2026-04-06 14:31:33 +0000] [111] [INFO] Application startup complete.
[2026-04-06 14:31:33 +0000] [112] [INFO] Started server process [112]
[2026-04-06 14:31:33 +0000] [112] [INFO] Waiting for application startup.
[2026-04-06 14:31:33 +0000] [112] [INFO] Application startup complete.
[2026-04-06 14:31:33 +0000] [113] [INFO] Started server process [113]
[2026-04-06 14:31:33 +0000] [113] [INFO] Waiting for application startup.
[2026-04-06 14:31:33 +0000] [113] [INFO] Application startup complete.
[2026-04-06 14:31:33 +0000] [118] [INFO] Booting worker with pid: 118
[2026-04-06 14:31:33 +0000] [115] [INFO] Started server process [115]
[2026-04-06 14:31:33 +0000] [115] [INFO] Waiting for application startup.
[2026-04-06 14:31:33 +0000] [115] [INFO] Application startup complete.
[2026-04-06 14:31:33 +0000] [118] [INFO] Started server process [118]
[2026-04-06 14:31:33 +0000] [118] [INFO] Waiting for application startup.
[2026-04-06 14:31:33 +0000] [118] [INFO] Application startup complete.
[2026-04-06 14:31:33 +0000] [121] [INFO] Booting worker with pid: 121
[2026-04-06 14:31:33 +0000] [122] [INFO] Booting worker with pid: 122
[2026-04-06 14:31:33 +0000] [123] [INFO] Booting worker with pid: 123
[2026-04-06 14:31:33 +0000] [121] [INFO] Started server process [121]
[2026-04-06 14:31:33 +0000] [121] [INFO] Waiting for application startup.
[2026-04-06 14:31:33 +0000] [121] [INFO] Application startup complete.
[2026-04-06 14:31:33 +0000] [125] [INFO] Booting worker with pid: 125
[2026-04-06 14:31:33 +0000] [122] [INFO] Started server process [122]
[2026-04-06 14:31:33 +0000] [122] [INFO] Waiting for application startup.
[2026-04-06 14:31:33 +0000] [122] [INFO] Application startup complete.
[2026-04-06 14:31:33 +0000] [123] [INFO] Started server process [123]
[2026-04-06 14:31:33 +0000] [123] [INFO] Waiting for application startup.
[2026-04-06 14:31:33 +0000] [123] [INFO] Application startup complete.
[2026-04-06 14:31:33 +0000] [125] [INFO] Started server process [125]
[2026-04-06 14:31:33 +0000] [125] [INFO] Waiting for application startup.
[2026-04-06 14:31:33 +0000] [125] [INFO] Application startup complete.
[2026-04-06 14:31:33 +0000] [129] [INFO] Booting worker with pid: 129
[2026-04-06 14:31:33 +0000] [130] [INFO] Booting worker with pid: 130
[2026-04-06 14:31:34 +0000] [132] [INFO] Booting worker with pid: 132
[2026-04-06 14:31:34 +0000] [129] [INFO] Started server process [129]
[2026-04-06 14:31:34 +0000] [129] [INFO] Waiting for application startup.
[2026-04-06 14:31:34 +0000] [129] [INFO] Application startup complete.
[2026-04-06 14:31:34 +0000] [130] [INFO] Started server process [130]
[2026-04-06 14:31:34 +0000] [130] [INFO] Waiting for application startup.
[2026-04-06 14:31:34 +0000] [130] [INFO] Application startup complete.
[2026-04-06 14:31:34 +0000] [132] [INFO] Started server process [132]
[2026-04-06 14:31:34 +0000] [132] [INFO] Waiting for application startup.
[2026-04-06 14:31:34 +0000] [132] [INFO] Application startup complete.
