[1] Puma starting in cluster mode...
[1] * Puma version: 6.6.1 ("Return to Forever")
[1] * Ruby version: ruby 3.4.9 (2026-03-11 revision 76cca827ab) +YJIT +PRISM [x86_64-linux]
[1] *  Min threads: 4
[1] *  Max threads: 4
[1] *  Environment: development
[1] *   Master PID: 1
[1] *      Workers: 128
[1] *     Restarts: (✔) hot (✖) phased (✖) refork
[1] * Preloading application
[1] * Listening on http://0.0.0.0:8080
[1] Use Ctrl-C to stop
[1] - Worker 0 (PID: 8) booted in 0.29s, phase: 0
[1] - Worker 1 (PID: 12) booted in 0.29s, phase: 0
[1] - Worker 2 (PID: 19) booted in 0.29s, phase: 0
[1] - Worker 3 (PID: 32) booted in 0.29s, phase: 0
[1] - Worker 4 (PID: 44) booted in 0.29s, phase: 0
[1] - Worker 5 (PID: 57) booted in 0.29s, phase: 0
[1] - Worker 6 (PID: 68) booted in 0.28s, phase: 0
[1] - Worker 7 (PID: 80) booted in 0.28s, phase: 0
[1] - Worker 8 (PID: 91) booted in 0.28s, phase: 0
[1] - Worker 9 (PID: 104) booted in 0.28s, phase: 0
[1] - Worker 10 (PID: 116) booted in 0.28s, phase: 0
[1] - Worker 11 (PID: 128) booted in 0.28s, phase: 0
[1] - Worker 12 (PID: 140) booted in 0.28s, phase: 0
[1] - Worker 13 (PID: 152) booted in 0.27s, phase: 0
[1] - Worker 14 (PID: 172) booted in 0.27s, phase: 0
[1] - Worker 15 (PID: 180) booted in 0.27s, phase: 0
[1] - Worker 16 (PID: 188) booted in 0.27s, phase: 0
[1] - Worker 17 (PID: 200) booted in 0.27s, phase: 0
[1] - Worker 18 (PID: 212) booted in 0.27s, phase: 0
[1] - Worker 19 (PID: 223) booted in 0.26s, phase: 0
[1] - Worker 20 (PID: 236) booted in 0.27s, phase: 0
[1] - Worker 21 (PID: 248) booted in 0.26s, phase: 0
[1] - Worker 22 (PID: 260) booted in 0.26s, phase: 0
[1] - Worker 23 (PID: 272) booted in 0.26s, phase: 0
[1] - Worker 24 (PID: 284) booted in 0.26s, phase: 0
[1] - Worker 25 (PID: 296) booted in 0.26s, phase: 0
[1] - Worker 26 (PID: 308) booted in 0.25s, phase: 0
[1] - Worker 27 (PID: 320) booted in 0.25s, phase: 0
[1] - Worker 28 (PID: 328) booted in 0.25s, phase: 0
[1] - Worker 29 (PID: 340) booted in 0.25s, phase: 0
[1] - Worker 30 (PID: 348) booted in 0.25s, phase: 0
[1] - Worker 31 (PID: 355) booted in 0.24s, phase: 0
[1] - Worker 32 (PID: 380) booted in 0.23s, phase: 0
[1] - Worker 33 (PID: 391) booted in 0.23s, phase: 0
[1] - Worker 34 (PID: 400) booted in 0.23s, phase: 0
[1] - Worker 35 (PID: 408) booted in 0.23s, phase: 0
[1] - Worker 36 (PID: 423) booted in 0.23s, phase: 0
[1] - Worker 37 (PID: 435) booted in 0.22s, phase: 0
[1] - Worker 38 (PID: 447) booted in 0.22s, phase: 0
[1] - Worker 39 (PID: 458) booted in 0.22s, phase: 0
[1] - Worker 40 (PID: 471) booted in 0.22s, phase: 0
[1] - Worker 41 (PID: 483) booted in 0.22s, phase: 0
[1] - Worker 42 (PID: 497) booted in 0.22s, phase: 0
[1] - Worker 43 (PID: 507) booted in 0.21s, phase: 0
[1] - Worker 44 (PID: 522) booted in 0.21s, phase: 0
[1] - Worker 45 (PID: 531) booted in 0.21s, phase: 0
[1] - Worker 46 (PID: 544) booted in 0.21s, phase: 0
[1] - Worker 47 (PID: 554) booted in 0.21s, phase: 0
[1] - Worker 48 (PID: 567) booted in 0.2s, phase: 0
[1] - Worker 49 (PID: 580) booted in 0.2s, phase: 0
[1] - Worker 50 (PID: 591) booted in 0.2s, phase: 0
[1] - Worker 51 (PID: 603) booted in 0.2s, phase: 0
[1] - Worker 52 (PID: 617) booted in 0.2s, phase: 0
[1] - Worker 53 (PID: 629) booted in 0.2s, phase: 0
[1] - Worker 54 (PID: 643) booted in 0.19s, phase: 0
[1] - Worker 55 (PID: 652) booted in 0.19s, phase: 0
[1] - Worker 56 (PID: 664) booted in 0.19s, phase: 0
[1] - Worker 57 (PID: 675) booted in 0.19s, phase: 0
[1] - Worker 58 (PID: 687) booted in 0.19s, phase: 0
[1] - Worker 59 (PID: 699) booted in 0.18s, phase: 0
[1] - Worker 60 (PID: 715) booted in 0.18s, phase: 0
[1] - Worker 61 (PID: 723) booted in 0.18s, phase: 0
[1] - Worker 62 (PID: 739) booted in 0.18s, phase: 0
[1] - Worker 63 (PID: 747) booted in 0.18s, phase: 0
[1] - Worker 64 (PID: 762) booted in 0.18s, phase: 0
[1] - Worker 65 (PID: 774) booted in 0.17s, phase: 0
[1] - Worker 66 (PID: 783) booted in 0.17s, phase: 0
[1] - Worker 67 (PID: 795) booted in 0.17s, phase: 0
[1] - Worker 68 (PID: 806) booted in 0.17s, phase: 0
[1] - Worker 69 (PID: 819) booted in 0.17s, phase: 0
[1] - Worker 70 (PID: 833) booted in 0.16s, phase: 0
[1] - Worker 71 (PID: 843) booted in 0.16s, phase: 0
[1] - Worker 72 (PID: 855) booted in 0.16s, phase: 0
[1] - Worker 73 (PID: 867) booted in 0.16s, phase: 0
[1] - Worker 74 (PID: 878) booted in 0.16s, phase: 0
[1] - Worker 75 (PID: 890) booted in 0.16s, phase: 0
[1] - Worker 76 (PID: 904) booted in 0.15s, phase: 0
[1] - Worker 77 (PID: 918) booted in 0.15s, phase: 0
[1] - Worker 78 (PID: 930) booted in 0.15s, phase: 0
[1] - Worker 79 (PID: 942) booted in 0.15s, phase: 0
[1] - Worker 80 (PID: 951) booted in 0.15s, phase: 0
[1] - Worker 81 (PID: 964) booted in 0.14s, phase: 0
[1] - Worker 82 (PID: 978) booted in 0.14s, phase: 0
[1] - Worker 83 (PID: 987) booted in 0.14s, phase: 0
[1] - Worker 84 (PID: 1002) booted in 0.14s, phase: 0
[1] - Worker 85 (PID: 1014) booted in 0.14s, phase: 0
[1] - Worker 86 (PID: 1027) booted in 0.14s, phase: 0
[1] - Worker 87 (PID: 1039) booted in 0.13s, phase: 0
[1] - Worker 88 (PID: 1051) booted in 0.13s, phase: 0
[1] - Worker 89 (PID: 1063) booted in 0.13s, phase: 0
[1] - Worker 90 (PID: 1072) booted in 0.13s, phase: 0
[1] - Worker 91 (PID: 1083) booted in 0.13s, phase: 0
[1] - Worker 92 (PID: 1096) booted in 0.13s, phase: 0
[1] - Worker 93 (PID: 1106) booted in 0.12s, phase: 0
[1] - Worker 94 (PID: 1118) booted in 0.12s, phase: 0
[1] - Worker 95 (PID: 1132) booted in 0.12s, phase: 0
[1] - Worker 96 (PID: 1144) booted in 0.12s, phase: 0
[1] - Worker 97 (PID: 1159) booted in 0.12s, phase: 0
[1] - Worker 98 (PID: 1165) booted in 0.11s, phase: 0
[1] - Worker 99 (PID: 1179) booted in 0.11s, phase: 0
[1] - Worker 100 (PID: 1193) booted in 0.11s, phase: 0
[1] - Worker 101 (PID: 1207) booted in 0.11s, phase: 0
[1] - Worker 102 (PID: 1215) booted in 0.11s, phase: 0
[1] - Worker 103 (PID: 1229) booted in 0.1s, phase: 0
[1] - Worker 104 (PID: 1241) booted in 0.1s, phase: 0
[1] - Worker 105 (PID: 1251) booted in 0.1s, phase: 0
[1] - Worker 106 (PID: 1267) booted in 0.1s, phase: 0
[1] - Worker 107 (PID: 1278) booted in 0.1s, phase: 0
[1] - Worker 108 (PID: 1290) booted in 0.1s, phase: 0
[1] - Worker 109 (PID: 1300) booted in 0.09s, phase: 0
[1] - Worker 110 (PID: 1315) booted in 0.09s, phase: 0
[1] - Worker 111 (PID: 1325) booted in 0.09s, phase: 0
[1] - Worker 112 (PID: 1335) booted in 0.09s, phase: 0
[1] - Worker 113 (PID: 1351) booted in 0.09s, phase: 0
[1] - Worker 114 (PID: 1363) booted in 0.08s, phase: 0
[1] - Worker 115 (PID: 1370) booted in 0.08s, phase: 0
[1] - Worker 116 (PID: 1383) booted in 0.08s, phase: 0
[1] - Worker 117 (PID: 1395) booted in 0.08s, phase: 0
[1] - Worker 118 (PID: 1408) booted in 0.08s, phase: 0
[1] - Worker 119 (PID: 1423) booted in 0.07s, phase: 0
[1] - Worker 120 (PID: 1435) booted in 0.07s, phase: 0
[1] - Worker 121 (PID: 1442) booted in 0.07s, phase: 0
[1] - Worker 122 (PID: 1454) booted in 0.07s, phase: 0
[1] - Worker 123 (PID: 1467) booted in 0.07s, phase: 0
[1] - Worker 124 (PID: 1479) booted in 0.07s, phase: 0
[1] - Worker 125 (PID: 1494) booted in 0.06s, phase: 0
[1] - Worker 126 (PID: 1503) booted in 0.06s, phase: 0
[1] - Worker 127 (PID: 1516) booted in 0.06s, phase: 0
