[2026-04-06 01:58:55 +0000] [1] [INFO] Starting gunicorn 23.0.0
[2026-04-06 01:58:55 +0000] [1] [INFO] Listening at: http://0.0.0.0:8080 (1)
[2026-04-06 01:58:55 +0000] [1] [INFO] Using worker: uvicorn.workers.UvicornWorker
[2026-04-06 01:58:55 +0000] [7] [INFO] Booting worker with pid: 7
[2026-04-06 01:58:55 +0000] [8] [INFO] Booting worker with pid: 8
[2026-04-06 01:58:55 +0000] [9] [INFO] Booting worker with pid: 9
[2026-04-06 01:58:55 +0000] [10] [INFO] Booting worker with pid: 10
[2026-04-06 01:58:55 +0000] [11] [INFO] Booting worker with pid: 11
[2026-04-06 01:58:55 +0000] [7] [INFO] Started server process [7]
[2026-04-06 01:58:55 +0000] [7] [INFO] Waiting for application startup.
[2026-04-06 01:58:55 +0000] [7] [INFO] Application startup complete.
[2026-04-06 01:58:55 +0000] [8] [INFO] Started server process [8]
[2026-04-06 01:58:55 +0000] [8] [INFO] Waiting for application startup.
[2026-04-06 01:58:55 +0000] [8] [INFO] Application startup complete.
[2026-04-06 01:58:56 +0000] [14] [INFO] Booting worker with pid: 14
[2026-04-06 01:58:56 +0000] [16] [INFO] Booting worker with pid: 16
[2026-04-06 01:58:56 +0000] [9] [INFO] Started server process [9]
[2026-04-06 01:58:56 +0000] [9] [INFO] Waiting for application startup.
[2026-04-06 01:58:56 +0000] [9] [INFO] Application startup complete.
[2026-04-06 01:58:56 +0000] [10] [INFO] Started server process [10]
[2026-04-06 01:58:56 +0000] [10] [INFO] Waiting for application startup.
[2026-04-06 01:58:56 +0000] [10] [INFO] Application startup complete.
[2026-04-06 01:58:56 +0000] [18] [INFO] Booting worker with pid: 18
[2026-04-06 01:58:56 +0000] [20] [INFO] Booting worker with pid: 20
[2026-04-06 01:58:56 +0000] [11] [INFO] Started server process [11]
[2026-04-06 01:58:56 +0000] [11] [INFO] Waiting for application startup.
[2026-04-06 01:58:56 +0000] [11] [INFO] Application startup complete.
[2026-04-06 01:58:56 +0000] [21] [INFO] Booting worker with pid: 21
[2026-04-06 01:58:56 +0000] [23] [INFO] Booting worker with pid: 23
[2026-04-06 01:58:56 +0000] [14] [INFO] Started server process [14]
[2026-04-06 01:58:56 +0000] [14] [INFO] Waiting for application startup.
[2026-04-06 01:58:56 +0000] [14] [INFO] Application startup complete.
[2026-04-06 01:58:56 +0000] [24] [INFO] Booting worker with pid: 24
[2026-04-06 01:58:56 +0000] [25] [INFO] Booting worker with pid: 25
[2026-04-06 01:58:56 +0000] [16] [INFO] Started server process [16]
[2026-04-06 01:58:56 +0000] [16] [INFO] Waiting for application startup.
[2026-04-06 01:58:56 +0000] [16] [INFO] Application startup complete.
[2026-04-06 01:58:56 +0000] [27] [INFO] Booting worker with pid: 27
[2026-04-06 01:58:56 +0000] [28] [INFO] Booting worker with pid: 28
[2026-04-06 01:58:56 +0000] [30] [INFO] Booting worker with pid: 30
[2026-04-06 01:58:56 +0000] [18] [INFO] Started server process [18]
[2026-04-06 01:58:56 +0000] [18] [INFO] Waiting for application startup.
[2026-04-06 01:58:56 +0000] [18] [INFO] Application startup complete.
[2026-04-06 01:58:56 +0000] [20] [INFO] Started server process [20]
[2026-04-06 01:58:56 +0000] [20] [INFO] Waiting for application startup.
[2026-04-06 01:58:56 +0000] [20] [INFO] Application startup complete.
[2026-04-06 01:58:56 +0000] [32] [INFO] Booting worker with pid: 32
[2026-04-06 01:58:56 +0000] [21] [INFO] Started server process [21]
[2026-04-06 01:58:56 +0000] [21] [INFO] Waiting for application startup.
[2026-04-06 01:58:56 +0000] [21] [INFO] Application startup complete.
[2026-04-06 01:58:56 +0000] [23] [INFO] Started server process [23]
[2026-04-06 01:58:56 +0000] [23] [INFO] Waiting for application startup.
[2026-04-06 01:58:56 +0000] [23] [INFO] Application startup complete.
[2026-04-06 01:58:56 +0000] [24] [INFO] Started server process [24]
[2026-04-06 01:58:56 +0000] [24] [INFO] Waiting for application startup.
[2026-04-06 01:58:56 +0000] [24] [INFO] Application startup complete.
[2026-04-06 01:58:56 +0000] [37] [INFO] Booting worker with pid: 37
[2026-04-06 01:58:56 +0000] [25] [INFO] Started server process [25]
[2026-04-06 01:58:56 +0000] [25] [INFO] Waiting for application startup.
[2026-04-06 01:58:56 +0000] [25] [INFO] Application startup complete.
[2026-04-06 01:58:56 +0000] [39] [INFO] Booting worker with pid: 39
[2026-04-06 01:58:56 +0000] [27] [INFO] Started server process [27]
[2026-04-06 01:58:56 +0000] [27] [INFO] Waiting for application startup.
[2026-04-06 01:58:56 +0000] [27] [INFO] Application startup complete.
[2026-04-06 01:58:56 +0000] [28] [INFO] Started server process [28]
[2026-04-06 01:58:56 +0000] [28] [INFO] Waiting for application startup.
[2026-04-06 01:58:56 +0000] [28] [INFO] Application startup complete.
[2026-04-06 01:58:56 +0000] [30] [INFO] Started server process [30]
[2026-04-06 01:58:56 +0000] [30] [INFO] Waiting for application startup.
[2026-04-06 01:58:56 +0000] [30] [INFO] Application startup complete.
[2026-04-06 01:58:56 +0000] [42] [INFO] Booting worker with pid: 42
[2026-04-06 01:58:56 +0000] [32] [INFO] Started server process [32]
[2026-04-06 01:58:56 +0000] [32] [INFO] Waiting for application startup.
[2026-04-06 01:58:56 +0000] [32] [INFO] Application startup complete.
[2026-04-06 01:58:56 +0000] [44] [INFO] Booting worker with pid: 44
[2026-04-06 01:58:56 +0000] [45] [INFO] Booting worker with pid: 45
[2026-04-06 01:58:56 +0000] [47] [INFO] Booting worker with pid: 47
[2026-04-06 01:58:56 +0000] [37] [INFO] Started server process [37]
[2026-04-06 01:58:56 +0000] [37] [INFO] Waiting for application startup.
[2026-04-06 01:58:56 +0000] [37] [INFO] Application startup complete.
[2026-04-06 01:58:56 +0000] [48] [INFO] Booting worker with pid: 48
[2026-04-06 01:58:56 +0000] [50] [INFO] Booting worker with pid: 50
[2026-04-06 01:58:56 +0000] [39] [INFO] Started server process [39]
[2026-04-06 01:58:56 +0000] [39] [INFO] Waiting for application startup.
[2026-04-06 01:58:56 +0000] [39] [INFO] Application startup complete.
[2026-04-06 01:58:56 +0000] [42] [INFO] Started server process [42]
[2026-04-06 01:58:56 +0000] [42] [INFO] Waiting for application startup.
[2026-04-06 01:58:56 +0000] [42] [INFO] Application startup complete.
[2026-04-06 01:58:57 +0000] [52] [INFO] Booting worker with pid: 52
[2026-04-06 01:58:57 +0000] [44] [INFO] Started server process [44]
[2026-04-06 01:58:57 +0000] [44] [INFO] Waiting for application startup.
[2026-04-06 01:58:57 +0000] [44] [INFO] Application startup complete.
[2026-04-06 01:58:57 +0000] [45] [INFO] Started server process [45]
[2026-04-06 01:58:57 +0000] [45] [INFO] Waiting for application startup.
[2026-04-06 01:58:57 +0000] [45] [INFO] Application startup complete.
[2026-04-06 01:58:57 +0000] [47] [INFO] Started server process [47]
[2026-04-06 01:58:57 +0000] [47] [INFO] Waiting for application startup.
[2026-04-06 01:58:57 +0000] [47] [INFO] Application startup complete.
[2026-04-06 01:58:57 +0000] [56] [INFO] Booting worker with pid: 56
[2026-04-06 01:58:57 +0000] [57] [INFO] Booting worker with pid: 57
[2026-04-06 01:58:57 +0000] [59] [INFO] Booting worker with pid: 59
[2026-04-06 01:58:57 +0000] [60] [INFO] Booting worker with pid: 60
[2026-04-06 01:58:57 +0000] [48] [INFO] Started server process [48]
[2026-04-06 01:58:57 +0000] [48] [INFO] Waiting for application startup.
[2026-04-06 01:58:57 +0000] [48] [INFO] Application startup complete.
[2026-04-06 01:58:57 +0000] [50] [INFO] Started server process [50]
[2026-04-06 01:58:57 +0000] [50] [INFO] Waiting for application startup.
[2026-04-06 01:58:57 +0000] [50] [INFO] Application startup complete.
[2026-04-06 01:58:57 +0000] [62] [INFO] Booting worker with pid: 62
[2026-04-06 01:58:57 +0000] [52] [INFO] Started server process [52]
[2026-04-06 01:58:57 +0000] [52] [INFO] Waiting for application startup.
[2026-04-06 01:58:57 +0000] [52] [INFO] Application startup complete.
[2026-04-06 01:58:57 +0000] [64] [INFO] Booting worker with pid: 64
[2026-04-06 01:58:57 +0000] [65] [INFO] Booting worker with pid: 65
[2026-04-06 01:58:57 +0000] [67] [INFO] Booting worker with pid: 67
[2026-04-06 01:58:57 +0000] [56] [INFO] Started server process [56]
[2026-04-06 01:58:57 +0000] [56] [INFO] Waiting for application startup.
[2026-04-06 01:58:57 +0000] [56] [INFO] Application startup complete.
[2026-04-06 01:58:57 +0000] [69] [INFO] Booting worker with pid: 69
[2026-04-06 01:58:57 +0000] [57] [INFO] Started server process [57]
[2026-04-06 01:58:57 +0000] [57] [INFO] Waiting for application startup.
[2026-04-06 01:58:57 +0000] [57] [INFO] Application startup complete.
[2026-04-06 01:58:57 +0000] [59] [INFO] Started server process [59]
[2026-04-06 01:58:57 +0000] [59] [INFO] Waiting for application startup.
[2026-04-06 01:58:57 +0000] [59] [INFO] Application startup complete.
[2026-04-06 01:58:57 +0000] [60] [INFO] Started server process [60]
[2026-04-06 01:58:57 +0000] [60] [INFO] Waiting for application startup.
[2026-04-06 01:58:57 +0000] [60] [INFO] Application startup complete.
[2026-04-06 01:58:57 +0000] [72] [INFO] Booting worker with pid: 72
[2026-04-06 01:58:57 +0000] [74] [INFO] Booting worker with pid: 74
[2026-04-06 01:58:57 +0000] [62] [INFO] Started server process [62]
[2026-04-06 01:58:57 +0000] [62] [INFO] Waiting for application startup.
[2026-04-06 01:58:57 +0000] [62] [INFO] Application startup complete.
[2026-04-06 01:58:57 +0000] [75] [INFO] Booting worker with pid: 75
[2026-04-06 01:58:57 +0000] [76] [INFO] Booting worker with pid: 76
[2026-04-06 01:58:57 +0000] [78] [INFO] Booting worker with pid: 78
[2026-04-06 01:58:57 +0000] [64] [INFO] Started server process [64]
[2026-04-06 01:58:57 +0000] [64] [INFO] Waiting for application startup.
[2026-04-06 01:58:57 +0000] [64] [INFO] Application startup complete.
[2026-04-06 01:58:57 +0000] [79] [INFO] Booting worker with pid: 79
[2026-04-06 01:58:57 +0000] [80] [INFO] Booting worker with pid: 80
[2026-04-06 01:58:57 +0000] [81] [INFO] Booting worker with pid: 81
[2026-04-06 01:58:57 +0000] [83] [INFO] Booting worker with pid: 83
[2026-04-06 01:58:57 +0000] [84] [INFO] Booting worker with pid: 84
[2026-04-06 01:58:57 +0000] [65] [INFO] Started server process [65]
[2026-04-06 01:58:57 +0000] [65] [INFO] Waiting for application startup.
[2026-04-06 01:58:57 +0000] [65] [INFO] Application startup complete.
[2026-04-06 01:58:57 +0000] [86] [INFO] Booting worker with pid: 86
[2026-04-06 01:58:57 +0000] [67] [INFO] Started server process [67]
[2026-04-06 01:58:57 +0000] [67] [INFO] Waiting for application startup.
[2026-04-06 01:58:57 +0000] [67] [INFO] Application startup complete.
[2026-04-06 01:58:57 +0000] [69] [INFO] Started server process [69]
[2026-04-06 01:58:57 +0000] [69] [INFO] Waiting for application startup.
[2026-04-06 01:58:57 +0000] [69] [INFO] Application startup complete.
[2026-04-06 01:58:57 +0000] [88] [INFO] Booting worker with pid: 88
[2026-04-06 01:58:57 +0000] [72] [INFO] Started server process [72]
[2026-04-06 01:58:57 +0000] [72] [INFO] Waiting for application startup.
[2026-04-06 01:58:57 +0000] [72] [INFO] Application startup complete.
[2026-04-06 01:58:57 +0000] [91] [INFO] Booting worker with pid: 91
[2026-04-06 01:58:58 +0000] [74] [INFO] Started server process [74]
[2026-04-06 01:58:58 +0000] [74] [INFO] Waiting for application startup.
[2026-04-06 01:58:58 +0000] [74] [INFO] Application startup complete.
[2026-04-06 01:58:58 +0000] [75] [INFO] Started server process [75]
[2026-04-06 01:58:58 +0000] [75] [INFO] Waiting for application startup.
[2026-04-06 01:58:58 +0000] [75] [INFO] Application startup complete.
[2026-04-06 01:58:58 +0000] [93] [INFO] Booting worker with pid: 93
[2026-04-06 01:58:58 +0000] [76] [INFO] Started server process [76]
[2026-04-06 01:58:58 +0000] [76] [INFO] Waiting for application startup.
[2026-04-06 01:58:58 +0000] [76] [INFO] Application startup complete.
[2026-04-06 01:58:58 +0000] [78] [INFO] Started server process [78]
[2026-04-06 01:58:58 +0000] [78] [INFO] Waiting for application startup.
[2026-04-06 01:58:58 +0000] [78] [INFO] Application startup complete.
[2026-04-06 01:58:58 +0000] [96] [INFO] Booting worker with pid: 96
[2026-04-06 01:58:58 +0000] [79] [INFO] Started server process [79]
[2026-04-06 01:58:58 +0000] [79] [INFO] Waiting for application startup.
[2026-04-06 01:58:58 +0000] [79] [INFO] Application startup complete.
[2026-04-06 01:58:58 +0000] [80] [INFO] Started server process [80]
[2026-04-06 01:58:58 +0000] [80] [INFO] Waiting for application startup.
[2026-04-06 01:58:58 +0000] [80] [INFO] Application startup complete.
[2026-04-06 01:58:58 +0000] [100] [INFO] Booting worker with pid: 100
[2026-04-06 01:58:58 +0000] [81] [INFO] Started server process [81]
[2026-04-06 01:58:58 +0000] [81] [INFO] Waiting for application startup.
[2026-04-06 01:58:58 +0000] [81] [INFO] Application startup complete.
[2026-04-06 01:58:58 +0000] [102] [INFO] Booting worker with pid: 102
[2026-04-06 01:58:58 +0000] [83] [INFO] Started server process [83]
[2026-04-06 01:58:58 +0000] [83] [INFO] Waiting for application startup.
[2026-04-06 01:58:58 +0000] [83] [INFO] Application startup complete.
[2026-04-06 01:58:58 +0000] [84] [INFO] Started server process [84]
[2026-04-06 01:58:58 +0000] [84] [INFO] Waiting for application startup.
[2026-04-06 01:58:58 +0000] [84] [INFO] Application startup complete.
[2026-04-06 01:58:58 +0000] [86] [INFO] Started server process [86]
[2026-04-06 01:58:58 +0000] [86] [INFO] Waiting for application startup.
[2026-04-06 01:58:58 +0000] [86] [INFO] Application startup complete.
[2026-04-06 01:58:58 +0000] [105] [INFO] Booting worker with pid: 105
[2026-04-06 01:58:58 +0000] [106] [INFO] Booting worker with pid: 106
[2026-04-06 01:58:58 +0000] [107] [INFO] Booting worker with pid: 107
[2026-04-06 01:58:58 +0000] [88] [INFO] Started server process [88]
[2026-04-06 01:58:58 +0000] [88] [INFO] Waiting for application startup.
[2026-04-06 01:58:58 +0000] [88] [INFO] Application startup complete.
[2026-04-06 01:58:58 +0000] [91] [INFO] Started server process [91]
[2026-04-06 01:58:58 +0000] [91] [INFO] Waiting for application startup.
[2026-04-06 01:58:58 +0000] [91] [INFO] Application startup complete.
[2026-04-06 01:58:58 +0000] [110] [INFO] Booting worker with pid: 110
[2026-04-06 01:58:58 +0000] [112] [INFO] Booting worker with pid: 112
[2026-04-06 01:58:58 +0000] [93] [INFO] Started server process [93]
[2026-04-06 01:58:58 +0000] [93] [INFO] Waiting for application startup.
[2026-04-06 01:58:58 +0000] [93] [INFO] Application startup complete.
[2026-04-06 01:58:58 +0000] [113] [INFO] Booting worker with pid: 113
[2026-04-06 01:58:58 +0000] [115] [INFO] Booting worker with pid: 115
[2026-04-06 01:58:58 +0000] [96] [INFO] Started server process [96]
[2026-04-06 01:58:58 +0000] [96] [INFO] Waiting for application startup.
[2026-04-06 01:58:58 +0000] [96] [INFO] Application startup complete.
[2026-04-06 01:58:58 +0000] [117] [INFO] Booting worker with pid: 117
[2026-04-06 01:58:58 +0000] [100] [INFO] Started server process [100]
[2026-04-06 01:58:58 +0000] [100] [INFO] Waiting for application startup.
[2026-04-06 01:58:58 +0000] [100] [INFO] Application startup complete.
[2026-04-06 01:58:58 +0000] [119] [INFO] Booting worker with pid: 119
[2026-04-06 01:58:58 +0000] [120] [INFO] Booting worker with pid: 120
[2026-04-06 01:58:58 +0000] [102] [INFO] Started server process [102]
[2026-04-06 01:58:58 +0000] [102] [INFO] Waiting for application startup.
[2026-04-06 01:58:58 +0000] [102] [INFO] Application startup complete.
[2026-04-06 01:58:58 +0000] [124] [INFO] Booting worker with pid: 124
[2026-04-06 01:58:58 +0000] [105] [INFO] Started server process [105]
[2026-04-06 01:58:58 +0000] [105] [INFO] Waiting for application startup.
[2026-04-06 01:58:58 +0000] [105] [INFO] Application startup complete.
[2026-04-06 01:58:58 +0000] [106] [INFO] Started server process [106]
[2026-04-06 01:58:58 +0000] [106] [INFO] Waiting for application startup.
[2026-04-06 01:58:58 +0000] [106] [INFO] Application startup complete.
[2026-04-06 01:58:58 +0000] [107] [INFO] Started server process [107]
[2026-04-06 01:58:58 +0000] [107] [INFO] Waiting for application startup.
[2026-04-06 01:58:58 +0000] [107] [INFO] Application startup complete.
[2026-04-06 01:58:58 +0000] [126] [INFO] Booting worker with pid: 126
[2026-04-06 01:58:59 +0000] [110] [INFO] Started server process [110]
[2026-04-06 01:58:59 +0000] [110] [INFO] Waiting for application startup.
[2026-04-06 01:58:59 +0000] [110] [INFO] Application startup complete.
[2026-04-06 01:58:59 +0000] [112] [INFO] Started server process [112]
[2026-04-06 01:58:59 +0000] [112] [INFO] Waiting for application startup.
[2026-04-06 01:58:59 +0000] [112] [INFO] Application startup complete.
[2026-04-06 01:58:59 +0000] [113] [INFO] Started server process [113]
[2026-04-06 01:58:59 +0000] [113] [INFO] Waiting for application startup.
[2026-04-06 01:58:59 +0000] [113] [INFO] Application startup complete.
[2026-04-06 01:58:59 +0000] [115] [INFO] Started server process [115]
[2026-04-06 01:58:59 +0000] [115] [INFO] Waiting for application startup.
[2026-04-06 01:58:59 +0000] [115] [INFO] Application startup complete.
[2026-04-06 01:58:59 +0000] [117] [INFO] Started server process [117]
[2026-04-06 01:58:59 +0000] [117] [INFO] Waiting for application startup.
[2026-04-06 01:58:59 +0000] [117] [INFO] Application startup complete.
[2026-04-06 01:58:59 +0000] [119] [INFO] Started server process [119]
[2026-04-06 01:58:59 +0000] [119] [INFO] Waiting for application startup.
[2026-04-06 01:58:59 +0000] [119] [INFO] Application startup complete.
[2026-04-06 01:58:59 +0000] [120] [INFO] Started server process [120]
[2026-04-06 01:58:59 +0000] [120] [INFO] Waiting for application startup.
[2026-04-06 01:58:59 +0000] [120] [INFO] Application startup complete.
[2026-04-06 01:58:59 +0000] [124] [INFO] Started server process [124]
[2026-04-06 01:58:59 +0000] [124] [INFO] Waiting for application startup.
[2026-04-06 01:58:59 +0000] [124] [INFO] Application startup complete.
[2026-04-06 01:58:59 +0000] [126] [INFO] Started server process [126]
[2026-04-06 01:58:59 +0000] [126] [INFO] Waiting for application startup.
[2026-04-06 01:58:59 +0000] [126] [INFO] Application startup complete.
