[2026-04-06 10:24:05 +0000] [1] [INFO] Starting gunicorn 23.0.0
[2026-04-06 10:24:05 +0000] [1] [INFO] Listening at: http://0.0.0.0:8080 (1)
[2026-04-06 10:24:05 +0000] [1] [INFO] Using worker: uvicorn.workers.UvicornWorker
[2026-04-06 10:24:05 +0000] [7] [INFO] Booting worker with pid: 7
[2026-04-06 10:24:05 +0000] [8] [INFO] Booting worker with pid: 8
[2026-04-06 10:24:05 +0000] [9] [INFO] Booting worker with pid: 9
[2026-04-06 10:24:05 +0000] [10] [INFO] Booting worker with pid: 10
[2026-04-06 10:24:05 +0000] [11] [INFO] Booting worker with pid: 11
[2026-04-06 10:24:05 +0000] [7] [INFO] Started server process [7]
[2026-04-06 10:24:05 +0000] [7] [INFO] Waiting for application startup.
[2026-04-06 10:24:05 +0000] [7] [INFO] Application startup complete.
[2026-04-06 10:24:05 +0000] [8] [INFO] Started server process [8]
[2026-04-06 10:24:05 +0000] [8] [INFO] Waiting for application startup.
[2026-04-06 10:24:05 +0000] [8] [INFO] Application startup complete.
[2026-04-06 10:24:05 +0000] [9] [INFO] Started server process [9]
[2026-04-06 10:24:05 +0000] [9] [INFO] Waiting for application startup.
[2026-04-06 10:24:05 +0000] [9] [INFO] Application startup complete.
[2026-04-06 10:24:05 +0000] [10] [INFO] Started server process [10]
[2026-04-06 10:24:05 +0000] [10] [INFO] Waiting for application startup.
[2026-04-06 10:24:05 +0000] [10] [INFO] Application startup complete.
[2026-04-06 10:24:05 +0000] [11] [INFO] Started server process [11]
[2026-04-06 10:24:05 +0000] [11] [INFO] Waiting for application startup.
[2026-04-06 10:24:05 +0000] [11] [INFO] Application startup complete.
[2026-04-06 10:24:05 +0000] [17] [INFO] Booting worker with pid: 17
[2026-04-06 10:24:05 +0000] [18] [INFO] Booting worker with pid: 18
[2026-04-06 10:24:05 +0000] [17] [INFO] Started server process [17]
[2026-04-06 10:24:05 +0000] [17] [INFO] Waiting for application startup.
[2026-04-06 10:24:05 +0000] [17] [INFO] Application startup complete.
[2026-04-06 10:24:05 +0000] [18] [INFO] Started server process [18]
[2026-04-06 10:24:05 +0000] [18] [INFO] Waiting for application startup.
[2026-04-06 10:24:05 +0000] [18] [INFO] Application startup complete.
[2026-04-06 10:24:05 +0000] [21] [INFO] Booting worker with pid: 21
[2026-04-06 10:24:05 +0000] [22] [INFO] Booting worker with pid: 22
[2026-04-06 10:24:05 +0000] [24] [INFO] Booting worker with pid: 24
[2026-04-06 10:24:05 +0000] [21] [INFO] Started server process [21]
[2026-04-06 10:24:05 +0000] [21] [INFO] Waiting for application startup.
[2026-04-06 10:24:05 +0000] [21] [INFO] Application startup complete.
[2026-04-06 10:24:05 +0000] [25] [INFO] Booting worker with pid: 25
[2026-04-06 10:24:06 +0000] [22] [INFO] Started server process [22]
[2026-04-06 10:24:06 +0000] [22] [INFO] Waiting for application startup.
[2026-04-06 10:24:06 +0000] [22] [INFO] Application startup complete.
[2026-04-06 10:24:06 +0000] [24] [INFO] Started server process [24]
[2026-04-06 10:24:06 +0000] [24] [INFO] Waiting for application startup.
[2026-04-06 10:24:06 +0000] [24] [INFO] Application startup complete.
[2026-04-06 10:24:06 +0000] [28] [INFO] Booting worker with pid: 28
[2026-04-06 10:24:06 +0000] [30] [INFO] Booting worker with pid: 30
[2026-04-06 10:24:06 +0000] [25] [INFO] Started server process [25]
[2026-04-06 10:24:06 +0000] [25] [INFO] Waiting for application startup.
[2026-04-06 10:24:06 +0000] [25] [INFO] Application startup complete.
[2026-04-06 10:24:06 +0000] [28] [INFO] Started server process [28]
[2026-04-06 10:24:06 +0000] [28] [INFO] Waiting for application startup.
[2026-04-06 10:24:06 +0000] [28] [INFO] Application startup complete.
[2026-04-06 10:24:06 +0000] [32] [INFO] Booting worker with pid: 32
[2026-04-06 10:24:06 +0000] [30] [INFO] Started server process [30]
[2026-04-06 10:24:06 +0000] [30] [INFO] Waiting for application startup.
[2026-04-06 10:24:06 +0000] [30] [INFO] Application startup complete.
[2026-04-06 10:24:06 +0000] [34] [INFO] Booting worker with pid: 34
[2026-04-06 10:24:06 +0000] [32] [INFO] Started server process [32]
[2026-04-06 10:24:06 +0000] [32] [INFO] Waiting for application startup.
[2026-04-06 10:24:06 +0000] [32] [INFO] Application startup complete.
[2026-04-06 10:24:06 +0000] [36] [INFO] Booting worker with pid: 36
[2026-04-06 10:24:06 +0000] [34] [INFO] Started server process [34]
[2026-04-06 10:24:06 +0000] [34] [INFO] Waiting for application startup.
[2026-04-06 10:24:06 +0000] [34] [INFO] Application startup complete.
[2026-04-06 10:24:06 +0000] [36] [INFO] Started server process [36]
[2026-04-06 10:24:06 +0000] [36] [INFO] Waiting for application startup.
[2026-04-06 10:24:06 +0000] [36] [INFO] Application startup complete.
[2026-04-06 10:24:06 +0000] [39] [INFO] Booting worker with pid: 39
[2026-04-06 10:24:06 +0000] [41] [INFO] Booting worker with pid: 41
[2026-04-06 10:24:06 +0000] [39] [INFO] Started server process [39]
[2026-04-06 10:24:06 +0000] [39] [INFO] Waiting for application startup.
[2026-04-06 10:24:06 +0000] [39] [INFO] Application startup complete.
[2026-04-06 10:24:06 +0000] [42] [INFO] Booting worker with pid: 42
[2026-04-06 10:24:06 +0000] [41] [INFO] Started server process [41]
[2026-04-06 10:24:06 +0000] [41] [INFO] Waiting for application startup.
[2026-04-06 10:24:06 +0000] [41] [INFO] Application startup complete.
[2026-04-06 10:24:06 +0000] [44] [INFO] Booting worker with pid: 44
[2026-04-06 10:24:06 +0000] [42] [INFO] Started server process [42]
[2026-04-06 10:24:06 +0000] [42] [INFO] Waiting for application startup.
[2026-04-06 10:24:06 +0000] [42] [INFO] Application startup complete.
[2026-04-06 10:24:06 +0000] [46] [INFO] Booting worker with pid: 46
[2026-04-06 10:24:06 +0000] [44] [INFO] Started server process [44]
[2026-04-06 10:24:06 +0000] [44] [INFO] Waiting for application startup.
[2026-04-06 10:24:06 +0000] [44] [INFO] Application startup complete.
[2026-04-06 10:24:06 +0000] [49] [INFO] Booting worker with pid: 49
[2026-04-06 10:24:06 +0000] [46] [INFO] Started server process [46]
[2026-04-06 10:24:06 +0000] [46] [INFO] Waiting for application startup.
[2026-04-06 10:24:06 +0000] [46] [INFO] Application startup complete.
[2026-04-06 10:24:06 +0000] [51] [INFO] Booting worker with pid: 51
[2026-04-06 10:24:06 +0000] [49] [INFO] Started server process [49]
[2026-04-06 10:24:06 +0000] [49] [INFO] Waiting for application startup.
[2026-04-06 10:24:06 +0000] [49] [INFO] Application startup complete.
[2026-04-06 10:24:06 +0000] [52] [INFO] Booting worker with pid: 52
[2026-04-06 10:24:06 +0000] [51] [INFO] Started server process [51]
[2026-04-06 10:24:06 +0000] [51] [INFO] Waiting for application startup.
[2026-04-06 10:24:06 +0000] [51] [INFO] Application startup complete.
[2026-04-06 10:24:06 +0000] [55] [INFO] Booting worker with pid: 55
[2026-04-06 10:24:06 +0000] [52] [INFO] Started server process [52]
[2026-04-06 10:24:06 +0000] [52] [INFO] Waiting for application startup.
[2026-04-06 10:24:06 +0000] [52] [INFO] Application startup complete.
[2026-04-06 10:24:06 +0000] [56] [INFO] Booting worker with pid: 56
[2026-04-06 10:24:06 +0000] [55] [INFO] Started server process [55]
[2026-04-06 10:24:06 +0000] [55] [INFO] Waiting for application startup.
[2026-04-06 10:24:06 +0000] [55] [INFO] Application startup complete.
[2026-04-06 10:24:06 +0000] [56] [INFO] Started server process [56]
[2026-04-06 10:24:06 +0000] [56] [INFO] Waiting for application startup.
[2026-04-06 10:24:06 +0000] [56] [INFO] Application startup complete.
[2026-04-06 10:24:06 +0000] [59] [INFO] Booting worker with pid: 59
[2026-04-06 10:24:06 +0000] [60] [INFO] Booting worker with pid: 60
[2026-04-06 10:24:06 +0000] [61] [INFO] Booting worker with pid: 61
[2026-04-06 10:24:06 +0000] [64] [INFO] Booting worker with pid: 64
[2026-04-06 10:24:06 +0000] [59] [INFO] Started server process [59]
[2026-04-06 10:24:06 +0000] [59] [INFO] Waiting for application startup.
[2026-04-06 10:24:06 +0000] [59] [INFO] Application startup complete.
[2026-04-06 10:24:06 +0000] [60] [INFO] Started server process [60]
[2026-04-06 10:24:06 +0000] [60] [INFO] Waiting for application startup.
[2026-04-06 10:24:06 +0000] [60] [INFO] Application startup complete.
[2026-04-06 10:24:06 +0000] [66] [INFO] Booting worker with pid: 66
[2026-04-06 10:24:06 +0000] [61] [INFO] Started server process [61]
[2026-04-06 10:24:06 +0000] [61] [INFO] Waiting for application startup.
[2026-04-06 10:24:06 +0000] [61] [INFO] Application startup complete.
[2026-04-06 10:24:07 +0000] [64] [INFO] Started server process [64]
[2026-04-06 10:24:07 +0000] [64] [INFO] Waiting for application startup.
[2026-04-06 10:24:07 +0000] [64] [INFO] Application startup complete.
[2026-04-06 10:24:07 +0000] [69] [INFO] Booting worker with pid: 69
[2026-04-06 10:24:07 +0000] [66] [INFO] Started server process [66]
[2026-04-06 10:24:07 +0000] [66] [INFO] Waiting for application startup.
[2026-04-06 10:24:07 +0000] [66] [INFO] Application startup complete.
[2026-04-06 10:24:07 +0000] [70] [INFO] Booting worker with pid: 70
[2026-04-06 10:24:07 +0000] [69] [INFO] Started server process [69]
[2026-04-06 10:24:07 +0000] [69] [INFO] Waiting for application startup.
[2026-04-06 10:24:07 +0000] [69] [INFO] Application startup complete.
[2026-04-06 10:24:07 +0000] [72] [INFO] Booting worker with pid: 72
[2026-04-06 10:24:07 +0000] [70] [INFO] Started server process [70]
[2026-04-06 10:24:07 +0000] [70] [INFO] Waiting for application startup.
[2026-04-06 10:24:07 +0000] [70] [INFO] Application startup complete.
[2026-04-06 10:24:07 +0000] [74] [INFO] Booting worker with pid: 74
[2026-04-06 10:24:07 +0000] [76] [INFO] Booting worker with pid: 76
[2026-04-06 10:24:07 +0000] [72] [INFO] Started server process [72]
[2026-04-06 10:24:07 +0000] [72] [INFO] Waiting for application startup.
[2026-04-06 10:24:07 +0000] [72] [INFO] Application startup complete.
[2026-04-06 10:24:07 +0000] [77] [INFO] Booting worker with pid: 77
[2026-04-06 10:24:07 +0000] [78] [INFO] Booting worker with pid: 78
[2026-04-06 10:24:07 +0000] [80] [INFO] Booting worker with pid: 80
[2026-04-06 10:24:07 +0000] [74] [INFO] Started server process [74]
[2026-04-06 10:24:07 +0000] [74] [INFO] Waiting for application startup.
[2026-04-06 10:24:07 +0000] [74] [INFO] Application startup complete.
[2026-04-06 10:24:07 +0000] [82] [INFO] Booting worker with pid: 82
[2026-04-06 10:24:07 +0000] [76] [INFO] Started server process [76]
[2026-04-06 10:24:07 +0000] [76] [INFO] Waiting for application startup.
[2026-04-06 10:24:07 +0000] [76] [INFO] Application startup complete.
[2026-04-06 10:24:07 +0000] [77] [INFO] Started server process [77]
[2026-04-06 10:24:07 +0000] [77] [INFO] Waiting for application startup.
[2026-04-06 10:24:07 +0000] [77] [INFO] Application startup complete.
[2026-04-06 10:24:07 +0000] [78] [INFO] Started server process [78]
[2026-04-06 10:24:07 +0000] [78] [INFO] Waiting for application startup.
[2026-04-06 10:24:07 +0000] [78] [INFO] Application startup complete.
[2026-04-06 10:24:07 +0000] [86] [INFO] Booting worker with pid: 86
[2026-04-06 10:24:07 +0000] [80] [INFO] Started server process [80]
[2026-04-06 10:24:07 +0000] [80] [INFO] Waiting for application startup.
[2026-04-06 10:24:07 +0000] [80] [INFO] Application startup complete.
[2026-04-06 10:24:07 +0000] [82] [INFO] Started server process [82]
[2026-04-06 10:24:07 +0000] [82] [INFO] Waiting for application startup.
[2026-04-06 10:24:07 +0000] [82] [INFO] Application startup complete.
[2026-04-06 10:24:07 +0000] [88] [INFO] Booting worker with pid: 88
[2026-04-06 10:24:07 +0000] [86] [INFO] Started server process [86]
[2026-04-06 10:24:07 +0000] [86] [INFO] Waiting for application startup.
[2026-04-06 10:24:07 +0000] [86] [INFO] Application startup complete.
[2026-04-06 10:24:07 +0000] [90] [INFO] Booting worker with pid: 90
[2026-04-06 10:24:07 +0000] [92] [INFO] Booting worker with pid: 92
[2026-04-06 10:24:07 +0000] [88] [INFO] Started server process [88]
[2026-04-06 10:24:07 +0000] [88] [INFO] Waiting for application startup.
[2026-04-06 10:24:07 +0000] [88] [INFO] Application startup complete.
[2026-04-06 10:24:07 +0000] [93] [INFO] Booting worker with pid: 93
[2026-04-06 10:24:07 +0000] [90] [INFO] Started server process [90]
[2026-04-06 10:24:07 +0000] [90] [INFO] Waiting for application startup.
[2026-04-06 10:24:07 +0000] [90] [INFO] Application startup complete.
[2026-04-06 10:24:07 +0000] [92] [INFO] Started server process [92]
[2026-04-06 10:24:07 +0000] [92] [INFO] Waiting for application startup.
[2026-04-06 10:24:07 +0000] [92] [INFO] Application startup complete.
[2026-04-06 10:24:07 +0000] [96] [INFO] Booting worker with pid: 96
[2026-04-06 10:24:07 +0000] [93] [INFO] Started server process [93]
[2026-04-06 10:24:07 +0000] [93] [INFO] Waiting for application startup.
[2026-04-06 10:24:07 +0000] [93] [INFO] Application startup complete.
[2026-04-06 10:24:07 +0000] [98] [INFO] Booting worker with pid: 98
[2026-04-06 10:24:07 +0000] [96] [INFO] Started server process [96]
[2026-04-06 10:24:07 +0000] [96] [INFO] Waiting for application startup.
[2026-04-06 10:24:07 +0000] [96] [INFO] Application startup complete.
[2026-04-06 10:24:07 +0000] [100] [INFO] Booting worker with pid: 100
[2026-04-06 10:24:08 +0000] [102] [INFO] Booting worker with pid: 102
[2026-04-06 10:24:08 +0000] [98] [INFO] Started server process [98]
[2026-04-06 10:24:08 +0000] [98] [INFO] Waiting for application startup.
[2026-04-06 10:24:08 +0000] [98] [INFO] Application startup complete.
[2026-04-06 10:24:08 +0000] [103] [INFO] Booting worker with pid: 103
[2026-04-06 10:24:08 +0000] [100] [INFO] Started server process [100]
[2026-04-06 10:24:08 +0000] [100] [INFO] Waiting for application startup.
[2026-04-06 10:24:08 +0000] [100] [INFO] Application startup complete.
[2026-04-06 10:24:08 +0000] [105] [INFO] Booting worker with pid: 105
[2026-04-06 10:24:08 +0000] [102] [INFO] Started server process [102]
[2026-04-06 10:24:08 +0000] [102] [INFO] Waiting for application startup.
[2026-04-06 10:24:08 +0000] [102] [INFO] Application startup complete.
[2026-04-06 10:24:08 +0000] [103] [INFO] Started server process [103]
[2026-04-06 10:24:08 +0000] [103] [INFO] Waiting for application startup.
[2026-04-06 10:24:08 +0000] [103] [INFO] Application startup complete.
[2026-04-06 10:24:08 +0000] [108] [INFO] Booting worker with pid: 108
[2026-04-06 10:24:08 +0000] [105] [INFO] Started server process [105]
[2026-04-06 10:24:08 +0000] [105] [INFO] Waiting for application startup.
[2026-04-06 10:24:08 +0000] [105] [INFO] Application startup complete.
[2026-04-06 10:24:08 +0000] [110] [INFO] Booting worker with pid: 110
[2026-04-06 10:24:08 +0000] [112] [INFO] Booting worker with pid: 112
[2026-04-06 10:24:08 +0000] [108] [INFO] Started server process [108]
[2026-04-06 10:24:08 +0000] [108] [INFO] Waiting for application startup.
[2026-04-06 10:24:08 +0000] [108] [INFO] Application startup complete.
[2026-04-06 10:24:08 +0000] [113] [INFO] Booting worker with pid: 113
[2026-04-06 10:24:08 +0000] [110] [INFO] Started server process [110]
[2026-04-06 10:24:08 +0000] [110] [INFO] Waiting for application startup.
[2026-04-06 10:24:08 +0000] [110] [INFO] Application startup complete.
[2026-04-06 10:24:08 +0000] [116] [INFO] Booting worker with pid: 116
[2026-04-06 10:24:08 +0000] [112] [INFO] Started server process [112]
[2026-04-06 10:24:08 +0000] [112] [INFO] Waiting for application startup.
[2026-04-06 10:24:08 +0000] [112] [INFO] Application startup complete.
[2026-04-06 10:24:08 +0000] [118] [INFO] Booting worker with pid: 118
[2026-04-06 10:24:08 +0000] [113] [INFO] Started server process [113]
[2026-04-06 10:24:08 +0000] [113] [INFO] Waiting for application startup.
[2026-04-06 10:24:08 +0000] [113] [INFO] Application startup complete.
[2026-04-06 10:24:08 +0000] [119] [INFO] Booting worker with pid: 119
[2026-04-06 10:24:08 +0000] [116] [INFO] Started server process [116]
[2026-04-06 10:24:08 +0000] [116] [INFO] Waiting for application startup.
[2026-04-06 10:24:08 +0000] [116] [INFO] Application startup complete.
[2026-04-06 10:24:08 +0000] [121] [INFO] Booting worker with pid: 121
[2026-04-06 10:24:08 +0000] [118] [INFO] Started server process [118]
[2026-04-06 10:24:08 +0000] [118] [INFO] Waiting for application startup.
[2026-04-06 10:24:08 +0000] [118] [INFO] Application startup complete.
[2026-04-06 10:24:08 +0000] [124] [INFO] Booting worker with pid: 124
[2026-04-06 10:24:08 +0000] [119] [INFO] Started server process [119]
[2026-04-06 10:24:08 +0000] [119] [INFO] Waiting for application startup.
[2026-04-06 10:24:08 +0000] [119] [INFO] Application startup complete.
[2026-04-06 10:24:08 +0000] [125] [INFO] Booting worker with pid: 125
[2026-04-06 10:24:08 +0000] [121] [INFO] Started server process [121]
[2026-04-06 10:24:08 +0000] [121] [INFO] Waiting for application startup.
[2026-04-06 10:24:08 +0000] [121] [INFO] Application startup complete.
[2026-04-06 10:24:08 +0000] [127] [INFO] Booting worker with pid: 127
[2026-04-06 10:24:08 +0000] [129] [INFO] Booting worker with pid: 129
[2026-04-06 10:24:08 +0000] [124] [INFO] Started server process [124]
[2026-04-06 10:24:08 +0000] [124] [INFO] Waiting for application startup.
[2026-04-06 10:24:08 +0000] [124] [INFO] Application startup complete.
[2026-04-06 10:24:08 +0000] [131] [INFO] Booting worker with pid: 131
[2026-04-06 10:24:08 +0000] [125] [INFO] Started server process [125]
[2026-04-06 10:24:08 +0000] [125] [INFO] Waiting for application startup.
[2026-04-06 10:24:08 +0000] [125] [INFO] Application startup complete.
[2026-04-06 10:24:08 +0000] [127] [INFO] Started server process [127]
[2026-04-06 10:24:08 +0000] [127] [INFO] Waiting for application startup.
[2026-04-06 10:24:08 +0000] [127] [INFO] Application startup complete.
[2026-04-06 10:24:09 +0000] [129] [INFO] Started server process [129]
[2026-04-06 10:24:09 +0000] [129] [INFO] Waiting for application startup.
[2026-04-06 10:24:09 +0000] [129] [INFO] Application startup complete.
[2026-04-06 10:24:09 +0000] [131] [INFO] Started server process [131]
[2026-04-06 10:24:09 +0000] [131] [INFO] Waiting for application startup.
[2026-04-06 10:24:09 +0000] [131] [INFO] Application startup complete.
