INFO: Listening on port 8080
INFO: Starting up Iodine:
 * Iodine 5.2.1
 * Ruby 4.0.2
 * facil.io 0.7.4 (epoll)
 * 127 Workers X 1 Threads per worker.
 * Maximum 131056 open files / sockets per worker.
 * Master (root) process: 1.

INFO: Server is running 127 workers X 1 thread with facil.io 0.7.4 (epoll)
* Detected capacity: 131056 open file limit
* Root pid: 1
* Press ^C to stop

/usr/local/bundle/gems/rage-rb-1.22.1/lib/rage/middleware/fiber_wrapper.rb:11: warning: Scheduler should implement #fiber_interrupt
INFO: 9 is running.
/usr/local/bundle/gems/rage-rb-1.22.1/lib/rage/middleware/fiber_wrapper.rb:11: warning: Scheduler should implement #fiber_interrupt
INFO: 13 is running.
/usr/local/bundle/gems/rage-rb-1.22.1/lib/rage/middleware/fiber_wrapper.rb:11: warning: Scheduler should implement #fiber_interrupt
INFO: 17 is running.
/usr/local/bundle/gems/rage-rb-1.22.1/lib/rage/middleware/fiber_wrapper.rb:11: warning: Scheduler should implement #fiber_interrupt
INFO: 21 is running.
/usr/local/bundle/gems/rage-rb-1.22.1/lib/rage/middleware/fiber_wrapper.rb:11: warning: Scheduler should implement #fiber_interrupt
INFO: 25 is running.
/usr/local/bundle/gems/rage-rb-1.22.1/lib/rage/middleware/fiber_wrapper.rb:11: warning: Scheduler should implement #fiber_interrupt
INFO: 30 is running.
/usr/local/bundle/gems/rage-rb-1.22.1/lib/rage/middleware/fiber_wrapper.rb:11: warning: Scheduler should implement #fiber_interrupt
INFO: 35 is running.
/usr/local/bundle/gems/rage-rb-1.22.1/lib/rage/middleware/fiber_wrapper.rb:11: warning: Scheduler should implement #fiber_interrupt
INFO: 40 is running.
/usr/local/bundle/gems/rage-rb-1.22.1/lib/rage/middleware/fiber_wrapper.rb:11: warning: Scheduler should implement #fiber_interrupt
INFO: 45 is running.
/usr/local/bundle/gems/rage-rb-1.22.1/lib/rage/middleware/fiber_wrapper.rb:11: warning: Scheduler should implement #fiber_interrupt
INFO: 50 is running.
/usr/local/bundle/gems/rage-rb-1.22.1/lib/rage/middleware/fiber_wrapper.rb:11: warning: Scheduler should implement #fiber_interrupt
INFO: 55 is running.
/usr/local/bundle/gems/rage-rb-1.22.1/lib/rage/middleware/fiber_wrapper.rb:11: warning: Scheduler should implement #fiber_interrupt
INFO: 60 is running.
/usr/local/bundle/gems/rage-rb-1.22.1/lib/rage/middleware/fiber_wrapper.rb:11: warning: Scheduler should implement #fiber_interrupt
INFO: 69 is running.
/usr/local/bundle/gems/rage-rb-1.22.1/lib/rage/middleware/fiber_wrapper.rb:11: warning: Scheduler should implement #fiber_interrupt
INFO: 73 is running.
/usr/local/bundle/gems/rage-rb-1.22.1/lib/rage/middleware/fiber_wrapper.rb:11: warning: Scheduler should implement #fiber_interrupt
INFO: 77 is running.
/usr/local/bundle/gems/rage-rb-1.22.1/lib/rage/middleware/fiber_wrapper.rb:11: warning: Scheduler should implement #fiber_interrupt
INFO: 81 is running.
/usr/local/bundle/gems/rage-rb-1.22.1/lib/rage/middleware/fiber_wrapper.rb:11: warning: Scheduler should implement #fiber_interrupt
INFO: 86 is running.
/usr/local/bundle/gems/rage-rb-1.22.1/lib/rage/middleware/fiber_wrapper.rb:11: warning: Scheduler should implement #fiber_interrupt
INFO: 90 is running.
/usr/local/bundle/gems/rage-rb-1.22.1/lib/rage/middleware/fiber_wrapper.rb:11: warning: Scheduler should implement #fiber_interrupt
INFO: 95 is running.
/usr/local/bundle/gems/rage-rb-1.22.1/lib/rage/middleware/fiber_wrapper.rb:11: warning: Scheduler should implement #fiber_interrupt
INFO: 101 is running.
/usr/local/bundle/gems/rage-rb-1.22.1/lib/rage/middleware/fiber_wrapper.rb:11: warning: Scheduler should implement #fiber_interrupt
INFO: 106 is running.
/usr/local/bundle/gems/rage-rb-1.22.1/lib/rage/middleware/fiber_wrapper.rb:11: warning: Scheduler should implement #fiber_interrupt
INFO: 111 is running.
/usr/local/bundle/gems/rage-rb-1.22.1/lib/rage/middleware/fiber_wrapper.rb:11: warning: Scheduler should implement #fiber_interrupt
INFO: 116 is running.
/usr/local/bundle/gems/rage-rb-1.22.1/lib/rage/middleware/fiber_wrapper.rb:11: warning: Scheduler should implement #fiber_interrupt
INFO: 121 is running.
/usr/local/bundle/gems/rage-rb-1.22.1/lib/rage/middleware/fiber_wrapper.rb:11: warning: Scheduler should implement #fiber_interrupt
INFO: 126 is running.
/usr/local/bundle/gems/rage-rb-1.22.1/lib/rage/middleware/fiber_wrapper.rb:11: warning: Scheduler should implement #fiber_interrupt
INFO: 131 is running.
/usr/local/bundle/gems/rage-rb-1.22.1/lib/rage/middleware/fiber_wrapper.rb:11: warning: Scheduler should implement #fiber_interrupt
INFO: 136 is running.
/usr/local/bundle/gems/rage-rb-1.22.1/lib/rage/middleware/fiber_wrapper.rb:11: warning: Scheduler should implement #fiber_interrupt
INFO: 141 is running.
/usr/local/bundle/gems/rage-rb-1.22.1/lib/rage/middleware/fiber_wrapper.rb:11: warning: Scheduler should implement #fiber_interrupt
INFO: 146 is running.
/usr/local/bundle/gems/rage-rb-1.22.1/lib/rage/middleware/fiber_wrapper.rb:11: warning: Scheduler should implement #fiber_interrupt
INFO: 151 is running.
/usr/local/bundle/gems/rage-rb-1.22.1/lib/rage/middleware/fiber_wrapper.rb:11: warning: Scheduler should implement #fiber_interrupt
INFO: 156 is running.
/usr/local/bundle/gems/rage-rb-1.22.1/lib/rage/middleware/fiber_wrapper.rb:11: warning: Scheduler should implement #fiber_interrupt
INFO: 161 is running.
/usr/local/bundle/gems/rage-rb-1.22.1/lib/rage/middleware/fiber_wrapper.rb:11: warning: Scheduler should implement #fiber_interrupt
INFO: 166 is running.
/usr/local/bundle/gems/rage-rb-1.22.1/lib/rage/middleware/fiber_wrapper.rb:11: warning: Scheduler should implement #fiber_interrupt
INFO: 171 is running.
/usr/local/bundle/gems/rage-rb-1.22.1/lib/rage/middleware/fiber_wrapper.rb:11: warning: Scheduler should implement #fiber_interrupt
INFO: 176 is running.
/usr/local/bundle/gems/rage-rb-1.22.1/lib/rage/middleware/fiber_wrapper.rb:11: warning: Scheduler should implement #fiber_interrupt
INFO: 181 is running.
/usr/local/bundle/gems/rage-rb-1.22.1/lib/rage/middleware/fiber_wrapper.rb:11: warning: Scheduler should implement #fiber_interrupt
INFO: 186 is running.
/usr/local/bundle/gems/rage-rb-1.22.1/lib/rage/middleware/fiber_wrapper.rb:11: warning: Scheduler should implement #fiber_interrupt
INFO: 191 is running.
/usr/local/bundle/gems/rage-rb-1.22.1/lib/rage/middleware/fiber_wrapper.rb:11: warning: Scheduler should implement #fiber_interrupt
INFO: 196 is running.
/usr/local/bundle/gems/rage-rb-1.22.1/lib/rage/middleware/fiber_wrapper.rb:11: warning: Scheduler should implement #fiber_interrupt
INFO: 201 is running.
/usr/local/bundle/gems/rage-rb-1.22.1/lib/rage/middleware/fiber_wrapper.rb:11: warning: Scheduler should implement #fiber_interrupt
INFO: 205 is running.
/usr/local/bundle/gems/rage-rb-1.22.1/lib/rage/middleware/fiber_wrapper.rb:11: warning: Scheduler should implement #fiber_interrupt
INFO: 211 is running.
/usr/local/bundle/gems/rage-rb-1.22.1/lib/rage/middleware/fiber_wrapper.rb:11: warning: Scheduler should implement #fiber_interrupt
INFO: 216 is running.
/usr/local/bundle/gems/rage-rb-1.22.1/lib/rage/middleware/fiber_wrapper.rb:11: warning: Scheduler should implement #fiber_interrupt
INFO: 221 is running.
/usr/local/bundle/gems/rage-rb-1.22.1/lib/rage/middleware/fiber_wrapper.rb:11: warning: Scheduler should implement #fiber_interrupt
INFO: 226 is running.
/usr/local/bundle/gems/rage-rb-1.22.1/lib/rage/middleware/fiber_wrapper.rb:11: warning: Scheduler should implement #fiber_interrupt
INFO: 231 is running.
/usr/local/bundle/gems/rage-rb-1.22.1/lib/rage/middleware/fiber_wrapper.rb:11: warning: Scheduler should implement #fiber_interrupt
INFO: 236 is running.
/usr/local/bundle/gems/rage-rb-1.22.1/lib/rage/middleware/fiber_wrapper.rb:11: warning: Scheduler should implement #fiber_interrupt
INFO: 241 is running.
/usr/local/bundle/gems/rage-rb-1.22.1/lib/rage/middleware/fiber_wrapper.rb:11: warning: Scheduler should implement #fiber_interrupt
INFO: 246 is running.
/usr/local/bundle/gems/rage-rb-1.22.1/lib/rage/middleware/fiber_wrapper.rb:11: warning: Scheduler should implement #fiber_interrupt
INFO: 251 is running.
/usr/local/bundle/gems/rage-rb-1.22.1/lib/rage/middleware/fiber_wrapper.rb:11: warning: Scheduler should implement #fiber_interrupt
INFO: 256 is running.
/usr/local/bundle/gems/rage-rb-1.22.1/lib/rage/middleware/fiber_wrapper.rb:11: warning: Scheduler should implement #fiber_interrupt
INFO: 261 is running.
/usr/local/bundle/gems/rage-rb-1.22.1/lib/rage/middleware/fiber_wrapper.rb:11: warning: Scheduler should implement #fiber_interrupt
INFO: 266 is running.
/usr/local/bundle/gems/rage-rb-1.22.1/lib/rage/middleware/fiber_wrapper.rb:11: warning: Scheduler should implement #fiber_interrupt
INFO: 271 is running.
/usr/local/bundle/gems/rage-rb-1.22.1/lib/rage/middleware/fiber_wrapper.rb:11: warning: Scheduler should implement #fiber_interrupt
INFO: 276 is running.
/usr/local/bundle/gems/rage-rb-1.22.1/lib/rage/middleware/fiber_wrapper.rb:11: warning: Scheduler should implement #fiber_interrupt
INFO: 281 is running.
/usr/local/bundle/gems/rage-rb-1.22.1/lib/rage/middleware/fiber_wrapper.rb:11: warning: Scheduler should implement #fiber_interrupt
INFO: 286 is running.
/usr/local/bundle/gems/rage-rb-1.22.1/lib/rage/middleware/fiber_wrapper.rb:11: warning: Scheduler should implement #fiber_interrupt
INFO: 291 is running.
/usr/local/bundle/gems/rage-rb-1.22.1/lib/rage/middleware/fiber_wrapper.rb:11: warning: Scheduler should implement #fiber_interrupt
INFO: 299 is running.
/usr/local/bundle/gems/rage-rb-1.22.1/lib/rage/middleware/fiber_wrapper.rb:11: warning: Scheduler should implement #fiber_interrupt
INFO: 303 is running.
/usr/local/bundle/gems/rage-rb-1.22.1/lib/rage/middleware/fiber_wrapper.rb:11: warning: Scheduler should implement #fiber_interrupt
INFO: 307 is running.
/usr/local/bundle/gems/rage-rb-1.22.1/lib/rage/middleware/fiber_wrapper.rb:11: warning: Scheduler should implement #fiber_interrupt
INFO: 311 is running.
/usr/local/bundle/gems/rage-rb-1.22.1/lib/rage/middleware/fiber_wrapper.rb:11: warning: Scheduler should implement #fiber_interrupt
INFO: 316 is running.
/usr/local/bundle/gems/rage-rb-1.22.1/lib/rage/middleware/fiber_wrapper.rb:11: warning: Scheduler should implement #fiber_interrupt
INFO: 321 is running.
/usr/local/bundle/gems/rage-rb-1.22.1/lib/rage/middleware/fiber_wrapper.rb:11: warning: Scheduler should implement #fiber_interrupt
INFO: 326 is running.
/usr/local/bundle/gems/rage-rb-1.22.1/lib/rage/middleware/fiber_wrapper.rb:11: warning: Scheduler should implement #fiber_interrupt
INFO: 331 is running.
/usr/local/bundle/gems/rage-rb-1.22.1/lib/rage/middleware/fiber_wrapper.rb:11: warning: Scheduler should implement #fiber_interrupt
INFO: 336 is running.
/usr/local/bundle/gems/rage-rb-1.22.1/lib/rage/middleware/fiber_wrapper.rb:11: warning: Scheduler should implement #fiber_interrupt
INFO: 341 is running.
/usr/local/bundle/gems/rage-rb-1.22.1/lib/rage/middleware/fiber_wrapper.rb:11: warning: Scheduler should implement #fiber_interrupt
INFO: 349 is running.
/usr/local/bundle/gems/rage-rb-1.22.1/lib/rage/middleware/fiber_wrapper.rb:11: warning: Scheduler should implement #fiber_interrupt
INFO: 353 is running.
/usr/local/bundle/gems/rage-rb-1.22.1/lib/rage/middleware/fiber_wrapper.rb:11: warning: Scheduler should implement #fiber_interrupt
INFO: 357 is running.
/usr/local/bundle/gems/rage-rb-1.22.1/lib/rage/middleware/fiber_wrapper.rb:11: warning: Scheduler should implement #fiber_interrupt
INFO: 361 is running.
/usr/local/bundle/gems/rage-rb-1.22.1/lib/rage/middleware/fiber_wrapper.rb:11: warning: Scheduler should implement #fiber_interrupt
INFO: 367 is running.
/usr/local/bundle/gems/rage-rb-1.22.1/lib/rage/middleware/fiber_wrapper.rb:11: warning: Scheduler should implement #fiber_interrupt
INFO: 372 is running.
/usr/local/bundle/gems/rage-rb-1.22.1/lib/rage/middleware/fiber_wrapper.rb:11: warning: Scheduler should implement #fiber_interrupt
INFO: 377 is running.
/usr/local/bundle/gems/rage-rb-1.22.1/lib/rage/middleware/fiber_wrapper.rb:11: warning: Scheduler should implement #fiber_interrupt
INFO: 382 is running.
/usr/local/bundle/gems/rage-rb-1.22.1/lib/rage/middleware/fiber_wrapper.rb:11: warning: Scheduler should implement #fiber_interrupt
INFO: 387 is running.
/usr/local/bundle/gems/rage-rb-1.22.1/lib/rage/middleware/fiber_wrapper.rb:11: warning: Scheduler should implement #fiber_interrupt
INFO: 392 is running.
/usr/local/bundle/gems/rage-rb-1.22.1/lib/rage/middleware/fiber_wrapper.rb:11: warning: Scheduler should implement #fiber_interrupt
INFO: 397 is running.
/usr/local/bundle/gems/rage-rb-1.22.1/lib/rage/middleware/fiber_wrapper.rb:11: warning: Scheduler should implement #fiber_interrupt
INFO: 402 is running.
/usr/local/bundle/gems/rage-rb-1.22.1/lib/rage/middleware/fiber_wrapper.rb:11: warning: Scheduler should implement #fiber_interrupt
INFO: 407 is running.
/usr/local/bundle/gems/rage-rb-1.22.1/lib/rage/middleware/fiber_wrapper.rb:11: warning: Scheduler should implement #fiber_interrupt
INFO: 412 is running.
/usr/local/bundle/gems/rage-rb-1.22.1/lib/rage/middleware/fiber_wrapper.rb:11: warning: Scheduler should implement #fiber_interrupt
INFO: 417 is running.
/usr/local/bundle/gems/rage-rb-1.22.1/lib/rage/middleware/fiber_wrapper.rb:11: warning: Scheduler should implement #fiber_interrupt
INFO: 422 is running.
/usr/local/bundle/gems/rage-rb-1.22.1/lib/rage/middleware/fiber_wrapper.rb:11: warning: Scheduler should implement #fiber_interrupt
INFO: 427 is running.
/usr/local/bundle/gems/rage-rb-1.22.1/lib/rage/middleware/fiber_wrapper.rb:11: warning: Scheduler should implement #fiber_interrupt
INFO: 432 is running.
/usr/local/bundle/gems/rage-rb-1.22.1/lib/rage/middleware/fiber_wrapper.rb:11: warning: Scheduler should implement #fiber_interrupt
INFO: 437 is running.
/usr/local/bundle/gems/rage-rb-1.22.1/lib/rage/middleware/fiber_wrapper.rb:11: warning: Scheduler should implement #fiber_interrupt
INFO: 442 is running.
/usr/local/bundle/gems/rage-rb-1.22.1/lib/rage/middleware/fiber_wrapper.rb:11: warning: Scheduler should implement #fiber_interrupt
INFO: 447 is running.
/usr/local/bundle/gems/rage-rb-1.22.1/lib/rage/middleware/fiber_wrapper.rb:11: warning: Scheduler should implement #fiber_interrupt
INFO: 452 is running.
/usr/local/bundle/gems/rage-rb-1.22.1/lib/rage/middleware/fiber_wrapper.rb:11: warning: Scheduler should implement #fiber_interrupt
INFO: 457 is running.
/usr/local/bundle/gems/rage-rb-1.22.1/lib/rage/middleware/fiber_wrapper.rb:11: warning: Scheduler should implement #fiber_interrupt
INFO: 463 is running.
/usr/local/bundle/gems/rage-rb-1.22.1/lib/rage/middleware/fiber_wrapper.rb:11: warning: Scheduler should implement #fiber_interrupt
INFO: 468 is running.
/usr/local/bundle/gems/rage-rb-1.22.1/lib/rage/middleware/fiber_wrapper.rb:11: warning: Scheduler should implement #fiber_interrupt
INFO: 473 is running.
/usr/local/bundle/gems/rage-rb-1.22.1/lib/rage/middleware/fiber_wrapper.rb:11: warning: Scheduler should implement #fiber_interrupt
INFO: 477 is running.
/usr/local/bundle/gems/rage-rb-1.22.1/lib/rage/middleware/fiber_wrapper.rb:11: warning: Scheduler should implement #fiber_interrupt
INFO: 482 is running.
/usr/local/bundle/gems/rage-rb-1.22.1/lib/rage/middleware/fiber_wrapper.rb:11: warning: Scheduler should implement #fiber_interrupt
INFO: 488 is running.
/usr/local/bundle/gems/rage-rb-1.22.1/lib/rage/middleware/fiber_wrapper.rb:11: warning: Scheduler should implement #fiber_interrupt
INFO: 492 is running.
/usr/local/bundle/gems/rage-rb-1.22.1/lib/rage/middleware/fiber_wrapper.rb:11: warning: Scheduler should implement #fiber_interrupt
INFO: 496 is running.
/usr/local/bundle/gems/rage-rb-1.22.1/lib/rage/middleware/fiber_wrapper.rb:11: warning: Scheduler should implement #fiber_interrupt
/usr/local/bundle/gems/rage-rb-1.22.1/lib/rage/middleware/fiber_wrapper.rb:11: warning: Scheduler should implement #fiber_interrupt
INFO: 506 is running.
INFO: 501 is running.
/usr/local/bundle/gems/rage-rb-1.22.1/lib/rage/middleware/fiber_wrapper.rb:11: warning: Scheduler should implement #fiber_interrupt
INFO: 511 is running.
/usr/local/bundle/gems/rage-rb-1.22.1/lib/rage/middleware/fiber_wrapper.rb:11: warning: Scheduler should implement #fiber_interrupt
INFO: 520 is running.
/usr/local/bundle/gems/rage-rb-1.22.1/lib/rage/middleware/fiber_wrapper.rb:11: warning: Scheduler should implement #fiber_interrupt
INFO: 516 is running.
/usr/local/bundle/gems/rage-rb-1.22.1/lib/rage/middleware/fiber_wrapper.rb:11: warning: Scheduler should implement #fiber_interrupt
INFO: 530 is running.
/usr/local/bundle/gems/rage-rb-1.22.1/lib/rage/middleware/fiber_wrapper.rb:11: warning: Scheduler should implement #fiber_interrupt
INFO: 526 is running.
/usr/local/bundle/gems/rage-rb-1.22.1/lib/rage/middleware/fiber_wrapper.rb:11: warning: Scheduler should implement #fiber_interrupt
INFO: 535 is running.
/usr/local/bundle/gems/rage-rb-1.22.1/lib/rage/middleware/fiber_wrapper.rb:11: warning: Scheduler should implement #fiber_interrupt
INFO: 541 is running.
/usr/local/bundle/gems/rage-rb-1.22.1/lib/rage/middleware/fiber_wrapper.rb:11: warning: Scheduler should implement #fiber_interrupt
INFO: 545 is running.
/usr/local/bundle/gems/rage-rb-1.22.1/lib/rage/middleware/fiber_wrapper.rb:11: warning: Scheduler should implement #fiber_interrupt
INFO: 551 is running.
/usr/local/bundle/gems/rage-rb-1.22.1/lib/rage/middleware/fiber_wrapper.rb:11: warning: Scheduler should implement #fiber_interrupt
INFO: 560 is running.
/usr/local/bundle/gems/rage-rb-1.22.1/lib/rage/middleware/fiber_wrapper.rb:11: warning: Scheduler should implement #fiber_interrupt
INFO: 556 is running.
/usr/local/bundle/gems/rage-rb-1.22.1/lib/rage/middleware/fiber_wrapper.rb:11: warning: Scheduler should implement #fiber_interrupt
INFO: 571 is running.
/usr/local/bundle/gems/rage-rb-1.22.1/lib/rage/middleware/fiber_wrapper.rb:11: warning: Scheduler should implement #fiber_interrupt
INFO: 565 is running.
/usr/local/bundle/gems/rage-rb-1.22.1/lib/rage/middleware/fiber_wrapper.rb:11: warning: Scheduler should implement #fiber_interrupt
INFO: 576 is running.
/usr/local/bundle/gems/rage-rb-1.22.1/lib/rage/middleware/fiber_wrapper.rb:11: warning: Scheduler should implement #fiber_interrupt
INFO: 581 is running.
/usr/local/bundle/gems/rage-rb-1.22.1/lib/rage/middleware/fiber_wrapper.rb:11: warning: Scheduler should implement #fiber_interrupt
INFO: 591 is running.
/usr/local/bundle/gems/rage-rb-1.22.1/lib/rage/middleware/fiber_wrapper.rb:11: warning: Scheduler should implement #fiber_interrupt
INFO: 587 is running.
/usr/local/bundle/gems/rage-rb-1.22.1/lib/rage/middleware/fiber_wrapper.rb:11: warning: Scheduler should implement #fiber_interrupt
INFO: 595 is running.
/usr/local/bundle/gems/rage-rb-1.22.1/lib/rage/middleware/fiber_wrapper.rb:11: warning: Scheduler should implement #fiber_interrupt
INFO: 600 is running.
/usr/local/bundle/gems/rage-rb-1.22.1/lib/rage/middleware/fiber_wrapper.rb:11: warning: Scheduler should implement #fiber_interrupt
INFO: 606 is running.
/usr/local/bundle/gems/rage-rb-1.22.1/lib/rage/middleware/fiber_wrapper.rb:11: warning: Scheduler should implement #fiber_interrupt
INFO: 611 is running.
/usr/local/bundle/gems/rage-rb-1.22.1/lib/rage/middleware/fiber_wrapper.rb:11: warning: Scheduler should implement #fiber_interrupt
INFO: 617 is running.
/usr/local/bundle/gems/rage-rb-1.22.1/lib/rage/middleware/fiber_wrapper.rb:11: warning: Scheduler should implement #fiber_interrupt
INFO: 621 is running.
/usr/local/bundle/gems/rage-rb-1.22.1/lib/rage/middleware/fiber_wrapper.rb:11: warning: Scheduler should implement #fiber_interrupt
INFO: 635 is running.
/usr/local/bundle/gems/rage-rb-1.22.1/lib/rage/middleware/fiber_wrapper.rb:11: warning: Scheduler should implement #fiber_interrupt
INFO: 630 is running.
/usr/local/bundle/gems/rage-rb-1.22.1/lib/rage/middleware/fiber_wrapper.rb:11: warning: Scheduler should implement #fiber_interrupt
INFO: 626 is running.
