[1] Puma starting in cluster mode...
[1] * Puma version: 6.6.1 ("Return to Forever")
[1] * Ruby version: ruby 3.4.9 (2026-03-11 revision 76cca827ab) +YJIT +PRISM [x86_64-linux]
[1] *  Min threads: 4
[1] *  Max threads: 4
[1] *  Environment: development
[1] *   Master PID: 1
[1] *      Workers: 128
[1] *     Restarts: (✔) hot (✖) phased (✖) refork
[1] * Preloading application
[1] * Listening on http://0.0.0.0:8080
[1] Use Ctrl-C to stop
[1] - Worker 0 (PID: 8) booted in 0.29s, phase: 0
[1] - Worker 1 (PID: 12) booted in 0.29s, phase: 0
[1] - Worker 2 (PID: 19) booted in 0.29s, phase: 0
[1] - Worker 3 (PID: 28) booted in 0.28s, phase: 0
[1] - Worker 4 (PID: 45) booted in 0.28s, phase: 0
[1] - Worker 5 (PID: 57) booted in 0.28s, phase: 0
[1] - Worker 6 (PID: 67) booted in 0.28s, phase: 0
[1] - Worker 7 (PID: 79) booted in 0.28s, phase: 0
[1] - Worker 8 (PID: 92) booted in 0.28s, phase: 0
[1] - Worker 9 (PID: 103) booted in 0.27s, phase: 0
[1] - Worker 10 (PID: 118) booted in 0.27s, phase: 0
[1] - Worker 11 (PID: 129) booted in 0.27s, phase: 0
[1] - Worker 12 (PID: 139) booted in 0.27s, phase: 0
[1] - Worker 13 (PID: 153) booted in 0.27s, phase: 0
[1] - Worker 14 (PID: 172) booted in 0.26s, phase: 0
[1] - Worker 15 (PID: 178) booted in 0.26s, phase: 0
[1] - Worker 16 (PID: 187) booted in 0.26s, phase: 0
[1] - Worker 17 (PID: 199) booted in 0.26s, phase: 0
[1] - Worker 18 (PID: 212) booted in 0.26s, phase: 0
[1] - Worker 19 (PID: 223) booted in 0.26s, phase: 0
[1] - Worker 20 (PID: 236) booted in 0.26s, phase: 0
[1] - Worker 21 (PID: 248) booted in 0.26s, phase: 0
[1] - Worker 22 (PID: 260) booted in 0.26s, phase: 0
[1] - Worker 23 (PID: 271) booted in 0.25s, phase: 0
[1] - Worker 24 (PID: 284) booted in 0.25s, phase: 0
[1] - Worker 25 (PID: 296) booted in 0.25s, phase: 0
[1] - Worker 26 (PID: 308) booted in 0.25s, phase: 0
[1] - Worker 27 (PID: 320) booted in 0.25s, phase: 0
[1] - Worker 28 (PID: 332) booted in 0.24s, phase: 0
[1] - Worker 29 (PID: 344) booted in 0.24s, phase: 0
[1] - Worker 30 (PID: 350) booted in 0.24s, phase: 0
[1] - Worker 31 (PID: 357) booted in 0.24s, phase: 0
[1] - Worker 32 (PID: 364) booted in 0.23s, phase: 0
[1] - Worker 33 (PID: 392) booted in 0.23s, phase: 0
[1] - Worker 34 (PID: 403) booted in 0.22s, phase: 0
[1] - Worker 35 (PID: 415) booted in 0.22s, phase: 0
[1] - Worker 36 (PID: 426) booted in 0.22s, phase: 0
[1] - Worker 37 (PID: 436) booted in 0.22s, phase: 0
[1] - Worker 38 (PID: 449) booted in 0.22s, phase: 0
[1] - Worker 39 (PID: 458) booted in 0.21s, phase: 0
[1] - Worker 40 (PID: 467) booted in 0.21s, phase: 0
[1] - Worker 41 (PID: 482) booted in 0.21s, phase: 0
[1] - Worker 42 (PID: 495) booted in 0.21s, phase: 0
[1] - Worker 43 (PID: 509) booted in 0.21s, phase: 0
[1] - Worker 44 (PID: 519) booted in 0.21s, phase: 0
[1] - Worker 45 (PID: 532) booted in 0.2s, phase: 0
[1] - Worker 46 (PID: 546) booted in 0.2s, phase: 0
[1] - Worker 47 (PID: 555) booted in 0.2s, phase: 0
[1] - Worker 48 (PID: 567) booted in 0.2s, phase: 0
[1] - Worker 49 (PID: 577) booted in 0.2s, phase: 0
[1] - Worker 50 (PID: 591) booted in 0.2s, phase: 0
[1] - Worker 51 (PID: 604) booted in 0.19s, phase: 0
[1] - Worker 52 (PID: 615) booted in 0.19s, phase: 0
[1] - Worker 53 (PID: 631) booted in 0.19s, phase: 0
[1] - Worker 54 (PID: 643) booted in 0.19s, phase: 0
[1] - Worker 55 (PID: 653) booted in 0.19s, phase: 0
[1] - Worker 56 (PID: 663) booted in 0.18s, phase: 0
[1] - Worker 57 (PID: 678) booted in 0.18s, phase: 0
[1] - Worker 58 (PID: 687) booted in 0.18s, phase: 0
[1] - Worker 59 (PID: 700) booted in 0.18s, phase: 0
[1] - Worker 60 (PID: 712) booted in 0.18s, phase: 0
[1] - Worker 61 (PID: 727) booted in 0.18s, phase: 0
[1] - Worker 62 (PID: 732) booted in 0.17s, phase: 0
[1] - Worker 63 (PID: 747) booted in 0.17s, phase: 0
[1] - Worker 64 (PID: 761) booted in 0.17s, phase: 0
[1] - Worker 65 (PID: 775) booted in 0.17s, phase: 0
[1] - Worker 66 (PID: 783) booted in 0.17s, phase: 0
[1] - Worker 67 (PID: 795) booted in 0.17s, phase: 0
[1] - Worker 68 (PID: 810) booted in 0.16s, phase: 0
[1] - Worker 69 (PID: 822) booted in 0.16s, phase: 0
[1] - Worker 70 (PID: 831) booted in 0.16s, phase: 0
[1] - Worker 71 (PID: 844) booted in 0.16s, phase: 0
[1] - Worker 72 (PID: 856) booted in 0.16s, phase: 0
[1] - Worker 73 (PID: 870) booted in 0.15s, phase: 0
[1] - Worker 74 (PID: 881) booted in 0.15s, phase: 0
[1] - Worker 75 (PID: 895) booted in 0.15s, phase: 0
[1] - Worker 76 (PID: 907) booted in 0.15s, phase: 0
[1] - Worker 77 (PID: 917) booted in 0.15s, phase: 0
[1] - Worker 78 (PID: 929) booted in 0.15s, phase: 0
[1] - Worker 79 (PID: 941) booted in 0.14s, phase: 0
[1] - Worker 80 (PID: 953) booted in 0.14s, phase: 0
[1] - Worker 81 (PID: 966) booted in 0.14s, phase: 0
[1] - Worker 82 (PID: 978) booted in 0.14s, phase: 0
[1] - Worker 83 (PID: 991) booted in 0.14s, phase: 0
[1] - Worker 84 (PID: 1003) booted in 0.13s, phase: 0
[1] - Worker 85 (PID: 1013) booted in 0.13s, phase: 0
[1] - Worker 86 (PID: 1025) booted in 0.13s, phase: 0
[1] - Worker 87 (PID: 1037) booted in 0.13s, phase: 0
[1] - Worker 88 (PID: 1049) booted in 0.13s, phase: 0
[1] - Worker 89 (PID: 1059) booted in 0.12s, phase: 0
[1] - Worker 90 (PID: 1074) booted in 0.12s, phase: 0
[1] - Worker 91 (PID: 1087) booted in 0.12s, phase: 0
[1] - Worker 92 (PID: 1099) booted in 0.12s, phase: 0
[1] - Worker 93 (PID: 1110) booted in 0.12s, phase: 0
[1] - Worker 94 (PID: 1123) booted in 0.12s, phase: 0
[1] - Worker 95 (PID: 1135) booted in 0.11s, phase: 0
[1] - Worker 96 (PID: 1147) booted in 0.11s, phase: 0
[1] - Worker 97 (PID: 1157) booted in 0.11s, phase: 0
[1] - Worker 98 (PID: 1170) booted in 0.11s, phase: 0
[1] - Worker 99 (PID: 1180) booted in 0.11s, phase: 0
[1] - Worker 100 (PID: 1195) booted in 0.1s, phase: 0
[1] - Worker 101 (PID: 1207) booted in 0.1s, phase: 0
[1] - Worker 102 (PID: 1217) booted in 0.1s, phase: 0
[1] - Worker 103 (PID: 1229) booted in 0.1s, phase: 0
[1] - Worker 104 (PID: 1241) booted in 0.1s, phase: 0
[1] - Worker 105 (PID: 1255) booted in 0.1s, phase: 0
[1] - Worker 106 (PID: 1267) booted in 0.09s, phase: 0
[1] - Worker 107 (PID: 1279) booted in 0.09s, phase: 0
[1] - Worker 108 (PID: 1291) booted in 0.09s, phase: 0
[1] - Worker 109 (PID: 1303) booted in 0.09s, phase: 0
[1] - Worker 110 (PID: 1315) booted in 0.09s, phase: 0
[1] - Worker 111 (PID: 1325) booted in 0.08s, phase: 0
[1] - Worker 112 (PID: 1339) booted in 0.08s, phase: 0
[1] - Worker 113 (PID: 1351) booted in 0.08s, phase: 0
[1] - Worker 114 (PID: 1363) booted in 0.08s, phase: 0
[1] - Worker 115 (PID: 1373) booted in 0.08s, phase: 0
[1] - Worker 116 (PID: 1385) booted in 0.08s, phase: 0
[1] - Worker 117 (PID: 1395) booted in 0.07s, phase: 0
[1] - Worker 118 (PID: 1411) booted in 0.07s, phase: 0
[1] - Worker 119 (PID: 1423) booted in 0.07s, phase: 0
[1] - Worker 120 (PID: 1435) booted in 0.07s, phase: 0
[1] - Worker 121 (PID: 1446) booted in 0.07s, phase: 0
[1] - Worker 122 (PID: 1459) booted in 0.06s, phase: 0
[1] - Worker 123 (PID: 1468) booted in 0.06s, phase: 0
[1] - Worker 124 (PID: 1483) booted in 0.06s, phase: 0
[1] - Worker 125 (PID: 1495) booted in 0.06s, phase: 0
[1] - Worker 126 (PID: 1506) booted in 0.06s, phase: 0
[1] - Worker 127 (PID: 1518) booted in 0.05s, phase: 0
