{"level":"info","ts":1775498960.9554741,"msg":"maxprocs: Leaving GOMAXPROCS=64: CPU quota undefined"}
{"level":"info","ts":1775498960.9554908,"msg":"GOMEMLIMIT is updated","GOMEMLIMIT":243039504384,"previous":9223372036854775807}
{"level":"info","ts":1775498960.9554932,"msg":"using config from file","file":"/etc/caddy/Caddyfile"}
{"level":"info","ts":1775498960.9554946,"msg":"adapted config to JSON","adapter":"caddyfile"}
{"level":"warn","ts":1775498960.9554973,"logger":"admin","msg":"admin endpoint disabled"}
{"level":"info","ts":1775498960.9557297,"logger":"tls.cache.maintenance","msg":"started background certificate maintenance","cache":"0x1a1d746a5c80"}
{"level":"info","ts":1775498960.9561074,"logger":"http.auto_https","msg":"automatic HTTPS is completely disabled for server","server_name":"srv0"}
{"level":"info","ts":1775498960.9561212,"logger":"http.auto_https","msg":"automatic HTTPS is completely disabled for server","server_name":"srv1"}
{"level":"warn","ts":1775498960.956525,"logger":"http","msg":"HTTP/2 skipped because it requires TLS","network":"tcp","addr":":8080"}
{"level":"warn","ts":1775498960.9565299,"logger":"http","msg":"HTTP/3 skipped because it requires TLS","network":"tcp","addr":":8080"}
{"level":"info","ts":1775498960.956532,"logger":"http.log","msg":"server running","name":"srv0","protocols":["h1","h2","h3"]}
{"level":"info","ts":1775498960.9565578,"logger":"http","msg":"enabling HTTP/3 listener","addr":":8443"}
{"level":"info","ts":1775498960.9567082,"logger":"http.log","msg":"server running","name":"srv1","protocols":["h1","h2","h3"]}
{"level":"info","ts":1775498960.963324,"logger":"tls","msg":"cleaning storage unit","storage":"FileStorage:/root/.local/share/caddy"}
{"level":"info","ts":1775498960.9663966,"logger":"tls","msg":"finished cleaning storage units"}
{"level":"info","ts":1775498961.3288305,"logger":"frankenphp","msg":"async worker thread started","worker":"m#/app/worker.php","thread":4}
{"level":"info","ts":1775498961.3288364,"logger":"frankenphp","msg":"async worker thread started","worker":"m#/app/worker.php","thread":3}
{"level":"info","ts":1775498961.3289602,"logger":"frankenphp","msg":"async worker thread started","worker":"m#/app/worker.php","thread":7}
{"level":"info","ts":1775498961.3289268,"logger":"frankenphp","msg":"async worker thread started","worker":"m#/app/worker.php","thread":5}
{"level":"info","ts":1775498961.3287573,"logger":"frankenphp","msg":"async worker thread started","worker":"m#/app/worker.php","thread":2}
{"level":"info","ts":1775498961.3289764,"logger":"frankenphp","msg":"async worker thread started","worker":"m#/app/worker.php","thread":6}
{"level":"info","ts":1775498961.328992,"logger":"frankenphp","msg":"async worker thread started","worker":"m#/app/worker.php","thread":9}
{"level":"info","ts":1775498961.3289924,"logger":"frankenphp","msg":"async worker thread started","worker":"m#/app/worker.php","thread":8}
{"level":"info","ts":1775498961.3287506,"logger":"frankenphp","msg":"async worker thread started","worker":"m#/app/worker.php","thread":1}
{"level":"info","ts":1775498961.3290744,"logger":"frankenphp","msg":"async worker thread started","worker":"m#/app/worker.php","thread":10}
{"level":"info","ts":1775498961.3290794,"logger":"frankenphp","msg":"async worker thread started","worker":"m#/app/worker.php","thread":11}
{"level":"info","ts":1775498961.3290925,"logger":"frankenphp","msg":"async worker thread started","worker":"m#/app/worker.php","thread":12}
{"level":"info","ts":1775498961.329162,"logger":"frankenphp","msg":"async worker thread started","worker":"m#/app/worker.php","thread":13}
{"level":"info","ts":1775498961.329169,"logger":"frankenphp","msg":"async worker thread started","worker":"m#/app/worker.php","thread":14}
{"level":"info","ts":1775498961.3291872,"logger":"frankenphp","msg":"async worker thread started","worker":"m#/app/worker.php","thread":15}
{"level":"info","ts":1775498961.3292418,"logger":"frankenphp","msg":"async worker thread started","worker":"m#/app/worker.php","thread":16}
{"level":"info","ts":1775498961.3292646,"logger":"frankenphp","msg":"async worker thread started","worker":"m#/app/worker.php","thread":17}
{"level":"info","ts":1775498961.3293357,"logger":"frankenphp","msg":"async worker thread started","worker":"m#/app/worker.php","thread":18}
{"level":"info","ts":1775498961.3293657,"logger":"frankenphp","msg":"async worker thread started","worker":"m#/app/worker.php","thread":19}
{"level":"info","ts":1775498961.3294897,"logger":"frankenphp","msg":"async worker thread started","worker":"m#/app/worker.php","thread":20}
{"level":"info","ts":1775498961.3295112,"logger":"frankenphp","msg":"async worker thread started","worker":"m#/app/worker.php","thread":21}
{"level":"info","ts":1775498961.3295498,"logger":"frankenphp","msg":"async worker thread started","worker":"m#/app/worker.php","thread":22}
{"level":"info","ts":1775498961.3296463,"logger":"frankenphp","msg":"async worker thread started","worker":"m#/app/worker.php","thread":24}
{"level":"info","ts":1775498961.3297443,"logger":"frankenphp","msg":"async worker thread started","worker":"m#/app/worker.php","thread":26}
{"level":"info","ts":1775498961.3297918,"logger":"frankenphp","msg":"async worker thread started","worker":"m#/app/worker.php","thread":27}
{"level":"info","ts":1775498961.3298821,"logger":"frankenphp","msg":"async worker thread started","worker":"m#/app/worker.php","thread":29}
{"level":"info","ts":1775498961.3298817,"logger":"frankenphp","msg":"async worker thread started","worker":"m#/app/worker.php","thread":28}
{"level":"info","ts":1775498961.3299456,"logger":"frankenphp","msg":"async worker thread started","worker":"m#/app/worker.php","thread":30}
{"level":"info","ts":1775498961.3301182,"logger":"frankenphp","msg":"async worker thread started","worker":"m#/app/worker.php","thread":23}
{"level":"info","ts":1775498961.3302374,"logger":"frankenphp","msg":"async worker thread started","worker":"m#/app/worker.php","thread":25}
{"level":"info","ts":1775498961.353509,"logger":"frankenphp","msg":"async worker thread started","worker":"m#/app/worker.php","thread":31}
{"level":"info","ts":1775498961.3535295,"logger":"frankenphp","msg":"async worker thread started","worker":"m#/app/worker.php","thread":33}
{"level":"info","ts":1775498961.353519,"logger":"frankenphp","msg":"async worker thread started","worker":"m#/app/worker.php","thread":32}
{"level":"info","ts":1775498961.3536026,"logger":"frankenphp","msg":"async worker thread started","worker":"m#/app/worker.php","thread":34}
{"level":"info","ts":1775498961.3536453,"logger":"frankenphp","msg":"async worker thread started","worker":"m#/app/worker.php","thread":35}
{"level":"info","ts":1775498961.365629,"logger":"frankenphp","msg":"async worker thread started","worker":"m#/app/worker.php","thread":37}
{"level":"info","ts":1775498961.365581,"logger":"frankenphp","msg":"async worker thread started","worker":"m#/app/worker.php","thread":36}
{"level":"info","ts":1775498961.3656273,"logger":"frankenphp","msg":"async worker thread started","worker":"m#/app/worker.php","thread":38}
{"level":"info","ts":1775498961.3657131,"logger":"frankenphp","msg":"async worker thread started","worker":"m#/app/worker.php","thread":39}
{"level":"info","ts":1775498961.3657982,"logger":"frankenphp","msg":"async worker thread started","worker":"m#/app/worker.php","thread":40}
{"level":"info","ts":1775498961.3658357,"logger":"frankenphp","msg":"async worker thread started","worker":"m#/app/worker.php","thread":41}
{"level":"info","ts":1775498961.36598,"logger":"frankenphp","msg":"async worker thread started","worker":"m#/app/worker.php","thread":42}
{"level":"info","ts":1775498961.3660438,"logger":"frankenphp","msg":"async worker thread started","worker":"m#/app/worker.php","thread":43}
{"level":"info","ts":1775498961.366085,"logger":"frankenphp","msg":"async worker thread started","worker":"m#/app/worker.php","thread":44}
{"level":"info","ts":1775498961.366196,"logger":"frankenphp","msg":"async worker thread started","worker":"m#/app/worker.php","thread":45}
{"level":"info","ts":1775498961.3663008,"logger":"frankenphp","msg":"async worker thread started","worker":"m#/app/worker.php","thread":46}
{"level":"info","ts":1775498961.3663466,"logger":"frankenphp","msg":"async worker thread started","worker":"m#/app/worker.php","thread":47}
{"level":"info","ts":1775498961.3663645,"logger":"frankenphp","msg":"async worker thread started","worker":"m#/app/worker.php","thread":48}
{"level":"info","ts":1775498961.3664694,"logger":"frankenphp","msg":"async worker thread started","worker":"m#/app/worker.php","thread":49}
{"level":"info","ts":1775498961.366503,"logger":"frankenphp","msg":"async worker thread started","worker":"m#/app/worker.php","thread":50}
{"level":"info","ts":1775498961.3664994,"logger":"frankenphp","msg":"async worker thread started","worker":"m#/app/worker.php","thread":51}
{"level":"info","ts":1775498961.3665178,"logger":"frankenphp","msg":"async worker thread started","worker":"m#/app/worker.php","thread":52}
{"level":"info","ts":1775498961.3665786,"logger":"frankenphp","msg":"async worker thread started","worker":"m#/app/worker.php","thread":53}
{"level":"info","ts":1775498961.3666346,"logger":"frankenphp","msg":"async worker thread started","worker":"m#/app/worker.php","thread":54}
{"level":"info","ts":1775498961.3667116,"logger":"frankenphp","msg":"async worker thread started","worker":"m#/app/worker.php","thread":55}
{"level":"info","ts":1775498961.385885,"logger":"frankenphp","msg":"async worker thread started","worker":"m#/app/worker.php","thread":56}
{"level":"info","ts":1775498961.385967,"logger":"frankenphp","msg":"async worker thread started","worker":"m#/app/worker.php","thread":57}
{"level":"info","ts":1775498961.3861823,"logger":"frankenphp","msg":"async worker thread started","worker":"m#/app/worker.php","thread":58}
{"level":"info","ts":1775498961.3863492,"logger":"frankenphp","msg":"async worker thread started","worker":"m#/app/worker.php","thread":60}
{"level":"info","ts":1775498961.386286,"logger":"frankenphp","msg":"async worker thread started","worker":"m#/app/worker.php","thread":59}
{"level":"info","ts":1775498961.3864222,"logger":"frankenphp","msg":"async worker thread started","worker":"m#/app/worker.php","thread":61}
{"level":"info","ts":1775498961.3865006,"logger":"frankenphp","msg":"async worker thread started","worker":"m#/app/worker.php","thread":62}
{"level":"info","ts":1775498961.386546,"logger":"frankenphp","msg":"async worker thread started","worker":"m#/app/worker.php","thread":63}
{"level":"info","ts":1775498961.3865836,"logger":"frankenphp","msg":"async worker thread started","worker":"m#/app/worker.php","thread":64}
{"level":"info","ts":1775498961.38663,"logger":"frankenphp","msg":"async worker thread started","worker":"m#/app/worker.php","thread":65}
{"level":"info","ts":1775498961.3866918,"logger":"frankenphp","msg":"async worker thread started","worker":"m#/app/worker.php","thread":66}
{"level":"info","ts":1775498961.3868144,"logger":"frankenphp","msg":"async worker thread started","worker":"m#/app/worker.php","thread":67}
{"level":"info","ts":1775498961.3868277,"logger":"frankenphp","msg":"async worker thread started","worker":"m#/app/worker.php","thread":69}
{"level":"info","ts":1775498961.38683,"logger":"frankenphp","msg":"async worker thread started","worker":"m#/app/worker.php","thread":68}
{"level":"info","ts":1775498961.3869102,"logger":"frankenphp","msg":"async worker thread started","worker":"m#/app/worker.php","thread":70}
{"level":"info","ts":1775498961.3869212,"logger":"frankenphp","msg":"async worker thread started","worker":"m#/app/worker.php","thread":71}
{"level":"info","ts":1775498961.38693,"logger":"frankenphp","msg":"async worker thread started","worker":"m#/app/worker.php","thread":72}
{"level":"info","ts":1775498961.3870053,"logger":"frankenphp","msg":"async worker thread started","worker":"m#/app/worker.php","thread":73}
{"level":"info","ts":1775498961.3870165,"logger":"frankenphp","msg":"async worker thread started","worker":"m#/app/worker.php","thread":74}
{"level":"info","ts":1775498961.3870223,"logger":"frankenphp","msg":"async worker thread started","worker":"m#/app/worker.php","thread":75}
{"level":"info","ts":1775498961.3870995,"logger":"frankenphp","msg":"async worker thread started","worker":"m#/app/worker.php","thread":76}
{"level":"info","ts":1775498961.3871293,"logger":"frankenphp","msg":"async worker thread started","worker":"m#/app/worker.php","thread":77}
{"level":"info","ts":1775498961.3871813,"logger":"frankenphp","msg":"async worker thread started","worker":"m#/app/worker.php","thread":78}
{"level":"info","ts":1775498961.387191,"logger":"frankenphp","msg":"async worker thread started","worker":"m#/app/worker.php","thread":79}
{"level":"info","ts":1775498961.3872688,"logger":"frankenphp","msg":"async worker thread started","worker":"m#/app/worker.php","thread":81}
{"level":"info","ts":1775498961.3872743,"logger":"frankenphp","msg":"async worker thread started","worker":"m#/app/worker.php","thread":80}
{"level":"info","ts":1775498961.3873434,"logger":"frankenphp","msg":"async worker thread started","worker":"m#/app/worker.php","thread":82}
{"level":"info","ts":1775498961.3874304,"logger":"frankenphp","msg":"async worker thread started","worker":"m#/app/worker.php","thread":83}
{"level":"info","ts":1775498961.3874764,"logger":"frankenphp","msg":"async worker thread started","worker":"m#/app/worker.php","thread":84}
{"level":"info","ts":1775498961.3876355,"logger":"frankenphp","msg":"async worker thread started","worker":"m#/app/worker.php","thread":85}
{"level":"info","ts":1775498961.3876421,"logger":"frankenphp","msg":"async worker thread started","worker":"m#/app/worker.php","thread":86}
{"level":"info","ts":1775498961.3878396,"logger":"frankenphp","msg":"async worker thread started","worker":"m#/app/worker.php","thread":87}
{"level":"info","ts":1775498961.387894,"logger":"frankenphp","msg":"async worker thread started","worker":"m#/app/worker.php","thread":88}
{"level":"info","ts":1775498961.4078689,"logger":"frankenphp","msg":"async worker thread started","worker":"m#/app/worker.php","thread":90}
{"level":"info","ts":1775498961.4078195,"logger":"frankenphp","msg":"async worker thread started","worker":"m#/app/worker.php","thread":89}
{"level":"info","ts":1775498961.4079103,"logger":"frankenphp","msg":"async worker thread started","worker":"m#/app/worker.php","thread":91}
{"level":"info","ts":1775498961.408061,"logger":"frankenphp","msg":"async worker thread started","worker":"m#/app/worker.php","thread":92}
{"level":"info","ts":1775498961.408251,"logger":"frankenphp","msg":"async worker thread started","worker":"m#/app/worker.php","thread":93}
{"level":"info","ts":1775498961.4083722,"logger":"frankenphp","msg":"async worker thread started","worker":"m#/app/worker.php","thread":94}
{"level":"info","ts":1775498961.4085047,"logger":"frankenphp","msg":"async worker thread started","worker":"m#/app/worker.php","thread":95}
{"level":"info","ts":1775498961.408533,"logger":"frankenphp","msg":"async worker thread started","worker":"m#/app/worker.php","thread":96}
{"level":"info","ts":1775498961.4085882,"logger":"frankenphp","msg":"async worker thread started","worker":"m#/app/worker.php","thread":97}
{"level":"info","ts":1775498961.408679,"logger":"frankenphp","msg":"async worker thread started","worker":"m#/app/worker.php","thread":98}
{"level":"info","ts":1775498961.4087033,"logger":"frankenphp","msg":"async worker thread started","worker":"m#/app/worker.php","thread":99}
{"level":"info","ts":1775498961.4088933,"logger":"frankenphp","msg":"async worker thread started","worker":"m#/app/worker.php","thread":100}
{"level":"info","ts":1775498961.4089332,"logger":"frankenphp","msg":"async worker thread started","worker":"m#/app/worker.php","thread":102}
{"level":"info","ts":1775498961.4089363,"logger":"frankenphp","msg":"async worker thread started","worker":"m#/app/worker.php","thread":101}
{"level":"info","ts":1775498961.4089713,"logger":"frankenphp","msg":"async worker thread started","worker":"m#/app/worker.php","thread":103}
{"level":"info","ts":1775498961.4090452,"logger":"frankenphp","msg":"async worker thread started","worker":"m#/app/worker.php","thread":104}
{"level":"info","ts":1775498961.4091408,"logger":"frankenphp","msg":"async worker thread started","worker":"m#/app/worker.php","thread":105}
{"level":"info","ts":1775498961.4092143,"logger":"frankenphp","msg":"async worker thread started","worker":"m#/app/worker.php","thread":106}
{"level":"info","ts":1775498961.4092274,"logger":"frankenphp","msg":"async worker thread started","worker":"m#/app/worker.php","thread":107}
{"level":"info","ts":1775498961.409358,"logger":"frankenphp","msg":"async worker thread started","worker":"m#/app/worker.php","thread":108}
{"level":"info","ts":1775498961.4094028,"logger":"frankenphp","msg":"async worker thread started","worker":"m#/app/worker.php","thread":109}
{"level":"info","ts":1775498961.4094052,"logger":"frankenphp","msg":"async worker thread started","worker":"m#/app/worker.php","thread":110}
{"level":"info","ts":1775498961.4094224,"logger":"frankenphp","msg":"async worker thread started","worker":"m#/app/worker.php","thread":111}
{"level":"info","ts":1775498961.4094818,"logger":"frankenphp","msg":"async worker thread started","worker":"m#/app/worker.php","thread":112}
{"level":"info","ts":1775498961.4095626,"logger":"frankenphp","msg":"async worker thread started","worker":"m#/app/worker.php","thread":113}
{"level":"info","ts":1775498961.4096806,"logger":"frankenphp","msg":"async worker thread started","worker":"m#/app/worker.php","thread":114}
{"level":"info","ts":1775498961.4097517,"logger":"frankenphp","msg":"async worker thread started","worker":"m#/app/worker.php","thread":115}
{"level":"info","ts":1775498961.409837,"logger":"frankenphp","msg":"async worker thread started","worker":"m#/app/worker.php","thread":116}
{"level":"info","ts":1775498961.4098446,"logger":"frankenphp","msg":"async worker thread started","worker":"m#/app/worker.php","thread":117}
{"level":"info","ts":1775498961.4099035,"logger":"frankenphp","msg":"async worker thread started","worker":"m#/app/worker.php","thread":119}
{"level":"info","ts":1775498961.4099774,"logger":"frankenphp","msg":"async worker thread started","worker":"m#/app/worker.php","thread":120}
{"level":"info","ts":1775498961.4100723,"logger":"frankenphp","msg":"async worker thread started","worker":"m#/app/worker.php","thread":121}
{"level":"info","ts":1775498961.4101028,"logger":"frankenphp","msg":"async worker thread started","worker":"m#/app/worker.php","thread":122}
{"level":"info","ts":1775498961.4103491,"logger":"frankenphp","msg":"async worker thread started","worker":"m#/app/worker.php","thread":126}
{"level":"info","ts":1775498961.4098675,"logger":"frankenphp","msg":"async worker thread started","worker":"m#/app/worker.php","thread":118}
{"level":"info","ts":1775498961.4101133,"logger":"frankenphp","msg":"async worker thread started","worker":"m#/app/worker.php","thread":123}
{"level":"info","ts":1775498961.4101958,"logger":"frankenphp","msg":"async worker thread started","worker":"m#/app/worker.php","thread":125}
{"level":"info","ts":1775498961.4101498,"logger":"frankenphp","msg":"async worker thread started","worker":"m#/app/worker.php","thread":124}
{"level":"info","ts":1775498961.411991,"logger":"frankenphp","msg":"async worker thread started","worker":"m#/app/worker.php","thread":127}
{"level":"info","ts":1775498961.414191,"logger":"frankenphp","msg":"async worker thread started","worker":"m#/app/worker.php_0","thread":131}
{"level":"info","ts":1775498961.41438,"logger":"frankenphp","msg":"async worker thread started","worker":"m#/app/worker.php_0","thread":133}
{"level":"info","ts":1775498961.413269,"logger":"frankenphp","msg":"async worker thread started","worker":"m#/app/worker.php","thread":128}
{"level":"info","ts":1775498961.414426,"logger":"frankenphp","msg":"async worker thread started","worker":"m#/app/worker.php_0","thread":130}
{"level":"info","ts":1775498961.4143798,"logger":"frankenphp","msg":"async worker thread started","worker":"m#/app/worker.php_0","thread":132}
{"level":"info","ts":1775498961.413612,"logger":"frankenphp","msg":"async worker thread started","worker":"m#/app/worker.php_0","thread":129}
{"level":"info","ts":1775498961.4145184,"logger":"frankenphp","msg":"async worker thread started","worker":"m#/app/worker.php_0","thread":134}
{"level":"info","ts":1775498961.416136,"logger":"frankenphp","msg":"async worker thread started","worker":"m#/app/worker.php_0","thread":135}
{"level":"info","ts":1775498961.416287,"logger":"frankenphp","msg":"async worker thread started","worker":"m#/app/worker.php_0","thread":136}
{"level":"info","ts":1775498961.417002,"logger":"frankenphp","msg":"async worker thread started","worker":"m#/app/worker.php_0","thread":137}
{"level":"info","ts":1775498961.4171672,"logger":"frankenphp","msg":"async worker thread started","worker":"m#/app/worker.php_0","thread":140}
{"level":"info","ts":1775498961.417233,"logger":"frankenphp","msg":"async worker thread started","worker":"m#/app/worker.php_0","thread":141}
{"level":"info","ts":1775498961.4171855,"logger":"frankenphp","msg":"async worker thread started","worker":"m#/app/worker.php_0","thread":138}
{"level":"info","ts":1775498961.4171572,"logger":"frankenphp","msg":"async worker thread started","worker":"m#/app/worker.php_0","thread":139}
{"level":"info","ts":1775498961.4174094,"logger":"frankenphp","msg":"async worker thread started","worker":"m#/app/worker.php_0","thread":142}
{"level":"info","ts":1775498961.4174244,"logger":"frankenphp","msg":"async worker thread started","worker":"m#/app/worker.php_0","thread":143}
{"level":"info","ts":1775498961.4174418,"logger":"frankenphp","msg":"async worker thread started","worker":"m#/app/worker.php_0","thread":144}
{"level":"info","ts":1775498961.4175253,"logger":"frankenphp","msg":"async worker thread started","worker":"m#/app/worker.php_0","thread":145}
{"level":"info","ts":1775498961.4175436,"logger":"frankenphp","msg":"async worker thread started","worker":"m#/app/worker.php_0","thread":146}
{"level":"info","ts":1775498961.417683,"logger":"frankenphp","msg":"async worker thread started","worker":"m#/app/worker.php_0","thread":148}
{"level":"info","ts":1775498961.4176648,"logger":"frankenphp","msg":"async worker thread started","worker":"m#/app/worker.php_0","thread":147}
{"level":"info","ts":1775498961.4177442,"logger":"frankenphp","msg":"async worker thread started","worker":"m#/app/worker.php_0","thread":149}
{"level":"info","ts":1775498961.4177709,"logger":"frankenphp","msg":"async worker thread started","worker":"m#/app/worker.php_0","thread":150}
{"level":"info","ts":1775498961.417838,"logger":"frankenphp","msg":"async worker thread started","worker":"m#/app/worker.php_0","thread":151}
{"level":"info","ts":1775498961.4178793,"logger":"frankenphp","msg":"async worker thread started","worker":"m#/app/worker.php_0","thread":152}
{"level":"info","ts":1775498961.418099,"logger":"frankenphp","msg":"async worker thread started","worker":"m#/app/worker.php_0","thread":153}
{"level":"info","ts":1775498961.4181678,"logger":"frankenphp","msg":"async worker thread started","worker":"m#/app/worker.php_0","thread":154}
{"level":"info","ts":1775498961.4182117,"logger":"frankenphp","msg":"async worker thread started","worker":"m#/app/worker.php_0","thread":155}
{"level":"info","ts":1775498961.418225,"logger":"frankenphp","msg":"async worker thread started","worker":"m#/app/worker.php_0","thread":156}
{"level":"info","ts":1775498961.4182978,"logger":"frankenphp","msg":"async worker thread started","worker":"m#/app/worker.php_0","thread":157}
{"level":"info","ts":1775498961.418365,"logger":"frankenphp","msg":"async worker thread started","worker":"m#/app/worker.php_0","thread":158}
{"level":"info","ts":1775498961.4183855,"logger":"frankenphp","msg":"async worker thread started","worker":"m#/app/worker.php_0","thread":159}
{"level":"info","ts":1775498961.4184618,"logger":"frankenphp","msg":"async worker thread started","worker":"m#/app/worker.php_0","thread":160}
{"level":"info","ts":1775498961.4185362,"logger":"frankenphp","msg":"async worker thread started","worker":"m#/app/worker.php_0","thread":161}
{"level":"info","ts":1775498961.4186099,"logger":"frankenphp","msg":"async worker thread started","worker":"m#/app/worker.php_0","thread":162}
{"level":"info","ts":1775498961.4186811,"logger":"frankenphp","msg":"async worker thread started","worker":"m#/app/worker.php_0","thread":163}
{"level":"info","ts":1775498961.4187162,"logger":"frankenphp","msg":"async worker thread started","worker":"m#/app/worker.php_0","thread":164}
{"level":"info","ts":1775498961.4187584,"logger":"frankenphp","msg":"async worker thread started","worker":"m#/app/worker.php_0","thread":165}
{"level":"info","ts":1775498961.418841,"logger":"frankenphp","msg":"async worker thread started","worker":"m#/app/worker.php_0","thread":166}
{"level":"info","ts":1775498961.4189298,"logger":"frankenphp","msg":"async worker thread started","worker":"m#/app/worker.php_0","thread":167}
{"level":"info","ts":1775498961.4337082,"logger":"frankenphp","msg":"async worker thread started","worker":"m#/app/worker.php_0","thread":168}
{"level":"info","ts":1775498961.4338262,"logger":"frankenphp","msg":"async worker thread started","worker":"m#/app/worker.php_0","thread":170}
{"level":"info","ts":1775498961.433967,"logger":"frankenphp","msg":"async worker thread started","worker":"m#/app/worker.php_0","thread":169}
{"level":"info","ts":1775498961.4340394,"logger":"frankenphp","msg":"async worker thread started","worker":"m#/app/worker.php_0","thread":172}
{"level":"info","ts":1775498961.4339414,"logger":"frankenphp","msg":"async worker thread started","worker":"m#/app/worker.php_0","thread":171}
{"level":"info","ts":1775498961.434093,"logger":"frankenphp","msg":"async worker thread started","worker":"m#/app/worker.php_0","thread":173}
{"level":"info","ts":1775498961.4341335,"logger":"frankenphp","msg":"async worker thread started","worker":"m#/app/worker.php_0","thread":174}
{"level":"info","ts":1775498961.4342062,"logger":"frankenphp","msg":"async worker thread started","worker":"m#/app/worker.php_0","thread":175}
{"level":"info","ts":1775498961.4342182,"logger":"frankenphp","msg":"async worker thread started","worker":"m#/app/worker.php_0","thread":176}
{"level":"info","ts":1775498961.4342928,"logger":"frankenphp","msg":"async worker thread started","worker":"m#/app/worker.php_0","thread":177}
{"level":"info","ts":1775498961.4343538,"logger":"frankenphp","msg":"async worker thread started","worker":"m#/app/worker.php_0","thread":178}
{"level":"info","ts":1775498961.4344535,"logger":"frankenphp","msg":"async worker thread started","worker":"m#/app/worker.php_0","thread":179}
{"level":"info","ts":1775498961.4345224,"logger":"frankenphp","msg":"async worker thread started","worker":"m#/app/worker.php_0","thread":180}
{"level":"info","ts":1775498961.4346056,"logger":"frankenphp","msg":"async worker thread started","worker":"m#/app/worker.php_0","thread":181}
{"level":"info","ts":1775498961.434824,"logger":"frankenphp","msg":"async worker thread started","worker":"m#/app/worker.php_0","thread":182}
{"level":"info","ts":1775498961.4349675,"logger":"frankenphp","msg":"async worker thread started","worker":"m#/app/worker.php_0","thread":183}
{"level":"info","ts":1775498961.4351933,"logger":"frankenphp","msg":"async worker thread started","worker":"m#/app/worker.php_0","thread":185}
{"level":"info","ts":1775498961.4352045,"logger":"frankenphp","msg":"async worker thread started","worker":"m#/app/worker.php_0","thread":184}
{"level":"info","ts":1775498961.4352193,"logger":"frankenphp","msg":"async worker thread started","worker":"m#/app/worker.php_0","thread":186}
{"level":"info","ts":1775498961.435232,"logger":"frankenphp","msg":"async worker thread started","worker":"m#/app/worker.php_0","thread":189}
{"level":"info","ts":1775498961.435273,"logger":"frankenphp","msg":"async worker thread started","worker":"m#/app/worker.php_0","thread":192}
{"level":"info","ts":1775498961.4352837,"logger":"frankenphp","msg":"async worker thread started","worker":"m#/app/worker.php_0","thread":187}
{"level":"info","ts":1775498961.4352524,"logger":"frankenphp","msg":"async worker thread started","worker":"m#/app/worker.php_0","thread":193}
{"level":"info","ts":1775498961.4353006,"logger":"frankenphp","msg":"async worker thread started","worker":"m#/app/worker.php_0","thread":188}
{"level":"info","ts":1775498961.4353094,"logger":"frankenphp","msg":"async worker thread started","worker":"m#/app/worker.php_0","thread":190}
{"level":"info","ts":1775498961.4353485,"logger":"frankenphp","msg":"async worker thread started","worker":"m#/app/worker.php_0","thread":194}
{"level":"info","ts":1775498961.435244,"logger":"frankenphp","msg":"async worker thread started","worker":"m#/app/worker.php_0","thread":191}
{"level":"info","ts":1775498961.4354117,"logger":"frankenphp","msg":"async worker thread started","worker":"m#/app/worker.php_0","thread":195}
{"level":"info","ts":1775498961.4354918,"logger":"frankenphp","msg":"async worker thread started","worker":"m#/app/worker.php_0","thread":196}
{"level":"info","ts":1775498961.4355047,"logger":"frankenphp","msg":"async worker thread started","worker":"m#/app/worker.php_0","thread":197}
{"level":"info","ts":1775498961.4355109,"logger":"frankenphp","msg":"async worker thread started","worker":"m#/app/worker.php_0","thread":198}
{"level":"info","ts":1775498961.4355915,"logger":"frankenphp","msg":"async worker thread started","worker":"m#/app/worker.php_0","thread":199}
{"level":"info","ts":1775498961.4356413,"logger":"frankenphp","msg":"async worker thread started","worker":"m#/app/worker.php_0","thread":200}
{"level":"info","ts":1775498961.4356842,"logger":"frankenphp","msg":"async worker thread started","worker":"m#/app/worker.php_0","thread":201}
{"level":"info","ts":1775498961.4356997,"logger":"frankenphp","msg":"async worker thread started","worker":"m#/app/worker.php_0","thread":202}
{"level":"info","ts":1775498961.4358149,"logger":"frankenphp","msg":"async worker thread started","worker":"m#/app/worker.php_0","thread":204}
{"level":"info","ts":1775498961.4358966,"logger":"frankenphp","msg":"async worker thread started","worker":"m#/app/worker.php_0","thread":205}
{"level":"info","ts":1775498961.4359078,"logger":"frankenphp","msg":"async worker thread started","worker":"m#/app/worker.php_0","thread":206}
{"level":"info","ts":1775498961.4359944,"logger":"frankenphp","msg":"async worker thread started","worker":"m#/app/worker.php_0","thread":207}
{"level":"info","ts":1775498961.4357996,"logger":"frankenphp","msg":"async worker thread started","worker":"m#/app/worker.php_0","thread":203}
{"level":"info","ts":1775498961.4362059,"logger":"frankenphp","msg":"async worker thread started","worker":"m#/app/worker.php_0","thread":208}
{"level":"info","ts":1775498961.4362328,"logger":"frankenphp","msg":"async worker thread started","worker":"m#/app/worker.php_0","thread":209}
{"level":"info","ts":1775498961.4363585,"logger":"frankenphp","msg":"async worker thread started","worker":"m#/app/worker.php_0","thread":210}
{"level":"info","ts":1775498961.4363647,"logger":"frankenphp","msg":"async worker thread started","worker":"m#/app/worker.php_0","thread":211}
{"level":"info","ts":1775498961.4364417,"logger":"frankenphp","msg":"async worker thread started","worker":"m#/app/worker.php_0","thread":212}
{"level":"info","ts":1775498961.4364986,"logger":"frankenphp","msg":"async worker thread started","worker":"m#/app/worker.php_0","thread":213}
{"level":"info","ts":1775498961.4366436,"logger":"frankenphp","msg":"async worker thread started","worker":"m#/app/worker.php_0","thread":215}
{"level":"info","ts":1775498961.4367678,"logger":"frankenphp","msg":"async worker thread started","worker":"m#/app/worker.php_0","thread":217}
{"level":"info","ts":1775498961.4366274,"logger":"frankenphp","msg":"async worker thread started","worker":"m#/app/worker.php_0","thread":216}
{"level":"info","ts":1775498961.4400854,"logger":"frankenphp","msg":"async worker thread started","worker":"m#/app/worker.php_0","thread":218}
{"level":"info","ts":1775498961.440166,"logger":"frankenphp","msg":"async worker thread started","worker":"m#/app/worker.php_0","thread":220}
{"level":"info","ts":1775498961.4365306,"logger":"frankenphp","msg":"async worker thread started","worker":"m#/app/worker.php_0","thread":214}
{"level":"info","ts":1775498961.4402106,"logger":"frankenphp","msg":"async worker thread started","worker":"m#/app/worker.php_0","thread":219}
{"level":"info","ts":1775498961.4402153,"logger":"frankenphp","msg":"async worker thread started","worker":"m#/app/worker.php_0","thread":222}
{"level":"info","ts":1775498961.4412239,"logger":"frankenphp","msg":"async worker thread started","worker":"m#/app/worker.php_0","thread":225}
{"level":"info","ts":1775498961.4413018,"logger":"frankenphp","msg":"async worker thread started","worker":"m#/app/worker.php_0","thread":226}
{"level":"info","ts":1775498961.4401898,"logger":"frankenphp","msg":"async worker thread started","worker":"m#/app/worker.php_0","thread":221}
{"level":"info","ts":1775498961.4402997,"logger":"frankenphp","msg":"async worker thread started","worker":"m#/app/worker.php_0","thread":223}
{"level":"info","ts":1775498961.4405415,"logger":"frankenphp","msg":"async worker thread started","worker":"m#/app/worker.php_0","thread":224}
{"level":"info","ts":1775498961.44144,"logger":"frankenphp","msg":"async worker thread started","worker":"m#/app/worker.php_0","thread":228}
{"level":"info","ts":1775498961.4413793,"logger":"frankenphp","msg":"async worker thread started","worker":"m#/app/worker.php_0","thread":227}
{"level":"info","ts":1775498961.4416504,"logger":"frankenphp","msg":"async worker thread started","worker":"m#/app/worker.php_0","thread":229}
{"level":"info","ts":1775498961.4417186,"logger":"frankenphp","msg":"async worker thread started","worker":"m#/app/worker.php_0","thread":230}
{"level":"info","ts":1775498961.4418352,"logger":"frankenphp","msg":"async worker thread started","worker":"m#/app/worker.php_0","thread":231}
{"level":"info","ts":1775498961.441967,"logger":"frankenphp","msg":"async worker thread started","worker":"m#/app/worker.php_0","thread":232}
{"level":"info","ts":1775498961.442529,"logger":"frankenphp","msg":"async worker thread started","worker":"m#/app/worker.php_0","thread":233}
{"level":"info","ts":1775498961.4426749,"logger":"frankenphp","msg":"async worker thread started","worker":"m#/app/worker.php_0","thread":238}
{"level":"info","ts":1775498961.442776,"logger":"frankenphp","msg":"async worker thread started","worker":"m#/app/worker.php_0","thread":239}
{"level":"info","ts":1775498961.4428356,"logger":"frankenphp","msg":"async worker thread started","worker":"m#/app/worker.php_0","thread":237}
{"level":"info","ts":1775498961.4428318,"logger":"frankenphp","msg":"async worker thread started","worker":"m#/app/worker.php_0","thread":235}
{"level":"info","ts":1775498961.4428623,"logger":"frankenphp","msg":"async worker thread started","worker":"m#/app/worker.php_0","thread":247}
{"level":"info","ts":1775498961.4426773,"logger":"frankenphp","msg":"async worker thread started","worker":"m#/app/worker.php_0","thread":234}
{"level":"info","ts":1775498961.4429448,"logger":"frankenphp","msg":"async worker thread started","worker":"m#/app/worker.php_0","thread":243}
{"level":"info","ts":1775498961.442996,"logger":"frankenphp","msg":"async worker thread started","worker":"m#/app/worker.php_0","thread":249}
{"level":"info","ts":1775498961.4430413,"logger":"frankenphp","msg":"async worker thread started","worker":"m#/app/worker.php_0","thread":240}
{"level":"info","ts":1775498961.4430563,"logger":"frankenphp","msg":"async worker thread started","worker":"m#/app/worker.php_0","thread":242}
{"level":"info","ts":1775498961.443049,"logger":"frankenphp","msg":"async worker thread started","worker":"m#/app/worker.php_0","thread":244}
{"level":"info","ts":1775498961.443102,"logger":"frankenphp","msg":"async worker thread started","worker":"m#/app/worker.php_0","thread":251}
{"level":"info","ts":1775498961.4431155,"logger":"frankenphp","msg":"async worker thread started","worker":"m#/app/worker.php_0","thread":255}
{"level":"info","ts":1775498961.4429524,"logger":"frankenphp","msg":"async worker thread started","worker":"m#/app/worker.php_0","thread":248}
{"level":"info","ts":1775498961.443135,"logger":"frankenphp","msg":"async worker thread started","worker":"m#/app/worker.php_0","thread":256}
{"level":"info","ts":1775498961.4431493,"logger":"frankenphp","msg":"async worker thread started","worker":"m#/app/worker.php_0","thread":245}
{"level":"info","ts":1775498961.4431782,"logger":"frankenphp","msg":"async worker thread started","worker":"m#/app/worker.php_0","thread":246}
{"level":"info","ts":1775498961.4430456,"logger":"frankenphp","msg":"async worker thread started","worker":"m#/app/worker.php_0","thread":250}
{"level":"info","ts":1775498961.4427602,"logger":"frankenphp","msg":"async worker thread started","worker":"m#/app/worker.php_0","thread":236}
{"level":"info","ts":1775498961.4430702,"logger":"frankenphp","msg":"async worker thread started","worker":"m#/app/worker.php_0","thread":241}
{"level":"info","ts":1775498961.443252,"logger":"frankenphp","msg":"async worker thread started","worker":"m#/app/worker.php_0","thread":252}
{"level":"info","ts":1775498961.4433112,"logger":"frankenphp","msg":"async worker thread started","worker":"m#/app/worker.php_0","thread":254}
{"level":"info","ts":1775498961.4433627,"logger":"frankenphp","msg":"async worker thread started","worker":"m#/app/worker.php_0","thread":253}
{"level":"info","ts":1775498961.4433775,"logger":"frankenphp","msg":"async worker thread started","worker":"m#/app/worker.php_1","thread":260}
{"level":"info","ts":1775498961.4433963,"logger":"frankenphp","msg":"async worker thread started","worker":"m#/app/worker.php_1","thread":257}
{"level":"info","ts":1775498961.4434483,"logger":"frankenphp","msg":"async worker thread started","worker":"m#/app/worker.php_1","thread":261}
{"level":"info","ts":1775498961.4434712,"logger":"frankenphp","msg":"async worker thread started","worker":"m#/app/worker.php_1","thread":259}
{"level":"info","ts":1775498961.443501,"logger":"frankenphp","msg":"async worker thread started","worker":"m#/app/worker.php_1","thread":262}
{"level":"info","ts":1775498961.4434068,"logger":"frankenphp","msg":"async worker thread started","worker":"m#/app/worker.php_1","thread":258}
{"level":"info","ts":1775498961.443563,"logger":"frankenphp","msg":"async worker thread started","worker":"m#/app/worker.php_1","thread":263}
{"level":"info","ts":1775498961.4435875,"logger":"frankenphp","msg":"async worker thread started","worker":"m#/app/worker.php_1","thread":264}
{"level":"info","ts":1775498961.4436612,"logger":"frankenphp","msg":"async worker thread started","worker":"m#/app/worker.php_1","thread":265}
{"level":"info","ts":1775498961.4436655,"logger":"frankenphp","msg":"async worker thread started","worker":"m#/app/worker.php_1","thread":266}
{"level":"info","ts":1775498961.443741,"logger":"frankenphp","msg":"async worker thread started","worker":"m#/app/worker.php_1","thread":268}
{"level":"info","ts":1775498961.4437466,"logger":"frankenphp","msg":"async worker thread started","worker":"m#/app/worker.php_1","thread":267}
{"level":"info","ts":1775498961.4437914,"logger":"frankenphp","msg":"async worker thread started","worker":"m#/app/worker.php_1","thread":270}
{"level":"info","ts":1775498961.4438338,"logger":"frankenphp","msg":"async worker thread started","worker":"m#/app/worker.php_1","thread":271}
{"level":"info","ts":1775498961.4438384,"logger":"frankenphp","msg":"async worker thread started","worker":"m#/app/worker.php_1","thread":272}
{"level":"info","ts":1775498961.4437425,"logger":"frankenphp","msg":"async worker thread started","worker":"m#/app/worker.php_1","thread":269}
{"level":"info","ts":1775498961.4439237,"logger":"frankenphp","msg":"async worker thread started","worker":"m#/app/worker.php_1","thread":273}
{"level":"info","ts":1775498961.44394,"logger":"frankenphp","msg":"async worker thread started","worker":"m#/app/worker.php_1","thread":274}
{"level":"info","ts":1775498961.4439855,"logger":"frankenphp","msg":"async worker thread started","worker":"m#/app/worker.php_1","thread":275}
{"level":"info","ts":1775498961.4440937,"logger":"frankenphp","msg":"async worker thread started","worker":"m#/app/worker.php_1","thread":276}
{"level":"info","ts":1775498961.4440973,"logger":"frankenphp","msg":"async worker thread started","worker":"m#/app/worker.php_1","thread":277}
{"level":"info","ts":1775498961.444181,"logger":"frankenphp","msg":"async worker thread started","worker":"m#/app/worker.php_1","thread":279}
{"level":"info","ts":1775498961.4441922,"logger":"frankenphp","msg":"async worker thread started","worker":"m#/app/worker.php_1","thread":280}
{"level":"info","ts":1775498961.4442677,"logger":"frankenphp","msg":"async worker thread started","worker":"m#/app/worker.php_1","thread":278}
{"level":"info","ts":1775498961.4442875,"logger":"frankenphp","msg":"async worker thread started","worker":"m#/app/worker.php_1","thread":282}
{"level":"info","ts":1775498961.4442897,"logger":"frankenphp","msg":"async worker thread started","worker":"m#/app/worker.php_1","thread":281}
{"level":"info","ts":1775498961.44441,"logger":"frankenphp","msg":"async worker thread started","worker":"m#/app/worker.php_1","thread":284}
{"level":"info","ts":1775498961.4444256,"logger":"frankenphp","msg":"async worker thread started","worker":"m#/app/worker.php_1","thread":285}
{"level":"info","ts":1775498961.4444582,"logger":"frankenphp","msg":"async worker thread started","worker":"m#/app/worker.php_1","thread":286}
{"level":"info","ts":1775498961.444404,"logger":"frankenphp","msg":"async worker thread started","worker":"m#/app/worker.php_1","thread":283}
{"level":"info","ts":1775498961.4445233,"logger":"frankenphp","msg":"async worker thread started","worker":"m#/app/worker.php_1","thread":287}
{"level":"info","ts":1775498961.4445987,"logger":"frankenphp","msg":"async worker thread started","worker":"m#/app/worker.php_1","thread":289}
{"level":"info","ts":1775498961.4446032,"logger":"frankenphp","msg":"async worker thread started","worker":"m#/app/worker.php_1","thread":290}
{"level":"info","ts":1775498961.4445376,"logger":"frankenphp","msg":"async worker thread started","worker":"m#/app/worker.php_1","thread":288}
{"level":"info","ts":1775498961.4447203,"logger":"frankenphp","msg":"async worker thread started","worker":"m#/app/worker.php_1","thread":291}
{"level":"info","ts":1775498961.444788,"logger":"frankenphp","msg":"async worker thread started","worker":"m#/app/worker.php_1","thread":293}
{"level":"info","ts":1775498961.4447088,"logger":"frankenphp","msg":"async worker thread started","worker":"m#/app/worker.php_1","thread":292}
{"level":"info","ts":1775498961.4447918,"logger":"frankenphp","msg":"async worker thread started","worker":"m#/app/worker.php_1","thread":294}
{"level":"info","ts":1775498961.444868,"logger":"frankenphp","msg":"async worker thread started","worker":"m#/app/worker.php_1","thread":295}
{"level":"info","ts":1775498961.4448774,"logger":"frankenphp","msg":"async worker thread started","worker":"m#/app/worker.php_1","thread":296}
{"level":"info","ts":1775498961.4449522,"logger":"frankenphp","msg":"async worker thread started","worker":"m#/app/worker.php_1","thread":298}
{"level":"info","ts":1775498961.4450042,"logger":"frankenphp","msg":"async worker thread started","worker":"m#/app/worker.php_1","thread":300}
{"level":"info","ts":1775498961.4449594,"logger":"frankenphp","msg":"async worker thread started","worker":"m#/app/worker.php_1","thread":299}
{"level":"info","ts":1775498961.4450395,"logger":"frankenphp","msg":"async worker thread started","worker":"m#/app/worker.php_1","thread":301}
{"level":"info","ts":1775498961.4451108,"logger":"frankenphp","msg":"async worker thread started","worker":"m#/app/worker.php_1","thread":302}
{"level":"info","ts":1775498961.4451394,"logger":"frankenphp","msg":"async worker thread started","worker":"m#/app/worker.php_1","thread":303}
{"level":"info","ts":1775498961.4452236,"logger":"frankenphp","msg":"async worker thread started","worker":"m#/app/worker.php_1","thread":304}
{"level":"info","ts":1775498961.4452243,"logger":"frankenphp","msg":"async worker thread started","worker":"m#/app/worker.php_1","thread":305}
{"level":"info","ts":1775498961.4452994,"logger":"frankenphp","msg":"async worker thread started","worker":"m#/app/worker.php_1","thread":306}
{"level":"info","ts":1775498961.4453123,"logger":"frankenphp","msg":"async worker thread started","worker":"m#/app/worker.php_1","thread":308}
{"level":"info","ts":1775498961.4453573,"logger":"frankenphp","msg":"async worker thread started","worker":"m#/app/worker.php_1","thread":307}
{"level":"info","ts":1775498961.4454374,"logger":"frankenphp","msg":"async worker thread started","worker":"m#/app/worker.php_1","thread":309}
{"level":"info","ts":1775498961.445513,"logger":"frankenphp","msg":"async worker thread started","worker":"m#/app/worker.php_1","thread":310}
{"level":"info","ts":1775498961.447343,"logger":"frankenphp","msg":"async worker thread started","worker":"m#/app/worker.php_1","thread":297}
{"level":"info","ts":1775498961.4642072,"logger":"frankenphp","msg":"async worker thread started","worker":"m#/app/worker.php_1","thread":313}
{"level":"info","ts":1775498961.4643424,"logger":"frankenphp","msg":"async worker thread started","worker":"m#/app/worker.php_1","thread":312}
{"level":"info","ts":1775498961.4644556,"logger":"frankenphp","msg":"async worker thread started","worker":"m#/app/worker.php_1","thread":315}
{"level":"info","ts":1775498961.4644675,"logger":"frankenphp","msg":"async worker thread started","worker":"m#/app/worker.php_1","thread":317}
{"level":"info","ts":1775498961.4642358,"logger":"frankenphp","msg":"async worker thread started","worker":"m#/app/worker.php_1","thread":314}
{"level":"info","ts":1775498961.464533,"logger":"frankenphp","msg":"async worker thread started","worker":"m#/app/worker.php_1","thread":311}
{"level":"info","ts":1775498961.4644492,"logger":"frankenphp","msg":"async worker thread started","worker":"m#/app/worker.php_1","thread":316}
{"level":"info","ts":1775498961.4646757,"logger":"frankenphp","msg":"async worker thread started","worker":"m#/app/worker.php_1","thread":319}
{"level":"info","ts":1775498961.464763,"logger":"frankenphp","msg":"async worker thread started","worker":"m#/app/worker.php_1","thread":320}
{"level":"info","ts":1775498961.4648573,"logger":"frankenphp","msg":"async worker thread started","worker":"m#/app/worker.php_1","thread":321}
{"level":"info","ts":1775498961.464969,"logger":"frankenphp","msg":"async worker thread started","worker":"m#/app/worker.php_1","thread":323}
{"level":"info","ts":1775498961.4646416,"logger":"frankenphp","msg":"async worker thread started","worker":"m#/app/worker.php_1","thread":318}
{"level":"info","ts":1775498961.4649787,"logger":"frankenphp","msg":"async worker thread started","worker":"m#/app/worker.php_1","thread":322}
{"level":"info","ts":1775498961.4649992,"logger":"frankenphp","msg":"async worker thread started","worker":"m#/app/worker.php_1","thread":324}
{"level":"info","ts":1775498961.465035,"logger":"frankenphp","msg":"async worker thread started","worker":"m#/app/worker.php_1","thread":325}
{"level":"info","ts":1775498961.4650714,"logger":"frankenphp","msg":"async worker thread started","worker":"m#/app/worker.php_1","thread":326}
{"level":"info","ts":1775498961.4651327,"logger":"frankenphp","msg":"async worker thread started","worker":"m#/app/worker.php_1","thread":327}
{"level":"info","ts":1775498961.4652467,"logger":"frankenphp","msg":"async worker thread started","worker":"m#/app/worker.php_1","thread":330}
{"level":"info","ts":1775498961.4651725,"logger":"frankenphp","msg":"async worker thread started","worker":"m#/app/worker.php_1","thread":328}
{"level":"info","ts":1775498961.4652545,"logger":"frankenphp","msg":"async worker thread started","worker":"m#/app/worker.php_1","thread":329}
{"level":"info","ts":1775498961.4653456,"logger":"frankenphp","msg":"async worker thread started","worker":"m#/app/worker.php_1","thread":331}
{"level":"info","ts":1775498961.4653995,"logger":"frankenphp","msg":"async worker thread started","worker":"m#/app/worker.php_1","thread":332}
{"level":"info","ts":1775498961.4654405,"logger":"frankenphp","msg":"async worker thread started","worker":"m#/app/worker.php_1","thread":333}
{"level":"info","ts":1775498961.4655025,"logger":"frankenphp","msg":"async worker thread started","worker":"m#/app/worker.php_1","thread":334}
{"level":"info","ts":1775498961.4655836,"logger":"frankenphp","msg":"async worker thread started","worker":"m#/app/worker.php_1","thread":335}
{"level":"info","ts":1775498961.4657552,"logger":"frankenphp","msg":"async worker thread started","worker":"m#/app/worker.php_1","thread":336}
{"level":"info","ts":1775498961.4657993,"logger":"frankenphp","msg":"async worker thread started","worker":"m#/app/worker.php_1","thread":337}
{"level":"info","ts":1775498961.4659512,"logger":"frankenphp","msg":"async worker thread started","worker":"m#/app/worker.php_1","thread":338}
{"level":"info","ts":1775498961.4659894,"logger":"frankenphp","msg":"async worker thread started","worker":"m#/app/worker.php_1","thread":339}
{"level":"info","ts":1775498961.4661195,"logger":"frankenphp","msg":"async worker thread started","worker":"m#/app/worker.php_1","thread":341}
{"level":"info","ts":1775498961.4664783,"logger":"frankenphp","msg":"async worker thread started","worker":"m#/app/worker.php_1","thread":342}
{"level":"info","ts":1775498961.466701,"logger":"frankenphp","msg":"async worker thread started","worker":"m#/app/worker.php_1","thread":343}
{"level":"info","ts":1775498961.4669015,"logger":"frankenphp","msg":"async worker thread started","worker":"m#/app/worker.php_1","thread":344}
{"level":"info","ts":1775498961.4671004,"logger":"frankenphp","msg":"async worker thread started","worker":"m#/app/worker.php_1","thread":345}
{"level":"info","ts":1775498961.4693613,"logger":"frankenphp","msg":"async worker thread started","worker":"m#/app/worker.php_1","thread":346}
{"level":"info","ts":1775498961.4693663,"logger":"frankenphp","msg":"async worker thread started","worker":"m#/app/worker.php_1","thread":347}
{"level":"info","ts":1775498961.4693637,"logger":"frankenphp","msg":"async worker thread started","worker":"m#/app/worker.php_1","thread":340}
{"level":"info","ts":1775498961.4694111,"logger":"frankenphp","msg":"async worker thread started","worker":"m#/app/worker.php_1","thread":348}
{"level":"info","ts":1775498961.4695125,"logger":"frankenphp","msg":"async worker thread started","worker":"m#/app/worker.php_1","thread":349}
{"level":"info","ts":1775498961.4697878,"logger":"frankenphp","msg":"async worker thread started","worker":"m#/app/worker.php_1","thread":350}
{"level":"info","ts":1775498961.469913,"logger":"frankenphp","msg":"async worker thread started","worker":"m#/app/worker.php_1","thread":351}
{"level":"info","ts":1775498961.4701161,"logger":"frankenphp","msg":"async worker thread started","worker":"m#/app/worker.php_1","thread":352}
{"level":"info","ts":1775498961.4701211,"logger":"frankenphp","msg":"async worker thread started","worker":"m#/app/worker.php_1","thread":353}
{"level":"info","ts":1775498961.4703524,"logger":"frankenphp","msg":"async worker thread started","worker":"m#/app/worker.php_1","thread":354}
{"level":"info","ts":1775498961.4705184,"logger":"frankenphp","msg":"async worker thread started","worker":"m#/app/worker.php_1","thread":355}
{"level":"info","ts":1775498961.4707208,"logger":"frankenphp","msg":"async worker thread started","worker":"m#/app/worker.php_1","thread":356}
{"level":"info","ts":1775498961.4708078,"logger":"frankenphp","msg":"async worker thread started","worker":"m#/app/worker.php_1","thread":357}
{"level":"info","ts":1775498961.4708102,"logger":"frankenphp","msg":"async worker thread started","worker":"m#/app/worker.php_1","thread":358}
{"level":"info","ts":1775498961.4709508,"logger":"frankenphp","msg":"async worker thread started","worker":"m#/app/worker.php_1","thread":359}
{"level":"info","ts":1775498961.4710267,"logger":"frankenphp","msg":"async worker thread started","worker":"m#/app/worker.php_1","thread":360}
{"level":"info","ts":1775498961.471047,"logger":"frankenphp","msg":"async worker thread started","worker":"m#/app/worker.php_1","thread":361}
{"level":"info","ts":1775498961.4711766,"logger":"frankenphp","msg":"async worker thread started","worker":"m#/app/worker.php_1","thread":363}
{"level":"info","ts":1775498961.4712508,"logger":"frankenphp","msg":"async worker thread started","worker":"m#/app/worker.php_1","thread":362}
{"level":"info","ts":1775498961.4712772,"logger":"frankenphp","msg":"async worker thread started","worker":"m#/app/worker.php_1","thread":364}
{"level":"info","ts":1775498961.4714825,"logger":"frankenphp","msg":"async worker thread started","worker":"m#/app/worker.php_1","thread":365}
{"level":"info","ts":1775498961.4715297,"logger":"frankenphp","msg":"async worker thread started","worker":"m#/app/worker.php_1","thread":367}
{"level":"info","ts":1775498961.4716196,"logger":"frankenphp","msg":"async worker thread started","worker":"m#/app/worker.php_1","thread":366}
{"level":"info","ts":1775498961.4716232,"logger":"frankenphp","msg":"async worker thread started","worker":"m#/app/worker.php_1","thread":368}
{"level":"info","ts":1775498961.4716752,"logger":"frankenphp","msg":"async worker thread started","worker":"m#/app/worker.php_1","thread":369}
{"level":"info","ts":1775498961.4717133,"logger":"frankenphp","msg":"async worker thread started","worker":"m#/app/worker.php_1","thread":370}
{"level":"info","ts":1775498961.471838,"logger":"frankenphp","msg":"async worker thread started","worker":"m#/app/worker.php_1","thread":371}
{"level":"info","ts":1775498961.4718726,"logger":"frankenphp","msg":"async worker thread started","worker":"m#/app/worker.php_1","thread":372}
{"level":"info","ts":1775498961.4720216,"logger":"frankenphp","msg":"async worker thread started","worker":"m#/app/worker.php_1","thread":373}
{"level":"info","ts":1775498961.4720721,"logger":"frankenphp","msg":"async worker thread started","worker":"m#/app/worker.php_1","thread":374}
{"level":"info","ts":1775498961.4721603,"logger":"frankenphp","msg":"async worker thread started","worker":"m#/app/worker.php_1","thread":376}
{"level":"info","ts":1775498961.4722672,"logger":"frankenphp","msg":"async worker thread started","worker":"m#/app/worker.php_1","thread":377}
{"level":"info","ts":1775498961.472279,"logger":"frankenphp","msg":"async worker thread started","worker":"m#/app/worker.php_1","thread":378}
{"level":"info","ts":1775498961.472301,"logger":"frankenphp","msg":"async worker thread started","worker":"m#/app/worker.php_1","thread":379}
{"level":"info","ts":1775498961.4722998,"logger":"frankenphp","msg":"async worker thread started","worker":"m#/app/worker.php_1","thread":375}
{"level":"info","ts":1775498961.4724257,"logger":"frankenphp","msg":"async worker thread started","worker":"m#/app/worker.php_1","thread":380}
{"level":"info","ts":1775498961.4727397,"logger":"frankenphp","msg":"async worker thread started","worker":"m#/app/worker.php_1","thread":381}
{"level":"info","ts":1775498961.4727535,"logger":"frankenphp","msg":"async worker thread started","worker":"m#/app/worker.php_1","thread":384}
{"level":"info","ts":1775498961.47283,"logger":"frankenphp","msg":"async worker thread started","worker":"m#/app/worker.php_1","thread":382}
{"level":"info","ts":1775498961.4728358,"logger":"frankenphp","msg":"async worker thread started","worker":"m#/app/worker.php_2","thread":386}
{"level":"info","ts":1775498961.4729233,"logger":"frankenphp","msg":"async worker thread started","worker":"m#/app/worker.php_2","thread":387}
{"level":"info","ts":1775498961.4729247,"logger":"frankenphp","msg":"async worker thread started","worker":"m#/app/worker.php_1","thread":383}
{"level":"info","ts":1775498961.472996,"logger":"frankenphp","msg":"async worker thread started","worker":"m#/app/worker.php_2","thread":385}
{"level":"info","ts":1775498961.4731264,"logger":"frankenphp","msg":"async worker thread started","worker":"m#/app/worker.php_2","thread":388}
{"level":"info","ts":1775498961.478079,"logger":"frankenphp","msg":"async worker thread started","worker":"m#/app/worker.php_2","thread":389}
{"level":"info","ts":1775498961.478202,"logger":"frankenphp","msg":"async worker thread started","worker":"m#/app/worker.php_2","thread":390}
{"level":"info","ts":1775498961.478378,"logger":"frankenphp","msg":"async worker thread started","worker":"m#/app/worker.php_2","thread":392}
{"level":"info","ts":1775498961.4784403,"logger":"frankenphp","msg":"async worker thread started","worker":"m#/app/worker.php_2","thread":393}
{"level":"info","ts":1775498961.478386,"logger":"frankenphp","msg":"async worker thread started","worker":"m#/app/worker.php_2","thread":391}
{"level":"info","ts":1775498961.478715,"logger":"frankenphp","msg":"async worker thread started","worker":"m#/app/worker.php_2","thread":395}
{"level":"info","ts":1775498961.4787946,"logger":"frankenphp","msg":"async worker thread started","worker":"m#/app/worker.php_2","thread":396}
{"level":"info","ts":1775498961.4788268,"logger":"frankenphp","msg":"async worker thread started","worker":"m#/app/worker.php_2","thread":397}
{"level":"info","ts":1775498961.478919,"logger":"frankenphp","msg":"async worker thread started","worker":"m#/app/worker.php_2","thread":398}
{"level":"info","ts":1775498961.479464,"logger":"frankenphp","msg":"async worker thread started","worker":"m#/app/worker.php_2","thread":399}
{"level":"info","ts":1775498961.478585,"logger":"frankenphp","msg":"async worker thread started","worker":"m#/app/worker.php_2","thread":394}
{"level":"info","ts":1775498961.481209,"logger":"frankenphp","msg":"async worker thread started","worker":"m#/app/worker.php_2","thread":400}
{"level":"info","ts":1775498961.4812882,"logger":"frankenphp","msg":"async worker thread started","worker":"m#/app/worker.php_2","thread":401}
{"level":"info","ts":1775498961.4813588,"logger":"frankenphp","msg":"async worker thread started","worker":"m#/app/worker.php_2","thread":402}
{"level":"info","ts":1775498961.4815476,"logger":"frankenphp","msg":"async worker thread started","worker":"m#/app/worker.php_2","thread":404}
{"level":"info","ts":1775498961.481649,"logger":"frankenphp","msg":"async worker thread started","worker":"m#/app/worker.php_2","thread":406}
{"level":"info","ts":1775498961.4817867,"logger":"frankenphp","msg":"async worker thread started","worker":"m#/app/worker.php_2","thread":405}
{"level":"info","ts":1775498961.4818692,"logger":"frankenphp","msg":"async worker thread started","worker":"m#/app/worker.php_2","thread":407}
{"level":"info","ts":1775498961.4819365,"logger":"frankenphp","msg":"async worker thread started","worker":"m#/app/worker.php_2","thread":409}
{"level":"info","ts":1775498961.4819705,"logger":"frankenphp","msg":"async worker thread started","worker":"m#/app/worker.php_2","thread":410}
{"level":"info","ts":1775498961.481873,"logger":"frankenphp","msg":"async worker thread started","worker":"m#/app/worker.php_2","thread":408}
{"level":"info","ts":1775498961.4818897,"logger":"frankenphp","msg":"async worker thread started","worker":"m#/app/worker.php_2","thread":403}
{"level":"info","ts":1775498961.4820802,"logger":"frankenphp","msg":"async worker thread started","worker":"m#/app/worker.php_2","thread":412}
{"level":"info","ts":1775498961.482032,"logger":"frankenphp","msg":"async worker thread started","worker":"m#/app/worker.php_2","thread":411}
{"level":"info","ts":1775498961.4821227,"logger":"frankenphp","msg":"async worker thread started","worker":"m#/app/worker.php_2","thread":413}
{"level":"info","ts":1775498961.4821963,"logger":"frankenphp","msg":"async worker thread started","worker":"m#/app/worker.php_2","thread":414}
{"level":"info","ts":1775498961.482287,"logger":"frankenphp","msg":"async worker thread started","worker":"m#/app/worker.php_2","thread":415}
{"level":"info","ts":1775498961.4823508,"logger":"frankenphp","msg":"async worker thread started","worker":"m#/app/worker.php_2","thread":417}
{"level":"info","ts":1775498961.4830527,"logger":"frankenphp","msg":"async worker thread started","worker":"m#/app/worker.php_2","thread":428}
{"level":"info","ts":1775498961.4824662,"logger":"frankenphp","msg":"async worker thread started","worker":"m#/app/worker.php_2","thread":419}
{"level":"info","ts":1775498961.4832041,"logger":"frankenphp","msg":"async worker thread started","worker":"m#/app/worker.php_2","thread":430}
{"level":"info","ts":1775498961.4826684,"logger":"frankenphp","msg":"async worker thread started","worker":"m#/app/worker.php_2","thread":420}
{"level":"info","ts":1775498961.483237,"logger":"frankenphp","msg":"async worker thread started","worker":"m#/app/worker.php_2","thread":432}
{"level":"info","ts":1775498961.4833405,"logger":"frankenphp","msg":"async worker thread started","worker":"m#/app/worker.php_2","thread":434}
{"level":"info","ts":1775498961.4827082,"logger":"frankenphp","msg":"async worker thread started","worker":"m#/app/worker.php_2","thread":418}
{"level":"info","ts":1775498961.482747,"logger":"frankenphp","msg":"async worker thread started","worker":"m#/app/worker.php_2","thread":421}
{"level":"info","ts":1775498961.4833815,"logger":"frankenphp","msg":"async worker thread started","worker":"m#/app/worker.php_2","thread":435}
{"level":"info","ts":1775498961.4828854,"logger":"frankenphp","msg":"async worker thread started","worker":"m#/app/worker.php_2","thread":424}
{"level":"info","ts":1775498961.4829469,"logger":"frankenphp","msg":"async worker thread started","worker":"m#/app/worker.php_2","thread":425}
{"level":"info","ts":1775498961.4829788,"logger":"frankenphp","msg":"async worker thread started","worker":"m#/app/worker.php_2","thread":426}
{"level":"info","ts":1775498961.483469,"logger":"frankenphp","msg":"async worker thread started","worker":"m#/app/worker.php_2","thread":436}
{"level":"info","ts":1775498961.4835446,"logger":"frankenphp","msg":"async worker thread started","worker":"m#/app/worker.php_2","thread":437}
{"level":"info","ts":1775498961.4835482,"logger":"frankenphp","msg":"async worker thread started","worker":"m#/app/worker.php_2","thread":438}
{"level":"info","ts":1775498961.4831188,"logger":"frankenphp","msg":"async worker thread started","worker":"m#/app/worker.php_2","thread":427}
{"level":"info","ts":1775498961.483565,"logger":"frankenphp","msg":"async worker thread started","worker":"m#/app/worker.php_2","thread":439}
{"level":"info","ts":1775498961.4831119,"logger":"frankenphp","msg":"async worker thread started","worker":"m#/app/worker.php_2","thread":429}
{"level":"info","ts":1775498961.482291,"logger":"frankenphp","msg":"async worker thread started","worker":"m#/app/worker.php_2","thread":416}
{"level":"info","ts":1775498961.4828095,"logger":"frankenphp","msg":"async worker thread started","worker":"m#/app/worker.php_2","thread":422}
{"level":"info","ts":1775498961.4836109,"logger":"frankenphp","msg":"async worker thread started","worker":"m#/app/worker.php_2","thread":440}
{"level":"info","ts":1775498961.4833076,"logger":"frankenphp","msg":"async worker thread started","worker":"m#/app/worker.php_2","thread":433}
{"level":"info","ts":1775498961.4832072,"logger":"frankenphp","msg":"async worker thread started","worker":"m#/app/worker.php_2","thread":431}
{"level":"info","ts":1775498961.4828537,"logger":"frankenphp","msg":"async worker thread started","worker":"m#/app/worker.php_2","thread":423}
{"level":"info","ts":1775498961.4837246,"logger":"frankenphp","msg":"async worker thread started","worker":"m#/app/worker.php_2","thread":441}
{"level":"info","ts":1775498961.4837983,"logger":"frankenphp","msg":"async worker thread started","worker":"m#/app/worker.php_2","thread":442}
{"level":"info","ts":1775498961.4838836,"logger":"frankenphp","msg":"async worker thread started","worker":"m#/app/worker.php_2","thread":443}
{"level":"info","ts":1775498961.4839313,"logger":"frankenphp","msg":"async worker thread started","worker":"m#/app/worker.php_2","thread":445}
{"level":"info","ts":1775498961.484019,"logger":"frankenphp","msg":"async worker thread started","worker":"m#/app/worker.php_2","thread":446}
{"level":"info","ts":1775498961.4840312,"logger":"frankenphp","msg":"async worker thread started","worker":"m#/app/worker.php_2","thread":447}
{"level":"info","ts":1775498961.4838855,"logger":"frankenphp","msg":"async worker thread started","worker":"m#/app/worker.php_2","thread":444}
{"level":"info","ts":1775498961.4841027,"logger":"frankenphp","msg":"async worker thread started","worker":"m#/app/worker.php_2","thread":448}
{"level":"info","ts":1775498961.484123,"logger":"frankenphp","msg":"async worker thread started","worker":"m#/app/worker.php_2","thread":450}
{"level":"info","ts":1775498961.4841447,"logger":"frankenphp","msg":"async worker thread started","worker":"m#/app/worker.php_2","thread":449}
{"level":"info","ts":1775498961.484261,"logger":"frankenphp","msg":"async worker thread started","worker":"m#/app/worker.php_2","thread":451}
{"level":"info","ts":1775498961.4842727,"logger":"frankenphp","msg":"async worker thread started","worker":"m#/app/worker.php_2","thread":452}
{"level":"info","ts":1775498961.4843972,"logger":"frankenphp","msg":"async worker thread started","worker":"m#/app/worker.php_2","thread":453}
{"level":"info","ts":1775498961.484445,"logger":"frankenphp","msg":"async worker thread started","worker":"m#/app/worker.php_2","thread":454}
{"level":"info","ts":1775498961.48449,"logger":"frankenphp","msg":"async worker thread started","worker":"m#/app/worker.php_2","thread":455}
{"level":"info","ts":1775498961.485031,"logger":"frankenphp","msg":"async worker thread started","worker":"m#/app/worker.php_2","thread":456}
{"level":"info","ts":1775498961.4851286,"logger":"frankenphp","msg":"async worker thread started","worker":"m#/app/worker.php_2","thread":457}
{"level":"info","ts":1775498961.4852028,"logger":"frankenphp","msg":"async worker thread started","worker":"m#/app/worker.php_2","thread":458}
{"level":"info","ts":1775498961.4852815,"logger":"frankenphp","msg":"async worker thread started","worker":"m#/app/worker.php_2","thread":459}
{"level":"info","ts":1775498961.485363,"logger":"frankenphp","msg":"async worker thread started","worker":"m#/app/worker.php_2","thread":460}
{"level":"info","ts":1775498961.4854434,"logger":"frankenphp","msg":"async worker thread started","worker":"m#/app/worker.php_2","thread":461}
{"level":"info","ts":1775498961.485455,"logger":"frankenphp","msg":"async worker thread started","worker":"m#/app/worker.php_2","thread":462}
{"level":"info","ts":1775498961.4855504,"logger":"frankenphp","msg":"async worker thread started","worker":"m#/app/worker.php_2","thread":464}
{"level":"info","ts":1775498961.485637,"logger":"frankenphp","msg":"async worker thread started","worker":"m#/app/worker.php_2","thread":465}
{"level":"info","ts":1775498961.4856627,"logger":"frankenphp","msg":"async worker thread started","worker":"m#/app/worker.php_2","thread":466}
{"level":"info","ts":1775498961.4857903,"logger":"frankenphp","msg":"async worker thread started","worker":"m#/app/worker.php_2","thread":463}
{"level":"info","ts":1775498961.485881,"logger":"frankenphp","msg":"async worker thread started","worker":"m#/app/worker.php_2","thread":467}
{"level":"info","ts":1775498961.4860215,"logger":"frankenphp","msg":"async worker thread started","worker":"m#/app/worker.php_2","thread":469}
{"level":"info","ts":1775498961.486019,"logger":"frankenphp","msg":"async worker thread started","worker":"m#/app/worker.php_2","thread":468}
{"level":"info","ts":1775498961.4861033,"logger":"frankenphp","msg":"async worker thread started","worker":"m#/app/worker.php_2","thread":470}
{"level":"info","ts":1775498961.4861207,"logger":"frankenphp","msg":"async worker thread started","worker":"m#/app/worker.php_2","thread":471}
{"level":"info","ts":1775498961.4862072,"logger":"frankenphp","msg":"async worker thread started","worker":"m#/app/worker.php_2","thread":472}
{"level":"info","ts":1775498961.4862807,"logger":"frankenphp","msg":"async worker thread started","worker":"m#/app/worker.php_2","thread":473}
{"level":"info","ts":1775498961.4863024,"logger":"frankenphp","msg":"async worker thread started","worker":"m#/app/worker.php_2","thread":474}
{"level":"info","ts":1775498961.4863398,"logger":"frankenphp","msg":"async worker thread started","worker":"m#/app/worker.php_2","thread":475}
{"level":"info","ts":1775498961.4864097,"logger":"frankenphp","msg":"async worker thread started","worker":"m#/app/worker.php_2","thread":476}
{"level":"info","ts":1775498961.4864895,"logger":"frankenphp","msg":"async worker thread started","worker":"m#/app/worker.php_2","thread":477}
{"level":"info","ts":1775498961.486503,"logger":"frankenphp","msg":"async worker thread started","worker":"m#/app/worker.php_2","thread":478}
{"level":"info","ts":1775498961.4865823,"logger":"frankenphp","msg":"async worker thread started","worker":"m#/app/worker.php_2","thread":479}
{"level":"info","ts":1775498961.4868224,"logger":"frankenphp","msg":"async worker thread started","worker":"m#/app/worker.php_2","thread":481}
{"level":"info","ts":1775498961.4868982,"logger":"frankenphp","msg":"async worker thread started","worker":"m#/app/worker.php_2","thread":480}
{"level":"info","ts":1775498961.4869683,"logger":"frankenphp","msg":"async worker thread started","worker":"m#/app/worker.php_2","thread":482}
{"level":"info","ts":1775498961.4870453,"logger":"frankenphp","msg":"async worker thread started","worker":"m#/app/worker.php_2","thread":483}
{"level":"info","ts":1775498961.4870696,"logger":"frankenphp","msg":"async worker thread started","worker":"m#/app/worker.php_2","thread":484}
{"level":"info","ts":1775498961.48712,"logger":"frankenphp","msg":"async worker thread started","worker":"m#/app/worker.php_2","thread":485}
{"level":"info","ts":1775498961.487155,"logger":"frankenphp","msg":"async worker thread started","worker":"m#/app/worker.php_2","thread":486}
{"level":"info","ts":1775498961.4873736,"logger":"frankenphp","msg":"async worker thread started","worker":"m#/app/worker.php_2","thread":488}
{"level":"info","ts":1775498961.4874682,"logger":"frankenphp","msg":"async worker thread started","worker":"m#/app/worker.php_2","thread":489}
{"level":"info","ts":1775498961.4875064,"logger":"frankenphp","msg":"async worker thread started","worker":"m#/app/worker.php_2","thread":492}
{"level":"info","ts":1775498961.487545,"logger":"frankenphp","msg":"async worker thread started","worker":"m#/app/worker.php_2","thread":490}
{"level":"info","ts":1775498961.4875572,"logger":"frankenphp","msg":"async worker thread started","worker":"m#/app/worker.php_2","thread":493}
{"level":"info","ts":1775498961.4874544,"logger":"frankenphp","msg":"async worker thread started","worker":"m#/app/worker.php_2","thread":487}
{"level":"info","ts":1775498961.4876318,"logger":"frankenphp","msg":"async worker thread started","worker":"m#/app/worker.php_2","thread":491}
{"level":"info","ts":1775498961.487656,"logger":"frankenphp","msg":"async worker thread started","worker":"m#/app/worker.php_2","thread":494}
{"level":"info","ts":1775498961.487729,"logger":"frankenphp","msg":"async worker thread started","worker":"m#/app/worker.php_2","thread":495}
{"level":"info","ts":1775498961.4878297,"logger":"frankenphp","msg":"async worker thread started","worker":"m#/app/worker.php_2","thread":496}
{"level":"info","ts":1775498961.4879117,"logger":"frankenphp","msg":"async worker thread started","worker":"m#/app/worker.php_2","thread":497}
{"level":"info","ts":1775498961.4879167,"logger":"frankenphp","msg":"async worker thread started","worker":"m#/app/worker.php_2","thread":498}
{"level":"info","ts":1775498961.4879587,"logger":"frankenphp","msg":"async worker thread started","worker":"m#/app/worker.php_2","thread":499}
{"level":"info","ts":1775498961.4880311,"logger":"frankenphp","msg":"async worker thread started","worker":"m#/app/worker.php_2","thread":500}
{"level":"info","ts":1775498961.488127,"logger":"frankenphp","msg":"async worker thread started","worker":"m#/app/worker.php_2","thread":501}
{"level":"info","ts":1775498961.4881856,"logger":"frankenphp","msg":"async worker thread started","worker":"m#/app/worker.php_2","thread":502}
{"level":"info","ts":1775498961.4882162,"logger":"frankenphp","msg":"async worker thread started","worker":"m#/app/worker.php_2","thread":503}
{"level":"info","ts":1775498961.4882636,"logger":"frankenphp","msg":"async worker thread started","worker":"m#/app/worker.php_2","thread":504}
{"level":"info","ts":1775498961.4883351,"logger":"frankenphp","msg":"async worker thread started","worker":"m#/app/worker.php_2","thread":505}
{"level":"info","ts":1775498961.4885151,"logger":"frankenphp","msg":"async worker thread started","worker":"m#/app/worker.php_2","thread":506}
{"level":"info","ts":1775498961.4885452,"logger":"frankenphp","msg":"async worker thread started","worker":"m#/app/worker.php_2","thread":508}
{"level":"info","ts":1775498961.4885783,"logger":"frankenphp","msg":"async worker thread started","worker":"m#/app/worker.php_2","thread":509}
{"level":"info","ts":1775498961.4886513,"logger":"frankenphp","msg":"async worker thread started","worker":"m#/app/worker.php_2","thread":510}
{"level":"info","ts":1775498961.4885244,"logger":"frankenphp","msg":"async worker thread started","worker":"m#/app/worker.php_2","thread":507}
{"level":"info","ts":1775498961.488746,"logger":"frankenphp","msg":"async worker thread started","worker":"m#/app/worker.php_2","thread":511}
{"level":"info","ts":1775498961.488755,"logger":"frankenphp","msg":"async worker thread started","worker":"m#/app/worker.php_2","thread":512}
{"level":"info","ts":1775498961.488842,"logger":"frankenphp","msg":"FrankenPHP started 🐘","php_version":"8.6.0-dev","num_threads":513,"max_threads":513}
{"level":"info","ts":1775498961.4891522,"msg":"autosaved config (load with --resume flag)","file":"/root/.config/caddy/autosave.json"}
{"level":"info","ts":1775498961.4891636,"msg":"serving initial configuration"}
{"level":"error","ts":1775498967.0586984,"logger":"http.log.error","msg":"context canceled","request":{"remote_ip":"127.0.0.1","remote_port":"57680","client_ip":"127.0.0.1","proto":"HTTP/2.0","method":"GET","host":"localhost:8443","uri":"/baseline2?a=1&b=1","headers":{"User-Agent":["h2load nghttp2/1.59.0"]},"tls":{"resumed":false,"version":772,"cipher_suite":4865,"proto":"h2","server_name":"localhost","ech":false}},"duration":0.097089429,"status":500,"err_id":"eg2dcsdw1","err_trace":"caddy.(*FrankenPHPModule).ServeHTTP (module.go:252)"}
{"level":"error","ts":1775498967.0589437,"logger":"http.log.error","msg":"context canceled","request":{"remote_ip":"127.0.0.1","remote_port":"57808","client_ip":"127.0.0.1","proto":"HTTP/2.0","method":"GET","host":"localhost:8443","uri":"/baseline2?a=1&b=1","headers":{"User-Agent":["h2load nghttp2/1.59.0"]},"tls":{"resumed":false,"version":772,"cipher_suite":4865,"proto":"h2","server_name":"localhost","ech":false}},"duration":0.040232622,"status":500,"err_id":"15via06d1","err_trace":"caddy.(*FrankenPHPModule).ServeHTTP (module.go:252)"}
{"level":"error","ts":1775498967.0589604,"logger":"http.log.error","msg":"context canceled","request":{"remote_ip":"127.0.0.1","remote_port":"57680","client_ip":"127.0.0.1","proto":"HTTP/2.0","method":"GET","host":"localhost:8443","uri":"/baseline2?a=1&b=1","headers":{"User-Agent":["h2load nghttp2/1.59.0"]},"tls":{"resumed":false,"version":772,"cipher_suite":4865,"proto":"h2","server_name":"localhost","ech":false}},"duration":0.18420478,"status":500,"err_id":"wfbrmjbnk","err_trace":"caddy.(*FrankenPHPModule).ServeHTTP (module.go:252)"}
{"level":"error","ts":1775498967.0589948,"logger":"http.log.error","msg":"context canceled","request":{"remote_ip":"127.0.0.1","remote_port":"57680","client_ip":"127.0.0.1","proto":"HTTP/2.0","method":"GET","host":"localhost:8443","uri":"/baseline2?a=1&b=1","headers":{"User-Agent":["h2load nghttp2/1.59.0"]},"tls":{"resumed":false,"version":772,"cipher_suite":4865,"proto":"h2","server_name":"localhost","ech":false}},"duration":0.069800103,"status":500,"err_id":"iiqfgymmr","err_trace":"caddy.(*FrankenPHPModule).ServeHTTP (module.go:252)"}
{"level":"error","ts":1775498967.059011,"logger":"http.log.error","msg":"context canceled","request":{"remote_ip":"127.0.0.1","remote_port":"57680","client_ip":"127.0.0.1","proto":"HTTP/2.0","method":"GET","host":"localhost:8443","uri":"/baseline2?a=1&b=1","headers":{"User-Agent":["h2load nghttp2/1.59.0"]},"tls":{"resumed":false,"version":772,"cipher_suite":4865,"proto":"h2","server_name":"localhost","ech":false}},"duration":0.168964565,"status":500,"err_id":"xdiwhd0ci","err_trace":"caddy.(*FrankenPHPModule).ServeHTTP (module.go:252)"}
{"level":"error","ts":1775498967.0590348,"logger":"http.log.error","msg":"context canceled","request":{"remote_ip":"127.0.0.1","remote_port":"57680","client_ip":"127.0.0.1","proto":"HTTP/2.0","method":"GET","host":"localhost:8443","uri":"/baseline2?a=1&b=1","headers":{"User-Agent":["h2load nghttp2/1.59.0"]},"tls":{"resumed":false,"version":772,"cipher_suite":4865,"proto":"h2","server_name":"localhost","ech":false}},"duration":0.067266991,"status":500,"err_id":"9k1rbdzq5","err_trace":"caddy.(*FrankenPHPModule).ServeHTTP (module.go:252)"}
{"level":"error","ts":1775498967.059073,"logger":"http.log.error","msg":"context canceled","request":{"remote_ip":"127.0.0.1","remote_port":"57680","client_ip":"127.0.0.1","proto":"HTTP/2.0","method":"GET","host":"localhost:8443","uri":"/baseline2?a=1&b=1","headers":{"User-Agent":["h2load nghttp2/1.59.0"]},"tls":{"resumed":false,"version":772,"cipher_suite":4865,"proto":"h2","server_name":"localhost","ech":false}},"duration":0.062620855,"status":500,"err_id":"1upzj6smn","err_trace":"caddy.(*FrankenPHPModule).ServeHTTP (module.go:252)"}
{"level":"error","ts":1775498967.0590837,"logger":"http.log.error","msg":"context canceled","request":{"remote_ip":"127.0.0.1","remote_port":"57680","client_ip":"127.0.0.1","proto":"HTTP/2.0","method":"GET","host":"localhost:8443","uri":"/baseline2?a=1&b=1","headers":{"User-Agent":["h2load nghttp2/1.59.0"]},"tls":{"resumed":false,"version":772,"cipher_suite":4865,"proto":"h2","server_name":"localhost","ech":false}},"duration":0.070566477,"status":500,"err_id":"ff5i04ud8","err_trace":"caddy.(*FrankenPHPModule).ServeHTTP (module.go:252)"}
{"level":"error","ts":1775498967.0591044,"logger":"http.log.error","msg":"context canceled","request":{"remote_ip":"127.0.0.1","remote_port":"57680","client_ip":"127.0.0.1","proto":"HTTP/2.0","method":"GET","host":"localhost:8443","uri":"/baseline2?a=1&b=1","headers":{"User-Agent":["h2load nghttp2/1.59.0"]},"tls":{"resumed":false,"version":772,"cipher_suite":4865,"proto":"h2","server_name":"localhost","ech":false}},"duration":0.068245352,"status":500,"err_id":"379kr7csh","err_trace":"caddy.(*FrankenPHPModule).ServeHTTP (module.go:252)"}
{"level":"error","ts":1775498967.0591288,"logger":"http.log.error","msg":"context canceled","request":{"remote_ip":"127.0.0.1","remote_port":"57680","client_ip":"127.0.0.1","proto":"HTTP/2.0","method":"GET","host":"localhost:8443","uri":"/baseline2?a=1&b=1","headers":{"User-Agent":["h2load nghttp2/1.59.0"]},"tls":{"resumed":false,"version":772,"cipher_suite":4865,"proto":"h2","server_name":"localhost","ech":false}},"duration":0.068327827,"status":500,"err_id":"w7nfi367m","err_trace":"caddy.(*FrankenPHPModule).ServeHTTP (module.go:252)"}
{"level":"error","ts":1775498967.0591354,"logger":"http.log.error","msg":"context canceled","request":{"remote_ip":"127.0.0.1","remote_port":"57680","client_ip":"127.0.0.1","proto":"HTTP/2.0","method":"GET","host":"localhost:8443","uri":"/baseline2?a=1&b=1","headers":{"User-Agent":["h2load nghttp2/1.59.0"]},"tls":{"resumed":false,"version":772,"cipher_suite":4865,"proto":"h2","server_name":"localhost","ech":false}},"duration":0.084763499,"status":500,"err_id":"17gm78d3w","err_trace":"caddy.(*FrankenPHPModule).ServeHTTP (module.go:252)"}
{"level":"error","ts":1775498967.0592117,"logger":"http.log.error","msg":"context canceled","request":{"remote_ip":"127.0.0.1","remote_port":"57680","client_ip":"127.0.0.1","proto":"HTTP/2.0","method":"GET","host":"localhost:8443","uri":"/baseline2?a=1&b=1","headers":{"User-Agent":["h2load nghttp2/1.59.0"]},"tls":{"resumed":false,"version":772,"cipher_suite":4865,"proto":"h2","server_name":"localhost","ech":false}},"duration":0.069069194,"status":500,"err_id":"0y2j1m669","err_trace":"caddy.(*FrankenPHPModule).ServeHTTP (module.go:252)"}
{"level":"error","ts":1775498967.0592399,"logger":"http.log.error","msg":"context canceled","request":{"remote_ip":"127.0.0.1","remote_port":"57680","client_ip":"127.0.0.1","proto":"HTTP/2.0","method":"GET","host":"localhost:8443","uri":"/baseline2?a=1&b=1","headers":{"User-Agent":["h2load nghttp2/1.59.0"]},"tls":{"resumed":false,"version":772,"cipher_suite":4865,"proto":"h2","server_name":"localhost","ech":false}},"duration":0.183452612,"status":500,"err_id":"nwthbp6ay","err_trace":"caddy.(*FrankenPHPModule).ServeHTTP (module.go:252)"}
{"level":"error","ts":1775498967.0592802,"logger":"http.log.error","msg":"context canceled","request":{"remote_ip":"127.0.0.1","remote_port":"57680","client_ip":"127.0.0.1","proto":"HTTP/2.0","method":"GET","host":"localhost:8443","uri":"/baseline2?a=1&b=1","headers":{"User-Agent":["h2load nghttp2/1.59.0"]},"tls":{"resumed":false,"version":772,"cipher_suite":4865,"proto":"h2","server_name":"localhost","ech":false}},"duration":0.183861958,"status":500,"err_id":"gt0gk2pmn","err_trace":"caddy.(*FrankenPHPModule).ServeHTTP (module.go:252)"}
{"level":"error","ts":1775498967.059294,"logger":"http.log.error","msg":"context canceled","request":{"remote_ip":"127.0.0.1","remote_port":"57680","client_ip":"127.0.0.1","proto":"HTTP/2.0","method":"GET","host":"localhost:8443","uri":"/baseline2?a=1&b=1","headers":{"User-Agent":["h2load nghttp2/1.59.0"]},"tls":{"resumed":false,"version":772,"cipher_suite":4865,"proto":"h2","server_name":"localhost","ech":false}},"duration":0.097745817,"status":500,"err_id":"284cqqrnq","err_trace":"caddy.(*FrankenPHPModule).ServeHTTP (module.go:252)"}
{"level":"error","ts":1775498967.0593362,"logger":"http.log.error","msg":"context canceled","request":{"remote_ip":"127.0.0.1","remote_port":"57680","client_ip":"127.0.0.1","proto":"HTTP/2.0","method":"GET","host":"localhost:8443","uri":"/baseline2?a=1&b=1","headers":{"User-Agent":["h2load nghttp2/1.59.0"]},"tls":{"resumed":false,"version":772,"cipher_suite":4865,"proto":"h2","server_name":"localhost","ech":false}},"duration":0.060998258,"status":500,"err_id":"a9bqpps4v","err_trace":"caddy.(*FrankenPHPModule).ServeHTTP (module.go:252)"}
{"level":"error","ts":1775498967.0594401,"logger":"http.log.error","msg":"context canceled","request":{"remote_ip":"127.0.0.1","remote_port":"57808","client_ip":"127.0.0.1","proto":"HTTP/2.0","method":"GET","host":"localhost:8443","uri":"/baseline2?a=1&b=1","headers":{"User-Agent":["h2load nghttp2/1.59.0"]},"tls":{"resumed":false,"version":772,"cipher_suite":4865,"proto":"h2","server_name":"localhost","ech":false}},"duration":0.030574465,"status":500,"err_id":"vnspmtyxk","err_trace":"caddy.(*FrankenPHPModule).ServeHTTP (module.go:252)"}
panic: Header called after Handler finished

goroutine 3994534 [running]:
golang.org/x/net/http2.(*responseWriter).Header(0x1a1d77540ee0?)
	/root/go/pkg/mod/golang.org/x/net@v0.52.0/http2/server.go:2997 +0x6d
github.com/dunglas/frankenphp.parseSerializedHeaders({0x262eb40?, 0x1a1d7696c3a8?}, {0x1a1d8c4e8150, 0x18, 0x18})
	/usr/src/frankenphp/async_worker.go:839 +0x55
github.com/dunglas/frankenphp.(*phpThread).handleWrite(0x1a1d74527680, {0x1a7c, 0xc8, {0x1a1d8c4e8150, 0x18, 0x18}, {0x1a1d8a717f60, 0x1, 0x1}})
	/usr/src/frankenphp/async_worker.go:822 +0xf6
created by github.com/dunglas/frankenphp.(*phpThread).responseDispatcher in goroutine 2046
	/usr/src/frankenphp/async_worker.go:797 +0x85
