[2026-04-06 01:56:14 +0000] [1] [INFO] Starting gunicorn 23.0.0
[2026-04-06 01:56:14 +0000] [1] [INFO] Listening at: http://0.0.0.0:8080 (1)
[2026-04-06 01:56:14 +0000] [1] [INFO] Using worker: uvicorn.workers.UvicornWorker
[2026-04-06 01:56:14 +0000] [7] [INFO] Booting worker with pid: 7
[2026-04-06 01:56:14 +0000] [8] [INFO] Booting worker with pid: 8
[2026-04-06 01:56:14 +0000] [9] [INFO] Booting worker with pid: 9
[2026-04-06 01:56:14 +0000] [10] [INFO] Booting worker with pid: 10
[2026-04-06 01:56:14 +0000] [11] [INFO] Booting worker with pid: 11
[2026-04-06 01:56:14 +0000] [12] [INFO] Booting worker with pid: 12
[2026-04-06 01:56:14 +0000] [15] [INFO] Booting worker with pid: 15
[2026-04-06 01:56:14 +0000] [7] [INFO] Started server process [7]
[2026-04-06 01:56:14 +0000] [8] [INFO] Started server process [8]
[2026-04-06 01:56:14 +0000] [8] [INFO] Waiting for application startup.
[2026-04-06 01:56:14 +0000] [7] [INFO] Waiting for application startup.
[2026-04-06 01:56:14 +0000] [8] [INFO] Application startup complete.
[2026-04-06 01:56:14 +0000] [7] [INFO] Application startup complete.
[2026-04-06 01:56:14 +0000] [17] [INFO] Booting worker with pid: 17
[2026-04-06 01:56:14 +0000] [9] [INFO] Started server process [9]
[2026-04-06 01:56:14 +0000] [9] [INFO] Waiting for application startup.
[2026-04-06 01:56:14 +0000] [9] [INFO] Application startup complete.
[2026-04-06 01:56:14 +0000] [18] [INFO] Booting worker with pid: 18
[2026-04-06 01:56:14 +0000] [19] [INFO] Booting worker with pid: 19
[2026-04-06 01:56:14 +0000] [10] [INFO] Started server process [10]
[2026-04-06 01:56:14 +0000] [10] [INFO] Waiting for application startup.
[2026-04-06 01:56:14 +0000] [10] [INFO] Application startup complete.
[2026-04-06 01:56:14 +0000] [11] [INFO] Started server process [11]
[2026-04-06 01:56:14 +0000] [11] [INFO] Waiting for application startup.
[2026-04-06 01:56:14 +0000] [11] [INFO] Application startup complete.
[2026-04-06 01:56:14 +0000] [23] [INFO] Booting worker with pid: 23
[2026-04-06 01:56:14 +0000] [12] [INFO] Started server process [12]
[2026-04-06 01:56:14 +0000] [12] [INFO] Waiting for application startup.
[2026-04-06 01:56:14 +0000] [12] [INFO] Application startup complete.
[2026-04-06 01:56:14 +0000] [15] [INFO] Started server process [15]
[2026-04-06 01:56:14 +0000] [15] [INFO] Waiting for application startup.
[2026-04-06 01:56:14 +0000] [15] [INFO] Application startup complete.
[2026-04-06 01:56:14 +0000] [25] [INFO] Booting worker with pid: 25
[2026-04-06 01:56:14 +0000] [17] [INFO] Started server process [17]
[2026-04-06 01:56:14 +0000] [17] [INFO] Waiting for application startup.
[2026-04-06 01:56:14 +0000] [17] [INFO] Application startup complete.
[2026-04-06 01:56:14 +0000] [18] [INFO] Started server process [18]
[2026-04-06 01:56:14 +0000] [18] [INFO] Waiting for application startup.
[2026-04-06 01:56:14 +0000] [18] [INFO] Application startup complete.
[2026-04-06 01:56:15 +0000] [28] [INFO] Booting worker with pid: 28
[2026-04-06 01:56:15 +0000] [19] [INFO] Started server process [19]
[2026-04-06 01:56:15 +0000] [19] [INFO] Waiting for application startup.
[2026-04-06 01:56:15 +0000] [19] [INFO] Application startup complete.
[2026-04-06 01:56:15 +0000] [30] [INFO] Booting worker with pid: 30
[2026-04-06 01:56:15 +0000] [31] [INFO] Booting worker with pid: 31
[2026-04-06 01:56:15 +0000] [23] [INFO] Started server process [23]
[2026-04-06 01:56:15 +0000] [23] [INFO] Waiting for application startup.
[2026-04-06 01:56:15 +0000] [23] [INFO] Application startup complete.
[2026-04-06 01:56:15 +0000] [33] [INFO] Booting worker with pid: 33
[2026-04-06 01:56:15 +0000] [34] [INFO] Booting worker with pid: 34
[2026-04-06 01:56:15 +0000] [25] [INFO] Started server process [25]
[2026-04-06 01:56:15 +0000] [25] [INFO] Waiting for application startup.
[2026-04-06 01:56:15 +0000] [25] [INFO] Application startup complete.
[2026-04-06 01:56:15 +0000] [28] [INFO] Started server process [28]
[2026-04-06 01:56:15 +0000] [28] [INFO] Waiting for application startup.
[2026-04-06 01:56:15 +0000] [28] [INFO] Application startup complete.
[2026-04-06 01:56:15 +0000] [37] [INFO] Booting worker with pid: 37
[2026-04-06 01:56:15 +0000] [38] [INFO] Booting worker with pid: 38
[2026-04-06 01:56:15 +0000] [30] [INFO] Started server process [30]
[2026-04-06 01:56:15 +0000] [30] [INFO] Waiting for application startup.
[2026-04-06 01:56:15 +0000] [30] [INFO] Application startup complete.
[2026-04-06 01:56:15 +0000] [41] [INFO] Booting worker with pid: 41
[2026-04-06 01:56:15 +0000] [42] [INFO] Booting worker with pid: 42
[2026-04-06 01:56:15 +0000] [31] [INFO] Started server process [31]
[2026-04-06 01:56:15 +0000] [31] [INFO] Waiting for application startup.
[2026-04-06 01:56:15 +0000] [31] [INFO] Application startup complete.
[2026-04-06 01:56:15 +0000] [43] [INFO] Booting worker with pid: 43
[2026-04-06 01:56:15 +0000] [33] [INFO] Started server process [33]
[2026-04-06 01:56:15 +0000] [33] [INFO] Waiting for application startup.
[2026-04-06 01:56:15 +0000] [33] [INFO] Application startup complete.
[2026-04-06 01:56:15 +0000] [34] [INFO] Started server process [34]
[2026-04-06 01:56:15 +0000] [34] [INFO] Waiting for application startup.
[2026-04-06 01:56:15 +0000] [34] [INFO] Application startup complete.
[2026-04-06 01:56:15 +0000] [46] [INFO] Booting worker with pid: 46
[2026-04-06 01:56:15 +0000] [47] [INFO] Booting worker with pid: 47
[2026-04-06 01:56:15 +0000] [48] [INFO] Booting worker with pid: 48
[2026-04-06 01:56:15 +0000] [37] [INFO] Started server process [37]
[2026-04-06 01:56:15 +0000] [37] [INFO] Waiting for application startup.
[2026-04-06 01:56:15 +0000] [37] [INFO] Application startup complete.
[2026-04-06 01:56:15 +0000] [38] [INFO] Started server process [38]
[2026-04-06 01:56:15 +0000] [38] [INFO] Waiting for application startup.
[2026-04-06 01:56:15 +0000] [38] [INFO] Application startup complete.
[2026-04-06 01:56:15 +0000] [41] [INFO] Started server process [41]
[2026-04-06 01:56:15 +0000] [41] [INFO] Waiting for application startup.
[2026-04-06 01:56:15 +0000] [41] [INFO] Application startup complete.
[2026-04-06 01:56:15 +0000] [53] [INFO] Booting worker with pid: 53
[2026-04-06 01:56:15 +0000] [42] [INFO] Started server process [42]
[2026-04-06 01:56:15 +0000] [42] [INFO] Waiting for application startup.
[2026-04-06 01:56:15 +0000] [42] [INFO] Application startup complete.
[2026-04-06 01:56:15 +0000] [55] [INFO] Booting worker with pid: 55
[2026-04-06 01:56:15 +0000] [43] [INFO] Started server process [43]
[2026-04-06 01:56:15 +0000] [43] [INFO] Waiting for application startup.
[2026-04-06 01:56:15 +0000] [43] [INFO] Application startup complete.
[2026-04-06 01:56:15 +0000] [56] [INFO] Booting worker with pid: 56
[2026-04-06 01:56:15 +0000] [57] [INFO] Booting worker with pid: 57
[2026-04-06 01:56:15 +0000] [58] [INFO] Booting worker with pid: 58
[2026-04-06 01:56:15 +0000] [59] [INFO] Booting worker with pid: 59
[2026-04-06 01:56:15 +0000] [61] [INFO] Booting worker with pid: 61
[2026-04-06 01:56:15 +0000] [46] [INFO] Started server process [46]
[2026-04-06 01:56:15 +0000] [46] [INFO] Waiting for application startup.
[2026-04-06 01:56:15 +0000] [46] [INFO] Application startup complete.
[2026-04-06 01:56:15 +0000] [47] [INFO] Started server process [47]
[2026-04-06 01:56:15 +0000] [47] [INFO] Waiting for application startup.
[2026-04-06 01:56:15 +0000] [47] [INFO] Application startup complete.
[2026-04-06 01:56:15 +0000] [48] [INFO] Started server process [48]
[2026-04-06 01:56:15 +0000] [48] [INFO] Waiting for application startup.
[2026-04-06 01:56:15 +0000] [48] [INFO] Application startup complete.
[2026-04-06 01:56:15 +0000] [64] [INFO] Booting worker with pid: 64
[2026-04-06 01:56:15 +0000] [65] [INFO] Booting worker with pid: 65
[2026-04-06 01:56:15 +0000] [53] [INFO] Started server process [53]
[2026-04-06 01:56:15 +0000] [53] [INFO] Waiting for application startup.
[2026-04-06 01:56:15 +0000] [53] [INFO] Application startup complete.
[2026-04-06 01:56:15 +0000] [55] [INFO] Started server process [55]
[2026-04-06 01:56:15 +0000] [55] [INFO] Waiting for application startup.
[2026-04-06 01:56:15 +0000] [55] [INFO] Application startup complete.
[2026-04-06 01:56:15 +0000] [56] [INFO] Started server process [56]
[2026-04-06 01:56:15 +0000] [56] [INFO] Waiting for application startup.
[2026-04-06 01:56:15 +0000] [56] [INFO] Application startup complete.
[2026-04-06 01:56:15 +0000] [70] [INFO] Booting worker with pid: 70
[2026-04-06 01:56:15 +0000] [57] [INFO] Started server process [57]
[2026-04-06 01:56:15 +0000] [57] [INFO] Waiting for application startup.
[2026-04-06 01:56:15 +0000] [57] [INFO] Application startup complete.
[2026-04-06 01:56:15 +0000] [73] [INFO] Booting worker with pid: 73
[2026-04-06 01:56:15 +0000] [58] [INFO] Started server process [58]
[2026-04-06 01:56:15 +0000] [58] [INFO] Waiting for application startup.
[2026-04-06 01:56:15 +0000] [58] [INFO] Application startup complete.
[2026-04-06 01:56:15 +0000] [59] [INFO] Started server process [59]
[2026-04-06 01:56:15 +0000] [59] [INFO] Waiting for application startup.
[2026-04-06 01:56:15 +0000] [59] [INFO] Application startup complete.
[2026-04-06 01:56:16 +0000] [61] [INFO] Started server process [61]
[2026-04-06 01:56:16 +0000] [61] [INFO] Waiting for application startup.
[2026-04-06 01:56:16 +0000] [61] [INFO] Application startup complete.
[2026-04-06 01:56:16 +0000] [76] [INFO] Booting worker with pid: 76
[2026-04-06 01:56:16 +0000] [64] [INFO] Started server process [64]
[2026-04-06 01:56:16 +0000] [64] [INFO] Waiting for application startup.
[2026-04-06 01:56:16 +0000] [64] [INFO] Application startup complete.
[2026-04-06 01:56:16 +0000] [77] [INFO] Booting worker with pid: 77
[2026-04-06 01:56:16 +0000] [65] [INFO] Started server process [65]
[2026-04-06 01:56:16 +0000] [65] [INFO] Waiting for application startup.
[2026-04-06 01:56:16 +0000] [65] [INFO] Application startup complete.
[2026-04-06 01:56:16 +0000] [79] [INFO] Booting worker with pid: 79
[2026-04-06 01:56:16 +0000] [70] [INFO] Started server process [70]
[2026-04-06 01:56:16 +0000] [70] [INFO] Waiting for application startup.
[2026-04-06 01:56:16 +0000] [70] [INFO] Application startup complete.
[2026-04-06 01:56:16 +0000] [81] [INFO] Booting worker with pid: 81
[2026-04-06 01:56:16 +0000] [73] [INFO] Started server process [73]
[2026-04-06 01:56:16 +0000] [73] [INFO] Waiting for application startup.
[2026-04-06 01:56:16 +0000] [73] [INFO] Application startup complete.
[2026-04-06 01:56:16 +0000] [83] [INFO] Booting worker with pid: 83
[2026-04-06 01:56:16 +0000] [76] [INFO] Started server process [76]
[2026-04-06 01:56:16 +0000] [76] [INFO] Waiting for application startup.
[2026-04-06 01:56:16 +0000] [76] [INFO] Application startup complete.
[2026-04-06 01:56:16 +0000] [77] [INFO] Started server process [77]
[2026-04-06 01:56:16 +0000] [77] [INFO] Waiting for application startup.
[2026-04-06 01:56:16 +0000] [77] [INFO] Application startup complete.
[2026-04-06 01:56:16 +0000] [86] [INFO] Booting worker with pid: 86
[2026-04-06 01:56:16 +0000] [79] [INFO] Started server process [79]
[2026-04-06 01:56:16 +0000] [79] [INFO] Waiting for application startup.
[2026-04-06 01:56:16 +0000] [79] [INFO] Application startup complete.
[2026-04-06 01:56:16 +0000] [88] [INFO] Booting worker with pid: 88
[2026-04-06 01:56:16 +0000] [89] [INFO] Booting worker with pid: 89
[2026-04-06 01:56:16 +0000] [81] [INFO] Started server process [81]
[2026-04-06 01:56:16 +0000] [81] [INFO] Waiting for application startup.
[2026-04-06 01:56:16 +0000] [81] [INFO] Application startup complete.
[2026-04-06 01:56:16 +0000] [91] [INFO] Booting worker with pid: 91
[2026-04-06 01:56:16 +0000] [83] [INFO] Started server process [83]
[2026-04-06 01:56:16 +0000] [83] [INFO] Waiting for application startup.
[2026-04-06 01:56:16 +0000] [83] [INFO] Application startup complete.
[2026-04-06 01:56:16 +0000] [93] [INFO] Booting worker with pid: 93
[2026-04-06 01:56:16 +0000] [94] [INFO] Booting worker with pid: 94
[2026-04-06 01:56:16 +0000] [95] [INFO] Booting worker with pid: 95
[2026-04-06 01:56:16 +0000] [97] [INFO] Booting worker with pid: 97
[2026-04-06 01:56:16 +0000] [86] [INFO] Started server process [86]
[2026-04-06 01:56:16 +0000] [86] [INFO] Waiting for application startup.
[2026-04-06 01:56:16 +0000] [86] [INFO] Application startup complete.
[2026-04-06 01:56:16 +0000] [88] [INFO] Started server process [88]
[2026-04-06 01:56:16 +0000] [88] [INFO] Waiting for application startup.
[2026-04-06 01:56:16 +0000] [88] [INFO] Application startup complete.
[2026-04-06 01:56:16 +0000] [100] [INFO] Booting worker with pid: 100
[2026-04-06 01:56:16 +0000] [89] [INFO] Started server process [89]
[2026-04-06 01:56:16 +0000] [89] [INFO] Waiting for application startup.
[2026-04-06 01:56:16 +0000] [89] [INFO] Application startup complete.
[2026-04-06 01:56:16 +0000] [102] [INFO] Booting worker with pid: 102
[2026-04-06 01:56:16 +0000] [91] [INFO] Started server process [91]
[2026-04-06 01:56:16 +0000] [91] [INFO] Waiting for application startup.
[2026-04-06 01:56:16 +0000] [91] [INFO] Application startup complete.
[2026-04-06 01:56:16 +0000] [103] [INFO] Booting worker with pid: 103
[2026-04-06 01:56:16 +0000] [105] [INFO] Booting worker with pid: 105
[2026-04-06 01:56:16 +0000] [93] [INFO] Started server process [93]
[2026-04-06 01:56:16 +0000] [93] [INFO] Waiting for application startup.
[2026-04-06 01:56:16 +0000] [93] [INFO] Application startup complete.
[2026-04-06 01:56:16 +0000] [107] [INFO] Booting worker with pid: 107
[2026-04-06 01:56:16 +0000] [94] [INFO] Started server process [94]
[2026-04-06 01:56:16 +0000] [94] [INFO] Waiting for application startup.
[2026-04-06 01:56:16 +0000] [94] [INFO] Application startup complete.
[2026-04-06 01:56:16 +0000] [95] [INFO] Started server process [95]
[2026-04-06 01:56:16 +0000] [95] [INFO] Waiting for application startup.
[2026-04-06 01:56:16 +0000] [95] [INFO] Application startup complete.
[2026-04-06 01:56:16 +0000] [97] [INFO] Started server process [97]
[2026-04-06 01:56:16 +0000] [97] [INFO] Waiting for application startup.
[2026-04-06 01:56:16 +0000] [97] [INFO] Application startup complete.
[2026-04-06 01:56:16 +0000] [110] [INFO] Booting worker with pid: 110
[2026-04-06 01:56:16 +0000] [100] [INFO] Started server process [100]
[2026-04-06 01:56:16 +0000] [100] [INFO] Waiting for application startup.
[2026-04-06 01:56:16 +0000] [100] [INFO] Application startup complete.
[2026-04-06 01:56:17 +0000] [112] [INFO] Booting worker with pid: 112
[2026-04-06 01:56:17 +0000] [102] [INFO] Started server process [102]
[2026-04-06 01:56:17 +0000] [102] [INFO] Waiting for application startup.
[2026-04-06 01:56:17 +0000] [102] [INFO] Application startup complete.
[2026-04-06 01:56:17 +0000] [103] [INFO] Started server process [103]
[2026-04-06 01:56:17 +0000] [103] [INFO] Waiting for application startup.
[2026-04-06 01:56:17 +0000] [103] [INFO] Application startup complete.
[2026-04-06 01:56:17 +0000] [116] [INFO] Booting worker with pid: 116
[2026-04-06 01:56:17 +0000] [105] [INFO] Started server process [105]
[2026-04-06 01:56:17 +0000] [105] [INFO] Waiting for application startup.
[2026-04-06 01:56:17 +0000] [105] [INFO] Application startup complete.
[2026-04-06 01:56:17 +0000] [107] [INFO] Started server process [107]
[2026-04-06 01:56:17 +0000] [107] [INFO] Waiting for application startup.
[2026-04-06 01:56:17 +0000] [107] [INFO] Application startup complete.
[2026-04-06 01:56:17 +0000] [118] [INFO] Booting worker with pid: 118
[2026-04-06 01:56:17 +0000] [119] [INFO] Booting worker with pid: 119
[2026-04-06 01:56:17 +0000] [110] [INFO] Started server process [110]
[2026-04-06 01:56:17 +0000] [110] [INFO] Waiting for application startup.
[2026-04-06 01:56:17 +0000] [110] [INFO] Application startup complete.
[2026-04-06 01:56:17 +0000] [112] [INFO] Started server process [112]
[2026-04-06 01:56:17 +0000] [112] [INFO] Waiting for application startup.
[2026-04-06 01:56:17 +0000] [112] [INFO] Application startup complete.
[2026-04-06 01:56:17 +0000] [122] [INFO] Booting worker with pid: 122
[2026-04-06 01:56:17 +0000] [116] [INFO] Started server process [116]
[2026-04-06 01:56:17 +0000] [116] [INFO] Waiting for application startup.
[2026-04-06 01:56:17 +0000] [116] [INFO] Application startup complete.
[2026-04-06 01:56:17 +0000] [124] [INFO] Booting worker with pid: 124
[2026-04-06 01:56:17 +0000] [118] [INFO] Started server process [118]
[2026-04-06 01:56:17 +0000] [118] [INFO] Waiting for application startup.
[2026-04-06 01:56:17 +0000] [118] [INFO] Application startup complete.
[2026-04-06 01:56:17 +0000] [119] [INFO] Started server process [119]
[2026-04-06 01:56:17 +0000] [119] [INFO] Waiting for application startup.
[2026-04-06 01:56:17 +0000] [119] [INFO] Application startup complete.
[2026-04-06 01:56:17 +0000] [127] [INFO] Booting worker with pid: 127
[2026-04-06 01:56:17 +0000] [129] [INFO] Booting worker with pid: 129
[2026-04-06 01:56:17 +0000] [122] [INFO] Started server process [122]
[2026-04-06 01:56:17 +0000] [122] [INFO] Waiting for application startup.
[2026-04-06 01:56:17 +0000] [122] [INFO] Application startup complete.
[2026-04-06 01:56:17 +0000] [131] [INFO] Booting worker with pid: 131
[2026-04-06 01:56:17 +0000] [124] [INFO] Started server process [124]
[2026-04-06 01:56:17 +0000] [124] [INFO] Waiting for application startup.
[2026-04-06 01:56:17 +0000] [124] [INFO] Application startup complete.
[2026-04-06 01:56:17 +0000] [127] [INFO] Started server process [127]
[2026-04-06 01:56:17 +0000] [127] [INFO] Waiting for application startup.
[2026-04-06 01:56:17 +0000] [127] [INFO] Application startup complete.
[2026-04-06 01:56:17 +0000] [129] [INFO] Started server process [129]
[2026-04-06 01:56:17 +0000] [129] [INFO] Waiting for application startup.
[2026-04-06 01:56:17 +0000] [129] [INFO] Application startup complete.
[2026-04-06 01:56:17 +0000] [131] [INFO] Started server process [131]
[2026-04-06 01:56:17 +0000] [131] [INFO] Waiting for application startup.
[2026-04-06 01:56:17 +0000] [131] [INFO] Application startup complete.
