[1] Puma starting in cluster mode...
[1] * Puma version: 6.6.1 ("Return to Forever")
[1] * Ruby version: ruby 3.4.9 (2026-03-11 revision 76cca827ab) +YJIT +PRISM [x86_64-linux]
[1] *  Min threads: 4
[1] *  Max threads: 4
[1] *  Environment: development
[1] *   Master PID: 1
[1] *      Workers: 128
[1] *     Restarts: (✔) hot (✖) phased (✖) refork
[1] * Preloading application
[1] * Listening on http://0.0.0.0:8080
[1] Use Ctrl-C to stop
[1] - Worker 0 (PID: 8) booted in 0.3s, phase: 0
[1] - Worker 1 (PID: 12) booted in 0.29s, phase: 0
[1] - Worker 2 (PID: 19) booted in 0.29s, phase: 0
[1] - Worker 3 (PID: 27) booted in 0.29s, phase: 0
[1] - Worker 4 (PID: 40) booted in 0.29s, phase: 0
[1] - Worker 5 (PID: 55) booted in 0.29s, phase: 0
[1] - Worker 6 (PID: 67) booted in 0.29s, phase: 0
[1] - Worker 7 (PID: 80) booted in 0.29s, phase: 0
[1] - Worker 8 (PID: 93) booted in 0.28s, phase: 0
[1] - Worker 9 (PID: 104) booted in 0.28s, phase: 0
[1] - Worker 10 (PID: 117) booted in 0.28s, phase: 0
[1] - Worker 11 (PID: 128) booted in 0.28s, phase: 0
[1] - Worker 12 (PID: 139) booted in 0.28s, phase: 0
[1] - Worker 13 (PID: 151) booted in 0.28s, phase: 0
[1] - Worker 14 (PID: 172) booted in 0.27s, phase: 0
[1] - Worker 15 (PID: 180) booted in 0.27s, phase: 0
[1] - Worker 16 (PID: 188) booted in 0.27s, phase: 0
[1] - Worker 17 (PID: 200) booted in 0.27s, phase: 0
[1] - Worker 18 (PID: 212) booted in 0.27s, phase: 0
[1] - Worker 19 (PID: 224) booted in 0.27s, phase: 0
[1] - Worker 20 (PID: 236) booted in 0.27s, phase: 0
[1] - Worker 21 (PID: 247) booted in 0.27s, phase: 0
[1] - Worker 22 (PID: 260) booted in 0.26s, phase: 0
[1] - Worker 23 (PID: 272) booted in 0.26s, phase: 0
[1] - Worker 24 (PID: 284) booted in 0.26s, phase: 0
[1] - Worker 25 (PID: 296) booted in 0.26s, phase: 0
[1] - Worker 26 (PID: 304) booted in 0.26s, phase: 0
[1] - Worker 27 (PID: 312) booted in 0.25s, phase: 0
[1] - Worker 28 (PID: 320) booted in 0.25s, phase: 0
[1] - Worker 29 (PID: 327) booted in 0.25s, phase: 0
[1] - Worker 30 (PID: 364) booted in 0.24s, phase: 0
[1] - Worker 31 (PID: 371) booted in 0.24s, phase: 0
[1] - Worker 32 (PID: 379) booted in 0.24s, phase: 0
[1] - Worker 33 (PID: 388) booted in 0.23s, phase: 0
[1] - Worker 34 (PID: 399) booted in 0.23s, phase: 0
[1] - Worker 35 (PID: 411) booted in 0.23s, phase: 0
[1] - Worker 36 (PID: 424) booted in 0.23s, phase: 0
[1] - Worker 37 (PID: 439) booted in 0.23s, phase: 0
[1] - Worker 38 (PID: 451) booted in 0.22s, phase: 0
[1] - Worker 39 (PID: 463) booted in 0.22s, phase: 0
[1] - Worker 40 (PID: 475) booted in 0.22s, phase: 0
[1] - Worker 41 (PID: 487) booted in 0.22s, phase: 0
[1] - Worker 42 (PID: 499) booted in 0.22s, phase: 0
[1] - Worker 43 (PID: 509) booted in 0.21s, phase: 0
[1] - Worker 44 (PID: 520) booted in 0.21s, phase: 0
[1] - Worker 45 (PID: 534) booted in 0.21s, phase: 0
[1] - Worker 46 (PID: 547) booted in 0.21s, phase: 0
[1] - Worker 47 (PID: 555) booted in 0.21s, phase: 0
[1] - Worker 48 (PID: 571) booted in 0.2s, phase: 0
[1] - Worker 49 (PID: 579) booted in 0.2s, phase: 0
[1] - Worker 50 (PID: 594) booted in 0.2s, phase: 0
[1] - Worker 51 (PID: 607) booted in 0.2s, phase: 0
[1] - Worker 52 (PID: 617) booted in 0.2s, phase: 0
[1] - Worker 53 (PID: 627) booted in 0.2s, phase: 0
[1] - Worker 54 (PID: 643) booted in 0.19s, phase: 0
[1] - Worker 55 (PID: 655) booted in 0.19s, phase: 0
[1] - Worker 56 (PID: 667) booted in 0.19s, phase: 0
[1] - Worker 57 (PID: 679) booted in 0.19s, phase: 0
[1] - Worker 58 (PID: 691) booted in 0.19s, phase: 0
[1] - Worker 59 (PID: 702) booted in 0.18s, phase: 0
[1] - Worker 60 (PID: 712) booted in 0.18s, phase: 0
[1] - Worker 61 (PID: 726) booted in 0.18s, phase: 0
[1] - Worker 62 (PID: 735) booted in 0.18s, phase: 0
[1] - Worker 63 (PID: 751) booted in 0.18s, phase: 0
[1] - Worker 64 (PID: 762) booted in 0.18s, phase: 0
[1] - Worker 65 (PID: 775) booted in 0.17s, phase: 0
[1] - Worker 66 (PID: 786) booted in 0.17s, phase: 0
[1] - Worker 67 (PID: 795) booted in 0.17s, phase: 0
[1] - Worker 68 (PID: 810) booted in 0.17s, phase: 0
[1] - Worker 69 (PID: 821) booted in 0.17s, phase: 0
[1] - Worker 70 (PID: 835) booted in 0.16s, phase: 0
[1] - Worker 71 (PID: 847) booted in 0.16s, phase: 0
[1] - Worker 72 (PID: 857) booted in 0.16s, phase: 0
[1] - Worker 73 (PID: 871) booted in 0.16s, phase: 0
[1] - Worker 74 (PID: 883) booted in 0.16s, phase: 0
[1] - Worker 75 (PID: 895) booted in 0.16s, phase: 0
[1] - Worker 76 (PID: 907) booted in 0.15s, phase: 0
[1] - Worker 77 (PID: 918) booted in 0.15s, phase: 0
[1] - Worker 78 (PID: 931) booted in 0.15s, phase: 0
[1] - Worker 79 (PID: 940) booted in 0.15s, phase: 0
[1] - Worker 80 (PID: 955) booted in 0.15s, phase: 0
[1] - Worker 81 (PID: 967) booted in 0.14s, phase: 0
[1] - Worker 82 (PID: 979) booted in 0.14s, phase: 0
[1] - Worker 83 (PID: 991) booted in 0.14s, phase: 0
[1] - Worker 84 (PID: 1003) booted in 0.14s, phase: 0
[1] - Worker 85 (PID: 1015) booted in 0.14s, phase: 0
[1] - Worker 86 (PID: 1026) booted in 0.13s, phase: 0
[1] - Worker 87 (PID: 1039) booted in 0.13s, phase: 0
[1] - Worker 88 (PID: 1047) booted in 0.13s, phase: 0
[1] - Worker 89 (PID: 1062) booted in 0.13s, phase: 0
[1] - Worker 90 (PID: 1071) booted in 0.13s, phase: 0
[1] - Worker 91 (PID: 1084) booted in 0.13s, phase: 0
[1] - Worker 92 (PID: 1099) booted in 0.12s, phase: 0
[1] - Worker 93 (PID: 1111) booted in 0.12s, phase: 0
[1] - Worker 94 (PID: 1123) booted in 0.12s, phase: 0
[1] - Worker 95 (PID: 1134) booted in 0.12s, phase: 0
[1] - Worker 96 (PID: 1143) booted in 0.12s, phase: 0
[1] - Worker 97 (PID: 1159) booted in 0.11s, phase: 0
[1] - Worker 98 (PID: 1171) booted in 0.11s, phase: 0
[1] - Worker 99 (PID: 1183) booted in 0.11s, phase: 0
[1] - Worker 100 (PID: 1194) booted in 0.11s, phase: 0
[1] - Worker 101 (PID: 1207) booted in 0.11s, phase: 0
[1] - Worker 102 (PID: 1219) booted in 0.1s, phase: 0
[1] - Worker 103 (PID: 1230) booted in 0.1s, phase: 0
[1] - Worker 104 (PID: 1243) booted in 0.1s, phase: 0
[1] - Worker 105 (PID: 1253) booted in 0.1s, phase: 0
[1] - Worker 106 (PID: 1267) booted in 0.1s, phase: 0
[1] - Worker 107 (PID: 1279) booted in 0.09s, phase: 0
[1] - Worker 108 (PID: 1287) booted in 0.09s, phase: 0
[1] - Worker 109 (PID: 1303) booted in 0.09s, phase: 0
[1] - Worker 110 (PID: 1315) booted in 0.09s, phase: 0
[1] - Worker 111 (PID: 1327) booted in 0.09s, phase: 0
[1] - Worker 112 (PID: 1339) booted in 0.09s, phase: 0
[1] - Worker 113 (PID: 1351) booted in 0.08s, phase: 0
[1] - Worker 114 (PID: 1363) booted in 0.08s, phase: 0
[1] - Worker 115 (PID: 1374) booted in 0.08s, phase: 0
[1] - Worker 116 (PID: 1387) booted in 0.08s, phase: 0
[1] - Worker 117 (PID: 1399) booted in 0.08s, phase: 0
[1] - Worker 118 (PID: 1410) booted in 0.07s, phase: 0
[1] - Worker 119 (PID: 1423) booted in 0.07s, phase: 0
[1] - Worker 120 (PID: 1435) booted in 0.07s, phase: 0
[1] - Worker 121 (PID: 1447) booted in 0.07s, phase: 0
[1] - Worker 122 (PID: 1459) booted in 0.07s, phase: 0
[1] - Worker 123 (PID: 1471) booted in 0.06s, phase: 0
[1] - Worker 124 (PID: 1481) booted in 0.06s, phase: 0
[1] - Worker 125 (PID: 1491) booted in 0.06s, phase: 0
[1] - Worker 126 (PID: 1507) booted in 0.06s, phase: 0
[1] - Worker 127 (PID: 1519) booted in 0.06s, phase: 0
