[2026-04-06 10:29:27 +0000] [1] [INFO] Starting gunicorn 23.0.0
[2026-04-06 10:29:27 +0000] [1] [INFO] Listening at: http://0.0.0.0:8080 (1)
[2026-04-06 10:29:27 +0000] [1] [INFO] Using worker: uvicorn.workers.UvicornWorker
[2026-04-06 10:29:27 +0000] [7] [INFO] Booting worker with pid: 7
[2026-04-06 10:29:27 +0000] [8] [INFO] Booting worker with pid: 8
[2026-04-06 10:29:27 +0000] [9] [INFO] Booting worker with pid: 9
[2026-04-06 10:29:27 +0000] [7] [INFO] Started server process [7]
[2026-04-06 10:29:27 +0000] [7] [INFO] Waiting for application startup.
[2026-04-06 10:29:27 +0000] [7] [INFO] Application startup complete.
[2026-04-06 10:29:27 +0000] [8] [INFO] Started server process [8]
[2026-04-06 10:29:27 +0000] [8] [INFO] Waiting for application startup.
[2026-04-06 10:29:27 +0000] [8] [INFO] Application startup complete.
[2026-04-06 10:29:27 +0000] [9] [INFO] Started server process [9]
[2026-04-06 10:29:27 +0000] [9] [INFO] Waiting for application startup.
[2026-04-06 10:29:27 +0000] [9] [INFO] Application startup complete.
[2026-04-06 10:29:27 +0000] [13] [INFO] Booting worker with pid: 13
[2026-04-06 10:29:27 +0000] [13] [INFO] Started server process [13]
[2026-04-06 10:29:27 +0000] [13] [INFO] Waiting for application startup.
[2026-04-06 10:29:27 +0000] [13] [INFO] Application startup complete.
[2026-04-06 10:29:27 +0000] [15] [INFO] Booting worker with pid: 15
[2026-04-06 10:29:27 +0000] [16] [INFO] Booting worker with pid: 16
[2026-04-06 10:29:27 +0000] [18] [INFO] Booting worker with pid: 18
[2026-04-06 10:29:27 +0000] [15] [INFO] Started server process [15]
[2026-04-06 10:29:27 +0000] [15] [INFO] Waiting for application startup.
[2026-04-06 10:29:27 +0000] [15] [INFO] Application startup complete.
[2026-04-06 10:29:27 +0000] [20] [INFO] Booting worker with pid: 20
[2026-04-06 10:29:27 +0000] [16] [INFO] Started server process [16]
[2026-04-06 10:29:27 +0000] [16] [INFO] Waiting for application startup.
[2026-04-06 10:29:27 +0000] [16] [INFO] Application startup complete.
[2026-04-06 10:29:27 +0000] [21] [INFO] Booting worker with pid: 21
[2026-04-06 10:29:27 +0000] [18] [INFO] Started server process [18]
[2026-04-06 10:29:27 +0000] [18] [INFO] Waiting for application startup.
[2026-04-06 10:29:27 +0000] [18] [INFO] Application startup complete.
[2026-04-06 10:29:27 +0000] [20] [INFO] Started server process [20]
[2026-04-06 10:29:27 +0000] [20] [INFO] Waiting for application startup.
[2026-04-06 10:29:27 +0000] [20] [INFO] Application startup complete.
[2026-04-06 10:29:27 +0000] [25] [INFO] Booting worker with pid: 25
[2026-04-06 10:29:27 +0000] [21] [INFO] Started server process [21]
[2026-04-06 10:29:27 +0000] [21] [INFO] Waiting for application startup.
[2026-04-06 10:29:27 +0000] [21] [INFO] Application startup complete.
[2026-04-06 10:29:27 +0000] [27] [INFO] Booting worker with pid: 27
[2026-04-06 10:29:27 +0000] [28] [INFO] Booting worker with pid: 28
[2026-04-06 10:29:27 +0000] [25] [INFO] Started server process [25]
[2026-04-06 10:29:27 +0000] [25] [INFO] Waiting for application startup.
[2026-04-06 10:29:27 +0000] [25] [INFO] Application startup complete.
[2026-04-06 10:29:27 +0000] [29] [INFO] Booting worker with pid: 29
[2026-04-06 10:29:28 +0000] [28] [INFO] Started server process [28]
[2026-04-06 10:29:28 +0000] [28] [INFO] Waiting for application startup.
[2026-04-06 10:29:28 +0000] [28] [INFO] Application startup complete.
[2026-04-06 10:29:28 +0000] [27] [INFO] Started server process [27]
[2026-04-06 10:29:28 +0000] [27] [INFO] Waiting for application startup.
[2026-04-06 10:29:28 +0000] [27] [INFO] Application startup complete.
[2026-04-06 10:29:28 +0000] [33] [INFO] Booting worker with pid: 33
[2026-04-06 10:29:28 +0000] [29] [INFO] Started server process [29]
[2026-04-06 10:29:28 +0000] [29] [INFO] Waiting for application startup.
[2026-04-06 10:29:28 +0000] [29] [INFO] Application startup complete.
[2026-04-06 10:29:28 +0000] [34] [INFO] Booting worker with pid: 34
[2026-04-06 10:29:28 +0000] [33] [INFO] Started server process [33]
[2026-04-06 10:29:28 +0000] [33] [INFO] Waiting for application startup.
[2026-04-06 10:29:28 +0000] [33] [INFO] Application startup complete.
[2026-04-06 10:29:28 +0000] [37] [INFO] Booting worker with pid: 37
[2026-04-06 10:29:28 +0000] [34] [INFO] Started server process [34]
[2026-04-06 10:29:28 +0000] [34] [INFO] Waiting for application startup.
[2026-04-06 10:29:28 +0000] [34] [INFO] Application startup complete.
[2026-04-06 10:29:28 +0000] [37] [INFO] Started server process [37]
[2026-04-06 10:29:28 +0000] [37] [INFO] Waiting for application startup.
[2026-04-06 10:29:28 +0000] [37] [INFO] Application startup complete.
[2026-04-06 10:29:28 +0000] [39] [INFO] Booting worker with pid: 39
[2026-04-06 10:29:28 +0000] [40] [INFO] Booting worker with pid: 40
[2026-04-06 10:29:28 +0000] [39] [INFO] Started server process [39]
[2026-04-06 10:29:28 +0000] [39] [INFO] Waiting for application startup.
[2026-04-06 10:29:28 +0000] [39] [INFO] Application startup complete.
[2026-04-06 10:29:28 +0000] [43] [INFO] Booting worker with pid: 43
[2026-04-06 10:29:28 +0000] [40] [INFO] Started server process [40]
[2026-04-06 10:29:28 +0000] [40] [INFO] Waiting for application startup.
[2026-04-06 10:29:28 +0000] [40] [INFO] Application startup complete.
[2026-04-06 10:29:28 +0000] [44] [INFO] Booting worker with pid: 44
[2026-04-06 10:29:28 +0000] [43] [INFO] Started server process [43]
[2026-04-06 10:29:28 +0000] [43] [INFO] Waiting for application startup.
[2026-04-06 10:29:28 +0000] [43] [INFO] Application startup complete.
[2026-04-06 10:29:28 +0000] [46] [INFO] Booting worker with pid: 46
[2026-04-06 10:29:28 +0000] [44] [INFO] Started server process [44]
[2026-04-06 10:29:28 +0000] [44] [INFO] Waiting for application startup.
[2026-04-06 10:29:28 +0000] [44] [INFO] Application startup complete.
[2026-04-06 10:29:28 +0000] [49] [INFO] Booting worker with pid: 49
[2026-04-06 10:29:28 +0000] [46] [INFO] Started server process [46]
[2026-04-06 10:29:28 +0000] [46] [INFO] Waiting for application startup.
[2026-04-06 10:29:28 +0000] [46] [INFO] Application startup complete.
[2026-04-06 10:29:28 +0000] [50] [INFO] Booting worker with pid: 50
[2026-04-06 10:29:28 +0000] [51] [INFO] Booting worker with pid: 51
[2026-04-06 10:29:28 +0000] [49] [INFO] Started server process [49]
[2026-04-06 10:29:28 +0000] [49] [INFO] Waiting for application startup.
[2026-04-06 10:29:28 +0000] [49] [INFO] Application startup complete.
[2026-04-06 10:29:28 +0000] [50] [INFO] Started server process [50]
[2026-04-06 10:29:28 +0000] [50] [INFO] Waiting for application startup.
[2026-04-06 10:29:28 +0000] [50] [INFO] Application startup complete.
[2026-04-06 10:29:28 +0000] [51] [INFO] Started server process [51]
[2026-04-06 10:29:28 +0000] [51] [INFO] Waiting for application startup.
[2026-04-06 10:29:28 +0000] [51] [INFO] Application startup complete.
[2026-04-06 10:29:28 +0000] [55] [INFO] Booting worker with pid: 55
[2026-04-06 10:29:28 +0000] [56] [INFO] Booting worker with pid: 56
[2026-04-06 10:29:28 +0000] [57] [INFO] Booting worker with pid: 57
[2026-04-06 10:29:28 +0000] [55] [INFO] Started server process [55]
[2026-04-06 10:29:28 +0000] [55] [INFO] Waiting for application startup.
[2026-04-06 10:29:28 +0000] [55] [INFO] Application startup complete.
[2026-04-06 10:29:28 +0000] [56] [INFO] Started server process [56]
[2026-04-06 10:29:28 +0000] [56] [INFO] Waiting for application startup.
[2026-04-06 10:29:28 +0000] [56] [INFO] Application startup complete.
[2026-04-06 10:29:28 +0000] [60] [INFO] Booting worker with pid: 60
[2026-04-06 10:29:28 +0000] [57] [INFO] Started server process [57]
[2026-04-06 10:29:28 +0000] [57] [INFO] Waiting for application startup.
[2026-04-06 10:29:28 +0000] [57] [INFO] Application startup complete.
[2026-04-06 10:29:28 +0000] [63] [INFO] Booting worker with pid: 63
[2026-04-06 10:29:28 +0000] [60] [INFO] Started server process [60]
[2026-04-06 10:29:28 +0000] [60] [INFO] Waiting for application startup.
[2026-04-06 10:29:28 +0000] [60] [INFO] Application startup complete.
[2026-04-06 10:29:28 +0000] [65] [INFO] Booting worker with pid: 65
[2026-04-06 10:29:28 +0000] [63] [INFO] Started server process [63]
[2026-04-06 10:29:28 +0000] [63] [INFO] Waiting for application startup.
[2026-04-06 10:29:28 +0000] [63] [INFO] Application startup complete.
[2026-04-06 10:29:28 +0000] [66] [INFO] Booting worker with pid: 66
[2026-04-06 10:29:28 +0000] [68] [INFO] Booting worker with pid: 68
[2026-04-06 10:29:28 +0000] [65] [INFO] Started server process [65]
[2026-04-06 10:29:28 +0000] [65] [INFO] Waiting for application startup.
[2026-04-06 10:29:28 +0000] [65] [INFO] Application startup complete.
[2026-04-06 10:29:29 +0000] [66] [INFO] Started server process [66]
[2026-04-06 10:29:29 +0000] [66] [INFO] Waiting for application startup.
[2026-04-06 10:29:29 +0000] [66] [INFO] Application startup complete.
[2026-04-06 10:29:29 +0000] [68] [INFO] Started server process [68]
[2026-04-06 10:29:29 +0000] [68] [INFO] Waiting for application startup.
[2026-04-06 10:29:29 +0000] [68] [INFO] Application startup complete.
[2026-04-06 10:29:29 +0000] [71] [INFO] Booting worker with pid: 71
[2026-04-06 10:29:29 +0000] [72] [INFO] Booting worker with pid: 72
[2026-04-06 10:29:29 +0000] [73] [INFO] Booting worker with pid: 73
[2026-04-06 10:29:29 +0000] [71] [INFO] Started server process [71]
[2026-04-06 10:29:29 +0000] [71] [INFO] Waiting for application startup.
[2026-04-06 10:29:29 +0000] [71] [INFO] Application startup complete.
[2026-04-06 10:29:29 +0000] [72] [INFO] Started server process [72]
[2026-04-06 10:29:29 +0000] [72] [INFO] Waiting for application startup.
[2026-04-06 10:29:29 +0000] [72] [INFO] Application startup complete.
[2026-04-06 10:29:29 +0000] [76] [INFO] Booting worker with pid: 76
[2026-04-06 10:29:29 +0000] [73] [INFO] Started server process [73]
[2026-04-06 10:29:29 +0000] [73] [INFO] Waiting for application startup.
[2026-04-06 10:29:29 +0000] [73] [INFO] Application startup complete.
[2026-04-06 10:29:29 +0000] [78] [INFO] Booting worker with pid: 78
[2026-04-06 10:29:29 +0000] [79] [INFO] Booting worker with pid: 79
[2026-04-06 10:29:29 +0000] [80] [INFO] Booting worker with pid: 80
[2026-04-06 10:29:29 +0000] [76] [INFO] Started server process [76]
[2026-04-06 10:29:29 +0000] [76] [INFO] Waiting for application startup.
[2026-04-06 10:29:29 +0000] [76] [INFO] Application startup complete.
[2026-04-06 10:29:29 +0000] [78] [INFO] Started server process [78]
[2026-04-06 10:29:29 +0000] [78] [INFO] Waiting for application startup.
[2026-04-06 10:29:29 +0000] [78] [INFO] Application startup complete.
[2026-04-06 10:29:29 +0000] [79] [INFO] Started server process [79]
[2026-04-06 10:29:29 +0000] [79] [INFO] Waiting for application startup.
[2026-04-06 10:29:29 +0000] [79] [INFO] Application startup complete.
[2026-04-06 10:29:29 +0000] [84] [INFO] Booting worker with pid: 84
[2026-04-06 10:29:29 +0000] [80] [INFO] Started server process [80]
[2026-04-06 10:29:29 +0000] [80] [INFO] Waiting for application startup.
[2026-04-06 10:29:29 +0000] [80] [INFO] Application startup complete.
[2026-04-06 10:29:29 +0000] [86] [INFO] Booting worker with pid: 86
[2026-04-06 10:29:29 +0000] [87] [INFO] Booting worker with pid: 87
[2026-04-06 10:29:29 +0000] [84] [INFO] Started server process [84]
[2026-04-06 10:29:29 +0000] [84] [INFO] Waiting for application startup.
[2026-04-06 10:29:29 +0000] [84] [INFO] Application startup complete.
[2026-04-06 10:29:29 +0000] [91] [INFO] Booting worker with pid: 91
[2026-04-06 10:29:29 +0000] [86] [INFO] Started server process [86]
[2026-04-06 10:29:29 +0000] [86] [INFO] Waiting for application startup.
[2026-04-06 10:29:29 +0000] [86] [INFO] Application startup complete.
[2026-04-06 10:29:29 +0000] [87] [INFO] Started server process [87]
[2026-04-06 10:29:29 +0000] [87] [INFO] Waiting for application startup.
[2026-04-06 10:29:29 +0000] [87] [INFO] Application startup complete.
[2026-04-06 10:29:29 +0000] [92] [INFO] Booting worker with pid: 92
[2026-04-06 10:29:29 +0000] [91] [INFO] Started server process [91]
[2026-04-06 10:29:29 +0000] [91] [INFO] Waiting for application startup.
[2026-04-06 10:29:29 +0000] [91] [INFO] Application startup complete.
[2026-04-06 10:29:29 +0000] [94] [INFO] Booting worker with pid: 94
[2026-04-06 10:29:29 +0000] [92] [INFO] Started server process [92]
[2026-04-06 10:29:29 +0000] [92] [INFO] Waiting for application startup.
[2026-04-06 10:29:29 +0000] [92] [INFO] Application startup complete.
[2026-04-06 10:29:29 +0000] [96] [INFO] Booting worker with pid: 96
[2026-04-06 10:29:29 +0000] [97] [INFO] Booting worker with pid: 97
[2026-04-06 10:29:29 +0000] [94] [INFO] Started server process [94]
[2026-04-06 10:29:29 +0000] [94] [INFO] Waiting for application startup.
[2026-04-06 10:29:29 +0000] [94] [INFO] Application startup complete.
[2026-04-06 10:29:29 +0000] [99] [INFO] Booting worker with pid: 99
[2026-04-06 10:29:29 +0000] [102] [INFO] Booting worker with pid: 102
[2026-04-06 10:29:29 +0000] [96] [INFO] Started server process [96]
[2026-04-06 10:29:29 +0000] [96] [INFO] Waiting for application startup.
[2026-04-06 10:29:29 +0000] [96] [INFO] Application startup complete.
[2026-04-06 10:29:29 +0000] [97] [INFO] Started server process [97]
[2026-04-06 10:29:29 +0000] [97] [INFO] Waiting for application startup.
[2026-04-06 10:29:29 +0000] [97] [INFO] Application startup complete.
[2026-04-06 10:29:29 +0000] [99] [INFO] Started server process [99]
[2026-04-06 10:29:29 +0000] [99] [INFO] Waiting for application startup.
[2026-04-06 10:29:29 +0000] [99] [INFO] Application startup complete.
[2026-04-06 10:29:29 +0000] [104] [INFO] Booting worker with pid: 104
[2026-04-06 10:29:30 +0000] [102] [INFO] Started server process [102]
[2026-04-06 10:29:30 +0000] [102] [INFO] Waiting for application startup.
[2026-04-06 10:29:30 +0000] [102] [INFO] Application startup complete.
[2026-04-06 10:29:30 +0000] [106] [INFO] Booting worker with pid: 106
[2026-04-06 10:29:30 +0000] [108] [INFO] Booting worker with pid: 108
[2026-04-06 10:29:30 +0000] [104] [INFO] Started server process [104]
[2026-04-06 10:29:30 +0000] [104] [INFO] Waiting for application startup.
[2026-04-06 10:29:30 +0000] [104] [INFO] Application startup complete.
[2026-04-06 10:29:30 +0000] [109] [INFO] Booting worker with pid: 109
[2026-04-06 10:29:30 +0000] [112] [INFO] Booting worker with pid: 112
[2026-04-06 10:29:30 +0000] [106] [INFO] Started server process [106]
[2026-04-06 10:29:30 +0000] [106] [INFO] Waiting for application startup.
[2026-04-06 10:29:30 +0000] [106] [INFO] Application startup complete.
[2026-04-06 10:29:30 +0000] [108] [INFO] Started server process [108]
[2026-04-06 10:29:30 +0000] [108] [INFO] Waiting for application startup.
[2026-04-06 10:29:30 +0000] [108] [INFO] Application startup complete.
[2026-04-06 10:29:30 +0000] [109] [INFO] Started server process [109]
[2026-04-06 10:29:30 +0000] [109] [INFO] Waiting for application startup.
[2026-04-06 10:29:30 +0000] [109] [INFO] Application startup complete.
[2026-04-06 10:29:30 +0000] [114] [INFO] Booting worker with pid: 114
[2026-04-06 10:29:30 +0000] [112] [INFO] Started server process [112]
[2026-04-06 10:29:30 +0000] [112] [INFO] Waiting for application startup.
[2026-04-06 10:29:30 +0000] [112] [INFO] Application startup complete.
[2026-04-06 10:29:30 +0000] [116] [INFO] Booting worker with pid: 116
[2026-04-06 10:29:30 +0000] [114] [INFO] Started server process [114]
[2026-04-06 10:29:30 +0000] [114] [INFO] Waiting for application startup.
[2026-04-06 10:29:30 +0000] [114] [INFO] Application startup complete.
[2026-04-06 10:29:30 +0000] [118] [INFO] Booting worker with pid: 118
[2026-04-06 10:29:30 +0000] [116] [INFO] Started server process [116]
[2026-04-06 10:29:30 +0000] [116] [INFO] Waiting for application startup.
[2026-04-06 10:29:30 +0000] [116] [INFO] Application startup complete.
[2026-04-06 10:29:30 +0000] [120] [INFO] Booting worker with pid: 120
[2026-04-06 10:29:30 +0000] [118] [INFO] Started server process [118]
[2026-04-06 10:29:30 +0000] [118] [INFO] Waiting for application startup.
[2026-04-06 10:29:30 +0000] [118] [INFO] Application startup complete.
[2026-04-06 10:29:30 +0000] [122] [INFO] Booting worker with pid: 122
[2026-04-06 10:29:30 +0000] [120] [INFO] Started server process [120]
[2026-04-06 10:29:30 +0000] [120] [INFO] Waiting for application startup.
[2026-04-06 10:29:30 +0000] [120] [INFO] Application startup complete.
[2026-04-06 10:29:30 +0000] [124] [INFO] Booting worker with pid: 124
[2026-04-06 10:29:30 +0000] [122] [INFO] Started server process [122]
[2026-04-06 10:29:30 +0000] [122] [INFO] Waiting for application startup.
[2026-04-06 10:29:30 +0000] [122] [INFO] Application startup complete.
[2026-04-06 10:29:30 +0000] [126] [INFO] Booting worker with pid: 126
[2026-04-06 10:29:30 +0000] [124] [INFO] Started server process [124]
[2026-04-06 10:29:30 +0000] [124] [INFO] Waiting for application startup.
[2026-04-06 10:29:30 +0000] [124] [INFO] Application startup complete.
[2026-04-06 10:29:30 +0000] [128] [INFO] Booting worker with pid: 128
[2026-04-06 10:29:30 +0000] [126] [INFO] Started server process [126]
[2026-04-06 10:29:30 +0000] [126] [INFO] Waiting for application startup.
[2026-04-06 10:29:30 +0000] [126] [INFO] Application startup complete.
[2026-04-06 10:29:30 +0000] [130] [INFO] Booting worker with pid: 130
[2026-04-06 10:29:30 +0000] [128] [INFO] Started server process [128]
[2026-04-06 10:29:30 +0000] [128] [INFO] Waiting for application startup.
[2026-04-06 10:29:30 +0000] [128] [INFO] Application startup complete.
[2026-04-06 10:29:30 +0000] [132] [INFO] Booting worker with pid: 132
[2026-04-06 10:29:30 +0000] [130] [INFO] Started server process [130]
[2026-04-06 10:29:30 +0000] [130] [INFO] Waiting for application startup.
[2026-04-06 10:29:30 +0000] [130] [INFO] Application startup complete.
[2026-04-06 10:29:31 +0000] [132] [INFO] Started server process [132]
[2026-04-06 10:29:31 +0000] [132] [INFO] Waiting for application startup.
[2026-04-06 10:29:31 +0000] [132] [INFO] Application startup complete.
