[2026-04-06 10:20:14 +0000] [1] [INFO] Starting gunicorn 23.0.0
[2026-04-06 10:20:14 +0000] [1] [INFO] Listening at: http://0.0.0.0:8080 (1)
[2026-04-06 10:20:14 +0000] [1] [INFO] Using worker: uvicorn.workers.UvicornWorker
[2026-04-06 10:20:14 +0000] [7] [INFO] Booting worker with pid: 7
[2026-04-06 10:20:14 +0000] [8] [INFO] Booting worker with pid: 8
[2026-04-06 10:20:14 +0000] [10] [INFO] Booting worker with pid: 10
[2026-04-06 10:20:14 +0000] [7] [INFO] Started server process [7]
[2026-04-06 10:20:14 +0000] [7] [INFO] Waiting for application startup.
[2026-04-06 10:20:14 +0000] [7] [INFO] Application startup complete.
[2026-04-06 10:20:15 +0000] [11] [INFO] Booting worker with pid: 11
[2026-04-06 10:20:15 +0000] [8] [INFO] Started server process [8]
[2026-04-06 10:20:15 +0000] [8] [INFO] Waiting for application startup.
[2026-04-06 10:20:15 +0000] [8] [INFO] Application startup complete.
[2026-04-06 10:20:15 +0000] [10] [INFO] Started server process [10]
[2026-04-06 10:20:15 +0000] [10] [INFO] Waiting for application startup.
[2026-04-06 10:20:15 +0000] [10] [INFO] Application startup complete.
[2026-04-06 10:20:15 +0000] [14] [INFO] Booting worker with pid: 14
[2026-04-06 10:20:15 +0000] [11] [INFO] Started server process [11]
[2026-04-06 10:20:15 +0000] [11] [INFO] Waiting for application startup.
[2026-04-06 10:20:15 +0000] [11] [INFO] Application startup complete.
[2026-04-06 10:20:15 +0000] [14] [INFO] Started server process [14]
[2026-04-06 10:20:15 +0000] [14] [INFO] Waiting for application startup.
[2026-04-06 10:20:15 +0000] [14] [INFO] Application startup complete.
[2026-04-06 10:20:15 +0000] [17] [INFO] Booting worker with pid: 17
[2026-04-06 10:20:15 +0000] [19] [INFO] Booting worker with pid: 19
[2026-04-06 10:20:15 +0000] [17] [INFO] Started server process [17]
[2026-04-06 10:20:15 +0000] [17] [INFO] Waiting for application startup.
[2026-04-06 10:20:15 +0000] [17] [INFO] Application startup complete.
[2026-04-06 10:20:15 +0000] [19] [INFO] Started server process [19]
[2026-04-06 10:20:15 +0000] [19] [INFO] Waiting for application startup.
[2026-04-06 10:20:15 +0000] [19] [INFO] Application startup complete.
[2026-04-06 10:20:15 +0000] [21] [INFO] Booting worker with pid: 21
[2026-04-06 10:20:15 +0000] [23] [INFO] Booting worker with pid: 23
[2026-04-06 10:20:15 +0000] [21] [INFO] Started server process [21]
[2026-04-06 10:20:15 +0000] [21] [INFO] Waiting for application startup.
[2026-04-06 10:20:15 +0000] [21] [INFO] Application startup complete.
[2026-04-06 10:20:15 +0000] [24] [INFO] Booting worker with pid: 24
[2026-04-06 10:20:15 +0000] [23] [INFO] Started server process [23]
[2026-04-06 10:20:15 +0000] [23] [INFO] Waiting for application startup.
[2026-04-06 10:20:15 +0000] [23] [INFO] Application startup complete.
[2026-04-06 10:20:15 +0000] [26] [INFO] Booting worker with pid: 26
[2026-04-06 10:20:15 +0000] [24] [INFO] Started server process [24]
[2026-04-06 10:20:15 +0000] [24] [INFO] Waiting for application startup.
[2026-04-06 10:20:15 +0000] [24] [INFO] Application startup complete.
[2026-04-06 10:20:15 +0000] [28] [INFO] Booting worker with pid: 28
[2026-04-06 10:20:15 +0000] [26] [INFO] Started server process [26]
[2026-04-06 10:20:15 +0000] [26] [INFO] Waiting for application startup.
[2026-04-06 10:20:15 +0000] [26] [INFO] Application startup complete.
[2026-04-06 10:20:15 +0000] [28] [INFO] Started server process [28]
[2026-04-06 10:20:15 +0000] [28] [INFO] Waiting for application startup.
[2026-04-06 10:20:15 +0000] [28] [INFO] Application startup complete.
[2026-04-06 10:20:15 +0000] [31] [INFO] Booting worker with pid: 31
[2026-04-06 10:20:15 +0000] [31] [INFO] Started server process [31]
[2026-04-06 10:20:15 +0000] [31] [INFO] Waiting for application startup.
[2026-04-06 10:20:15 +0000] [31] [INFO] Application startup complete.
[2026-04-06 10:20:15 +0000] [33] [INFO] Booting worker with pid: 33
[2026-04-06 10:20:15 +0000] [33] [INFO] Started server process [33]
[2026-04-06 10:20:15 +0000] [33] [INFO] Waiting for application startup.
[2026-04-06 10:20:15 +0000] [33] [INFO] Application startup complete.
[2026-04-06 10:20:15 +0000] [35] [INFO] Booting worker with pid: 35
[2026-04-06 10:20:15 +0000] [36] [INFO] Booting worker with pid: 36
[2026-04-06 10:20:15 +0000] [35] [INFO] Started server process [35]
[2026-04-06 10:20:15 +0000] [35] [INFO] Waiting for application startup.
[2026-04-06 10:20:15 +0000] [35] [INFO] Application startup complete.
[2026-04-06 10:20:15 +0000] [39] [INFO] Booting worker with pid: 39
[2026-04-06 10:20:15 +0000] [36] [INFO] Started server process [36]
[2026-04-06 10:20:15 +0000] [36] [INFO] Waiting for application startup.
[2026-04-06 10:20:15 +0000] [36] [INFO] Application startup complete.
[2026-04-06 10:20:15 +0000] [40] [INFO] Booting worker with pid: 40
[2026-04-06 10:20:16 +0000] [39] [INFO] Started server process [39]
[2026-04-06 10:20:16 +0000] [39] [INFO] Waiting for application startup.
[2026-04-06 10:20:16 +0000] [39] [INFO] Application startup complete.
[2026-04-06 10:20:16 +0000] [40] [INFO] Started server process [40]
[2026-04-06 10:20:16 +0000] [40] [INFO] Waiting for application startup.
[2026-04-06 10:20:16 +0000] [40] [INFO] Application startup complete.
[2026-04-06 10:20:16 +0000] [43] [INFO] Booting worker with pid: 43
[2026-04-06 10:20:16 +0000] [44] [INFO] Booting worker with pid: 44
[2026-04-06 10:20:16 +0000] [47] [INFO] Booting worker with pid: 47
[2026-04-06 10:20:16 +0000] [43] [INFO] Started server process [43]
[2026-04-06 10:20:16 +0000] [43] [INFO] Waiting for application startup.
[2026-04-06 10:20:16 +0000] [43] [INFO] Application startup complete.
[2026-04-06 10:20:16 +0000] [44] [INFO] Started server process [44]
[2026-04-06 10:20:16 +0000] [44] [INFO] Waiting for application startup.
[2026-04-06 10:20:16 +0000] [44] [INFO] Application startup complete.
[2026-04-06 10:20:16 +0000] [48] [INFO] Booting worker with pid: 48
[2026-04-06 10:20:16 +0000] [49] [INFO] Booting worker with pid: 49
[2026-04-06 10:20:16 +0000] [51] [INFO] Booting worker with pid: 51
[2026-04-06 10:20:16 +0000] [47] [INFO] Started server process [47]
[2026-04-06 10:20:16 +0000] [47] [INFO] Waiting for application startup.
[2026-04-06 10:20:16 +0000] [47] [INFO] Application startup complete.
[2026-04-06 10:20:16 +0000] [48] [INFO] Started server process [48]
[2026-04-06 10:20:16 +0000] [48] [INFO] Waiting for application startup.
[2026-04-06 10:20:16 +0000] [48] [INFO] Application startup complete.
[2026-04-06 10:20:16 +0000] [54] [INFO] Booting worker with pid: 54
[2026-04-06 10:20:16 +0000] [56] [INFO] Booting worker with pid: 56
[2026-04-06 10:20:16 +0000] [49] [INFO] Started server process [49]
[2026-04-06 10:20:16 +0000] [49] [INFO] Waiting for application startup.
[2026-04-06 10:20:16 +0000] [49] [INFO] Application startup complete.
[2026-04-06 10:20:16 +0000] [51] [INFO] Started server process [51]
[2026-04-06 10:20:16 +0000] [51] [INFO] Waiting for application startup.
[2026-04-06 10:20:16 +0000] [51] [INFO] Application startup complete.
[2026-04-06 10:20:16 +0000] [57] [INFO] Booting worker with pid: 57
[2026-04-06 10:20:16 +0000] [58] [INFO] Booting worker with pid: 58
[2026-04-06 10:20:16 +0000] [61] [INFO] Booting worker with pid: 61
[2026-04-06 10:20:16 +0000] [56] [INFO] Started server process [56]
[2026-04-06 10:20:16 +0000] [56] [INFO] Waiting for application startup.
[2026-04-06 10:20:16 +0000] [56] [INFO] Application startup complete.
[2026-04-06 10:20:16 +0000] [54] [INFO] Started server process [54]
[2026-04-06 10:20:16 +0000] [54] [INFO] Waiting for application startup.
[2026-04-06 10:20:16 +0000] [54] [INFO] Application startup complete.
[2026-04-06 10:20:16 +0000] [62] [INFO] Booting worker with pid: 62
[2026-04-06 10:20:16 +0000] [63] [INFO] Booting worker with pid: 63
[2026-04-06 10:20:16 +0000] [57] [INFO] Started server process [57]
[2026-04-06 10:20:16 +0000] [57] [INFO] Waiting for application startup.
[2026-04-06 10:20:16 +0000] [57] [INFO] Application startup complete.
[2026-04-06 10:20:16 +0000] [58] [INFO] Started server process [58]
[2026-04-06 10:20:16 +0000] [58] [INFO] Waiting for application startup.
[2026-04-06 10:20:16 +0000] [58] [INFO] Application startup complete.
[2026-04-06 10:20:16 +0000] [61] [INFO] Started server process [61]
[2026-04-06 10:20:16 +0000] [61] [INFO] Waiting for application startup.
[2026-04-06 10:20:16 +0000] [61] [INFO] Application startup complete.
[2026-04-06 10:20:16 +0000] [62] [INFO] Started server process [62]
[2026-04-06 10:20:16 +0000] [62] [INFO] Waiting for application startup.
[2026-04-06 10:20:16 +0000] [62] [INFO] Application startup complete.
[2026-04-06 10:20:16 +0000] [63] [INFO] Started server process [63]
[2026-04-06 10:20:16 +0000] [63] [INFO] Waiting for application startup.
[2026-04-06 10:20:16 +0000] [63] [INFO] Application startup complete.
[2026-04-06 10:20:16 +0000] [69] [INFO] Booting worker with pid: 69
[2026-04-06 10:20:16 +0000] [70] [INFO] Booting worker with pid: 70
[2026-04-06 10:20:16 +0000] [72] [INFO] Booting worker with pid: 72
[2026-04-06 10:20:16 +0000] [69] [INFO] Started server process [69]
[2026-04-06 10:20:16 +0000] [69] [INFO] Waiting for application startup.
[2026-04-06 10:20:16 +0000] [69] [INFO] Application startup complete.
[2026-04-06 10:20:16 +0000] [70] [INFO] Started server process [70]
[2026-04-06 10:20:16 +0000] [70] [INFO] Waiting for application startup.
[2026-04-06 10:20:16 +0000] [70] [INFO] Application startup complete.
[2026-04-06 10:20:16 +0000] [72] [INFO] Started server process [72]
[2026-04-06 10:20:16 +0000] [72] [INFO] Waiting for application startup.
[2026-04-06 10:20:16 +0000] [72] [INFO] Application startup complete.
[2026-04-06 10:20:16 +0000] [75] [INFO] Booting worker with pid: 75
[2026-04-06 10:20:16 +0000] [77] [INFO] Booting worker with pid: 77
[2026-04-06 10:20:16 +0000] [75] [INFO] Started server process [75]
[2026-04-06 10:20:16 +0000] [75] [INFO] Waiting for application startup.
[2026-04-06 10:20:16 +0000] [75] [INFO] Application startup complete.
[2026-04-06 10:20:16 +0000] [79] [INFO] Booting worker with pid: 79
[2026-04-06 10:20:16 +0000] [77] [INFO] Started server process [77]
[2026-04-06 10:20:16 +0000] [77] [INFO] Waiting for application startup.
[2026-04-06 10:20:16 +0000] [77] [INFO] Application startup complete.
[2026-04-06 10:20:16 +0000] [80] [INFO] Booting worker with pid: 80
[2026-04-06 10:20:16 +0000] [79] [INFO] Started server process [79]
[2026-04-06 10:20:16 +0000] [79] [INFO] Waiting for application startup.
[2026-04-06 10:20:16 +0000] [79] [INFO] Application startup complete.
[2026-04-06 10:20:16 +0000] [82] [INFO] Booting worker with pid: 82
[2026-04-06 10:20:16 +0000] [80] [INFO] Started server process [80]
[2026-04-06 10:20:16 +0000] [80] [INFO] Waiting for application startup.
[2026-04-06 10:20:16 +0000] [80] [INFO] Application startup complete.
[2026-04-06 10:20:17 +0000] [84] [INFO] Booting worker with pid: 84
[2026-04-06 10:20:17 +0000] [82] [INFO] Started server process [82]
[2026-04-06 10:20:17 +0000] [82] [INFO] Waiting for application startup.
[2026-04-06 10:20:17 +0000] [82] [INFO] Application startup complete.
[2026-04-06 10:20:17 +0000] [86] [INFO] Booting worker with pid: 86
[2026-04-06 10:20:17 +0000] [84] [INFO] Started server process [84]
[2026-04-06 10:20:17 +0000] [84] [INFO] Waiting for application startup.
[2026-04-06 10:20:17 +0000] [84] [INFO] Application startup complete.
[2026-04-06 10:20:17 +0000] [88] [INFO] Booting worker with pid: 88
[2026-04-06 10:20:17 +0000] [86] [INFO] Started server process [86]
[2026-04-06 10:20:17 +0000] [86] [INFO] Waiting for application startup.
[2026-04-06 10:20:17 +0000] [86] [INFO] Application startup complete.
[2026-04-06 10:20:17 +0000] [90] [INFO] Booting worker with pid: 90
[2026-04-06 10:20:17 +0000] [92] [INFO] Booting worker with pid: 92
[2026-04-06 10:20:17 +0000] [88] [INFO] Started server process [88]
[2026-04-06 10:20:17 +0000] [88] [INFO] Waiting for application startup.
[2026-04-06 10:20:17 +0000] [88] [INFO] Application startup complete.
[2026-04-06 10:20:17 +0000] [93] [INFO] Booting worker with pid: 93
[2026-04-06 10:20:17 +0000] [94] [INFO] Booting worker with pid: 94
[2026-04-06 10:20:17 +0000] [90] [INFO] Started server process [90]
[2026-04-06 10:20:17 +0000] [90] [INFO] Waiting for application startup.
[2026-04-06 10:20:17 +0000] [90] [INFO] Application startup complete.
[2026-04-06 10:20:17 +0000] [92] [INFO] Started server process [92]
[2026-04-06 10:20:17 +0000] [92] [INFO] Waiting for application startup.
[2026-04-06 10:20:17 +0000] [92] [INFO] Application startup complete.
[2026-04-06 10:20:17 +0000] [97] [INFO] Booting worker with pid: 97
[2026-04-06 10:20:17 +0000] [93] [INFO] Started server process [93]
[2026-04-06 10:20:17 +0000] [93] [INFO] Waiting for application startup.
[2026-04-06 10:20:17 +0000] [93] [INFO] Application startup complete.
[2026-04-06 10:20:17 +0000] [100] [INFO] Booting worker with pid: 100
[2026-04-06 10:20:17 +0000] [94] [INFO] Started server process [94]
[2026-04-06 10:20:17 +0000] [94] [INFO] Waiting for application startup.
[2026-04-06 10:20:17 +0000] [94] [INFO] Application startup complete.
[2026-04-06 10:20:17 +0000] [101] [INFO] Booting worker with pid: 101
[2026-04-06 10:20:17 +0000] [97] [INFO] Started server process [97]
[2026-04-06 10:20:17 +0000] [97] [INFO] Waiting for application startup.
[2026-04-06 10:20:17 +0000] [97] [INFO] Application startup complete.
[2026-04-06 10:20:17 +0000] [104] [INFO] Booting worker with pid: 104
[2026-04-06 10:20:17 +0000] [105] [INFO] Booting worker with pid: 105
[2026-04-06 10:20:17 +0000] [101] [INFO] Started server process [101]
[2026-04-06 10:20:17 +0000] [101] [INFO] Waiting for application startup.
[2026-04-06 10:20:17 +0000] [101] [INFO] Application startup complete.
[2026-04-06 10:20:17 +0000] [100] [INFO] Started server process [100]
[2026-04-06 10:20:17 +0000] [100] [INFO] Waiting for application startup.
[2026-04-06 10:20:17 +0000] [100] [INFO] Application startup complete.
[2026-04-06 10:20:17 +0000] [107] [INFO] Booting worker with pid: 107
[2026-04-06 10:20:17 +0000] [108] [INFO] Booting worker with pid: 108
[2026-04-06 10:20:17 +0000] [104] [INFO] Started server process [104]
[2026-04-06 10:20:17 +0000] [104] [INFO] Waiting for application startup.
[2026-04-06 10:20:17 +0000] [104] [INFO] Application startup complete.
[2026-04-06 10:20:17 +0000] [105] [INFO] Started server process [105]
[2026-04-06 10:20:17 +0000] [105] [INFO] Waiting for application startup.
[2026-04-06 10:20:17 +0000] [105] [INFO] Application startup complete.
[2026-04-06 10:20:17 +0000] [111] [INFO] Booting worker with pid: 111
[2026-04-06 10:20:17 +0000] [107] [INFO] Started server process [107]
[2026-04-06 10:20:17 +0000] [107] [INFO] Waiting for application startup.
[2026-04-06 10:20:17 +0000] [107] [INFO] Application startup complete.
[2026-04-06 10:20:17 +0000] [108] [INFO] Started server process [108]
[2026-04-06 10:20:17 +0000] [108] [INFO] Waiting for application startup.
[2026-04-06 10:20:17 +0000] [108] [INFO] Application startup complete.
[2026-04-06 10:20:17 +0000] [114] [INFO] Booting worker with pid: 114
[2026-04-06 10:20:17 +0000] [115] [INFO] Booting worker with pid: 115
[2026-04-06 10:20:17 +0000] [111] [INFO] Started server process [111]
[2026-04-06 10:20:17 +0000] [111] [INFO] Waiting for application startup.
[2026-04-06 10:20:17 +0000] [111] [INFO] Application startup complete.
[2026-04-06 10:20:17 +0000] [117] [INFO] Booting worker with pid: 117
[2026-04-06 10:20:17 +0000] [114] [INFO] Started server process [114]
[2026-04-06 10:20:17 +0000] [114] [INFO] Waiting for application startup.
[2026-04-06 10:20:17 +0000] [114] [INFO] Application startup complete.
[2026-04-06 10:20:18 +0000] [115] [INFO] Started server process [115]
[2026-04-06 10:20:18 +0000] [115] [INFO] Waiting for application startup.
[2026-04-06 10:20:18 +0000] [115] [INFO] Application startup complete.
[2026-04-06 10:20:18 +0000] [120] [INFO] Booting worker with pid: 120
[2026-04-06 10:20:18 +0000] [117] [INFO] Started server process [117]
[2026-04-06 10:20:18 +0000] [117] [INFO] Waiting for application startup.
[2026-04-06 10:20:18 +0000] [117] [INFO] Application startup complete.
[2026-04-06 10:20:18 +0000] [122] [INFO] Booting worker with pid: 122
[2026-04-06 10:20:18 +0000] [123] [INFO] Booting worker with pid: 123
[2026-04-06 10:20:18 +0000] [120] [INFO] Started server process [120]
[2026-04-06 10:20:18 +0000] [120] [INFO] Waiting for application startup.
[2026-04-06 10:20:18 +0000] [120] [INFO] Application startup complete.
[2026-04-06 10:20:18 +0000] [125] [INFO] Booting worker with pid: 125
[2026-04-06 10:20:18 +0000] [122] [INFO] Started server process [122]
[2026-04-06 10:20:18 +0000] [122] [INFO] Waiting for application startup.
[2026-04-06 10:20:18 +0000] [122] [INFO] Application startup complete.
[2026-04-06 10:20:18 +0000] [123] [INFO] Started server process [123]
[2026-04-06 10:20:18 +0000] [123] [INFO] Waiting for application startup.
[2026-04-06 10:20:18 +0000] [123] [INFO] Application startup complete.
[2026-04-06 10:20:18 +0000] [128] [INFO] Booting worker with pid: 128
[2026-04-06 10:20:18 +0000] [129] [INFO] Booting worker with pid: 129
[2026-04-06 10:20:18 +0000] [130] [INFO] Booting worker with pid: 130
[2026-04-06 10:20:18 +0000] [125] [INFO] Started server process [125]
[2026-04-06 10:20:18 +0000] [125] [INFO] Waiting for application startup.
[2026-04-06 10:20:18 +0000] [125] [INFO] Application startup complete.
[2026-04-06 10:20:18 +0000] [128] [INFO] Started server process [128]
[2026-04-06 10:20:18 +0000] [128] [INFO] Waiting for application startup.
[2026-04-06 10:20:18 +0000] [128] [INFO] Application startup complete.
[2026-04-06 10:20:18 +0000] [129] [INFO] Started server process [129]
[2026-04-06 10:20:18 +0000] [129] [INFO] Waiting for application startup.
[2026-04-06 10:20:18 +0000] [129] [INFO] Application startup complete.
[2026-04-06 10:20:18 +0000] [130] [INFO] Started server process [130]
[2026-04-06 10:20:18 +0000] [130] [INFO] Waiting for application startup.
[2026-04-06 10:20:18 +0000] [130] [INFO] Application startup complete.
