[2026-03-29 01:53:34 +0000] [1] [INFO] Starting gunicorn 23.0.0
[2026-03-29 01:53:34 +0000] [1] [INFO] Listening at: http://0.0.0.0:8080 (1)
[2026-03-29 01:53:34 +0000] [1] [INFO] Using worker: uvicorn.workers.UvicornWorker
[2026-03-29 01:53:34 +0000] [8] [INFO] Booting worker with pid: 8
[2026-03-29 01:53:34 +0000] [9] [INFO] Booting worker with pid: 9
[2026-03-29 01:53:34 +0000] [10] [INFO] Booting worker with pid: 10
[2026-03-29 01:53:34 +0000] [11] [INFO] Booting worker with pid: 11
[2026-03-29 01:53:34 +0000] [12] [INFO] Booting worker with pid: 12
[2026-03-29 01:53:34 +0000] [13] [INFO] Booting worker with pid: 13
[2026-03-29 01:53:34 +0000] [14] [INFO] Booting worker with pid: 14
[2026-03-29 01:53:34 +0000] [9] [INFO] Started server process [9]
[2026-03-29 01:53:34 +0000] [9] [INFO] Waiting for application startup.
[2026-03-29 01:53:34 +0000] [9] [INFO] Application startup complete.
[2026-03-29 01:53:34 +0000] [8] [INFO] Started server process [8]
[2026-03-29 01:53:34 +0000] [8] [INFO] Waiting for application startup.
[2026-03-29 01:53:34 +0000] [8] [INFO] Application startup complete.
[2026-03-29 01:53:34 +0000] [10] [INFO] Started server process [10]
[2026-03-29 01:53:34 +0000] [10] [INFO] Waiting for application startup.
[2026-03-29 01:53:34 +0000] [10] [INFO] Application startup complete.
[2026-03-29 01:53:34 +0000] [18] [INFO] Booting worker with pid: 18
[2026-03-29 01:53:34 +0000] [19] [INFO] Booting worker with pid: 19
[2026-03-29 01:53:34 +0000] [11] [INFO] Started server process [11]
[2026-03-29 01:53:34 +0000] [11] [INFO] Waiting for application startup.
[2026-03-29 01:53:34 +0000] [11] [INFO] Application startup complete.
[2026-03-29 01:53:34 +0000] [21] [INFO] Booting worker with pid: 21
[2026-03-29 01:53:34 +0000] [12] [INFO] Started server process [12]
[2026-03-29 01:53:34 +0000] [12] [INFO] Waiting for application startup.
[2026-03-29 01:53:34 +0000] [12] [INFO] Application startup complete.
[2026-03-29 01:53:34 +0000] [13] [INFO] Started server process [13]
[2026-03-29 01:53:34 +0000] [13] [INFO] Waiting for application startup.
[2026-03-29 01:53:34 +0000] [13] [INFO] Application startup complete.
[2026-03-29 01:53:34 +0000] [24] [INFO] Booting worker with pid: 24
[2026-03-29 01:53:34 +0000] [26] [INFO] Booting worker with pid: 26
[2026-03-29 01:53:34 +0000] [14] [INFO] Started server process [14]
[2026-03-29 01:53:34 +0000] [14] [INFO] Waiting for application startup.
[2026-03-29 01:53:34 +0000] [14] [INFO] Application startup complete.
[2026-03-29 01:53:34 +0000] [27] [INFO] Booting worker with pid: 27
[2026-03-29 01:53:34 +0000] [18] [INFO] Started server process [18]
[2026-03-29 01:53:34 +0000] [18] [INFO] Waiting for application startup.
[2026-03-29 01:53:34 +0000] [18] [INFO] Application startup complete.
[2026-03-29 01:53:34 +0000] [30] [INFO] Booting worker with pid: 30
[2026-03-29 01:53:34 +0000] [19] [INFO] Started server process [19]
[2026-03-29 01:53:34 +0000] [19] [INFO] Waiting for application startup.
[2026-03-29 01:53:34 +0000] [19] [INFO] Application startup complete.
[2026-03-29 01:53:34 +0000] [21] [INFO] Started server process [21]
[2026-03-29 01:53:34 +0000] [21] [INFO] Waiting for application startup.
[2026-03-29 01:53:34 +0000] [21] [INFO] Application startup complete.
[2026-03-29 01:53:34 +0000] [32] [INFO] Booting worker with pid: 32
[2026-03-29 01:53:34 +0000] [35] [INFO] Booting worker with pid: 35
[2026-03-29 01:53:34 +0000] [24] [INFO] Started server process [24]
[2026-03-29 01:53:34 +0000] [24] [INFO] Waiting for application startup.
[2026-03-29 01:53:34 +0000] [24] [INFO] Application startup complete.
[2026-03-29 01:53:34 +0000] [26] [INFO] Started server process [26]
[2026-03-29 01:53:34 +0000] [26] [INFO] Waiting for application startup.
[2026-03-29 01:53:34 +0000] [26] [INFO] Application startup complete.
[2026-03-29 01:53:34 +0000] [37] [INFO] Booting worker with pid: 37
[2026-03-29 01:53:34 +0000] [27] [INFO] Started server process [27]
[2026-03-29 01:53:34 +0000] [27] [INFO] Waiting for application startup.
[2026-03-29 01:53:34 +0000] [27] [INFO] Application startup complete.
[2026-03-29 01:53:35 +0000] [38] [INFO] Booting worker with pid: 38
[2026-03-29 01:53:35 +0000] [30] [INFO] Started server process [30]
[2026-03-29 01:53:35 +0000] [30] [INFO] Waiting for application startup.
[2026-03-29 01:53:35 +0000] [30] [INFO] Application startup complete.
[2026-03-29 01:53:35 +0000] [40] [INFO] Booting worker with pid: 40
[2026-03-29 01:53:35 +0000] [32] [INFO] Started server process [32]
[2026-03-29 01:53:35 +0000] [32] [INFO] Waiting for application startup.
[2026-03-29 01:53:35 +0000] [32] [INFO] Application startup complete.
[2026-03-29 01:53:35 +0000] [42] [INFO] Booting worker with pid: 42
[2026-03-29 01:53:35 +0000] [43] [INFO] Booting worker with pid: 43
[2026-03-29 01:53:35 +0000] [35] [INFO] Started server process [35]
[2026-03-29 01:53:35 +0000] [35] [INFO] Waiting for application startup.
[2026-03-29 01:53:35 +0000] [35] [INFO] Application startup complete.
[2026-03-29 01:53:35 +0000] [37] [INFO] Started server process [37]
[2026-03-29 01:53:35 +0000] [37] [INFO] Waiting for application startup.
[2026-03-29 01:53:35 +0000] [37] [INFO] Application startup complete.
[2026-03-29 01:53:35 +0000] [46] [INFO] Booting worker with pid: 46
[2026-03-29 01:53:35 +0000] [38] [INFO] Started server process [38]
[2026-03-29 01:53:35 +0000] [38] [INFO] Waiting for application startup.
[2026-03-29 01:53:35 +0000] [38] [INFO] Application startup complete.
[2026-03-29 01:53:35 +0000] [48] [INFO] Booting worker with pid: 48
[2026-03-29 01:53:35 +0000] [50] [INFO] Booting worker with pid: 50
[2026-03-29 01:53:35 +0000] [40] [INFO] Started server process [40]
[2026-03-29 01:53:35 +0000] [40] [INFO] Waiting for application startup.
[2026-03-29 01:53:35 +0000] [40] [INFO] Application startup complete.
[2026-03-29 01:53:35 +0000] [51] [INFO] Booting worker with pid: 51
[2026-03-29 01:53:35 +0000] [42] [INFO] Started server process [42]
[2026-03-29 01:53:35 +0000] [42] [INFO] Waiting for application startup.
[2026-03-29 01:53:35 +0000] [42] [INFO] Application startup complete.
[2026-03-29 01:53:35 +0000] [53] [INFO] Booting worker with pid: 53
[2026-03-29 01:53:35 +0000] [43] [INFO] Started server process [43]
[2026-03-29 01:53:35 +0000] [43] [INFO] Waiting for application startup.
[2026-03-29 01:53:35 +0000] [43] [INFO] Application startup complete.
[2026-03-29 01:53:35 +0000] [55] [INFO] Booting worker with pid: 55
[2026-03-29 01:53:35 +0000] [56] [INFO] Booting worker with pid: 56
[2026-03-29 01:53:35 +0000] [46] [INFO] Started server process [46]
[2026-03-29 01:53:35 +0000] [46] [INFO] Waiting for application startup.
[2026-03-29 01:53:35 +0000] [46] [INFO] Application startup complete.
[2026-03-29 01:53:35 +0000] [48] [INFO] Started server process [48]
[2026-03-29 01:53:35 +0000] [48] [INFO] Waiting for application startup.
[2026-03-29 01:53:35 +0000] [48] [INFO] Application startup complete.
[2026-03-29 01:53:35 +0000] [59] [INFO] Booting worker with pid: 59
[2026-03-29 01:53:35 +0000] [50] [INFO] Started server process [50]
[2026-03-29 01:53:35 +0000] [50] [INFO] Waiting for application startup.
[2026-03-29 01:53:35 +0000] [50] [INFO] Application startup complete.
[2026-03-29 01:53:35 +0000] [61] [INFO] Booting worker with pid: 61
[2026-03-29 01:53:35 +0000] [62] [INFO] Booting worker with pid: 62
[2026-03-29 01:53:35 +0000] [63] [INFO] Booting worker with pid: 63
[2026-03-29 01:53:35 +0000] [51] [INFO] Started server process [51]
[2026-03-29 01:53:35 +0000] [51] [INFO] Waiting for application startup.
[2026-03-29 01:53:35 +0000] [51] [INFO] Application startup complete.
[2026-03-29 01:53:35 +0000] [66] [INFO] Booting worker with pid: 66
[2026-03-29 01:53:35 +0000] [53] [INFO] Started server process [53]
[2026-03-29 01:53:35 +0000] [53] [INFO] Waiting for application startup.
[2026-03-29 01:53:35 +0000] [53] [INFO] Application startup complete.
[2026-03-29 01:53:35 +0000] [67] [INFO] Booting worker with pid: 67
[2026-03-29 01:53:35 +0000] [68] [INFO] Booting worker with pid: 68
[2026-03-29 01:53:35 +0000] [56] [INFO] Started server process [56]
[2026-03-29 01:53:35 +0000] [56] [INFO] Waiting for application startup.
[2026-03-29 01:53:35 +0000] [56] [INFO] Application startup complete.
[2026-03-29 01:53:35 +0000] [55] [INFO] Started server process [55]
[2026-03-29 01:53:35 +0000] [55] [INFO] Waiting for application startup.
[2026-03-29 01:53:35 +0000] [55] [INFO] Application startup complete.
[2026-03-29 01:53:35 +0000] [71] [INFO] Booting worker with pid: 71
[2026-03-29 01:53:35 +0000] [72] [INFO] Booting worker with pid: 72
[2026-03-29 01:53:35 +0000] [74] [INFO] Booting worker with pid: 74
[2026-03-29 01:53:35 +0000] [59] [INFO] Started server process [59]
[2026-03-29 01:53:35 +0000] [59] [INFO] Waiting for application startup.
[2026-03-29 01:53:35 +0000] [59] [INFO] Application startup complete.
[2026-03-29 01:53:36 +0000] [61] [INFO] Started server process [61]
[2026-03-29 01:53:36 +0000] [61] [INFO] Waiting for application startup.
[2026-03-29 01:53:36 +0000] [61] [INFO] Application startup complete.
[2026-03-29 01:53:36 +0000] [62] [INFO] Started server process [62]
[2026-03-29 01:53:36 +0000] [62] [INFO] Waiting for application startup.
[2026-03-29 01:53:36 +0000] [62] [INFO] Application startup complete.
[2026-03-29 01:53:36 +0000] [63] [INFO] Started server process [63]
[2026-03-29 01:53:36 +0000] [63] [INFO] Waiting for application startup.
[2026-03-29 01:53:36 +0000] [63] [INFO] Application startup complete.
[2026-03-29 01:53:36 +0000] [78] [INFO] Booting worker with pid: 78
[2026-03-29 01:53:36 +0000] [66] [INFO] Started server process [66]
[2026-03-29 01:53:36 +0000] [66] [INFO] Waiting for application startup.
[2026-03-29 01:53:36 +0000] [66] [INFO] Application startup complete.
[2026-03-29 01:53:36 +0000] [67] [INFO] Started server process [67]
[2026-03-29 01:53:36 +0000] [67] [INFO] Waiting for application startup.
[2026-03-29 01:53:36 +0000] [67] [INFO] Application startup complete.
[2026-03-29 01:53:36 +0000] [81] [INFO] Booting worker with pid: 81
[2026-03-29 01:53:36 +0000] [68] [INFO] Started server process [68]
[2026-03-29 01:53:36 +0000] [68] [INFO] Waiting for application startup.
[2026-03-29 01:53:36 +0000] [68] [INFO] Application startup complete.
[2026-03-29 01:53:36 +0000] [83] [INFO] Booting worker with pid: 83
[2026-03-29 01:53:36 +0000] [86] [INFO] Booting worker with pid: 86
[2026-03-29 01:53:36 +0000] [71] [INFO] Started server process [71]
[2026-03-29 01:53:36 +0000] [71] [INFO] Waiting for application startup.
[2026-03-29 01:53:36 +0000] [71] [INFO] Application startup complete.
[2026-03-29 01:53:36 +0000] [72] [INFO] Started server process [72]
[2026-03-29 01:53:36 +0000] [72] [INFO] Waiting for application startup.
[2026-03-29 01:53:36 +0000] [72] [INFO] Application startup complete.
[2026-03-29 01:53:36 +0000] [74] [INFO] Started server process [74]
[2026-03-29 01:53:36 +0000] [74] [INFO] Waiting for application startup.
[2026-03-29 01:53:36 +0000] [74] [INFO] Application startup complete.
[2026-03-29 01:53:36 +0000] [88] [INFO] Booting worker with pid: 88
[2026-03-29 01:53:36 +0000] [78] [INFO] Started server process [78]
[2026-03-29 01:53:36 +0000] [78] [INFO] Waiting for application startup.
[2026-03-29 01:53:36 +0000] [78] [INFO] Application startup complete.
[2026-03-29 01:53:36 +0000] [90] [INFO] Booting worker with pid: 90
[2026-03-29 01:53:36 +0000] [91] [INFO] Booting worker with pid: 91
[2026-03-29 01:53:36 +0000] [93] [INFO] Booting worker with pid: 93
[2026-03-29 01:53:36 +0000] [81] [INFO] Started server process [81]
[2026-03-29 01:53:36 +0000] [81] [INFO] Waiting for application startup.
[2026-03-29 01:53:36 +0000] [81] [INFO] Application startup complete.
[2026-03-29 01:53:36 +0000] [83] [INFO] Started server process [83]
[2026-03-29 01:53:36 +0000] [83] [INFO] Waiting for application startup.
[2026-03-29 01:53:36 +0000] [83] [INFO] Application startup complete.
[2026-03-29 01:53:36 +0000] [95] [INFO] Booting worker with pid: 95
[2026-03-29 01:53:36 +0000] [96] [INFO] Booting worker with pid: 96
[2026-03-29 01:53:36 +0000] [98] [INFO] Booting worker with pid: 98
[2026-03-29 01:53:36 +0000] [86] [INFO] Started server process [86]
[2026-03-29 01:53:36 +0000] [86] [INFO] Waiting for application startup.
[2026-03-29 01:53:36 +0000] [86] [INFO] Application startup complete.
[2026-03-29 01:53:36 +0000] [88] [INFO] Started server process [88]
[2026-03-29 01:53:36 +0000] [88] [INFO] Waiting for application startup.
[2026-03-29 01:53:36 +0000] [88] [INFO] Application startup complete.
[2026-03-29 01:53:36 +0000] [100] [INFO] Booting worker with pid: 100
[2026-03-29 01:53:36 +0000] [101] [INFO] Booting worker with pid: 101
[2026-03-29 01:53:36 +0000] [102] [INFO] Booting worker with pid: 102
[2026-03-29 01:53:36 +0000] [104] [INFO] Booting worker with pid: 104
[2026-03-29 01:53:36 +0000] [90] [INFO] Started server process [90]
[2026-03-29 01:53:36 +0000] [90] [INFO] Waiting for application startup.
[2026-03-29 01:53:36 +0000] [90] [INFO] Application startup complete.
[2026-03-29 01:53:36 +0000] [105] [INFO] Booting worker with pid: 105
[2026-03-29 01:53:36 +0000] [91] [INFO] Started server process [91]
[2026-03-29 01:53:36 +0000] [91] [INFO] Waiting for application startup.
[2026-03-29 01:53:36 +0000] [91] [INFO] Application startup complete.
[2026-03-29 01:53:36 +0000] [93] [INFO] Started server process [93]
[2026-03-29 01:53:36 +0000] [93] [INFO] Waiting for application startup.
[2026-03-29 01:53:36 +0000] [93] [INFO] Application startup complete.
[2026-03-29 01:53:36 +0000] [108] [INFO] Booting worker with pid: 108
[2026-03-29 01:53:36 +0000] [95] [INFO] Started server process [95]
[2026-03-29 01:53:36 +0000] [95] [INFO] Waiting for application startup.
[2026-03-29 01:53:36 +0000] [96] [INFO] Started server process [96]
[2026-03-29 01:53:36 +0000] [96] [INFO] Waiting for application startup.
[2026-03-29 01:53:36 +0000] [95] [INFO] Application startup complete.
[2026-03-29 01:53:36 +0000] [96] [INFO] Application startup complete.
[2026-03-29 01:53:36 +0000] [98] [INFO] Started server process [98]
[2026-03-29 01:53:36 +0000] [98] [INFO] Waiting for application startup.
[2026-03-29 01:53:36 +0000] [98] [INFO] Application startup complete.
[2026-03-29 01:53:36 +0000] [112] [INFO] Booting worker with pid: 112
[2026-03-29 01:53:37 +0000] [114] [INFO] Booting worker with pid: 114
[2026-03-29 01:53:37 +0000] [100] [INFO] Started server process [100]
[2026-03-29 01:53:37 +0000] [100] [INFO] Waiting for application startup.
[2026-03-29 01:53:37 +0000] [100] [INFO] Application startup complete.
[2026-03-29 01:53:37 +0000] [101] [INFO] Started server process [101]
[2026-03-29 01:53:37 +0000] [101] [INFO] Waiting for application startup.
[2026-03-29 01:53:37 +0000] [101] [INFO] Application startup complete.
[2026-03-29 01:53:37 +0000] [102] [INFO] Started server process [102]
[2026-03-29 01:53:37 +0000] [102] [INFO] Waiting for application startup.
[2026-03-29 01:53:37 +0000] [102] [INFO] Application startup complete.
[2026-03-29 01:53:37 +0000] [118] [INFO] Booting worker with pid: 118
[2026-03-29 01:53:37 +0000] [120] [INFO] Booting worker with pid: 120
[2026-03-29 01:53:37 +0000] [104] [INFO] Started server process [104]
[2026-03-29 01:53:37 +0000] [104] [INFO] Waiting for application startup.
[2026-03-29 01:53:37 +0000] [104] [INFO] Application startup complete.
[2026-03-29 01:53:37 +0000] [105] [INFO] Started server process [105]
[2026-03-29 01:53:37 +0000] [105] [INFO] Waiting for application startup.
[2026-03-29 01:53:37 +0000] [105] [INFO] Application startup complete.
[2026-03-29 01:53:37 +0000] [122] [INFO] Booting worker with pid: 122
[2026-03-29 01:53:37 +0000] [108] [INFO] Started server process [108]
[2026-03-29 01:53:37 +0000] [108] [INFO] Waiting for application startup.
[2026-03-29 01:53:37 +0000] [108] [INFO] Application startup complete.
[2026-03-29 01:53:37 +0000] [123] [INFO] Booting worker with pid: 123
[2026-03-29 01:53:37 +0000] [124] [INFO] Booting worker with pid: 124
[2026-03-29 01:53:37 +0000] [126] [INFO] Booting worker with pid: 126
[2026-03-29 01:53:37 +0000] [112] [INFO] Started server process [112]
[2026-03-29 01:53:37 +0000] [112] [INFO] Waiting for application startup.
[2026-03-29 01:53:37 +0000] [112] [INFO] Application startup complete.
[2026-03-29 01:53:37 +0000] [127] [INFO] Booting worker with pid: 127
[2026-03-29 01:53:37 +0000] [114] [INFO] Started server process [114]
[2026-03-29 01:53:37 +0000] [114] [INFO] Waiting for application startup.
[2026-03-29 01:53:37 +0000] [114] [INFO] Application startup complete.
[2026-03-29 01:53:37 +0000] [129] [INFO] Booting worker with pid: 129
[2026-03-29 01:53:37 +0000] [132] [INFO] Booting worker with pid: 132
[2026-03-29 01:53:37 +0000] [118] [INFO] Started server process [118]
[2026-03-29 01:53:37 +0000] [118] [INFO] Waiting for application startup.
[2026-03-29 01:53:37 +0000] [118] [INFO] Application startup complete.
[2026-03-29 01:53:37 +0000] [133] [INFO] Booting worker with pid: 133
[2026-03-29 01:53:37 +0000] [120] [INFO] Started server process [120]
[2026-03-29 01:53:37 +0000] [120] [INFO] Waiting for application startup.
[2026-03-29 01:53:37 +0000] [120] [INFO] Application startup complete.
[2026-03-29 01:53:37 +0000] [134] [INFO] Booting worker with pid: 134
[2026-03-29 01:53:37 +0000] [135] [INFO] Booting worker with pid: 135
[2026-03-29 01:53:37 +0000] [123] [INFO] Started server process [123]
[2026-03-29 01:53:37 +0000] [123] [INFO] Waiting for application startup.
[2026-03-29 01:53:37 +0000] [123] [INFO] Application startup complete.
[2026-03-29 01:53:37 +0000] [122] [INFO] Started server process [122]
[2026-03-29 01:53:37 +0000] [122] [INFO] Waiting for application startup.
[2026-03-29 01:53:37 +0000] [122] [INFO] Application startup complete.
[2026-03-29 01:53:37 +0000] [139] [INFO] Booting worker with pid: 139
[2026-03-29 01:53:37 +0000] [124] [INFO] Started server process [124]
[2026-03-29 01:53:37 +0000] [124] [INFO] Waiting for application startup.
[2026-03-29 01:53:37 +0000] [124] [INFO] Application startup complete.
[2026-03-29 01:53:37 +0000] [140] [INFO] Booting worker with pid: 140
[2026-03-29 01:53:37 +0000] [142] [INFO] Booting worker with pid: 142
[2026-03-29 01:53:37 +0000] [127] [INFO] Started server process [127]
[2026-03-29 01:53:37 +0000] [127] [INFO] Waiting for application startup.
[2026-03-29 01:53:37 +0000] [127] [INFO] Application startup complete.
[2026-03-29 01:53:37 +0000] [126] [INFO] Started server process [126]
[2026-03-29 01:53:37 +0000] [126] [INFO] Waiting for application startup.
[2026-03-29 01:53:37 +0000] [144] [INFO] Booting worker with pid: 144
[2026-03-29 01:53:37 +0000] [126] [INFO] Application startup complete.
[2026-03-29 01:53:37 +0000] [145] [INFO] Booting worker with pid: 145
[2026-03-29 01:53:37 +0000] [147] [INFO] Booting worker with pid: 147
[2026-03-29 01:53:37 +0000] [132] [INFO] Started server process [132]
[2026-03-29 01:53:37 +0000] [132] [INFO] Waiting for application startup.
[2026-03-29 01:53:37 +0000] [132] [INFO] Application startup complete.
[2026-03-29 01:53:37 +0000] [133] [INFO] Started server process [133]
[2026-03-29 01:53:37 +0000] [133] [INFO] Waiting for application startup.
[2026-03-29 01:53:37 +0000] [133] [INFO] Application startup complete.
[2026-03-29 01:53:37 +0000] [129] [INFO] Started server process [129]
[2026-03-29 01:53:37 +0000] [129] [INFO] Waiting for application startup.
[2026-03-29 01:53:37 +0000] [129] [INFO] Application startup complete.
[2026-03-29 01:53:37 +0000] [151] [INFO] Booting worker with pid: 151
[2026-03-29 01:53:38 +0000] [134] [INFO] Started server process [134]
[2026-03-29 01:53:38 +0000] [134] [INFO] Waiting for application startup.
[2026-03-29 01:53:38 +0000] [134] [INFO] Application startup complete.
[2026-03-29 01:53:38 +0000] [153] [INFO] Booting worker with pid: 153
[2026-03-29 01:53:38 +0000] [135] [INFO] Started server process [135]
[2026-03-29 01:53:38 +0000] [135] [INFO] Waiting for application startup.
[2026-03-29 01:53:38 +0000] [135] [INFO] Application startup complete.
[2026-03-29 01:53:38 +0000] [139] [INFO] Started server process [139]
[2026-03-29 01:53:38 +0000] [139] [INFO] Waiting for application startup.
[2026-03-29 01:53:38 +0000] [139] [INFO] Application startup complete.
[2026-03-29 01:53:38 +0000] [155] [INFO] Booting worker with pid: 155
[2026-03-29 01:53:38 +0000] [157] [INFO] Booting worker with pid: 157
[2026-03-29 01:53:38 +0000] [140] [INFO] Started server process [140]
[2026-03-29 01:53:38 +0000] [140] [INFO] Waiting for application startup.
[2026-03-29 01:53:38 +0000] [140] [INFO] Application startup complete.
[2026-03-29 01:53:38 +0000] [159] [INFO] Booting worker with pid: 159
[2026-03-29 01:53:38 +0000] [144] [INFO] Started server process [144]
[2026-03-29 01:53:38 +0000] [144] [INFO] Waiting for application startup.
[2026-03-29 01:53:38 +0000] [144] [INFO] Application startup complete.
[2026-03-29 01:53:38 +0000] [142] [INFO] Started server process [142]
[2026-03-29 01:53:38 +0000] [142] [INFO] Waiting for application startup.
[2026-03-29 01:53:38 +0000] [142] [INFO] Application startup complete.
[2026-03-29 01:53:38 +0000] [162] [INFO] Booting worker with pid: 162
[2026-03-29 01:53:38 +0000] [145] [INFO] Started server process [145]
[2026-03-29 01:53:38 +0000] [145] [INFO] Waiting for application startup.
[2026-03-29 01:53:38 +0000] [145] [INFO] Application startup complete.
[2026-03-29 01:53:38 +0000] [147] [INFO] Started server process [147]
[2026-03-29 01:53:38 +0000] [147] [INFO] Waiting for application startup.
[2026-03-29 01:53:38 +0000] [147] [INFO] Application startup complete.
[2026-03-29 01:53:38 +0000] [164] [INFO] Booting worker with pid: 164
[2026-03-29 01:53:38 +0000] [165] [INFO] Booting worker with pid: 165
[2026-03-29 01:53:38 +0000] [166] [INFO] Booting worker with pid: 166
[2026-03-29 01:53:38 +0000] [169] [INFO] Booting worker with pid: 169
[2026-03-29 01:53:38 +0000] [151] [INFO] Started server process [151]
[2026-03-29 01:53:38 +0000] [151] [INFO] Waiting for application startup.
[2026-03-29 01:53:38 +0000] [151] [INFO] Application startup complete.
[2026-03-29 01:53:38 +0000] [170] [INFO] Booting worker with pid: 170
[2026-03-29 01:53:38 +0000] [171] [INFO] Booting worker with pid: 171
[2026-03-29 01:53:38 +0000] [153] [INFO] Started server process [153]
[2026-03-29 01:53:38 +0000] [153] [INFO] Waiting for application startup.
[2026-03-29 01:53:38 +0000] [153] [INFO] Application startup complete.
[2026-03-29 01:53:38 +0000] [172] [INFO] Booting worker with pid: 172
[2026-03-29 01:53:38 +0000] [174] [INFO] Booting worker with pid: 174
[2026-03-29 01:53:38 +0000] [155] [INFO] Started server process [155]
[2026-03-29 01:53:38 +0000] [155] [INFO] Waiting for application startup.
[2026-03-29 01:53:38 +0000] [155] [INFO] Application startup complete.
[2026-03-29 01:53:38 +0000] [157] [INFO] Started server process [157]
[2026-03-29 01:53:38 +0000] [157] [INFO] Waiting for application startup.
[2026-03-29 01:53:38 +0000] [157] [INFO] Application startup complete.
[2026-03-29 01:53:38 +0000] [176] [INFO] Booting worker with pid: 176
[2026-03-29 01:53:38 +0000] [177] [INFO] Booting worker with pid: 177
[2026-03-29 01:53:38 +0000] [179] [INFO] Booting worker with pid: 179
[2026-03-29 01:53:38 +0000] [159] [INFO] Started server process [159]
[2026-03-29 01:53:38 +0000] [159] [INFO] Waiting for application startup.
[2026-03-29 01:53:38 +0000] [159] [INFO] Application startup complete.
[2026-03-29 01:53:38 +0000] [181] [INFO] Booting worker with pid: 181
[2026-03-29 01:53:38 +0000] [162] [INFO] Started server process [162]
[2026-03-29 01:53:38 +0000] [162] [INFO] Waiting for application startup.
[2026-03-29 01:53:38 +0000] [162] [INFO] Application startup complete.
[2026-03-29 01:53:38 +0000] [164] [INFO] Started server process [164]
[2026-03-29 01:53:38 +0000] [164] [INFO] Waiting for application startup.
[2026-03-29 01:53:38 +0000] [164] [INFO] Application startup complete.
[2026-03-29 01:53:38 +0000] [184] [INFO] Booting worker with pid: 184
[2026-03-29 01:53:38 +0000] [185] [INFO] Booting worker with pid: 185
[2026-03-29 01:53:38 +0000] [165] [INFO] Started server process [165]
[2026-03-29 01:53:38 +0000] [165] [INFO] Waiting for application startup.
[2026-03-29 01:53:38 +0000] [165] [INFO] Application startup complete.
[2026-03-29 01:53:38 +0000] [186] [INFO] Booting worker with pid: 186
[2026-03-29 01:53:38 +0000] [166] [INFO] Started server process [166]
[2026-03-29 01:53:38 +0000] [166] [INFO] Waiting for application startup.
[2026-03-29 01:53:38 +0000] [166] [INFO] Application startup complete.
[2026-03-29 01:53:38 +0000] [169] [INFO] Started server process [169]
[2026-03-29 01:53:38 +0000] [169] [INFO] Waiting for application startup.
[2026-03-29 01:53:38 +0000] [169] [INFO] Application startup complete.
[2026-03-29 01:53:38 +0000] [170] [INFO] Started server process [170]
[2026-03-29 01:53:38 +0000] [170] [INFO] Waiting for application startup.
[2026-03-29 01:53:38 +0000] [170] [INFO] Application startup complete.
[2026-03-29 01:53:38 +0000] [171] [INFO] Started server process [171]
[2026-03-29 01:53:38 +0000] [171] [INFO] Waiting for application startup.
[2026-03-29 01:53:38 +0000] [171] [INFO] Application startup complete.
[2026-03-29 01:53:38 +0000] [172] [INFO] Started server process [172]
[2026-03-29 01:53:38 +0000] [172] [INFO] Waiting for application startup.
[2026-03-29 01:53:38 +0000] [172] [INFO] Application startup complete.
[2026-03-29 01:53:38 +0000] [192] [INFO] Booting worker with pid: 192
[2026-03-29 01:53:39 +0000] [193] [INFO] Booting worker with pid: 193
[2026-03-29 01:53:39 +0000] [174] [INFO] Started server process [174]
[2026-03-29 01:53:39 +0000] [174] [INFO] Waiting for application startup.
[2026-03-29 01:53:39 +0000] [174] [INFO] Application startup complete.
[2026-03-29 01:53:39 +0000] [196] [INFO] Booting worker with pid: 196
[2026-03-29 01:53:39 +0000] [176] [INFO] Started server process [176]
[2026-03-29 01:53:39 +0000] [176] [INFO] Waiting for application startup.
[2026-03-29 01:53:39 +0000] [176] [INFO] Application startup complete.
[2026-03-29 01:53:39 +0000] [198] [INFO] Booting worker with pid: 198
[2026-03-29 01:53:39 +0000] [177] [INFO] Started server process [177]
[2026-03-29 01:53:39 +0000] [177] [INFO] Waiting for application startup.
[2026-03-29 01:53:39 +0000] [177] [INFO] Application startup complete.
[2026-03-29 01:53:39 +0000] [179] [INFO] Started server process [179]
[2026-03-29 01:53:39 +0000] [179] [INFO] Waiting for application startup.
[2026-03-29 01:53:39 +0000] [179] [INFO] Application startup complete.
[2026-03-29 01:53:39 +0000] [200] [INFO] Booting worker with pid: 200
[2026-03-29 01:53:39 +0000] [202] [INFO] Booting worker with pid: 202
[2026-03-29 01:53:39 +0000] [181] [INFO] Started server process [181]
[2026-03-29 01:53:39 +0000] [181] [INFO] Waiting for application startup.
[2026-03-29 01:53:39 +0000] [181] [INFO] Application startup complete.
[2026-03-29 01:53:39 +0000] [185] [INFO] Started server process [185]
[2026-03-29 01:53:39 +0000] [185] [INFO] Waiting for application startup.
[2026-03-29 01:53:39 +0000] [185] [INFO] Application startup complete.
[2026-03-29 01:53:39 +0000] [205] [INFO] Booting worker with pid: 205
[2026-03-29 01:53:39 +0000] [184] [INFO] Started server process [184]
[2026-03-29 01:53:39 +0000] [184] [INFO] Waiting for application startup.
[2026-03-29 01:53:39 +0000] [184] [INFO] Application startup complete.
[2026-03-29 01:53:39 +0000] [206] [INFO] Booting worker with pid: 206
[2026-03-29 01:53:39 +0000] [186] [INFO] Started server process [186]
[2026-03-29 01:53:39 +0000] [186] [INFO] Waiting for application startup.
[2026-03-29 01:53:39 +0000] [186] [INFO] Application startup complete.
[2026-03-29 01:53:39 +0000] [208] [INFO] Booting worker with pid: 208
[2026-03-29 01:53:39 +0000] [209] [INFO] Booting worker with pid: 209
[2026-03-29 01:53:39 +0000] [210] [INFO] Booting worker with pid: 210
[2026-03-29 01:53:39 +0000] [192] [INFO] Started server process [192]
[2026-03-29 01:53:39 +0000] [192] [INFO] Waiting for application startup.
[2026-03-29 01:53:39 +0000] [192] [INFO] Application startup complete.
[2026-03-29 01:53:39 +0000] [213] [INFO] Booting worker with pid: 213
[2026-03-29 01:53:39 +0000] [193] [INFO] Started server process [193]
[2026-03-29 01:53:39 +0000] [193] [INFO] Waiting for application startup.
[2026-03-29 01:53:39 +0000] [193] [INFO] Application startup complete.
[2026-03-29 01:53:39 +0000] [214] [INFO] Booting worker with pid: 214
[2026-03-29 01:53:39 +0000] [196] [INFO] Started server process [196]
[2026-03-29 01:53:39 +0000] [196] [INFO] Waiting for application startup.
[2026-03-29 01:53:39 +0000] [196] [INFO] Application startup complete.
[2026-03-29 01:53:39 +0000] [217] [INFO] Booting worker with pid: 217
[2026-03-29 01:53:39 +0000] [198] [INFO] Started server process [198]
[2026-03-29 01:53:39 +0000] [198] [INFO] Waiting for application startup.
[2026-03-29 01:53:39 +0000] [198] [INFO] Application startup complete.
[2026-03-29 01:53:39 +0000] [200] [INFO] Started server process [200]
[2026-03-29 01:53:39 +0000] [200] [INFO] Waiting for application startup.
[2026-03-29 01:53:39 +0000] [200] [INFO] Application startup complete.
[2026-03-29 01:53:39 +0000] [202] [INFO] Started server process [202]
[2026-03-29 01:53:39 +0000] [202] [INFO] Waiting for application startup.
[2026-03-29 01:53:39 +0000] [202] [INFO] Application startup complete.
[2026-03-29 01:53:39 +0000] [220] [INFO] Booting worker with pid: 220
[2026-03-29 01:53:39 +0000] [222] [INFO] Booting worker with pid: 222
[2026-03-29 01:53:39 +0000] [205] [INFO] Started server process [205]
[2026-03-29 01:53:39 +0000] [205] [INFO] Waiting for application startup.
[2026-03-29 01:53:39 +0000] [205] [INFO] Application startup complete.
[2026-03-29 01:53:39 +0000] [206] [INFO] Started server process [206]
[2026-03-29 01:53:39 +0000] [206] [INFO] Waiting for application startup.
[2026-03-29 01:53:39 +0000] [206] [INFO] Application startup complete.
[2026-03-29 01:53:39 +0000] [226] [INFO] Booting worker with pid: 226
[2026-03-29 01:53:39 +0000] [208] [INFO] Started server process [208]
[2026-03-29 01:53:39 +0000] [208] [INFO] Waiting for application startup.
[2026-03-29 01:53:39 +0000] [208] [INFO] Application startup complete.
[2026-03-29 01:53:39 +0000] [209] [INFO] Started server process [209]
[2026-03-29 01:53:39 +0000] [209] [INFO] Waiting for application startup.
[2026-03-29 01:53:39 +0000] [209] [INFO] Application startup complete.
[2026-03-29 01:53:39 +0000] [210] [INFO] Started server process [210]
[2026-03-29 01:53:39 +0000] [210] [INFO] Waiting for application startup.
[2026-03-29 01:53:39 +0000] [210] [INFO] Application startup complete.
[2026-03-29 01:53:40 +0000] [228] [INFO] Booting worker with pid: 228
[2026-03-29 01:53:40 +0000] [231] [INFO] Booting worker with pid: 231
[2026-03-29 01:53:40 +0000] [214] [INFO] Started server process [214]
[2026-03-29 01:53:40 +0000] [214] [INFO] Waiting for application startup.
[2026-03-29 01:53:40 +0000] [214] [INFO] Application startup complete.
[2026-03-29 01:53:40 +0000] [213] [INFO] Started server process [213]
[2026-03-29 01:53:40 +0000] [213] [INFO] Waiting for application startup.
[2026-03-29 01:53:40 +0000] [213] [INFO] Application startup complete.
[2026-03-29 01:53:40 +0000] [232] [INFO] Booting worker with pid: 232
[2026-03-29 01:53:40 +0000] [233] [INFO] Booting worker with pid: 233
[2026-03-29 01:53:40 +0000] [217] [INFO] Started server process [217]
[2026-03-29 01:53:40 +0000] [217] [INFO] Waiting for application startup.
[2026-03-29 01:53:40 +0000] [217] [INFO] Application startup complete.
[2026-03-29 01:53:40 +0000] [235] [INFO] Booting worker with pid: 235
[2026-03-29 01:53:40 +0000] [236] [INFO] Booting worker with pid: 236
[2026-03-29 01:53:40 +0000] [238] [INFO] Booting worker with pid: 238
[2026-03-29 01:53:40 +0000] [220] [INFO] Started server process [220]
[2026-03-29 01:53:40 +0000] [220] [INFO] Waiting for application startup.
[2026-03-29 01:53:40 +0000] [220] [INFO] Application startup complete.
[2026-03-29 01:53:40 +0000] [240] [INFO] Booting worker with pid: 240
[2026-03-29 01:53:40 +0000] [222] [INFO] Started server process [222]
[2026-03-29 01:53:40 +0000] [222] [INFO] Waiting for application startup.
[2026-03-29 01:53:40 +0000] [222] [INFO] Application startup complete.
[2026-03-29 01:53:40 +0000] [241] [INFO] Booting worker with pid: 241
[2026-03-29 01:53:40 +0000] [243] [INFO] Booting worker with pid: 243
[2026-03-29 01:53:40 +0000] [228] [INFO] Started server process [228]
[2026-03-29 01:53:40 +0000] [228] [INFO] Waiting for application startup.
[2026-03-29 01:53:40 +0000] [228] [INFO] Application startup complete.
[2026-03-29 01:53:40 +0000] [226] [INFO] Started server process [226]
[2026-03-29 01:53:40 +0000] [226] [INFO] Waiting for application startup.
[2026-03-29 01:53:40 +0000] [226] [INFO] Application startup complete.
[2026-03-29 01:53:40 +0000] [245] [INFO] Booting worker with pid: 245
[2026-03-29 01:53:40 +0000] [247] [INFO] Booting worker with pid: 247
[2026-03-29 01:53:40 +0000] [231] [INFO] Started server process [231]
[2026-03-29 01:53:40 +0000] [231] [INFO] Waiting for application startup.
[2026-03-29 01:53:40 +0000] [231] [INFO] Application startup complete.
[2026-03-29 01:53:40 +0000] [232] [INFO] Started server process [232]
[2026-03-29 01:53:40 +0000] [232] [INFO] Waiting for application startup.
[2026-03-29 01:53:40 +0000] [232] [INFO] Application startup complete.
[2026-03-29 01:53:40 +0000] [249] [INFO] Booting worker with pid: 249
[2026-03-29 01:53:40 +0000] [251] [INFO] Booting worker with pid: 251
[2026-03-29 01:53:40 +0000] [233] [INFO] Started server process [233]
[2026-03-29 01:53:40 +0000] [233] [INFO] Waiting for application startup.
[2026-03-29 01:53:40 +0000] [233] [INFO] Application startup complete.
[2026-03-29 01:53:40 +0000] [253] [INFO] Booting worker with pid: 253
[2026-03-29 01:53:40 +0000] [238] [INFO] Started server process [238]
[2026-03-29 01:53:40 +0000] [238] [INFO] Waiting for application startup.
[2026-03-29 01:53:40 +0000] [238] [INFO] Application startup complete.
[2026-03-29 01:53:40 +0000] [255] [INFO] Booting worker with pid: 255
[2026-03-29 01:53:40 +0000] [235] [INFO] Started server process [235]
[2026-03-29 01:53:40 +0000] [235] [INFO] Waiting for application startup.
[2026-03-29 01:53:40 +0000] [235] [INFO] Application startup complete.
[2026-03-29 01:53:40 +0000] [236] [INFO] Started server process [236]
[2026-03-29 01:53:40 +0000] [236] [INFO] Waiting for application startup.
[2026-03-29 01:53:40 +0000] [236] [INFO] Application startup complete.
[2026-03-29 01:53:40 +0000] [258] [INFO] Booting worker with pid: 258
[2026-03-29 01:53:41 +0000] [240] [INFO] Started server process [240]
[2026-03-29 01:53:41 +0000] [240] [INFO] Waiting for application startup.
[2026-03-29 01:53:41 +0000] [240] [INFO] Application startup complete.
[2026-03-29 01:53:41 +0000] [259] [INFO] Booting worker with pid: 259
[2026-03-29 01:53:41 +0000] [261] [INFO] Booting worker with pid: 261
[2026-03-29 01:53:41 +0000] [262] [INFO] Booting worker with pid: 262
[2026-03-29 01:53:41 +0000] [241] [INFO] Started server process [241]
[2026-03-29 01:53:41 +0000] [241] [INFO] Waiting for application startup.
[2026-03-29 01:53:41 +0000] [241] [INFO] Application startup complete.
[2026-03-29 01:53:41 +0000] [263] [INFO] Booting worker with pid: 263
[2026-03-29 01:53:41 +0000] [264] [INFO] Booting worker with pid: 264
[2026-03-29 01:53:41 +0000] [245] [INFO] Started server process [245]
[2026-03-29 01:53:41 +0000] [245] [INFO] Waiting for application startup.
[2026-03-29 01:53:41 +0000] [245] [INFO] Application startup complete.
[2026-03-29 01:53:41 +0000] [266] [INFO] Booting worker with pid: 266
[2026-03-29 01:53:41 +0000] [268] [INFO] Booting worker with pid: 268
[2026-03-29 01:53:41 +0000] [271] [INFO] Booting worker with pid: 271
[2026-03-29 01:53:41 +0000] [249] [INFO] Started server process [249]
[2026-03-29 01:53:41 +0000] [249] [INFO] Waiting for application startup.
[2026-03-29 01:53:41 +0000] [249] [INFO] Application startup complete.
[2026-03-29 01:53:41 +0000] [247] [INFO] Started server process [247]
[2026-03-29 01:53:41 +0000] [247] [INFO] Waiting for application startup.
[2026-03-29 01:53:41 +0000] [247] [INFO] Application startup complete.
[2026-03-29 01:53:41 +0000] [272] [INFO] Booting worker with pid: 272
[2026-03-29 01:53:41 +0000] [273] [INFO] Booting worker with pid: 273
[2026-03-29 01:53:41 +0000] [243] [INFO] Started server process [243]
[2026-03-29 01:53:41 +0000] [243] [INFO] Waiting for application startup.
[2026-03-29 01:53:41 +0000] [243] [INFO] Application startup complete.
[2026-03-29 01:53:41 +0000] [275] [INFO] Booting worker with pid: 275
[2026-03-29 01:53:41 +0000] [255] [INFO] Started server process [255]
[2026-03-29 01:53:41 +0000] [255] [INFO] Waiting for application startup.
[2026-03-29 01:53:41 +0000] [255] [INFO] Application startup complete.
[2026-03-29 01:53:41 +0000] [276] [INFO] Booting worker with pid: 276
[2026-03-29 01:53:41 +0000] [258] [INFO] Started server process [258]
[2026-03-29 01:53:41 +0000] [258] [INFO] Waiting for application startup.
[2026-03-29 01:53:41 +0000] [258] [INFO] Application startup complete.
[2026-03-29 01:53:41 +0000] [278] [INFO] Booting worker with pid: 278
[2026-03-29 01:53:41 +0000] [251] [INFO] Started server process [251]
[2026-03-29 01:53:41 +0000] [280] [INFO] Booting worker with pid: 280
[2026-03-29 01:53:41 +0000] [251] [INFO] Waiting for application startup.
[2026-03-29 01:53:41 +0000] [251] [INFO] Application startup complete.
[2026-03-29 01:53:41 +0000] [253] [INFO] Started server process [253]
[2026-03-29 01:53:41 +0000] [253] [INFO] Waiting for application startup.
[2026-03-29 01:53:41 +0000] [253] [INFO] Application startup complete.
[2026-03-29 01:53:41 +0000] [282] [INFO] Booting worker with pid: 282
[2026-03-29 01:53:41 +0000] [283] [INFO] Booting worker with pid: 283
[2026-03-29 01:53:41 +0000] [284] [INFO] Booting worker with pid: 284
[2026-03-29 01:53:41 +0000] [262] [INFO] Started server process [262]
[2026-03-29 01:53:41 +0000] [262] [INFO] Waiting for application startup.
[2026-03-29 01:53:41 +0000] [262] [INFO] Application startup complete.
[2026-03-29 01:53:41 +0000] [286] [INFO] Booting worker with pid: 286
[2026-03-29 01:53:41 +0000] [287] [INFO] Booting worker with pid: 287
[2026-03-29 01:53:41 +0000] [288] [INFO] Booting worker with pid: 288
[2026-03-29 01:53:41 +0000] [289] [INFO] Booting worker with pid: 289
[2026-03-29 01:53:41 +0000] [261] [INFO] Started server process [261]
[2026-03-29 01:53:41 +0000] [261] [INFO] Waiting for application startup.
[2026-03-29 01:53:41 +0000] [261] [INFO] Application startup complete.
[2026-03-29 01:53:41 +0000] [266] [INFO] Started server process [266]
[2026-03-29 01:53:41 +0000] [266] [INFO] Waiting for application startup.
[2026-03-29 01:53:41 +0000] [266] [INFO] Application startup complete.
[2026-03-29 01:53:41 +0000] [292] [INFO] Booting worker with pid: 292
[2026-03-29 01:53:42 +0000] [264] [INFO] Started server process [264]
[2026-03-29 01:53:42 +0000] [264] [INFO] Waiting for application startup.
[2026-03-29 01:53:42 +0000] [264] [INFO] Application startup complete.
[2026-03-29 01:53:42 +0000] [275] [INFO] Started server process [275]
[2026-03-29 01:53:42 +0000] [275] [INFO] Waiting for application startup.
[2026-03-29 01:53:42 +0000] [275] [INFO] Application startup complete.
[2026-03-29 01:53:42 +0000] [296] [INFO] Booting worker with pid: 296
[2026-03-29 01:53:42 +0000] [297] [INFO] Booting worker with pid: 297
[2026-03-29 01:53:42 +0000] [259] [INFO] Started server process [259]
[2026-03-29 01:53:42 +0000] [259] [INFO] Waiting for application startup.
[2026-03-29 01:53:42 +0000] [259] [INFO] Application startup complete.
[2026-03-29 01:53:42 +0000] [273] [INFO] Started server process [273]
[2026-03-29 01:53:42 +0000] [273] [INFO] Waiting for application startup.
[2026-03-29 01:53:42 +0000] [273] [INFO] Application startup complete.
[2026-03-29 01:53:42 +0000] [299] [INFO] Booting worker with pid: 299
[2026-03-29 01:53:42 +0000] [271] [INFO] Started server process [271]
[2026-03-29 01:53:42 +0000] [271] [INFO] Waiting for application startup.
[2026-03-29 01:53:42 +0000] [271] [INFO] Application startup complete.
[2026-03-29 01:53:42 +0000] [263] [INFO] Started server process [263]
[2026-03-29 01:53:42 +0000] [263] [INFO] Waiting for application startup.
[2026-03-29 01:53:42 +0000] [263] [INFO] Application startup complete.
[2026-03-29 01:53:42 +0000] [303] [INFO] Booting worker with pid: 303
[2026-03-29 01:53:42 +0000] [276] [INFO] Started server process [276]
[2026-03-29 01:53:42 +0000] [276] [INFO] Waiting for application startup.
[2026-03-29 01:53:42 +0000] [276] [INFO] Application startup complete.
[2026-03-29 01:53:42 +0000] [305] [INFO] Booting worker with pid: 305
[2026-03-29 01:53:42 +0000] [280] [INFO] Started server process [280]
[2026-03-29 01:53:42 +0000] [280] [INFO] Waiting for application startup.
[2026-03-29 01:53:42 +0000] [280] [INFO] Application startup complete.
[2026-03-29 01:53:42 +0000] [307] [INFO] Booting worker with pid: 307
[2026-03-29 01:53:42 +0000] [268] [INFO] Started server process [268]
[2026-03-29 01:53:42 +0000] [268] [INFO] Waiting for application startup.
[2026-03-29 01:53:42 +0000] [268] [INFO] Application startup complete.
[2026-03-29 01:53:42 +0000] [272] [INFO] Started server process [272]
[2026-03-29 01:53:42 +0000] [272] [INFO] Waiting for application startup.
[2026-03-29 01:53:42 +0000] [272] [INFO] Application startup complete.
[2026-03-29 01:53:42 +0000] [309] [INFO] Booting worker with pid: 309
[2026-03-29 01:53:42 +0000] [289] [INFO] Started server process [289]
[2026-03-29 01:53:42 +0000] [289] [INFO] Waiting for application startup.
[2026-03-29 01:53:42 +0000] [289] [INFO] Application startup complete.
[2026-03-29 01:53:42 +0000] [283] [INFO] Started server process [283]
[2026-03-29 01:53:42 +0000] [283] [INFO] Waiting for application startup.
[2026-03-29 01:53:42 +0000] [283] [INFO] Application startup complete.
[2026-03-29 01:53:42 +0000] [313] [INFO] Booting worker with pid: 313
[2026-03-29 01:53:42 +0000] [292] [INFO] Started server process [292]
[2026-03-29 01:53:42 +0000] [292] [INFO] Waiting for application startup.
[2026-03-29 01:53:42 +0000] [292] [INFO] Application startup complete.
[2026-03-29 01:53:42 +0000] [284] [INFO] Started server process [284]
[2026-03-29 01:53:42 +0000] [284] [INFO] Waiting for application startup.
[2026-03-29 01:53:42 +0000] [284] [INFO] Application startup complete.
[2026-03-29 01:53:42 +0000] [282] [INFO] Started server process [282]
[2026-03-29 01:53:42 +0000] [282] [INFO] Waiting for application startup.
[2026-03-29 01:53:42 +0000] [282] [INFO] Application startup complete.
[2026-03-29 01:53:42 +0000] [288] [INFO] Started server process [288]
[2026-03-29 01:53:42 +0000] [288] [INFO] Waiting for application startup.
[2026-03-29 01:53:42 +0000] [288] [INFO] Application startup complete.
[2026-03-29 01:53:42 +0000] [317] [INFO] Booting worker with pid: 317
[2026-03-29 01:53:42 +0000] [318] [INFO] Booting worker with pid: 318
[2026-03-29 01:53:42 +0000] [319] [INFO] Booting worker with pid: 319
[2026-03-29 01:53:42 +0000] [321] [INFO] Booting worker with pid: 321
[2026-03-29 01:53:42 +0000] [297] [INFO] Started server process [297]
[2026-03-29 01:53:42 +0000] [297] [INFO] Waiting for application startup.
[2026-03-29 01:53:42 +0000] [297] [INFO] Application startup complete.
[2026-03-29 01:53:42 +0000] [287] [INFO] Started server process [287]
[2026-03-29 01:53:42 +0000] [287] [INFO] Waiting for application startup.
[2026-03-29 01:53:42 +0000] [287] [INFO] Application startup complete.
[2026-03-29 01:53:42 +0000] [323] [INFO] Booting worker with pid: 323
[2026-03-29 01:53:42 +0000] [303] [INFO] Started server process [303]
[2026-03-29 01:53:42 +0000] [303] [INFO] Waiting for application startup.
[2026-03-29 01:53:42 +0000] [303] [INFO] Application startup complete.
[2026-03-29 01:53:42 +0000] [299] [INFO] Started server process [299]
[2026-03-29 01:53:42 +0000] [299] [INFO] Waiting for application startup.
[2026-03-29 01:53:42 +0000] [299] [INFO] Application startup complete.
[2026-03-29 01:53:43 +0000] [327] [INFO] Booting worker with pid: 327
[2026-03-29 01:53:43 +0000] [296] [INFO] Started server process [296]
[2026-03-29 01:53:43 +0000] [296] [INFO] Waiting for application startup.
[2026-03-29 01:53:43 +0000] [296] [INFO] Application startup complete.
[2026-03-29 01:53:43 +0000] [328] [INFO] Booting worker with pid: 328
[2026-03-29 01:53:43 +0000] [286] [INFO] Started server process [286]
[2026-03-29 01:53:43 +0000] [286] [INFO] Waiting for application startup.
[2026-03-29 01:53:43 +0000] [286] [INFO] Application startup complete.
[2026-03-29 01:53:43 +0000] [330] [INFO] Booting worker with pid: 330
[2026-03-29 01:53:43 +0000] [331] [INFO] Booting worker with pid: 331
[2026-03-29 01:53:43 +0000] [332] [INFO] Booting worker with pid: 332
[2026-03-29 01:53:43 +0000] [336] [INFO] Booting worker with pid: 336
[2026-03-29 01:53:43 +0000] [309] [INFO] Started server process [309]
[2026-03-29 01:53:43 +0000] [309] [INFO] Waiting for application startup.
[2026-03-29 01:53:43 +0000] [309] [INFO] Application startup complete.
[2026-03-29 01:53:43 +0000] [307] [INFO] Started server process [307]
[2026-03-29 01:53:43 +0000] [307] [INFO] Waiting for application startup.
[2026-03-29 01:53:43 +0000] [307] [INFO] Application startup complete.
[2026-03-29 01:53:43 +0000] [337] [INFO] Booting worker with pid: 337
[2026-03-29 01:53:43 +0000] [338] [INFO] Booting worker with pid: 338
[2026-03-29 01:53:43 +0000] [278] [INFO] Started server process [278]
[2026-03-29 01:53:43 +0000] [278] [INFO] Waiting for application startup.
[2026-03-29 01:53:43 +0000] [278] [INFO] Application startup complete.
[2026-03-29 01:53:43 +0000] [340] [INFO] Booting worker with pid: 340
[2026-03-29 01:53:43 +0000] [317] [INFO] Started server process [317]
[2026-03-29 01:53:43 +0000] [317] [INFO] Waiting for application startup.
[2026-03-29 01:53:43 +0000] [317] [INFO] Application startup complete.
[2026-03-29 01:53:43 +0000] [305] [INFO] Started server process [305]
[2026-03-29 01:53:43 +0000] [305] [INFO] Waiting for application startup.
[2026-03-29 01:53:43 +0000] [342] [INFO] Booting worker with pid: 342
[2026-03-29 01:53:43 +0000] [305] [INFO] Application startup complete.
[2026-03-29 01:53:43 +0000] [343] [INFO] Booting worker with pid: 343
[2026-03-29 01:53:43 +0000] [344] [INFO] Booting worker with pid: 344
[2026-03-29 01:53:43 +0000] [347] [INFO] Booting worker with pid: 347
[2026-03-29 01:53:43 +0000] [313] [INFO] Started server process [313]
[2026-03-29 01:53:43 +0000] [313] [INFO] Waiting for application startup.
[2026-03-29 01:53:43 +0000] [313] [INFO] Application startup complete.
[2026-03-29 01:53:43 +0000] [348] [INFO] Booting worker with pid: 348
[2026-03-29 01:53:43 +0000] [349] [INFO] Booting worker with pid: 349
[2026-03-29 01:53:43 +0000] [319] [INFO] Started server process [319]
[2026-03-29 01:53:43 +0000] [319] [INFO] Waiting for application startup.
[2026-03-29 01:53:43 +0000] [319] [INFO] Application startup complete.
[2026-03-29 01:53:43 +0000] [351] [INFO] Booting worker with pid: 351
[2026-03-29 01:53:43 +0000] [352] [INFO] Booting worker with pid: 352
[2026-03-29 01:53:43 +0000] [318] [INFO] Started server process [318]
[2026-03-29 01:53:43 +0000] [318] [INFO] Waiting for application startup.
[2026-03-29 01:53:43 +0000] [318] [INFO] Application startup complete.
[2026-03-29 01:53:43 +0000] [354] [INFO] Booting worker with pid: 354
[2026-03-29 01:53:43 +0000] [323] [INFO] Started server process [323]
[2026-03-29 01:53:43 +0000] [323] [INFO] Waiting for application startup.
[2026-03-29 01:53:43 +0000] [323] [INFO] Application startup complete.
[2026-03-29 01:53:43 +0000] [356] [INFO] Booting worker with pid: 356
[2026-03-29 01:53:43 +0000] [338] [INFO] Started server process [338]
[2026-03-29 01:53:43 +0000] [338] [INFO] Waiting for application startup.
[2026-03-29 01:53:43 +0000] [338] [INFO] Application startup complete.
[2026-03-29 01:53:43 +0000] [327] [INFO] Started server process [327]
[2026-03-29 01:53:43 +0000] [327] [INFO] Waiting for application startup.
[2026-03-29 01:53:43 +0000] [327] [INFO] Application startup complete.
[2026-03-29 01:53:44 +0000] [360] [INFO] Booting worker with pid: 360
[2026-03-29 01:53:44 +0000] [332] [INFO] Started server process [332]
[2026-03-29 01:53:44 +0000] [332] [INFO] Waiting for application startup.
[2026-03-29 01:53:44 +0000] [332] [INFO] Application startup complete.
[2026-03-29 01:53:44 +0000] [330] [INFO] Started server process [330]
[2026-03-29 01:53:44 +0000] [330] [INFO] Waiting for application startup.
[2026-03-29 01:53:44 +0000] [330] [INFO] Application startup complete.
[2026-03-29 01:53:44 +0000] [361] [INFO] Booting worker with pid: 361
[2026-03-29 01:53:44 +0000] [321] [INFO] Started server process [321]
[2026-03-29 01:53:44 +0000] [321] [INFO] Waiting for application startup.
[2026-03-29 01:53:44 +0000] [321] [INFO] Application startup complete.
[2026-03-29 01:53:44 +0000] [365] [INFO] Booting worker with pid: 365
[2026-03-29 01:53:44 +0000] [340] [INFO] Started server process [340]
[2026-03-29 01:53:44 +0000] [340] [INFO] Waiting for application startup.
[2026-03-29 01:53:44 +0000] [340] [INFO] Application startup complete.
[2026-03-29 01:53:44 +0000] [367] [INFO] Booting worker with pid: 367
[2026-03-29 01:53:44 +0000] [342] [INFO] Started server process [342]
[2026-03-29 01:53:44 +0000] [368] [INFO] Booting worker with pid: 368
[2026-03-29 01:53:44 +0000] [328] [INFO] Started server process [328]
[2026-03-29 01:53:44 +0000] [328] [INFO] Waiting for application startup.
[2026-03-29 01:53:44 +0000] [328] [INFO] Application startup complete.
[2026-03-29 01:53:44 +0000] [342] [INFO] Waiting for application startup.
[2026-03-29 01:53:44 +0000] [342] [INFO] Application startup complete.
[2026-03-29 01:53:44 +0000] [371] [INFO] Booting worker with pid: 371
[2026-03-29 01:53:44 +0000] [349] [INFO] Started server process [349]
[2026-03-29 01:53:44 +0000] [349] [INFO] Waiting for application startup.
[2026-03-29 01:53:44 +0000] [349] [INFO] Application startup complete.
[2026-03-29 01:53:44 +0000] [343] [INFO] Started server process [343]
[2026-03-29 01:53:44 +0000] [343] [INFO] Waiting for application startup.
[2026-03-29 01:53:44 +0000] [343] [INFO] Application startup complete.
[2026-03-29 01:53:44 +0000] [372] [INFO] Booting worker with pid: 372
[2026-03-29 01:53:44 +0000] [331] [INFO] Started server process [331]
[2026-03-29 01:53:44 +0000] [331] [INFO] Waiting for application startup.
[2026-03-29 01:53:44 +0000] [331] [INFO] Application startup complete.
[2026-03-29 01:53:44 +0000] [337] [INFO] Started server process [337]
[2026-03-29 01:53:44 +0000] [337] [INFO] Waiting for application startup.
[2026-03-29 01:53:44 +0000] [337] [INFO] Application startup complete.
[2026-03-29 01:53:44 +0000] [375] [INFO] Booting worker with pid: 375
[2026-03-29 01:53:44 +0000] [376] [INFO] Booting worker with pid: 376
[2026-03-29 01:53:44 +0000] [377] [INFO] Booting worker with pid: 377
[2026-03-29 01:53:44 +0000] [378] [INFO] Booting worker with pid: 378
[2026-03-29 01:53:44 +0000] [348] [INFO] Started server process [348]
[2026-03-29 01:53:44 +0000] [348] [INFO] Waiting for application startup.
[2026-03-29 01:53:44 +0000] [348] [INFO] Application startup complete.
[2026-03-29 01:53:44 +0000] [360] [INFO] Started server process [360]
[2026-03-29 01:53:44 +0000] [360] [INFO] Waiting for application startup.
[2026-03-29 01:53:44 +0000] [360] [INFO] Application startup complete.
[2026-03-29 01:53:44 +0000] [381] [INFO] Booting worker with pid: 381
[2026-03-29 01:53:44 +0000] [384] [INFO] Booting worker with pid: 384
[2026-03-29 01:53:44 +0000] [361] [INFO] Started server process [361]
[2026-03-29 01:53:44 +0000] [361] [INFO] Waiting for application startup.
[2026-03-29 01:53:44 +0000] [361] [INFO] Application startup complete.
[2026-03-29 01:53:44 +0000] [386] [INFO] Booting worker with pid: 386
[2026-03-29 01:53:44 +0000] [336] [INFO] Started server process [336]
[2026-03-29 01:53:44 +0000] [336] [INFO] Waiting for application startup.
[2026-03-29 01:53:44 +0000] [336] [INFO] Application startup complete.
[2026-03-29 01:53:44 +0000] [351] [INFO] Started server process [351]
[2026-03-29 01:53:44 +0000] [351] [INFO] Waiting for application startup.
[2026-03-29 01:53:44 +0000] [351] [INFO] Application startup complete.
[2026-03-29 01:53:45 +0000] [387] [INFO] Booting worker with pid: 387
[2026-03-29 01:53:45 +0000] [389] [INFO] Booting worker with pid: 389
[2026-03-29 01:53:45 +0000] [356] [INFO] Started server process [356]
[2026-03-29 01:53:45 +0000] [356] [INFO] Waiting for application startup.
[2026-03-29 01:53:45 +0000] [356] [INFO] Application startup complete.
[2026-03-29 01:53:45 +0000] [393] [INFO] Booting worker with pid: 393
[2026-03-29 01:53:45 +0000] [352] [INFO] Started server process [352]
[2026-03-29 01:53:45 +0000] [352] [INFO] Waiting for application startup.
[2026-03-29 01:53:45 +0000] [365] [INFO] Started server process [365]
[2026-03-29 01:53:45 +0000] [365] [INFO] Waiting for application startup.
[2026-03-29 01:53:45 +0000] [365] [INFO] Application startup complete.
[2026-03-29 01:53:45 +0000] [352] [INFO] Application startup complete.
[2026-03-29 01:53:45 +0000] [394] [INFO] Booting worker with pid: 394
[2026-03-29 01:53:45 +0000] [354] [INFO] Started server process [354]
[2026-03-29 01:53:45 +0000] [354] [INFO] Waiting for application startup.
[2026-03-29 01:53:45 +0000] [354] [INFO] Application startup complete.
[2026-03-29 01:53:45 +0000] [396] [INFO] Booting worker with pid: 396
[2026-03-29 01:53:45 +0000] [344] [INFO] Started server process [344]
[2026-03-29 01:53:45 +0000] [344] [INFO] Waiting for application startup.
[2026-03-29 01:53:45 +0000] [344] [INFO] Application startup complete.
[2026-03-29 01:53:45 +0000] [398] [INFO] Booting worker with pid: 398
[2026-03-29 01:53:45 +0000] [399] [INFO] Booting worker with pid: 399
[2026-03-29 01:53:45 +0000] [401] [INFO] Booting worker with pid: 401
[2026-03-29 01:53:45 +0000] [378] [INFO] Started server process [378]
[2026-03-29 01:53:45 +0000] [378] [INFO] Waiting for application startup.
[2026-03-29 01:53:45 +0000] [378] [INFO] Application startup complete.
[2026-03-29 01:53:45 +0000] [368] [INFO] Started server process [368]
[2026-03-29 01:53:45 +0000] [368] [INFO] Waiting for application startup.
[2026-03-29 01:53:45 +0000] [368] [INFO] Application startup complete.
[2026-03-29 01:53:45 +0000] [402] [INFO] Booting worker with pid: 402
[2026-03-29 01:53:45 +0000] [403] [INFO] Booting worker with pid: 403
[2026-03-29 01:53:45 +0000] [404] [INFO] Booting worker with pid: 404
[2026-03-29 01:53:45 +0000] [371] [INFO] Started server process [371]
[2026-03-29 01:53:45 +0000] [371] [INFO] Waiting for application startup.
[2026-03-29 01:53:45 +0000] [371] [INFO] Application startup complete.
[2026-03-29 01:53:45 +0000] [406] [INFO] Booting worker with pid: 406
[2026-03-29 01:53:45 +0000] [407] [INFO] Booting worker with pid: 407
[2026-03-29 01:53:45 +0000] [377] [INFO] Started server process [377]
[2026-03-29 01:53:45 +0000] [377] [INFO] Waiting for application startup.
[2026-03-29 01:53:45 +0000] [377] [INFO] Application startup complete.
[2026-03-29 01:53:45 +0000] [410] [INFO] Booting worker with pid: 410
[2026-03-29 01:53:45 +0000] [375] [INFO] Started server process [375]
[2026-03-29 01:53:45 +0000] [375] [INFO] Waiting for application startup.
[2026-03-29 01:53:45 +0000] [375] [INFO] Application startup complete.
[2026-03-29 01:53:45 +0000] [376] [INFO] Started server process [376]
[2026-03-29 01:53:45 +0000] [376] [INFO] Waiting for application startup.
[2026-03-29 01:53:45 +0000] [376] [INFO] Application startup complete.
[2026-03-29 01:53:45 +0000] [387] [INFO] Started server process [387]
[2026-03-29 01:53:45 +0000] [387] [INFO] Waiting for application startup.
[2026-03-29 01:53:45 +0000] [387] [INFO] Application startup complete.
[2026-03-29 01:53:45 +0000] [414] [INFO] Booting worker with pid: 414
[2026-03-29 01:53:45 +0000] [394] [INFO] Started server process [394]
[2026-03-29 01:53:45 +0000] [394] [INFO] Waiting for application startup.
[2026-03-29 01:53:45 +0000] [394] [INFO] Application startup complete.
[2026-03-29 01:53:45 +0000] [367] [INFO] Started server process [367]
[2026-03-29 01:53:45 +0000] [367] [INFO] Waiting for application startup.
[2026-03-29 01:53:45 +0000] [367] [INFO] Application startup complete.
[2026-03-29 01:53:45 +0000] [418] [INFO] Booting worker with pid: 418
[2026-03-29 01:53:46 +0000] [421] [INFO] Booting worker with pid: 421
[2026-03-29 01:53:46 +0000] [384] [INFO] Started server process [384]
[2026-03-29 01:53:46 +0000] [384] [INFO] Waiting for application startup.
[2026-03-29 01:53:46 +0000] [384] [INFO] Application startup complete.
[2026-03-29 01:53:46 +0000] [386] [INFO] Started server process [386]
[2026-03-29 01:53:46 +0000] [386] [INFO] Waiting for application startup.
[2026-03-29 01:53:46 +0000] [399] [INFO] Started server process [399]
[2026-03-29 01:53:46 +0000] [399] [INFO] Waiting for application startup.
[2026-03-29 01:53:46 +0000] [399] [INFO] Application startup complete.
[2026-03-29 01:53:46 +0000] [386] [INFO] Application startup complete.
[2026-03-29 01:53:46 +0000] [423] [INFO] Booting worker with pid: 423
[2026-03-29 01:53:46 +0000] [389] [INFO] Started server process [389]
[2026-03-29 01:53:46 +0000] [389] [INFO] Waiting for application startup.
[2026-03-29 01:53:46 +0000] [389] [INFO] Application startup complete.
[2026-03-29 01:53:46 +0000] [396] [INFO] Started server process [396]
[2026-03-29 01:53:46 +0000] [396] [INFO] Waiting for application startup.
[2026-03-29 01:53:46 +0000] [396] [INFO] Application startup complete.
[2026-03-29 01:53:46 +0000] [425] [INFO] Booting worker with pid: 425
[2026-03-29 01:53:46 +0000] [403] [INFO] Started server process [403]
[2026-03-29 01:53:46 +0000] [403] [INFO] Waiting for application startup.
[2026-03-29 01:53:46 +0000] [403] [INFO] Application startup complete.
[2026-03-29 01:53:46 +0000] [427] [INFO] Booting worker with pid: 427
[2026-03-29 01:53:46 +0000] [347] [INFO] Started server process [347]
[2026-03-29 01:53:46 +0000] [347] [INFO] Waiting for application startup.
[2026-03-29 01:53:46 +0000] [347] [INFO] Application startup complete.
[2026-03-29 01:53:46 +0000] [406] [INFO] Started server process [406]
[2026-03-29 01:53:46 +0000] [406] [INFO] Waiting for application startup.
[2026-03-29 01:53:46 +0000] [406] [INFO] Application startup complete.
[2026-03-29 01:53:46 +0000] [429] [INFO] Booting worker with pid: 429
[2026-03-29 01:53:46 +0000] [431] [INFO] Booting worker with pid: 431
[2026-03-29 01:53:46 +0000] [372] [INFO] Started server process [372]
[2026-03-29 01:53:46 +0000] [372] [INFO] Waiting for application startup.
[2026-03-29 01:53:46 +0000] [372] [INFO] Application startup complete.
[2026-03-29 01:53:46 +0000] [433] [INFO] Booting worker with pid: 433
[2026-03-29 01:53:46 +0000] [393] [INFO] Started server process [393]
[2026-03-29 01:53:46 +0000] [393] [INFO] Waiting for application startup.
[2026-03-29 01:53:46 +0000] [393] [INFO] Application startup complete.
[2026-03-29 01:53:46 +0000] [435] [INFO] Booting worker with pid: 435
[2026-03-29 01:53:46 +0000] [381] [INFO] Started server process [381]
[2026-03-29 01:53:46 +0000] [381] [INFO] Waiting for application startup.
[2026-03-29 01:53:46 +0000] [381] [INFO] Application startup complete.
[2026-03-29 01:53:46 +0000] [407] [INFO] Started server process [407]
[2026-03-29 01:53:46 +0000] [407] [INFO] Waiting for application startup.
[2026-03-29 01:53:46 +0000] [407] [INFO] Application startup complete.
[2026-03-29 01:53:46 +0000] [418] [INFO] Started server process [418]
[2026-03-29 01:53:46 +0000] [418] [INFO] Waiting for application startup.
[2026-03-29 01:53:46 +0000] [418] [INFO] Application startup complete.
[2026-03-29 01:53:46 +0000] [438] [INFO] Booting worker with pid: 438
[2026-03-29 01:53:46 +0000] [439] [INFO] Booting worker with pid: 439
[2026-03-29 01:53:46 +0000] [440] [INFO] Booting worker with pid: 440
[2026-03-29 01:53:46 +0000] [442] [INFO] Booting worker with pid: 442
[2026-03-29 01:53:47 +0000] [425] [INFO] Started server process [425]
[2026-03-29 01:53:47 +0000] [425] [INFO] Waiting for application startup.
[2026-03-29 01:53:47 +0000] [425] [INFO] Application startup complete.
[2026-03-29 01:53:47 +0000] [410] [INFO] Started server process [410]
[2026-03-29 01:53:47 +0000] [410] [INFO] Waiting for application startup.
[2026-03-29 01:53:47 +0000] [410] [INFO] Application startup complete.
[2026-03-29 01:53:47 +0000] [444] [INFO] Booting worker with pid: 444
[2026-03-29 01:53:47 +0000] [445] [INFO] Booting worker with pid: 445
[2026-03-29 01:53:47 +0000] [427] [INFO] Started server process [427]
[2026-03-29 01:53:47 +0000] [427] [INFO] Waiting for application startup.
[2026-03-29 01:53:47 +0000] [427] [INFO] Application startup complete.
[2026-03-29 01:53:47 +0000] [447] [INFO] Booting worker with pid: 447
[2026-03-29 01:53:47 +0000] [448] [INFO] Booting worker with pid: 448
[2026-03-29 01:53:47 +0000] [449] [INFO] Booting worker with pid: 449
[2026-03-29 01:53:47 +0000] [423] [INFO] Started server process [423]
[2026-03-29 01:53:47 +0000] [423] [INFO] Waiting for application startup.
[2026-03-29 01:53:47 +0000] [423] [INFO] Application startup complete.
[2026-03-29 01:53:47 +0000] [452] [INFO] Booting worker with pid: 452
[2026-03-29 01:53:47 +0000] [454] [INFO] Booting worker with pid: 454
[2026-03-29 01:53:47 +0000] [455] [INFO] Booting worker with pid: 455
[2026-03-29 01:53:47 +0000] [402] [INFO] Started server process [402]
[2026-03-29 01:53:47 +0000] [402] [INFO] Waiting for application startup.
[2026-03-29 01:53:47 +0000] [402] [INFO] Application startup complete.
[2026-03-29 01:53:47 +0000] [456] [INFO] Booting worker with pid: 456
[2026-03-29 01:53:47 +0000] [458] [INFO] Booting worker with pid: 458
[2026-03-29 01:53:47 +0000] [459] [INFO] Booting worker with pid: 459
[2026-03-29 01:53:47 +0000] [461] [INFO] Booting worker with pid: 461
[2026-03-29 01:53:47 +0000] [404] [INFO] Started server process [404]
[2026-03-29 01:53:47 +0000] [404] [INFO] Waiting for application startup.
[2026-03-29 01:53:47 +0000] [404] [INFO] Application startup complete.
[2026-03-29 01:53:47 +0000] [462] [INFO] Booting worker with pid: 462
[2026-03-29 01:53:47 +0000] [438] [INFO] Started server process [438]
[2026-03-29 01:53:47 +0000] [438] [INFO] Waiting for application startup.
[2026-03-29 01:53:47 +0000] [438] [INFO] Application startup complete.
[2026-03-29 01:53:47 +0000] [463] [INFO] Booting worker with pid: 463
[2026-03-29 01:53:47 +0000] [401] [INFO] Started server process [401]
[2026-03-29 01:53:47 +0000] [401] [INFO] Waiting for application startup.
[2026-03-29 01:53:47 +0000] [401] [INFO] Application startup complete.
[2026-03-29 01:53:47 +0000] [429] [INFO] Started server process [429]
[2026-03-29 01:53:47 +0000] [429] [INFO] Waiting for application startup.
[2026-03-29 01:53:47 +0000] [429] [INFO] Application startup complete.
[2026-03-29 01:53:47 +0000] [465] [INFO] Booting worker with pid: 465
[2026-03-29 01:53:47 +0000] [414] [INFO] Started server process [414]
[2026-03-29 01:53:47 +0000] [414] [INFO] Waiting for application startup.
[2026-03-29 01:53:47 +0000] [414] [INFO] Application startup complete.
[2026-03-29 01:53:47 +0000] [467] [INFO] Booting worker with pid: 467
[2026-03-29 01:53:48 +0000] [469] [INFO] Booting worker with pid: 469
[2026-03-29 01:53:48 +0000] [398] [INFO] Started server process [398]
[2026-03-29 01:53:48 +0000] [398] [INFO] Waiting for application startup.
[2026-03-29 01:53:48 +0000] [398] [INFO] Application startup complete.
[2026-03-29 01:53:48 +0000] [470] [INFO] Booting worker with pid: 470
[2026-03-29 01:53:48 +0000] [433] [INFO] Started server process [433]
[2026-03-29 01:53:48 +0000] [433] [INFO] Waiting for application startup.
[2026-03-29 01:53:48 +0000] [433] [INFO] Application startup complete.
[2026-03-29 01:53:48 +0000] [472] [INFO] Booting worker with pid: 472
[2026-03-29 01:53:48 +0000] [473] [INFO] Booting worker with pid: 473
[2026-03-29 01:53:48 +0000] [474] [INFO] Booting worker with pid: 474
[2026-03-29 01:53:48 +0000] [421] [INFO] Started server process [421]
[2026-03-29 01:53:48 +0000] [421] [INFO] Waiting for application startup.
[2026-03-29 01:53:48 +0000] [421] [INFO] Application startup complete.
[2026-03-29 01:53:48 +0000] [476] [INFO] Booting worker with pid: 476
[2026-03-29 01:53:48 +0000] [435] [INFO] Started server process [435]
[2026-03-29 01:53:48 +0000] [435] [INFO] Waiting for application startup.
[2026-03-29 01:53:48 +0000] [435] [INFO] Application startup complete.
[2026-03-29 01:53:48 +0000] [481] [INFO] Booting worker with pid: 481
[2026-03-29 01:53:48 +0000] [448] [INFO] Started server process [448]
[2026-03-29 01:53:48 +0000] [448] [INFO] Waiting for application startup.
[2026-03-29 01:53:48 +0000] [448] [INFO] Application startup complete.
[2026-03-29 01:53:48 +0000] [463] [INFO] Started server process [463]
[2026-03-29 01:53:48 +0000] [463] [INFO] Waiting for application startup.
[2026-03-29 01:53:48 +0000] [463] [INFO] Application startup complete.
[2026-03-29 01:53:48 +0000] [483] [INFO] Booting worker with pid: 483
[2026-03-29 01:53:48 +0000] [439] [INFO] Started server process [439]
[2026-03-29 01:53:48 +0000] [439] [INFO] Waiting for application startup.
[2026-03-29 01:53:48 +0000] [439] [INFO] Application startup complete.
[2026-03-29 01:53:48 +0000] [442] [INFO] Started server process [442]
[2026-03-29 01:53:48 +0000] [442] [INFO] Waiting for application startup.
[2026-03-29 01:53:48 +0000] [442] [INFO] Application startup complete.
[2026-03-29 01:53:48 +0000] [484] [INFO] Booting worker with pid: 484
[2026-03-29 01:53:48 +0000] [485] [INFO] Booting worker with pid: 485
[2026-03-29 01:53:48 +0000] [458] [INFO] Started server process [458]
[2026-03-29 01:53:48 +0000] [458] [INFO] Waiting for application startup.
[2026-03-29 01:53:48 +0000] [458] [INFO] Application startup complete.
[2026-03-29 01:53:48 +0000] [487] [INFO] Booting worker with pid: 487
[2026-03-29 01:53:48 +0000] [470] [INFO] Started server process [470]
[2026-03-29 01:53:48 +0000] [470] [INFO] Waiting for application startup.
[2026-03-29 01:53:48 +0000] [470] [INFO] Application startup complete.
[2026-03-29 01:53:49 +0000] [490] [INFO] Booting worker with pid: 490
[2026-03-29 01:53:49 +0000] [431] [INFO] Started server process [431]
[2026-03-29 01:53:49 +0000] [431] [INFO] Waiting for application startup.
[2026-03-29 01:53:49 +0000] [431] [INFO] Application startup complete.
[2026-03-29 01:53:49 +0000] [491] [INFO] Booting worker with pid: 491
[2026-03-29 01:53:49 +0000] [456] [INFO] Started server process [456]
[2026-03-29 01:53:49 +0000] [456] [INFO] Waiting for application startup.
[2026-03-29 01:53:49 +0000] [456] [INFO] Application startup complete.
[2026-03-29 01:53:49 +0000] [493] [INFO] Booting worker with pid: 493
[2026-03-29 01:53:49 +0000] [447] [INFO] Started server process [447]
[2026-03-29 01:53:49 +0000] [447] [INFO] Waiting for application startup.
[2026-03-29 01:53:49 +0000] [447] [INFO] Application startup complete.
[2026-03-29 01:53:49 +0000] [483] [INFO] Started server process [483]
[2026-03-29 01:53:49 +0000] [483] [INFO] Waiting for application startup.
[2026-03-29 01:53:49 +0000] [483] [INFO] Application startup complete.
[2026-03-29 01:53:49 +0000] [465] [INFO] Started server process [465]
[2026-03-29 01:53:49 +0000] [465] [INFO] Waiting for application startup.
[2026-03-29 01:53:49 +0000] [465] [INFO] Application startup complete.
[2026-03-29 01:53:49 +0000] [476] [INFO] Started server process [476]
[2026-03-29 01:53:49 +0000] [476] [INFO] Waiting for application startup.
[2026-03-29 01:53:49 +0000] [476] [INFO] Application startup complete.
[2026-03-29 01:53:49 +0000] [454] [INFO] Started server process [454]
[2026-03-29 01:53:49 +0000] [454] [INFO] Waiting for application startup.
[2026-03-29 01:53:49 +0000] [454] [INFO] Application startup complete.
[2026-03-29 01:53:49 +0000] [474] [INFO] Started server process [474]
[2026-03-29 01:53:49 +0000] [474] [INFO] Waiting for application startup.
[2026-03-29 01:53:49 +0000] [474] [INFO] Application startup complete.
[2026-03-29 01:53:49 +0000] [487] [INFO] Started server process [487]
[2026-03-29 01:53:49 +0000] [487] [INFO] Waiting for application startup.
[2026-03-29 01:53:49 +0000] [487] [INFO] Application startup complete.
[2026-03-29 01:53:49 +0000] [445] [INFO] Started server process [445]
[2026-03-29 01:53:49 +0000] [445] [INFO] Waiting for application startup.
[2026-03-29 01:53:49 +0000] [445] [INFO] Application startup complete.
[2026-03-29 01:53:49 +0000] [455] [INFO] Started server process [455]
[2026-03-29 01:53:49 +0000] [455] [INFO] Waiting for application startup.
[2026-03-29 01:53:49 +0000] [455] [INFO] Application startup complete.
[2026-03-29 01:53:49 +0000] [462] [INFO] Started server process [462]
[2026-03-29 01:53:49 +0000] [462] [INFO] Waiting for application startup.
[2026-03-29 01:53:49 +0000] [462] [INFO] Application startup complete.
[2026-03-29 01:53:49 +0000] [440] [INFO] Started server process [440]
[2026-03-29 01:53:49 +0000] [440] [INFO] Waiting for application startup.
[2026-03-29 01:53:49 +0000] [440] [INFO] Application startup complete.
[2026-03-29 01:53:50 +0000] [493] [INFO] Started server process [493]
[2026-03-29 01:53:50 +0000] [493] [INFO] Waiting for application startup.
[2026-03-29 01:53:50 +0000] [493] [INFO] Application startup complete.
[2026-03-29 01:53:50 +0000] [461] [INFO] Started server process [461]
[2026-03-29 01:53:50 +0000] [461] [INFO] Waiting for application startup.
[2026-03-29 01:53:50 +0000] [461] [INFO] Application startup complete.
[2026-03-29 01:53:50 +0000] [484] [INFO] Started server process [484]
[2026-03-29 01:53:50 +0000] [484] [INFO] Waiting for application startup.
[2026-03-29 01:53:50 +0000] [484] [INFO] Application startup complete.
[2026-03-29 01:53:50 +0000] [469] [INFO] Started server process [469]
[2026-03-29 01:53:50 +0000] [469] [INFO] Waiting for application startup.
[2026-03-29 01:53:50 +0000] [469] [INFO] Application startup complete.
[2026-03-29 01:53:50 +0000] [449] [INFO] Started server process [449]
[2026-03-29 01:53:50 +0000] [449] [INFO] Waiting for application startup.
[2026-03-29 01:53:50 +0000] [449] [INFO] Application startup complete.
[2026-03-29 01:53:50 +0000] [473] [INFO] Started server process [473]
[2026-03-29 01:53:50 +0000] [473] [INFO] Waiting for application startup.
[2026-03-29 01:53:50 +0000] [473] [INFO] Application startup complete.
[2026-03-29 01:53:50 +0000] [459] [INFO] Started server process [459]
[2026-03-29 01:53:50 +0000] [459] [INFO] Waiting for application startup.
[2026-03-29 01:53:50 +0000] [459] [INFO] Application startup complete.
[2026-03-29 01:53:50 +0000] [472] [INFO] Started server process [472]
[2026-03-29 01:53:50 +0000] [472] [INFO] Waiting for application startup.
[2026-03-29 01:53:50 +0000] [472] [INFO] Application startup complete.
[2026-03-29 01:53:50 +0000] [444] [INFO] Started server process [444]
[2026-03-29 01:53:50 +0000] [444] [INFO] Waiting for application startup.
[2026-03-29 01:53:50 +0000] [444] [INFO] Application startup complete.
[2026-03-29 01:53:50 +0000] [452] [INFO] Started server process [452]
[2026-03-29 01:53:50 +0000] [452] [INFO] Waiting for application startup.
[2026-03-29 01:53:50 +0000] [452] [INFO] Application startup complete.
[2026-03-29 01:53:50 +0000] [485] [INFO] Started server process [485]
[2026-03-29 01:53:50 +0000] [485] [INFO] Waiting for application startup.
[2026-03-29 01:53:50 +0000] [485] [INFO] Application startup complete.
[2026-03-29 01:53:50 +0000] [467] [INFO] Started server process [467]
[2026-03-29 01:53:50 +0000] [467] [INFO] Waiting for application startup.
[2026-03-29 01:53:50 +0000] [467] [INFO] Application startup complete.
[2026-03-29 01:53:50 +0000] [481] [INFO] Started server process [481]
[2026-03-29 01:53:50 +0000] [481] [INFO] Waiting for application startup.
[2026-03-29 01:53:50 +0000] [481] [INFO] Application startup complete.
[2026-03-29 01:53:50 +0000] [491] [INFO] Started server process [491]
[2026-03-29 01:53:50 +0000] [491] [INFO] Waiting for application startup.
[2026-03-29 01:53:50 +0000] [491] [INFO] Application startup complete.
[2026-03-29 01:53:50 +0000] [490] [INFO] Started server process [490]
[2026-03-29 01:53:50 +0000] [490] [INFO] Waiting for application startup.
[2026-03-29 01:53:50 +0000] [490] [INFO] Application startup complete.
[2026-03-29 01:54:07 +0000] [140] [ERROR] Exception in ASGI application
Traceback (most recent call last):
  File "/usr/local/lib/python3.13/site-packages/uvicorn/protocols/http/httptools_impl.py", line 409, in run_asgi
    result = await app(  # type: ignore[func-returns-value]
             ^^^^^^^^^^^^^^^^^^^^^^^^^^^^^^^^^^^^^^^^^^^^^^
        self.scope, self.receive, self.send
        ^^^^^^^^^^^^^^^^^^^^^^^^^^^^^^^^^^^
    )
    ^
  File "/usr/local/lib/python3.13/site-packages/uvicorn/middleware/proxy_headers.py", line 60, in __call__
    return await self.app(scope, receive, send)
           ^^^^^^^^^^^^^^^^^^^^^^^^^^^^^^^^^^^^
  File "/usr/local/lib/python3.13/site-packages/fastapi/applications.py", line 1054, in __call__
    await super().__call__(scope, receive, send)
  File "/usr/local/lib/python3.13/site-packages/starlette/applications.py", line 112, in __call__
    await self.middleware_stack(scope, receive, send)
  File "/usr/local/lib/python3.13/site-packages/starlette/middleware/errors.py", line 187, in __call__
    raise exc
  File "/usr/local/lib/python3.13/site-packages/starlette/middleware/errors.py", line 165, in __call__
    await self.app(scope, receive, _send)
  File "/usr/local/lib/python3.13/site-packages/starlette/middleware/exceptions.py", line 62, in __call__
    await wrap_app_handling_exceptions(self.app, conn)(scope, receive, send)
  File "/usr/local/lib/python3.13/site-packages/starlette/_exception_handler.py", line 53, in wrapped_app
    raise exc
  File "/usr/local/lib/python3.13/site-packages/starlette/_exception_handler.py", line 42, in wrapped_app
    await app(scope, receive, sender)
  File "/usr/local/lib/python3.13/site-packages/starlette/routing.py", line 714, in __call__
    await self.middleware_stack(scope, receive, send)
  File "/usr/local/lib/python3.13/site-packages/starlette/routing.py", line 734, in app
    await route.handle(scope, receive, send)
  File "/usr/local/lib/python3.13/site-packages/starlette/routing.py", line 288, in handle
    await self.app(scope, receive, send)
  File "/usr/local/lib/python3.13/site-packages/starlette/routing.py", line 76, in app
    await wrap_app_handling_exceptions(app, request)(scope, receive, send)
  File "/usr/local/lib/python3.13/site-packages/starlette/_exception_handler.py", line 53, in wrapped_app
    raise exc
  File "/usr/local/lib/python3.13/site-packages/starlette/_exception_handler.py", line 42, in wrapped_app
    await app(scope, receive, sender)
  File "/usr/local/lib/python3.13/site-packages/starlette/routing.py", line 73, in app
    response = await f(request)
               ^^^^^^^^^^^^^^^^
  File "/usr/local/lib/python3.13/site-packages/fastapi/routing.py", line 301, in app
    raw_response = await run_endpoint_function(
                   ^^^^^^^^^^^^^^^^^^^^^^^^^^^^
    ...<3 lines>...
    )
    ^
  File "/usr/local/lib/python3.13/site-packages/fastapi/routing.py", line 212, in run_endpoint_function
    return await dependant.call(**values)
           ^^^^^^^^^^^^^^^^^^^^^^^^^^^^^^
  File "/app/app.py", line 240, in upload_endpoint
    async for chunk in request.stream():
        size += len(chunk)
  File "/usr/local/lib/python3.13/site-packages/starlette/requests.py", line 235, in stream
    raise ClientDisconnect()
starlette.requests.ClientDisconnect
[2026-03-29 01:54:07 +0000] [108] [ERROR] Exception in ASGI application
Traceback (most recent call last):
  File "/usr/local/lib/python3.13/site-packages/uvicorn/protocols/http/httptools_impl.py", line 409, in run_asgi
    result = await app(  # type: ignore[func-returns-value]
             ^^^^^^^^^^^^^^^^^^^^^^^^^^^^^^^^^^^^^^^^^^^^^^
        self.scope, self.receive, self.send
        ^^^^^^^^^^^^^^^^^^^^^^^^^^^^^^^^^^^
    )
    ^
  File "/usr/local/lib/python3.13/site-packages/uvicorn/middleware/proxy_headers.py", line 60, in __call__
    return await self.app(scope, receive, send)
           ^^^^^^^^^^^^^^^^^^^^^^^^^^^^^^^^^^^^
  File "/usr/local/lib/python3.13/site-packages/fastapi/applications.py", line 1054, in __call__
    await super().__call__(scope, receive, send)
  File "/usr/local/lib/python3.13/site-packages/starlette/applications.py", line 112, in __call__
    await self.middleware_stack(scope, receive, send)
  File "/usr/local/lib/python3.13/site-packages/starlette/middleware/errors.py", line 187, in __call__
    raise exc
  File "/usr/local/lib/python3.13/site-packages/starlette/middleware/errors.py", line 165, in __call__
    await self.app(scope, receive, _send)
  File "/usr/local/lib/python3.13/site-packages/starlette/middleware/exceptions.py", line 62, in __call__
    await wrap_app_handling_exceptions(self.app, conn)(scope, receive, send)
  File "/usr/local/lib/python3.13/site-packages/starlette/_exception_handler.py", line 53, in wrapped_app
    raise exc
  File "/usr/local/lib/python3.13/site-packages/starlette/_exception_handler.py", line 42, in wrapped_app
    await app(scope, receive, sender)
  File "/usr/local/lib/python3.13/site-packages/starlette/routing.py", line 714, in __call__
    await self.middleware_stack(scope, receive, send)
  File "/usr/local/lib/python3.13/site-packages/starlette/routing.py", line 734, in app
    await route.handle(scope, receive, send)
  File "/usr/local/lib/python3.13/site-packages/starlette/routing.py", line 288, in handle
    await self.app(scope, receive, send)
  File "/usr/local/lib/python3.13/site-packages/starlette/routing.py", line 76, in app
    await wrap_app_handling_exceptions(app, request)(scope, receive, send)
  File "/usr/local/lib/python3.13/site-packages/starlette/_exception_handler.py", line 53, in wrapped_app
    raise exc
  File "/usr/local/lib/python3.13/site-packages/starlette/_exception_handler.py", line 42, in wrapped_app
    await app(scope, receive, sender)
  File "/usr/local/lib/python3.13/site-packages/starlette/routing.py", line 73, in app
    response = await f(request)
               ^^^^^^^^^^^^^^^^
  File "/usr/local/lib/python3.13/site-packages/fastapi/routing.py", line 301, in app
    raw_response = await run_endpoint_function(
                   ^^^^^^^^^^^^^^^^^^^^^^^^^^^^
    ...<3 lines>...
    )
    ^
  File "/usr/local/lib/python3.13/site-packages/fastapi/routing.py", line 212, in run_endpoint_function
    return await dependant.call(**values)
           ^^^^^^^^^^^^^^^^^^^^^^^^^^^^^^
  File "/app/app.py", line 240, in upload_endpoint
    async for chunk in request.stream():
        size += len(chunk)
  File "/usr/local/lib/python3.13/site-packages/starlette/requests.py", line 235, in stream
    raise ClientDisconnect()
starlette.requests.ClientDisconnect
[2026-03-29 01:54:07 +0000] [144] [ERROR] Exception in ASGI application
Traceback (most recent call last):
  File "/usr/local/lib/python3.13/site-packages/uvicorn/protocols/http/httptools_impl.py", line 409, in run_asgi
    result = await app(  # type: ignore[func-returns-value]
             ^^^^^^^^^^^^^^^^^^^^^^^^^^^^^^^^^^^^^^^^^^^^^^
        self.scope, self.receive, self.send
        ^^^^^^^^^^^^^^^^^^^^^^^^^^^^^^^^^^^
    )
    ^
  File "/usr/local/lib/python3.13/site-packages/uvicorn/middleware/proxy_headers.py", line 60, in __call__
    return await self.app(scope, receive, send)
           ^^^^^^^^^^^^^^^^^^^^^^^^^^^^^^^^^^^^
  File "/usr/local/lib/python3.13/site-packages/fastapi/applications.py", line 1054, in __call__
    await super().__call__(scope, receive, send)
  File "/usr/local/lib/python3.13/site-packages/starlette/applications.py", line 112, in __call__
    await self.middleware_stack(scope, receive, send)
  File "/usr/local/lib/python3.13/site-packages/starlette/middleware/errors.py", line 187, in __call__
    raise exc
  File "/usr/local/lib/python3.13/site-packages/starlette/middleware/errors.py", line 165, in __call__
    await self.app(scope, receive, _send)
  File "/usr/local/lib/python3.13/site-packages/starlette/middleware/exceptions.py", line 62, in __call__
    await wrap_app_handling_exceptions(self.app, conn)(scope, receive, send)
  File "/usr/local/lib/python3.13/site-packages/starlette/_exception_handler.py", line 53, in wrapped_app
    raise exc
  File "/usr/local/lib/python3.13/site-packages/starlette/_exception_handler.py", line 42, in wrapped_app
    await app(scope, receive, sender)
  File "/usr/local/lib/python3.13/site-packages/starlette/routing.py", line 714, in __call__
    await self.middleware_stack(scope, receive, send)
  File "/usr/local/lib/python3.13/site-packages/starlette/routing.py", line 734, in app
    await route.handle(scope, receive, send)
  File "/usr/local/lib/python3.13/site-packages/starlette/routing.py", line 288, in handle
    await self.app(scope, receive, send)
  File "/usr/local/lib/python3.13/site-packages/starlette/routing.py", line 76, in app
    await wrap_app_handling_exceptions(app, request)(scope, receive, send)
  File "/usr/local/lib/python3.13/site-packages/starlette/_exception_handler.py", line 53, in wrapped_app
    raise exc
  File "/usr/local/lib/python3.13/site-packages/starlette/_exception_handler.py", line 42, in wrapped_app
    await app(scope, receive, sender)
  File "/usr/local/lib/python3.13/site-packages/starlette/routing.py", line 73, in app
    response = await f(request)
               ^^^^^^^^^^^^^^^^
  File "/usr/local/lib/python3.13/site-packages/fastapi/routing.py", line 301, in app
    raw_response = await run_endpoint_function(
                   ^^^^^^^^^^^^^^^^^^^^^^^^^^^^
    ...<3 lines>...
    )
    ^
  File "/usr/local/lib/python3.13/site-packages/fastapi/routing.py", line 212, in run_endpoint_function
    return await dependant.call(**values)
           ^^^^^^^^^^^^^^^^^^^^^^^^^^^^^^
  File "/app/app.py", line 240, in upload_endpoint
    async for chunk in request.stream():
        size += len(chunk)
  File "/usr/local/lib/python3.13/site-packages/starlette/requests.py", line 235, in stream
    raise ClientDisconnect()
starlette.requests.ClientDisconnect
[2026-03-29 01:54:07 +0000] [185] [ERROR] Exception in ASGI application
Traceback (most recent call last):
  File "/usr/local/lib/python3.13/site-packages/uvicorn/protocols/http/httptools_impl.py", line 409, in run_asgi
    result = await app(  # type: ignore[func-returns-value]
             ^^^^^^^^^^^^^^^^^^^^^^^^^^^^^^^^^^^^^^^^^^^^^^
        self.scope, self.receive, self.send
        ^^^^^^^^^^^^^^^^^^^^^^^^^^^^^^^^^^^
    )
    ^
  File "/usr/local/lib/python3.13/site-packages/uvicorn/middleware/proxy_headers.py", line 60, in __call__
    return await self.app(scope, receive, send)
           ^^^^^^^^^^^^^^^^^^^^^^^^^^^^^^^^^^^^
  File "/usr/local/lib/python3.13/site-packages/fastapi/applications.py", line 1054, in __call__
    await super().__call__(scope, receive, send)
  File "/usr/local/lib/python3.13/site-packages/starlette/applications.py", line 112, in __call__
    await self.middleware_stack(scope, receive, send)
  File "/usr/local/lib/python3.13/site-packages/starlette/middleware/errors.py", line 187, in __call__
    raise exc
  File "/usr/local/lib/python3.13/site-packages/starlette/middleware/errors.py", line 165, in __call__
    await self.app(scope, receive, _send)
  File "/usr/local/lib/python3.13/site-packages/starlette/middleware/exceptions.py", line 62, in __call__
    await wrap_app_handling_exceptions(self.app, conn)(scope, receive, send)
  File "/usr/local/lib/python3.13/site-packages/starlette/_exception_handler.py", line 53, in wrapped_app
    raise exc
  File "/usr/local/lib/python3.13/site-packages/starlette/_exception_handler.py", line 42, in wrapped_app
    await app(scope, receive, sender)
  File "/usr/local/lib/python3.13/site-packages/starlette/routing.py", line 714, in __call__
    await self.middleware_stack(scope, receive, send)
  File "/usr/local/lib/python3.13/site-packages/starlette/routing.py", line 734, in app
    await route.handle(scope, receive, send)
  File "/usr/local/lib/python3.13/site-packages/starlette/routing.py", line 288, in handle
    await self.app(scope, receive, send)
  File "/usr/local/lib/python3.13/site-packages/starlette/routing.py", line 76, in app
    await wrap_app_handling_exceptions(app, request)(scope, receive, send)
  File "/usr/local/lib/python3.13/site-packages/starlette/_exception_handler.py", line 53, in wrapped_app
    raise exc
  File "/usr/local/lib/python3.13/site-packages/starlette/_exception_handler.py", line 42, in wrapped_app
    await app(scope, receive, sender)
  File "/usr/local/lib/python3.13/site-packages/starlette/routing.py", line 73, in app
    response = await f(request)
               ^^^^^^^^^^^^^^^^
  File "/usr/local/lib/python3.13/site-packages/fastapi/routing.py", line 301, in app
    raw_response = await run_endpoint_function(
                   ^^^^^^^^^^^^^^^^^^^^^^^^^^^^
    ...<3 lines>...
    )
    ^
  File "/usr/local/lib/python3.13/site-packages/fastapi/routing.py", line 212, in run_endpoint_function
    return await dependant.call(**values)
           ^^^^^^^^^^^^^^^^^^^^^^^^^^^^^^
  File "/app/app.py", line 240, in upload_endpoint
    async for chunk in request.stream():
        size += len(chunk)
  File "/usr/local/lib/python3.13/site-packages/starlette/requests.py", line 235, in stream
    raise ClientDisconnect()
starlette.requests.ClientDisconnect
[2026-03-29 01:54:07 +0000] [309] [ERROR] Exception in ASGI application
Traceback (most recent call last):
  File "/usr/local/lib/python3.13/site-packages/uvicorn/protocols/http/httptools_impl.py", line 409, in run_asgi
    result = await app(  # type: ignore[func-returns-value]
             ^^^^^^^^^^^^^^^^^^^^^^^^^^^^^^^^^^^^^^^^^^^^^^
        self.scope, self.receive, self.send
        ^^^^^^^^^^^^^^^^^^^^^^^^^^^^^^^^^^^
    )
    ^
  File "/usr/local/lib/python3.13/site-packages/uvicorn/middleware/proxy_headers.py", line 60, in __call__
    return await self.app(scope, receive, send)
           ^^^^^^^^^^^^^^^^^^^^^^^^^^^^^^^^^^^^
  File "/usr/local/lib/python3.13/site-packages/fastapi/applications.py", line 1054, in __call__
    await super().__call__(scope, receive, send)
  File "/usr/local/lib/python3.13/site-packages/starlette/applications.py", line 112, in __call__
    await self.middleware_stack(scope, receive, send)
  File "/usr/local/lib/python3.13/site-packages/starlette/middleware/errors.py", line 187, in __call__
    raise exc
  File "/usr/local/lib/python3.13/site-packages/starlette/middleware/errors.py", line 165, in __call__
    await self.app(scope, receive, _send)
  File "/usr/local/lib/python3.13/site-packages/starlette/middleware/exceptions.py", line 62, in __call__
    await wrap_app_handling_exceptions(self.app, conn)(scope, receive, send)
  File "/usr/local/lib/python3.13/site-packages/starlette/_exception_handler.py", line 53, in wrapped_app
    raise exc
  File "/usr/local/lib/python3.13/site-packages/starlette/_exception_handler.py", line 42, in wrapped_app
    await app(scope, receive, sender)
  File "/usr/local/lib/python3.13/site-packages/starlette/routing.py", line 714, in __call__
    await self.middleware_stack(scope, receive, send)
  File "/usr/local/lib/python3.13/site-packages/starlette/routing.py", line 734, in app
    await route.handle(scope, receive, send)
  File "/usr/local/lib/python3.13/site-packages/starlette/routing.py", line 288, in handle
    await self.app(scope, receive, send)
  File "/usr/local/lib/python3.13/site-packages/starlette/routing.py", line 76, in app
    await wrap_app_handling_exceptions(app, request)(scope, receive, send)
  File "/usr/local/lib/python3.13/site-packages/starlette/_exception_handler.py", line 53, in wrapped_app
    raise exc
  File "/usr/local/lib/python3.13/site-packages/starlette/_exception_handler.py", line 42, in wrapped_app
    await app(scope, receive, sender)
  File "/usr/local/lib/python3.13/site-packages/starlette/routing.py", line 73, in app
    response = await f(request)
               ^^^^^^^^^^^^^^^^
  File "/usr/local/lib/python3.13/site-packages/fastapi/routing.py", line 301, in app
    raw_response = await run_endpoint_function(
                   ^^^^^^^^^^^^^^^^^^^^^^^^^^^^
    ...<3 lines>...
    )
    ^
  File "/usr/local/lib/python3.13/site-packages/fastapi/routing.py", line 212, in run_endpoint_function
    return await dependant.call(**values)
           ^^^^^^^^^^^^^^^^^^^^^^^^^^^^^^
  File "/app/app.py", line 240, in upload_endpoint
    async for chunk in request.stream():
        size += len(chunk)
  File "/usr/local/lib/python3.13/site-packages/starlette/requests.py", line 235, in stream
    raise ClientDisconnect()
starlette.requests.ClientDisconnect
[2026-03-29 01:54:07 +0000] [484] [ERROR] Exception in ASGI application
Traceback (most recent call last):
  File "/usr/local/lib/python3.13/site-packages/uvicorn/protocols/http/httptools_impl.py", line 409, in run_asgi
    result = await app(  # type: ignore[func-returns-value]
             ^^^^^^^^^^^^^^^^^^^^^^^^^^^^^^^^^^^^^^^^^^^^^^
        self.scope, self.receive, self.send
        ^^^^^^^^^^^^^^^^^^^^^^^^^^^^^^^^^^^
    )
    ^
  File "/usr/local/lib/python3.13/site-packages/uvicorn/middleware/proxy_headers.py", line 60, in __call__
    return await self.app(scope, receive, send)
           ^^^^^^^^^^^^^^^^^^^^^^^^^^^^^^^^^^^^
  File "/usr/local/lib/python3.13/site-packages/fastapi/applications.py", line 1054, in __call__
    await super().__call__(scope, receive, send)
  File "/usr/local/lib/python3.13/site-packages/starlette/applications.py", line 112, in __call__
    await self.middleware_stack(scope, receive, send)
  File "/usr/local/lib/python3.13/site-packages/starlette/middleware/errors.py", line 187, in __call__
    raise exc
  File "/usr/local/lib/python3.13/site-packages/starlette/middleware/errors.py", line 165, in __call__
    await self.app(scope, receive, _send)
  File "/usr/local/lib/python3.13/site-packages/starlette/middleware/exceptions.py", line 62, in __call__
    await wrap_app_handling_exceptions(self.app, conn)(scope, receive, send)
  File "/usr/local/lib/python3.13/site-packages/starlette/_exception_handler.py", line 53, in wrapped_app
    raise exc
  File "/usr/local/lib/python3.13/site-packages/starlette/_exception_handler.py", line 42, in wrapped_app
    await app(scope, receive, sender)
  File "/usr/local/lib/python3.13/site-packages/starlette/routing.py", line 714, in __call__
    await self.middleware_stack(scope, receive, send)
  File "/usr/local/lib/python3.13/site-packages/starlette/routing.py", line 734, in app
    await route.handle(scope, receive, send)
  File "/usr/local/lib/python3.13/site-packages/starlette/routing.py", line 288, in handle
    await self.app(scope, receive, send)
  File "/usr/local/lib/python3.13/site-packages/starlette/routing.py", line 76, in app
    await wrap_app_handling_exceptions(app, request)(scope, receive, send)
  File "/usr/local/lib/python3.13/site-packages/starlette/_exception_handler.py", line 53, in wrapped_app
    raise exc
  File "/usr/local/lib/python3.13/site-packages/starlette/_exception_handler.py", line 42, in wrapped_app
    await app(scope, receive, sender)
  File "/usr/local/lib/python3.13/site-packages/starlette/routing.py", line 73, in app
    response = await f(request)
               ^^^^^^^^^^^^^^^^
  File "/usr/local/lib/python3.13/site-packages/fastapi/routing.py", line 301, in app
    raw_response = await run_endpoint_function(
                   ^^^^^^^^^^^^^^^^^^^^^^^^^^^^
    ...<3 lines>...
    )
    ^
  File "/usr/local/lib/python3.13/site-packages/fastapi/routing.py", line 212, in run_endpoint_function
    return await dependant.call(**values)
           ^^^^^^^^^^^^^^^^^^^^^^^^^^^^^^
  File "/app/app.py", line 240, in upload_endpoint
    async for chunk in request.stream():
        size += len(chunk)
  File "/usr/local/lib/python3.13/site-packages/starlette/requests.py", line 235, in stream
    raise ClientDisconnect()
starlette.requests.ClientDisconnect
[2026-03-29 01:54:07 +0000] [14] [ERROR] Exception in ASGI application
Traceback (most recent call last):
  File "/usr/local/lib/python3.13/site-packages/uvicorn/protocols/http/httptools_impl.py", line 409, in run_asgi
    result = await app(  # type: ignore[func-returns-value]
             ^^^^^^^^^^^^^^^^^^^^^^^^^^^^^^^^^^^^^^^^^^^^^^
        self.scope, self.receive, self.send
        ^^^^^^^^^^^^^^^^^^^^^^^^^^^^^^^^^^^
    )
    ^
  File "/usr/local/lib/python3.13/site-packages/uvicorn/middleware/proxy_headers.py", line 60, in __call__
    return await self.app(scope, receive, send)
           ^^^^^^^^^^^^^^^^^^^^^^^^^^^^^^^^^^^^
  File "/usr/local/lib/python3.13/site-packages/fastapi/applications.py", line 1054, in __call__
    await super().__call__(scope, receive, send)
  File "/usr/local/lib/python3.13/site-packages/starlette/applications.py", line 112, in __call__
    await self.middleware_stack(scope, receive, send)
  File "/usr/local/lib/python3.13/site-packages/starlette/middleware/errors.py", line 187, in __call__
    raise exc
  File "/usr/local/lib/python3.13/site-packages/starlette/middleware/errors.py", line 165, in __call__
    await self.app(scope, receive, _send)
  File "/usr/local/lib/python3.13/site-packages/starlette/middleware/exceptions.py", line 62, in __call__
    await wrap_app_handling_exceptions(self.app, conn)(scope, receive, send)
  File "/usr/local/lib/python3.13/site-packages/starlette/_exception_handler.py", line 53, in wrapped_app
    raise exc
  File "/usr/local/lib/python3.13/site-packages/starlette/_exception_handler.py", line 42, in wrapped_app
    await app(scope, receive, sender)
  File "/usr/local/lib/python3.13/site-packages/starlette/routing.py", line 714, in __call__
    await self.middleware_stack(scope, receive, send)
  File "/usr/local/lib/python3.13/site-packages/starlette/routing.py", line 734, in app
    await route.handle(scope, receive, send)
  File "/usr/local/lib/python3.13/site-packages/starlette/routing.py", line 288, in handle
    await self.app(scope, receive, send)
  File "/usr/local/lib/python3.13/site-packages/starlette/routing.py", line 76, in app
    await wrap_app_handling_exceptions(app, request)(scope, receive, send)
  File "/usr/local/lib/python3.13/site-packages/starlette/_exception_handler.py", line 53, in wrapped_app
    raise exc
  File "/usr/local/lib/python3.13/site-packages/starlette/_exception_handler.py", line 42, in wrapped_app
    await app(scope, receive, sender)
  File "/usr/local/lib/python3.13/site-packages/starlette/routing.py", line 73, in app
    response = await f(request)
               ^^^^^^^^^^^^^^^^
  File "/usr/local/lib/python3.13/site-packages/fastapi/routing.py", line 301, in app
    raw_response = await run_endpoint_function(
                   ^^^^^^^^^^^^^^^^^^^^^^^^^^^^
    ...<3 lines>...
    )
    ^
  File "/usr/local/lib/python3.13/site-packages/fastapi/routing.py", line 212, in run_endpoint_function
    return await dependant.call(**values)
           ^^^^^^^^^^^^^^^^^^^^^^^^^^^^^^
  File "/app/app.py", line 240, in upload_endpoint
    async for chunk in request.stream():
        size += len(chunk)
  File "/usr/local/lib/python3.13/site-packages/starlette/requests.py", line 235, in stream
    raise ClientDisconnect()
starlette.requests.ClientDisconnect
[2026-03-29 01:54:25 +0000] [343] [ERROR] Exception in ASGI application
Traceback (most recent call last):
  File "/usr/local/lib/python3.13/site-packages/uvicorn/protocols/http/httptools_impl.py", line 409, in run_asgi
    result = await app(  # type: ignore[func-returns-value]
             ^^^^^^^^^^^^^^^^^^^^^^^^^^^^^^^^^^^^^^^^^^^^^^
        self.scope, self.receive, self.send
        ^^^^^^^^^^^^^^^^^^^^^^^^^^^^^^^^^^^
    )
    ^
  File "/usr/local/lib/python3.13/site-packages/uvicorn/middleware/proxy_headers.py", line 60, in __call__
    return await self.app(scope, receive, send)
           ^^^^^^^^^^^^^^^^^^^^^^^^^^^^^^^^^^^^
  File "/usr/local/lib/python3.13/site-packages/fastapi/applications.py", line 1054, in __call__
    await super().__call__(scope, receive, send)
  File "/usr/local/lib/python3.13/site-packages/starlette/applications.py", line 112, in __call__
    await self.middleware_stack(scope, receive, send)
  File "/usr/local/lib/python3.13/site-packages/starlette/middleware/errors.py", line 187, in __call__
    raise exc
  File "/usr/local/lib/python3.13/site-packages/starlette/middleware/errors.py", line 165, in __call__
    await self.app(scope, receive, _send)
  File "/usr/local/lib/python3.13/site-packages/starlette/middleware/exceptions.py", line 62, in __call__
    await wrap_app_handling_exceptions(self.app, conn)(scope, receive, send)
  File "/usr/local/lib/python3.13/site-packages/starlette/_exception_handler.py", line 53, in wrapped_app
    raise exc
  File "/usr/local/lib/python3.13/site-packages/starlette/_exception_handler.py", line 42, in wrapped_app
    await app(scope, receive, sender)
  File "/usr/local/lib/python3.13/site-packages/starlette/routing.py", line 714, in __call__
    await self.middleware_stack(scope, receive, send)
  File "/usr/local/lib/python3.13/site-packages/starlette/routing.py", line 734, in app
    await route.handle(scope, receive, send)
  File "/usr/local/lib/python3.13/site-packages/starlette/routing.py", line 288, in handle
    await self.app(scope, receive, send)
  File "/usr/local/lib/python3.13/site-packages/starlette/routing.py", line 76, in app
    await wrap_app_handling_exceptions(app, request)(scope, receive, send)
  File "/usr/local/lib/python3.13/site-packages/starlette/_exception_handler.py", line 53, in wrapped_app
    raise exc
  File "/usr/local/lib/python3.13/site-packages/starlette/_exception_handler.py", line 42, in wrapped_app
    await app(scope, receive, sender)
  File "/usr/local/lib/python3.13/site-packages/starlette/routing.py", line 73, in app
    response = await f(request)
               ^^^^^^^^^^^^^^^^
  File "/usr/local/lib/python3.13/site-packages/fastapi/routing.py", line 301, in app
    raw_response = await run_endpoint_function(
                   ^^^^^^^^^^^^^^^^^^^^^^^^^^^^
    ...<3 lines>...
    )
    ^
  File "/usr/local/lib/python3.13/site-packages/fastapi/routing.py", line 212, in run_endpoint_function
    return await dependant.call(**values)
           ^^^^^^^^^^^^^^^^^^^^^^^^^^^^^^
  File "/app/app.py", line 240, in upload_endpoint
    async for chunk in request.stream():
        size += len(chunk)
  File "/usr/local/lib/python3.13/site-packages/starlette/requests.py", line 235, in stream
    raise ClientDisconnect()
starlette.requests.ClientDisconnect
