[1] Puma starting in cluster mode...
[1] * Puma version: 6.6.1 ("Return to Forever")
[1] * Ruby version: ruby 3.4.9 (2026-03-11 revision 76cca827ab) +YJIT +PRISM [x86_64-linux]
[1] *  Min threads: 4
[1] *  Max threads: 4
[1] *  Environment: development
[1] *   Master PID: 1
[1] *      Workers: 128
[1] *     Restarts: (✔) hot (✖) phased (✖) refork
[1] * Preloading application
[1] * Listening on http://0.0.0.0:8080
[1] Use Ctrl-C to stop
[1] - Worker 0 (PID: 8) booted in 0.21s, phase: 0
[1] - Worker 1 (PID: 11) booted in 0.21s, phase: 0
[1] - Worker 2 (PID: 18) booted in 0.21s, phase: 0
[1] - Worker 3 (PID: 25) booted in 0.21s, phase: 0
[1] - Worker 4 (PID: 38) booted in 0.21s, phase: 0
[1] - Worker 5 (PID: 51) booted in 0.21s, phase: 0
[1] - Worker 6 (PID: 63) booted in 0.21s, phase: 0
[1] - Worker 7 (PID: 72) booted in 0.21s, phase: 0
[1] - Worker 8 (PID: 87) booted in 0.21s, phase: 0
[1] - Worker 9 (PID: 99) booted in 0.2s, phase: 0
[1] - Worker 10 (PID: 111) booted in 0.2s, phase: 0
[1] - Worker 11 (PID: 123) booted in 0.2s, phase: 0
[1] - Worker 12 (PID: 136) booted in 0.2s, phase: 0
[1] - Worker 13 (PID: 147) booted in 0.2s, phase: 0
[1] - Worker 14 (PID: 171) booted in 0.19s, phase: 0
[1] - Worker 15 (PID: 175) booted in 0.19s, phase: 0
[1] - Worker 16 (PID: 187) booted in 0.19s, phase: 0
[1] - Worker 17 (PID: 195) booted in 0.19s, phase: 0
[1] - Worker 18 (PID: 206) booted in 0.19s, phase: 0
[1] - Worker 19 (PID: 219) booted in 0.19s, phase: 0
[1] - Worker 20 (PID: 231) booted in 0.19s, phase: 0
[1] - Worker 21 (PID: 241) booted in 0.19s, phase: 0
[1] - Worker 22 (PID: 255) booted in 0.19s, phase: 0
[1] - Worker 23 (PID: 266) booted in 0.19s, phase: 0
[1] - Worker 24 (PID: 277) booted in 0.19s, phase: 0
[1] - Worker 25 (PID: 289) booted in 0.18s, phase: 0
[1] - Worker 26 (PID: 304) booted in 0.18s, phase: 0
[1] - Worker 27 (PID: 311) booted in 0.18s, phase: 0
[1] - Worker 28 (PID: 323) booted in 0.18s, phase: 0
[1] - Worker 29 (PID: 344) booted in 0.18s, phase: 0
[1] - Worker 30 (PID: 364) booted in 0.17s, phase: 0
[1] - Worker 31 (PID: 367) booted in 0.17s, phase: 0
[1] - Worker 32 (PID: 373) booted in 0.17s, phase: 0
[1] - Worker 33 (PID: 383) booted in 0.17s, phase: 0
[1] - Worker 34 (PID: 392) booted in 0.17s, phase: 0
[1] - Worker 35 (PID: 408) booted in 0.17s, phase: 0
[1] - Worker 36 (PID: 419) booted in 0.16s, phase: 0
[1] - Worker 37 (PID: 427) booted in 0.16s, phase: 0
[1] - Worker 38 (PID: 438) booted in 0.16s, phase: 0
[1] - Worker 39 (PID: 451) booted in 0.16s, phase: 0
[1] - Worker 40 (PID: 459) booted in 0.16s, phase: 0
[1] - Worker 41 (PID: 471) booted in 0.16s, phase: 0
[1] - Worker 42 (PID: 483) booted in 0.16s, phase: 0
[1] - Worker 43 (PID: 494) booted in 0.16s, phase: 0
[1] - Worker 44 (PID: 505) booted in 0.15s, phase: 0
[1] - Worker 45 (PID: 514) booted in 0.15s, phase: 0
[1] - Worker 46 (PID: 527) booted in 0.15s, phase: 0
[1] - Worker 47 (PID: 539) booted in 0.15s, phase: 0
[1] - Worker 48 (PID: 551) booted in 0.15s, phase: 0
[1] - Worker 49 (PID: 566) booted in 0.15s, phase: 0
[1] - Worker 50 (PID: 578) booted in 0.15s, phase: 0
[1] - Worker 51 (PID: 590) booted in 0.15s, phase: 0
[1] - Worker 52 (PID: 598) booted in 0.14s, phase: 0
[1] - Worker 53 (PID: 610) booted in 0.14s, phase: 0
[1] - Worker 54 (PID: 638) booted in 0.14s, phase: 0
[1] - Worker 55 (PID: 651) booted in 0.14s, phase: 0
[1] - Worker 56 (PID: 658) booted in 0.14s, phase: 0
[1] - Worker 57 (PID: 670) booted in 0.14s, phase: 0
[1] - Worker 58 (PID: 682) booted in 0.13s, phase: 0
[1] - Worker 59 (PID: 692) booted in 0.13s, phase: 0
[1] - Worker 60 (PID: 706) booted in 0.13s, phase: 0
[1] - Worker 61 (PID: 718) booted in 0.13s, phase: 0
[1] - Worker 62 (PID: 734) booted in 0.13s, phase: 0
[1] - Worker 63 (PID: 743) booted in 0.13s, phase: 0
[1] - Worker 64 (PID: 753) booted in 0.12s, phase: 0
[1] - Worker 65 (PID: 759) booted in 0.12s, phase: 0
[1] - Worker 66 (PID: 773) booted in 0.12s, phase: 0
[1] - Worker 67 (PID: 780) booted in 0.12s, phase: 0
[1] - Worker 68 (PID: 798) booted in 0.12s, phase: 0
[1] - Worker 69 (PID: 810) booted in 0.12s, phase: 0
[1] - Worker 70 (PID: 822) booted in 0.12s, phase: 0
[1] - Worker 71 (PID: 834) booted in 0.12s, phase: 0
[1] - Worker 72 (PID: 848) booted in 0.11s, phase: 0
[1] - Worker 73 (PID: 863) booted in 0.11s, phase: 0
[1] - Worker 74 (PID: 875) booted in 0.11s, phase: 0
[1] - Worker 75 (PID: 887) booted in 0.11s, phase: 0
[1] - Worker 76 (PID: 899) booted in 0.11s, phase: 0
[1] - Worker 77 (PID: 911) booted in 0.11s, phase: 0
[1] - Worker 78 (PID: 923) booted in 0.11s, phase: 0
[1] - Worker 79 (PID: 935) booted in 0.1s, phase: 0
[1] - Worker 80 (PID: 947) booted in 0.1s, phase: 0
[1] - Worker 81 (PID: 954) booted in 0.1s, phase: 0
[1] - Worker 82 (PID: 969) booted in 0.1s, phase: 0
[1] - Worker 83 (PID: 979) booted in 0.1s, phase: 0
[1] - Worker 84 (PID: 994) booted in 0.1s, phase: 0
[1] - Worker 85 (PID: 1003) booted in 0.1s, phase: 0
[1] - Worker 86 (PID: 1012) booted in 0.1s, phase: 0
[1] - Worker 87 (PID: 1026) booted in 0.09s, phase: 0
[1] - Worker 88 (PID: 1041) booted in 0.09s, phase: 0
[1] - Worker 89 (PID: 1052) booted in 0.09s, phase: 0
[1] - Worker 90 (PID: 1063) booted in 0.09s, phase: 0
[1] - Worker 91 (PID: 1076) booted in 0.09s, phase: 0
[1] - Worker 92 (PID: 1088) booted in 0.09s, phase: 0
[1] - Worker 93 (PID: 1102) booted in 0.09s, phase: 0
[1] - Worker 94 (PID: 1112) booted in 0.09s, phase: 0
[1] - Worker 95 (PID: 1124) booted in 0.08s, phase: 0
[1] - Worker 96 (PID: 1138) booted in 0.08s, phase: 0
[1] - Worker 97 (PID: 1150) booted in 0.08s, phase: 0
[1] - Worker 98 (PID: 1163) booted in 0.08s, phase: 0
[1] - Worker 99 (PID: 1174) booted in 0.08s, phase: 0
[1] - Worker 100 (PID: 1186) booted in 0.08s, phase: 0
[1] - Worker 101 (PID: 1199) booted in 0.08s, phase: 0
[1] - Worker 102 (PID: 1211) booted in 0.08s, phase: 0
[1] - Worker 103 (PID: 1220) booted in 0.07s, phase: 0
[1] - Worker 104 (PID: 1227) booted in 0.07s, phase: 0
[1] - Worker 105 (PID: 1238) booted in 0.07s, phase: 0
[1] - Worker 106 (PID: 1255) booted in 0.07s, phase: 0
[1] - Worker 107 (PID: 1266) booted in 0.07s, phase: 0
[1] - Worker 108 (PID: 1283) booted in 0.07s, phase: 0
[1] - Worker 109 (PID: 1295) booted in 0.07s, phase: 0
[1] - Worker 110 (PID: 1307) booted in 0.07s, phase: 0
[1] - Worker 111 (PID: 1318) booted in 0.06s, phase: 0
[1] - Worker 112 (PID: 1328) booted in 0.06s, phase: 0
[1] - Worker 113 (PID: 1341) booted in 0.06s, phase: 0
[1] - Worker 114 (PID: 1354) booted in 0.06s, phase: 0
[1] - Worker 115 (PID: 1364) booted in 0.06s, phase: 0
[1] - Worker 116 (PID: 1376) booted in 0.06s, phase: 0
[1] - Worker 117 (PID: 1387) booted in 0.06s, phase: 0
[1] - Worker 118 (PID: 1403) booted in 0.06s, phase: 0
[1] - Worker 119 (PID: 1415) booted in 0.05s, phase: 0
[1] - Worker 120 (PID: 1430) booted in 0.05s, phase: 0
[1] - Worker 121 (PID: 1440) booted in 0.05s, phase: 0
[1] - Worker 122 (PID: 1452) booted in 0.05s, phase: 0
[1] - Worker 123 (PID: 1463) booted in 0.05s, phase: 0
[1] - Worker 124 (PID: 1475) booted in 0.05s, phase: 0
[1] - Worker 125 (PID: 1482) booted in 0.05s, phase: 0
[1] - Worker 126 (PID: 1494) booted in 0.04s, phase: 0
[1] - Worker 127 (PID: 1512) booted in 0.04s, phase: 0
