[2026-04-06 02:05:33 +0000] [1] [INFO] Starting gunicorn 23.0.0
[2026-04-06 02:05:33 +0000] [1] [INFO] Listening at: http://0.0.0.0:8080 (1)
[2026-04-06 02:05:33 +0000] [1] [INFO] Using worker: uvicorn.workers.UvicornWorker
[2026-04-06 02:05:33 +0000] [7] [INFO] Booting worker with pid: 7
[2026-04-06 02:05:33 +0000] [8] [INFO] Booting worker with pid: 8
[2026-04-06 02:05:33 +0000] [9] [INFO] Booting worker with pid: 9
[2026-04-06 02:05:33 +0000] [10] [INFO] Booting worker with pid: 10
[2026-04-06 02:05:33 +0000] [11] [INFO] Booting worker with pid: 11
[2026-04-06 02:05:33 +0000] [12] [INFO] Booting worker with pid: 12
[2026-04-06 02:05:33 +0000] [15] [INFO] Booting worker with pid: 15
[2026-04-06 02:05:33 +0000] [7] [INFO] Started server process [7]
[2026-04-06 02:05:33 +0000] [7] [INFO] Waiting for application startup.
[2026-04-06 02:05:33 +0000] [8] [INFO] Started server process [8]
[2026-04-06 02:05:33 +0000] [8] [INFO] Waiting for application startup.
[2026-04-06 02:05:33 +0000] [7] [INFO] Application startup complete.
[2026-04-06 02:05:33 +0000] [8] [INFO] Application startup complete.
[2026-04-06 02:05:33 +0000] [24] [INFO] Booting worker with pid: 24
[2026-04-06 02:05:33 +0000] [25] [INFO] Booting worker with pid: 25
[2026-04-06 02:05:33 +0000] [27] [INFO] Booting worker with pid: 27
[2026-04-06 02:05:33 +0000] [9] [INFO] Started server process [9]
[2026-04-06 02:05:33 +0000] [9] [INFO] Waiting for application startup.
[2026-04-06 02:05:33 +0000] [9] [INFO] Application startup complete.
[2026-04-06 02:05:33 +0000] [34] [INFO] Booting worker with pid: 34
[2026-04-06 02:05:33 +0000] [10] [INFO] Started server process [10]
[2026-04-06 02:05:33 +0000] [10] [INFO] Waiting for application startup.
[2026-04-06 02:05:33 +0000] [10] [INFO] Application startup complete.
[2026-04-06 02:05:33 +0000] [11] [INFO] Started server process [11]
[2026-04-06 02:05:33 +0000] [11] [INFO] Waiting for application startup.
[2026-04-06 02:05:33 +0000] [11] [INFO] Application startup complete.
[2026-04-06 02:05:33 +0000] [12] [INFO] Started server process [12]
[2026-04-06 02:05:33 +0000] [12] [INFO] Waiting for application startup.
[2026-04-06 02:05:33 +0000] [12] [INFO] Application startup complete.
[2026-04-06 02:05:33 +0000] [48] [INFO] Booting worker with pid: 48
[2026-04-06 02:05:33 +0000] [50] [INFO] Booting worker with pid: 50
[2026-04-06 02:05:33 +0000] [15] [INFO] Started server process [15]
[2026-04-06 02:05:33 +0000] [15] [INFO] Waiting for application startup.
[2026-04-06 02:05:33 +0000] [15] [INFO] Application startup complete.
[2026-04-06 02:05:33 +0000] [57] [INFO] Booting worker with pid: 57
[2026-04-06 02:05:33 +0000] [25] [INFO] Started server process [25]
[2026-04-06 02:05:33 +0000] [24] [INFO] Started server process [24]
[2026-04-06 02:05:33 +0000] [25] [INFO] Waiting for application startup.
[2026-04-06 02:05:33 +0000] [24] [INFO] Waiting for application startup.
[2026-04-06 02:05:33 +0000] [25] [INFO] Application startup complete.
[2026-04-06 02:05:33 +0000] [24] [INFO] Application startup complete.
[2026-04-06 02:05:33 +0000] [27] [INFO] Started server process [27]
[2026-04-06 02:05:33 +0000] [27] [INFO] Waiting for application startup.
[2026-04-06 02:05:33 +0000] [27] [INFO] Application startup complete.
[2026-04-06 02:05:33 +0000] [71] [INFO] Booting worker with pid: 71
[2026-04-06 02:05:33 +0000] [34] [INFO] Started server process [34]
[2026-04-06 02:05:33 +0000] [34] [INFO] Waiting for application startup.
[2026-04-06 02:05:33 +0000] [34] [INFO] Application startup complete.
[2026-04-06 02:05:33 +0000] [77] [INFO] Booting worker with pid: 77
[2026-04-06 02:05:33 +0000] [48] [INFO] Started server process [48]
[2026-04-06 02:05:33 +0000] [48] [INFO] Waiting for application startup.
[2026-04-06 02:05:33 +0000] [48] [INFO] Application startup complete.
[2026-04-06 02:05:33 +0000] [50] [INFO] Started server process [50]
[2026-04-06 02:05:33 +0000] [50] [INFO] Waiting for application startup.
[2026-04-06 02:05:33 +0000] [50] [INFO] Application startup complete.
[2026-04-06 02:05:34 +0000] [57] [INFO] Started server process [57]
[2026-04-06 02:05:34 +0000] [57] [INFO] Waiting for application startup.
[2026-04-06 02:05:34 +0000] [57] [INFO] Application startup complete.
[2026-04-06 02:05:34 +0000] [71] [INFO] Started server process [71]
[2026-04-06 02:05:34 +0000] [71] [INFO] Waiting for application startup.
[2026-04-06 02:05:34 +0000] [71] [INFO] Application startup complete.
[2026-04-06 02:05:34 +0000] [77] [INFO] Started server process [77]
[2026-04-06 02:05:34 +0000] [77] [INFO] Waiting for application startup.
[2026-04-06 02:05:34 +0000] [77] [INFO] Application startup complete.
