{"level":"info","ts":1775498744.4841213,"msg":"maxprocs: Leaving GOMAXPROCS=16: CPU quota undefined"}
{"level":"info","ts":1775498744.4841385,"msg":"GOMEMLIMIT is updated","GOMEMLIMIT":30923764531,"previous":9223372036854775807}
{"level":"info","ts":1775498744.484141,"msg":"using config from file","file":"/etc/caddy/Caddyfile"}
{"level":"info","ts":1775498744.4841425,"msg":"adapted config to JSON","adapter":"caddyfile"}
{"level":"warn","ts":1775498744.4841452,"logger":"admin","msg":"admin endpoint disabled"}
{"level":"info","ts":1775498744.4843512,"logger":"tls.cache.maintenance","msg":"started background certificate maintenance","cache":"0x29a59d7e8a80"}
{"level":"info","ts":1775498744.4845629,"logger":"http.auto_https","msg":"automatic HTTPS is completely disabled for server","server_name":"srv0"}
{"level":"info","ts":1775498744.4845765,"logger":"http.auto_https","msg":"automatic HTTPS is completely disabled for server","server_name":"srv1"}
{"level":"info","ts":1775498744.5848382,"logger":"frankenphp","msg":"async worker thread started","worker":"m#/app/worker.php","thread":1}
{"level":"info","ts":1775498744.5848572,"logger":"frankenphp","msg":"async worker thread started","worker":"m#/app/worker.php","thread":4}
{"level":"info","ts":1775498744.5849183,"logger":"frankenphp","msg":"async worker thread started","worker":"m#/app/worker.php","thread":6}
{"level":"info","ts":1775498744.5849242,"logger":"frankenphp","msg":"async worker thread started","worker":"m#/app/worker.php","thread":5}
{"level":"info","ts":1775498744.5849419,"logger":"frankenphp","msg":"async worker thread started","worker":"m#/app/worker.php","thread":7}
{"level":"info","ts":1775498744.5848405,"logger":"frankenphp","msg":"async worker thread started","worker":"m#/app/worker.php","thread":2}
{"level":"info","ts":1775498744.585009,"logger":"frankenphp","msg":"async worker thread started","worker":"m#/app/worker.php","thread":8}
{"level":"info","ts":1775498744.5848458,"logger":"frankenphp","msg":"async worker thread started","worker":"m#/app/worker.php","thread":3}
{"level":"info","ts":1775498744.5850418,"logger":"frankenphp","msg":"async worker thread started","worker":"m#/app/worker.php","thread":9}
{"level":"info","ts":1775498744.5851922,"logger":"frankenphp","msg":"async worker thread started","worker":"m#/app/worker.php","thread":10}
{"level":"info","ts":1775498744.5864034,"logger":"frankenphp","msg":"async worker thread started","worker":"m#/app/worker.php","thread":12}
{"level":"info","ts":1775498744.585406,"logger":"frankenphp","msg":"async worker thread started","worker":"m#/app/worker.php","thread":11}
{"level":"info","ts":1775498744.6084497,"logger":"frankenphp","msg":"async worker thread started","worker":"m#/app/worker.php","thread":13}
{"level":"info","ts":1775498744.6085165,"logger":"frankenphp","msg":"async worker thread started","worker":"m#/app/worker.php","thread":14}
{"level":"info","ts":1775498744.6085992,"logger":"frankenphp","msg":"async worker thread started","worker":"m#/app/worker.php","thread":15}
{"level":"info","ts":1775498744.608794,"logger":"frankenphp","msg":"async worker thread started","worker":"m#/app/worker.php","thread":16}
{"level":"info","ts":1775498744.6087968,"logger":"frankenphp","msg":"async worker thread started","worker":"m#/app/worker.php","thread":17}
{"level":"info","ts":1775498744.6088676,"logger":"frankenphp","msg":"async worker thread started","worker":"m#/app/worker.php","thread":18}
{"level":"info","ts":1775498744.6089659,"logger":"frankenphp","msg":"async worker thread started","worker":"m#/app/worker.php","thread":19}
{"level":"info","ts":1775498744.6090798,"logger":"frankenphp","msg":"async worker thread started","worker":"m#/app/worker.php","thread":20}
{"level":"info","ts":1775498744.6224723,"logger":"frankenphp","msg":"async worker thread started","worker":"m#/app/worker.php","thread":21}
{"level":"info","ts":1775498744.6228957,"logger":"frankenphp","msg":"async worker thread started","worker":"m#/app/worker.php","thread":22}
{"level":"info","ts":1775498744.6229317,"logger":"frankenphp","msg":"async worker thread started","worker":"m#/app/worker.php","thread":26}
{"level":"info","ts":1775498744.6229637,"logger":"frankenphp","msg":"async worker thread started","worker":"m#/app/worker.php","thread":25}
{"level":"info","ts":1775498744.6229112,"logger":"frankenphp","msg":"async worker thread started","worker":"m#/app/worker.php","thread":24}
{"level":"info","ts":1775498744.6233337,"logger":"frankenphp","msg":"async worker thread started","worker":"m#/app/worker.php","thread":23}
{"level":"info","ts":1775498744.6233633,"logger":"frankenphp","msg":"async worker thread started","worker":"m#/app/worker.php","thread":28}
{"level":"info","ts":1775498744.6234934,"logger":"frankenphp","msg":"async worker thread started","worker":"m#/app/worker.php","thread":30}
{"level":"info","ts":1775498744.6235476,"logger":"frankenphp","msg":"async worker thread started","worker":"m#/app/worker.php","thread":27}
{"level":"info","ts":1775498744.6236153,"logger":"frankenphp","msg":"async worker thread started","worker":"m#/app/worker.php","thread":31}
{"level":"info","ts":1775498744.6236176,"logger":"frankenphp","msg":"async worker thread started","worker":"m#/app/worker.php","thread":32}
{"level":"info","ts":1775498744.6238508,"logger":"frankenphp","msg":"async worker thread started","worker":"m#/app/worker.php_0","thread":34}
{"level":"info","ts":1775498744.6238532,"logger":"frankenphp","msg":"async worker thread started","worker":"m#/app/worker.php_0","thread":33}
{"level":"info","ts":1775498744.623486,"logger":"frankenphp","msg":"async worker thread started","worker":"m#/app/worker.php","thread":29}
{"level":"info","ts":1775498744.6273637,"logger":"frankenphp","msg":"async worker thread started","worker":"m#/app/worker.php_0","thread":35}
{"level":"info","ts":1775498744.6274087,"logger":"frankenphp","msg":"async worker thread started","worker":"m#/app/worker.php_1","thread":65}
{"level":"info","ts":1775498744.627432,"logger":"frankenphp","msg":"async worker thread started","worker":"m#/app/worker.php_0","thread":57}
{"level":"info","ts":1775498744.6274328,"logger":"frankenphp","msg":"async worker thread started","worker":"m#/app/worker.php_0","thread":55}
{"level":"info","ts":1775498744.627436,"logger":"frankenphp","msg":"async worker thread started","worker":"m#/app/worker.php_0","thread":53}
{"level":"info","ts":1775498744.6275325,"logger":"frankenphp","msg":"async worker thread started","worker":"m#/app/worker.php_1","thread":66}
{"level":"info","ts":1775498744.627385,"logger":"frankenphp","msg":"async worker thread started","worker":"m#/app/worker.php_0","thread":54}
{"level":"info","ts":1775498744.6273837,"logger":"frankenphp","msg":"async worker thread started","worker":"m#/app/worker.php_0","thread":56}
{"level":"info","ts":1775498744.627619,"logger":"frankenphp","msg":"async worker thread started","worker":"m#/app/worker.php_0","thread":36}
{"level":"info","ts":1775498744.6276276,"logger":"frankenphp","msg":"async worker thread started","worker":"m#/app/worker.php_0","thread":58}
{"level":"info","ts":1775498744.627581,"logger":"frankenphp","msg":"async worker thread started","worker":"m#/app/worker.php_0","thread":61}
{"level":"info","ts":1775498744.6276414,"logger":"frankenphp","msg":"async worker thread started","worker":"m#/app/worker.php_0","thread":37}
{"level":"info","ts":1775498744.6277199,"logger":"frankenphp","msg":"async worker thread started","worker":"m#/app/worker.php_0","thread":38}
{"level":"info","ts":1775498744.627735,"logger":"frankenphp","msg":"async worker thread started","worker":"m#/app/worker.php_0","thread":44}
{"level":"info","ts":1775498744.6273725,"logger":"frankenphp","msg":"async worker thread started","worker":"m#/app/worker.php_0","thread":52}
{"level":"info","ts":1775498744.627777,"logger":"frankenphp","msg":"async worker thread started","worker":"m#/app/worker.php_1","thread":68}
{"level":"info","ts":1775498744.6278057,"logger":"frankenphp","msg":"async worker thread started","worker":"m#/app/worker.php_0","thread":62}
{"level":"info","ts":1775498744.6278298,"logger":"frankenphp","msg":"async worker thread started","worker":"m#/app/worker.php_0","thread":39}
{"level":"info","ts":1775498744.6278272,"logger":"frankenphp","msg":"async worker thread started","worker":"m#/app/worker.php_0","thread":45}
{"level":"info","ts":1775498744.6278396,"logger":"frankenphp","msg":"async worker thread started","worker":"m#/app/worker.php_0","thread":63}
{"level":"info","ts":1775498744.627849,"logger":"frankenphp","msg":"async worker thread started","worker":"m#/app/worker.php_0","thread":59}
{"level":"info","ts":1775498744.6278777,"logger":"frankenphp","msg":"async worker thread started","worker":"m#/app/worker.php_0","thread":40}
{"level":"info","ts":1775498744.62792,"logger":"frankenphp","msg":"async worker thread started","worker":"m#/app/worker.php_0","thread":48}
{"level":"info","ts":1775498744.6279423,"logger":"frankenphp","msg":"async worker thread started","worker":"m#/app/worker.php_0","thread":64}
{"level":"info","ts":1775498744.6279614,"logger":"frankenphp","msg":"async worker thread started","worker":"m#/app/worker.php_0","thread":50}
{"level":"info","ts":1775498744.6279838,"logger":"frankenphp","msg":"async worker thread started","worker":"m#/app/worker.php_0","thread":60}
{"level":"info","ts":1775498744.6279793,"logger":"frankenphp","msg":"async worker thread started","worker":"m#/app/worker.php_0","thread":42}
{"level":"info","ts":1775498744.6277273,"logger":"frankenphp","msg":"async worker thread started","worker":"m#/app/worker.php_1","thread":67}
{"level":"info","ts":1775498744.6280825,"logger":"frankenphp","msg":"async worker thread started","worker":"m#/app/worker.php_0","thread":41}
{"level":"info","ts":1775498744.6280866,"logger":"frankenphp","msg":"async worker thread started","worker":"m#/app/worker.php_1","thread":69}
{"level":"info","ts":1775498744.6281168,"logger":"frankenphp","msg":"async worker thread started","worker":"m#/app/worker.php_0","thread":51}
{"level":"info","ts":1775498744.628121,"logger":"frankenphp","msg":"async worker thread started","worker":"m#/app/worker.php_0","thread":43}
{"level":"info","ts":1775498744.6281784,"logger":"frankenphp","msg":"async worker thread started","worker":"m#/app/worker.php_0","thread":46}
{"level":"info","ts":1775498744.628197,"logger":"frankenphp","msg":"async worker thread started","worker":"m#/app/worker.php_0","thread":47}
{"level":"info","ts":1775498744.6282089,"logger":"frankenphp","msg":"async worker thread started","worker":"m#/app/worker.php_0","thread":49}
{"level":"info","ts":1775498744.648071,"logger":"frankenphp","msg":"async worker thread started","worker":"m#/app/worker.php_1","thread":70}
{"level":"info","ts":1775498744.6482582,"logger":"frankenphp","msg":"async worker thread started","worker":"m#/app/worker.php_1","thread":71}
{"level":"info","ts":1775498744.6483116,"logger":"frankenphp","msg":"async worker thread started","worker":"m#/app/worker.php_1","thread":75}
{"level":"info","ts":1775498744.6483815,"logger":"frankenphp","msg":"async worker thread started","worker":"m#/app/worker.php_1","thread":76}
{"level":"info","ts":1775498744.648278,"logger":"frankenphp","msg":"async worker thread started","worker":"m#/app/worker.php_1","thread":72}
{"level":"info","ts":1775498744.6484077,"logger":"frankenphp","msg":"async worker thread started","worker":"m#/app/worker.php_1","thread":74}
{"level":"info","ts":1775498744.6483936,"logger":"frankenphp","msg":"async worker thread started","worker":"m#/app/worker.php_1","thread":77}
{"level":"info","ts":1775498744.6482615,"logger":"frankenphp","msg":"async worker thread started","worker":"m#/app/worker.php_1","thread":73}
{"level":"info","ts":1775498744.6485238,"logger":"frankenphp","msg":"async worker thread started","worker":"m#/app/worker.php_1","thread":78}
{"level":"info","ts":1775498744.6486077,"logger":"frankenphp","msg":"async worker thread started","worker":"m#/app/worker.php_1","thread":80}
{"level":"info","ts":1775498744.6486125,"logger":"frankenphp","msg":"async worker thread started","worker":"m#/app/worker.php_1","thread":79}
{"level":"info","ts":1775498744.6486688,"logger":"frankenphp","msg":"async worker thread started","worker":"m#/app/worker.php_1","thread":82}
{"level":"info","ts":1775498744.6486201,"logger":"frankenphp","msg":"async worker thread started","worker":"m#/app/worker.php_1","thread":81}
{"level":"info","ts":1775498744.6487255,"logger":"frankenphp","msg":"async worker thread started","worker":"m#/app/worker.php_1","thread":83}
{"level":"info","ts":1775498744.6487312,"logger":"frankenphp","msg":"async worker thread started","worker":"m#/app/worker.php_1","thread":84}
{"level":"info","ts":1775498744.6487682,"logger":"frankenphp","msg":"async worker thread started","worker":"m#/app/worker.php_1","thread":85}
{"level":"info","ts":1775498744.6506236,"logger":"frankenphp","msg":"async worker thread started","worker":"m#/app/worker.php_1","thread":86}
{"level":"info","ts":1775498744.6507196,"logger":"frankenphp","msg":"async worker thread started","worker":"m#/app/worker.php_1","thread":87}
{"level":"info","ts":1775498744.650792,"logger":"frankenphp","msg":"async worker thread started","worker":"m#/app/worker.php_1","thread":89}
{"level":"info","ts":1775498744.6508281,"logger":"frankenphp","msg":"async worker thread started","worker":"m#/app/worker.php_1","thread":90}
{"level":"info","ts":1775498744.650909,"logger":"frankenphp","msg":"async worker thread started","worker":"m#/app/worker.php_1","thread":88}
{"level":"info","ts":1775498744.650985,"logger":"frankenphp","msg":"async worker thread started","worker":"m#/app/worker.php_1","thread":91}
{"level":"info","ts":1775498744.6514192,"logger":"frankenphp","msg":"async worker thread started","worker":"m#/app/worker.php_1","thread":92}
{"level":"info","ts":1775498744.651496,"logger":"frankenphp","msg":"async worker thread started","worker":"m#/app/worker.php_1","thread":93}
{"level":"info","ts":1775498744.6515803,"logger":"frankenphp","msg":"async worker thread started","worker":"m#/app/worker.php_2","thread":98}
{"level":"info","ts":1775498744.651582,"logger":"frankenphp","msg":"async worker thread started","worker":"m#/app/worker.php_2","thread":97}
{"level":"info","ts":1775498744.651668,"logger":"frankenphp","msg":"async worker thread started","worker":"m#/app/worker.php_1","thread":94}
{"level":"info","ts":1775498744.651667,"logger":"frankenphp","msg":"async worker thread started","worker":"m#/app/worker.php_1","thread":95}
{"level":"info","ts":1775498744.6517613,"logger":"frankenphp","msg":"async worker thread started","worker":"m#/app/worker.php_1","thread":96}
{"level":"info","ts":1775498744.6517923,"logger":"frankenphp","msg":"async worker thread started","worker":"m#/app/worker.php_2","thread":99}
{"level":"info","ts":1775498744.6520455,"logger":"frankenphp","msg":"async worker thread started","worker":"m#/app/worker.php_2","thread":100}
{"level":"info","ts":1775498744.6533093,"logger":"frankenphp","msg":"async worker thread started","worker":"m#/app/worker.php_2","thread":101}
{"level":"info","ts":1775498744.675864,"logger":"frankenphp","msg":"async worker thread started","worker":"m#/app/worker.php_2","thread":102}
{"level":"info","ts":1775498744.676008,"logger":"frankenphp","msg":"async worker thread started","worker":"m#/app/worker.php_2","thread":106}
{"level":"info","ts":1775498744.676035,"logger":"frankenphp","msg":"async worker thread started","worker":"m#/app/worker.php_2","thread":108}
{"level":"info","ts":1775498744.6761312,"logger":"frankenphp","msg":"async worker thread started","worker":"m#/app/worker.php_2","thread":111}
{"level":"info","ts":1775498744.676092,"logger":"frankenphp","msg":"async worker thread started","worker":"m#/app/worker.php_2","thread":104}
{"level":"info","ts":1775498744.676174,"logger":"frankenphp","msg":"async worker thread started","worker":"m#/app/worker.php_2","thread":105}
{"level":"info","ts":1775498744.6762016,"logger":"frankenphp","msg":"async worker thread started","worker":"m#/app/worker.php_2","thread":112}
{"level":"info","ts":1775498744.6762867,"logger":"frankenphp","msg":"async worker thread started","worker":"m#/app/worker.php_2","thread":113}
{"level":"info","ts":1775498744.6763027,"logger":"frankenphp","msg":"async worker thread started","worker":"m#/app/worker.php_2","thread":114}
{"level":"info","ts":1775498744.6761022,"logger":"frankenphp","msg":"async worker thread started","worker":"m#/app/worker.php_2","thread":109}
{"level":"info","ts":1775498744.6760786,"logger":"frankenphp","msg":"async worker thread started","worker":"m#/app/worker.php_2","thread":103}
{"level":"info","ts":1775498744.6760926,"logger":"frankenphp","msg":"async worker thread started","worker":"m#/app/worker.php_2","thread":110}
{"level":"info","ts":1775498744.676089,"logger":"frankenphp","msg":"async worker thread started","worker":"m#/app/worker.php_2","thread":107}
{"level":"info","ts":1775498744.6774452,"logger":"frankenphp","msg":"async worker thread started","worker":"m#/app/worker.php_2","thread":115}
{"level":"info","ts":1775498744.6775246,"logger":"frankenphp","msg":"async worker thread started","worker":"m#/app/worker.php_2","thread":116}
{"level":"info","ts":1775498744.6775608,"logger":"frankenphp","msg":"async worker thread started","worker":"m#/app/worker.php_2","thread":117}
{"level":"info","ts":1775498744.67764,"logger":"frankenphp","msg":"async worker thread started","worker":"m#/app/worker.php_2","thread":119}
{"level":"info","ts":1775498744.6777167,"logger":"frankenphp","msg":"async worker thread started","worker":"m#/app/worker.php_2","thread":121}
{"level":"info","ts":1775498744.6777234,"logger":"frankenphp","msg":"async worker thread started","worker":"m#/app/worker.php_2","thread":118}
{"level":"info","ts":1775498744.6777546,"logger":"frankenphp","msg":"async worker thread started","worker":"m#/app/worker.php_2","thread":123}
{"level":"info","ts":1775498744.6778083,"logger":"frankenphp","msg":"async worker thread started","worker":"m#/app/worker.php_2","thread":120}
{"level":"info","ts":1775498744.6778152,"logger":"frankenphp","msg":"async worker thread started","worker":"m#/app/worker.php_2","thread":124}
{"level":"info","ts":1775498744.677723,"logger":"frankenphp","msg":"async worker thread started","worker":"m#/app/worker.php_2","thread":122}
{"level":"info","ts":1775498744.6779013,"logger":"frankenphp","msg":"async worker thread started","worker":"m#/app/worker.php_2","thread":126}
{"level":"info","ts":1775498744.6779048,"logger":"frankenphp","msg":"async worker thread started","worker":"m#/app/worker.php_2","thread":127}
{"level":"info","ts":1775498744.6778986,"logger":"frankenphp","msg":"async worker thread started","worker":"m#/app/worker.php_2","thread":125}
{"level":"info","ts":1775498744.6779292,"logger":"frankenphp","msg":"async worker thread started","worker":"m#/app/worker.php_2","thread":128}
{"level":"info","ts":1775498744.677983,"logger":"frankenphp","msg":"FrankenPHP started 🐘","php_version":"8.6.0-dev","num_threads":129,"max_threads":129}
{"level":"info","ts":1775498744.6806986,"logger":"http","msg":"enabling HTTP/3 listener","addr":":8443"}
{"level":"info","ts":1775498744.680879,"logger":"http.log","msg":"server running","name":"srv1","protocols":["h1","h2","h3"]}
{"level":"warn","ts":1775498744.681073,"logger":"http","msg":"HTTP/2 skipped because it requires TLS","network":"tcp","addr":":8080"}
{"level":"warn","ts":1775498744.6810827,"logger":"http","msg":"HTTP/3 skipped because it requires TLS","network":"tcp","addr":":8080"}
{"level":"info","ts":1775498744.6810853,"logger":"http.log","msg":"server running","name":"srv0","protocols":["h1","h2","h3"]}
{"level":"info","ts":1775498744.6869974,"msg":"autosaved config (load with --resume flag)","file":"/root/.config/caddy/autosave.json"}
{"level":"info","ts":1775498744.6870182,"msg":"serving initial configuration"}
{"level":"info","ts":1775498744.6907823,"logger":"tls","msg":"cleaning storage unit","storage":"FileStorage:/root/.local/share/caddy"}
{"level":"info","ts":1775498744.6938756,"logger":"tls","msg":"finished cleaning storage units"}
