INFO: Listening on port 8080
INFO: Starting up Iodine:
 * Iodine 5.2.1
 * Ruby 4.0.2
 * facil.io 0.7.4 (epoll)
 * 127 Workers X 1 Threads per worker.
 * Maximum 131056 open files / sockets per worker.
 * Master (root) process: 1.

INFO: Server is running 127 workers X 1 thread with facil.io 0.7.4 (epoll)
* Detected capacity: 131056 open file limit
* Root pid: 1
* Press ^C to stop

/usr/local/bundle/gems/rage-rb-1.22.1/lib/rage/middleware/fiber_wrapper.rb:11: warning: Scheduler should implement #fiber_interrupt
INFO: 9 is running.
/usr/local/bundle/gems/rage-rb-1.22.1/lib/rage/middleware/fiber_wrapper.rb:11: warning: Scheduler should implement #fiber_interrupt
INFO: 13 is running.
/usr/local/bundle/gems/rage-rb-1.22.1/lib/rage/middleware/fiber_wrapper.rb:11: warning: Scheduler should implement #fiber_interrupt
INFO: 17 is running.
/usr/local/bundle/gems/rage-rb-1.22.1/lib/rage/middleware/fiber_wrapper.rb:11: warning: Scheduler should implement #fiber_interrupt
INFO: 21 is running.
/usr/local/bundle/gems/rage-rb-1.22.1/lib/rage/middleware/fiber_wrapper.rb:11: warning: Scheduler should implement #fiber_interrupt
INFO: 25 is running.
/usr/local/bundle/gems/rage-rb-1.22.1/lib/rage/middleware/fiber_wrapper.rb:11: warning: Scheduler should implement #fiber_interrupt
INFO: 29 is running.
/usr/local/bundle/gems/rage-rb-1.22.1/lib/rage/middleware/fiber_wrapper.rb:11: warning: Scheduler should implement #fiber_interrupt
INFO: 34 is running.
/usr/local/bundle/gems/rage-rb-1.22.1/lib/rage/middleware/fiber_wrapper.rb:11: warning: Scheduler should implement #fiber_interrupt
INFO: 40 is running.
/usr/local/bundle/gems/rage-rb-1.22.1/lib/rage/middleware/fiber_wrapper.rb:11: warning: Scheduler should implement #fiber_interrupt
INFO: 45 is running.
/usr/local/bundle/gems/rage-rb-1.22.1/lib/rage/middleware/fiber_wrapper.rb:11: warning: Scheduler should implement #fiber_interrupt
INFO: 50 is running.
/usr/local/bundle/gems/rage-rb-1.22.1/lib/rage/middleware/fiber_wrapper.rb:11: warning: Scheduler should implement #fiber_interrupt
INFO: 55 is running.
/usr/local/bundle/gems/rage-rb-1.22.1/lib/rage/middleware/fiber_wrapper.rb:11: warning: Scheduler should implement #fiber_interrupt
INFO: 61 is running.
/usr/local/bundle/gems/rage-rb-1.22.1/lib/rage/middleware/fiber_wrapper.rb:11: warning: Scheduler should implement #fiber_interrupt
INFO: 69 is running.
/usr/local/bundle/gems/rage-rb-1.22.1/lib/rage/middleware/fiber_wrapper.rb:11: warning: Scheduler should implement #fiber_interrupt
INFO: 73 is running.
/usr/local/bundle/gems/rage-rb-1.22.1/lib/rage/middleware/fiber_wrapper.rb:11: warning: Scheduler should implement #fiber_interrupt
INFO: 77 is running.
/usr/local/bundle/gems/rage-rb-1.22.1/lib/rage/middleware/fiber_wrapper.rb:11: warning: Scheduler should implement #fiber_interrupt
INFO: 81 is running.
/usr/local/bundle/gems/rage-rb-1.22.1/lib/rage/middleware/fiber_wrapper.rb:11: warning: Scheduler should implement #fiber_interrupt
INFO: 85 is running.
/usr/local/bundle/gems/rage-rb-1.22.1/lib/rage/middleware/fiber_wrapper.rb:11: warning: Scheduler should implement #fiber_interrupt
INFO: 90 is running.
/usr/local/bundle/gems/rage-rb-1.22.1/lib/rage/middleware/fiber_wrapper.rb:11: warning: Scheduler should implement #fiber_interrupt
INFO: 95 is running.
/usr/local/bundle/gems/rage-rb-1.22.1/lib/rage/middleware/fiber_wrapper.rb:11: warning: Scheduler should implement #fiber_interrupt
INFO: 101 is running.
/usr/local/bundle/gems/rage-rb-1.22.1/lib/rage/middleware/fiber_wrapper.rb:11: warning: Scheduler should implement #fiber_interrupt
INFO: 106 is running.
/usr/local/bundle/gems/rage-rb-1.22.1/lib/rage/middleware/fiber_wrapper.rb:11: warning: Scheduler should implement #fiber_interrupt
INFO: 111 is running.
/usr/local/bundle/gems/rage-rb-1.22.1/lib/rage/middleware/fiber_wrapper.rb:11: warning: Scheduler should implement #fiber_interrupt
INFO: 116 is running.
/usr/local/bundle/gems/rage-rb-1.22.1/lib/rage/middleware/fiber_wrapper.rb:11: warning: Scheduler should implement #fiber_interrupt
INFO: 120 is running.
/usr/local/bundle/gems/rage-rb-1.22.1/lib/rage/middleware/fiber_wrapper.rb:11: warning: Scheduler should implement #fiber_interrupt
INFO: 126 is running.
/usr/local/bundle/gems/rage-rb-1.22.1/lib/rage/middleware/fiber_wrapper.rb:11: warning: Scheduler should implement #fiber_interrupt
INFO: 131 is running.
/usr/local/bundle/gems/rage-rb-1.22.1/lib/rage/middleware/fiber_wrapper.rb:11: warning: Scheduler should implement #fiber_interrupt
INFO: 136 is running.
/usr/local/bundle/gems/rage-rb-1.22.1/lib/rage/middleware/fiber_wrapper.rb:11: warning: Scheduler should implement #fiber_interrupt
INFO: 141 is running.
/usr/local/bundle/gems/rage-rb-1.22.1/lib/rage/middleware/fiber_wrapper.rb:11: warning: Scheduler should implement #fiber_interrupt
INFO: 146 is running.
/usr/local/bundle/gems/rage-rb-1.22.1/lib/rage/middleware/fiber_wrapper.rb:11: warning: Scheduler should implement #fiber_interrupt
INFO: 151 is running.
/usr/local/bundle/gems/rage-rb-1.22.1/lib/rage/middleware/fiber_wrapper.rb:11: warning: Scheduler should implement #fiber_interrupt
INFO: 156 is running.
/usr/local/bundle/gems/rage-rb-1.22.1/lib/rage/middleware/fiber_wrapper.rb:11: warning: Scheduler should implement #fiber_interrupt
INFO: 161 is running.
/usr/local/bundle/gems/rage-rb-1.22.1/lib/rage/middleware/fiber_wrapper.rb:11: warning: Scheduler should implement #fiber_interrupt
INFO: 166 is running.
/usr/local/bundle/gems/rage-rb-1.22.1/lib/rage/middleware/fiber_wrapper.rb:11: warning: Scheduler should implement #fiber_interrupt
INFO: 171 is running.
/usr/local/bundle/gems/rage-rb-1.22.1/lib/rage/middleware/fiber_wrapper.rb:11: warning: Scheduler should implement #fiber_interrupt
INFO: 176 is running.
/usr/local/bundle/gems/rage-rb-1.22.1/lib/rage/middleware/fiber_wrapper.rb:11: warning: Scheduler should implement #fiber_interrupt
INFO: 181 is running.
/usr/local/bundle/gems/rage-rb-1.22.1/lib/rage/middleware/fiber_wrapper.rb:11: warning: Scheduler should implement #fiber_interrupt
INFO: 186 is running.
/usr/local/bundle/gems/rage-rb-1.22.1/lib/rage/middleware/fiber_wrapper.rb:11: warning: Scheduler should implement #fiber_interrupt
INFO: 191 is running.
/usr/local/bundle/gems/rage-rb-1.22.1/lib/rage/middleware/fiber_wrapper.rb:11: warning: Scheduler should implement #fiber_interrupt
INFO: 196 is running.
/usr/local/bundle/gems/rage-rb-1.22.1/lib/rage/middleware/fiber_wrapper.rb:11: warning: Scheduler should implement #fiber_interrupt
INFO: 201 is running.
/usr/local/bundle/gems/rage-rb-1.22.1/lib/rage/middleware/fiber_wrapper.rb:11: warning: Scheduler should implement #fiber_interrupt
INFO: 206 is running.
/usr/local/bundle/gems/rage-rb-1.22.1/lib/rage/middleware/fiber_wrapper.rb:11: warning: Scheduler should implement #fiber_interrupt
INFO: 211 is running.
/usr/local/bundle/gems/rage-rb-1.22.1/lib/rage/middleware/fiber_wrapper.rb:11: warning: Scheduler should implement #fiber_interrupt
INFO: 216 is running.
/usr/local/bundle/gems/rage-rb-1.22.1/lib/rage/middleware/fiber_wrapper.rb:11: warning: Scheduler should implement #fiber_interrupt
INFO: 221 is running.
/usr/local/bundle/gems/rage-rb-1.22.1/lib/rage/middleware/fiber_wrapper.rb:11: warning: Scheduler should implement #fiber_interrupt
INFO: 226 is running.
/usr/local/bundle/gems/rage-rb-1.22.1/lib/rage/middleware/fiber_wrapper.rb:11: warning: Scheduler should implement #fiber_interrupt
INFO: 231 is running.
/usr/local/bundle/gems/rage-rb-1.22.1/lib/rage/middleware/fiber_wrapper.rb:11: warning: Scheduler should implement #fiber_interrupt
INFO: 236 is running.
/usr/local/bundle/gems/rage-rb-1.22.1/lib/rage/middleware/fiber_wrapper.rb:11: warning: Scheduler should implement #fiber_interrupt
INFO: 241 is running.
/usr/local/bundle/gems/rage-rb-1.22.1/lib/rage/middleware/fiber_wrapper.rb:11: warning: Scheduler should implement #fiber_interrupt
INFO: 246 is running.
/usr/local/bundle/gems/rage-rb-1.22.1/lib/rage/middleware/fiber_wrapper.rb:11: warning: Scheduler should implement #fiber_interrupt
INFO: 251 is running.
/usr/local/bundle/gems/rage-rb-1.22.1/lib/rage/middleware/fiber_wrapper.rb:11: warning: Scheduler should implement #fiber_interrupt
INFO: 256 is running.
/usr/local/bundle/gems/rage-rb-1.22.1/lib/rage/middleware/fiber_wrapper.rb:11: warning: Scheduler should implement #fiber_interrupt
INFO: 261 is running.
/usr/local/bundle/gems/rage-rb-1.22.1/lib/rage/middleware/fiber_wrapper.rb:11: warning: Scheduler should implement #fiber_interrupt
INFO: 266 is running.
/usr/local/bundle/gems/rage-rb-1.22.1/lib/rage/middleware/fiber_wrapper.rb:11: warning: Scheduler should implement #fiber_interrupt
INFO: 271 is running.
/usr/local/bundle/gems/rage-rb-1.22.1/lib/rage/middleware/fiber_wrapper.rb:11: warning: Scheduler should implement #fiber_interrupt
INFO: 276 is running.
/usr/local/bundle/gems/rage-rb-1.22.1/lib/rage/middleware/fiber_wrapper.rb:11: warning: Scheduler should implement #fiber_interrupt
INFO: 281 is running.
/usr/local/bundle/gems/rage-rb-1.22.1/lib/rage/middleware/fiber_wrapper.rb:11: warning: Scheduler should implement #fiber_interrupt
INFO: 286 is running.
/usr/local/bundle/gems/rage-rb-1.22.1/lib/rage/middleware/fiber_wrapper.rb:11: warning: Scheduler should implement #fiber_interrupt
INFO: 293 is running.
/usr/local/bundle/gems/rage-rb-1.22.1/lib/rage/middleware/fiber_wrapper.rb:11: warning: Scheduler should implement #fiber_interrupt
INFO: 298 is running.
/usr/local/bundle/gems/rage-rb-1.22.1/lib/rage/middleware/fiber_wrapper.rb:11: warning: Scheduler should implement #fiber_interrupt
INFO: 302 is running.
/usr/local/bundle/gems/rage-rb-1.22.1/lib/rage/middleware/fiber_wrapper.rb:11: warning: Scheduler should implement #fiber_interrupt
INFO: 307 is running.
/usr/local/bundle/gems/rage-rb-1.22.1/lib/rage/middleware/fiber_wrapper.rb:11: warning: Scheduler should implement #fiber_interrupt
INFO: 311 is running.
/usr/local/bundle/gems/rage-rb-1.22.1/lib/rage/middleware/fiber_wrapper.rb:11: warning: Scheduler should implement #fiber_interrupt
INFO: 316 is running.
/usr/local/bundle/gems/rage-rb-1.22.1/lib/rage/middleware/fiber_wrapper.rb:11: warning: Scheduler should implement #fiber_interrupt
INFO: 321 is running.
/usr/local/bundle/gems/rage-rb-1.22.1/lib/rage/middleware/fiber_wrapper.rb:11: warning: Scheduler should implement #fiber_interrupt
INFO: 326 is running.
/usr/local/bundle/gems/rage-rb-1.22.1/lib/rage/middleware/fiber_wrapper.rb:11: warning: Scheduler should implement #fiber_interrupt
INFO: 331 is running.
/usr/local/bundle/gems/rage-rb-1.22.1/lib/rage/middleware/fiber_wrapper.rb:11: warning: Scheduler should implement #fiber_interrupt
INFO: 336 is running.
/usr/local/bundle/gems/rage-rb-1.22.1/lib/rage/middleware/fiber_wrapper.rb:11: warning: Scheduler should implement #fiber_interrupt
INFO: 342 is running.
/usr/local/bundle/gems/rage-rb-1.22.1/lib/rage/middleware/fiber_wrapper.rb:11: warning: Scheduler should implement #fiber_interrupt
INFO: 349 is running.
/usr/local/bundle/gems/rage-rb-1.22.1/lib/rage/middleware/fiber_wrapper.rb:11: warning: Scheduler should implement #fiber_interrupt
INFO: 353 is running.
/usr/local/bundle/gems/rage-rb-1.22.1/lib/rage/middleware/fiber_wrapper.rb:11: warning: Scheduler should implement #fiber_interrupt
INFO: 357 is running.
/usr/local/bundle/gems/rage-rb-1.22.1/lib/rage/middleware/fiber_wrapper.rb:11: warning: Scheduler should implement #fiber_interrupt
INFO: 361 is running.
/usr/local/bundle/gems/rage-rb-1.22.1/lib/rage/middleware/fiber_wrapper.rb:11: warning: Scheduler should implement #fiber_interrupt
INFO: 366 is running.
/usr/local/bundle/gems/rage-rb-1.22.1/lib/rage/middleware/fiber_wrapper.rb:11: warning: Scheduler should implement #fiber_interrupt
INFO: 371 is running.
/usr/local/bundle/gems/rage-rb-1.22.1/lib/rage/middleware/fiber_wrapper.rb:11: warning: Scheduler should implement #fiber_interrupt
INFO: 377 is running.
/usr/local/bundle/gems/rage-rb-1.22.1/lib/rage/middleware/fiber_wrapper.rb:11: warning: Scheduler should implement #fiber_interrupt
INFO: 382 is running.
/usr/local/bundle/gems/rage-rb-1.22.1/lib/rage/middleware/fiber_wrapper.rb:11: warning: Scheduler should implement #fiber_interrupt
INFO: 386 is running.
/usr/local/bundle/gems/rage-rb-1.22.1/lib/rage/middleware/fiber_wrapper.rb:11: warning: Scheduler should implement #fiber_interrupt
INFO: 391 is running.
/usr/local/bundle/gems/rage-rb-1.22.1/lib/rage/middleware/fiber_wrapper.rb:11: warning: Scheduler should implement #fiber_interrupt
/usr/local/bundle/gems/rage-rb-1.22.1/lib/rage/middleware/fiber_wrapper.rb:11: warning: Scheduler should implement #fiber_interrupt
INFO: 402 is running.
INFO: 397 is running.
/usr/local/lib/ruby/4.0.0/resolv.rb:207: warning: IO::Buffer is experimental and both the Ruby and C interface may change in the future!
/usr/local/lib/ruby/4.0.0/resolv.rb:207: warning: IO::Buffer is experimental and both the Ruby and C interface may change in the future!
/usr/local/lib/ruby/4.0.0/resolv.rb:207: warning: IO::Buffer is experimental and both the Ruby and C interface may change in the future!
/usr/local/lib/ruby/4.0.0/resolv.rb:207: warning: IO::Buffer is experimental and both the Ruby and C interface may change in the future!
/usr/local/lib/ruby/4.0.0/resolv.rb:207: warning: IO::Buffer is experimental and both the Ruby and C interface may change in the future!
/usr/local/lib/ruby/4.0.0/resolv.rb:207: warning: IO::Buffer is experimental and both the Ruby and C interface may change in the future!
/usr/local/lib/ruby/4.0.0/resolv.rb:207: warning: IO::Buffer is experimental and both the Ruby and C interface may change in the future!
/usr/local/lib/ruby/4.0.0/resolv.rb:207: warning: IO::Buffer is experimental and both the Ruby and C interface may change in the future!
/usr/local/lib/ruby/4.0.0/resolv.rb:207: warning: IO::Buffer is experimental and both the Ruby and C interface may change in the future!
/usr/local/lib/ruby/4.0.0/resolv.rb:207: warning: IO::Buffer is experimental and both the Ruby and C interface may change in the future!
/usr/local/lib/ruby/4.0.0/resolv.rb:207: warning: IO::Buffer is experimental and both the Ruby and C interface may change in the future!
/usr/local/lib/ruby/4.0.0/resolv.rb:207: warning: IO::Buffer is experimental and both the Ruby and C interface may change in the future!
/usr/local/lib/ruby/4.0.0/resolv.rb:207: warning: IO::Buffer is experimental and both the Ruby and C interface may change in the future!
/usr/local/lib/ruby/4.0.0/resolv.rb:207: warning: IO::Buffer is experimental and both the Ruby and C interface may change in the future!
/usr/local/lib/ruby/4.0.0/resolv.rb:207: warning: IO::Buffer is experimental and both the Ruby and C interface may change in the future!
/usr/local/lib/ruby/4.0.0/resolv.rb:207: warning: IO::Buffer is experimental and both the Ruby and C interface may change in the future!
/usr/local/lib/ruby/4.0.0/resolv.rb:207: warning: IO::Buffer is experimental and both the Ruby and C interface may change in the future!
/usr/local/lib/ruby/4.0.0/resolv.rb:207: warning: IO::Buffer is experimental and both the Ruby and C interface may change in the future!
/usr/local/lib/ruby/4.0.0/resolv.rb:207: warning: IO::Buffer is experimental and both the Ruby and C interface may change in the future!
/usr/local/lib/ruby/4.0.0/resolv.rb:207: warning: IO::Buffer is experimental and both the Ruby and C interface may change in the future!
/usr/local/lib/ruby/4.0.0/resolv.rb:207: warning: IO::Buffer is experimental and both the Ruby and C interface may change in the future!
/usr/local/lib/ruby/4.0.0/resolv.rb:207: warning: IO::Buffer is experimental and both the Ruby and C interface may change in the future!
/usr/local/lib/ruby/4.0.0/resolv.rb:207: warning: IO::Buffer is experimental and both the Ruby and C interface may change in the future!
/usr/local/lib/ruby/4.0.0/resolv.rb:207: warning: IO::Buffer is experimental and both the Ruby and C interface may change in the future!
/usr/local/lib/ruby/4.0.0/resolv.rb:207: warning: IO::Buffer is experimental and both the Ruby and C interface may change in the future!
/usr/local/lib/ruby/4.0.0/resolv.rb:207: warning: IO::Buffer is experimental and both the Ruby and C interface may change in the future!
/usr/local/lib/ruby/4.0.0/resolv.rb:207: warning: IO::Buffer is experimental and both the Ruby and C interface may change in the future!
/usr/local/lib/ruby/4.0.0/resolv.rb:207: warning: IO::Buffer is experimental and both the Ruby and C interface may change in the future!
/usr/local/lib/ruby/4.0.0/resolv.rb:207: warning: IO::Buffer is experimental and both the Ruby and C interface may change in the future!
/usr/local/lib/ruby/4.0.0/resolv.rb:207: warning: IO::Buffer is experimental and both the Ruby and C interface may change in the future!
/usr/local/lib/ruby/4.0.0/resolv.rb:207: warning: IO::Buffer is experimental and both the Ruby and C interface may change in the future!
/usr/local/lib/ruby/4.0.0/resolv.rb:207: warning: IO::Buffer is experimental and both the Ruby and C interface may change in the future!
/usr/local/lib/ruby/4.0.0/resolv.rb:207: warning: IO::Buffer is experimental and both the Ruby and C interface may change in the future!
/usr/local/lib/ruby/4.0.0/resolv.rb:207: warning: IO::Buffer is experimental and both the Ruby and C interface may change in the future!
/usr/local/lib/ruby/4.0.0/resolv.rb:207: warning: IO::Buffer is experimental and both the Ruby and C interface may change in the future!
/usr/local/bundle/gems/rage-rb-1.22.1/lib/rage/middleware/fiber_wrapper.rb:11: warning: Scheduler should implement #fiber_interrupt
INFO: 411 is running.
/usr/local/lib/ruby/4.0.0/resolv.rb:207: warning: IO::Buffer is experimental and both the Ruby and C interface may change in the future!
/usr/local/lib/ruby/4.0.0/resolv.rb:207: warning: IO::Buffer is experimental and both the Ruby and C interface may change in the future!
/usr/local/lib/ruby/4.0.0/resolv.rb:207: warning: IO::Buffer is experimental and both the Ruby and C interface may change in the future!
/usr/local/lib/ruby/4.0.0/resolv.rb:207: warning: IO::Buffer is experimental and both the Ruby and C interface may change in the future!
/usr/local/lib/ruby/4.0.0/resolv.rb:207: warning: IO::Buffer is experimental and both the Ruby and C interface may change in the future!
/usr/local/lib/ruby/4.0.0/resolv.rb:207: warning: IO::Buffer is experimental and both the Ruby and C interface may change in the future!
/usr/local/lib/ruby/4.0.0/resolv.rb:207: warning: IO::Buffer is experimental and both the Ruby and C interface may change in the future!
/usr/local/lib/ruby/4.0.0/resolv.rb:207: warning: IO::Buffer is experimental and both the Ruby and C interface may change in the future!
/usr/local/lib/ruby/4.0.0/resolv.rb:207: warning: IO::Buffer is experimental and both the Ruby and C interface may change in the future!
/usr/local/lib/ruby/4.0.0/resolv.rb:207: warning: IO::Buffer is experimental and both the Ruby and C interface may change in the future!
/usr/local/lib/ruby/4.0.0/resolv.rb:207: warning: IO::Buffer is experimental and both the Ruby and C interface may change in the future!
/usr/local/lib/ruby/4.0.0/resolv.rb:207: warning: IO::Buffer is experimental and both the Ruby and C interface may change in the future!
/usr/local/lib/ruby/4.0.0/resolv.rb:207: warning: IO::Buffer is experimental and both the Ruby and C interface may change in the future!
/usr/local/lib/ruby/4.0.0/resolv.rb:207: warning: IO::Buffer is experimental and both the Ruby and C interface may change in the future!
/usr/local/lib/ruby/4.0.0/resolv.rb:207: warning: IO::Buffer is experimental and both the Ruby and C interface may change in the future!
/usr/local/lib/ruby/4.0.0/resolv.rb:207: warning: IO::Buffer is experimental and both the Ruby and C interface may change in the future!
/usr/local/lib/ruby/4.0.0/resolv.rb:207: warning: IO::Buffer is experimental and both the Ruby and C interface may change in the future!
/usr/local/lib/ruby/4.0.0/resolv.rb:207: warning: IO::Buffer is experimental and both the Ruby and C interface may change in the future!
/usr/local/lib/ruby/4.0.0/resolv.rb:207: warning: IO::Buffer is experimental and both the Ruby and C interface may change in the future!
/usr/local/lib/ruby/4.0.0/resolv.rb:207: warning: IO::Buffer is experimental and both the Ruby and C interface may change in the future!
/usr/local/bundle/gems/rage-rb-1.22.1/lib/rage/middleware/fiber_wrapper.rb:11: warning: Scheduler should implement #fiber_interrupt
INFO: 417 is running.
/usr/local/lib/ruby/4.0.0/resolv.rb:207: warning: IO::Buffer is experimental and both the Ruby and C interface may change in the future!
/usr/local/lib/ruby/4.0.0/resolv.rb:207: warning: IO::Buffer is experimental and both the Ruby and C interface may change in the future!
/usr/local/lib/ruby/4.0.0/resolv.rb:207: warning: IO::Buffer is experimental and both the Ruby and C interface may change in the future!
/usr/local/lib/ruby/4.0.0/resolv.rb:207: warning: IO::Buffer is experimental and both the Ruby and C interface may change in the future!
/usr/local/bundle/gems/rage-rb-1.22.1/lib/rage/middleware/fiber_wrapper.rb:11: warning: Scheduler should implement #fiber_interrupt
INFO: 407 is running.
/usr/local/lib/ruby/4.0.0/resolv.rb:207: warning: IO::Buffer is experimental and both the Ruby and C interface may change in the future!
/usr/local/lib/ruby/4.0.0/resolv.rb:207: warning: IO::Buffer is experimental and both the Ruby and C interface may change in the future!
/usr/local/lib/ruby/4.0.0/resolv.rb:207: warning: IO::Buffer is experimental and both the Ruby and C interface may change in the future!
/usr/local/lib/ruby/4.0.0/resolv.rb:207: warning: IO::Buffer is experimental and both the Ruby and C interface may change in the future!
/usr/local/lib/ruby/4.0.0/resolv.rb:207: warning: IO::Buffer is experimental and both the Ruby and C interface may change in the future!
/usr/local/lib/ruby/4.0.0/resolv.rb:207: warning: IO::Buffer is experimental and both the Ruby and C interface may change in the future!
/usr/local/lib/ruby/4.0.0/resolv.rb:207: warning: IO::Buffer is experimental and both the Ruby and C interface may change in the future!
/usr/local/bundle/gems/rage-rb-1.22.1/lib/rage/middleware/fiber_wrapper.rb:11: warning: Scheduler should implement #fiber_interrupt
INFO: 423 is running.
/usr/local/lib/ruby/4.0.0/resolv.rb:207: warning: IO::Buffer is experimental and both the Ruby and C interface may change in the future!
/usr/local/lib/ruby/4.0.0/resolv.rb:207: warning: IO::Buffer is experimental and both the Ruby and C interface may change in the future!
/usr/local/lib/ruby/4.0.0/resolv.rb:207: warning: IO::Buffer is experimental and both the Ruby and C interface may change in the future!
/usr/local/bundle/gems/rage-rb-1.22.1/lib/rage/middleware/fiber_wrapper.rb:11: warning: Scheduler should implement #fiber_interrupt
INFO: 428 is running.
/usr/local/lib/ruby/4.0.0/resolv.rb:207: warning: IO::Buffer is experimental and both the Ruby and C interface may change in the future!
/usr/local/lib/ruby/4.0.0/resolv.rb:207: warning: IO::Buffer is experimental and both the Ruby and C interface may change in the future!
/usr/local/lib/ruby/4.0.0/resolv.rb:207: warning: IO::Buffer is experimental and both the Ruby and C interface may change in the future!
/usr/local/bundle/gems/rage-rb-1.22.1/lib/rage/middleware/fiber_wrapper.rb:11: warning: Scheduler should implement #fiber_interrupt
INFO: 432 is running.
/usr/local/bundle/gems/rage-rb-1.22.1/lib/rage/middleware/fiber_wrapper.rb:11: warning: Scheduler should implement #fiber_interrupt
INFO: 442 is running.
/usr/local/lib/ruby/4.0.0/resolv.rb:207: warning: IO::Buffer is experimental and both the Ruby and C interface may change in the future!
/usr/local/lib/ruby/4.0.0/resolv.rb:207: warning: IO::Buffer is experimental and both the Ruby and C interface may change in the future!
/usr/local/lib/ruby/4.0.0/resolv.rb:207: warning: IO::Buffer is experimental and both the Ruby and C interface may change in the future!
/usr/local/lib/ruby/4.0.0/resolv.rb:207: warning: IO::Buffer is experimental and both the Ruby and C interface may change in the future!
/usr/local/bundle/gems/rage-rb-1.22.1/lib/rage/middleware/fiber_wrapper.rb:11: warning: Scheduler should implement #fiber_interrupt
/usr/local/lib/ruby/4.0.0/resolv.rb:207: warning: IO::Buffer is experimental and both the Ruby and C interface may change in the future!
INFO: 437 is running.
/usr/local/lib/ruby/4.0.0/resolv.rb:207: warning: IO::Buffer is experimental and both the Ruby and C interface may change in the future!
/usr/local/lib/ruby/4.0.0/resolv.rb:207: warning: IO::Buffer is experimental and both the Ruby and C interface may change in the future!
/usr/local/bundle/gems/rage-rb-1.22.1/lib/rage/middleware/fiber_wrapper.rb:11: warning: Scheduler should implement #fiber_interrupt
INFO: 446 is running.
/usr/local/lib/ruby/4.0.0/resolv.rb:207: warning: IO::Buffer is experimental and both the Ruby and C interface may change in the future!
/usr/local/lib/ruby/4.0.0/resolv.rb:207: warning: IO::Buffer is experimental and both the Ruby and C interface may change in the future!
/usr/local/lib/ruby/4.0.0/resolv.rb:207: warning: IO::Buffer is experimental and both the Ruby and C interface may change in the future!
/usr/local/bundle/gems/rage-rb-1.22.1/lib/rage/middleware/fiber_wrapper.rb:11: warning: Scheduler should implement #fiber_interrupt
INFO: 453 is running.
/usr/local/lib/ruby/4.0.0/resolv.rb:207: warning: IO::Buffer is experimental and both the Ruby and C interface may change in the future!
/usr/local/lib/ruby/4.0.0/resolv.rb:207: warning: IO::Buffer is experimental and both the Ruby and C interface may change in the future!
/usr/local/bundle/gems/rage-rb-1.22.1/lib/rage/middleware/fiber_wrapper.rb:11: warning: Scheduler should implement #fiber_interrupt
INFO: 458 is running.
/usr/local/lib/ruby/4.0.0/resolv.rb:207: warning: IO::Buffer is experimental and both the Ruby and C interface may change in the future!
/usr/local/lib/ruby/4.0.0/resolv.rb:207: warning: IO::Buffer is experimental and both the Ruby and C interface may change in the future!
/usr/local/bundle/gems/rage-rb-1.22.1/lib/rage/middleware/fiber_wrapper.rb:11: warning: Scheduler should implement #fiber_interrupt
/usr/local/lib/ruby/4.0.0/resolv.rb:207: warning: IO::Buffer is experimental and both the Ruby and C interface may change in the future!
INFO: 462 is running.
/usr/local/bundle/gems/rage-rb-1.22.1/lib/rage/middleware/fiber_wrapper.rb:11: warning: Scheduler should implement #fiber_interrupt
INFO: 467 is running.
/usr/local/lib/ruby/4.0.0/resolv.rb:207: warning: IO::Buffer is experimental and both the Ruby and C interface may change in the future!
/usr/local/lib/ruby/4.0.0/resolv.rb:207: warning: IO::Buffer is experimental and both the Ruby and C interface may change in the future!
/usr/local/bundle/gems/rage-rb-1.22.1/lib/rage/middleware/fiber_wrapper.rb:11: warning: Scheduler should implement #fiber_interrupt
INFO: 477 is running.
/usr/local/lib/ruby/4.0.0/resolv.rb:207: warning: IO::Buffer is experimental and both the Ruby and C interface may change in the future!
/usr/local/lib/ruby/4.0.0/resolv.rb:207: warning: IO::Buffer is experimental and both the Ruby and C interface may change in the future!
/usr/local/bundle/gems/rage-rb-1.22.1/lib/rage/middleware/fiber_wrapper.rb:11: warning: Scheduler should implement #fiber_interrupt
INFO: 482 is running.
/usr/local/lib/ruby/4.0.0/resolv.rb:207: warning: IO::Buffer is experimental and both the Ruby and C interface may change in the future!
/usr/local/lib/ruby/4.0.0/resolv.rb:207: warning: IO::Buffer is experimental and both the Ruby and C interface may change in the future!
/usr/local/bundle/gems/rage-rb-1.22.1/lib/rage/middleware/fiber_wrapper.rb:11: warning: Scheduler should implement #fiber_interrupt
/usr/local/bundle/gems/rage-rb-1.22.1/lib/rage/middleware/fiber_wrapper.rb:11: warning: Scheduler should implement #fiber_interrupt
INFO: 492 is running.
INFO: 487 is running.
/usr/local/lib/ruby/4.0.0/resolv.rb:207: warning: IO::Buffer is experimental and both the Ruby and C interface may change in the future!
/usr/local/lib/ruby/4.0.0/resolv.rb:207: warning: IO::Buffer is experimental and both the Ruby and C interface may change in the future!
/usr/local/bundle/gems/rage-rb-1.22.1/lib/rage/middleware/fiber_wrapper.rb:11: warning: Scheduler should implement #fiber_interrupt
INFO: 500 is running.
/usr/local/lib/ruby/4.0.0/resolv.rb:207: warning: IO::Buffer is experimental and both the Ruby and C interface may change in the future!
/usr/local/bundle/gems/rage-rb-1.22.1/lib/rage/middleware/fiber_wrapper.rb:11: warning: Scheduler should implement #fiber_interrupt
INFO: 472 is running.
/usr/local/lib/ruby/4.0.0/resolv.rb:207: warning: IO::Buffer is experimental and both the Ruby and C interface may change in the future!
/usr/local/bundle/gems/rage-rb-1.22.1/lib/rage/middleware/fiber_wrapper.rb:11: warning: Scheduler should implement #fiber_interrupt
INFO: 507 is running.
/usr/local/lib/ruby/4.0.0/resolv.rb:207: warning: IO::Buffer is experimental and both the Ruby and C interface may change in the future!
/usr/local/bundle/gems/rage-rb-1.22.1/lib/rage/middleware/fiber_wrapper.rb:11: warning: Scheduler should implement #fiber_interrupt
INFO: 511 is running.
/usr/local/bundle/gems/rage-rb-1.22.1/lib/rage/middleware/fiber_wrapper.rb:11: warning: Scheduler should implement #fiber_interrupt
INFO: 516 is running.
/usr/local/bundle/gems/rage-rb-1.22.1/lib/rage/middleware/fiber_wrapper.rb:11: warning: Scheduler should implement #fiber_interrupt
INFO: 496 is running.
/usr/local/lib/ruby/4.0.0/resolv.rb:207: warning: IO::Buffer is experimental and both the Ruby and C interface may change in the future!
/usr/local/lib/ruby/4.0.0/resolv.rb:207: warning: IO::Buffer is experimental and both the Ruby and C interface may change in the future!
/usr/local/lib/ruby/4.0.0/resolv.rb:207: warning: IO::Buffer is experimental and both the Ruby and C interface may change in the future!
/usr/local/bundle/gems/rage-rb-1.22.1/lib/rage/middleware/fiber_wrapper.rb:11: warning: Scheduler should implement #fiber_interrupt
INFO: 521 is running.
/usr/local/lib/ruby/4.0.0/resolv.rb:207: warning: IO::Buffer is experimental and both the Ruby and C interface may change in the future!
/usr/local/lib/ruby/4.0.0/resolv.rb:207: warning: IO::Buffer is experimental and both the Ruby and C interface may change in the future!
/usr/local/bundle/gems/rage-rb-1.22.1/lib/rage/middleware/fiber_wrapper.rb:11: warning: Scheduler should implement #fiber_interrupt
INFO: 526 is running.
/usr/local/bundle/gems/rage-rb-1.22.1/lib/rage/middleware/fiber_wrapper.rb:11: warning: Scheduler should implement #fiber_interrupt
INFO: 531 is running.
/usr/local/bundle/gems/rage-rb-1.22.1/lib/rage/middleware/fiber_wrapper.rb:11: warning: Scheduler should implement #fiber_interrupt
INFO: 536 is running.
/usr/local/lib/ruby/4.0.0/resolv.rb:207: warning: IO::Buffer is experimental and both the Ruby and C interface may change in the future!
/usr/local/bundle/gems/rage-rb-1.22.1/lib/rage/middleware/fiber_wrapper.rb:11: warning: Scheduler should implement #fiber_interrupt
INFO: 542 is running.
/usr/local/bundle/gems/rage-rb-1.22.1/lib/rage/middleware/fiber_wrapper.rb:11: warning: Scheduler should implement #fiber_interrupt
INFO: 547 is running.
/usr/local/bundle/gems/rage-rb-1.22.1/lib/rage/middleware/fiber_wrapper.rb:11: warning: Scheduler should implement #fiber_interrupt
INFO: 552 is running.
/usr/local/lib/ruby/4.0.0/resolv.rb:207: warning: IO::Buffer is experimental and both the Ruby and C interface may change in the future!
/usr/local/bundle/gems/rage-rb-1.22.1/lib/rage/middleware/fiber_wrapper.rb:11: warning: Scheduler should implement #fiber_interrupt
INFO: 557 is running.
/usr/local/lib/ruby/4.0.0/resolv.rb:207: warning: IO::Buffer is experimental and both the Ruby and C interface may change in the future!
/usr/local/lib/ruby/4.0.0/resolv.rb:207: warning: IO::Buffer is experimental and both the Ruby and C interface may change in the future!
/usr/local/bundle/gems/rage-rb-1.22.1/lib/rage/middleware/fiber_wrapper.rb:11: warning: Scheduler should implement #fiber_interrupt
INFO: 562 is running.
/usr/local/bundle/gems/rage-rb-1.22.1/lib/rage/middleware/fiber_wrapper.rb:11: warning: Scheduler should implement #fiber_interrupt
INFO: 567 is running.
/usr/local/lib/ruby/4.0.0/resolv.rb:207: warning: IO::Buffer is experimental and both the Ruby and C interface may change in the future!
/usr/local/bundle/gems/rage-rb-1.22.1/lib/rage/middleware/fiber_wrapper.rb:11: warning: Scheduler should implement #fiber_interrupt
INFO: 572 is running.
/usr/local/bundle/gems/rage-rb-1.22.1/lib/rage/middleware/fiber_wrapper.rb:11: warning: Scheduler should implement #fiber_interrupt
INFO: 577 is running.
/usr/local/lib/ruby/4.0.0/resolv.rb:207: warning: IO::Buffer is experimental and both the Ruby and C interface may change in the future!
/usr/local/lib/ruby/4.0.0/resolv.rb:207: warning: IO::Buffer is experimental and both the Ruby and C interface may change in the future!
/usr/local/bundle/gems/rage-rb-1.22.1/lib/rage/middleware/fiber_wrapper.rb:11: warning: Scheduler should implement #fiber_interrupt
INFO: 582 is running.
/usr/local/lib/ruby/4.0.0/resolv.rb:207: warning: IO::Buffer is experimental and both the Ruby and C interface may change in the future!
/usr/local/bundle/gems/rage-rb-1.22.1/lib/rage/middleware/fiber_wrapper.rb:11: warning: Scheduler should implement #fiber_interrupt
INFO: 587 is running.
/usr/local/bundle/gems/rage-rb-1.22.1/lib/rage/middleware/fiber_wrapper.rb:11: warning: Scheduler should implement #fiber_interrupt
INFO: 592 is running.
/usr/local/lib/ruby/4.0.0/resolv.rb:207: warning: IO::Buffer is experimental and both the Ruby and C interface may change in the future!
/usr/local/lib/ruby/4.0.0/resolv.rb:207: warning: IO::Buffer is experimental and both the Ruby and C interface may change in the future!
/usr/local/lib/ruby/4.0.0/resolv.rb:207: warning: IO::Buffer is experimental and both the Ruby and C interface may change in the future!
/usr/local/bundle/gems/rage-rb-1.22.1/lib/rage/middleware/fiber_wrapper.rb:11: warning: Scheduler should implement #fiber_interrupt
INFO: 597 is running.
/usr/local/lib/ruby/4.0.0/resolv.rb:207: warning: IO::Buffer is experimental and both the Ruby and C interface may change in the future!
/usr/local/bundle/gems/rage-rb-1.22.1/lib/rage/middleware/fiber_wrapper.rb:11: warning: Scheduler should implement #fiber_interrupt
INFO: 602 is running.
/usr/local/bundle/gems/rage-rb-1.22.1/lib/rage/middleware/fiber_wrapper.rb:11: warning: Scheduler should implement #fiber_interrupt
INFO: 607 is running.
/usr/local/lib/ruby/4.0.0/resolv.rb:207: warning: IO::Buffer is experimental and both the Ruby and C interface may change in the future!
/usr/local/bundle/gems/rage-rb-1.22.1/lib/rage/middleware/fiber_wrapper.rb:11: warning: Scheduler should implement #fiber_interrupt
INFO: 614 is running.
/usr/local/lib/ruby/4.0.0/resolv.rb:207: warning: IO::Buffer is experimental and both the Ruby and C interface may change in the future!
/usr/local/bundle/gems/rage-rb-1.22.1/lib/rage/middleware/fiber_wrapper.rb:11: warning: Scheduler should implement #fiber_interrupt
INFO: 618 is running.
/usr/local/lib/ruby/4.0.0/resolv.rb:207: warning: IO::Buffer is experimental and both the Ruby and C interface may change in the future!
/usr/local/bundle/gems/rage-rb-1.22.1/lib/rage/middleware/fiber_wrapper.rb:11: warning: Scheduler should implement #fiber_interrupt
INFO: 622 is running.
/usr/local/lib/ruby/4.0.0/resolv.rb:207: warning: IO::Buffer is experimental and both the Ruby and C interface may change in the future!
/usr/local/bundle/gems/rage-rb-1.22.1/lib/rage/middleware/fiber_wrapper.rb:11: warning: Scheduler should implement #fiber_interrupt
INFO: 627 is running.
/usr/local/lib/ruby/4.0.0/resolv.rb:207: warning: IO::Buffer is experimental and both the Ruby and C interface may change in the future!
/usr/local/bundle/gems/rage-rb-1.22.1/lib/rage/middleware/fiber_wrapper.rb:11: warning: Scheduler should implement #fiber_interrupt
INFO: 632 is running.
/usr/local/bundle/gems/rage-rb-1.22.1/lib/rage/middleware/fiber_wrapper.rb:11: warning: Scheduler should implement #fiber_interrupt
INFO: 637 is running.
/usr/local/lib/ruby/4.0.0/resolv.rb:207: warning: IO::Buffer is experimental and both the Ruby and C interface may change in the future!
/usr/local/lib/ruby/4.0.0/resolv.rb:207: warning: IO::Buffer is experimental and both the Ruby and C interface may change in the future!
/usr/local/lib/ruby/4.0.0/resolv.rb:207: warning: IO::Buffer is experimental and both the Ruby and C interface may change in the future!
/usr/local/lib/ruby/4.0.0/resolv.rb:207: warning: IO::Buffer is experimental and both the Ruby and C interface may change in the future!
/usr/local/lib/ruby/4.0.0/resolv.rb:207: warning: IO::Buffer is experimental and both the Ruby and C interface may change in the future!
/usr/local/lib/ruby/4.0.0/resolv.rb:207: warning: IO::Buffer is experimental and both the Ruby and C interface may change in the future!
/usr/local/lib/ruby/4.0.0/resolv.rb:207: warning: IO::Buffer is experimental and both the Ruby and C interface may change in the future!
