[2026-04-06 10:34:37 +0000] [1] [INFO] Starting gunicorn 23.0.0
[2026-04-06 10:34:37 +0000] [1] [INFO] Listening at: http://0.0.0.0:8080 (1)
[2026-04-06 10:34:37 +0000] [1] [INFO] Using worker: uvicorn.workers.UvicornWorker
[2026-04-06 10:34:37 +0000] [8] [INFO] Booting worker with pid: 8
[2026-04-06 10:34:37 +0000] [9] [INFO] Booting worker with pid: 9
[2026-04-06 10:34:37 +0000] [10] [INFO] Booting worker with pid: 10
[2026-04-06 10:34:37 +0000] [11] [INFO] Booting worker with pid: 11
[2026-04-06 10:34:37 +0000] [12] [INFO] Booting worker with pid: 12
[2026-04-06 10:34:37 +0000] [8] [INFO] Started server process [8]
[2026-04-06 10:34:37 +0000] [9] [INFO] Started server process [9]
[2026-04-06 10:34:37 +0000] [8] [INFO] Waiting for application startup.
[2026-04-06 10:34:37 +0000] [9] [INFO] Waiting for application startup.
[2026-04-06 10:34:37 +0000] [10] [INFO] Started server process [10]
[2026-04-06 10:34:37 +0000] [10] [INFO] Waiting for application startup.
[2026-04-06 10:34:37 +0000] [10] [INFO] Application startup complete.
[2026-04-06 10:34:37 +0000] [9] [INFO] Application startup complete.
[2026-04-06 10:34:37 +0000] [8] [INFO] Application startup complete.
[2026-04-06 10:34:37 +0000] [11] [INFO] Started server process [11]
[2026-04-06 10:34:37 +0000] [11] [INFO] Waiting for application startup.
[2026-04-06 10:34:37 +0000] [11] [INFO] Application startup complete.
[2026-04-06 10:34:37 +0000] [12] [INFO] Started server process [12]
[2026-04-06 10:34:37 +0000] [12] [INFO] Waiting for application startup.
[2026-04-06 10:34:37 +0000] [12] [INFO] Application startup complete.
[2026-04-06 10:34:37 +0000] [38] [INFO] Booting worker with pid: 38
[2026-04-06 10:34:37 +0000] [38] [INFO] Started server process [38]
[2026-04-06 10:34:37 +0000] [38] [INFO] Waiting for application startup.
[2026-04-06 10:34:37 +0000] [38] [INFO] Application startup complete.
[2026-04-06 10:34:37 +0000] [44] [INFO] Booting worker with pid: 44
[2026-04-06 10:34:37 +0000] [45] [INFO] Booting worker with pid: 45
[2026-04-06 10:34:37 +0000] [46] [INFO] Booting worker with pid: 46
[2026-04-06 10:34:37 +0000] [47] [INFO] Booting worker with pid: 47
[2026-04-06 10:34:37 +0000] [48] [INFO] Booting worker with pid: 48
[2026-04-06 10:34:37 +0000] [44] [INFO] Started server process [44]
[2026-04-06 10:34:37 +0000] [44] [INFO] Waiting for application startup.
[2026-04-06 10:34:37 +0000] [44] [INFO] Application startup complete.
[2026-04-06 10:34:37 +0000] [54] [INFO] Booting worker with pid: 54
[2026-04-06 10:34:37 +0000] [45] [INFO] Started server process [45]
[2026-04-06 10:34:37 +0000] [45] [INFO] Waiting for application startup.
[2026-04-06 10:34:37 +0000] [62] [INFO] Booting worker with pid: 62
[2026-04-06 10:34:37 +0000] [45] [INFO] Application startup complete.
[2026-04-06 10:34:37 +0000] [46] [INFO] Started server process [46]
[2026-04-06 10:34:37 +0000] [46] [INFO] Waiting for application startup.
[2026-04-06 10:34:37 +0000] [47] [INFO] Started server process [47]
[2026-04-06 10:34:37 +0000] [47] [INFO] Waiting for application startup.
[2026-04-06 10:34:37 +0000] [46] [INFO] Application startup complete.
[2026-04-06 10:34:37 +0000] [48] [INFO] Started server process [48]
[2026-04-06 10:34:37 +0000] [48] [INFO] Waiting for application startup.
[2026-04-06 10:34:37 +0000] [47] [INFO] Application startup complete.
[2026-04-06 10:34:37 +0000] [48] [INFO] Application startup complete.
[2026-04-06 10:34:37 +0000] [54] [INFO] Started server process [54]
[2026-04-06 10:34:37 +0000] [54] [INFO] Waiting for application startup.
[2026-04-06 10:34:37 +0000] [54] [INFO] Application startup complete.
[2026-04-06 10:34:37 +0000] [82] [INFO] Booting worker with pid: 82
[2026-04-06 10:34:37 +0000] [62] [INFO] Started server process [62]
[2026-04-06 10:34:37 +0000] [62] [INFO] Waiting for application startup.
[2026-04-06 10:34:37 +0000] [62] [INFO] Application startup complete.
[2026-04-06 10:34:37 +0000] [82] [INFO] Started server process [82]
[2026-04-06 10:34:37 +0000] [82] [INFO] Waiting for application startup.
[2026-04-06 10:34:37 +0000] [82] [INFO] Application startup complete.
[2026-04-06 10:34:37 +0000] [92] [INFO] Booting worker with pid: 92
[2026-04-06 10:34:37 +0000] [93] [INFO] Booting worker with pid: 93
[2026-04-06 10:34:37 +0000] [92] [INFO] Started server process [92]
[2026-04-06 10:34:37 +0000] [92] [INFO] Waiting for application startup.
[2026-04-06 10:34:37 +0000] [92] [INFO] Application startup complete.
[2026-04-06 10:34:37 +0000] [93] [INFO] Started server process [93]
[2026-04-06 10:34:37 +0000] [93] [INFO] Waiting for application startup.
[2026-04-06 10:34:37 +0000] [93] [INFO] Application startup complete.
