[2026-04-06 02:06:43 +0000] [1] [INFO] Starting gunicorn 23.0.0
[2026-04-06 02:06:43 +0000] [1] [INFO] Listening at: http://0.0.0.0:8080 (1)
[2026-04-06 02:06:43 +0000] [1] [INFO] Using worker: uvicorn.workers.UvicornWorker
[2026-04-06 02:06:43 +0000] [7] [INFO] Booting worker with pid: 7
[2026-04-06 02:06:43 +0000] [8] [INFO] Booting worker with pid: 8
[2026-04-06 02:06:43 +0000] [9] [INFO] Booting worker with pid: 9
[2026-04-06 02:06:43 +0000] [10] [INFO] Booting worker with pid: 10
[2026-04-06 02:06:44 +0000] [11] [INFO] Booting worker with pid: 11
[2026-04-06 02:06:44 +0000] [12] [INFO] Booting worker with pid: 12
[2026-04-06 02:06:44 +0000] [16] [INFO] Booting worker with pid: 16
[2026-04-06 02:06:44 +0000] [8] [INFO] Started server process [8]
[2026-04-06 02:06:44 +0000] [9] [INFO] Started server process [9]
[2026-04-06 02:06:44 +0000] [7] [INFO] Started server process [7]
[2026-04-06 02:06:44 +0000] [8] [INFO] Waiting for application startup.
[2026-04-06 02:06:44 +0000] [9] [INFO] Waiting for application startup.
[2026-04-06 02:06:44 +0000] [7] [INFO] Waiting for application startup.
[2026-04-06 02:06:44 +0000] [7] [INFO] Application startup complete.
[2026-04-06 02:06:44 +0000] [9] [INFO] Application startup complete.
[2026-04-06 02:06:44 +0000] [8] [INFO] Application startup complete.
[2026-04-06 02:06:44 +0000] [10] [INFO] Started server process [10]
[2026-04-06 02:06:44 +0000] [10] [INFO] Waiting for application startup.
[2026-04-06 02:06:44 +0000] [10] [INFO] Application startup complete.
[2026-04-06 02:06:44 +0000] [18] [INFO] Booting worker with pid: 18
[2026-04-06 02:06:44 +0000] [20] [INFO] Booting worker with pid: 20
[2026-04-06 02:06:44 +0000] [11] [INFO] Started server process [11]
[2026-04-06 02:06:44 +0000] [11] [INFO] Waiting for application startup.
[2026-04-06 02:06:44 +0000] [11] [INFO] Application startup complete.
[2026-04-06 02:06:44 +0000] [12] [INFO] Started server process [12]
[2026-04-06 02:06:44 +0000] [12] [INFO] Waiting for application startup.
[2026-04-06 02:06:44 +0000] [12] [INFO] Application startup complete.
[2026-04-06 02:06:44 +0000] [22] [INFO] Booting worker with pid: 22
[2026-04-06 02:06:44 +0000] [23] [INFO] Booting worker with pid: 23
[2026-04-06 02:06:44 +0000] [16] [INFO] Started server process [16]
[2026-04-06 02:06:44 +0000] [16] [INFO] Waiting for application startup.
[2026-04-06 02:06:44 +0000] [16] [INFO] Application startup complete.
[2026-04-06 02:06:44 +0000] [18] [INFO] Started server process [18]
[2026-04-06 02:06:44 +0000] [18] [INFO] Waiting for application startup.
[2026-04-06 02:06:44 +0000] [18] [INFO] Application startup complete.
[2026-04-06 02:06:44 +0000] [26] [INFO] Booting worker with pid: 26
[2026-04-06 02:06:44 +0000] [20] [INFO] Started server process [20]
[2026-04-06 02:06:44 +0000] [20] [INFO] Waiting for application startup.
[2026-04-06 02:06:44 +0000] [20] [INFO] Application startup complete.
[2026-04-06 02:06:44 +0000] [28] [INFO] Booting worker with pid: 28
[2026-04-06 02:06:44 +0000] [22] [INFO] Started server process [22]
[2026-04-06 02:06:44 +0000] [22] [INFO] Waiting for application startup.
[2026-04-06 02:06:44 +0000] [22] [INFO] Application startup complete.
[2026-04-06 02:06:44 +0000] [31] [INFO] Booting worker with pid: 31
[2026-04-06 02:06:44 +0000] [23] [INFO] Started server process [23]
[2026-04-06 02:06:44 +0000] [23] [INFO] Waiting for application startup.
[2026-04-06 02:06:44 +0000] [23] [INFO] Application startup complete.
[2026-04-06 02:06:44 +0000] [32] [INFO] Booting worker with pid: 32
[2026-04-06 02:06:44 +0000] [34] [INFO] Booting worker with pid: 34
[2026-04-06 02:06:44 +0000] [26] [INFO] Started server process [26]
[2026-04-06 02:06:44 +0000] [26] [INFO] Waiting for application startup.
[2026-04-06 02:06:44 +0000] [26] [INFO] Application startup complete.
[2026-04-06 02:06:44 +0000] [35] [INFO] Booting worker with pid: 35
[2026-04-06 02:06:44 +0000] [37] [INFO] Booting worker with pid: 37
[2026-04-06 02:06:44 +0000] [28] [INFO] Started server process [28]
[2026-04-06 02:06:44 +0000] [28] [INFO] Waiting for application startup.
[2026-04-06 02:06:44 +0000] [28] [INFO] Application startup complete.
[2026-04-06 02:06:44 +0000] [39] [INFO] Booting worker with pid: 39
[2026-04-06 02:06:44 +0000] [31] [INFO] Started server process [31]
[2026-04-06 02:06:44 +0000] [31] [INFO] Waiting for application startup.
[2026-04-06 02:06:44 +0000] [31] [INFO] Application startup complete.
[2026-04-06 02:06:45 +0000] [32] [INFO] Started server process [32]
[2026-04-06 02:06:45 +0000] [32] [INFO] Waiting for application startup.
[2026-04-06 02:06:45 +0000] [32] [INFO] Application startup complete.
[2026-04-06 02:06:45 +0000] [41] [INFO] Booting worker with pid: 41
[2026-04-06 02:06:45 +0000] [42] [INFO] Booting worker with pid: 42
[2026-04-06 02:06:45 +0000] [34] [INFO] Started server process [34]
[2026-04-06 02:06:45 +0000] [34] [INFO] Waiting for application startup.
[2026-04-06 02:06:45 +0000] [34] [INFO] Application startup complete.
[2026-04-06 02:06:45 +0000] [45] [INFO] Booting worker with pid: 45
[2026-04-06 02:06:45 +0000] [35] [INFO] Started server process [35]
[2026-04-06 02:06:45 +0000] [35] [INFO] Waiting for application startup.
[2026-04-06 02:06:45 +0000] [35] [INFO] Application startup complete.
[2026-04-06 02:06:45 +0000] [37] [INFO] Started server process [37]
[2026-04-06 02:06:45 +0000] [37] [INFO] Waiting for application startup.
[2026-04-06 02:06:45 +0000] [37] [INFO] Application startup complete.
[2026-04-06 02:06:45 +0000] [47] [INFO] Booting worker with pid: 47
[2026-04-06 02:06:45 +0000] [39] [INFO] Started server process [39]
[2026-04-06 02:06:45 +0000] [39] [INFO] Waiting for application startup.
[2026-04-06 02:06:45 +0000] [39] [INFO] Application startup complete.
[2026-04-06 02:06:45 +0000] [49] [INFO] Booting worker with pid: 49
[2026-04-06 02:06:45 +0000] [51] [INFO] Booting worker with pid: 51
[2026-04-06 02:06:45 +0000] [52] [INFO] Booting worker with pid: 52
[2026-04-06 02:06:45 +0000] [41] [INFO] Started server process [41]
[2026-04-06 02:06:45 +0000] [41] [INFO] Waiting for application startup.
[2026-04-06 02:06:45 +0000] [41] [INFO] Application startup complete.
[2026-04-06 02:06:45 +0000] [42] [INFO] Started server process [42]
[2026-04-06 02:06:45 +0000] [42] [INFO] Waiting for application startup.
[2026-04-06 02:06:45 +0000] [42] [INFO] Application startup complete.
[2026-04-06 02:06:45 +0000] [54] [INFO] Booting worker with pid: 54
[2026-04-06 02:06:45 +0000] [55] [INFO] Booting worker with pid: 55
[2026-04-06 02:06:45 +0000] [56] [INFO] Booting worker with pid: 56
[2026-04-06 02:06:45 +0000] [45] [INFO] Started server process [45]
[2026-04-06 02:06:45 +0000] [45] [INFO] Waiting for application startup.
[2026-04-06 02:06:45 +0000] [45] [INFO] Application startup complete.
[2026-04-06 02:06:45 +0000] [58] [INFO] Booting worker with pid: 58
[2026-04-06 02:06:45 +0000] [47] [INFO] Started server process [47]
[2026-04-06 02:06:45 +0000] [47] [INFO] Waiting for application startup.
[2026-04-06 02:06:45 +0000] [47] [INFO] Application startup complete.
[2026-04-06 02:06:45 +0000] [60] [INFO] Booting worker with pid: 60
[2026-04-06 02:06:45 +0000] [61] [INFO] Booting worker with pid: 61
[2026-04-06 02:06:45 +0000] [62] [INFO] Booting worker with pid: 62
[2026-04-06 02:06:45 +0000] [51] [INFO] Started server process [51]
[2026-04-06 02:06:45 +0000] [51] [INFO] Waiting for application startup.
[2026-04-06 02:06:45 +0000] [51] [INFO] Application startup complete.
[2026-04-06 02:06:45 +0000] [49] [INFO] Started server process [49]
[2026-04-06 02:06:45 +0000] [49] [INFO] Waiting for application startup.
[2026-04-06 02:06:45 +0000] [49] [INFO] Application startup complete.
[2026-04-06 02:06:45 +0000] [52] [INFO] Started server process [52]
[2026-04-06 02:06:45 +0000] [52] [INFO] Waiting for application startup.
[2026-04-06 02:06:45 +0000] [52] [INFO] Application startup complete.
[2026-04-06 02:06:45 +0000] [66] [INFO] Booting worker with pid: 66
[2026-04-06 02:06:45 +0000] [54] [INFO] Started server process [54]
[2026-04-06 02:06:45 +0000] [54] [INFO] Waiting for application startup.
[2026-04-06 02:06:45 +0000] [54] [INFO] Application startup complete.
[2026-04-06 02:06:45 +0000] [55] [INFO] Started server process [55]
[2026-04-06 02:06:45 +0000] [55] [INFO] Waiting for application startup.
[2026-04-06 02:06:45 +0000] [55] [INFO] Application startup complete.
[2026-04-06 02:06:45 +0000] [56] [INFO] Started server process [56]
[2026-04-06 02:06:45 +0000] [56] [INFO] Waiting for application startup.
[2026-04-06 02:06:45 +0000] [56] [INFO] Application startup complete.
[2026-04-06 02:06:45 +0000] [70] [INFO] Booting worker with pid: 70
[2026-04-06 02:06:45 +0000] [58] [INFO] Started server process [58]
[2026-04-06 02:06:45 +0000] [58] [INFO] Waiting for application startup.
[2026-04-06 02:06:45 +0000] [58] [INFO] Application startup complete.
[2026-04-06 02:06:45 +0000] [72] [INFO] Booting worker with pid: 72
[2026-04-06 02:06:45 +0000] [60] [INFO] Started server process [60]
[2026-04-06 02:06:45 +0000] [60] [INFO] Waiting for application startup.
[2026-04-06 02:06:45 +0000] [60] [INFO] Application startup complete.
[2026-04-06 02:06:45 +0000] [61] [INFO] Started server process [61]
[2026-04-06 02:06:45 +0000] [61] [INFO] Waiting for application startup.
[2026-04-06 02:06:45 +0000] [61] [INFO] Application startup complete.
[2026-04-06 02:06:45 +0000] [75] [INFO] Booting worker with pid: 75
[2026-04-06 02:06:45 +0000] [76] [INFO] Booting worker with pid: 76
[2026-04-06 02:06:45 +0000] [77] [INFO] Booting worker with pid: 77
[2026-04-06 02:06:45 +0000] [78] [INFO] Booting worker with pid: 78
[2026-04-06 02:06:45 +0000] [79] [INFO] Booting worker with pid: 79
[2026-04-06 02:06:46 +0000] [81] [INFO] Booting worker with pid: 81
[2026-04-06 02:06:46 +0000] [62] [INFO] Started server process [62]
[2026-04-06 02:06:46 +0000] [62] [INFO] Waiting for application startup.
[2026-04-06 02:06:46 +0000] [62] [INFO] Application startup complete.
[2026-04-06 02:06:46 +0000] [83] [INFO] Booting worker with pid: 83
[2026-04-06 02:06:46 +0000] [66] [INFO] Started server process [66]
[2026-04-06 02:06:46 +0000] [66] [INFO] Waiting for application startup.
[2026-04-06 02:06:46 +0000] [66] [INFO] Application startup complete.
[2026-04-06 02:06:46 +0000] [84] [INFO] Booting worker with pid: 84
[2026-04-06 02:06:46 +0000] [70] [INFO] Started server process [70]
[2026-04-06 02:06:46 +0000] [70] [INFO] Waiting for application startup.
[2026-04-06 02:06:46 +0000] [70] [INFO] Application startup complete.
[2026-04-06 02:06:46 +0000] [86] [INFO] Booting worker with pid: 86
[2026-04-06 02:06:46 +0000] [87] [INFO] Booting worker with pid: 87
[2026-04-06 02:06:46 +0000] [89] [INFO] Booting worker with pid: 89
[2026-04-06 02:06:46 +0000] [72] [INFO] Started server process [72]
[2026-04-06 02:06:46 +0000] [72] [INFO] Waiting for application startup.
[2026-04-06 02:06:46 +0000] [72] [INFO] Application startup complete.
[2026-04-06 02:06:46 +0000] [90] [INFO] Booting worker with pid: 90
[2026-04-06 02:06:46 +0000] [75] [INFO] Started server process [75]
[2026-04-06 02:06:46 +0000] [75] [INFO] Waiting for application startup.
[2026-04-06 02:06:46 +0000] [75] [INFO] Application startup complete.
[2026-04-06 02:06:46 +0000] [93] [INFO] Booting worker with pid: 93
[2026-04-06 02:06:46 +0000] [76] [INFO] Started server process [76]
[2026-04-06 02:06:46 +0000] [76] [INFO] Waiting for application startup.
[2026-04-06 02:06:46 +0000] [76] [INFO] Application startup complete.
[2026-04-06 02:06:46 +0000] [77] [INFO] Started server process [77]
[2026-04-06 02:06:46 +0000] [77] [INFO] Waiting for application startup.
[2026-04-06 02:06:46 +0000] [77] [INFO] Application startup complete.
[2026-04-06 02:06:46 +0000] [96] [INFO] Booting worker with pid: 96
[2026-04-06 02:06:46 +0000] [78] [INFO] Started server process [78]
[2026-04-06 02:06:46 +0000] [78] [INFO] Waiting for application startup.
[2026-04-06 02:06:46 +0000] [78] [INFO] Application startup complete.
[2026-04-06 02:06:46 +0000] [79] [INFO] Started server process [79]
[2026-04-06 02:06:46 +0000] [79] [INFO] Waiting for application startup.
[2026-04-06 02:06:46 +0000] [79] [INFO] Application startup complete.
[2026-04-06 02:06:46 +0000] [99] [INFO] Booting worker with pid: 99
[2026-04-06 02:06:46 +0000] [81] [INFO] Started server process [81]
[2026-04-06 02:06:46 +0000] [81] [INFO] Waiting for application startup.
[2026-04-06 02:06:46 +0000] [81] [INFO] Application startup complete.
[2026-04-06 02:06:46 +0000] [83] [INFO] Started server process [83]
[2026-04-06 02:06:46 +0000] [83] [INFO] Waiting for application startup.
[2026-04-06 02:06:46 +0000] [83] [INFO] Application startup complete.
[2026-04-06 02:06:46 +0000] [101] [INFO] Booting worker with pid: 101
[2026-04-06 02:06:46 +0000] [84] [INFO] Started server process [84]
[2026-04-06 02:06:46 +0000] [84] [INFO] Waiting for application startup.
[2026-04-06 02:06:46 +0000] [84] [INFO] Application startup complete.
[2026-04-06 02:06:46 +0000] [105] [INFO] Booting worker with pid: 105
[2026-04-06 02:06:46 +0000] [86] [INFO] Started server process [86]
[2026-04-06 02:06:46 +0000] [86] [INFO] Waiting for application startup.
[2026-04-06 02:06:46 +0000] [86] [INFO] Application startup complete.
[2026-04-06 02:06:46 +0000] [87] [INFO] Started server process [87]
[2026-04-06 02:06:46 +0000] [87] [INFO] Waiting for application startup.
[2026-04-06 02:06:46 +0000] [87] [INFO] Application startup complete.
[2026-04-06 02:06:46 +0000] [89] [INFO] Started server process [89]
[2026-04-06 02:06:46 +0000] [89] [INFO] Waiting for application startup.
[2026-04-06 02:06:46 +0000] [89] [INFO] Application startup complete.
[2026-04-06 02:06:46 +0000] [90] [INFO] Started server process [90]
[2026-04-06 02:06:46 +0000] [90] [INFO] Waiting for application startup.
[2026-04-06 02:06:46 +0000] [90] [INFO] Application startup complete.
[2026-04-06 02:06:46 +0000] [108] [INFO] Booting worker with pid: 108
[2026-04-06 02:06:46 +0000] [93] [INFO] Started server process [93]
[2026-04-06 02:06:46 +0000] [93] [INFO] Waiting for application startup.
[2026-04-06 02:06:46 +0000] [93] [INFO] Application startup complete.
[2026-04-06 02:06:46 +0000] [110] [INFO] Booting worker with pid: 110
[2026-04-06 02:06:46 +0000] [96] [INFO] Started server process [96]
[2026-04-06 02:06:46 +0000] [96] [INFO] Waiting for application startup.
[2026-04-06 02:06:46 +0000] [96] [INFO] Application startup complete.
[2026-04-06 02:06:46 +0000] [112] [INFO] Booting worker with pid: 112
[2026-04-06 02:06:46 +0000] [114] [INFO] Booting worker with pid: 114
[2026-04-06 02:06:46 +0000] [99] [INFO] Started server process [99]
[2026-04-06 02:06:46 +0000] [99] [INFO] Waiting for application startup.
[2026-04-06 02:06:46 +0000] [99] [INFO] Application startup complete.
[2026-04-06 02:06:47 +0000] [116] [INFO] Booting worker with pid: 116
[2026-04-06 02:06:47 +0000] [101] [INFO] Started server process [101]
[2026-04-06 02:06:47 +0000] [101] [INFO] Waiting for application startup.
[2026-04-06 02:06:47 +0000] [101] [INFO] Application startup complete.
[2026-04-06 02:06:47 +0000] [118] [INFO] Booting worker with pid: 118
[2026-04-06 02:06:47 +0000] [105] [INFO] Started server process [105]
[2026-04-06 02:06:47 +0000] [105] [INFO] Waiting for application startup.
[2026-04-06 02:06:47 +0000] [105] [INFO] Application startup complete.
[2026-04-06 02:06:47 +0000] [119] [INFO] Booting worker with pid: 119
[2026-04-06 02:06:47 +0000] [121] [INFO] Booting worker with pid: 121
[2026-04-06 02:06:47 +0000] [108] [INFO] Started server process [108]
[2026-04-06 02:06:47 +0000] [108] [INFO] Waiting for application startup.
[2026-04-06 02:06:47 +0000] [108] [INFO] Application startup complete.
[2026-04-06 02:06:47 +0000] [123] [INFO] Booting worker with pid: 123
[2026-04-06 02:06:47 +0000] [110] [INFO] Started server process [110]
[2026-04-06 02:06:47 +0000] [110] [INFO] Waiting for application startup.
[2026-04-06 02:06:47 +0000] [110] [INFO] Application startup complete.
[2026-04-06 02:06:47 +0000] [124] [INFO] Booting worker with pid: 124
[2026-04-06 02:06:47 +0000] [112] [INFO] Started server process [112]
[2026-04-06 02:06:47 +0000] [112] [INFO] Waiting for application startup.
[2026-04-06 02:06:47 +0000] [112] [INFO] Application startup complete.
[2026-04-06 02:06:47 +0000] [126] [INFO] Booting worker with pid: 126
[2026-04-06 02:06:47 +0000] [114] [INFO] Started server process [114]
[2026-04-06 02:06:47 +0000] [114] [INFO] Waiting for application startup.
[2026-04-06 02:06:47 +0000] [114] [INFO] Application startup complete.
[2026-04-06 02:06:47 +0000] [116] [INFO] Started server process [116]
[2026-04-06 02:06:47 +0000] [116] [INFO] Waiting for application startup.
[2026-04-06 02:06:47 +0000] [116] [INFO] Application startup complete.
[2026-04-06 02:06:47 +0000] [118] [INFO] Started server process [118]
[2026-04-06 02:06:47 +0000] [118] [INFO] Waiting for application startup.
[2026-04-06 02:06:47 +0000] [118] [INFO] Application startup complete.
[2026-04-06 02:06:47 +0000] [119] [INFO] Started server process [119]
[2026-04-06 02:06:47 +0000] [119] [INFO] Waiting for application startup.
[2026-04-06 02:06:47 +0000] [119] [INFO] Application startup complete.
[2026-04-06 02:06:47 +0000] [121] [INFO] Started server process [121]
[2026-04-06 02:06:47 +0000] [121] [INFO] Waiting for application startup.
[2026-04-06 02:06:47 +0000] [121] [INFO] Application startup complete.
[2026-04-06 02:06:47 +0000] [123] [INFO] Started server process [123]
[2026-04-06 02:06:47 +0000] [123] [INFO] Waiting for application startup.
[2026-04-06 02:06:47 +0000] [123] [INFO] Application startup complete.
[2026-04-06 02:06:47 +0000] [124] [INFO] Started server process [124]
[2026-04-06 02:06:47 +0000] [124] [INFO] Waiting for application startup.
[2026-04-06 02:06:47 +0000] [124] [INFO] Application startup complete.
[2026-04-06 02:06:47 +0000] [126] [INFO] Started server process [126]
[2026-04-06 02:06:47 +0000] [126] [INFO] Waiting for application startup.
[2026-04-06 02:06:47 +0000] [126] [INFO] Application startup complete.
