[2026-04-06 10:35:49 +0000] [1] [INFO] Starting gunicorn 23.0.0
[2026-04-06 10:35:49 +0000] [1] [INFO] Listening at: http://0.0.0.0:8080 (1)
[2026-04-06 10:35:49 +0000] [1] [INFO] Using worker: uvicorn.workers.UvicornWorker
[2026-04-06 10:35:49 +0000] [7] [INFO] Booting worker with pid: 7
[2026-04-06 10:35:49 +0000] [8] [INFO] Booting worker with pid: 8
[2026-04-06 10:35:49 +0000] [9] [INFO] Booting worker with pid: 9
[2026-04-06 10:35:49 +0000] [10] [INFO] Booting worker with pid: 10
[2026-04-06 10:35:49 +0000] [7] [INFO] Started server process [7]
[2026-04-06 10:35:49 +0000] [8] [INFO] Started server process [8]
[2026-04-06 10:35:49 +0000] [9] [INFO] Started server process [9]
[2026-04-06 10:35:49 +0000] [9] [INFO] Waiting for application startup.
[2026-04-06 10:35:49 +0000] [7] [INFO] Waiting for application startup.
[2026-04-06 10:35:49 +0000] [8] [INFO] Waiting for application startup.
[2026-04-06 10:35:49 +0000] [9] [INFO] Application startup complete.
[2026-04-06 10:35:49 +0000] [8] [INFO] Application startup complete.
[2026-04-06 10:35:49 +0000] [7] [INFO] Application startup complete.
[2026-04-06 10:35:49 +0000] [14] [INFO] Booting worker with pid: 14
[2026-04-06 10:35:49 +0000] [15] [INFO] Booting worker with pid: 15
[2026-04-06 10:35:49 +0000] [10] [INFO] Started server process [10]
[2026-04-06 10:35:49 +0000] [10] [INFO] Waiting for application startup.
[2026-04-06 10:35:49 +0000] [10] [INFO] Application startup complete.
[2026-04-06 10:35:49 +0000] [14] [INFO] Started server process [14]
[2026-04-06 10:35:49 +0000] [14] [INFO] Waiting for application startup.
[2026-04-06 10:35:49 +0000] [14] [INFO] Application startup complete.
[2026-04-06 10:35:49 +0000] [19] [INFO] Booting worker with pid: 19
[2026-04-06 10:35:49 +0000] [15] [INFO] Started server process [15]
[2026-04-06 10:35:49 +0000] [15] [INFO] Waiting for application startup.
[2026-04-06 10:35:49 +0000] [15] [INFO] Application startup complete.
[2026-04-06 10:35:49 +0000] [20] [INFO] Booting worker with pid: 20
[2026-04-06 10:35:49 +0000] [21] [INFO] Booting worker with pid: 21
[2026-04-06 10:35:49 +0000] [19] [INFO] Started server process [19]
[2026-04-06 10:35:49 +0000] [19] [INFO] Waiting for application startup.
[2026-04-06 10:35:49 +0000] [19] [INFO] Application startup complete.
[2026-04-06 10:35:49 +0000] [20] [INFO] Started server process [20]
[2026-04-06 10:35:49 +0000] [20] [INFO] Waiting for application startup.
[2026-04-06 10:35:49 +0000] [20] [INFO] Application startup complete.
[2026-04-06 10:35:49 +0000] [21] [INFO] Started server process [21]
[2026-04-06 10:35:49 +0000] [21] [INFO] Waiting for application startup.
[2026-04-06 10:35:49 +0000] [21] [INFO] Application startup complete.
[2026-04-06 10:35:49 +0000] [25] [INFO] Booting worker with pid: 25
[2026-04-06 10:35:49 +0000] [25] [INFO] Started server process [25]
[2026-04-06 10:35:49 +0000] [25] [INFO] Waiting for application startup.
[2026-04-06 10:35:49 +0000] [25] [INFO] Application startup complete.
[2026-04-06 10:35:49 +0000] [27] [INFO] Booting worker with pid: 27
[2026-04-06 10:35:49 +0000] [28] [INFO] Booting worker with pid: 28
[2026-04-06 10:35:49 +0000] [27] [INFO] Started server process [27]
[2026-04-06 10:35:49 +0000] [27] [INFO] Waiting for application startup.
[2026-04-06 10:35:49 +0000] [27] [INFO] Application startup complete.
[2026-04-06 10:35:49 +0000] [30] [INFO] Booting worker with pid: 30
[2026-04-06 10:35:49 +0000] [28] [INFO] Started server process [28]
[2026-04-06 10:35:49 +0000] [28] [INFO] Waiting for application startup.
[2026-04-06 10:35:49 +0000] [28] [INFO] Application startup complete.
[2026-04-06 10:35:49 +0000] [30] [INFO] Started server process [30]
[2026-04-06 10:35:49 +0000] [30] [INFO] Waiting for application startup.
[2026-04-06 10:35:49 +0000] [30] [INFO] Application startup complete.
[2026-04-06 10:35:50 +0000] [33] [INFO] Booting worker with pid: 33
[2026-04-06 10:35:50 +0000] [34] [INFO] Booting worker with pid: 34
[2026-04-06 10:35:50 +0000] [35] [INFO] Booting worker with pid: 35
[2026-04-06 10:35:50 +0000] [37] [INFO] Booting worker with pid: 37
[2026-04-06 10:35:50 +0000] [33] [INFO] Started server process [33]
[2026-04-06 10:35:50 +0000] [33] [INFO] Waiting for application startup.
[2026-04-06 10:35:50 +0000] [33] [INFO] Application startup complete.
[2026-04-06 10:35:50 +0000] [34] [INFO] Started server process [34]
[2026-04-06 10:35:50 +0000] [34] [INFO] Waiting for application startup.
[2026-04-06 10:35:50 +0000] [34] [INFO] Application startup complete.
[2026-04-06 10:35:50 +0000] [35] [INFO] Started server process [35]
[2026-04-06 10:35:50 +0000] [35] [INFO] Waiting for application startup.
[2026-04-06 10:35:50 +0000] [35] [INFO] Application startup complete.
[2026-04-06 10:35:50 +0000] [40] [INFO] Booting worker with pid: 40
[2026-04-06 10:35:50 +0000] [37] [INFO] Started server process [37]
[2026-04-06 10:35:50 +0000] [37] [INFO] Waiting for application startup.
[2026-04-06 10:35:50 +0000] [37] [INFO] Application startup complete.
[2026-04-06 10:35:50 +0000] [42] [INFO] Booting worker with pid: 42
[2026-04-06 10:35:50 +0000] [40] [INFO] Started server process [40]
[2026-04-06 10:35:50 +0000] [40] [INFO] Waiting for application startup.
[2026-04-06 10:35:50 +0000] [40] [INFO] Application startup complete.
[2026-04-06 10:35:50 +0000] [45] [INFO] Booting worker with pid: 45
[2026-04-06 10:35:50 +0000] [42] [INFO] Started server process [42]
[2026-04-06 10:35:50 +0000] [42] [INFO] Waiting for application startup.
[2026-04-06 10:35:50 +0000] [42] [INFO] Application startup complete.
[2026-04-06 10:35:50 +0000] [46] [INFO] Booting worker with pid: 46
[2026-04-06 10:35:50 +0000] [45] [INFO] Started server process [45]
[2026-04-06 10:35:50 +0000] [45] [INFO] Waiting for application startup.
[2026-04-06 10:35:50 +0000] [45] [INFO] Application startup complete.
[2026-04-06 10:35:50 +0000] [48] [INFO] Booting worker with pid: 48
[2026-04-06 10:35:50 +0000] [46] [INFO] Started server process [46]
[2026-04-06 10:35:50 +0000] [46] [INFO] Waiting for application startup.
[2026-04-06 10:35:50 +0000] [46] [INFO] Application startup complete.
[2026-04-06 10:35:50 +0000] [50] [INFO] Booting worker with pid: 50
[2026-04-06 10:35:50 +0000] [51] [INFO] Booting worker with pid: 51
[2026-04-06 10:35:50 +0000] [48] [INFO] Started server process [48]
[2026-04-06 10:35:50 +0000] [48] [INFO] Waiting for application startup.
[2026-04-06 10:35:50 +0000] [48] [INFO] Application startup complete.
[2026-04-06 10:35:50 +0000] [54] [INFO] Booting worker with pid: 54
[2026-04-06 10:35:50 +0000] [50] [INFO] Started server process [50]
[2026-04-06 10:35:50 +0000] [50] [INFO] Waiting for application startup.
[2026-04-06 10:35:50 +0000] [50] [INFO] Application startup complete.
[2026-04-06 10:35:50 +0000] [51] [INFO] Started server process [51]
[2026-04-06 10:35:50 +0000] [51] [INFO] Waiting for application startup.
[2026-04-06 10:35:50 +0000] [51] [INFO] Application startup complete.
[2026-04-06 10:35:50 +0000] [56] [INFO] Booting worker with pid: 56
[2026-04-06 10:35:50 +0000] [58] [INFO] Booting worker with pid: 58
[2026-04-06 10:35:50 +0000] [54] [INFO] Started server process [54]
[2026-04-06 10:35:50 +0000] [54] [INFO] Waiting for application startup.
[2026-04-06 10:35:50 +0000] [54] [INFO] Application startup complete.
[2026-04-06 10:35:50 +0000] [59] [INFO] Booting worker with pid: 59
[2026-04-06 10:35:50 +0000] [61] [INFO] Booting worker with pid: 61
[2026-04-06 10:35:50 +0000] [56] [INFO] Started server process [56]
[2026-04-06 10:35:50 +0000] [56] [INFO] Waiting for application startup.
[2026-04-06 10:35:50 +0000] [56] [INFO] Application startup complete.
[2026-04-06 10:35:50 +0000] [58] [INFO] Started server process [58]
[2026-04-06 10:35:50 +0000] [58] [INFO] Waiting for application startup.
[2026-04-06 10:35:50 +0000] [58] [INFO] Application startup complete.
[2026-04-06 10:35:50 +0000] [59] [INFO] Started server process [59]
[2026-04-06 10:35:50 +0000] [59] [INFO] Waiting for application startup.
[2026-04-06 10:35:50 +0000] [59] [INFO] Application startup complete.
[2026-04-06 10:35:50 +0000] [61] [INFO] Started server process [61]
[2026-04-06 10:35:50 +0000] [61] [INFO] Waiting for application startup.
[2026-04-06 10:35:50 +0000] [61] [INFO] Application startup complete.
[2026-04-06 10:35:50 +0000] [65] [INFO] Booting worker with pid: 65
[2026-04-06 10:35:50 +0000] [67] [INFO] Booting worker with pid: 67
[2026-04-06 10:35:50 +0000] [65] [INFO] Started server process [65]
[2026-04-06 10:35:50 +0000] [65] [INFO] Waiting for application startup.
[2026-04-06 10:35:50 +0000] [65] [INFO] Application startup complete.
[2026-04-06 10:35:50 +0000] [69] [INFO] Booting worker with pid: 69
[2026-04-06 10:35:50 +0000] [67] [INFO] Started server process [67]
[2026-04-06 10:35:50 +0000] [67] [INFO] Waiting for application startup.
[2026-04-06 10:35:50 +0000] [67] [INFO] Application startup complete.
[2026-04-06 10:35:50 +0000] [70] [INFO] Booting worker with pid: 70
[2026-04-06 10:35:50 +0000] [71] [INFO] Booting worker with pid: 71
[2026-04-06 10:35:50 +0000] [72] [INFO] Booting worker with pid: 72
[2026-04-06 10:35:50 +0000] [69] [INFO] Started server process [69]
[2026-04-06 10:35:50 +0000] [69] [INFO] Waiting for application startup.
[2026-04-06 10:35:50 +0000] [69] [INFO] Application startup complete.
[2026-04-06 10:35:50 +0000] [74] [INFO] Booting worker with pid: 74
[2026-04-06 10:35:51 +0000] [70] [INFO] Started server process [70]
[2026-04-06 10:35:51 +0000] [70] [INFO] Waiting for application startup.
[2026-04-06 10:35:51 +0000] [70] [INFO] Application startup complete.
[2026-04-06 10:35:51 +0000] [77] [INFO] Booting worker with pid: 77
[2026-04-06 10:35:51 +0000] [71] [INFO] Started server process [71]
[2026-04-06 10:35:51 +0000] [71] [INFO] Waiting for application startup.
[2026-04-06 10:35:51 +0000] [71] [INFO] Application startup complete.
[2026-04-06 10:35:51 +0000] [72] [INFO] Started server process [72]
[2026-04-06 10:35:51 +0000] [72] [INFO] Waiting for application startup.
[2026-04-06 10:35:51 +0000] [72] [INFO] Application startup complete.
[2026-04-06 10:35:51 +0000] [80] [INFO] Booting worker with pid: 80
[2026-04-06 10:35:51 +0000] [74] [INFO] Started server process [74]
[2026-04-06 10:35:51 +0000] [74] [INFO] Waiting for application startup.
[2026-04-06 10:35:51 +0000] [74] [INFO] Application startup complete.
[2026-04-06 10:35:51 +0000] [81] [INFO] Booting worker with pid: 81
[2026-04-06 10:35:51 +0000] [77] [INFO] Started server process [77]
[2026-04-06 10:35:51 +0000] [77] [INFO] Waiting for application startup.
[2026-04-06 10:35:51 +0000] [77] [INFO] Application startup complete.
[2026-04-06 10:35:51 +0000] [83] [INFO] Booting worker with pid: 83
[2026-04-06 10:35:51 +0000] [80] [INFO] Started server process [80]
[2026-04-06 10:35:51 +0000] [80] [INFO] Waiting for application startup.
[2026-04-06 10:35:51 +0000] [80] [INFO] Application startup complete.
[2026-04-06 10:35:51 +0000] [81] [INFO] Started server process [81]
[2026-04-06 10:35:51 +0000] [81] [INFO] Waiting for application startup.
[2026-04-06 10:35:51 +0000] [81] [INFO] Application startup complete.
[2026-04-06 10:35:51 +0000] [86] [INFO] Booting worker with pid: 86
[2026-04-06 10:35:51 +0000] [83] [INFO] Started server process [83]
[2026-04-06 10:35:51 +0000] [83] [INFO] Waiting for application startup.
[2026-04-06 10:35:51 +0000] [83] [INFO] Application startup complete.
[2026-04-06 10:35:51 +0000] [88] [INFO] Booting worker with pid: 88
[2026-04-06 10:35:51 +0000] [86] [INFO] Started server process [86]
[2026-04-06 10:35:51 +0000] [86] [INFO] Waiting for application startup.
[2026-04-06 10:35:51 +0000] [86] [INFO] Application startup complete.
[2026-04-06 10:35:51 +0000] [90] [INFO] Booting worker with pid: 90
[2026-04-06 10:35:51 +0000] [88] [INFO] Started server process [88]
[2026-04-06 10:35:51 +0000] [88] [INFO] Waiting for application startup.
[2026-04-06 10:35:51 +0000] [88] [INFO] Application startup complete.
[2026-04-06 10:35:51 +0000] [92] [INFO] Booting worker with pid: 92
[2026-04-06 10:35:51 +0000] [93] [INFO] Booting worker with pid: 93
[2026-04-06 10:35:51 +0000] [90] [INFO] Started server process [90]
[2026-04-06 10:35:51 +0000] [90] [INFO] Waiting for application startup.
[2026-04-06 10:35:51 +0000] [90] [INFO] Application startup complete.
[2026-04-06 10:35:51 +0000] [95] [INFO] Booting worker with pid: 95
[2026-04-06 10:35:51 +0000] [96] [INFO] Booting worker with pid: 96
[2026-04-06 10:35:51 +0000] [92] [INFO] Started server process [92]
[2026-04-06 10:35:51 +0000] [92] [INFO] Waiting for application startup.
[2026-04-06 10:35:51 +0000] [92] [INFO] Application startup complete.
[2026-04-06 10:35:51 +0000] [99] [INFO] Booting worker with pid: 99
[2026-04-06 10:35:51 +0000] [93] [INFO] Started server process [93]
[2026-04-06 10:35:51 +0000] [93] [INFO] Waiting for application startup.
[2026-04-06 10:35:51 +0000] [93] [INFO] Application startup complete.
[2026-04-06 10:35:51 +0000] [102] [INFO] Booting worker with pid: 102
[2026-04-06 10:35:51 +0000] [95] [INFO] Started server process [95]
[2026-04-06 10:35:51 +0000] [95] [INFO] Waiting for application startup.
[2026-04-06 10:35:51 +0000] [95] [INFO] Application startup complete.
[2026-04-06 10:35:51 +0000] [96] [INFO] Started server process [96]
[2026-04-06 10:35:51 +0000] [96] [INFO] Waiting for application startup.
[2026-04-06 10:35:51 +0000] [96] [INFO] Application startup complete.
[2026-04-06 10:35:51 +0000] [104] [INFO] Booting worker with pid: 104
[2026-04-06 10:35:51 +0000] [99] [INFO] Started server process [99]
[2026-04-06 10:35:51 +0000] [99] [INFO] Waiting for application startup.
[2026-04-06 10:35:51 +0000] [99] [INFO] Application startup complete.
[2026-04-06 10:35:51 +0000] [102] [INFO] Started server process [102]
[2026-04-06 10:35:51 +0000] [102] [INFO] Waiting for application startup.
[2026-04-06 10:35:51 +0000] [102] [INFO] Application startup complete.
[2026-04-06 10:35:51 +0000] [106] [INFO] Booting worker with pid: 106
[2026-04-06 10:35:51 +0000] [107] [INFO] Booting worker with pid: 107
[2026-04-06 10:35:51 +0000] [104] [INFO] Started server process [104]
[2026-04-06 10:35:51 +0000] [104] [INFO] Waiting for application startup.
[2026-04-06 10:35:51 +0000] [104] [INFO] Application startup complete.
[2026-04-06 10:35:51 +0000] [109] [INFO] Booting worker with pid: 109
[2026-04-06 10:35:52 +0000] [106] [INFO] Started server process [106]
[2026-04-06 10:35:52 +0000] [106] [INFO] Waiting for application startup.
[2026-04-06 10:35:52 +0000] [106] [INFO] Application startup complete.
[2026-04-06 10:35:52 +0000] [112] [INFO] Booting worker with pid: 112
[2026-04-06 10:35:52 +0000] [107] [INFO] Started server process [107]
[2026-04-06 10:35:52 +0000] [107] [INFO] Waiting for application startup.
[2026-04-06 10:35:52 +0000] [107] [INFO] Application startup complete.
[2026-04-06 10:35:52 +0000] [113] [INFO] Booting worker with pid: 113
[2026-04-06 10:35:52 +0000] [109] [INFO] Started server process [109]
[2026-04-06 10:35:52 +0000] [109] [INFO] Waiting for application startup.
[2026-04-06 10:35:52 +0000] [109] [INFO] Application startup complete.
[2026-04-06 10:35:52 +0000] [115] [INFO] Booting worker with pid: 115
[2026-04-06 10:35:52 +0000] [112] [INFO] Started server process [112]
[2026-04-06 10:35:52 +0000] [112] [INFO] Waiting for application startup.
[2026-04-06 10:35:52 +0000] [112] [INFO] Application startup complete.
[2026-04-06 10:35:52 +0000] [118] [INFO] Booting worker with pid: 118
[2026-04-06 10:35:52 +0000] [113] [INFO] Started server process [113]
[2026-04-06 10:35:52 +0000] [113] [INFO] Waiting for application startup.
[2026-04-06 10:35:52 +0000] [113] [INFO] Application startup complete.
[2026-04-06 10:35:52 +0000] [115] [INFO] Started server process [115]
[2026-04-06 10:35:52 +0000] [115] [INFO] Waiting for application startup.
[2026-04-06 10:35:52 +0000] [115] [INFO] Application startup complete.
[2026-04-06 10:35:52 +0000] [120] [INFO] Booting worker with pid: 120
[2026-04-06 10:35:52 +0000] [118] [INFO] Started server process [118]
[2026-04-06 10:35:52 +0000] [118] [INFO] Waiting for application startup.
[2026-04-06 10:35:52 +0000] [118] [INFO] Application startup complete.
[2026-04-06 10:35:52 +0000] [122] [INFO] Booting worker with pid: 122
[2026-04-06 10:35:52 +0000] [123] [INFO] Booting worker with pid: 123
[2026-04-06 10:35:52 +0000] [125] [INFO] Booting worker with pid: 125
[2026-04-06 10:35:52 +0000] [120] [INFO] Started server process [120]
[2026-04-06 10:35:52 +0000] [120] [INFO] Waiting for application startup.
[2026-04-06 10:35:52 +0000] [120] [INFO] Application startup complete.
[2026-04-06 10:35:52 +0000] [126] [INFO] Booting worker with pid: 126
[2026-04-06 10:35:52 +0000] [128] [INFO] Booting worker with pid: 128
[2026-04-06 10:35:52 +0000] [122] [INFO] Started server process [122]
[2026-04-06 10:35:52 +0000] [122] [INFO] Waiting for application startup.
[2026-04-06 10:35:52 +0000] [122] [INFO] Application startup complete.
[2026-04-06 10:35:52 +0000] [123] [INFO] Started server process [123]
[2026-04-06 10:35:52 +0000] [123] [INFO] Waiting for application startup.
[2026-04-06 10:35:52 +0000] [123] [INFO] Application startup complete.
[2026-04-06 10:35:52 +0000] [125] [INFO] Started server process [125]
[2026-04-06 10:35:52 +0000] [125] [INFO] Waiting for application startup.
[2026-04-06 10:35:52 +0000] [125] [INFO] Application startup complete.
[2026-04-06 10:35:52 +0000] [132] [INFO] Booting worker with pid: 132
[2026-04-06 10:35:52 +0000] [126] [INFO] Started server process [126]
[2026-04-06 10:35:52 +0000] [126] [INFO] Waiting for application startup.
[2026-04-06 10:35:52 +0000] [126] [INFO] Application startup complete.
[2026-04-06 10:35:52 +0000] [128] [INFO] Started server process [128]
[2026-04-06 10:35:52 +0000] [128] [INFO] Waiting for application startup.
[2026-04-06 10:35:52 +0000] [128] [INFO] Application startup complete.
[2026-04-06 10:35:52 +0000] [132] [INFO] Started server process [132]
[2026-04-06 10:35:52 +0000] [132] [INFO] Waiting for application startup.
[2026-04-06 10:35:52 +0000] [132] [INFO] Application startup complete.
