[2026-04-01 08:34:09 +0000] [1] [INFO] Starting gunicorn 23.0.0
[2026-04-01 08:34:09 +0000] [1] [INFO] Listening at: http://0.0.0.0:8080 (1)
[2026-04-01 08:34:09 +0000] [1] [INFO] Using worker: uvicorn.workers.UvicornWorker
[2026-04-01 08:34:09 +0000] [7] [INFO] Booting worker with pid: 7
[2026-04-01 08:34:09 +0000] [8] [INFO] Booting worker with pid: 8
[2026-04-01 08:34:09 +0000] [9] [INFO] Booting worker with pid: 9
[2026-04-01 08:34:09 +0000] [10] [INFO] Booting worker with pid: 10
[2026-04-01 08:34:09 +0000] [11] [INFO] Booting worker with pid: 11
[2026-04-01 08:34:09 +0000] [12] [INFO] Booting worker with pid: 12
[2026-04-01 08:34:09 +0000] [13] [INFO] Booting worker with pid: 13
[2026-04-01 08:34:09 +0000] [14] [INFO] Booting worker with pid: 14
[2026-04-01 08:34:09 +0000] [15] [INFO] Booting worker with pid: 15
[2026-04-01 08:34:09 +0000] [8] [INFO] Started server process [8]
[2026-04-01 08:34:09 +0000] [8] [INFO] Waiting for application startup.
[2026-04-01 08:34:09 +0000] [10] [INFO] Started server process [10]
[2026-04-01 08:34:09 +0000] [9] [INFO] Started server process [9]
[2026-04-01 08:34:09 +0000] [7] [INFO] Started server process [7]
[2026-04-01 08:34:09 +0000] [10] [INFO] Waiting for application startup.
[2026-04-01 08:34:09 +0000] [7] [INFO] Waiting for application startup.
[2026-04-01 08:34:09 +0000] [9] [INFO] Waiting for application startup.
[2026-04-01 08:34:09 +0000] [8] [INFO] Application startup complete.
[2026-04-01 08:34:09 +0000] [10] [INFO] Application startup complete.
[2026-04-01 08:34:09 +0000] [7] [INFO] Application startup complete.
[2026-04-01 08:34:09 +0000] [9] [INFO] Application startup complete.
[2026-04-01 08:34:09 +0000] [36] [INFO] Booting worker with pid: 36
[2026-04-01 08:34:09 +0000] [11] [INFO] Started server process [11]
[2026-04-01 08:34:09 +0000] [11] [INFO] Waiting for application startup.
[2026-04-01 08:34:09 +0000] [11] [INFO] Application startup complete.
[2026-04-01 08:34:09 +0000] [12] [INFO] Started server process [12]
[2026-04-01 08:34:09 +0000] [12] [INFO] Waiting for application startup.
[2026-04-01 08:34:09 +0000] [43] [INFO] Booting worker with pid: 43
[2026-04-01 08:34:09 +0000] [12] [INFO] Application startup complete.
[2026-04-01 08:34:09 +0000] [48] [INFO] Booting worker with pid: 48
[2026-04-01 08:34:09 +0000] [13] [INFO] Started server process [13]
[2026-04-01 08:34:09 +0000] [13] [INFO] Waiting for application startup.
[2026-04-01 08:34:09 +0000] [13] [INFO] Application startup complete.
[2026-04-01 08:34:09 +0000] [14] [INFO] Started server process [14]
[2026-04-01 08:34:09 +0000] [14] [INFO] Waiting for application startup.
[2026-04-01 08:34:09 +0000] [55] [INFO] Booting worker with pid: 55
[2026-04-01 08:34:09 +0000] [14] [INFO] Application startup complete.
[2026-04-01 08:34:09 +0000] [61] [INFO] Booting worker with pid: 61
[2026-04-01 08:34:09 +0000] [15] [INFO] Started server process [15]
[2026-04-01 08:34:09 +0000] [15] [INFO] Waiting for application startup.
[2026-04-01 08:34:09 +0000] [15] [INFO] Application startup complete.
[2026-04-01 08:34:09 +0000] [66] [INFO] Booting worker with pid: 66
[2026-04-01 08:34:09 +0000] [67] [INFO] Booting worker with pid: 67
[2026-04-01 08:34:09 +0000] [36] [INFO] Started server process [36]
[2026-04-01 08:34:09 +0000] [36] [INFO] Waiting for application startup.
[2026-04-01 08:34:09 +0000] [36] [INFO] Application startup complete.
[2026-04-01 08:34:09 +0000] [43] [INFO] Started server process [43]
[2026-04-01 08:34:09 +0000] [43] [INFO] Waiting for application startup.
[2026-04-01 08:34:09 +0000] [43] [INFO] Application startup complete.
[2026-04-01 08:34:09 +0000] [79] [INFO] Booting worker with pid: 79
[2026-04-01 08:34:09 +0000] [48] [INFO] Started server process [48]
[2026-04-01 08:34:09 +0000] [48] [INFO] Waiting for application startup.
[2026-04-01 08:34:09 +0000] [48] [INFO] Application startup complete.
[2026-04-01 08:34:09 +0000] [55] [INFO] Started server process [55]
[2026-04-01 08:34:09 +0000] [55] [INFO] Waiting for application startup.
[2026-04-01 08:34:09 +0000] [87] [INFO] Booting worker with pid: 87
[2026-04-01 08:34:09 +0000] [55] [INFO] Application startup complete.
[2026-04-01 08:34:09 +0000] [90] [INFO] Booting worker with pid: 90
[2026-04-01 08:34:09 +0000] [61] [INFO] Started server process [61]
[2026-04-01 08:34:09 +0000] [61] [INFO] Waiting for application startup.
[2026-04-01 08:34:09 +0000] [61] [INFO] Application startup complete.
[2026-04-01 08:34:09 +0000] [98] [INFO] Booting worker with pid: 98
[2026-04-01 08:34:09 +0000] [66] [INFO] Started server process [66]
[2026-04-01 08:34:09 +0000] [66] [INFO] Waiting for application startup.
[2026-04-01 08:34:09 +0000] [66] [INFO] Application startup complete.
[2026-04-01 08:34:09 +0000] [67] [INFO] Started server process [67]
[2026-04-01 08:34:09 +0000] [67] [INFO] Waiting for application startup.
[2026-04-01 08:34:09 +0000] [67] [INFO] Application startup complete.
[2026-04-01 08:34:10 +0000] [107] [INFO] Booting worker with pid: 107
[2026-04-01 08:34:10 +0000] [79] [INFO] Started server process [79]
[2026-04-01 08:34:10 +0000] [79] [INFO] Waiting for application startup.
[2026-04-01 08:34:10 +0000] [79] [INFO] Application startup complete.
[2026-04-01 08:34:10 +0000] [113] [INFO] Booting worker with pid: 113
[2026-04-01 08:34:10 +0000] [114] [INFO] Booting worker with pid: 114
[2026-04-01 08:34:10 +0000] [87] [INFO] Started server process [87]
[2026-04-01 08:34:10 +0000] [87] [INFO] Waiting for application startup.
[2026-04-01 08:34:10 +0000] [87] [INFO] Application startup complete.
[2026-04-01 08:34:10 +0000] [90] [INFO] Started server process [90]
[2026-04-01 08:34:10 +0000] [90] [INFO] Waiting for application startup.
[2026-04-01 08:34:10 +0000] [90] [INFO] Application startup complete.
[2026-04-01 08:34:10 +0000] [125] [INFO] Booting worker with pid: 125
[2026-04-01 08:34:10 +0000] [98] [INFO] Started server process [98]
[2026-04-01 08:34:10 +0000] [98] [INFO] Waiting for application startup.
[2026-04-01 08:34:10 +0000] [98] [INFO] Application startup complete.
[2026-04-01 08:34:10 +0000] [131] [INFO] Booting worker with pid: 131
[2026-04-01 08:34:10 +0000] [133] [INFO] Booting worker with pid: 133
[2026-04-01 08:34:10 +0000] [107] [INFO] Started server process [107]
[2026-04-01 08:34:10 +0000] [107] [INFO] Waiting for application startup.
[2026-04-01 08:34:10 +0000] [107] [INFO] Application startup complete.
[2026-04-01 08:34:10 +0000] [138] [INFO] Booting worker with pid: 138
[2026-04-01 08:34:10 +0000] [141] [INFO] Booting worker with pid: 141
[2026-04-01 08:34:10 +0000] [113] [INFO] Started server process [113]
[2026-04-01 08:34:10 +0000] [113] [INFO] Waiting for application startup.
[2026-04-01 08:34:10 +0000] [146] [INFO] Booting worker with pid: 146
[2026-04-01 08:34:10 +0000] [113] [INFO] Application startup complete.
[2026-04-01 08:34:10 +0000] [114] [INFO] Started server process [114]
[2026-04-01 08:34:10 +0000] [114] [INFO] Waiting for application startup.
[2026-04-01 08:34:10 +0000] [114] [INFO] Application startup complete.
[2026-04-01 08:34:10 +0000] [151] [INFO] Booting worker with pid: 151
[2026-04-01 08:34:10 +0000] [153] [INFO] Booting worker with pid: 153
[2026-04-01 08:34:10 +0000] [125] [INFO] Started server process [125]
[2026-04-01 08:34:10 +0000] [125] [INFO] Waiting for application startup.
[2026-04-01 08:34:10 +0000] [158] [INFO] Booting worker with pid: 158
[2026-04-01 08:34:10 +0000] [125] [INFO] Application startup complete.
[2026-04-01 08:34:10 +0000] [160] [INFO] Booting worker with pid: 160
[2026-04-01 08:34:10 +0000] [131] [INFO] Started server process [131]
[2026-04-01 08:34:10 +0000] [131] [INFO] Waiting for application startup.
[2026-04-01 08:34:10 +0000] [133] [INFO] Started server process [133]
[2026-04-01 08:34:10 +0000] [133] [INFO] Waiting for application startup.
[2026-04-01 08:34:10 +0000] [131] [INFO] Application startup complete.
[2026-04-01 08:34:10 +0000] [133] [INFO] Application startup complete.
[2026-04-01 08:34:10 +0000] [171] [INFO] Booting worker with pid: 171
[2026-04-01 08:34:10 +0000] [138] [INFO] Started server process [138]
[2026-04-01 08:34:10 +0000] [138] [INFO] Waiting for application startup.
[2026-04-01 08:34:10 +0000] [138] [INFO] Application startup complete.
[2026-04-01 08:34:10 +0000] [146] [INFO] Started server process [146]
[2026-04-01 08:34:10 +0000] [146] [INFO] Waiting for application startup.
[2026-04-01 08:34:10 +0000] [141] [INFO] Started server process [141]
[2026-04-01 08:34:10 +0000] [141] [INFO] Waiting for application startup.
[2026-04-01 08:34:10 +0000] [146] [INFO] Application startup complete.
[2026-04-01 08:34:10 +0000] [141] [INFO] Application startup complete.
[2026-04-01 08:34:10 +0000] [151] [INFO] Started server process [151]
[2026-04-01 08:34:10 +0000] [151] [INFO] Waiting for application startup.
[2026-04-01 08:34:10 +0000] [151] [INFO] Application startup complete.
[2026-04-01 08:34:10 +0000] [193] [INFO] Booting worker with pid: 193
[2026-04-01 08:34:10 +0000] [194] [INFO] Booting worker with pid: 194
[2026-04-01 08:34:10 +0000] [158] [INFO] Started server process [158]
[2026-04-01 08:34:10 +0000] [158] [INFO] Waiting for application startup.
[2026-04-01 08:34:10 +0000] [153] [INFO] Started server process [153]
[2026-04-01 08:34:10 +0000] [153] [INFO] Waiting for application startup.
[2026-04-01 08:34:10 +0000] [158] [INFO] Application startup complete.
[2026-04-01 08:34:10 +0000] [153] [INFO] Application startup complete.
[2026-04-01 08:34:10 +0000] [203] [INFO] Booting worker with pid: 203
[2026-04-01 08:34:10 +0000] [160] [INFO] Started server process [160]
[2026-04-01 08:34:10 +0000] [160] [INFO] Waiting for application startup.
[2026-04-01 08:34:10 +0000] [160] [INFO] Application startup complete.
[2026-04-01 08:34:10 +0000] [209] [INFO] Booting worker with pid: 209
[2026-04-01 08:34:10 +0000] [210] [INFO] Booting worker with pid: 210
[2026-04-01 08:34:10 +0000] [211] [INFO] Booting worker with pid: 211
[2026-04-01 08:34:10 +0000] [212] [INFO] Booting worker with pid: 212
[2026-04-01 08:34:11 +0000] [171] [INFO] Started server process [171]
[2026-04-01 08:34:11 +0000] [171] [INFO] Waiting for application startup.
[2026-04-01 08:34:11 +0000] [171] [INFO] Application startup complete.
[2026-04-01 08:34:11 +0000] [218] [INFO] Booting worker with pid: 218
[2026-04-01 08:34:11 +0000] [193] [INFO] Started server process [193]
[2026-04-01 08:34:11 +0000] [193] [INFO] Waiting for application startup.
[2026-04-01 08:34:11 +0000] [194] [INFO] Started server process [194]
[2026-04-01 08:34:11 +0000] [194] [INFO] Waiting for application startup.
[2026-04-01 08:34:11 +0000] [193] [INFO] Application startup complete.
[2026-04-01 08:34:11 +0000] [194] [INFO] Application startup complete.
[2026-04-01 08:34:11 +0000] [229] [INFO] Booting worker with pid: 229
[2026-04-01 08:34:11 +0000] [231] [INFO] Booting worker with pid: 231
[2026-04-01 08:34:11 +0000] [203] [INFO] Started server process [203]
[2026-04-01 08:34:11 +0000] [203] [INFO] Waiting for application startup.
[2026-04-01 08:34:11 +0000] [203] [INFO] Application startup complete.
[2026-04-01 08:34:11 +0000] [209] [INFO] Started server process [209]
[2026-04-01 08:34:11 +0000] [209] [INFO] Waiting for application startup.
[2026-04-01 08:34:11 +0000] [210] [INFO] Started server process [210]
[2026-04-01 08:34:11 +0000] [210] [INFO] Waiting for application startup.
[2026-04-01 08:34:11 +0000] [209] [INFO] Application startup complete.
[2026-04-01 08:34:11 +0000] [210] [INFO] Application startup complete.
[2026-04-01 08:34:11 +0000] [211] [INFO] Started server process [211]
[2026-04-01 08:34:11 +0000] [211] [INFO] Waiting for application startup.
[2026-04-01 08:34:11 +0000] [211] [INFO] Application startup complete.
[2026-04-01 08:34:11 +0000] [252] [INFO] Booting worker with pid: 252
[2026-04-01 08:34:11 +0000] [212] [INFO] Started server process [212]
[2026-04-01 08:34:11 +0000] [212] [INFO] Waiting for application startup.
[2026-04-01 08:34:11 +0000] [212] [INFO] Application startup complete.
[2026-04-01 08:34:11 +0000] [258] [INFO] Booting worker with pid: 258
[2026-04-01 08:34:11 +0000] [218] [INFO] Started server process [218]
[2026-04-01 08:34:11 +0000] [218] [INFO] Waiting for application startup.
[2026-04-01 08:34:11 +0000] [218] [INFO] Application startup complete.
[2026-04-01 08:34:11 +0000] [229] [INFO] Started server process [229]
[2026-04-01 08:34:11 +0000] [229] [INFO] Waiting for application startup.
[2026-04-01 08:34:11 +0000] [229] [INFO] Application startup complete.
[2026-04-01 08:34:11 +0000] [269] [INFO] Booting worker with pid: 269
[2026-04-01 08:34:11 +0000] [231] [INFO] Started server process [231]
[2026-04-01 08:34:11 +0000] [231] [INFO] Waiting for application startup.
[2026-04-01 08:34:11 +0000] [231] [INFO] Application startup complete.
[2026-04-01 08:34:11 +0000] [274] [INFO] Booting worker with pid: 274
[2026-04-01 08:34:11 +0000] [275] [INFO] Booting worker with pid: 275
[2026-04-01 08:34:11 +0000] [252] [INFO] Started server process [252]
[2026-04-01 08:34:11 +0000] [252] [INFO] Waiting for application startup.
[2026-04-01 08:34:11 +0000] [252] [INFO] Application startup complete.
[2026-04-01 08:34:11 +0000] [281] [INFO] Booting worker with pid: 281
[2026-04-01 08:34:11 +0000] [282] [INFO] Booting worker with pid: 282
[2026-04-01 08:34:11 +0000] [258] [INFO] Started server process [258]
[2026-04-01 08:34:11 +0000] [258] [INFO] Waiting for application startup.
[2026-04-01 08:34:11 +0000] [258] [INFO] Application startup complete.
[2026-04-01 08:34:11 +0000] [288] [INFO] Booting worker with pid: 288
[2026-04-01 08:34:11 +0000] [269] [INFO] Started server process [269]
[2026-04-01 08:34:11 +0000] [269] [INFO] Waiting for application startup.
[2026-04-01 08:34:11 +0000] [269] [INFO] Application startup complete.
[2026-04-01 08:34:11 +0000] [294] [INFO] Booting worker with pid: 294
[2026-04-01 08:34:11 +0000] [275] [INFO] Started server process [275]
[2026-04-01 08:34:11 +0000] [275] [INFO] Waiting for application startup.
[2026-04-01 08:34:11 +0000] [301] [INFO] Booting worker with pid: 301
[2026-04-01 08:34:11 +0000] [275] [INFO] Application startup complete.
[2026-04-01 08:34:11 +0000] [274] [INFO] Started server process [274]
[2026-04-01 08:34:11 +0000] [274] [INFO] Waiting for application startup.
[2026-04-01 08:34:11 +0000] [306] [INFO] Booting worker with pid: 306
[2026-04-01 08:34:11 +0000] [274] [INFO] Application startup complete.
[2026-04-01 08:34:11 +0000] [281] [INFO] Started server process [281]
[2026-04-01 08:34:11 +0000] [281] [INFO] Waiting for application startup.
[2026-04-01 08:34:11 +0000] [281] [INFO] Application startup complete.
[2026-04-01 08:34:11 +0000] [282] [INFO] Started server process [282]
[2026-04-01 08:34:11 +0000] [282] [INFO] Waiting for application startup.
[2026-04-01 08:34:11 +0000] [313] [INFO] Booting worker with pid: 313
[2026-04-01 08:34:11 +0000] [282] [INFO] Application startup complete.
[2026-04-01 08:34:11 +0000] [318] [INFO] Booting worker with pid: 318
[2026-04-01 08:34:11 +0000] [288] [INFO] Started server process [288]
[2026-04-01 08:34:11 +0000] [288] [INFO] Waiting for application startup.
[2026-04-01 08:34:11 +0000] [288] [INFO] Application startup complete.
[2026-04-01 08:34:12 +0000] [324] [INFO] Booting worker with pid: 324
[2026-04-01 08:34:12 +0000] [294] [INFO] Started server process [294]
[2026-04-01 08:34:12 +0000] [294] [INFO] Waiting for application startup.
[2026-04-01 08:34:12 +0000] [294] [INFO] Application startup complete.
[2026-04-01 08:34:12 +0000] [330] [INFO] Booting worker with pid: 330
[2026-04-01 08:34:12 +0000] [331] [INFO] Booting worker with pid: 331
[2026-04-01 08:34:12 +0000] [301] [INFO] Started server process [301]
[2026-04-01 08:34:12 +0000] [301] [INFO] Waiting for application startup.
[2026-04-01 08:34:12 +0000] [306] [INFO] Started server process [306]
[2026-04-01 08:34:12 +0000] [306] [INFO] Waiting for application startup.
[2026-04-01 08:34:12 +0000] [301] [INFO] Application startup complete.
[2026-04-01 08:34:12 +0000] [306] [INFO] Application startup complete.
[2026-04-01 08:34:12 +0000] [342] [INFO] Booting worker with pid: 342
[2026-04-01 08:34:12 +0000] [344] [INFO] Booting worker with pid: 344
[2026-04-01 08:34:12 +0000] [313] [INFO] Started server process [313]
[2026-04-01 08:34:12 +0000] [313] [INFO] Waiting for application startup.
[2026-04-01 08:34:12 +0000] [313] [INFO] Application startup complete.
[2026-04-01 08:34:12 +0000] [318] [INFO] Started server process [318]
[2026-04-01 08:34:12 +0000] [318] [INFO] Waiting for application startup.
[2026-04-01 08:34:12 +0000] [318] [INFO] Application startup complete.
[2026-04-01 08:34:12 +0000] [354] [INFO] Booting worker with pid: 354
[2026-04-01 08:34:12 +0000] [324] [INFO] Started server process [324]
[2026-04-01 08:34:12 +0000] [324] [INFO] Waiting for application startup.
[2026-04-01 08:34:12 +0000] [324] [INFO] Application startup complete.
[2026-04-01 08:34:12 +0000] [361] [INFO] Booting worker with pid: 361
[2026-04-01 08:34:12 +0000] [330] [INFO] Started server process [330]
[2026-04-01 08:34:12 +0000] [330] [INFO] Waiting for application startup.
[2026-04-01 08:34:12 +0000] [330] [INFO] Application startup complete.
[2026-04-01 08:34:12 +0000] [331] [INFO] Started server process [331]
[2026-04-01 08:34:12 +0000] [331] [INFO] Waiting for application startup.
[2026-04-01 08:34:12 +0000] [331] [INFO] Application startup complete.
[2026-04-01 08:34:12 +0000] [371] [INFO] Booting worker with pid: 371
[2026-04-01 08:34:12 +0000] [372] [INFO] Booting worker with pid: 372
[2026-04-01 08:34:12 +0000] [342] [INFO] Started server process [342]
[2026-04-01 08:34:12 +0000] [342] [INFO] Waiting for application startup.
[2026-04-01 08:34:12 +0000] [342] [INFO] Application startup complete.
[2026-04-01 08:34:12 +0000] [344] [INFO] Started server process [344]
[2026-04-01 08:34:12 +0000] [344] [INFO] Waiting for application startup.
[2026-04-01 08:34:12 +0000] [383] [INFO] Booting worker with pid: 383
[2026-04-01 08:34:12 +0000] [344] [INFO] Application startup complete.
[2026-04-01 08:34:12 +0000] [354] [INFO] Started server process [354]
[2026-04-01 08:34:12 +0000] [354] [INFO] Waiting for application startup.
[2026-04-01 08:34:12 +0000] [354] [INFO] Application startup complete.
[2026-04-01 08:34:12 +0000] [389] [INFO] Booting worker with pid: 389
[2026-04-01 08:34:12 +0000] [361] [INFO] Started server process [361]
[2026-04-01 08:34:12 +0000] [361] [INFO] Waiting for application startup.
[2026-04-01 08:34:12 +0000] [361] [INFO] Application startup complete.
[2026-04-01 08:34:12 +0000] [395] [INFO] Booting worker with pid: 395
[2026-04-01 08:34:12 +0000] [397] [INFO] Booting worker with pid: 397
[2026-04-01 08:34:12 +0000] [371] [INFO] Started server process [371]
[2026-04-01 08:34:12 +0000] [371] [INFO] Waiting for application startup.
[2026-04-01 08:34:12 +0000] [371] [INFO] Application startup complete.
[2026-04-01 08:34:12 +0000] [372] [INFO] Started server process [372]
[2026-04-01 08:34:12 +0000] [372] [INFO] Waiting for application startup.
[2026-04-01 08:34:12 +0000] [372] [INFO] Application startup complete.
[2026-04-01 08:34:12 +0000] [407] [INFO] Booting worker with pid: 407
[2026-04-01 08:34:12 +0000] [408] [INFO] Booting worker with pid: 408
[2026-04-01 08:34:12 +0000] [383] [INFO] Started server process [383]
[2026-04-01 08:34:12 +0000] [383] [INFO] Waiting for application startup.
[2026-04-01 08:34:12 +0000] [383] [INFO] Application startup complete.
[2026-04-01 08:34:12 +0000] [414] [INFO] Booting worker with pid: 414
[2026-04-01 08:34:12 +0000] [389] [INFO] Started server process [389]
[2026-04-01 08:34:12 +0000] [389] [INFO] Waiting for application startup.
[2026-04-01 08:34:12 +0000] [389] [INFO] Application startup complete.
[2026-04-01 08:34:12 +0000] [420] [INFO] Booting worker with pid: 420
[2026-04-01 08:34:12 +0000] [395] [INFO] Started server process [395]
[2026-04-01 08:34:12 +0000] [395] [INFO] Waiting for application startup.
[2026-04-01 08:34:12 +0000] [395] [INFO] Application startup complete.
[2026-04-01 08:34:12 +0000] [427] [INFO] Booting worker with pid: 427
[2026-04-01 08:34:12 +0000] [397] [INFO] Started server process [397]
[2026-04-01 08:34:12 +0000] [397] [INFO] Waiting for application startup.
[2026-04-01 08:34:12 +0000] [397] [INFO] Application startup complete.
[2026-04-01 08:34:13 +0000] [407] [INFO] Started server process [407]
[2026-04-01 08:34:13 +0000] [407] [INFO] Waiting for application startup.
[2026-04-01 08:34:13 +0000] [407] [INFO] Application startup complete.
[2026-04-01 08:34:13 +0000] [438] [INFO] Booting worker with pid: 438
[2026-04-01 08:34:13 +0000] [408] [INFO] Started server process [408]
[2026-04-01 08:34:13 +0000] [408] [INFO] Waiting for application startup.
[2026-04-01 08:34:13 +0000] [439] [INFO] Booting worker with pid: 439
[2026-04-01 08:34:13 +0000] [408] [INFO] Application startup complete.
[2026-04-01 08:34:13 +0000] [444] [INFO] Booting worker with pid: 444
[2026-04-01 08:34:13 +0000] [414] [INFO] Started server process [414]
[2026-04-01 08:34:13 +0000] [414] [INFO] Waiting for application startup.
[2026-04-01 08:34:13 +0000] [414] [INFO] Application startup complete.
[2026-04-01 08:34:13 +0000] [450] [INFO] Booting worker with pid: 450
[2026-04-01 08:34:13 +0000] [452] [INFO] Booting worker with pid: 452
[2026-04-01 08:34:13 +0000] [420] [INFO] Started server process [420]
[2026-04-01 08:34:13 +0000] [420] [INFO] Waiting for application startup.
[2026-04-01 08:34:13 +0000] [420] [INFO] Application startup complete.
[2026-04-01 08:34:13 +0000] [457] [INFO] Booting worker with pid: 457
[2026-04-01 08:34:13 +0000] [427] [INFO] Started server process [427]
[2026-04-01 08:34:13 +0000] [427] [INFO] Waiting for application startup.
[2026-04-01 08:34:13 +0000] [427] [INFO] Application startup complete.
[2026-04-01 08:34:13 +0000] [463] [INFO] Booting worker with pid: 463
[2026-04-01 08:34:13 +0000] [465] [INFO] Booting worker with pid: 465
[2026-04-01 08:34:13 +0000] [438] [INFO] Started server process [438]
[2026-04-01 08:34:13 +0000] [438] [INFO] Waiting for application startup.
[2026-04-01 08:34:13 +0000] [438] [INFO] Application startup complete.
[2026-04-01 08:34:13 +0000] [439] [INFO] Started server process [439]
[2026-04-01 08:34:13 +0000] [439] [INFO] Waiting for application startup.
[2026-04-01 08:34:13 +0000] [439] [INFO] Application startup complete.
[2026-04-01 08:34:13 +0000] [476] [INFO] Booting worker with pid: 476
[2026-04-01 08:34:13 +0000] [477] [INFO] Booting worker with pid: 477
[2026-04-01 08:34:13 +0000] [444] [INFO] Started server process [444]
[2026-04-01 08:34:13 +0000] [444] [INFO] Waiting for application startup.
[2026-04-01 08:34:13 +0000] [444] [INFO] Application startup complete.
[2026-04-01 08:34:13 +0000] [450] [INFO] Started server process [450]
[2026-04-01 08:34:13 +0000] [450] [INFO] Waiting for application startup.
[2026-04-01 08:34:13 +0000] [450] [INFO] Application startup complete.
[2026-04-01 08:34:13 +0000] [487] [INFO] Booting worker with pid: 487
[2026-04-01 08:34:13 +0000] [452] [INFO] Started server process [452]
[2026-04-01 08:34:13 +0000] [452] [INFO] Waiting for application startup.
[2026-04-01 08:34:13 +0000] [452] [INFO] Application startup complete.
[2026-04-01 08:34:13 +0000] [457] [INFO] Started server process [457]
[2026-04-01 08:34:13 +0000] [457] [INFO] Waiting for application startup.
[2026-04-01 08:34:13 +0000] [494] [INFO] Booting worker with pid: 494
[2026-04-01 08:34:13 +0000] [457] [INFO] Application startup complete.
[2026-04-01 08:34:13 +0000] [463] [INFO] Started server process [463]
[2026-04-01 08:34:13 +0000] [463] [INFO] Waiting for application startup.
[2026-04-01 08:34:13 +0000] [463] [INFO] Application startup complete.
[2026-04-01 08:34:13 +0000] [504] [INFO] Booting worker with pid: 504
[2026-04-01 08:34:13 +0000] [465] [INFO] Started server process [465]
[2026-04-01 08:34:13 +0000] [465] [INFO] Waiting for application startup.
[2026-04-01 08:34:13 +0000] [465] [INFO] Application startup complete.
[2026-04-01 08:34:13 +0000] [476] [INFO] Started server process [476]
[2026-04-01 08:34:13 +0000] [476] [INFO] Waiting for application startup.
[2026-04-01 08:34:13 +0000] [476] [INFO] Application startup complete.
[2026-04-01 08:34:13 +0000] [477] [INFO] Started server process [477]
[2026-04-01 08:34:13 +0000] [477] [INFO] Waiting for application startup.
[2026-04-01 08:34:13 +0000] [516] [INFO] Booting worker with pid: 516
[2026-04-01 08:34:13 +0000] [477] [INFO] Application startup complete.
[2026-04-01 08:34:13 +0000] [487] [INFO] Started server process [487]
[2026-04-01 08:34:13 +0000] [487] [INFO] Waiting for application startup.
[2026-04-01 08:34:13 +0000] [526] [INFO] Booting worker with pid: 526
[2026-04-01 08:34:13 +0000] [487] [INFO] Application startup complete.
[2026-04-01 08:34:13 +0000] [528] [INFO] Booting worker with pid: 528
[2026-04-01 08:34:13 +0000] [494] [INFO] Started server process [494]
[2026-04-01 08:34:13 +0000] [494] [INFO] Waiting for application startup.
[2026-04-01 08:34:13 +0000] [494] [INFO] Application startup complete.
[2026-04-01 08:34:13 +0000] [534] [INFO] Booting worker with pid: 534
[2026-04-01 08:34:13 +0000] [504] [INFO] Started server process [504]
[2026-04-01 08:34:13 +0000] [504] [INFO] Waiting for application startup.
[2026-04-01 08:34:13 +0000] [504] [INFO] Application startup complete.
[2026-04-01 08:34:13 +0000] [540] [INFO] Booting worker with pid: 540
[2026-04-01 08:34:13 +0000] [516] [INFO] Started server process [516]
[2026-04-01 08:34:13 +0000] [516] [INFO] Waiting for application startup.
[2026-04-01 08:34:13 +0000] [516] [INFO] Application startup complete.
[2026-04-01 08:34:14 +0000] [545] [INFO] Booting worker with pid: 545
[2026-04-01 08:34:14 +0000] [526] [INFO] Started server process [526]
[2026-04-01 08:34:14 +0000] [526] [INFO] Waiting for application startup.
[2026-04-01 08:34:14 +0000] [526] [INFO] Application startup complete.
[2026-04-01 08:34:14 +0000] [551] [INFO] Booting worker with pid: 551
[2026-04-01 08:34:14 +0000] [553] [INFO] Booting worker with pid: 553
[2026-04-01 08:34:14 +0000] [528] [INFO] Started server process [528]
[2026-04-01 08:34:14 +0000] [528] [INFO] Waiting for application startup.
[2026-04-01 08:34:14 +0000] [528] [INFO] Application startup complete.
[2026-04-01 08:34:14 +0000] [558] [INFO] Booting worker with pid: 558
[2026-04-01 08:34:14 +0000] [534] [INFO] Started server process [534]
[2026-04-01 08:34:14 +0000] [534] [INFO] Waiting for application startup.
[2026-04-01 08:34:14 +0000] [534] [INFO] Application startup complete.
[2026-04-01 08:34:14 +0000] [564] [INFO] Booting worker with pid: 564
[2026-04-01 08:34:14 +0000] [565] [INFO] Booting worker with pid: 565
[2026-04-01 08:34:14 +0000] [540] [INFO] Started server process [540]
[2026-04-01 08:34:14 +0000] [540] [INFO] Waiting for application startup.
[2026-04-01 08:34:14 +0000] [540] [INFO] Application startup complete.
[2026-04-01 08:34:14 +0000] [545] [INFO] Started server process [545]
[2026-04-01 08:34:14 +0000] [545] [INFO] Waiting for application startup.
[2026-04-01 08:34:14 +0000] [545] [INFO] Application startup complete.
[2026-04-01 08:34:14 +0000] [576] [INFO] Booting worker with pid: 576
[2026-04-01 08:34:14 +0000] [551] [INFO] Started server process [551]
[2026-04-01 08:34:14 +0000] [551] [INFO] Waiting for application startup.
[2026-04-01 08:34:14 +0000] [551] [INFO] Application startup complete.
[2026-04-01 08:34:14 +0000] [553] [INFO] Started server process [553]
[2026-04-01 08:34:14 +0000] [553] [INFO] Waiting for application startup.
[2026-04-01 08:34:14 +0000] [553] [INFO] Application startup complete.
[2026-04-01 08:34:14 +0000] [588] [INFO] Booting worker with pid: 588
[2026-04-01 08:34:14 +0000] [558] [INFO] Started server process [558]
[2026-04-01 08:34:14 +0000] [558] [INFO] Waiting for application startup.
[2026-04-01 08:34:14 +0000] [558] [INFO] Application startup complete.
[2026-04-01 08:34:14 +0000] [594] [INFO] Booting worker with pid: 594
[2026-04-01 08:34:14 +0000] [564] [INFO] Started server process [564]
[2026-04-01 08:34:14 +0000] [564] [INFO] Waiting for application startup.
[2026-04-01 08:34:14 +0000] [596] [INFO] Booting worker with pid: 596
[2026-04-01 08:34:14 +0000] [564] [INFO] Application startup complete.
[2026-04-01 08:34:14 +0000] [601] [INFO] Booting worker with pid: 601
[2026-04-01 08:34:14 +0000] [565] [INFO] Started server process [565]
[2026-04-01 08:34:14 +0000] [565] [INFO] Waiting for application startup.
[2026-04-01 08:34:14 +0000] [565] [INFO] Application startup complete.
[2026-04-01 08:34:14 +0000] [607] [INFO] Booting worker with pid: 607
[2026-04-01 08:34:14 +0000] [576] [INFO] Started server process [576]
[2026-04-01 08:34:14 +0000] [576] [INFO] Waiting for application startup.
[2026-04-01 08:34:14 +0000] [576] [INFO] Application startup complete.
[2026-04-01 08:34:14 +0000] [612] [INFO] Booting worker with pid: 612
[2026-04-01 08:34:14 +0000] [613] [INFO] Booting worker with pid: 613
[2026-04-01 08:34:14 +0000] [588] [INFO] Started server process [588]
[2026-04-01 08:34:14 +0000] [588] [INFO] Waiting for application startup.
[2026-04-01 08:34:14 +0000] [588] [INFO] Application startup complete.
[2026-04-01 08:34:14 +0000] [619] [INFO] Booting worker with pid: 619
[2026-04-01 08:34:14 +0000] [620] [INFO] Booting worker with pid: 620
[2026-04-01 08:34:14 +0000] [594] [INFO] Started server process [594]
[2026-04-01 08:34:14 +0000] [594] [INFO] Waiting for application startup.
[2026-04-01 08:34:14 +0000] [596] [INFO] Started server process [596]
[2026-04-01 08:34:14 +0000] [596] [INFO] Waiting for application startup.
[2026-04-01 08:34:14 +0000] [594] [INFO] Application startup complete.
[2026-04-01 08:34:14 +0000] [596] [INFO] Application startup complete.
[2026-04-01 08:34:14 +0000] [632] [INFO] Booting worker with pid: 632
[2026-04-01 08:34:14 +0000] [601] [INFO] Started server process [601]
[2026-04-01 08:34:14 +0000] [601] [INFO] Waiting for application startup.
[2026-04-01 08:34:14 +0000] [601] [INFO] Application startup complete.
[2026-04-01 08:34:14 +0000] [637] [INFO] Booting worker with pid: 637
[2026-04-01 08:34:14 +0000] [607] [INFO] Started server process [607]
[2026-04-01 08:34:14 +0000] [607] [INFO] Waiting for application startup.
[2026-04-01 08:34:14 +0000] [607] [INFO] Application startup complete.
[2026-04-01 08:34:14 +0000] [643] [INFO] Booting worker with pid: 643
[2026-04-01 08:34:14 +0000] [612] [INFO] Started server process [612]
[2026-04-01 08:34:14 +0000] [612] [INFO] Waiting for application startup.
[2026-04-01 08:34:14 +0000] [612] [INFO] Application startup complete.
[2026-04-01 08:34:14 +0000] [613] [INFO] Started server process [613]
[2026-04-01 08:34:14 +0000] [613] [INFO] Waiting for application startup.
[2026-04-01 08:34:14 +0000] [613] [INFO] Application startup complete.
[2026-04-01 08:34:14 +0000] [654] [INFO] Booting worker with pid: 654
[2026-04-01 08:34:15 +0000] [656] [INFO] Booting worker with pid: 656
[2026-04-01 08:34:15 +0000] [619] [INFO] Started server process [619]
[2026-04-01 08:34:15 +0000] [619] [INFO] Waiting for application startup.
[2026-04-01 08:34:15 +0000] [662] [INFO] Booting worker with pid: 662
[2026-04-01 08:34:15 +0000] [619] [INFO] Application startup complete.
[2026-04-01 08:34:15 +0000] [620] [INFO] Started server process [620]
[2026-04-01 08:34:15 +0000] [620] [INFO] Waiting for application startup.
[2026-04-01 08:34:15 +0000] [620] [INFO] Application startup complete.
[2026-04-01 08:34:15 +0000] [667] [INFO] Booting worker with pid: 667
[2026-04-01 08:34:15 +0000] [632] [INFO] Started server process [632]
[2026-04-01 08:34:15 +0000] [632] [INFO] Waiting for application startup.
[2026-04-01 08:34:15 +0000] [669] [INFO] Booting worker with pid: 669
[2026-04-01 08:34:15 +0000] [632] [INFO] Application startup complete.
[2026-04-01 08:34:15 +0000] [637] [INFO] Started server process [637]
[2026-04-01 08:34:15 +0000] [637] [INFO] Waiting for application startup.
[2026-04-01 08:34:15 +0000] [637] [INFO] Application startup complete.
[2026-04-01 08:34:15 +0000] [680] [INFO] Booting worker with pid: 680
[2026-04-01 08:34:15 +0000] [643] [INFO] Started server process [643]
[2026-04-01 08:34:15 +0000] [643] [INFO] Waiting for application startup.
[2026-04-01 08:34:15 +0000] [643] [INFO] Application startup complete.
[2026-04-01 08:34:15 +0000] [685] [INFO] Booting worker with pid: 685
[2026-04-01 08:34:15 +0000] [686] [INFO] Booting worker with pid: 686
[2026-04-01 08:34:15 +0000] [654] [INFO] Started server process [654]
[2026-04-01 08:34:15 +0000] [654] [INFO] Waiting for application startup.
[2026-04-01 08:34:15 +0000] [654] [INFO] Application startup complete.
[2026-04-01 08:34:15 +0000] [656] [INFO] Started server process [656]
[2026-04-01 08:34:15 +0000] [656] [INFO] Waiting for application startup.
[2026-04-01 08:34:15 +0000] [656] [INFO] Application startup complete.
[2026-04-01 08:34:15 +0000] [698] [INFO] Booting worker with pid: 698
[2026-04-01 08:34:15 +0000] [662] [INFO] Started server process [662]
[2026-04-01 08:34:15 +0000] [662] [INFO] Waiting for application startup.
[2026-04-01 08:34:15 +0000] [662] [INFO] Application startup complete.
[2026-04-01 08:34:15 +0000] [667] [INFO] Started server process [667]
[2026-04-01 08:34:15 +0000] [667] [INFO] Waiting for application startup.
[2026-04-01 08:34:15 +0000] [667] [INFO] Application startup complete.
[2026-04-01 08:34:15 +0000] [708] [INFO] Booting worker with pid: 708
[2026-04-01 08:34:15 +0000] [669] [INFO] Started server process [669]
[2026-04-01 08:34:15 +0000] [669] [INFO] Waiting for application startup.
[2026-04-01 08:34:15 +0000] [669] [INFO] Application startup complete.
[2026-04-01 08:34:15 +0000] [715] [INFO] Booting worker with pid: 715
[2026-04-01 08:34:15 +0000] [680] [INFO] Started server process [680]
[2026-04-01 08:34:15 +0000] [680] [INFO] Waiting for application startup.
[2026-04-01 08:34:15 +0000] [680] [INFO] Application startup complete.
[2026-04-01 08:34:15 +0000] [720] [INFO] Booting worker with pid: 720
[2026-04-01 08:34:15 +0000] [685] [INFO] Started server process [685]
[2026-04-01 08:34:15 +0000] [685] [INFO] Waiting for application startup.
[2026-04-01 08:34:15 +0000] [685] [INFO] Application startup complete.
[2026-04-01 08:34:15 +0000] [727] [INFO] Booting worker with pid: 727
[2026-04-01 08:34:15 +0000] [686] [INFO] Started server process [686]
[2026-04-01 08:34:15 +0000] [686] [INFO] Waiting for application startup.
[2026-04-01 08:34:15 +0000] [686] [INFO] Application startup complete.
[2026-04-01 08:34:15 +0000] [698] [INFO] Started server process [698]
[2026-04-01 08:34:15 +0000] [698] [INFO] Waiting for application startup.
[2026-04-01 08:34:15 +0000] [698] [INFO] Application startup complete.
[2026-04-01 08:34:15 +0000] [737] [INFO] Booting worker with pid: 737
[2026-04-01 08:34:15 +0000] [708] [INFO] Started server process [708]
[2026-04-01 08:34:15 +0000] [708] [INFO] Waiting for application startup.
[2026-04-01 08:34:15 +0000] [708] [INFO] Application startup complete.
[2026-04-01 08:34:15 +0000] [743] [INFO] Booting worker with pid: 743
[2026-04-01 08:34:15 +0000] [744] [INFO] Booting worker with pid: 744
[2026-04-01 08:34:15 +0000] [745] [INFO] Booting worker with pid: 745
[2026-04-01 08:34:15 +0000] [746] [INFO] Booting worker with pid: 746
[2026-04-01 08:34:15 +0000] [715] [INFO] Started server process [715]
[2026-04-01 08:34:15 +0000] [715] [INFO] Waiting for application startup.
[2026-04-01 08:34:15 +0000] [715] [INFO] Application startup complete.
[2026-04-01 08:34:15 +0000] [720] [INFO] Started server process [720]
[2026-04-01 08:34:15 +0000] [720] [INFO] Waiting for application startup.
[2026-04-01 08:34:15 +0000] [753] [INFO] Booting worker with pid: 753
[2026-04-01 08:34:15 +0000] [720] [INFO] Application startup complete.
[2026-04-01 08:34:15 +0000] [727] [INFO] Started server process [727]
[2026-04-01 08:34:15 +0000] [727] [INFO] Waiting for application startup.
[2026-04-01 08:34:15 +0000] [727] [INFO] Application startup complete.
[2026-04-01 08:34:15 +0000] [763] [INFO] Booting worker with pid: 763
[2026-04-01 08:34:15 +0000] [737] [INFO] Started server process [737]
[2026-04-01 08:34:15 +0000] [737] [INFO] Waiting for application startup.
[2026-04-01 08:34:15 +0000] [737] [INFO] Application startup complete.
[2026-04-01 08:34:15 +0000] [769] [INFO] Booting worker with pid: 769
[2026-04-01 08:34:15 +0000] [770] [INFO] Booting worker with pid: 770
[2026-04-01 08:34:15 +0000] [743] [INFO] Started server process [743]
[2026-04-01 08:34:15 +0000] [743] [INFO] Waiting for application startup.
[2026-04-01 08:34:16 +0000] [743] [INFO] Application startup complete.
[2026-04-01 08:34:16 +0000] [744] [INFO] Started server process [744]
[2026-04-01 08:34:16 +0000] [744] [INFO] Waiting for application startup.
[2026-04-01 08:34:16 +0000] [744] [INFO] Application startup complete.
[2026-04-01 08:34:16 +0000] [746] [INFO] Started server process [746]
[2026-04-01 08:34:16 +0000] [746] [INFO] Waiting for application startup.
[2026-04-01 08:34:16 +0000] [745] [INFO] Started server process [745]
[2026-04-01 08:34:16 +0000] [745] [INFO] Waiting for application startup.
[2026-04-01 08:34:16 +0000] [746] [INFO] Application startup complete.
[2026-04-01 08:34:16 +0000] [745] [INFO] Application startup complete.
[2026-04-01 08:34:16 +0000] [791] [INFO] Booting worker with pid: 791
[2026-04-01 08:34:16 +0000] [792] [INFO] Booting worker with pid: 792
[2026-04-01 08:34:16 +0000] [793] [INFO] Booting worker with pid: 793
[2026-04-01 08:34:16 +0000] [753] [INFO] Started server process [753]
[2026-04-01 08:34:16 +0000] [753] [INFO] Waiting for application startup.
[2026-04-01 08:34:16 +0000] [753] [INFO] Application startup complete.
[2026-04-01 08:34:16 +0000] [799] [INFO] Booting worker with pid: 799
[2026-04-01 08:34:16 +0000] [801] [INFO] Booting worker with pid: 801
[2026-04-01 08:34:16 +0000] [763] [INFO] Started server process [763]
[2026-04-01 08:34:16 +0000] [763] [INFO] Waiting for application startup.
[2026-04-01 08:34:16 +0000] [763] [INFO] Application startup complete.
[2026-04-01 08:34:16 +0000] [807] [INFO] Booting worker with pid: 807
[2026-04-01 08:34:16 +0000] [769] [INFO] Started server process [769]
[2026-04-01 08:34:16 +0000] [769] [INFO] Waiting for application startup.
[2026-04-01 08:34:16 +0000] [769] [INFO] Application startup complete.
[2026-04-01 08:34:16 +0000] [770] [INFO] Started server process [770]
[2026-04-01 08:34:16 +0000] [770] [INFO] Waiting for application startup.
[2026-04-01 08:34:16 +0000] [770] [INFO] Application startup complete.
[2026-04-01 08:34:16 +0000] [817] [INFO] Booting worker with pid: 817
[2026-04-01 08:34:16 +0000] [791] [INFO] Started server process [791]
[2026-04-01 08:34:16 +0000] [791] [INFO] Waiting for application startup.
[2026-04-01 08:34:16 +0000] [791] [INFO] Application startup complete.
[2026-04-01 08:34:16 +0000] [823] [INFO] Booting worker with pid: 823
[2026-04-01 08:34:16 +0000] [792] [INFO] Started server process [792]
[2026-04-01 08:34:16 +0000] [792] [INFO] Waiting for application startup.
[2026-04-01 08:34:16 +0000] [793] [INFO] Started server process [793]
[2026-04-01 08:34:16 +0000] [793] [INFO] Waiting for application startup.
[2026-04-01 08:34:16 +0000] [792] [INFO] Application startup complete.
[2026-04-01 08:34:16 +0000] [793] [INFO] Application startup complete.
[2026-04-01 08:34:16 +0000] [801] [INFO] Started server process [801]
[2026-04-01 08:34:16 +0000] [801] [INFO] Waiting for application startup.
[2026-04-01 08:34:16 +0000] [801] [INFO] Application startup complete.
[2026-04-01 08:34:16 +0000] [799] [INFO] Started server process [799]
[2026-04-01 08:34:16 +0000] [799] [INFO] Waiting for application startup.
[2026-04-01 08:34:16 +0000] [799] [INFO] Application startup complete.
[2026-04-01 08:34:16 +0000] [844] [INFO] Booting worker with pid: 844
[2026-04-01 08:34:16 +0000] [845] [INFO] Booting worker with pid: 845
[2026-04-01 08:34:16 +0000] [847] [INFO] Booting worker with pid: 847
[2026-04-01 08:34:16 +0000] [807] [INFO] Started server process [807]
[2026-04-01 08:34:16 +0000] [807] [INFO] Waiting for application startup.
[2026-04-01 08:34:16 +0000] [807] [INFO] Application startup complete.
[2026-04-01 08:34:16 +0000] [817] [INFO] Started server process [817]
[2026-04-01 08:34:16 +0000] [817] [INFO] Waiting for application startup.
[2026-04-01 08:34:16 +0000] [817] [INFO] Application startup complete.
[2026-04-01 08:34:16 +0000] [857] [INFO] Booting worker with pid: 857
[2026-04-01 08:34:16 +0000] [858] [INFO] Booting worker with pid: 858
[2026-04-01 08:34:16 +0000] [860] [INFO] Booting worker with pid: 860
[2026-04-01 08:34:16 +0000] [823] [INFO] Started server process [823]
[2026-04-01 08:34:16 +0000] [823] [INFO] Waiting for application startup.
[2026-04-01 08:34:16 +0000] [823] [INFO] Application startup complete.
[2026-04-01 08:34:16 +0000] [866] [INFO] Booting worker with pid: 866
[2026-04-01 08:34:16 +0000] [844] [INFO] Started server process [844]
[2026-04-01 08:34:16 +0000] [844] [INFO] Waiting for application startup.
[2026-04-01 08:34:16 +0000] [844] [INFO] Application startup complete.
[2026-04-01 08:34:16 +0000] [871] [INFO] Booting worker with pid: 871
[2026-04-01 08:34:16 +0000] [845] [INFO] Started server process [845]
[2026-04-01 08:34:16 +0000] [845] [INFO] Waiting for application startup.
[2026-04-01 08:34:16 +0000] [845] [INFO] Application startup complete.
[2026-04-01 08:34:16 +0000] [877] [INFO] Booting worker with pid: 877
[2026-04-01 08:34:16 +0000] [879] [INFO] Booting worker with pid: 879
[2026-04-01 08:34:16 +0000] [880] [INFO] Booting worker with pid: 880
[2026-04-01 08:34:16 +0000] [847] [INFO] Started server process [847]
[2026-04-01 08:34:16 +0000] [847] [INFO] Waiting for application startup.
[2026-04-01 08:34:16 +0000] [847] [INFO] Application startup complete.
[2026-04-01 08:34:16 +0000] [885] [INFO] Booting worker with pid: 885
[2026-04-01 08:34:16 +0000] [857] [INFO] Started server process [857]
[2026-04-01 08:34:16 +0000] [857] [INFO] Waiting for application startup.
[2026-04-01 08:34:16 +0000] [857] [INFO] Application startup complete.
[2026-04-01 08:34:16 +0000] [892] [INFO] Booting worker with pid: 892
[2026-04-01 08:34:16 +0000] [858] [INFO] Started server process [858]
[2026-04-01 08:34:16 +0000] [858] [INFO] Waiting for application startup.
[2026-04-01 08:34:16 +0000] [858] [INFO] Application startup complete.
[2026-04-01 08:34:16 +0000] [860] [INFO] Started server process [860]
[2026-04-01 08:34:16 +0000] [860] [INFO] Waiting for application startup.
[2026-04-01 08:34:16 +0000] [860] [INFO] Application startup complete.
[2026-04-01 08:34:16 +0000] [866] [INFO] Started server process [866]
[2026-04-01 08:34:16 +0000] [866] [INFO] Waiting for application startup.
[2026-04-01 08:34:16 +0000] [866] [INFO] Application startup complete.
[2026-04-01 08:34:17 +0000] [908] [INFO] Booting worker with pid: 908
[2026-04-01 08:34:17 +0000] [871] [INFO] Started server process [871]
[2026-04-01 08:34:17 +0000] [871] [INFO] Waiting for application startup.
[2026-04-01 08:34:17 +0000] [871] [INFO] Application startup complete.
[2026-04-01 08:34:17 +0000] [915] [INFO] Booting worker with pid: 915
[2026-04-01 08:34:17 +0000] [879] [INFO] Started server process [879]
[2026-04-01 08:34:17 +0000] [879] [INFO] Waiting for application startup.
[2026-04-01 08:34:17 +0000] [877] [INFO] Started server process [877]
[2026-04-01 08:34:17 +0000] [877] [INFO] Waiting for application startup.
[2026-04-01 08:34:17 +0000] [879] [INFO] Application startup complete.
[2026-04-01 08:34:17 +0000] [877] [INFO] Application startup complete.
[2026-04-01 08:34:17 +0000] [880] [INFO] Started server process [880]
[2026-04-01 08:34:17 +0000] [880] [INFO] Waiting for application startup.
[2026-04-01 08:34:17 +0000] [880] [INFO] Application startup complete.
[2026-04-01 08:34:17 +0000] [885] [INFO] Started server process [885]
[2026-04-01 08:34:17 +0000] [885] [INFO] Waiting for application startup.
[2026-04-01 08:34:17 +0000] [885] [INFO] Application startup complete.
[2026-04-01 08:34:17 +0000] [934] [INFO] Booting worker with pid: 934
[2026-04-01 08:34:17 +0000] [892] [INFO] Started server process [892]
[2026-04-01 08:34:17 +0000] [892] [INFO] Waiting for application startup.
[2026-04-01 08:34:17 +0000] [940] [INFO] Booting worker with pid: 940
[2026-04-01 08:34:17 +0000] [892] [INFO] Application startup complete.
[2026-04-01 08:34:17 +0000] [942] [INFO] Booting worker with pid: 942
[2026-04-01 08:34:17 +0000] [908] [INFO] Started server process [908]
[2026-04-01 08:34:17 +0000] [908] [INFO] Waiting for application startup.
[2026-04-01 08:34:17 +0000] [908] [INFO] Application startup complete.
[2026-04-01 08:34:17 +0000] [915] [INFO] Started server process [915]
[2026-04-01 08:34:17 +0000] [915] [INFO] Waiting for application startup.
[2026-04-01 08:34:17 +0000] [915] [INFO] Application startup complete.
[2026-04-01 08:34:17 +0000] [952] [INFO] Booting worker with pid: 952
[2026-04-01 08:34:17 +0000] [934] [INFO] Started server process [934]
[2026-04-01 08:34:17 +0000] [934] [INFO] Waiting for application startup.
[2026-04-01 08:34:17 +0000] [934] [INFO] Application startup complete.
[2026-04-01 08:34:17 +0000] [958] [INFO] Booting worker with pid: 958
[2026-04-01 08:34:17 +0000] [959] [INFO] Booting worker with pid: 959
[2026-04-01 08:34:17 +0000] [940] [INFO] Started server process [940]
[2026-04-01 08:34:17 +0000] [940] [INFO] Waiting for application startup.
[2026-04-01 08:34:17 +0000] [940] [INFO] Application startup complete.
[2026-04-01 08:34:17 +0000] [966] [INFO] Booting worker with pid: 966
[2026-04-01 08:34:17 +0000] [942] [INFO] Started server process [942]
[2026-04-01 08:34:17 +0000] [942] [INFO] Waiting for application startup.
[2026-04-01 08:34:17 +0000] [942] [INFO] Application startup complete.
[2026-04-01 08:34:17 +0000] [971] [INFO] Booting worker with pid: 971
[2026-04-01 08:34:17 +0000] [972] [INFO] Booting worker with pid: 972
[2026-04-01 08:34:17 +0000] [973] [INFO] Booting worker with pid: 973
[2026-04-01 08:34:17 +0000] [952] [INFO] Started server process [952]
[2026-04-01 08:34:17 +0000] [952] [INFO] Waiting for application startup.
[2026-04-01 08:34:17 +0000] [952] [INFO] Application startup complete.
[2026-04-01 08:34:17 +0000] [980] [INFO] Booting worker with pid: 980
[2026-04-01 08:34:17 +0000] [958] [INFO] Started server process [958]
[2026-04-01 08:34:17 +0000] [958] [INFO] Waiting for application startup.
[2026-04-01 08:34:17 +0000] [958] [INFO] Application startup complete.
[2026-04-01 08:34:17 +0000] [959] [INFO] Started server process [959]
[2026-04-01 08:34:17 +0000] [959] [INFO] Waiting for application startup.
[2026-04-01 08:34:17 +0000] [959] [INFO] Application startup complete.
[2026-04-01 08:34:17 +0000] [990] [INFO] Booting worker with pid: 990
[2026-04-01 08:34:17 +0000] [991] [INFO] Booting worker with pid: 991
[2026-04-01 08:34:17 +0000] [992] [INFO] Booting worker with pid: 992
[2026-04-01 08:34:17 +0000] [966] [INFO] Started server process [966]
[2026-04-01 08:34:17 +0000] [966] [INFO] Waiting for application startup.
[2026-04-01 08:34:17 +0000] [994] [INFO] Booting worker with pid: 994
[2026-04-01 08:34:17 +0000] [966] [INFO] Application startup complete.
[2026-04-01 08:34:17 +0000] [971] [INFO] Started server process [971]
[2026-04-01 08:34:17 +0000] [971] [INFO] Waiting for application startup.
[2026-04-01 08:34:17 +0000] [972] [INFO] Started server process [972]
[2026-04-01 08:34:17 +0000] [972] [INFO] Waiting for application startup.
[2026-04-01 08:34:17 +0000] [971] [INFO] Application startup complete.
[2026-04-01 08:34:17 +0000] [973] [INFO] Started server process [973]
[2026-04-01 08:34:17 +0000] [973] [INFO] Waiting for application startup.
[2026-04-01 08:34:17 +0000] [972] [INFO] Application startup complete.
[2026-04-01 08:34:17 +0000] [973] [INFO] Application startup complete.
[2026-04-01 08:34:17 +0000] [1014] [INFO] Booting worker with pid: 1014
[2026-04-01 08:34:18 +0000] [980] [INFO] Started server process [980]
[2026-04-01 08:34:18 +0000] [980] [INFO] Waiting for application startup.
[2026-04-01 08:34:18 +0000] [980] [INFO] Application startup complete.
[2026-04-01 08:34:18 +0000] [1020] [INFO] Booting worker with pid: 1020
[2026-04-01 08:34:18 +0000] [990] [INFO] Started server process [990]
[2026-04-01 08:34:18 +0000] [990] [INFO] Waiting for application startup.
[2026-04-01 08:34:18 +0000] [991] [INFO] Started server process [991]
[2026-04-01 08:34:18 +0000] [991] [INFO] Waiting for application startup.
[2026-04-01 08:34:18 +0000] [990] [INFO] Application startup complete.
[2026-04-01 08:34:18 +0000] [991] [INFO] Application startup complete.
[2026-04-01 08:34:18 +0000] [992] [INFO] Started server process [992]
[2026-04-01 08:34:18 +0000] [992] [INFO] Waiting for application startup.
[2026-04-01 08:34:18 +0000] [992] [INFO] Application startup complete.
[2026-04-01 08:34:18 +0000] [1036] [INFO] Booting worker with pid: 1036
[2026-04-01 08:34:18 +0000] [1038] [INFO] Booting worker with pid: 1038
[2026-04-01 08:34:18 +0000] [994] [INFO] Started server process [994]
[2026-04-01 08:34:18 +0000] [994] [INFO] Waiting for application startup.
[2026-04-01 08:34:18 +0000] [994] [INFO] Application startup complete.
[2026-04-01 08:34:18 +0000] [1043] [INFO] Booting worker with pid: 1043
[2026-04-01 08:34:18 +0000] [1014] [INFO] Started server process [1014]
[2026-04-01 08:34:18 +0000] [1014] [INFO] Waiting for application startup.
[2026-04-01 08:34:18 +0000] [1014] [INFO] Application startup complete.
[2026-04-01 08:34:18 +0000] [1049] [INFO] Booting worker with pid: 1049
[2026-04-01 08:34:18 +0000] [1050] [INFO] Booting worker with pid: 1050
[2026-04-01 08:34:18 +0000] [1020] [INFO] Started server process [1020]
[2026-04-01 08:34:18 +0000] [1020] [INFO] Waiting for application startup.
[2026-04-01 08:34:18 +0000] [1020] [INFO] Application startup complete.
[2026-04-01 08:34:18 +0000] [1056] [INFO] Booting worker with pid: 1056
[2026-04-01 08:34:18 +0000] [1036] [INFO] Started server process [1036]
[2026-04-01 08:34:18 +0000] [1036] [INFO] Waiting for application startup.
[2026-04-01 08:34:18 +0000] [1036] [INFO] Application startup complete.
[2026-04-01 08:34:18 +0000] [1038] [INFO] Started server process [1038]
[2026-04-01 08:34:18 +0000] [1038] [INFO] Waiting for application startup.
[2026-04-01 08:34:18 +0000] [1038] [INFO] Application startup complete.
[2026-04-01 08:34:18 +0000] [1067] [INFO] Booting worker with pid: 1067
[2026-04-01 08:34:18 +0000] [1069] [INFO] Booting worker with pid: 1069
[2026-04-01 08:34:18 +0000] [1043] [INFO] Started server process [1043]
[2026-04-01 08:34:18 +0000] [1043] [INFO] Waiting for application startup.
[2026-04-01 08:34:18 +0000] [1043] [INFO] Application startup complete.
[2026-04-01 08:34:18 +0000] [1049] [INFO] Started server process [1049]
[2026-04-01 08:34:18 +0000] [1049] [INFO] Waiting for application startup.
[2026-04-01 08:34:18 +0000] [1079] [INFO] Booting worker with pid: 1079
[2026-04-01 08:34:18 +0000] [1049] [INFO] Application startup complete.
[2026-04-01 08:34:18 +0000] [1050] [INFO] Started server process [1050]
[2026-04-01 08:34:18 +0000] [1050] [INFO] Waiting for application startup.
[2026-04-01 08:34:18 +0000] [1050] [INFO] Application startup complete.
[2026-04-01 08:34:18 +0000] [1056] [INFO] Started server process [1056]
[2026-04-01 08:34:18 +0000] [1056] [INFO] Waiting for application startup.
[2026-04-01 08:34:18 +0000] [1056] [INFO] Application startup complete.
[2026-04-01 08:34:18 +0000] [1090] [INFO] Booting worker with pid: 1090
[2026-04-01 08:34:18 +0000] [1067] [INFO] Started server process [1067]
[2026-04-01 08:34:18 +0000] [1067] [INFO] Waiting for application startup.
[2026-04-01 08:34:18 +0000] [1067] [INFO] Application startup complete.
[2026-04-01 08:34:18 +0000] [1096] [INFO] Booting worker with pid: 1096
[2026-04-01 08:34:18 +0000] [1069] [INFO] Started server process [1069]
[2026-04-01 08:34:18 +0000] [1069] [INFO] Waiting for application startup.
[2026-04-01 08:34:18 +0000] [1069] [INFO] Application startup complete.
[2026-04-01 08:34:18 +0000] [1102] [INFO] Booting worker with pid: 1102
[2026-04-01 08:34:18 +0000] [1103] [INFO] Booting worker with pid: 1103
[2026-04-01 08:34:18 +0000] [1104] [INFO] Booting worker with pid: 1104
[2026-04-01 08:34:18 +0000] [1106] [INFO] Booting worker with pid: 1106
[2026-04-01 08:34:18 +0000] [1079] [INFO] Started server process [1079]
[2026-04-01 08:34:18 +0000] [1079] [INFO] Waiting for application startup.
[2026-04-01 08:34:18 +0000] [1107] [INFO] Booting worker with pid: 1107
[2026-04-01 08:34:18 +0000] [1079] [INFO] Application startup complete.
[2026-04-01 08:34:18 +0000] [1090] [INFO] Started server process [1090]
[2026-04-01 08:34:18 +0000] [1090] [INFO] Waiting for application startup.
[2026-04-01 08:34:18 +0000] [1113] [INFO] Booting worker with pid: 1113
[2026-04-01 08:34:18 +0000] [1090] [INFO] Application startup complete.
[2026-04-01 08:34:19 +0000] [1118] [INFO] Booting worker with pid: 1118
[2026-04-01 08:34:19 +0000] [1096] [INFO] Started server process [1096]
[2026-04-01 08:34:19 +0000] [1096] [INFO] Waiting for application startup.
[2026-04-01 08:34:19 +0000] [1096] [INFO] Application startup complete.
[2026-04-01 08:34:19 +0000] [1124] [INFO] Booting worker with pid: 1124
[2026-04-01 08:34:19 +0000] [1102] [INFO] Started server process [1102]
[2026-04-01 08:34:19 +0000] [1102] [INFO] Waiting for application startup.
[2026-04-01 08:34:19 +0000] [1130] [INFO] Booting worker with pid: 1130
[2026-04-01 08:34:19 +0000] [1102] [INFO] Application startup complete.
[2026-04-01 08:34:19 +0000] [1103] [INFO] Started server process [1103]
[2026-04-01 08:34:19 +0000] [1103] [INFO] Waiting for application startup.
[2026-04-01 08:34:19 +0000] [1103] [INFO] Application startup complete.
[2026-04-01 08:34:19 +0000] [1104] [INFO] Started server process [1104]
[2026-04-01 08:34:19 +0000] [1104] [INFO] Waiting for application startup.
[2026-04-01 08:34:19 +0000] [1104] [INFO] Application startup complete.
[2026-04-01 08:34:19 +0000] [1143] [INFO] Booting worker with pid: 1143
[2026-04-01 08:34:19 +0000] [1107] [INFO] Started server process [1107]
[2026-04-01 08:34:19 +0000] [1107] [INFO] Waiting for application startup.
[2026-04-01 08:34:19 +0000] [1106] [INFO] Started server process [1106]
[2026-04-01 08:34:19 +0000] [1106] [INFO] Waiting for application startup.
[2026-04-01 08:34:19 +0000] [1107] [INFO] Application startup complete.
[2026-04-01 08:34:19 +0000] [1106] [INFO] Application startup complete.
[2026-04-01 08:34:19 +0000] [1113] [INFO] Started server process [1113]
[2026-04-01 08:34:19 +0000] [1113] [INFO] Waiting for application startup.
[2026-04-01 08:34:19 +0000] [1113] [INFO] Application startup complete.
[2026-04-01 08:34:19 +0000] [1157] [INFO] Booting worker with pid: 1157
[2026-04-01 08:34:19 +0000] [1118] [INFO] Started server process [1118]
[2026-04-01 08:34:19 +0000] [1118] [INFO] Waiting for application startup.
[2026-04-01 08:34:19 +0000] [1118] [INFO] Application startup complete.
[2026-04-01 08:34:19 +0000] [1124] [INFO] Started server process [1124]
[2026-04-01 08:34:19 +0000] [1124] [INFO] Waiting for application startup.
[2026-04-01 08:34:19 +0000] [1124] [INFO] Application startup complete.
[2026-04-01 08:34:19 +0000] [1168] [INFO] Booting worker with pid: 1168
[2026-04-01 08:34:19 +0000] [1130] [INFO] Started server process [1130]
[2026-04-01 08:34:19 +0000] [1130] [INFO] Waiting for application startup.
[2026-04-01 08:34:19 +0000] [1130] [INFO] Application startup complete.
[2026-04-01 08:34:19 +0000] [1143] [INFO] Started server process [1143]
[2026-04-01 08:34:19 +0000] [1143] [INFO] Waiting for application startup.
[2026-04-01 08:34:19 +0000] [1143] [INFO] Application startup complete.
[2026-04-01 08:34:19 +0000] [1179] [INFO] Booting worker with pid: 1179
[2026-04-01 08:34:19 +0000] [1180] [INFO] Booting worker with pid: 1180
[2026-04-01 08:34:19 +0000] [1157] [INFO] Started server process [1157]
[2026-04-01 08:34:19 +0000] [1157] [INFO] Waiting for application startup.
[2026-04-01 08:34:19 +0000] [1157] [INFO] Application startup complete.
[2026-04-01 08:34:19 +0000] [1186] [INFO] Booting worker with pid: 1186
[2026-04-01 08:34:19 +0000] [1168] [INFO] Started server process [1168]
[2026-04-01 08:34:19 +0000] [1168] [INFO] Waiting for application startup.
[2026-04-01 08:34:19 +0000] [1168] [INFO] Application startup complete.
[2026-04-01 08:34:19 +0000] [1192] [INFO] Booting worker with pid: 1192
[2026-04-01 08:34:19 +0000] [1193] [INFO] Booting worker with pid: 1193
[2026-04-01 08:34:19 +0000] [1194] [INFO] Booting worker with pid: 1194
[2026-04-01 08:34:19 +0000] [1179] [INFO] Started server process [1179]
[2026-04-01 08:34:19 +0000] [1179] [INFO] Waiting for application startup.
[2026-04-01 08:34:19 +0000] [1179] [INFO] Application startup complete.
[2026-04-01 08:34:19 +0000] [1201] [INFO] Booting worker with pid: 1201
[2026-04-01 08:34:19 +0000] [1180] [INFO] Started server process [1180]
[2026-04-01 08:34:19 +0000] [1180] [INFO] Waiting for application startup.
[2026-04-01 08:34:19 +0000] [1180] [INFO] Application startup complete.
[2026-04-01 08:34:19 +0000] [1206] [INFO] Booting worker with pid: 1206
[2026-04-01 08:34:19 +0000] [1186] [INFO] Started server process [1186]
[2026-04-01 08:34:19 +0000] [1186] [INFO] Waiting for application startup.
[2026-04-01 08:34:19 +0000] [1186] [INFO] Application startup complete.
[2026-04-01 08:34:19 +0000] [1212] [INFO] Booting worker with pid: 1212
[2026-04-01 08:34:19 +0000] [1192] [INFO] Started server process [1192]
[2026-04-01 08:34:19 +0000] [1192] [INFO] Waiting for application startup.
[2026-04-01 08:34:19 +0000] [1214] [INFO] Booting worker with pid: 1214
[2026-04-01 08:34:19 +0000] [1192] [INFO] Application startup complete.
[2026-04-01 08:34:19 +0000] [1219] [INFO] Booting worker with pid: 1219
[2026-04-01 08:34:19 +0000] [1193] [INFO] Started server process [1193]
[2026-04-01 08:34:19 +0000] [1193] [INFO] Waiting for application startup.
[2026-04-01 08:34:19 +0000] [1194] [INFO] Started server process [1194]
[2026-04-01 08:34:19 +0000] [1194] [INFO] Waiting for application startup.
[2026-04-01 08:34:19 +0000] [1193] [INFO] Application startup complete.
[2026-04-01 08:34:19 +0000] [1194] [INFO] Application startup complete.
[2026-04-01 08:34:20 +0000] [1230] [INFO] Booting worker with pid: 1230
[2026-04-01 08:34:20 +0000] [1201] [INFO] Started server process [1201]
[2026-04-01 08:34:20 +0000] [1201] [INFO] Waiting for application startup.
[2026-04-01 08:34:20 +0000] [1201] [INFO] Application startup complete.
[2026-04-01 08:34:20 +0000] [1206] [INFO] Started server process [1206]
[2026-04-01 08:34:20 +0000] [1206] [INFO] Waiting for application startup.
[2026-04-01 08:34:20 +0000] [1206] [INFO] Application startup complete.
[2026-04-01 08:34:20 +0000] [1241] [INFO] Booting worker with pid: 1241
[2026-04-01 08:34:20 +0000] [1212] [INFO] Started server process [1212]
[2026-04-01 08:34:20 +0000] [1212] [INFO] Waiting for application startup.
[2026-04-01 08:34:20 +0000] [1243] [INFO] Booting worker with pid: 1243
[2026-04-01 08:34:20 +0000] [1212] [INFO] Application startup complete.
[2026-04-01 08:34:20 +0000] [1249] [INFO] Booting worker with pid: 1249
[2026-04-01 08:34:20 +0000] [1214] [INFO] Started server process [1214]
[2026-04-01 08:34:20 +0000] [1214] [INFO] Waiting for application startup.
[2026-04-01 08:34:20 +0000] [1214] [INFO] Application startup complete.
[2026-04-01 08:34:20 +0000] [1219] [INFO] Started server process [1219]
[2026-04-01 08:34:20 +0000] [1219] [INFO] Waiting for application startup.
[2026-04-01 08:34:20 +0000] [1219] [INFO] Application startup complete.
[2026-04-01 08:34:20 +0000] [1230] [INFO] Started server process [1230]
[2026-04-01 08:34:20 +0000] [1230] [INFO] Waiting for application startup.
[2026-04-01 08:34:20 +0000] [1230] [INFO] Application startup complete.
[2026-04-01 08:34:20 +0000] [1264] [INFO] Booting worker with pid: 1264
[2026-04-01 08:34:20 +0000] [1241] [INFO] Started server process [1241]
[2026-04-01 08:34:20 +0000] [1241] [INFO] Waiting for application startup.
[2026-04-01 08:34:20 +0000] [1241] [INFO] Application startup complete.
[2026-04-01 08:34:20 +0000] [1270] [INFO] Booting worker with pid: 1270
[2026-04-01 08:34:20 +0000] [1243] [INFO] Started server process [1243]
[2026-04-01 08:34:20 +0000] [1243] [INFO] Waiting for application startup.
[2026-04-01 08:34:20 +0000] [1243] [INFO] Application startup complete.
[2026-04-01 08:34:20 +0000] [1276] [INFO] Booting worker with pid: 1276
[2026-04-01 08:34:20 +0000] [1249] [INFO] Started server process [1249]
[2026-04-01 08:34:20 +0000] [1249] [INFO] Waiting for application startup.
[2026-04-01 08:34:20 +0000] [1249] [INFO] Application startup complete.
[2026-04-01 08:34:20 +0000] [1282] [INFO] Booting worker with pid: 1282
[2026-04-01 08:34:20 +0000] [1283] [INFO] Booting worker with pid: 1283
[2026-04-01 08:34:20 +0000] [1264] [INFO] Started server process [1264]
[2026-04-01 08:34:20 +0000] [1264] [INFO] Waiting for application startup.
[2026-04-01 08:34:20 +0000] [1264] [INFO] Application startup complete.
[2026-04-01 08:34:20 +0000] [1289] [INFO] Booting worker with pid: 1289
[2026-04-01 08:34:20 +0000] [1290] [INFO] Booting worker with pid: 1290
[2026-04-01 08:34:20 +0000] [1270] [INFO] Started server process [1270]
[2026-04-01 08:34:20 +0000] [1270] [INFO] Waiting for application startup.
[2026-04-01 08:34:20 +0000] [1270] [INFO] Application startup complete.
[2026-04-01 08:34:20 +0000] [1296] [INFO] Booting worker with pid: 1296
[2026-04-01 08:34:20 +0000] [1298] [INFO] Booting worker with pid: 1298
[2026-04-01 08:34:20 +0000] [1276] [INFO] Started server process [1276]
[2026-04-01 08:34:20 +0000] [1276] [INFO] Waiting for application startup.
[2026-04-01 08:34:20 +0000] [1276] [INFO] Application startup complete.
[2026-04-01 08:34:20 +0000] [1303] [INFO] Booting worker with pid: 1303
[2026-04-01 08:34:20 +0000] [1282] [INFO] Started server process [1282]
[2026-04-01 08:34:20 +0000] [1282] [INFO] Waiting for application startup.
[2026-04-01 08:34:20 +0000] [1282] [INFO] Application startup complete.
[2026-04-01 08:34:20 +0000] [1283] [INFO] Started server process [1283]
[2026-04-01 08:34:20 +0000] [1283] [INFO] Waiting for application startup.
[2026-04-01 08:34:20 +0000] [1283] [INFO] Application startup complete.
[2026-04-01 08:34:20 +0000] [1289] [INFO] Started server process [1289]
[2026-04-01 08:34:20 +0000] [1289] [INFO] Waiting for application startup.
[2026-04-01 08:34:20 +0000] [1315] [INFO] Booting worker with pid: 1315
[2026-04-01 08:34:20 +0000] [1289] [INFO] Application startup complete.
[2026-04-01 08:34:20 +0000] [1290] [INFO] Started server process [1290]
[2026-04-01 08:34:20 +0000] [1290] [INFO] Waiting for application startup.
[2026-04-01 08:34:20 +0000] [1290] [INFO] Application startup complete.
[2026-04-01 08:34:20 +0000] [1296] [INFO] Started server process [1296]
[2026-04-01 08:34:20 +0000] [1296] [INFO] Waiting for application startup.
[2026-04-01 08:34:20 +0000] [1330] [INFO] Booting worker with pid: 1330
[2026-04-01 08:34:20 +0000] [1296] [INFO] Application startup complete.
[2026-04-01 08:34:21 +0000] [1331] [INFO] Booting worker with pid: 1331
[2026-04-01 08:34:21 +0000] [1298] [INFO] Started server process [1298]
[2026-04-01 08:34:21 +0000] [1298] [INFO] Waiting for application startup.
[2026-04-01 08:34:21 +0000] [1298] [INFO] Application startup complete.
[2026-04-01 08:34:21 +0000] [1337] [INFO] Booting worker with pid: 1337
[2026-04-01 08:34:21 +0000] [1303] [INFO] Started server process [1303]
[2026-04-01 08:34:21 +0000] [1303] [INFO] Waiting for application startup.
[2026-04-01 08:34:21 +0000] [1303] [INFO] Application startup complete.
[2026-04-01 08:34:21 +0000] [1343] [INFO] Booting worker with pid: 1343
[2026-04-01 08:34:21 +0000] [1344] [INFO] Booting worker with pid: 1344
[2026-04-01 08:34:21 +0000] [1315] [INFO] Started server process [1315]
[2026-04-01 08:34:21 +0000] [1315] [INFO] Waiting for application startup.
[2026-04-01 08:34:21 +0000] [1315] [INFO] Application startup complete.
[2026-04-01 08:34:21 +0000] [1350] [INFO] Booting worker with pid: 1350
[2026-04-01 08:34:21 +0000] [1352] [INFO] Booting worker with pid: 1352
[2026-04-01 08:34:21 +0000] [1330] [INFO] Started server process [1330]
[2026-04-01 08:34:21 +0000] [1330] [INFO] Waiting for application startup.
[2026-04-01 08:34:21 +0000] [1330] [INFO] Application startup complete.
[2026-04-01 08:34:21 +0000] [1331] [INFO] Started server process [1331]
[2026-04-01 08:34:21 +0000] [1331] [INFO] Waiting for application startup.
[2026-04-01 08:34:21 +0000] [1331] [INFO] Application startup complete.
[2026-04-01 08:34:21 +0000] [1363] [INFO] Booting worker with pid: 1363
[2026-04-01 08:34:21 +0000] [1337] [INFO] Started server process [1337]
[2026-04-01 08:34:21 +0000] [1337] [INFO] Waiting for application startup.
[2026-04-01 08:34:21 +0000] [1337] [INFO] Application startup complete.
[2026-04-01 08:34:21 +0000] [1343] [INFO] Started server process [1343]
[2026-04-01 08:34:21 +0000] [1343] [INFO] Waiting for application startup.
[2026-04-01 08:34:21 +0000] [1343] [INFO] Application startup complete.
[2026-04-01 08:34:21 +0000] [1373] [INFO] Booting worker with pid: 1373
[2026-04-01 08:34:21 +0000] [1344] [INFO] Started server process [1344]
[2026-04-01 08:34:21 +0000] [1344] [INFO] Waiting for application startup.
[2026-04-01 08:34:21 +0000] [1344] [INFO] Application startup complete.
[2026-04-01 08:34:21 +0000] [1379] [INFO] Booting worker with pid: 1379
[2026-04-01 08:34:21 +0000] [1350] [INFO] Started server process [1350]
[2026-04-01 08:34:21 +0000] [1350] [INFO] Waiting for application startup.
[2026-04-01 08:34:21 +0000] [1350] [INFO] Application startup complete.
[2026-04-01 08:34:21 +0000] [1385] [INFO] Booting worker with pid: 1385
[2026-04-01 08:34:21 +0000] [1352] [INFO] Started server process [1352]
[2026-04-01 08:34:21 +0000] [1352] [INFO] Waiting for application startup.
[2026-04-01 08:34:21 +0000] [1352] [INFO] Application startup complete.
[2026-04-01 08:34:21 +0000] [1392] [INFO] Booting worker with pid: 1392
[2026-04-01 08:34:21 +0000] [1363] [INFO] Started server process [1363]
[2026-04-01 08:34:21 +0000] [1363] [INFO] Waiting for application startup.
[2026-04-01 08:34:21 +0000] [1363] [INFO] Application startup complete.
[2026-04-01 08:34:21 +0000] [1397] [INFO] Booting worker with pid: 1397
[2026-04-01 08:34:21 +0000] [1398] [INFO] Booting worker with pid: 1398
[2026-04-01 08:34:21 +0000] [1373] [INFO] Started server process [1373]
[2026-04-01 08:34:21 +0000] [1373] [INFO] Waiting for application startup.
[2026-04-01 08:34:21 +0000] [1373] [INFO] Application startup complete.
[2026-04-01 08:34:21 +0000] [1379] [INFO] Started server process [1379]
[2026-04-01 08:34:21 +0000] [1379] [INFO] Waiting for application startup.
[2026-04-01 08:34:21 +0000] [1379] [INFO] Application startup complete.
[2026-04-01 08:34:21 +0000] [1409] [INFO] Booting worker with pid: 1409
[2026-04-01 08:34:21 +0000] [1410] [INFO] Booting worker with pid: 1410
[2026-04-01 08:34:21 +0000] [1385] [INFO] Started server process [1385]
[2026-04-01 08:34:21 +0000] [1385] [INFO] Waiting for application startup.
[2026-04-01 08:34:21 +0000] [1385] [INFO] Application startup complete.
[2026-04-01 08:34:21 +0000] [1416] [INFO] Booting worker with pid: 1416
[2026-04-01 08:34:21 +0000] [1417] [INFO] Booting worker with pid: 1417
[2026-04-01 08:34:21 +0000] [1419] [INFO] Booting worker with pid: 1419
[2026-04-01 08:34:21 +0000] [1392] [INFO] Started server process [1392]
[2026-04-01 08:34:21 +0000] [1392] [INFO] Waiting for application startup.
[2026-04-01 08:34:21 +0000] [1392] [INFO] Application startup complete.
[2026-04-01 08:34:21 +0000] [1424] [INFO] Booting worker with pid: 1424
[2026-04-01 08:34:21 +0000] [1397] [INFO] Started server process [1397]
[2026-04-01 08:34:21 +0000] [1397] [INFO] Waiting for application startup.
[2026-04-01 08:34:21 +0000] [1397] [INFO] Application startup complete.
[2026-04-01 08:34:21 +0000] [1398] [INFO] Started server process [1398]
[2026-04-01 08:34:21 +0000] [1398] [INFO] Waiting for application startup.
[2026-04-01 08:34:21 +0000] [1398] [INFO] Application startup complete.
[2026-04-01 08:34:21 +0000] [1435] [INFO] Booting worker with pid: 1435
[2026-04-01 08:34:21 +0000] [1436] [INFO] Booting worker with pid: 1436
[2026-04-01 08:34:22 +0000] [1409] [INFO] Started server process [1409]
[2026-04-01 08:34:22 +0000] [1409] [INFO] Waiting for application startup.
[2026-04-01 08:34:22 +0000] [1410] [INFO] Started server process [1410]
[2026-04-01 08:34:22 +0000] [1410] [INFO] Waiting for application startup.
[2026-04-01 08:34:22 +0000] [1409] [INFO] Application startup complete.
[2026-04-01 08:34:22 +0000] [1410] [INFO] Application startup complete.
[2026-04-01 08:34:22 +0000] [1447] [INFO] Booting worker with pid: 1447
[2026-04-01 08:34:22 +0000] [1416] [INFO] Started server process [1416]
[2026-04-01 08:34:22 +0000] [1416] [INFO] Waiting for application startup.
[2026-04-01 08:34:22 +0000] [1416] [INFO] Application startup complete.
[2026-04-01 08:34:22 +0000] [1417] [INFO] Started server process [1417]
[2026-04-01 08:34:22 +0000] [1417] [INFO] Waiting for application startup.
[2026-04-01 08:34:22 +0000] [1458] [INFO] Booting worker with pid: 1458
[2026-04-01 08:34:22 +0000] [1417] [INFO] Application startup complete.
[2026-04-01 08:34:22 +0000] [1419] [INFO] Started server process [1419]
[2026-04-01 08:34:22 +0000] [1419] [INFO] Waiting for application startup.
[2026-04-01 08:34:22 +0000] [1419] [INFO] Application startup complete.
[2026-04-01 08:34:22 +0000] [1465] [INFO] Booting worker with pid: 1465
[2026-04-01 08:34:22 +0000] [1424] [INFO] Started server process [1424]
[2026-04-01 08:34:22 +0000] [1424] [INFO] Waiting for application startup.
[2026-04-01 08:34:22 +0000] [1466] [INFO] Booting worker with pid: 1466
[2026-04-01 08:34:22 +0000] [1424] [INFO] Application startup complete.
[2026-04-01 08:34:22 +0000] [1436] [INFO] Started server process [1436]
[2026-04-01 08:34:22 +0000] [1436] [INFO] Waiting for application startup.
[2026-04-01 08:34:22 +0000] [1436] [INFO] Application startup complete.
[2026-04-01 08:34:22 +0000] [1476] [INFO] Booting worker with pid: 1476
[2026-04-01 08:34:22 +0000] [1477] [INFO] Booting worker with pid: 1477
[2026-04-01 08:34:22 +0000] [1479] [INFO] Booting worker with pid: 1479
[2026-04-01 08:34:22 +0000] [1435] [INFO] Started server process [1435]
[2026-04-01 08:34:22 +0000] [1435] [INFO] Waiting for application startup.
[2026-04-01 08:34:22 +0000] [1435] [INFO] Application startup complete.
[2026-04-01 08:34:22 +0000] [1484] [INFO] Booting worker with pid: 1484
[2026-04-01 08:34:22 +0000] [1447] [INFO] Started server process [1447]
[2026-04-01 08:34:22 +0000] [1447] [INFO] Waiting for application startup.
[2026-04-01 08:34:22 +0000] [1447] [INFO] Application startup complete.
[2026-04-01 08:34:22 +0000] [1490] [INFO] Booting worker with pid: 1490
[2026-04-01 08:34:22 +0000] [1491] [INFO] Booting worker with pid: 1491
[2026-04-01 08:34:22 +0000] [1492] [INFO] Booting worker with pid: 1492
[2026-04-01 08:34:22 +0000] [1465] [INFO] Started server process [1465]
[2026-04-01 08:34:22 +0000] [1465] [INFO] Waiting for application startup.
[2026-04-01 08:34:22 +0000] [1465] [INFO] Application startup complete.
[2026-04-01 08:34:22 +0000] [1477] [INFO] Started server process [1477]
[2026-04-01 08:34:22 +0000] [1477] [INFO] Waiting for application startup.
[2026-04-01 08:34:22 +0000] [1477] [INFO] Application startup complete.
[2026-04-01 08:34:22 +0000] [1476] [INFO] Started server process [1476]
[2026-04-01 08:34:22 +0000] [1476] [INFO] Waiting for application startup.
[2026-04-01 08:34:22 +0000] [1476] [INFO] Application startup complete.
[2026-04-01 08:34:22 +0000] [1466] [INFO] Started server process [1466]
[2026-04-01 08:34:22 +0000] [1466] [INFO] Waiting for application startup.
[2026-04-01 08:34:23 +0000] [1466] [INFO] Application startup complete.
[2026-04-01 08:34:23 +0000] [1490] [INFO] Started server process [1490]
[2026-04-01 08:34:23 +0000] [1490] [INFO] Waiting for application startup.
[2026-04-01 08:34:23 +0000] [1484] [INFO] Started server process [1484]
[2026-04-01 08:34:23 +0000] [1484] [INFO] Waiting for application startup.
[2026-04-01 08:34:23 +0000] [1490] [INFO] Application startup complete.
[2026-04-01 08:34:23 +0000] [1484] [INFO] Application startup complete.
[2026-04-01 08:34:23 +0000] [1491] [INFO] Started server process [1491]
[2026-04-01 08:34:23 +0000] [1491] [INFO] Waiting for application startup.
[2026-04-01 08:34:23 +0000] [1491] [INFO] Application startup complete.
[2026-04-01 08:34:23 +0000] [1492] [INFO] Started server process [1492]
[2026-04-01 08:34:23 +0000] [1492] [INFO] Waiting for application startup.
[2026-04-01 08:34:23 +0000] [1492] [INFO] Application startup complete.
[2026-04-01 08:34:23 +0000] [1458] [INFO] Started server process [1458]
[2026-04-01 08:34:23 +0000] [1458] [INFO] Waiting for application startup.
[2026-04-01 08:34:23 +0000] [1458] [INFO] Application startup complete.
[2026-04-01 08:34:23 +0000] [1479] [INFO] Started server process [1479]
[2026-04-01 08:34:23 +0000] [1479] [INFO] Waiting for application startup.
[2026-04-01 08:34:23 +0000] [1479] [INFO] Application startup complete.
