
  .   ____          _            __ _ _
 /\\ / ___'_ __ _ _(_)_ __  __ _ \ \ \ \
( ( )\___ | '_ | '_| | '_ \/ _` | \ \ \ \
 \\/  ___)| |_)| | | | | || (_| |  ) ) ) )
  '  |____| .__|_| |_|_| |_\__, | / / / /
 =========|_|==============|___/=/_/_/_/

 :: Spring Boot ::                (v4.0.5)

2026-04-06T17:53:48.645Z  INFO 1 --- [spring-boot] [           main] com.httparena.spring.boot.Application    : Starting Application v0.0.1-SNAPSHOT using Java 25.0.2 with PID 1 (/app/app.jar started by root in /app)
2026-04-06T17:53:48.648Z  INFO 1 --- [spring-boot] [           main] com.httparena.spring.boot.Application    : No active profile set, falling back to 1 default profile: "default"
2026-04-06T17:53:49.449Z  INFO 1 --- [spring-boot] [           main] o.s.boot.tomcat.TomcatWebServer          : Tomcat initialized with ports 8443 (https), 8080 (http)
2026-04-06T17:53:49.462Z  INFO 1 --- [spring-boot] [           main] o.apache.catalina.core.StandardService   : Starting service [Tomcat]
2026-04-06T17:53:49.462Z  INFO 1 --- [spring-boot] [           main] o.apache.catalina.core.StandardEngine    : Starting Servlet engine: [Apache Tomcat/11.0.20]
2026-04-06T17:53:49.480Z  INFO 1 --- [spring-boot] [           main] b.w.c.s.WebApplicationContextInitializer : Root WebApplicationContext: initialization completed in 773 ms
2026-04-06T17:53:49.552Z  INFO 1 --- [spring-boot] [           main] com.zaxxer.hikari.HikariDataSource       : HikariPool-1 - Starting...
2026-04-06T17:53:49.626Z  INFO 1 --- [spring-boot] [           main] com.zaxxer.hikari.pool.HikariPool        : HikariPool-1 - Added connection org.postgresql.jdbc.PgConnection@3bf54172
2026-04-06T17:53:49.627Z  INFO 1 --- [spring-boot] [           main] com.zaxxer.hikari.HikariDataSource       : HikariPool-1 - Start completed.
2026-04-06T17:53:50.192Z  INFO 1 --- [spring-boot] [           main] o.a.t.util.net.NioEndpoint.certificate   : Connector [https-jsse-nio-8443], TLS virtual host [_default_], certificate type [UNDEFINED] configured from keystore [Set directly - location unknown] using alias [tomcat] with trust store [null]
2026-04-06T17:53:50.202Z  INFO 1 --- [spring-boot] [           main] o.s.boot.tomcat.TomcatWebServer          : Tomcat started on ports 8443 (https), 8080 (http) with context path '/'
2026-04-06T17:53:50.207Z  INFO 1 --- [spring-boot] [           main] com.httparena.spring.boot.Application    : Started Application in 1.9 seconds (process running for 2.239)
2026-04-06T17:53:51.042Z  INFO 1 --- [spring-boot] [nio-8080-exec-1] o.a.c.c.C.[Tomcat].[localhost].[/]       : Initializing Spring DispatcherServlet 'dispatcherServlet'
2026-04-06T17:53:51.042Z  INFO 1 --- [spring-boot] [nio-8080-exec-1] o.s.web.servlet.DispatcherServlet        : Initializing Servlet 'dispatcherServlet'
2026-04-06T17:53:51.043Z  INFO 1 --- [spring-boot] [nio-8080-exec-1] o.s.web.servlet.DispatcherServlet        : Completed initialization in 1 ms
