[2026-04-06 10:38:20 +0000] [1] [INFO] Starting gunicorn 23.0.0
[2026-04-06 10:38:20 +0000] [1] [INFO] Listening at: http://0.0.0.0:8080 (1)
[2026-04-06 10:38:20 +0000] [1] [INFO] Using worker: uvicorn.workers.UvicornWorker
[2026-04-06 10:38:20 +0000] [7] [INFO] Booting worker with pid: 7
[2026-04-06 10:38:20 +0000] [8] [INFO] Booting worker with pid: 8
[2026-04-06 10:38:20 +0000] [9] [INFO] Booting worker with pid: 9
[2026-04-06 10:38:20 +0000] [7] [INFO] Started server process [7]
[2026-04-06 10:38:20 +0000] [8] [INFO] Started server process [8]
[2026-04-06 10:38:20 +0000] [7] [INFO] Waiting for application startup.
[2026-04-06 10:38:20 +0000] [8] [INFO] Waiting for application startup.
[2026-04-06 10:38:20 +0000] [8] [INFO] Application startup complete.
[2026-04-06 10:38:20 +0000] [7] [INFO] Application startup complete.
[2026-04-06 10:38:20 +0000] [21] [INFO] Booting worker with pid: 21
[2026-04-06 10:38:20 +0000] [9] [INFO] Started server process [9]
[2026-04-06 10:38:20 +0000] [9] [INFO] Waiting for application startup.
[2026-04-06 10:38:20 +0000] [9] [INFO] Application startup complete.
[2026-04-06 10:38:20 +0000] [26] [INFO] Booting worker with pid: 26
[2026-04-06 10:38:20 +0000] [21] [INFO] Started server process [21]
[2026-04-06 10:38:20 +0000] [21] [INFO] Waiting for application startup.
[2026-04-06 10:38:20 +0000] [21] [INFO] Application startup complete.
[2026-04-06 10:38:20 +0000] [32] [INFO] Booting worker with pid: 32
[2026-04-06 10:38:20 +0000] [33] [INFO] Booting worker with pid: 33
[2026-04-06 10:38:20 +0000] [26] [INFO] Started server process [26]
[2026-04-06 10:38:20 +0000] [26] [INFO] Waiting for application startup.
[2026-04-06 10:38:20 +0000] [26] [INFO] Application startup complete.
[2026-04-06 10:38:20 +0000] [39] [INFO] Booting worker with pid: 39
[2026-04-06 10:38:20 +0000] [40] [INFO] Booting worker with pid: 40
[2026-04-06 10:38:20 +0000] [32] [INFO] Started server process [32]
[2026-04-06 10:38:20 +0000] [32] [INFO] Waiting for application startup.
[2026-04-06 10:38:20 +0000] [32] [INFO] Application startup complete.
[2026-04-06 10:38:20 +0000] [33] [INFO] Started server process [33]
[2026-04-06 10:38:20 +0000] [33] [INFO] Waiting for application startup.
[2026-04-06 10:38:20 +0000] [33] [INFO] Application startup complete.
[2026-04-06 10:38:20 +0000] [39] [INFO] Started server process [39]
[2026-04-06 10:38:20 +0000] [39] [INFO] Waiting for application startup.
[2026-04-06 10:38:20 +0000] [39] [INFO] Application startup complete.
[2026-04-06 10:38:20 +0000] [40] [INFO] Started server process [40]
[2026-04-06 10:38:20 +0000] [40] [INFO] Waiting for application startup.
[2026-04-06 10:38:20 +0000] [57] [INFO] Booting worker with pid: 57
[2026-04-06 10:38:20 +0000] [40] [INFO] Application startup complete.
[2026-04-06 10:38:20 +0000] [62] [INFO] Booting worker with pid: 62
[2026-04-06 10:38:20 +0000] [63] [INFO] Booting worker with pid: 63
[2026-04-06 10:38:20 +0000] [64] [INFO] Booting worker with pid: 64
[2026-04-06 10:38:20 +0000] [57] [INFO] Started server process [57]
[2026-04-06 10:38:20 +0000] [57] [INFO] Waiting for application startup.
[2026-04-06 10:38:20 +0000] [57] [INFO] Application startup complete.
[2026-04-06 10:38:20 +0000] [71] [INFO] Booting worker with pid: 71
[2026-04-06 10:38:20 +0000] [62] [INFO] Started server process [62]
[2026-04-06 10:38:20 +0000] [62] [INFO] Waiting for application startup.
[2026-04-06 10:38:20 +0000] [63] [INFO] Started server process [63]
[2026-04-06 10:38:20 +0000] [63] [INFO] Waiting for application startup.
[2026-04-06 10:38:20 +0000] [62] [INFO] Application startup complete.
[2026-04-06 10:38:20 +0000] [64] [INFO] Started server process [64]
[2026-04-06 10:38:20 +0000] [64] [INFO] Waiting for application startup.
[2026-04-06 10:38:20 +0000] [63] [INFO] Application startup complete.
[2026-04-06 10:38:20 +0000] [64] [INFO] Application startup complete.
[2026-04-06 10:38:20 +0000] [86] [INFO] Booting worker with pid: 86
[2026-04-06 10:38:20 +0000] [71] [INFO] Started server process [71]
[2026-04-06 10:38:20 +0000] [71] [INFO] Waiting for application startup.
[2026-04-06 10:38:20 +0000] [71] [INFO] Application startup complete.
[2026-04-06 10:38:21 +0000] [92] [INFO] Booting worker with pid: 92
[2026-04-06 10:38:21 +0000] [86] [INFO] Started server process [86]
[2026-04-06 10:38:21 +0000] [86] [INFO] Waiting for application startup.
[2026-04-06 10:38:21 +0000] [86] [INFO] Application startup complete.
[2026-04-06 10:38:21 +0000] [99] [INFO] Booting worker with pid: 99
[2026-04-06 10:38:21 +0000] [92] [INFO] Started server process [92]
[2026-04-06 10:38:21 +0000] [92] [INFO] Waiting for application startup.
[2026-04-06 10:38:21 +0000] [92] [INFO] Application startup complete.
[2026-04-06 10:38:21 +0000] [99] [INFO] Started server process [99]
[2026-04-06 10:38:21 +0000] [99] [INFO] Waiting for application startup.
[2026-04-06 10:38:21 +0000] [99] [INFO] Application startup complete.
[2026-04-06 10:38:21 +0000] [109] [INFO] Booting worker with pid: 109
[2026-04-06 10:38:21 +0000] [110] [INFO] Booting worker with pid: 110
[2026-04-06 10:38:21 +0000] [109] [INFO] Started server process [109]
[2026-04-06 10:38:21 +0000] [109] [INFO] Waiting for application startup.
[2026-04-06 10:38:21 +0000] [109] [INFO] Application startup complete.
[2026-04-06 10:38:21 +0000] [116] [INFO] Booting worker with pid: 116
[2026-04-06 10:38:21 +0000] [110] [INFO] Started server process [110]
[2026-04-06 10:38:21 +0000] [110] [INFO] Waiting for application startup.
[2026-04-06 10:38:21 +0000] [110] [INFO] Application startup complete.
[2026-04-06 10:38:21 +0000] [122] [INFO] Booting worker with pid: 122
[2026-04-06 10:38:21 +0000] [116] [INFO] Started server process [116]
[2026-04-06 10:38:21 +0000] [116] [INFO] Waiting for application startup.
[2026-04-06 10:38:21 +0000] [116] [INFO] Application startup complete.
[2026-04-06 10:38:21 +0000] [128] [INFO] Booting worker with pid: 128
[2026-04-06 10:38:21 +0000] [122] [INFO] Started server process [122]
[2026-04-06 10:38:21 +0000] [122] [INFO] Waiting for application startup.
[2026-04-06 10:38:21 +0000] [122] [INFO] Application startup complete.
[2026-04-06 10:38:21 +0000] [135] [INFO] Booting worker with pid: 135
[2026-04-06 10:38:21 +0000] [128] [INFO] Started server process [128]
[2026-04-06 10:38:21 +0000] [128] [INFO] Waiting for application startup.
[2026-04-06 10:38:21 +0000] [128] [INFO] Application startup complete.
[2026-04-06 10:38:21 +0000] [140] [INFO] Booting worker with pid: 140
[2026-04-06 10:38:21 +0000] [135] [INFO] Started server process [135]
[2026-04-06 10:38:21 +0000] [135] [INFO] Waiting for application startup.
[2026-04-06 10:38:21 +0000] [135] [INFO] Application startup complete.
[2026-04-06 10:38:21 +0000] [147] [INFO] Booting worker with pid: 147
[2026-04-06 10:38:21 +0000] [140] [INFO] Started server process [140]
[2026-04-06 10:38:21 +0000] [140] [INFO] Waiting for application startup.
[2026-04-06 10:38:21 +0000] [140] [INFO] Application startup complete.
[2026-04-06 10:38:21 +0000] [152] [INFO] Booting worker with pid: 152
[2026-04-06 10:38:21 +0000] [153] [INFO] Booting worker with pid: 153
[2026-04-06 10:38:21 +0000] [147] [INFO] Started server process [147]
[2026-04-06 10:38:21 +0000] [147] [INFO] Waiting for application startup.
[2026-04-06 10:38:21 +0000] [147] [INFO] Application startup complete.
[2026-04-06 10:38:21 +0000] [152] [INFO] Started server process [152]
[2026-04-06 10:38:21 +0000] [152] [INFO] Waiting for application startup.
[2026-04-06 10:38:21 +0000] [153] [INFO] Started server process [153]
[2026-04-06 10:38:21 +0000] [153] [INFO] Waiting for application startup.
[2026-04-06 10:38:21 +0000] [152] [INFO] Application startup complete.
[2026-04-06 10:38:21 +0000] [153] [INFO] Application startup complete.
[2026-04-06 10:38:21 +0000] [169] [INFO] Booting worker with pid: 169
[2026-04-06 10:38:21 +0000] [170] [INFO] Booting worker with pid: 170
[2026-04-06 10:38:21 +0000] [171] [INFO] Booting worker with pid: 171
[2026-04-06 10:38:21 +0000] [169] [INFO] Started server process [169]
[2026-04-06 10:38:21 +0000] [169] [INFO] Waiting for application startup.
[2026-04-06 10:38:21 +0000] [169] [INFO] Application startup complete.
[2026-04-06 10:38:21 +0000] [170] [INFO] Started server process [170]
[2026-04-06 10:38:21 +0000] [170] [INFO] Waiting for application startup.
[2026-04-06 10:38:21 +0000] [170] [INFO] Application startup complete.
[2026-04-06 10:38:21 +0000] [183] [INFO] Booting worker with pid: 183
[2026-04-06 10:38:21 +0000] [171] [INFO] Started server process [171]
[2026-04-06 10:38:21 +0000] [171] [INFO] Waiting for application startup.
[2026-04-06 10:38:21 +0000] [171] [INFO] Application startup complete.
[2026-04-06 10:38:21 +0000] [188] [INFO] Booting worker with pid: 188
[2026-04-06 10:38:21 +0000] [189] [INFO] Booting worker with pid: 189
[2026-04-06 10:38:21 +0000] [183] [INFO] Started server process [183]
[2026-04-06 10:38:21 +0000] [183] [INFO] Waiting for application startup.
[2026-04-06 10:38:22 +0000] [183] [INFO] Application startup complete.
[2026-04-06 10:38:22 +0000] [195] [INFO] Booting worker with pid: 195
[2026-04-06 10:38:22 +0000] [197] [INFO] Booting worker with pid: 197
[2026-04-06 10:38:22 +0000] [188] [INFO] Started server process [188]
[2026-04-06 10:38:22 +0000] [188] [INFO] Waiting for application startup.
[2026-04-06 10:38:22 +0000] [188] [INFO] Application startup complete.
[2026-04-06 10:38:22 +0000] [189] [INFO] Started server process [189]
[2026-04-06 10:38:22 +0000] [189] [INFO] Waiting for application startup.
[2026-04-06 10:38:22 +0000] [189] [INFO] Application startup complete.
[2026-04-06 10:38:22 +0000] [207] [INFO] Booting worker with pid: 207
[2026-04-06 10:38:22 +0000] [209] [INFO] Booting worker with pid: 209
[2026-04-06 10:38:22 +0000] [195] [INFO] Started server process [195]
[2026-04-06 10:38:22 +0000] [195] [INFO] Waiting for application startup.
[2026-04-06 10:38:22 +0000] [195] [INFO] Application startup complete.
[2026-04-06 10:38:22 +0000] [197] [INFO] Started server process [197]
[2026-04-06 10:38:22 +0000] [197] [INFO] Waiting for application startup.
[2026-04-06 10:38:22 +0000] [197] [INFO] Application startup complete.
[2026-04-06 10:38:22 +0000] [219] [INFO] Booting worker with pid: 219
[2026-04-06 10:38:22 +0000] [207] [INFO] Started server process [207]
[2026-04-06 10:38:22 +0000] [207] [INFO] Waiting for application startup.
[2026-04-06 10:38:22 +0000] [207] [INFO] Application startup complete.
[2026-04-06 10:38:22 +0000] [209] [INFO] Started server process [209]
[2026-04-06 10:38:22 +0000] [209] [INFO] Waiting for application startup.
[2026-04-06 10:38:22 +0000] [209] [INFO] Application startup complete.
[2026-04-06 10:38:22 +0000] [230] [INFO] Booting worker with pid: 230
[2026-04-06 10:38:22 +0000] [219] [INFO] Started server process [219]
[2026-04-06 10:38:22 +0000] [219] [INFO] Waiting for application startup.
[2026-04-06 10:38:22 +0000] [219] [INFO] Application startup complete.
[2026-04-06 10:38:22 +0000] [236] [INFO] Booting worker with pid: 236
[2026-04-06 10:38:22 +0000] [230] [INFO] Started server process [230]
[2026-04-06 10:38:22 +0000] [230] [INFO] Waiting for application startup.
[2026-04-06 10:38:22 +0000] [230] [INFO] Application startup complete.
[2026-04-06 10:38:22 +0000] [242] [INFO] Booting worker with pid: 242
[2026-04-06 10:38:22 +0000] [236] [INFO] Started server process [236]
[2026-04-06 10:38:22 +0000] [236] [INFO] Waiting for application startup.
[2026-04-06 10:38:22 +0000] [236] [INFO] Application startup complete.
[2026-04-06 10:38:22 +0000] [249] [INFO] Booting worker with pid: 249
[2026-04-06 10:38:22 +0000] [242] [INFO] Started server process [242]
[2026-04-06 10:38:22 +0000] [242] [INFO] Waiting for application startup.
[2026-04-06 10:38:22 +0000] [242] [INFO] Application startup complete.
[2026-04-06 10:38:22 +0000] [249] [INFO] Started server process [249]
[2026-04-06 10:38:22 +0000] [249] [INFO] Waiting for application startup.
[2026-04-06 10:38:22 +0000] [255] [INFO] Booting worker with pid: 255
[2026-04-06 10:38:22 +0000] [249] [INFO] Application startup complete.
[2026-04-06 10:38:22 +0000] [260] [INFO] Booting worker with pid: 260
[2026-04-06 10:38:22 +0000] [255] [INFO] Started server process [255]
[2026-04-06 10:38:22 +0000] [255] [INFO] Waiting for application startup.
[2026-04-06 10:38:22 +0000] [255] [INFO] Application startup complete.
[2026-04-06 10:38:22 +0000] [267] [INFO] Booting worker with pid: 267
[2026-04-06 10:38:22 +0000] [260] [INFO] Started server process [260]
[2026-04-06 10:38:22 +0000] [260] [INFO] Waiting for application startup.
[2026-04-06 10:38:22 +0000] [260] [INFO] Application startup complete.
[2026-04-06 10:38:22 +0000] [267] [INFO] Started server process [267]
[2026-04-06 10:38:22 +0000] [267] [INFO] Waiting for application startup.
[2026-04-06 10:38:22 +0000] [267] [INFO] Application startup complete.
[2026-04-06 10:38:22 +0000] [277] [INFO] Booting worker with pid: 277
[2026-04-06 10:38:22 +0000] [277] [INFO] Started server process [277]
[2026-04-06 10:38:22 +0000] [277] [INFO] Waiting for application startup.
[2026-04-06 10:38:22 +0000] [277] [INFO] Application startup complete.
[2026-04-06 10:38:22 +0000] [283] [INFO] Booting worker with pid: 283
[2026-04-06 10:38:22 +0000] [283] [INFO] Started server process [283]
[2026-04-06 10:38:22 +0000] [283] [INFO] Waiting for application startup.
[2026-04-06 10:38:22 +0000] [285] [INFO] Booting worker with pid: 285
[2026-04-06 10:38:22 +0000] [283] [INFO] Application startup complete.
[2026-04-06 10:38:22 +0000] [290] [INFO] Booting worker with pid: 290
[2026-04-06 10:38:22 +0000] [285] [INFO] Started server process [285]
[2026-04-06 10:38:22 +0000] [285] [INFO] Waiting for application startup.
[2026-04-06 10:38:23 +0000] [285] [INFO] Application startup complete.
[2026-04-06 10:38:23 +0000] [296] [INFO] Booting worker with pid: 296
[2026-04-06 10:38:23 +0000] [290] [INFO] Started server process [290]
[2026-04-06 10:38:23 +0000] [290] [INFO] Waiting for application startup.
[2026-04-06 10:38:23 +0000] [290] [INFO] Application startup complete.
[2026-04-06 10:38:23 +0000] [302] [INFO] Booting worker with pid: 302
[2026-04-06 10:38:23 +0000] [296] [INFO] Started server process [296]
[2026-04-06 10:38:23 +0000] [296] [INFO] Waiting for application startup.
[2026-04-06 10:38:23 +0000] [296] [INFO] Application startup complete.
[2026-04-06 10:38:23 +0000] [308] [INFO] Booting worker with pid: 308
[2026-04-06 10:38:23 +0000] [302] [INFO] Started server process [302]
[2026-04-06 10:38:23 +0000] [302] [INFO] Waiting for application startup.
[2026-04-06 10:38:23 +0000] [302] [INFO] Application startup complete.
[2026-04-06 10:38:23 +0000] [314] [INFO] Booting worker with pid: 314
[2026-04-06 10:38:23 +0000] [308] [INFO] Started server process [308]
[2026-04-06 10:38:23 +0000] [308] [INFO] Waiting for application startup.
[2026-04-06 10:38:23 +0000] [308] [INFO] Application startup complete.
[2026-04-06 10:38:23 +0000] [320] [INFO] Booting worker with pid: 320
[2026-04-06 10:38:23 +0000] [321] [INFO] Booting worker with pid: 321
[2026-04-06 10:38:23 +0000] [314] [INFO] Started server process [314]
[2026-04-06 10:38:23 +0000] [314] [INFO] Waiting for application startup.
[2026-04-06 10:38:23 +0000] [314] [INFO] Application startup complete.
[2026-04-06 10:38:23 +0000] [327] [INFO] Booting worker with pid: 327
[2026-04-06 10:38:23 +0000] [328] [INFO] Booting worker with pid: 328
[2026-04-06 10:38:23 +0000] [330] [INFO] Booting worker with pid: 330
[2026-04-06 10:38:23 +0000] [320] [INFO] Started server process [320]
[2026-04-06 10:38:23 +0000] [320] [INFO] Waiting for application startup.
[2026-04-06 10:38:23 +0000] [320] [INFO] Application startup complete.
[2026-04-06 10:38:23 +0000] [321] [INFO] Started server process [321]
[2026-04-06 10:38:23 +0000] [321] [INFO] Waiting for application startup.
[2026-04-06 10:38:23 +0000] [321] [INFO] Application startup complete.
[2026-04-06 10:38:23 +0000] [341] [INFO] Booting worker with pid: 341
[2026-04-06 10:38:23 +0000] [327] [INFO] Started server process [327]
[2026-04-06 10:38:23 +0000] [327] [INFO] Waiting for application startup.
[2026-04-06 10:38:23 +0000] [327] [INFO] Application startup complete.
[2026-04-06 10:38:23 +0000] [328] [INFO] Started server process [328]
[2026-04-06 10:38:23 +0000] [328] [INFO] Waiting for application startup.
[2026-04-06 10:38:23 +0000] [328] [INFO] Application startup complete.
[2026-04-06 10:38:23 +0000] [330] [INFO] Started server process [330]
[2026-04-06 10:38:23 +0000] [330] [INFO] Waiting for application startup.
[2026-04-06 10:38:23 +0000] [330] [INFO] Application startup complete.
[2026-04-06 10:38:23 +0000] [357] [INFO] Booting worker with pid: 357
[2026-04-06 10:38:23 +0000] [341] [INFO] Started server process [341]
[2026-04-06 10:38:23 +0000] [341] [INFO] Waiting for application startup.
[2026-04-06 10:38:23 +0000] [341] [INFO] Application startup complete.
[2026-04-06 10:38:23 +0000] [362] [INFO] Booting worker with pid: 362
[2026-04-06 10:38:23 +0000] [357] [INFO] Started server process [357]
[2026-04-06 10:38:23 +0000] [357] [INFO] Waiting for application startup.
[2026-04-06 10:38:23 +0000] [357] [INFO] Application startup complete.
[2026-04-06 10:38:23 +0000] [369] [INFO] Booting worker with pid: 369
[2026-04-06 10:38:23 +0000] [362] [INFO] Started server process [362]
[2026-04-06 10:38:23 +0000] [362] [INFO] Waiting for application startup.
[2026-04-06 10:38:23 +0000] [362] [INFO] Application startup complete.
[2026-04-06 10:38:23 +0000] [374] [INFO] Booting worker with pid: 374
[2026-04-06 10:38:23 +0000] [369] [INFO] Started server process [369]
[2026-04-06 10:38:23 +0000] [369] [INFO] Waiting for application startup.
[2026-04-06 10:38:23 +0000] [369] [INFO] Application startup complete.
[2026-04-06 10:38:23 +0000] [381] [INFO] Booting worker with pid: 381
[2026-04-06 10:38:23 +0000] [374] [INFO] Started server process [374]
[2026-04-06 10:38:23 +0000] [374] [INFO] Waiting for application startup.
[2026-04-06 10:38:23 +0000] [374] [INFO] Application startup complete.
[2026-04-06 10:38:23 +0000] [381] [INFO] Started server process [381]
[2026-04-06 10:38:23 +0000] [381] [INFO] Waiting for application startup.
[2026-04-06 10:38:23 +0000] [381] [INFO] Application startup complete.
