{"level":"info","ts":1775498686.0773652,"msg":"maxprocs: Leaving GOMAXPROCS=4: CPU quota undefined"}
{"level":"info","ts":1775498686.0773776,"msg":"GOMEMLIMIT is updated","GOMEMLIMIT":15461882265,"previous":9223372036854775807}
{"level":"info","ts":1775498686.07738,"msg":"using config from file","file":"/etc/caddy/Caddyfile"}
{"level":"info","ts":1775498686.0773814,"msg":"adapted config to JSON","adapter":"caddyfile"}
{"level":"warn","ts":1775498686.077384,"logger":"admin","msg":"admin endpoint disabled"}
{"level":"info","ts":1775498686.0775726,"logger":"tls.cache.maintenance","msg":"started background certificate maintenance","cache":"0x252cb8e7ce80"}
{"level":"info","ts":1775498686.0777688,"logger":"http.auto_https","msg":"automatic HTTPS is completely disabled for server","server_name":"srv0"}
{"level":"info","ts":1775498686.0777795,"logger":"http.auto_https","msg":"automatic HTTPS is completely disabled for server","server_name":"srv1"}
{"level":"info","ts":1775498686.0780656,"logger":"http","msg":"enabling HTTP/3 listener","addr":":8443"}
{"level":"info","ts":1775498686.0781915,"logger":"http.log","msg":"server running","name":"srv1","protocols":["h1","h2","h3"]}
{"level":"warn","ts":1775498686.0782201,"logger":"http","msg":"HTTP/2 skipped because it requires TLS","network":"tcp","addr":":8080"}
{"level":"warn","ts":1775498686.0782228,"logger":"http","msg":"HTTP/3 skipped because it requires TLS","network":"tcp","addr":":8080"}
{"level":"info","ts":1775498686.078225,"logger":"http.log","msg":"server running","name":"srv0","protocols":["h1","h2","h3"]}
{"level":"info","ts":1775498686.0839934,"logger":"tls","msg":"cleaning storage unit","storage":"FileStorage:/root/.local/share/caddy"}
{"level":"info","ts":1775498686.08714,"logger":"tls","msg":"finished cleaning storage units"}
{"level":"info","ts":1775498686.1134121,"logger":"frankenphp","msg":"async worker thread started","worker":"m#/app/worker.php","thread":1}
{"level":"info","ts":1775498686.113409,"logger":"frankenphp","msg":"async worker thread started","worker":"m#/app/worker.php","thread":2}
{"level":"info","ts":1775498686.1134782,"logger":"frankenphp","msg":"async worker thread started","worker":"m#/app/worker.php","thread":4}
{"level":"info","ts":1775498686.1136408,"logger":"frankenphp","msg":"async worker thread started","worker":"m#/app/worker.php_0","thread":9}
{"level":"info","ts":1775498686.113792,"logger":"frankenphp","msg":"async worker thread started","worker":"m#/app/worker.php","thread":5}
{"level":"info","ts":1775498686.1139517,"logger":"frankenphp","msg":"async worker thread started","worker":"m#/app/worker.php","thread":6}
{"level":"info","ts":1775498686.114868,"logger":"frankenphp","msg":"async worker thread started","worker":"m#/app/worker.php","thread":7}
{"level":"info","ts":1775498686.1134198,"logger":"frankenphp","msg":"async worker thread started","worker":"m#/app/worker.php","thread":3}
{"level":"info","ts":1775498686.1151705,"logger":"frankenphp","msg":"async worker thread started","worker":"m#/app/worker.php_0","thread":10}
{"level":"info","ts":1775498686.1153426,"logger":"frankenphp","msg":"async worker thread started","worker":"m#/app/worker.php_0","thread":13}
{"level":"info","ts":1775498686.1154284,"logger":"frankenphp","msg":"async worker thread started","worker":"m#/app/worker.php_0","thread":12}
{"level":"info","ts":1775498686.1155345,"logger":"frankenphp","msg":"async worker thread started","worker":"m#/app/worker.php","thread":8}
{"level":"info","ts":1775498686.1155343,"logger":"frankenphp","msg":"async worker thread started","worker":"m#/app/worker.php_0","thread":15}
{"level":"info","ts":1775498686.1156142,"logger":"frankenphp","msg":"async worker thread started","worker":"m#/app/worker.php_0","thread":14}
{"level":"info","ts":1775498686.1156788,"logger":"frankenphp","msg":"async worker thread started","worker":"m#/app/worker.php_0","thread":11}
{"level":"info","ts":1775498686.1157224,"logger":"frankenphp","msg":"async worker thread started","worker":"m#/app/worker.php_1","thread":18}
{"level":"info","ts":1775498686.115755,"logger":"frankenphp","msg":"async worker thread started","worker":"m#/app/worker.php_0","thread":16}
{"level":"info","ts":1775498686.11596,"logger":"frankenphp","msg":"async worker thread started","worker":"m#/app/worker.php_1","thread":17}
{"level":"info","ts":1775498686.1160295,"logger":"frankenphp","msg":"async worker thread started","worker":"m#/app/worker.php_1","thread":19}
{"level":"info","ts":1775498686.116031,"logger":"frankenphp","msg":"async worker thread started","worker":"m#/app/worker.php_1","thread":20}
{"level":"info","ts":1775498686.1367857,"logger":"frankenphp","msg":"async worker thread started","worker":"m#/app/worker.php_1","thread":21}
{"level":"info","ts":1775498686.1368613,"logger":"frankenphp","msg":"async worker thread started","worker":"m#/app/worker.php_1","thread":23}
{"level":"info","ts":1775498686.1369753,"logger":"frankenphp","msg":"async worker thread started","worker":"m#/app/worker.php_1","thread":22}
{"level":"info","ts":1775498686.1370115,"logger":"frankenphp","msg":"async worker thread started","worker":"m#/app/worker.php_1","thread":24}
{"level":"info","ts":1775498686.1371074,"logger":"frankenphp","msg":"async worker thread started","worker":"m#/app/worker.php_2","thread":25}
{"level":"info","ts":1775498686.1540387,"logger":"frankenphp","msg":"async worker thread started","worker":"m#/app/worker.php_2","thread":26}
{"level":"info","ts":1775498686.1540813,"logger":"frankenphp","msg":"async worker thread started","worker":"m#/app/worker.php_2","thread":27}
{"level":"info","ts":1775498686.1540394,"logger":"frankenphp","msg":"async worker thread started","worker":"m#/app/worker.php_2","thread":28}
{"level":"info","ts":1775498686.1542976,"logger":"frankenphp","msg":"async worker thread started","worker":"m#/app/worker.php_2","thread":29}
{"level":"info","ts":1775498686.1604047,"logger":"frankenphp","msg":"async worker thread started","worker":"m#/app/worker.php_2","thread":30}
{"level":"info","ts":1775498686.160714,"logger":"frankenphp","msg":"async worker thread started","worker":"m#/app/worker.php_2","thread":31}
{"level":"info","ts":1775498686.1607304,"logger":"frankenphp","msg":"async worker thread started","worker":"m#/app/worker.php_2","thread":32}
{"level":"info","ts":1775498686.1610906,"logger":"frankenphp","msg":"FrankenPHP started 🐘","php_version":"8.6.0-dev","num_threads":33,"max_threads":33}
{"level":"info","ts":1775498686.1613567,"msg":"autosaved config (load with --resume flag)","file":"/root/.config/caddy/autosave.json"}
{"level":"info","ts":1775498686.161364,"msg":"serving initial configuration"}
