[2026-04-06 02:01:30 +0000] [1] [INFO] Starting gunicorn 23.0.0
[2026-04-06 02:01:30 +0000] [1] [INFO] Listening at: http://0.0.0.0:8080 (1)
[2026-04-06 02:01:30 +0000] [1] [INFO] Using worker: uvicorn.workers.UvicornWorker
[2026-04-06 02:01:30 +0000] [7] [INFO] Booting worker with pid: 7
[2026-04-06 02:01:30 +0000] [8] [INFO] Booting worker with pid: 8
[2026-04-06 02:01:30 +0000] [9] [INFO] Booting worker with pid: 9
[2026-04-06 02:01:30 +0000] [10] [INFO] Booting worker with pid: 10
[2026-04-06 02:01:30 +0000] [11] [INFO] Booting worker with pid: 11
[2026-04-06 02:01:30 +0000] [12] [INFO] Booting worker with pid: 12
[2026-04-06 02:01:30 +0000] [13] [INFO] Booting worker with pid: 13
[2026-04-06 02:01:30 +0000] [14] [INFO] Booting worker with pid: 14
[2026-04-06 02:01:30 +0000] [15] [INFO] Booting worker with pid: 15
[2026-04-06 02:01:31 +0000] [20] [INFO] Booting worker with pid: 20
[2026-04-06 02:01:31 +0000] [21] [INFO] Booting worker with pid: 21
[2026-04-06 02:01:31 +0000] [7] [INFO] Started server process [7]
[2026-04-06 02:01:31 +0000] [8] [INFO] Started server process [8]
[2026-04-06 02:01:31 +0000] [7] [INFO] Waiting for application startup.
[2026-04-06 02:01:31 +0000] [8] [INFO] Waiting for application startup.
[2026-04-06 02:01:31 +0000] [9] [INFO] Started server process [9]
[2026-04-06 02:01:31 +0000] [10] [INFO] Started server process [10]
[2026-04-06 02:01:31 +0000] [10] [INFO] Waiting for application startup.
[2026-04-06 02:01:31 +0000] [9] [INFO] Waiting for application startup.
[2026-04-06 02:01:31 +0000] [9] [INFO] Application startup complete.
[2026-04-06 02:01:31 +0000] [7] [INFO] Application startup complete.
[2026-04-06 02:01:31 +0000] [8] [INFO] Application startup complete.
[2026-04-06 02:01:31 +0000] [10] [INFO] Application startup complete.
[2026-04-06 02:01:31 +0000] [11] [INFO] Started server process [11]
[2026-04-06 02:01:31 +0000] [11] [INFO] Waiting for application startup.
[2026-04-06 02:01:31 +0000] [11] [INFO] Application startup complete.
[2026-04-06 02:01:31 +0000] [23] [INFO] Booting worker with pid: 23
[2026-04-06 02:01:31 +0000] [12] [INFO] Started server process [12]
[2026-04-06 02:01:31 +0000] [12] [INFO] Waiting for application startup.
[2026-04-06 02:01:31 +0000] [12] [INFO] Application startup complete.
[2026-04-06 02:01:31 +0000] [26] [INFO] Booting worker with pid: 26
[2026-04-06 02:01:31 +0000] [13] [INFO] Started server process [13]
[2026-04-06 02:01:31 +0000] [13] [INFO] Waiting for application startup.
[2026-04-06 02:01:31 +0000] [13] [INFO] Application startup complete.
[2026-04-06 02:01:31 +0000] [14] [INFO] Started server process [14]
[2026-04-06 02:01:31 +0000] [14] [INFO] Waiting for application startup.
[2026-04-06 02:01:31 +0000] [14] [INFO] Application startup complete.
[2026-04-06 02:01:31 +0000] [29] [INFO] Booting worker with pid: 29
[2026-04-06 02:01:31 +0000] [15] [INFO] Started server process [15]
[2026-04-06 02:01:31 +0000] [15] [INFO] Waiting for application startup.
[2026-04-06 02:01:31 +0000] [15] [INFO] Application startup complete.
[2026-04-06 02:01:31 +0000] [32] [INFO] Booting worker with pid: 32
[2026-04-06 02:01:31 +0000] [20] [INFO] Started server process [20]
[2026-04-06 02:01:31 +0000] [20] [INFO] Waiting for application startup.
[2026-04-06 02:01:31 +0000] [20] [INFO] Application startup complete.
[2026-04-06 02:01:31 +0000] [21] [INFO] Started server process [21]
[2026-04-06 02:01:31 +0000] [21] [INFO] Waiting for application startup.
[2026-04-06 02:01:31 +0000] [21] [INFO] Application startup complete.
[2026-04-06 02:01:31 +0000] [33] [INFO] Booting worker with pid: 33
[2026-04-06 02:01:31 +0000] [34] [INFO] Booting worker with pid: 34
[2026-04-06 02:01:31 +0000] [23] [INFO] Started server process [23]
[2026-04-06 02:01:31 +0000] [23] [INFO] Waiting for application startup.
[2026-04-06 02:01:31 +0000] [23] [INFO] Application startup complete.
[2026-04-06 02:01:31 +0000] [36] [INFO] Booting worker with pid: 36
[2026-04-06 02:01:31 +0000] [37] [INFO] Booting worker with pid: 37
[2026-04-06 02:01:31 +0000] [39] [INFO] Booting worker with pid: 39
[2026-04-06 02:01:31 +0000] [26] [INFO] Started server process [26]
[2026-04-06 02:01:31 +0000] [26] [INFO] Waiting for application startup.
[2026-04-06 02:01:31 +0000] [26] [INFO] Application startup complete.
[2026-04-06 02:01:31 +0000] [29] [INFO] Started server process [29]
[2026-04-06 02:01:31 +0000] [29] [INFO] Waiting for application startup.
[2026-04-06 02:01:31 +0000] [29] [INFO] Application startup complete.
[2026-04-06 02:01:31 +0000] [41] [INFO] Booting worker with pid: 41
[2026-04-06 02:01:31 +0000] [32] [INFO] Started server process [32]
[2026-04-06 02:01:31 +0000] [32] [INFO] Waiting for application startup.
[2026-04-06 02:01:31 +0000] [32] [INFO] Application startup complete.
[2026-04-06 02:01:31 +0000] [34] [INFO] Started server process [34]
[2026-04-06 02:01:31 +0000] [34] [INFO] Waiting for application startup.
[2026-04-06 02:01:31 +0000] [34] [INFO] Application startup complete.
[2026-04-06 02:01:31 +0000] [44] [INFO] Booting worker with pid: 44
[2026-04-06 02:01:31 +0000] [45] [INFO] Booting worker with pid: 45
[2026-04-06 02:01:31 +0000] [33] [INFO] Started server process [33]
[2026-04-06 02:01:31 +0000] [33] [INFO] Waiting for application startup.
[2026-04-06 02:01:31 +0000] [33] [INFO] Application startup complete.
[2026-04-06 02:01:31 +0000] [47] [INFO] Booting worker with pid: 47
[2026-04-06 02:01:31 +0000] [36] [INFO] Started server process [36]
[2026-04-06 02:01:31 +0000] [36] [INFO] Waiting for application startup.
[2026-04-06 02:01:31 +0000] [36] [INFO] Application startup complete.
[2026-04-06 02:01:31 +0000] [37] [INFO] Started server process [37]
[2026-04-06 02:01:31 +0000] [37] [INFO] Waiting for application startup.
[2026-04-06 02:01:31 +0000] [37] [INFO] Application startup complete.
[2026-04-06 02:01:31 +0000] [51] [INFO] Booting worker with pid: 51
[2026-04-06 02:01:31 +0000] [39] [INFO] Started server process [39]
[2026-04-06 02:01:31 +0000] [39] [INFO] Waiting for application startup.
[2026-04-06 02:01:31 +0000] [39] [INFO] Application startup complete.
[2026-04-06 02:01:31 +0000] [53] [INFO] Booting worker with pid: 53
[2026-04-06 02:01:31 +0000] [41] [INFO] Started server process [41]
[2026-04-06 02:01:31 +0000] [41] [INFO] Waiting for application startup.
[2026-04-06 02:01:31 +0000] [41] [INFO] Application startup complete.
[2026-04-06 02:01:31 +0000] [54] [INFO] Booting worker with pid: 54
[2026-04-06 02:01:31 +0000] [44] [INFO] Started server process [44]
[2026-04-06 02:01:31 +0000] [44] [INFO] Waiting for application startup.
[2026-04-06 02:01:31 +0000] [44] [INFO] Application startup complete.
[2026-04-06 02:01:31 +0000] [45] [INFO] Started server process [45]
[2026-04-06 02:01:31 +0000] [45] [INFO] Waiting for application startup.
[2026-04-06 02:01:31 +0000] [45] [INFO] Application startup complete.
[2026-04-06 02:01:32 +0000] [58] [INFO] Booting worker with pid: 58
[2026-04-06 02:01:32 +0000] [47] [INFO] Started server process [47]
[2026-04-06 02:01:32 +0000] [47] [INFO] Waiting for application startup.
[2026-04-06 02:01:32 +0000] [47] [INFO] Application startup complete.
[2026-04-06 02:01:32 +0000] [51] [INFO] Started server process [51]
[2026-04-06 02:01:32 +0000] [51] [INFO] Waiting for application startup.
[2026-04-06 02:01:32 +0000] [51] [INFO] Application startup complete.
[2026-04-06 02:01:32 +0000] [61] [INFO] Booting worker with pid: 61
[2026-04-06 02:01:32 +0000] [53] [INFO] Started server process [53]
[2026-04-06 02:01:32 +0000] [53] [INFO] Waiting for application startup.
[2026-04-06 02:01:32 +0000] [53] [INFO] Application startup complete.
[2026-04-06 02:01:32 +0000] [62] [INFO] Booting worker with pid: 62
[2026-04-06 02:01:32 +0000] [54] [INFO] Started server process [54]
[2026-04-06 02:01:32 +0000] [54] [INFO] Waiting for application startup.
[2026-04-06 02:01:32 +0000] [54] [INFO] Application startup complete.
[2026-04-06 02:01:32 +0000] [64] [INFO] Booting worker with pid: 64
[2026-04-06 02:01:32 +0000] [65] [INFO] Booting worker with pid: 65
[2026-04-06 02:01:32 +0000] [58] [INFO] Started server process [58]
[2026-04-06 02:01:32 +0000] [58] [INFO] Waiting for application startup.
[2026-04-06 02:01:32 +0000] [58] [INFO] Application startup complete.
[2026-04-06 02:01:32 +0000] [67] [INFO] Booting worker with pid: 67
[2026-04-06 02:01:32 +0000] [68] [INFO] Booting worker with pid: 68
[2026-04-06 02:01:32 +0000] [70] [INFO] Booting worker with pid: 70
[2026-04-06 02:01:32 +0000] [61] [INFO] Started server process [61]
[2026-04-06 02:01:32 +0000] [61] [INFO] Waiting for application startup.
[2026-04-06 02:01:32 +0000] [61] [INFO] Application startup complete.
[2026-04-06 02:01:32 +0000] [71] [INFO] Booting worker with pid: 71
[2026-04-06 02:01:32 +0000] [62] [INFO] Started server process [62]
[2026-04-06 02:01:32 +0000] [62] [INFO] Waiting for application startup.
[2026-04-06 02:01:32 +0000] [62] [INFO] Application startup complete.
[2026-04-06 02:01:32 +0000] [74] [INFO] Booting worker with pid: 74
[2026-04-06 02:01:32 +0000] [64] [INFO] Started server process [64]
[2026-04-06 02:01:32 +0000] [64] [INFO] Waiting for application startup.
[2026-04-06 02:01:32 +0000] [64] [INFO] Application startup complete.
[2026-04-06 02:01:32 +0000] [76] [INFO] Booting worker with pid: 76
[2026-04-06 02:01:32 +0000] [65] [INFO] Started server process [65]
[2026-04-06 02:01:32 +0000] [65] [INFO] Waiting for application startup.
[2026-04-06 02:01:32 +0000] [65] [INFO] Application startup complete.
[2026-04-06 02:01:32 +0000] [77] [INFO] Booting worker with pid: 77
[2026-04-06 02:01:32 +0000] [78] [INFO] Booting worker with pid: 78
[2026-04-06 02:01:32 +0000] [79] [INFO] Booting worker with pid: 79
[2026-04-06 02:01:32 +0000] [67] [INFO] Started server process [67]
[2026-04-06 02:01:32 +0000] [67] [INFO] Waiting for application startup.
[2026-04-06 02:01:32 +0000] [67] [INFO] Application startup complete.
[2026-04-06 02:01:32 +0000] [82] [INFO] Booting worker with pid: 82
[2026-04-06 02:01:32 +0000] [83] [INFO] Booting worker with pid: 83
[2026-04-06 02:01:32 +0000] [68] [INFO] Started server process [68]
[2026-04-06 02:01:32 +0000] [68] [INFO] Waiting for application startup.
[2026-04-06 02:01:32 +0000] [68] [INFO] Application startup complete.
[2026-04-06 02:01:32 +0000] [70] [INFO] Started server process [70]
[2026-04-06 02:01:32 +0000] [70] [INFO] Waiting for application startup.
[2026-04-06 02:01:32 +0000] [70] [INFO] Application startup complete.
[2026-04-06 02:01:32 +0000] [85] [INFO] Booting worker with pid: 85
[2026-04-06 02:01:32 +0000] [71] [INFO] Started server process [71]
[2026-04-06 02:01:32 +0000] [71] [INFO] Waiting for application startup.
[2026-04-06 02:01:32 +0000] [71] [INFO] Application startup complete.
[2026-04-06 02:01:32 +0000] [88] [INFO] Booting worker with pid: 88
[2026-04-06 02:01:32 +0000] [74] [INFO] Started server process [74]
[2026-04-06 02:01:32 +0000] [74] [INFO] Waiting for application startup.
[2026-04-06 02:01:32 +0000] [74] [INFO] Application startup complete.
[2026-04-06 02:01:32 +0000] [90] [INFO] Booting worker with pid: 90
[2026-04-06 02:01:32 +0000] [76] [INFO] Started server process [76]
[2026-04-06 02:01:32 +0000] [76] [INFO] Waiting for application startup.
[2026-04-06 02:01:32 +0000] [76] [INFO] Application startup complete.
[2026-04-06 02:01:32 +0000] [91] [INFO] Booting worker with pid: 91
[2026-04-06 02:01:32 +0000] [92] [INFO] Booting worker with pid: 92
[2026-04-06 02:01:33 +0000] [77] [INFO] Started server process [77]
[2026-04-06 02:01:33 +0000] [77] [INFO] Waiting for application startup.
[2026-04-06 02:01:33 +0000] [77] [INFO] Application startup complete.
[2026-04-06 02:01:33 +0000] [78] [INFO] Started server process [78]
[2026-04-06 02:01:33 +0000] [78] [INFO] Waiting for application startup.
[2026-04-06 02:01:33 +0000] [78] [INFO] Application startup complete.
[2026-04-06 02:01:33 +0000] [96] [INFO] Booting worker with pid: 96
[2026-04-06 02:01:33 +0000] [79] [INFO] Started server process [79]
[2026-04-06 02:01:33 +0000] [79] [INFO] Waiting for application startup.
[2026-04-06 02:01:33 +0000] [79] [INFO] Application startup complete.
[2026-04-06 02:01:33 +0000] [98] [INFO] Booting worker with pid: 98
[2026-04-06 02:01:33 +0000] [82] [INFO] Started server process [82]
[2026-04-06 02:01:33 +0000] [82] [INFO] Waiting for application startup.
[2026-04-06 02:01:33 +0000] [82] [INFO] Application startup complete.
[2026-04-06 02:01:33 +0000] [83] [INFO] Started server process [83]
[2026-04-06 02:01:33 +0000] [83] [INFO] Waiting for application startup.
[2026-04-06 02:01:33 +0000] [83] [INFO] Application startup complete.
[2026-04-06 02:01:33 +0000] [101] [INFO] Booting worker with pid: 101
[2026-04-06 02:01:33 +0000] [85] [INFO] Started server process [85]
[2026-04-06 02:01:33 +0000] [85] [INFO] Waiting for application startup.
[2026-04-06 02:01:33 +0000] [85] [INFO] Application startup complete.
[2026-04-06 02:01:33 +0000] [102] [INFO] Booting worker with pid: 102
[2026-04-06 02:01:33 +0000] [103] [INFO] Booting worker with pid: 103
[2026-04-06 02:01:33 +0000] [105] [INFO] Booting worker with pid: 105
[2026-04-06 02:01:33 +0000] [88] [INFO] Started server process [88]
[2026-04-06 02:01:33 +0000] [88] [INFO] Waiting for application startup.
[2026-04-06 02:01:33 +0000] [88] [INFO] Application startup complete.
[2026-04-06 02:01:33 +0000] [90] [INFO] Started server process [90]
[2026-04-06 02:01:33 +0000] [90] [INFO] Waiting for application startup.
[2026-04-06 02:01:33 +0000] [90] [INFO] Application startup complete.
[2026-04-06 02:01:33 +0000] [108] [INFO] Booting worker with pid: 108
[2026-04-06 02:01:33 +0000] [91] [INFO] Started server process [91]
[2026-04-06 02:01:33 +0000] [91] [INFO] Waiting for application startup.
[2026-04-06 02:01:33 +0000] [91] [INFO] Application startup complete.
[2026-04-06 02:01:33 +0000] [110] [INFO] Booting worker with pid: 110
[2026-04-06 02:01:33 +0000] [92] [INFO] Started server process [92]
[2026-04-06 02:01:33 +0000] [92] [INFO] Waiting for application startup.
[2026-04-06 02:01:33 +0000] [92] [INFO] Application startup complete.
[2026-04-06 02:01:33 +0000] [111] [INFO] Booting worker with pid: 111
[2026-04-06 02:01:33 +0000] [96] [INFO] Started server process [96]
[2026-04-06 02:01:33 +0000] [96] [INFO] Waiting for application startup.
[2026-04-06 02:01:33 +0000] [96] [INFO] Application startup complete.
[2026-04-06 02:01:33 +0000] [114] [INFO] Booting worker with pid: 114
[2026-04-06 02:01:33 +0000] [98] [INFO] Started server process [98]
[2026-04-06 02:01:33 +0000] [98] [INFO] Waiting for application startup.
[2026-04-06 02:01:33 +0000] [98] [INFO] Application startup complete.
[2026-04-06 02:01:33 +0000] [101] [INFO] Started server process [101]
[2026-04-06 02:01:33 +0000] [101] [INFO] Waiting for application startup.
[2026-04-06 02:01:33 +0000] [101] [INFO] Application startup complete.
[2026-04-06 02:01:33 +0000] [102] [INFO] Started server process [102]
[2026-04-06 02:01:33 +0000] [102] [INFO] Waiting for application startup.
[2026-04-06 02:01:33 +0000] [102] [INFO] Application startup complete.
[2026-04-06 02:01:33 +0000] [117] [INFO] Booting worker with pid: 117
[2026-04-06 02:01:33 +0000] [119] [INFO] Booting worker with pid: 119
[2026-04-06 02:01:33 +0000] [103] [INFO] Started server process [103]
[2026-04-06 02:01:33 +0000] [103] [INFO] Waiting for application startup.
[2026-04-06 02:01:33 +0000] [103] [INFO] Application startup complete.
[2026-04-06 02:01:33 +0000] [105] [INFO] Started server process [105]
[2026-04-06 02:01:33 +0000] [105] [INFO] Waiting for application startup.
[2026-04-06 02:01:33 +0000] [105] [INFO] Application startup complete.
[2026-04-06 02:01:33 +0000] [122] [INFO] Booting worker with pid: 122
[2026-04-06 02:01:33 +0000] [108] [INFO] Started server process [108]
[2026-04-06 02:01:33 +0000] [108] [INFO] Waiting for application startup.
[2026-04-06 02:01:33 +0000] [108] [INFO] Application startup complete.
[2026-04-06 02:01:33 +0000] [124] [INFO] Booting worker with pid: 124
[2026-04-06 02:01:33 +0000] [110] [INFO] Started server process [110]
[2026-04-06 02:01:33 +0000] [110] [INFO] Waiting for application startup.
[2026-04-06 02:01:33 +0000] [110] [INFO] Application startup complete.
[2026-04-06 02:01:33 +0000] [126] [INFO] Booting worker with pid: 126
[2026-04-06 02:01:33 +0000] [111] [INFO] Started server process [111]
[2026-04-06 02:01:33 +0000] [111] [INFO] Waiting for application startup.
[2026-04-06 02:01:33 +0000] [111] [INFO] Application startup complete.
[2026-04-06 02:01:33 +0000] [127] [INFO] Booting worker with pid: 127
[2026-04-06 02:01:33 +0000] [114] [INFO] Started server process [114]
[2026-04-06 02:01:33 +0000] [114] [INFO] Waiting for application startup.
[2026-04-06 02:01:33 +0000] [114] [INFO] Application startup complete.
[2026-04-06 02:01:33 +0000] [117] [INFO] Started server process [117]
[2026-04-06 02:01:33 +0000] [117] [INFO] Waiting for application startup.
[2026-04-06 02:01:33 +0000] [117] [INFO] Application startup complete.
[2026-04-06 02:01:34 +0000] [119] [INFO] Started server process [119]
[2026-04-06 02:01:34 +0000] [119] [INFO] Waiting for application startup.
[2026-04-06 02:01:34 +0000] [119] [INFO] Application startup complete.
[2026-04-06 02:01:34 +0000] [122] [INFO] Started server process [122]
[2026-04-06 02:01:34 +0000] [122] [INFO] Waiting for application startup.
[2026-04-06 02:01:34 +0000] [122] [INFO] Application startup complete.
[2026-04-06 02:01:34 +0000] [124] [INFO] Started server process [124]
[2026-04-06 02:01:34 +0000] [124] [INFO] Waiting for application startup.
[2026-04-06 02:01:34 +0000] [124] [INFO] Application startup complete.
[2026-04-06 02:01:34 +0000] [126] [INFO] Started server process [126]
[2026-04-06 02:01:34 +0000] [126] [INFO] Waiting for application startup.
[2026-04-06 02:01:34 +0000] [126] [INFO] Application startup complete.
[2026-04-06 02:01:34 +0000] [127] [INFO] Started server process [127]
[2026-04-06 02:01:34 +0000] [127] [INFO] Waiting for application startup.
[2026-04-06 02:01:34 +0000] [127] [INFO] Application startup complete.
