{"level":"info","ts":1775498564.235257,"msg":"maxprocs: Leaving GOMAXPROCS=64: CPU quota undefined"}
{"level":"info","ts":1775498564.2352757,"msg":"GOMEMLIMIT is updated","GOMEMLIMIT":243039504384,"previous":9223372036854775807}
{"level":"info","ts":1775498564.2352788,"msg":"using config from file","file":"/etc/caddy/Caddyfile"}
{"level":"info","ts":1775498564.2352808,"msg":"adapted config to JSON","adapter":"caddyfile"}
{"level":"warn","ts":1775498564.2352831,"logger":"admin","msg":"admin endpoint disabled"}
{"level":"info","ts":1775498564.2354984,"logger":"tls.cache.maintenance","msg":"started background certificate maintenance","cache":"0x2f6627a7c00"}
{"level":"info","ts":1775498564.2357774,"logger":"http.auto_https","msg":"automatic HTTPS is completely disabled for server","server_name":"srv0"}
{"level":"info","ts":1775498564.2357938,"logger":"http.auto_https","msg":"automatic HTTPS is completely disabled for server","server_name":"srv1"}
{"level":"info","ts":1775498564.6020863,"logger":"frankenphp","msg":"async worker thread started","worker":"m#/app/worker.php","thread":3}
{"level":"info","ts":1775498564.6021602,"logger":"frankenphp","msg":"async worker thread started","worker":"m#/app/worker.php","thread":5}
{"level":"info","ts":1775498564.602178,"logger":"frankenphp","msg":"async worker thread started","worker":"m#/app/worker.php","thread":6}
{"level":"info","ts":1775498564.6020708,"logger":"frankenphp","msg":"async worker thread started","worker":"m#/app/worker.php","thread":1}
{"level":"info","ts":1775498564.6022458,"logger":"frankenphp","msg":"async worker thread started","worker":"m#/app/worker.php","thread":8}
{"level":"info","ts":1775498564.6022346,"logger":"frankenphp","msg":"async worker thread started","worker":"m#/app/worker.php","thread":7}
{"level":"info","ts":1775498564.6021018,"logger":"frankenphp","msg":"async worker thread started","worker":"m#/app/worker.php","thread":4}
{"level":"info","ts":1775498564.602077,"logger":"frankenphp","msg":"async worker thread started","worker":"m#/app/worker.php","thread":2}
{"level":"info","ts":1775498564.6023102,"logger":"frankenphp","msg":"async worker thread started","worker":"m#/app/worker.php","thread":9}
{"level":"info","ts":1775498564.6023998,"logger":"frankenphp","msg":"async worker thread started","worker":"m#/app/worker.php","thread":10}
{"level":"info","ts":1775498564.6024845,"logger":"frankenphp","msg":"async worker thread started","worker":"m#/app/worker.php","thread":12}
{"level":"info","ts":1775498564.6024847,"logger":"frankenphp","msg":"async worker thread started","worker":"m#/app/worker.php","thread":11}
{"level":"info","ts":1775498564.602576,"logger":"frankenphp","msg":"async worker thread started","worker":"m#/app/worker.php","thread":14}
{"level":"info","ts":1775498564.6026185,"logger":"frankenphp","msg":"async worker thread started","worker":"m#/app/worker.php","thread":15}
{"level":"info","ts":1775498564.6026762,"logger":"frankenphp","msg":"async worker thread started","worker":"m#/app/worker.php","thread":16}
{"level":"info","ts":1775498564.6026876,"logger":"frankenphp","msg":"async worker thread started","worker":"m#/app/worker.php","thread":17}
{"level":"info","ts":1775498564.602804,"logger":"frankenphp","msg":"async worker thread started","worker":"m#/app/worker.php","thread":18}
{"level":"info","ts":1775498564.602577,"logger":"frankenphp","msg":"async worker thread started","worker":"m#/app/worker.php","thread":13}
{"level":"info","ts":1775498564.6029224,"logger":"frankenphp","msg":"async worker thread started","worker":"m#/app/worker.php","thread":20}
{"level":"info","ts":1775498564.6029491,"logger":"frankenphp","msg":"async worker thread started","worker":"m#/app/worker.php","thread":21}
{"level":"info","ts":1775498564.6030633,"logger":"frankenphp","msg":"async worker thread started","worker":"m#/app/worker.php","thread":23}
{"level":"info","ts":1775498564.6031246,"logger":"frankenphp","msg":"async worker thread started","worker":"m#/app/worker.php","thread":19}
{"level":"info","ts":1775498564.6031623,"logger":"frankenphp","msg":"async worker thread started","worker":"m#/app/worker.php","thread":24}
{"level":"info","ts":1775498564.6031606,"logger":"frankenphp","msg":"async worker thread started","worker":"m#/app/worker.php","thread":26}
{"level":"info","ts":1775498564.6030076,"logger":"frankenphp","msg":"async worker thread started","worker":"m#/app/worker.php","thread":22}
{"level":"info","ts":1775498564.603171,"logger":"frankenphp","msg":"async worker thread started","worker":"m#/app/worker.php","thread":25}
{"level":"info","ts":1775498564.6032605,"logger":"frankenphp","msg":"async worker thread started","worker":"m#/app/worker.php","thread":28}
{"level":"info","ts":1775498564.6032355,"logger":"frankenphp","msg":"async worker thread started","worker":"m#/app/worker.php","thread":27}
{"level":"info","ts":1775498564.6034262,"logger":"frankenphp","msg":"async worker thread started","worker":"m#/app/worker.php","thread":30}
{"level":"info","ts":1775498564.6034913,"logger":"frankenphp","msg":"async worker thread started","worker":"m#/app/worker.php","thread":32}
{"level":"info","ts":1775498564.6033354,"logger":"frankenphp","msg":"async worker thread started","worker":"m#/app/worker.php","thread":29}
{"level":"info","ts":1775498564.6034842,"logger":"frankenphp","msg":"async worker thread started","worker":"m#/app/worker.php","thread":31}
{"level":"info","ts":1775498564.6254559,"logger":"frankenphp","msg":"async worker thread started","worker":"m#/app/worker.php","thread":33}
{"level":"info","ts":1775498564.6255398,"logger":"frankenphp","msg":"async worker thread started","worker":"m#/app/worker.php","thread":34}
{"level":"info","ts":1775498564.6256351,"logger":"frankenphp","msg":"async worker thread started","worker":"m#/app/worker.php","thread":35}
{"level":"info","ts":1775498564.6364753,"logger":"frankenphp","msg":"async worker thread started","worker":"m#/app/worker.php","thread":36}
{"level":"info","ts":1775498564.6365552,"logger":"frankenphp","msg":"async worker thread started","worker":"m#/app/worker.php","thread":37}
{"level":"info","ts":1775498564.636612,"logger":"frankenphp","msg":"async worker thread started","worker":"m#/app/worker.php","thread":38}
{"level":"info","ts":1775498564.6366384,"logger":"frankenphp","msg":"async worker thread started","worker":"m#/app/worker.php","thread":39}
{"level":"info","ts":1775498564.6366894,"logger":"frankenphp","msg":"async worker thread started","worker":"m#/app/worker.php","thread":40}
{"level":"info","ts":1775498564.6367188,"logger":"frankenphp","msg":"async worker thread started","worker":"m#/app/worker.php","thread":41}
{"level":"info","ts":1775498564.6367853,"logger":"frankenphp","msg":"async worker thread started","worker":"m#/app/worker.php","thread":42}
{"level":"info","ts":1775498564.6368623,"logger":"frankenphp","msg":"async worker thread started","worker":"m#/app/worker.php","thread":43}
{"level":"info","ts":1775498564.6368713,"logger":"frankenphp","msg":"async worker thread started","worker":"m#/app/worker.php","thread":44}
{"level":"info","ts":1775498564.6369464,"logger":"frankenphp","msg":"async worker thread started","worker":"m#/app/worker.php","thread":45}
{"level":"info","ts":1775498564.637031,"logger":"frankenphp","msg":"async worker thread started","worker":"m#/app/worker.php","thread":47}
{"level":"info","ts":1775498564.6370332,"logger":"frankenphp","msg":"async worker thread started","worker":"m#/app/worker.php","thread":46}
{"level":"info","ts":1775498564.6370463,"logger":"frankenphp","msg":"async worker thread started","worker":"m#/app/worker.php","thread":48}
{"level":"info","ts":1775498564.6371017,"logger":"frankenphp","msg":"async worker thread started","worker":"m#/app/worker.php","thread":49}
{"level":"info","ts":1775498564.637181,"logger":"frankenphp","msg":"async worker thread started","worker":"m#/app/worker.php","thread":51}
{"level":"info","ts":1775498564.6371922,"logger":"frankenphp","msg":"async worker thread started","worker":"m#/app/worker.php","thread":50}
{"level":"info","ts":1775498564.6371803,"logger":"frankenphp","msg":"async worker thread started","worker":"m#/app/worker.php","thread":52}
{"level":"info","ts":1775498564.6372654,"logger":"frankenphp","msg":"async worker thread started","worker":"m#/app/worker.php","thread":53}
{"level":"info","ts":1775498564.6481671,"logger":"frankenphp","msg":"async worker thread started","worker":"m#/app/worker.php","thread":54}
{"level":"info","ts":1775498564.6482418,"logger":"frankenphp","msg":"async worker thread started","worker":"m#/app/worker.php","thread":55}
{"level":"info","ts":1775498564.6484296,"logger":"frankenphp","msg":"async worker thread started","worker":"m#/app/worker.php","thread":57}
{"level":"info","ts":1775498564.6484222,"logger":"frankenphp","msg":"async worker thread started","worker":"m#/app/worker.php","thread":56}
{"level":"info","ts":1775498564.6484845,"logger":"frankenphp","msg":"async worker thread started","worker":"m#/app/worker.php","thread":58}
{"level":"info","ts":1775498564.648555,"logger":"frankenphp","msg":"async worker thread started","worker":"m#/app/worker.php","thread":60}
{"level":"info","ts":1775498564.6486464,"logger":"frankenphp","msg":"async worker thread started","worker":"m#/app/worker.php","thread":59}
{"level":"info","ts":1775498564.64868,"logger":"frankenphp","msg":"async worker thread started","worker":"m#/app/worker.php","thread":61}
{"level":"info","ts":1775498564.6487875,"logger":"frankenphp","msg":"async worker thread started","worker":"m#/app/worker.php","thread":62}
{"level":"info","ts":1775498564.6488006,"logger":"frankenphp","msg":"async worker thread started","worker":"m#/app/worker.php","thread":63}
{"level":"info","ts":1775498564.6490703,"logger":"frankenphp","msg":"async worker thread started","worker":"m#/app/worker.php","thread":64}
{"level":"info","ts":1775498564.6490874,"logger":"frankenphp","msg":"async worker thread started","worker":"m#/app/worker.php","thread":67}
{"level":"info","ts":1775498564.6490903,"logger":"frankenphp","msg":"async worker thread started","worker":"m#/app/worker.php","thread":66}
{"level":"info","ts":1775498564.6491015,"logger":"frankenphp","msg":"async worker thread started","worker":"m#/app/worker.php","thread":65}
{"level":"info","ts":1775498564.6491728,"logger":"frankenphp","msg":"async worker thread started","worker":"m#/app/worker.php","thread":68}
{"level":"info","ts":1775498564.6492062,"logger":"frankenphp","msg":"async worker thread started","worker":"m#/app/worker.php","thread":69}
{"level":"info","ts":1775498564.6492116,"logger":"frankenphp","msg":"async worker thread started","worker":"m#/app/worker.php","thread":70}
{"level":"info","ts":1775498564.6493537,"logger":"frankenphp","msg":"async worker thread started","worker":"m#/app/worker.php","thread":71}
{"level":"info","ts":1775498564.6505513,"logger":"frankenphp","msg":"async worker thread started","worker":"m#/app/worker.php","thread":80}
{"level":"info","ts":1775498564.6504054,"logger":"frankenphp","msg":"async worker thread started","worker":"m#/app/worker.php","thread":79}
{"level":"info","ts":1775498564.6503391,"logger":"frankenphp","msg":"async worker thread started","worker":"m#/app/worker.php","thread":78}
{"level":"info","ts":1775498564.6503067,"logger":"frankenphp","msg":"async worker thread started","worker":"m#/app/worker.php","thread":76}
{"level":"info","ts":1775498564.6503017,"logger":"frankenphp","msg":"async worker thread started","worker":"m#/app/worker.php","thread":77}
{"level":"info","ts":1775498564.6493945,"logger":"frankenphp","msg":"async worker thread started","worker":"m#/app/worker.php","thread":73}
{"level":"info","ts":1775498564.6495142,"logger":"frankenphp","msg":"async worker thread started","worker":"m#/app/worker.php","thread":75}
{"level":"info","ts":1775498564.6494906,"logger":"frankenphp","msg":"async worker thread started","worker":"m#/app/worker.php","thread":74}
{"level":"info","ts":1775498564.649358,"logger":"frankenphp","msg":"async worker thread started","worker":"m#/app/worker.php","thread":72}
{"level":"info","ts":1775498564.6735415,"logger":"frankenphp","msg":"async worker thread started","worker":"m#/app/worker.php","thread":81}
{"level":"info","ts":1775498564.6736727,"logger":"frankenphp","msg":"async worker thread started","worker":"m#/app/worker.php","thread":82}
{"level":"info","ts":1775498564.67369,"logger":"frankenphp","msg":"async worker thread started","worker":"m#/app/worker.php","thread":83}
{"level":"info","ts":1775498564.6738048,"logger":"frankenphp","msg":"async worker thread started","worker":"m#/app/worker.php","thread":84}
{"level":"info","ts":1775498564.6738434,"logger":"frankenphp","msg":"async worker thread started","worker":"m#/app/worker.php","thread":85}
{"level":"info","ts":1775498564.6739242,"logger":"frankenphp","msg":"async worker thread started","worker":"m#/app/worker.php","thread":86}
{"level":"info","ts":1775498564.6740596,"logger":"frankenphp","msg":"async worker thread started","worker":"m#/app/worker.php","thread":87}
{"level":"info","ts":1775498564.6741216,"logger":"frankenphp","msg":"async worker thread started","worker":"m#/app/worker.php","thread":88}
{"level":"info","ts":1775498564.6741972,"logger":"frankenphp","msg":"async worker thread started","worker":"m#/app/worker.php","thread":89}
{"level":"info","ts":1775498564.6743047,"logger":"frankenphp","msg":"async worker thread started","worker":"m#/app/worker.php","thread":90}
{"level":"info","ts":1775498564.6743562,"logger":"frankenphp","msg":"async worker thread started","worker":"m#/app/worker.php","thread":91}
{"level":"info","ts":1775498564.6744556,"logger":"frankenphp","msg":"async worker thread started","worker":"m#/app/worker.php","thread":93}
{"level":"info","ts":1775498564.6744823,"logger":"frankenphp","msg":"async worker thread started","worker":"m#/app/worker.php","thread":92}
{"level":"info","ts":1775498564.674573,"logger":"frankenphp","msg":"async worker thread started","worker":"m#/app/worker.php","thread":94}
{"level":"info","ts":1775498564.6747146,"logger":"frankenphp","msg":"async worker thread started","worker":"m#/app/worker.php","thread":95}
{"level":"info","ts":1775498564.6748154,"logger":"frankenphp","msg":"async worker thread started","worker":"m#/app/worker.php","thread":96}
{"level":"info","ts":1775498564.6748803,"logger":"frankenphp","msg":"async worker thread started","worker":"m#/app/worker.php","thread":97}
{"level":"info","ts":1775498564.6749158,"logger":"frankenphp","msg":"async worker thread started","worker":"m#/app/worker.php","thread":98}
{"level":"info","ts":1775498564.675343,"logger":"frankenphp","msg":"async worker thread started","worker":"m#/app/worker.php","thread":99}
{"level":"info","ts":1775498564.6754282,"logger":"frankenphp","msg":"async worker thread started","worker":"m#/app/worker.php","thread":101}
{"level":"info","ts":1775498564.6756196,"logger":"frankenphp","msg":"async worker thread started","worker":"m#/app/worker.php","thread":100}
{"level":"info","ts":1775498564.675733,"logger":"frankenphp","msg":"async worker thread started","worker":"m#/app/worker.php","thread":105}
{"level":"info","ts":1775498564.6757438,"logger":"frankenphp","msg":"async worker thread started","worker":"m#/app/worker.php","thread":102}
{"level":"info","ts":1775498564.675791,"logger":"frankenphp","msg":"async worker thread started","worker":"m#/app/worker.php","thread":104}
{"level":"info","ts":1775498564.6757507,"logger":"frankenphp","msg":"async worker thread started","worker":"m#/app/worker.php","thread":103}
{"level":"info","ts":1775498564.675756,"logger":"frankenphp","msg":"async worker thread started","worker":"m#/app/worker.php","thread":107}
{"level":"info","ts":1775498564.6757603,"logger":"frankenphp","msg":"async worker thread started","worker":"m#/app/worker.php","thread":106}
{"level":"info","ts":1775498564.6758564,"logger":"frankenphp","msg":"async worker thread started","worker":"m#/app/worker.php","thread":108}
{"level":"info","ts":1775498564.675907,"logger":"frankenphp","msg":"async worker thread started","worker":"m#/app/worker.php","thread":109}
{"level":"info","ts":1775498564.675981,"logger":"frankenphp","msg":"async worker thread started","worker":"m#/app/worker.php","thread":110}
{"level":"info","ts":1775498564.6760616,"logger":"frankenphp","msg":"async worker thread started","worker":"m#/app/worker.php","thread":111}
{"level":"info","ts":1775498564.6761122,"logger":"frankenphp","msg":"async worker thread started","worker":"m#/app/worker.php","thread":112}
{"level":"info","ts":1775498564.6762133,"logger":"frankenphp","msg":"async worker thread started","worker":"m#/app/worker.php","thread":113}
{"level":"info","ts":1775498564.6764016,"logger":"frankenphp","msg":"async worker thread started","worker":"m#/app/worker.php","thread":114}
{"level":"info","ts":1775498564.6765552,"logger":"frankenphp","msg":"async worker thread started","worker":"m#/app/worker.php","thread":115}
{"level":"info","ts":1775498564.676713,"logger":"frankenphp","msg":"async worker thread started","worker":"m#/app/worker.php","thread":116}
{"level":"info","ts":1775498564.6770175,"logger":"frankenphp","msg":"async worker thread started","worker":"m#/app/worker.php","thread":117}
{"level":"info","ts":1775498564.677501,"logger":"frankenphp","msg":"async worker thread started","worker":"m#/app/worker.php","thread":119}
{"level":"info","ts":1775498564.6774757,"logger":"frankenphp","msg":"async worker thread started","worker":"m#/app/worker.php","thread":118}
{"level":"info","ts":1775498564.6776893,"logger":"frankenphp","msg":"async worker thread started","worker":"m#/app/worker.php","thread":120}
{"level":"info","ts":1775498564.6777627,"logger":"frankenphp","msg":"async worker thread started","worker":"m#/app/worker.php","thread":123}
{"level":"info","ts":1775498564.677682,"logger":"frankenphp","msg":"async worker thread started","worker":"m#/app/worker.php","thread":121}
{"level":"info","ts":1775498564.6777158,"logger":"frankenphp","msg":"async worker thread started","worker":"m#/app/worker.php","thread":122}
{"level":"info","ts":1775498564.678451,"logger":"frankenphp","msg":"async worker thread started","worker":"m#/app/worker.php","thread":124}
{"level":"info","ts":1775498564.6784818,"logger":"frankenphp","msg":"async worker thread started","worker":"m#/app/worker.php","thread":125}
{"level":"info","ts":1775498564.6784735,"logger":"frankenphp","msg":"async worker thread started","worker":"m#/app/worker.php","thread":126}
{"level":"info","ts":1775498564.6785443,"logger":"frankenphp","msg":"async worker thread started","worker":"m#/app/worker.php","thread":128}
{"level":"info","ts":1775498564.6786005,"logger":"frankenphp","msg":"async worker thread started","worker":"m#/app/worker.php","thread":127}
{"level":"info","ts":1775498564.6788042,"logger":"frankenphp","msg":"async worker thread started","worker":"m#/app/worker.php_0","thread":129}
{"level":"info","ts":1775498564.6804345,"logger":"frankenphp","msg":"async worker thread started","worker":"m#/app/worker.php_0","thread":131}
{"level":"info","ts":1775498564.680378,"logger":"frankenphp","msg":"async worker thread started","worker":"m#/app/worker.php_0","thread":130}
{"level":"info","ts":1775498564.6804776,"logger":"frankenphp","msg":"async worker thread started","worker":"m#/app/worker.php_0","thread":132}
{"level":"info","ts":1775498564.680637,"logger":"frankenphp","msg":"async worker thread started","worker":"m#/app/worker.php_0","thread":133}
{"level":"info","ts":1775498564.680667,"logger":"frankenphp","msg":"async worker thread started","worker":"m#/app/worker.php_0","thread":134}
{"level":"info","ts":1775498564.6808996,"logger":"frankenphp","msg":"async worker thread started","worker":"m#/app/worker.php_0","thread":136}
{"level":"info","ts":1775498564.6809094,"logger":"frankenphp","msg":"async worker thread started","worker":"m#/app/worker.php_0","thread":137}
{"level":"info","ts":1775498564.681127,"logger":"frankenphp","msg":"async worker thread started","worker":"m#/app/worker.php_0","thread":135}
{"level":"info","ts":1775498564.6813712,"logger":"frankenphp","msg":"async worker thread started","worker":"m#/app/worker.php_0","thread":143}
{"level":"info","ts":1775498564.6813748,"logger":"frankenphp","msg":"async worker thread started","worker":"m#/app/worker.php_0","thread":144}
{"level":"info","ts":1775498564.6814044,"logger":"frankenphp","msg":"async worker thread started","worker":"m#/app/worker.php_0","thread":139}
{"level":"info","ts":1775498564.6815,"logger":"frankenphp","msg":"async worker thread started","worker":"m#/app/worker.php_0","thread":141}
{"level":"info","ts":1775498564.68158,"logger":"frankenphp","msg":"async worker thread started","worker":"m#/app/worker.php_0","thread":140}
{"level":"info","ts":1775498564.6816163,"logger":"frankenphp","msg":"async worker thread started","worker":"m#/app/worker.php_0","thread":145}
{"level":"info","ts":1775498564.681472,"logger":"frankenphp","msg":"async worker thread started","worker":"m#/app/worker.php_0","thread":142}
{"level":"info","ts":1775498564.6814551,"logger":"frankenphp","msg":"async worker thread started","worker":"m#/app/worker.php_0","thread":138}
{"level":"info","ts":1775498564.6834278,"logger":"frankenphp","msg":"async worker thread started","worker":"m#/app/worker.php_0","thread":147}
{"level":"info","ts":1775498564.6836932,"logger":"frankenphp","msg":"async worker thread started","worker":"m#/app/worker.php_0","thread":148}
{"level":"info","ts":1775498564.6837869,"logger":"frankenphp","msg":"async worker thread started","worker":"m#/app/worker.php_0","thread":149}
{"level":"info","ts":1775498564.6831336,"logger":"frankenphp","msg":"async worker thread started","worker":"m#/app/worker.php_0","thread":146}
{"level":"info","ts":1775498564.6840246,"logger":"frankenphp","msg":"async worker thread started","worker":"m#/app/worker.php_0","thread":151}
{"level":"info","ts":1775498564.6840127,"logger":"frankenphp","msg":"async worker thread started","worker":"m#/app/worker.php_0","thread":150}
{"level":"info","ts":1775498564.6841183,"logger":"frankenphp","msg":"async worker thread started","worker":"m#/app/worker.php_0","thread":152}
{"level":"info","ts":1775498564.6841261,"logger":"frankenphp","msg":"async worker thread started","worker":"m#/app/worker.php_0","thread":153}
{"level":"info","ts":1775498564.6843097,"logger":"frankenphp","msg":"async worker thread started","worker":"m#/app/worker.php_0","thread":154}
{"level":"info","ts":1775498564.6912174,"logger":"frankenphp","msg":"async worker thread started","worker":"m#/app/worker.php_0","thread":155}
{"level":"info","ts":1775498564.7087986,"logger":"frankenphp","msg":"async worker thread started","worker":"m#/app/worker.php_0","thread":156}
{"level":"info","ts":1775498564.7089293,"logger":"frankenphp","msg":"async worker thread started","worker":"m#/app/worker.php_0","thread":157}
{"level":"info","ts":1775498564.7090156,"logger":"frankenphp","msg":"async worker thread started","worker":"m#/app/worker.php_0","thread":158}
{"level":"info","ts":1775498564.7091012,"logger":"frankenphp","msg":"async worker thread started","worker":"m#/app/worker.php_0","thread":159}
{"level":"info","ts":1775498564.7100618,"logger":"frankenphp","msg":"async worker thread started","worker":"m#/app/worker.php_0","thread":160}
{"level":"info","ts":1775498564.7100754,"logger":"frankenphp","msg":"async worker thread started","worker":"m#/app/worker.php_0","thread":161}
{"level":"info","ts":1775498564.710107,"logger":"frankenphp","msg":"async worker thread started","worker":"m#/app/worker.php_0","thread":165}
{"level":"info","ts":1775498564.710178,"logger":"frankenphp","msg":"async worker thread started","worker":"m#/app/worker.php_0","thread":163}
{"level":"info","ts":1775498564.7101731,"logger":"frankenphp","msg":"async worker thread started","worker":"m#/app/worker.php_0","thread":167}
{"level":"info","ts":1775498564.7101164,"logger":"frankenphp","msg":"async worker thread started","worker":"m#/app/worker.php_0","thread":162}
{"level":"info","ts":1775498564.7102191,"logger":"frankenphp","msg":"async worker thread started","worker":"m#/app/worker.php_0","thread":170}
{"level":"info","ts":1775498564.7102418,"logger":"frankenphp","msg":"async worker thread started","worker":"m#/app/worker.php_0","thread":171}
{"level":"info","ts":1775498564.7100847,"logger":"frankenphp","msg":"async worker thread started","worker":"m#/app/worker.php_0","thread":164}
{"level":"info","ts":1775498564.7101407,"logger":"frankenphp","msg":"async worker thread started","worker":"m#/app/worker.php_0","thread":168}
{"level":"info","ts":1775498564.7104766,"logger":"frankenphp","msg":"async worker thread started","worker":"m#/app/worker.php_0","thread":172}
{"level":"info","ts":1775498564.7105474,"logger":"frankenphp","msg":"async worker thread started","worker":"m#/app/worker.php_0","thread":173}
{"level":"info","ts":1775498564.710554,"logger":"frankenphp","msg":"async worker thread started","worker":"m#/app/worker.php_0","thread":169}
{"level":"info","ts":1775498564.710554,"logger":"frankenphp","msg":"async worker thread started","worker":"m#/app/worker.php_0","thread":166}
{"level":"info","ts":1775498564.7106917,"logger":"frankenphp","msg":"async worker thread started","worker":"m#/app/worker.php_0","thread":174}
{"level":"info","ts":1775498564.7124007,"logger":"frankenphp","msg":"async worker thread started","worker":"m#/app/worker.php_0","thread":175}
{"level":"info","ts":1775498564.7125137,"logger":"frankenphp","msg":"async worker thread started","worker":"m#/app/worker.php_0","thread":176}
{"level":"info","ts":1775498564.7126274,"logger":"frankenphp","msg":"async worker thread started","worker":"m#/app/worker.php_0","thread":177}
{"level":"info","ts":1775498564.7128909,"logger":"frankenphp","msg":"async worker thread started","worker":"m#/app/worker.php_0","thread":178}
{"level":"info","ts":1775498564.7132044,"logger":"frankenphp","msg":"async worker thread started","worker":"m#/app/worker.php_0","thread":179}
{"level":"info","ts":1775498564.7132716,"logger":"frankenphp","msg":"async worker thread started","worker":"m#/app/worker.php_0","thread":180}
{"level":"info","ts":1775498564.7134347,"logger":"frankenphp","msg":"async worker thread started","worker":"m#/app/worker.php_0","thread":181}
{"level":"info","ts":1775498564.7137973,"logger":"frankenphp","msg":"async worker thread started","worker":"m#/app/worker.php_0","thread":185}
{"level":"info","ts":1775498564.7138312,"logger":"frankenphp","msg":"async worker thread started","worker":"m#/app/worker.php_0","thread":183}
{"level":"info","ts":1775498564.7138782,"logger":"frankenphp","msg":"async worker thread started","worker":"m#/app/worker.php_0","thread":184}
{"level":"info","ts":1775498564.7139106,"logger":"frankenphp","msg":"async worker thread started","worker":"m#/app/worker.php_0","thread":188}
{"level":"info","ts":1775498564.7139485,"logger":"frankenphp","msg":"async worker thread started","worker":"m#/app/worker.php_0","thread":190}
{"level":"info","ts":1775498564.713847,"logger":"frankenphp","msg":"async worker thread started","worker":"m#/app/worker.php_0","thread":187}
{"level":"info","ts":1775498564.7138386,"logger":"frankenphp","msg":"async worker thread started","worker":"m#/app/worker.php_0","thread":186}
{"level":"info","ts":1775498564.7140272,"logger":"frankenphp","msg":"async worker thread started","worker":"m#/app/worker.php_0","thread":189}
{"level":"info","ts":1775498564.713835,"logger":"frankenphp","msg":"async worker thread started","worker":"m#/app/worker.php_0","thread":182}
{"level":"info","ts":1775498564.7142751,"logger":"frankenphp","msg":"async worker thread started","worker":"m#/app/worker.php_0","thread":192}
{"level":"info","ts":1775498564.714353,"logger":"frankenphp","msg":"async worker thread started","worker":"m#/app/worker.php_0","thread":193}
{"level":"info","ts":1775498564.714344,"logger":"frankenphp","msg":"async worker thread started","worker":"m#/app/worker.php_0","thread":191}
{"level":"info","ts":1775498564.7145185,"logger":"frankenphp","msg":"async worker thread started","worker":"m#/app/worker.php_0","thread":194}
{"level":"info","ts":1775498564.7146382,"logger":"frankenphp","msg":"async worker thread started","worker":"m#/app/worker.php_0","thread":195}
{"level":"info","ts":1775498564.7146683,"logger":"frankenphp","msg":"async worker thread started","worker":"m#/app/worker.php_0","thread":196}
{"level":"info","ts":1775498564.7148252,"logger":"frankenphp","msg":"async worker thread started","worker":"m#/app/worker.php_0","thread":197}
{"level":"info","ts":1775498564.7148936,"logger":"frankenphp","msg":"async worker thread started","worker":"m#/app/worker.php_0","thread":198}
{"level":"info","ts":1775498564.7150276,"logger":"frankenphp","msg":"async worker thread started","worker":"m#/app/worker.php_0","thread":199}
{"level":"info","ts":1775498564.7150583,"logger":"frankenphp","msg":"async worker thread started","worker":"m#/app/worker.php_0","thread":200}
{"level":"info","ts":1775498564.7152202,"logger":"frankenphp","msg":"async worker thread started","worker":"m#/app/worker.php_0","thread":201}
{"level":"info","ts":1775498564.715288,"logger":"frankenphp","msg":"async worker thread started","worker":"m#/app/worker.php_0","thread":203}
{"level":"info","ts":1775498564.715294,"logger":"frankenphp","msg":"async worker thread started","worker":"m#/app/worker.php_0","thread":202}
{"level":"info","ts":1775498564.7154658,"logger":"frankenphp","msg":"async worker thread started","worker":"m#/app/worker.php_0","thread":204}
{"level":"info","ts":1775498564.7155719,"logger":"frankenphp","msg":"async worker thread started","worker":"m#/app/worker.php_0","thread":206}
{"level":"info","ts":1775498564.7158191,"logger":"frankenphp","msg":"async worker thread started","worker":"m#/app/worker.php_0","thread":208}
{"level":"info","ts":1775498564.71588,"logger":"frankenphp","msg":"async worker thread started","worker":"m#/app/worker.php_0","thread":209}
{"level":"info","ts":1775498564.715935,"logger":"frankenphp","msg":"async worker thread started","worker":"m#/app/worker.php_0","thread":210}
{"level":"info","ts":1775498564.716034,"logger":"frankenphp","msg":"async worker thread started","worker":"m#/app/worker.php_0","thread":211}
{"level":"info","ts":1775498564.7158859,"logger":"frankenphp","msg":"async worker thread started","worker":"m#/app/worker.php_0","thread":207}
{"level":"info","ts":1775498564.7162278,"logger":"frankenphp","msg":"async worker thread started","worker":"m#/app/worker.php_0","thread":213}
{"level":"info","ts":1775498564.716155,"logger":"frankenphp","msg":"async worker thread started","worker":"m#/app/worker.php_0","thread":212}
{"level":"info","ts":1775498564.7155707,"logger":"frankenphp","msg":"async worker thread started","worker":"m#/app/worker.php_0","thread":205}
{"level":"info","ts":1775498564.716353,"logger":"frankenphp","msg":"async worker thread started","worker":"m#/app/worker.php_0","thread":214}
{"level":"info","ts":1775498564.7164414,"logger":"frankenphp","msg":"async worker thread started","worker":"m#/app/worker.php_0","thread":215}
{"level":"info","ts":1775498564.7164779,"logger":"frankenphp","msg":"async worker thread started","worker":"m#/app/worker.php_0","thread":216}
{"level":"info","ts":1775498564.7165709,"logger":"frankenphp","msg":"async worker thread started","worker":"m#/app/worker.php_0","thread":217}
{"level":"info","ts":1775498564.7166274,"logger":"frankenphp","msg":"async worker thread started","worker":"m#/app/worker.php_0","thread":219}
{"level":"info","ts":1775498564.7166953,"logger":"frankenphp","msg":"async worker thread started","worker":"m#/app/worker.php_0","thread":220}
{"level":"info","ts":1775498564.716874,"logger":"frankenphp","msg":"async worker thread started","worker":"m#/app/worker.php_0","thread":222}
{"level":"info","ts":1775498564.716932,"logger":"frankenphp","msg":"async worker thread started","worker":"m#/app/worker.php_0","thread":221}
{"level":"info","ts":1775498564.7168872,"logger":"frankenphp","msg":"async worker thread started","worker":"m#/app/worker.php_0","thread":223}
{"level":"info","ts":1775498564.7169647,"logger":"frankenphp","msg":"async worker thread started","worker":"m#/app/worker.php_0","thread":224}
{"level":"info","ts":1775498564.717062,"logger":"frankenphp","msg":"async worker thread started","worker":"m#/app/worker.php_0","thread":225}
{"level":"info","ts":1775498564.7165973,"logger":"frankenphp","msg":"async worker thread started","worker":"m#/app/worker.php_0","thread":218}
{"level":"info","ts":1775498564.7171133,"logger":"frankenphp","msg":"async worker thread started","worker":"m#/app/worker.php_0","thread":226}
{"level":"info","ts":1775498564.7172027,"logger":"frankenphp","msg":"async worker thread started","worker":"m#/app/worker.php_0","thread":227}
{"level":"info","ts":1775498564.7173076,"logger":"frankenphp","msg":"async worker thread started","worker":"m#/app/worker.php_0","thread":228}
{"level":"info","ts":1775498564.717289,"logger":"frankenphp","msg":"async worker thread started","worker":"m#/app/worker.php_0","thread":229}
{"level":"info","ts":1775498564.7174897,"logger":"frankenphp","msg":"async worker thread started","worker":"m#/app/worker.php_0","thread":230}
{"level":"info","ts":1775498564.717508,"logger":"frankenphp","msg":"async worker thread started","worker":"m#/app/worker.php_0","thread":231}
{"level":"info","ts":1775498564.7175708,"logger":"frankenphp","msg":"async worker thread started","worker":"m#/app/worker.php_0","thread":232}
{"level":"info","ts":1775498564.7176573,"logger":"frankenphp","msg":"async worker thread started","worker":"m#/app/worker.php_0","thread":233}
{"level":"info","ts":1775498564.717741,"logger":"frankenphp","msg":"async worker thread started","worker":"m#/app/worker.php_0","thread":235}
{"level":"info","ts":1775498564.7178483,"logger":"frankenphp","msg":"async worker thread started","worker":"m#/app/worker.php_0","thread":237}
{"level":"info","ts":1775498564.7179375,"logger":"frankenphp","msg":"async worker thread started","worker":"m#/app/worker.php_0","thread":238}
{"level":"info","ts":1775498564.717979,"logger":"frankenphp","msg":"async worker thread started","worker":"m#/app/worker.php_0","thread":239}
{"level":"info","ts":1775498564.7180316,"logger":"frankenphp","msg":"async worker thread started","worker":"m#/app/worker.php_0","thread":240}
{"level":"info","ts":1775498564.718054,"logger":"frankenphp","msg":"async worker thread started","worker":"m#/app/worker.php_0","thread":241}
{"level":"info","ts":1775498564.7179341,"logger":"frankenphp","msg":"async worker thread started","worker":"m#/app/worker.php_0","thread":236}
{"level":"info","ts":1775498564.7181282,"logger":"frankenphp","msg":"async worker thread started","worker":"m#/app/worker.php_0","thread":242}
{"level":"info","ts":1775498564.7181857,"logger":"frankenphp","msg":"async worker thread started","worker":"m#/app/worker.php_0","thread":243}
{"level":"info","ts":1775498564.7182467,"logger":"frankenphp","msg":"async worker thread started","worker":"m#/app/worker.php_0","thread":244}
{"level":"info","ts":1775498564.7177217,"logger":"frankenphp","msg":"async worker thread started","worker":"m#/app/worker.php_0","thread":234}
{"level":"info","ts":1775498564.7183483,"logger":"frankenphp","msg":"async worker thread started","worker":"m#/app/worker.php_0","thread":245}
{"level":"info","ts":1775498564.7184699,"logger":"frankenphp","msg":"async worker thread started","worker":"m#/app/worker.php_0","thread":246}
{"level":"info","ts":1775498564.7185593,"logger":"frankenphp","msg":"async worker thread started","worker":"m#/app/worker.php_0","thread":248}
{"level":"info","ts":1775498564.7186952,"logger":"frankenphp","msg":"async worker thread started","worker":"m#/app/worker.php_0","thread":250}
{"level":"info","ts":1775498564.7185538,"logger":"frankenphp","msg":"async worker thread started","worker":"m#/app/worker.php_0","thread":247}
{"level":"info","ts":1775498564.7186394,"logger":"frankenphp","msg":"async worker thread started","worker":"m#/app/worker.php_0","thread":249}
{"level":"info","ts":1775498564.718825,"logger":"frankenphp","msg":"async worker thread started","worker":"m#/app/worker.php_0","thread":251}
{"level":"info","ts":1775498564.718948,"logger":"frankenphp","msg":"async worker thread started","worker":"m#/app/worker.php_0","thread":253}
{"level":"info","ts":1775498564.7190099,"logger":"frankenphp","msg":"async worker thread started","worker":"m#/app/worker.php_0","thread":252}
{"level":"info","ts":1775498564.7191098,"logger":"frankenphp","msg":"async worker thread started","worker":"m#/app/worker.php_0","thread":254}
{"level":"info","ts":1775498564.7191224,"logger":"frankenphp","msg":"async worker thread started","worker":"m#/app/worker.php_0","thread":256}
{"level":"info","ts":1775498564.7194483,"logger":"frankenphp","msg":"async worker thread started","worker":"m#/app/worker.php_1","thread":257}
{"level":"info","ts":1775498564.71946,"logger":"frankenphp","msg":"async worker thread started","worker":"m#/app/worker.php_1","thread":258}
{"level":"info","ts":1775498564.7194657,"logger":"frankenphp","msg":"async worker thread started","worker":"m#/app/worker.php_1","thread":260}
{"level":"info","ts":1775498564.7195344,"logger":"frankenphp","msg":"async worker thread started","worker":"m#/app/worker.php_1","thread":259}
{"level":"info","ts":1775498564.7195852,"logger":"frankenphp","msg":"async worker thread started","worker":"m#/app/worker.php_0","thread":255}
{"level":"info","ts":1775498564.7196505,"logger":"frankenphp","msg":"async worker thread started","worker":"m#/app/worker.php_1","thread":261}
{"level":"info","ts":1775498564.7196894,"logger":"frankenphp","msg":"async worker thread started","worker":"m#/app/worker.php_1","thread":265}
{"level":"info","ts":1775498564.719738,"logger":"frankenphp","msg":"async worker thread started","worker":"m#/app/worker.php_1","thread":266}
{"level":"info","ts":1775498564.7196987,"logger":"frankenphp","msg":"async worker thread started","worker":"m#/app/worker.php_1","thread":263}
{"level":"info","ts":1775498564.7198122,"logger":"frankenphp","msg":"async worker thread started","worker":"m#/app/worker.php_1","thread":267}
{"level":"info","ts":1775498564.7198756,"logger":"frankenphp","msg":"async worker thread started","worker":"m#/app/worker.php_1","thread":268}
{"level":"info","ts":1775498564.719601,"logger":"frankenphp","msg":"async worker thread started","worker":"m#/app/worker.php_1","thread":262}
{"level":"info","ts":1775498564.7199643,"logger":"frankenphp","msg":"async worker thread started","worker":"m#/app/worker.php_1","thread":269}
{"level":"info","ts":1775498564.7199826,"logger":"frankenphp","msg":"async worker thread started","worker":"m#/app/worker.php_1","thread":270}
{"level":"info","ts":1775498564.7200735,"logger":"frankenphp","msg":"async worker thread started","worker":"m#/app/worker.php_1","thread":271}
{"level":"info","ts":1775498564.7196848,"logger":"frankenphp","msg":"async worker thread started","worker":"m#/app/worker.php_1","thread":264}
{"level":"info","ts":1775498564.7201948,"logger":"frankenphp","msg":"async worker thread started","worker":"m#/app/worker.php_1","thread":272}
{"level":"info","ts":1775498564.7202168,"logger":"frankenphp","msg":"async worker thread started","worker":"m#/app/worker.php_1","thread":273}
{"level":"info","ts":1775498564.7203016,"logger":"frankenphp","msg":"async worker thread started","worker":"m#/app/worker.php_1","thread":274}
{"level":"info","ts":1775498564.7203126,"logger":"frankenphp","msg":"async worker thread started","worker":"m#/app/worker.php_1","thread":275}
{"level":"info","ts":1775498564.720856,"logger":"frankenphp","msg":"async worker thread started","worker":"m#/app/worker.php_1","thread":282}
{"level":"info","ts":1775498564.7208662,"logger":"frankenphp","msg":"async worker thread started","worker":"m#/app/worker.php_1","thread":276}
{"level":"info","ts":1775498564.7208776,"logger":"frankenphp","msg":"async worker thread started","worker":"m#/app/worker.php_1","thread":287}
{"level":"info","ts":1775498564.7208855,"logger":"frankenphp","msg":"async worker thread started","worker":"m#/app/worker.php_1","thread":277}
{"level":"info","ts":1775498564.7209032,"logger":"frankenphp","msg":"async worker thread started","worker":"m#/app/worker.php_1","thread":286}
{"level":"info","ts":1775498564.720906,"logger":"frankenphp","msg":"async worker thread started","worker":"m#/app/worker.php_1","thread":288}
{"level":"info","ts":1775498564.7209213,"logger":"frankenphp","msg":"async worker thread started","worker":"m#/app/worker.php_1","thread":281}
{"level":"info","ts":1775498564.720924,"logger":"frankenphp","msg":"async worker thread started","worker":"m#/app/worker.php_1","thread":283}
{"level":"info","ts":1775498564.7209382,"logger":"frankenphp","msg":"async worker thread started","worker":"m#/app/worker.php_1","thread":279}
{"level":"info","ts":1775498564.7210324,"logger":"frankenphp","msg":"async worker thread started","worker":"m#/app/worker.php_1","thread":278}
{"level":"info","ts":1775498564.7210374,"logger":"frankenphp","msg":"async worker thread started","worker":"m#/app/worker.php_1","thread":284}
{"level":"info","ts":1775498564.7210565,"logger":"frankenphp","msg":"async worker thread started","worker":"m#/app/worker.php_1","thread":290}
{"level":"info","ts":1775498564.7210844,"logger":"frankenphp","msg":"async worker thread started","worker":"m#/app/worker.php_1","thread":291}
{"level":"info","ts":1775498564.720888,"logger":"frankenphp","msg":"async worker thread started","worker":"m#/app/worker.php_1","thread":280}
{"level":"info","ts":1775498564.7211328,"logger":"frankenphp","msg":"async worker thread started","worker":"m#/app/worker.php_1","thread":292}
{"level":"info","ts":1775498564.7210314,"logger":"frankenphp","msg":"async worker thread started","worker":"m#/app/worker.php_1","thread":289}
{"level":"info","ts":1775498564.721227,"logger":"frankenphp","msg":"async worker thread started","worker":"m#/app/worker.php_1","thread":293}
{"level":"info","ts":1775498564.7212992,"logger":"frankenphp","msg":"async worker thread started","worker":"m#/app/worker.php_1","thread":285}
{"level":"info","ts":1775498564.721372,"logger":"frankenphp","msg":"async worker thread started","worker":"m#/app/worker.php_1","thread":295}
{"level":"info","ts":1775498564.721421,"logger":"frankenphp","msg":"async worker thread started","worker":"m#/app/worker.php_1","thread":296}
{"level":"info","ts":1775498564.721506,"logger":"frankenphp","msg":"async worker thread started","worker":"m#/app/worker.php_1","thread":297}
{"level":"info","ts":1775498564.7213116,"logger":"frankenphp","msg":"async worker thread started","worker":"m#/app/worker.php_1","thread":294}
{"level":"info","ts":1775498564.7216089,"logger":"frankenphp","msg":"async worker thread started","worker":"m#/app/worker.php_1","thread":298}
{"level":"info","ts":1775498564.7219687,"logger":"frankenphp","msg":"async worker thread started","worker":"m#/app/worker.php_1","thread":299}
{"level":"info","ts":1775498564.722053,"logger":"frankenphp","msg":"async worker thread started","worker":"m#/app/worker.php_1","thread":300}
{"level":"info","ts":1775498564.7222543,"logger":"frankenphp","msg":"async worker thread started","worker":"m#/app/worker.php_1","thread":301}
{"level":"info","ts":1775498564.7223303,"logger":"frankenphp","msg":"async worker thread started","worker":"m#/app/worker.php_1","thread":302}
{"level":"info","ts":1775498564.722365,"logger":"frankenphp","msg":"async worker thread started","worker":"m#/app/worker.php_1","thread":303}
{"level":"info","ts":1775498564.7224226,"logger":"frankenphp","msg":"async worker thread started","worker":"m#/app/worker.php_1","thread":304}
{"level":"info","ts":1775498564.7225034,"logger":"frankenphp","msg":"async worker thread started","worker":"m#/app/worker.php_1","thread":305}
{"level":"info","ts":1775498564.7225585,"logger":"frankenphp","msg":"async worker thread started","worker":"m#/app/worker.php_1","thread":307}
{"level":"info","ts":1775498564.7225142,"logger":"frankenphp","msg":"async worker thread started","worker":"m#/app/worker.php_1","thread":306}
{"level":"info","ts":1775498564.722592,"logger":"frankenphp","msg":"async worker thread started","worker":"m#/app/worker.php_1","thread":308}
{"level":"info","ts":1775498564.7226,"logger":"frankenphp","msg":"async worker thread started","worker":"m#/app/worker.php_1","thread":309}
{"level":"info","ts":1775498564.7226808,"logger":"frankenphp","msg":"async worker thread started","worker":"m#/app/worker.php_1","thread":310}
{"level":"info","ts":1775498564.7226944,"logger":"frankenphp","msg":"async worker thread started","worker":"m#/app/worker.php_1","thread":311}
{"level":"info","ts":1775498564.7227783,"logger":"frankenphp","msg":"async worker thread started","worker":"m#/app/worker.php_1","thread":312}
{"level":"info","ts":1775498564.722863,"logger":"frankenphp","msg":"async worker thread started","worker":"m#/app/worker.php_1","thread":313}
{"level":"info","ts":1775498564.722884,"logger":"frankenphp","msg":"async worker thread started","worker":"m#/app/worker.php_1","thread":314}
{"level":"info","ts":1775498564.7229247,"logger":"frankenphp","msg":"async worker thread started","worker":"m#/app/worker.php_1","thread":315}
{"level":"info","ts":1775498564.7229958,"logger":"frankenphp","msg":"async worker thread started","worker":"m#/app/worker.php_1","thread":316}
{"level":"info","ts":1775498564.7230358,"logger":"frankenphp","msg":"async worker thread started","worker":"m#/app/worker.php_1","thread":317}
{"level":"info","ts":1775498564.7230556,"logger":"frankenphp","msg":"async worker thread started","worker":"m#/app/worker.php_1","thread":318}
{"level":"info","ts":1775498564.7231233,"logger":"frankenphp","msg":"async worker thread started","worker":"m#/app/worker.php_1","thread":319}
{"level":"info","ts":1775498564.7232387,"logger":"frankenphp","msg":"async worker thread started","worker":"m#/app/worker.php_1","thread":320}
{"level":"info","ts":1775498564.7232623,"logger":"frankenphp","msg":"async worker thread started","worker":"m#/app/worker.php_1","thread":321}
{"level":"info","ts":1775498564.723337,"logger":"frankenphp","msg":"async worker thread started","worker":"m#/app/worker.php_1","thread":322}
{"level":"info","ts":1775498564.7234128,"logger":"frankenphp","msg":"async worker thread started","worker":"m#/app/worker.php_1","thread":323}
{"level":"info","ts":1775498564.723435,"logger":"frankenphp","msg":"async worker thread started","worker":"m#/app/worker.php_1","thread":324}
{"level":"info","ts":1775498564.7235212,"logger":"frankenphp","msg":"async worker thread started","worker":"m#/app/worker.php_1","thread":325}
{"level":"info","ts":1775498564.7235484,"logger":"frankenphp","msg":"async worker thread started","worker":"m#/app/worker.php_1","thread":326}
{"level":"info","ts":1775498564.7236083,"logger":"frankenphp","msg":"async worker thread started","worker":"m#/app/worker.php_1","thread":327}
{"level":"info","ts":1775498564.7236898,"logger":"frankenphp","msg":"async worker thread started","worker":"m#/app/worker.php_1","thread":329}
{"level":"info","ts":1775498564.7237036,"logger":"frankenphp","msg":"async worker thread started","worker":"m#/app/worker.php_1","thread":330}
{"level":"info","ts":1775498564.723781,"logger":"frankenphp","msg":"async worker thread started","worker":"m#/app/worker.php_1","thread":328}
{"level":"info","ts":1775498564.7237864,"logger":"frankenphp","msg":"async worker thread started","worker":"m#/app/worker.php_1","thread":331}
{"level":"info","ts":1775498564.723871,"logger":"frankenphp","msg":"async worker thread started","worker":"m#/app/worker.php_1","thread":332}
{"level":"info","ts":1775498564.7383056,"logger":"frankenphp","msg":"async worker thread started","worker":"m#/app/worker.php_1","thread":333}
{"level":"info","ts":1775498564.7383783,"logger":"frankenphp","msg":"async worker thread started","worker":"m#/app/worker.php_1","thread":334}
{"level":"info","ts":1775498564.7384615,"logger":"frankenphp","msg":"async worker thread started","worker":"m#/app/worker.php_1","thread":335}
{"level":"info","ts":1775498564.7386072,"logger":"frankenphp","msg":"async worker thread started","worker":"m#/app/worker.php_1","thread":336}
{"level":"info","ts":1775498564.7386823,"logger":"frankenphp","msg":"async worker thread started","worker":"m#/app/worker.php_1","thread":337}
{"level":"info","ts":1775498564.7387457,"logger":"frankenphp","msg":"async worker thread started","worker":"m#/app/worker.php_1","thread":339}
{"level":"info","ts":1775498564.738747,"logger":"frankenphp","msg":"async worker thread started","worker":"m#/app/worker.php_1","thread":338}
{"level":"info","ts":1775498564.738775,"logger":"frankenphp","msg":"async worker thread started","worker":"m#/app/worker.php_1","thread":340}
{"level":"info","ts":1775498564.738901,"logger":"frankenphp","msg":"async worker thread started","worker":"m#/app/worker.php_1","thread":341}
{"level":"info","ts":1775498564.7389138,"logger":"frankenphp","msg":"async worker thread started","worker":"m#/app/worker.php_1","thread":343}
{"level":"info","ts":1775498564.7389007,"logger":"frankenphp","msg":"async worker thread started","worker":"m#/app/worker.php_1","thread":342}
{"level":"info","ts":1775498564.738978,"logger":"frankenphp","msg":"async worker thread started","worker":"m#/app/worker.php_1","thread":344}
{"level":"info","ts":1775498564.7390027,"logger":"frankenphp","msg":"async worker thread started","worker":"m#/app/worker.php_1","thread":345}
{"level":"info","ts":1775498564.7390795,"logger":"frankenphp","msg":"async worker thread started","worker":"m#/app/worker.php_1","thread":346}
{"level":"info","ts":1775498564.7390897,"logger":"frankenphp","msg":"async worker thread started","worker":"m#/app/worker.php_1","thread":347}
{"level":"info","ts":1775498564.7391586,"logger":"frankenphp","msg":"async worker thread started","worker":"m#/app/worker.php_1","thread":349}
{"level":"info","ts":1775498564.7391527,"logger":"frankenphp","msg":"async worker thread started","worker":"m#/app/worker.php_1","thread":348}
{"level":"info","ts":1775498564.7392383,"logger":"frankenphp","msg":"async worker thread started","worker":"m#/app/worker.php_1","thread":351}
{"level":"info","ts":1775498564.7392445,"logger":"frankenphp","msg":"async worker thread started","worker":"m#/app/worker.php_1","thread":350}
{"level":"info","ts":1775498564.7393272,"logger":"frankenphp","msg":"async worker thread started","worker":"m#/app/worker.php_1","thread":352}
{"level":"info","ts":1775498564.739337,"logger":"frankenphp","msg":"async worker thread started","worker":"m#/app/worker.php_1","thread":353}
{"level":"info","ts":1775498564.7393866,"logger":"frankenphp","msg":"async worker thread started","worker":"m#/app/worker.php_1","thread":354}
{"level":"info","ts":1775498564.7395113,"logger":"frankenphp","msg":"async worker thread started","worker":"m#/app/worker.php_1","thread":355}
{"level":"info","ts":1775498564.7395384,"logger":"frankenphp","msg":"async worker thread started","worker":"m#/app/worker.php_1","thread":357}
{"level":"info","ts":1775498564.739524,"logger":"frankenphp","msg":"async worker thread started","worker":"m#/app/worker.php_1","thread":356}
{"level":"info","ts":1775498564.7396476,"logger":"frankenphp","msg":"async worker thread started","worker":"m#/app/worker.php_1","thread":359}
{"level":"info","ts":1775498564.7397025,"logger":"frankenphp","msg":"async worker thread started","worker":"m#/app/worker.php_1","thread":360}
{"level":"info","ts":1775498564.7396133,"logger":"frankenphp","msg":"async worker thread started","worker":"m#/app/worker.php_1","thread":358}
{"level":"info","ts":1775498564.7397857,"logger":"frankenphp","msg":"async worker thread started","worker":"m#/app/worker.php_1","thread":361}
{"level":"info","ts":1775498564.7398672,"logger":"frankenphp","msg":"async worker thread started","worker":"m#/app/worker.php_1","thread":363}
{"level":"info","ts":1775498564.739865,"logger":"frankenphp","msg":"async worker thread started","worker":"m#/app/worker.php_1","thread":362}
{"level":"info","ts":1775498564.7398772,"logger":"frankenphp","msg":"async worker thread started","worker":"m#/app/worker.php_1","thread":364}
{"level":"info","ts":1775498564.7399476,"logger":"frankenphp","msg":"async worker thread started","worker":"m#/app/worker.php_1","thread":365}
{"level":"info","ts":1775498564.739969,"logger":"frankenphp","msg":"async worker thread started","worker":"m#/app/worker.php_1","thread":366}
{"level":"info","ts":1775498564.7399817,"logger":"frankenphp","msg":"async worker thread started","worker":"m#/app/worker.php_1","thread":367}
{"level":"info","ts":1775498564.7400496,"logger":"frankenphp","msg":"async worker thread started","worker":"m#/app/worker.php_1","thread":368}
{"level":"info","ts":1775498564.7400568,"logger":"frankenphp","msg":"async worker thread started","worker":"m#/app/worker.php_1","thread":369}
{"level":"info","ts":1775498564.740104,"logger":"frankenphp","msg":"async worker thread started","worker":"m#/app/worker.php_1","thread":370}
{"level":"info","ts":1775498564.7401977,"logger":"frankenphp","msg":"async worker thread started","worker":"m#/app/worker.php_1","thread":372}
{"level":"info","ts":1775498564.740207,"logger":"frankenphp","msg":"async worker thread started","worker":"m#/app/worker.php_1","thread":373}
{"level":"info","ts":1775498564.7402349,"logger":"frankenphp","msg":"async worker thread started","worker":"m#/app/worker.php_1","thread":374}
{"level":"info","ts":1775498564.7401955,"logger":"frankenphp","msg":"async worker thread started","worker":"m#/app/worker.php_1","thread":371}
{"level":"info","ts":1775498564.7402794,"logger":"frankenphp","msg":"async worker thread started","worker":"m#/app/worker.php_1","thread":375}
{"level":"info","ts":1775498564.7403307,"logger":"frankenphp","msg":"async worker thread started","worker":"m#/app/worker.php_1","thread":376}
{"level":"info","ts":1775498564.7404008,"logger":"frankenphp","msg":"async worker thread started","worker":"m#/app/worker.php_1","thread":377}
{"level":"info","ts":1775498564.7404804,"logger":"frankenphp","msg":"async worker thread started","worker":"m#/app/worker.php_1","thread":378}
{"level":"info","ts":1775498564.7404852,"logger":"frankenphp","msg":"async worker thread started","worker":"m#/app/worker.php_1","thread":379}
{"level":"info","ts":1775498564.7405818,"logger":"frankenphp","msg":"async worker thread started","worker":"m#/app/worker.php_1","thread":381}
{"level":"info","ts":1775498564.7406194,"logger":"frankenphp","msg":"async worker thread started","worker":"m#/app/worker.php_1","thread":380}
{"level":"info","ts":1775498564.740642,"logger":"frankenphp","msg":"async worker thread started","worker":"m#/app/worker.php_1","thread":382}
{"level":"info","ts":1775498564.7406647,"logger":"frankenphp","msg":"async worker thread started","worker":"m#/app/worker.php_1","thread":383}
{"level":"info","ts":1775498564.7407284,"logger":"frankenphp","msg":"async worker thread started","worker":"m#/app/worker.php_1","thread":384}
{"level":"info","ts":1775498564.7407575,"logger":"frankenphp","msg":"async worker thread started","worker":"m#/app/worker.php_2","thread":385}
{"level":"info","ts":1775498564.740816,"logger":"frankenphp","msg":"async worker thread started","worker":"m#/app/worker.php_2","thread":386}
{"level":"info","ts":1775498564.7408907,"logger":"frankenphp","msg":"async worker thread started","worker":"m#/app/worker.php_2","thread":387}
{"level":"info","ts":1775498564.740907,"logger":"frankenphp","msg":"async worker thread started","worker":"m#/app/worker.php_2","thread":389}
{"level":"info","ts":1775498564.7408917,"logger":"frankenphp","msg":"async worker thread started","worker":"m#/app/worker.php_2","thread":388}
{"level":"info","ts":1775498564.7409723,"logger":"frankenphp","msg":"async worker thread started","worker":"m#/app/worker.php_2","thread":390}
{"level":"info","ts":1775498564.7409737,"logger":"frankenphp","msg":"async worker thread started","worker":"m#/app/worker.php_2","thread":391}
{"level":"info","ts":1775498564.7410536,"logger":"frankenphp","msg":"async worker thread started","worker":"m#/app/worker.php_2","thread":392}
{"level":"info","ts":1775498564.7410862,"logger":"frankenphp","msg":"async worker thread started","worker":"m#/app/worker.php_2","thread":393}
{"level":"info","ts":1775498564.7411532,"logger":"frankenphp","msg":"async worker thread started","worker":"m#/app/worker.php_2","thread":395}
{"level":"info","ts":1775498564.7411344,"logger":"frankenphp","msg":"async worker thread started","worker":"m#/app/worker.php_2","thread":394}
{"level":"info","ts":1775498564.7412028,"logger":"frankenphp","msg":"async worker thread started","worker":"m#/app/worker.php_2","thread":396}
{"level":"info","ts":1775498564.7412462,"logger":"frankenphp","msg":"async worker thread started","worker":"m#/app/worker.php_2","thread":397}
{"level":"info","ts":1775498564.7412722,"logger":"frankenphp","msg":"async worker thread started","worker":"m#/app/worker.php_2","thread":398}
{"level":"info","ts":1775498564.7413254,"logger":"frankenphp","msg":"async worker thread started","worker":"m#/app/worker.php_2","thread":399}
{"level":"info","ts":1775498564.7413473,"logger":"frankenphp","msg":"async worker thread started","worker":"m#/app/worker.php_2","thread":400}
{"level":"info","ts":1775498564.7413838,"logger":"frankenphp","msg":"async worker thread started","worker":"m#/app/worker.php_2","thread":401}
{"level":"info","ts":1775498564.7414439,"logger":"frankenphp","msg":"async worker thread started","worker":"m#/app/worker.php_2","thread":402}
{"level":"info","ts":1775498564.7415915,"logger":"frankenphp","msg":"async worker thread started","worker":"m#/app/worker.php_2","thread":403}
{"level":"info","ts":1775498564.7415993,"logger":"frankenphp","msg":"async worker thread started","worker":"m#/app/worker.php_2","thread":405}
{"level":"info","ts":1775498564.7416444,"logger":"frankenphp","msg":"async worker thread started","worker":"m#/app/worker.php_2","thread":406}
{"level":"info","ts":1775498564.7417314,"logger":"frankenphp","msg":"async worker thread started","worker":"m#/app/worker.php_2","thread":404}
{"level":"info","ts":1775498564.7417433,"logger":"frankenphp","msg":"async worker thread started","worker":"m#/app/worker.php_2","thread":407}
{"level":"info","ts":1775498564.7418048,"logger":"frankenphp","msg":"async worker thread started","worker":"m#/app/worker.php_2","thread":408}
{"level":"info","ts":1775498564.7418792,"logger":"frankenphp","msg":"async worker thread started","worker":"m#/app/worker.php_2","thread":409}
{"level":"info","ts":1775498564.7419546,"logger":"frankenphp","msg":"async worker thread started","worker":"m#/app/worker.php_2","thread":410}
{"level":"info","ts":1775498564.7419684,"logger":"frankenphp","msg":"async worker thread started","worker":"m#/app/worker.php_2","thread":411}
{"level":"info","ts":1775498564.742052,"logger":"frankenphp","msg":"async worker thread started","worker":"m#/app/worker.php_2","thread":413}
{"level":"info","ts":1775498564.742097,"logger":"frankenphp","msg":"async worker thread started","worker":"m#/app/worker.php_2","thread":414}
{"level":"info","ts":1775498564.742051,"logger":"frankenphp","msg":"async worker thread started","worker":"m#/app/worker.php_2","thread":412}
{"level":"info","ts":1775498564.7421384,"logger":"frankenphp","msg":"async worker thread started","worker":"m#/app/worker.php_2","thread":415}
{"level":"info","ts":1775498564.742219,"logger":"frankenphp","msg":"async worker thread started","worker":"m#/app/worker.php_2","thread":416}
{"level":"info","ts":1775498564.742228,"logger":"frankenphp","msg":"async worker thread started","worker":"m#/app/worker.php_2","thread":417}
{"level":"info","ts":1775498564.7422347,"logger":"frankenphp","msg":"async worker thread started","worker":"m#/app/worker.php_2","thread":418}
{"level":"info","ts":1775498564.7423403,"logger":"frankenphp","msg":"async worker thread started","worker":"m#/app/worker.php_2","thread":419}
{"level":"info","ts":1775498564.7423463,"logger":"frankenphp","msg":"async worker thread started","worker":"m#/app/worker.php_2","thread":420}
{"level":"info","ts":1775498564.742365,"logger":"frankenphp","msg":"async worker thread started","worker":"m#/app/worker.php_2","thread":421}
{"level":"info","ts":1775498564.742426,"logger":"frankenphp","msg":"async worker thread started","worker":"m#/app/worker.php_2","thread":422}
{"level":"info","ts":1775498564.7424912,"logger":"frankenphp","msg":"async worker thread started","worker":"m#/app/worker.php_2","thread":423}
{"level":"info","ts":1775498564.7425718,"logger":"frankenphp","msg":"async worker thread started","worker":"m#/app/worker.php_2","thread":424}
{"level":"info","ts":1775498564.742666,"logger":"frankenphp","msg":"async worker thread started","worker":"m#/app/worker.php_2","thread":425}
{"level":"info","ts":1775498564.7426584,"logger":"frankenphp","msg":"async worker thread started","worker":"m#/app/worker.php_2","thread":427}
{"level":"info","ts":1775498564.7427084,"logger":"frankenphp","msg":"async worker thread started","worker":"m#/app/worker.php_2","thread":428}
{"level":"info","ts":1775498564.742744,"logger":"frankenphp","msg":"async worker thread started","worker":"m#/app/worker.php_2","thread":429}
{"level":"info","ts":1775498564.742657,"logger":"frankenphp","msg":"async worker thread started","worker":"m#/app/worker.php_2","thread":426}
{"level":"info","ts":1775498564.7428255,"logger":"frankenphp","msg":"async worker thread started","worker":"m#/app/worker.php_2","thread":430}
{"level":"info","ts":1775498564.742907,"logger":"frankenphp","msg":"async worker thread started","worker":"m#/app/worker.php_2","thread":432}
{"level":"info","ts":1775498564.7429936,"logger":"frankenphp","msg":"async worker thread started","worker":"m#/app/worker.php_2","thread":431}
{"level":"info","ts":1775498564.7430096,"logger":"frankenphp","msg":"async worker thread started","worker":"m#/app/worker.php_2","thread":434}
{"level":"info","ts":1775498564.7430806,"logger":"frankenphp","msg":"async worker thread started","worker":"m#/app/worker.php_2","thread":433}
{"level":"info","ts":1775498564.7431655,"logger":"frankenphp","msg":"async worker thread started","worker":"m#/app/worker.php_2","thread":436}
{"level":"info","ts":1775498564.743174,"logger":"frankenphp","msg":"async worker thread started","worker":"m#/app/worker.php_2","thread":435}
{"level":"info","ts":1775498564.7432427,"logger":"frankenphp","msg":"async worker thread started","worker":"m#/app/worker.php_2","thread":441}
{"level":"info","ts":1775498564.7432482,"logger":"frankenphp","msg":"async worker thread started","worker":"m#/app/worker.php_2","thread":440}
{"level":"info","ts":1775498564.7433429,"logger":"frankenphp","msg":"async worker thread started","worker":"m#/app/worker.php_2","thread":443}
{"level":"info","ts":1775498564.7433567,"logger":"frankenphp","msg":"async worker thread started","worker":"m#/app/worker.php_2","thread":442}
{"level":"info","ts":1775498564.7433603,"logger":"frankenphp","msg":"async worker thread started","worker":"m#/app/worker.php_2","thread":437}
{"level":"info","ts":1775498564.7433608,"logger":"frankenphp","msg":"async worker thread started","worker":"m#/app/worker.php_2","thread":438}
{"level":"info","ts":1775498564.7434344,"logger":"frankenphp","msg":"async worker thread started","worker":"m#/app/worker.php_2","thread":439}
{"level":"info","ts":1775498564.7434397,"logger":"frankenphp","msg":"async worker thread started","worker":"m#/app/worker.php_2","thread":445}
{"level":"info","ts":1775498564.7434766,"logger":"frankenphp","msg":"async worker thread started","worker":"m#/app/worker.php_2","thread":446}
{"level":"info","ts":1775498564.7435234,"logger":"frankenphp","msg":"async worker thread started","worker":"m#/app/worker.php_2","thread":447}
{"level":"info","ts":1775498564.7435346,"logger":"frankenphp","msg":"async worker thread started","worker":"m#/app/worker.php_2","thread":448}
{"level":"info","ts":1775498564.7435904,"logger":"frankenphp","msg":"async worker thread started","worker":"m#/app/worker.php_2","thread":449}
{"level":"info","ts":1775498564.743432,"logger":"frankenphp","msg":"async worker thread started","worker":"m#/app/worker.php_2","thread":444}
{"level":"info","ts":1775498564.7436354,"logger":"frankenphp","msg":"async worker thread started","worker":"m#/app/worker.php_2","thread":451}
{"level":"info","ts":1775498564.7436388,"logger":"frankenphp","msg":"async worker thread started","worker":"m#/app/worker.php_2","thread":450}
{"level":"info","ts":1775498564.7437057,"logger":"frankenphp","msg":"async worker thread started","worker":"m#/app/worker.php_2","thread":452}
{"level":"info","ts":1775498564.743777,"logger":"frankenphp","msg":"async worker thread started","worker":"m#/app/worker.php_2","thread":453}
{"level":"info","ts":1775498564.7437854,"logger":"frankenphp","msg":"async worker thread started","worker":"m#/app/worker.php_2","thread":454}
{"level":"info","ts":1775498564.743816,"logger":"frankenphp","msg":"async worker thread started","worker":"m#/app/worker.php_2","thread":455}
{"level":"info","ts":1775498564.74386,"logger":"frankenphp","msg":"async worker thread started","worker":"m#/app/worker.php_2","thread":456}
{"level":"info","ts":1775498564.7439413,"logger":"frankenphp","msg":"async worker thread started","worker":"m#/app/worker.php_2","thread":458}
{"level":"info","ts":1775498564.7439423,"logger":"frankenphp","msg":"async worker thread started","worker":"m#/app/worker.php_2","thread":457}
{"level":"info","ts":1775498564.7439785,"logger":"frankenphp","msg":"async worker thread started","worker":"m#/app/worker.php_2","thread":459}
{"level":"info","ts":1775498564.744044,"logger":"frankenphp","msg":"async worker thread started","worker":"m#/app/worker.php_2","thread":460}
{"level":"info","ts":1775498564.7440553,"logger":"frankenphp","msg":"async worker thread started","worker":"m#/app/worker.php_2","thread":461}
{"level":"info","ts":1775498564.7440846,"logger":"frankenphp","msg":"async worker thread started","worker":"m#/app/worker.php_2","thread":462}
{"level":"info","ts":1775498564.7441444,"logger":"frankenphp","msg":"async worker thread started","worker":"m#/app/worker.php_2","thread":463}
{"level":"info","ts":1775498564.7441666,"logger":"frankenphp","msg":"async worker thread started","worker":"m#/app/worker.php_2","thread":464}
{"level":"info","ts":1775498564.7442033,"logger":"frankenphp","msg":"async worker thread started","worker":"m#/app/worker.php_2","thread":465}
{"level":"info","ts":1775498564.7442517,"logger":"frankenphp","msg":"async worker thread started","worker":"m#/app/worker.php_2","thread":466}
{"level":"info","ts":1775498564.7443542,"logger":"frankenphp","msg":"async worker thread started","worker":"m#/app/worker.php_2","thread":468}
{"level":"info","ts":1775498564.7443862,"logger":"frankenphp","msg":"async worker thread started","worker":"m#/app/worker.php_2","thread":469}
{"level":"info","ts":1775498564.7444367,"logger":"frankenphp","msg":"async worker thread started","worker":"m#/app/worker.php_2","thread":470}
{"level":"info","ts":1775498564.7444417,"logger":"frankenphp","msg":"async worker thread started","worker":"m#/app/worker.php_2","thread":471}
{"level":"info","ts":1775498564.7443502,"logger":"frankenphp","msg":"async worker thread started","worker":"m#/app/worker.php_2","thread":467}
{"level":"info","ts":1775498564.7445152,"logger":"frankenphp","msg":"async worker thread started","worker":"m#/app/worker.php_2","thread":472}
{"level":"info","ts":1775498564.7445278,"logger":"frankenphp","msg":"async worker thread started","worker":"m#/app/worker.php_2","thread":473}
{"level":"info","ts":1775498564.744602,"logger":"frankenphp","msg":"async worker thread started","worker":"m#/app/worker.php_2","thread":475}
{"level":"info","ts":1775498564.7445972,"logger":"frankenphp","msg":"async worker thread started","worker":"m#/app/worker.php_2","thread":474}
{"level":"info","ts":1775498564.7446387,"logger":"frankenphp","msg":"async worker thread started","worker":"m#/app/worker.php_2","thread":476}
{"level":"info","ts":1775498564.7446835,"logger":"frankenphp","msg":"async worker thread started","worker":"m#/app/worker.php_2","thread":477}
{"level":"info","ts":1775498564.7447755,"logger":"frankenphp","msg":"async worker thread started","worker":"m#/app/worker.php_2","thread":478}
{"level":"info","ts":1775498564.7447898,"logger":"frankenphp","msg":"async worker thread started","worker":"m#/app/worker.php_2","thread":479}
{"level":"info","ts":1775498564.7448642,"logger":"frankenphp","msg":"async worker thread started","worker":"m#/app/worker.php_2","thread":481}
{"level":"info","ts":1775498564.744903,"logger":"frankenphp","msg":"async worker thread started","worker":"m#/app/worker.php_2","thread":480}
{"level":"info","ts":1775498564.7449439,"logger":"frankenphp","msg":"async worker thread started","worker":"m#/app/worker.php_2","thread":483}
{"level":"info","ts":1775498564.7449589,"logger":"frankenphp","msg":"async worker thread started","worker":"m#/app/worker.php_2","thread":484}
{"level":"info","ts":1775498564.7448742,"logger":"frankenphp","msg":"async worker thread started","worker":"m#/app/worker.php_2","thread":482}
{"level":"info","ts":1775498564.7450345,"logger":"frankenphp","msg":"async worker thread started","worker":"m#/app/worker.php_2","thread":485}
{"level":"info","ts":1775498564.7450469,"logger":"frankenphp","msg":"async worker thread started","worker":"m#/app/worker.php_2","thread":486}
{"level":"info","ts":1775498564.7451215,"logger":"frankenphp","msg":"async worker thread started","worker":"m#/app/worker.php_2","thread":487}
{"level":"info","ts":1775498564.74513,"logger":"frankenphp","msg":"async worker thread started","worker":"m#/app/worker.php_2","thread":488}
{"level":"info","ts":1775498564.7452002,"logger":"frankenphp","msg":"async worker thread started","worker":"m#/app/worker.php_2","thread":489}
{"level":"info","ts":1775498564.7452605,"logger":"frankenphp","msg":"async worker thread started","worker":"m#/app/worker.php_2","thread":491}
{"level":"info","ts":1775498564.745292,"logger":"frankenphp","msg":"async worker thread started","worker":"m#/app/worker.php_2","thread":492}
{"level":"info","ts":1775498564.7452114,"logger":"frankenphp","msg":"async worker thread started","worker":"m#/app/worker.php_2","thread":490}
{"level":"info","ts":1775498564.7453637,"logger":"frankenphp","msg":"async worker thread started","worker":"m#/app/worker.php_2","thread":493}
{"level":"info","ts":1775498564.7454183,"logger":"frankenphp","msg":"async worker thread started","worker":"m#/app/worker.php_2","thread":494}
{"level":"info","ts":1775498564.745431,"logger":"frankenphp","msg":"async worker thread started","worker":"m#/app/worker.php_2","thread":495}
{"level":"info","ts":1775498564.7455049,"logger":"frankenphp","msg":"async worker thread started","worker":"m#/app/worker.php_2","thread":496}
{"level":"info","ts":1775498564.7455812,"logger":"frankenphp","msg":"async worker thread started","worker":"m#/app/worker.php_2","thread":497}
{"level":"info","ts":1775498564.7455955,"logger":"frankenphp","msg":"async worker thread started","worker":"m#/app/worker.php_2","thread":498}
{"level":"info","ts":1775498564.7456114,"logger":"frankenphp","msg":"async worker thread started","worker":"m#/app/worker.php_2","thread":499}
{"level":"info","ts":1775498564.7456834,"logger":"frankenphp","msg":"async worker thread started","worker":"m#/app/worker.php_2","thread":500}
{"level":"info","ts":1775498564.7457755,"logger":"frankenphp","msg":"async worker thread started","worker":"m#/app/worker.php_2","thread":501}
{"level":"info","ts":1775498564.7458205,"logger":"frankenphp","msg":"async worker thread started","worker":"m#/app/worker.php_2","thread":503}
{"level":"info","ts":1775498564.745865,"logger":"frankenphp","msg":"async worker thread started","worker":"m#/app/worker.php_2","thread":504}
{"level":"info","ts":1775498564.7457755,"logger":"frankenphp","msg":"async worker thread started","worker":"m#/app/worker.php_2","thread":502}
{"level":"info","ts":1775498564.7459404,"logger":"frankenphp","msg":"async worker thread started","worker":"m#/app/worker.php_2","thread":505}
{"level":"info","ts":1775498564.7460191,"logger":"frankenphp","msg":"async worker thread started","worker":"m#/app/worker.php_2","thread":507}
{"level":"info","ts":1775498564.7460651,"logger":"frankenphp","msg":"async worker thread started","worker":"m#/app/worker.php_2","thread":508}
{"level":"info","ts":1775498564.746026,"logger":"frankenphp","msg":"async worker thread started","worker":"m#/app/worker.php_2","thread":506}
{"level":"info","ts":1775498564.746107,"logger":"frankenphp","msg":"async worker thread started","worker":"m#/app/worker.php_2","thread":509}
{"level":"info","ts":1775498564.7461948,"logger":"frankenphp","msg":"async worker thread started","worker":"m#/app/worker.php_2","thread":510}
{"level":"info","ts":1775498564.746208,"logger":"frankenphp","msg":"async worker thread started","worker":"m#/app/worker.php_2","thread":511}
{"level":"info","ts":1775498564.7462761,"logger":"frankenphp","msg":"async worker thread started","worker":"m#/app/worker.php_2","thread":512}
{"level":"info","ts":1775498564.7463334,"logger":"frankenphp","msg":"FrankenPHP started 🐘","php_version":"8.6.0-dev","num_threads":513,"max_threads":513}
{"level":"warn","ts":1775498564.746785,"logger":"http","msg":"HTTP/2 skipped because it requires TLS","network":"tcp","addr":":8080"}
{"level":"warn","ts":1775498564.7467937,"logger":"http","msg":"HTTP/3 skipped because it requires TLS","network":"tcp","addr":":8080"}
{"level":"info","ts":1775498564.746797,"logger":"http.log","msg":"server running","name":"srv0","protocols":["h1","h2","h3"]}
{"level":"info","ts":1775498564.7468567,"logger":"http","msg":"enabling HTTP/3 listener","addr":":8443"}
{"level":"info","ts":1775498564.7469893,"logger":"http.log","msg":"server running","name":"srv1","protocols":["h1","h2","h3"]}
{"level":"info","ts":1775498564.7529504,"msg":"autosaved config (load with --resume flag)","file":"/root/.config/caddy/autosave.json"}
{"level":"info","ts":1775498564.7529593,"msg":"serving initial configuration"}
{"level":"info","ts":1775498564.7567992,"logger":"tls","msg":"cleaning storage unit","storage":"FileStorage:/root/.local/share/caddy"}
{"level":"info","ts":1775498564.7598886,"logger":"tls","msg":"finished cleaning storage units"}
{"level":"error","ts":1775498570.443497,"logger":"http.log.error","msg":"context canceled","request":{"remote_ip":"127.0.0.1","remote_port":"38036","client_ip":"127.0.0.1","proto":"HTTP/1.1","method":"GET","host":"localhost:8080","uri":"/compression","headers":{"Accept-Encoding":["gzip"]}},"duration":0.1989609,"status":500,"err_id":"91ek25988","err_trace":"caddy.(*FrankenPHPModule).ServeHTTP (module.go:252)"}
{"level":"error","ts":1775498570.44357,"logger":"http.log.error","msg":"context canceled","request":{"remote_ip":"127.0.0.1","remote_port":"37912","client_ip":"127.0.0.1","proto":"HTTP/1.1","method":"GET","host":"localhost:8080","uri":"/compression","headers":{"Accept-Encoding":["gzip"]}},"duration":0.249352285,"status":500,"err_id":"tbku8yibq","err_trace":"caddy.(*FrankenPHPModule).ServeHTTP (module.go:252)"}
{"level":"error","ts":1775498570.445669,"logger":"http.log.error","msg":"context canceled","request":{"remote_ip":"127.0.0.1","remote_port":"40610","client_ip":"127.0.0.1","proto":"HTTP/1.1","method":"GET","host":"localhost:8080","uri":"/compression","headers":{"Accept-Encoding":["gzip"]}},"duration":0.174868345,"status":500,"err_id":"qpjq0nhdm","err_trace":"caddy.(*FrankenPHPModule).ServeHTTP (module.go:252)"}
{"level":"error","ts":1775498570.445729,"logger":"http.log.error","msg":"context canceled","request":{"remote_ip":"127.0.0.1","remote_port":"40322","client_ip":"127.0.0.1","proto":"HTTP/1.1","method":"GET","host":"localhost:8080","uri":"/compression","headers":{"Accept-Encoding":["gzip"]}},"duration":0.174941072,"status":500,"err_id":"f07zg29am","err_trace":"caddy.(*FrankenPHPModule).ServeHTTP (module.go:252)"}
{"level":"error","ts":1775498570.4458034,"logger":"http.log.error","msg":"context canceled","request":{"remote_ip":"127.0.0.1","remote_port":"40458","client_ip":"127.0.0.1","proto":"HTTP/1.1","method":"GET","host":"localhost:8080","uri":"/compression","headers":{"Accept-Encoding":["gzip"]}},"duration":0.059249508,"status":500,"err_id":"r67c08tbd","err_trace":"caddy.(*FrankenPHPModule).ServeHTTP (module.go:252)"}
{"level":"error","ts":1775498570.448503,"logger":"http.log.error","msg":"context canceled","request":{"remote_ip":"127.0.0.1","remote_port":"40010","client_ip":"127.0.0.1","proto":"HTTP/1.1","method":"GET","host":"localhost:8080","uri":"/compression","headers":{"Accept-Encoding":["gzip"]}},"duration":0.121018019,"status":500,"err_id":"a2m03rsfr","err_trace":"caddy.(*FrankenPHPModule).ServeHTTP (module.go:252)"}
{"level":"error","ts":1775498570.457735,"logger":"http.log.error","msg":"context canceled","request":{"remote_ip":"127.0.0.1","remote_port":"40310","client_ip":"127.0.0.1","proto":"HTTP/1.1","method":"GET","host":"localhost:8080","uri":"/compression","headers":{"Accept-Encoding":["gzip"]}},"duration":0.088345683,"status":500,"err_id":"qc544v4rw","err_trace":"caddy.(*FrankenPHPModule).ServeHTTP (module.go:252)"}
{"level":"error","ts":1775498570.457927,"logger":"http.log.error","msg":"context canceled","request":{"remote_ip":"127.0.0.1","remote_port":"41058","client_ip":"127.0.0.1","proto":"HTTP/1.1","method":"GET","host":"localhost:8080","uri":"/compression","headers":{"Accept-Encoding":["gzip"]}},"duration":0.085594095,"status":500,"err_id":"i0d50psmh","err_trace":"caddy.(*FrankenPHPModule).ServeHTTP (module.go:252)"}
{"level":"error","ts":1775498570.4579568,"logger":"http.log.error","msg":"context canceled","request":{"remote_ip":"127.0.0.1","remote_port":"40354","client_ip":"127.0.0.1","proto":"HTTP/1.1","method":"GET","host":"localhost:8080","uri":"/compression","headers":{"Accept-Encoding":["gzip"]}},"duration":0.170045723,"status":500,"err_id":"uza4y0hb4","err_trace":"caddy.(*FrankenPHPModule).ServeHTTP (module.go:252)"}
{"level":"error","ts":1775498570.458039,"logger":"http.log.error","msg":"context canceled","request":{"remote_ip":"127.0.0.1","remote_port":"41208","client_ip":"127.0.0.1","proto":"HTTP/1.1","method":"GET","host":"localhost:8080","uri":"/compression","headers":{"Accept-Encoding":["gzip"]}},"duration":0.14779829,"status":500,"err_id":"btmxjebx3","err_trace":"caddy.(*FrankenPHPModule).ServeHTTP (module.go:252)"}
{"level":"error","ts":1775498570.4614494,"logger":"http.log.error","msg":"context canceled","request":{"remote_ip":"127.0.0.1","remote_port":"40660","client_ip":"127.0.0.1","proto":"HTTP/1.1","method":"GET","host":"localhost:8080","uri":"/compression","headers":{"Accept-Encoding":["gzip"]}},"duration":0.143675217,"status":500,"err_id":"mnijb2ux2","err_trace":"caddy.(*FrankenPHPModule).ServeHTTP (module.go:252)"}
{"level":"error","ts":1775498570.4614592,"logger":"http.log.error","msg":"context canceled","request":{"remote_ip":"127.0.0.1","remote_port":"40580","client_ip":"127.0.0.1","proto":"HTTP/1.1","method":"GET","host":"localhost:8080","uri":"/compression","headers":{"Accept-Encoding":["gzip"]}},"duration":0.114195083,"status":500,"err_id":"w3kwawadw","err_trace":"caddy.(*FrankenPHPModule).ServeHTTP (module.go:252)"}
{"level":"error","ts":1775498570.4643784,"logger":"http.log.error","msg":"context canceled","request":{"remote_ip":"127.0.0.1","remote_port":"39904","client_ip":"127.0.0.1","proto":"HTTP/1.1","method":"GET","host":"localhost:8080","uri":"/compression","headers":{"Accept-Encoding":["gzip"]}},"duration":0.126883502,"status":500,"err_id":"gqd8454s3","err_trace":"caddy.(*FrankenPHPModule).ServeHTTP (module.go:252)"}
{"level":"error","ts":1775498570.4644935,"logger":"http.log.error","msg":"context canceled","request":{"remote_ip":"127.0.0.1","remote_port":"39948","client_ip":"127.0.0.1","proto":"HTTP/1.1","method":"GET","host":"localhost:8080","uri":"/compression","headers":{"Accept-Encoding":["gzip"]}},"duration":0.185732581,"status":500,"err_id":"7f01r7v25","err_trace":"caddy.(*FrankenPHPModule).ServeHTTP (module.go:252)"}
{"level":"error","ts":1775498570.466616,"logger":"http.log.error","msg":"context canceled","request":{"remote_ip":"127.0.0.1","remote_port":"38718","client_ip":"127.0.0.1","proto":"HTTP/1.1","method":"GET","host":"localhost:8080","uri":"/compression","headers":{"Accept-Encoding":["gzip"]}},"duration":0.126168054,"status":500,"err_id":"eram3k5fc","err_trace":"caddy.(*FrankenPHPModule).ServeHTTP (module.go:252)"}
{"level":"error","ts":1775498570.472888,"logger":"http.log.error","msg":"context canceled","request":{"remote_ip":"127.0.0.1","remote_port":"39550","client_ip":"127.0.0.1","proto":"HTTP/1.1","method":"GET","host":"localhost:8080","uri":"/compression","headers":{"Accept-Encoding":["gzip"]}},"duration":0.093636181,"status":500,"err_id":"swcjkivfz","err_trace":"caddy.(*FrankenPHPModule).ServeHTTP (module.go:252)"}
{"level":"error","ts":1775498570.4799287,"logger":"http.log.error","msg":"context canceled","request":{"remote_ip":"127.0.0.1","remote_port":"39858","client_ip":"127.0.0.1","proto":"HTTP/1.1","method":"GET","host":"localhost:8080","uri":"/compression","headers":{"Accept-Encoding":["gzip"]}},"duration":0.13139903,"status":500,"err_id":"ae11sahtf","err_trace":"caddy.(*FrankenPHPModule).ServeHTTP (module.go:252)"}
{"level":"error","ts":1775498570.4825168,"logger":"http.log.error","msg":"context canceled","request":{"remote_ip":"127.0.0.1","remote_port":"40224","client_ip":"127.0.0.1","proto":"HTTP/1.1","method":"GET","host":"localhost:8080","uri":"/compression","headers":{"Accept-Encoding":["gzip"]}},"duration":0.104428492,"status":500,"err_id":"i7k3jg63j","err_trace":"caddy.(*FrankenPHPModule).ServeHTTP (module.go:252)"}
{"level":"error","ts":1775498570.4867184,"logger":"http.log.error","msg":"context canceled","request":{"remote_ip":"127.0.0.1","remote_port":"39016","client_ip":"127.0.0.1","proto":"HTTP/1.1","method":"GET","host":"localhost:8080","uri":"/compression","headers":{"Accept-Encoding":["gzip"]}},"duration":0.167263217,"status":500,"err_id":"fswu9ngby","err_trace":"caddy.(*FrankenPHPModule).ServeHTTP (module.go:252)"}
{"level":"error","ts":1775498577.6985052,"logger":"http.log.error","msg":"context canceled","request":{"remote_ip":"127.0.0.1","remote_port":"46602","client_ip":"127.0.0.1","proto":"HTTP/1.1","method":"GET","host":"localhost:8080","uri":"/compression","headers":{"Accept-Encoding":["gzip"]}},"duration":0.203203421,"status":500,"err_id":"jzbkqwwdt","err_trace":"caddy.(*FrankenPHPModule).ServeHTTP (module.go:252)"}
{"level":"error","ts":1775498577.6991115,"logger":"http.log.error","msg":"context canceled","request":{"remote_ip":"127.0.0.1","remote_port":"47408","client_ip":"127.0.0.1","proto":"HTTP/1.1","method":"GET","host":"localhost:8080","uri":"/compression","headers":{"Accept-Encoding":["gzip"]}},"duration":0.061999073,"status":500,"err_id":"rf03zehmm","err_trace":"caddy.(*FrankenPHPModule).ServeHTTP (module.go:252)"}
{"level":"error","ts":1775498577.7004037,"logger":"http.log.error","msg":"context canceled","request":{"remote_ip":"127.0.0.1","remote_port":"46734","client_ip":"127.0.0.1","proto":"HTTP/1.1","method":"GET","host":"localhost:8080","uri":"/compression","headers":{"Accept-Encoding":["gzip"]}},"duration":0.070544281,"status":500,"err_id":"emiu3wkyc","err_trace":"caddy.(*FrankenPHPModule).ServeHTTP (module.go:252)"}
{"level":"error","ts":1775498577.7004406,"logger":"http.log.error","msg":"context canceled","request":{"remote_ip":"127.0.0.1","remote_port":"47764","client_ip":"127.0.0.1","proto":"HTTP/1.1","method":"GET","host":"localhost:8080","uri":"/compression","headers":{"Accept-Encoding":["gzip"]}},"duration":0.121881577,"status":500,"err_id":"mnvh74dmn","err_trace":"caddy.(*FrankenPHPModule).ServeHTTP (module.go:252)"}
{"level":"error","ts":1775498577.7040834,"logger":"http.log.error","msg":"context canceled","request":{"remote_ip":"127.0.0.1","remote_port":"47208","client_ip":"127.0.0.1","proto":"HTTP/1.1","method":"GET","host":"localhost:8080","uri":"/compression","headers":{"Accept-Encoding":["gzip"]}},"duration":0.083672191,"status":500,"err_id":"mqen9txbi","err_trace":"caddy.(*FrankenPHPModule).ServeHTTP (module.go:252)"}
{"level":"error","ts":1775498577.7041073,"logger":"http.log.error","msg":"context canceled","request":{"remote_ip":"127.0.0.1","remote_port":"46764","client_ip":"127.0.0.1","proto":"HTTP/1.1","method":"GET","host":"localhost:8080","uri":"/compression","headers":{"Accept-Encoding":["gzip"]}},"duration":0.100018914,"status":500,"err_id":"hi2faiaxd","err_trace":"caddy.(*FrankenPHPModule).ServeHTTP (module.go:252)"}
{"level":"error","ts":1775498577.7067063,"logger":"http.log.error","msg":"context canceled","request":{"remote_ip":"127.0.0.1","remote_port":"47430","client_ip":"127.0.0.1","proto":"HTTP/1.1","method":"GET","host":"localhost:8080","uri":"/compression","headers":{"Accept-Encoding":["gzip"]}},"duration":0.102687697,"status":500,"err_id":"72p92d30m","err_trace":"caddy.(*FrankenPHPModule).ServeHTTP (module.go:252)"}
{"level":"error","ts":1775498577.7071917,"logger":"http.log.error","msg":"context canceled","request":{"remote_ip":"127.0.0.1","remote_port":"47098","client_ip":"127.0.0.1","proto":"HTTP/1.1","method":"GET","host":"localhost:8080","uri":"/compression","headers":{"Accept-Encoding":["gzip"]}},"duration":0.171615884,"status":500,"err_id":"u5hjk8ncm","err_trace":"caddy.(*FrankenPHPModule).ServeHTTP (module.go:252)"}
{"level":"error","ts":1775498577.7072165,"logger":"http.log.error","msg":"context canceled","request":{"remote_ip":"127.0.0.1","remote_port":"48418","client_ip":"127.0.0.1","proto":"HTTP/1.1","method":"GET","host":"localhost:8080","uri":"/compression","headers":{"Accept-Encoding":["gzip"]}},"duration":0.193404148,"status":500,"err_id":"dam5pyi11","err_trace":"caddy.(*FrankenPHPModule).ServeHTTP (module.go:252)"}
{"level":"error","ts":1775498577.7097633,"logger":"http.log.error","msg":"context canceled","request":{"remote_ip":"127.0.0.1","remote_port":"47766","client_ip":"127.0.0.1","proto":"HTTP/1.1","method":"GET","host":"localhost:8080","uri":"/compression","headers":{"Accept-Encoding":["gzip"]}},"duration":0.063459877,"status":500,"err_id":"csdc0nf42","err_trace":"caddy.(*FrankenPHPModule).ServeHTTP (module.go:252)"}
{"level":"error","ts":1775498577.7098675,"logger":"http.log.error","msg":"context canceled","request":{"remote_ip":"127.0.0.1","remote_port":"46568","client_ip":"127.0.0.1","proto":"HTTP/1.1","method":"GET","host":"localhost:8080","uri":"/compression","headers":{"Accept-Encoding":["gzip"]}},"duration":0.094900859,"status":500,"err_id":"pu8jck1n4","err_trace":"caddy.(*FrankenPHPModule).ServeHTTP (module.go:252)"}
{"level":"error","ts":1775498577.7176464,"logger":"http.log.error","msg":"context canceled","request":{"remote_ip":"127.0.0.1","remote_port":"46360","client_ip":"127.0.0.1","proto":"HTTP/1.1","method":"GET","host":"localhost:8080","uri":"/compression","headers":{"Accept-Encoding":["gzip"]}},"duration":0.03437405,"status":500,"err_id":"fzkrse9u6","err_trace":"caddy.(*FrankenPHPModule).ServeHTTP (module.go:252)"}
{"level":"error","ts":1775498577.7335768,"logger":"http.log.error","msg":"context canceled","request":{"remote_ip":"127.0.0.1","remote_port":"46260","client_ip":"127.0.0.1","proto":"HTTP/1.1","method":"GET","host":"localhost:8080","uri":"/compression","headers":{"Accept-Encoding":["gzip"]}},"duration":0.089190245,"status":500,"err_id":"306ybvnvx","err_trace":"caddy.(*FrankenPHPModule).ServeHTTP (module.go:252)"}
{"level":"error","ts":1775498584.9178529,"logger":"http.log.error","msg":"context canceled","request":{"remote_ip":"127.0.0.1","remote_port":"46550","client_ip":"127.0.0.1","proto":"HTTP/1.1","method":"GET","host":"localhost:8080","uri":"/compression","headers":{"Accept-Encoding":["gzip"]}},"duration":0.116455157,"status":500,"err_id":"qa9nm4jt4","err_trace":"caddy.(*FrankenPHPModule).ServeHTTP (module.go:252)"}
{"level":"error","ts":1775498584.9486659,"logger":"http.log.error","msg":"context canceled","request":{"remote_ip":"127.0.0.1","remote_port":"44846","client_ip":"127.0.0.1","proto":"HTTP/1.1","method":"GET","host":"localhost:8080","uri":"/compression","headers":{"Accept-Encoding":["gzip"]}},"duration":0.216988044,"status":500,"err_id":"epaahufh5","err_trace":"caddy.(*FrankenPHPModule).ServeHTTP (module.go:252)"}
{"level":"error","ts":1775498584.9516833,"logger":"http.log.error","msg":"context canceled","request":{"remote_ip":"127.0.0.1","remote_port":"45620","client_ip":"127.0.0.1","proto":"HTTP/1.1","method":"GET","host":"localhost:8080","uri":"/compression","headers":{"Accept-Encoding":["gzip"]}},"duration":0.148035,"status":500,"err_id":"bvec95270","err_trace":"caddy.(*FrankenPHPModule).ServeHTTP (module.go:252)"}
{"level":"error","ts":1775498584.9519043,"logger":"http.log.error","msg":"context canceled","request":{"remote_ip":"127.0.0.1","remote_port":"45348","client_ip":"127.0.0.1","proto":"HTTP/1.1","method":"GET","host":"localhost:8080","uri":"/compression","headers":{"Accept-Encoding":["gzip"]}},"duration":0.241518769,"status":500,"err_id":"qx03v0huh","err_trace":"caddy.(*FrankenPHPModule).ServeHTTP (module.go:252)"}
{"level":"error","ts":1775498584.9519677,"logger":"http.log.error","msg":"context canceled","request":{"remote_ip":"127.0.0.1","remote_port":"45446","client_ip":"127.0.0.1","proto":"HTTP/1.1","method":"GET","host":"localhost:8080","uri":"/compression","headers":{"Accept-Encoding":["gzip"]}},"duration":0.127457502,"status":500,"err_id":"a7ykjt35f","err_trace":"caddy.(*FrankenPHPModule).ServeHTTP (module.go:252)"}
{"level":"error","ts":1775498584.9519963,"logger":"http.log.error","msg":"context canceled","request":{"remote_ip":"127.0.0.1","remote_port":"45132","client_ip":"127.0.0.1","proto":"HTTP/1.1","method":"GET","host":"localhost:8080","uri":"/compression","headers":{"Accept-Encoding":["gzip"]}},"duration":0.091198935,"status":500,"err_id":"4jdi6gah0","err_trace":"caddy.(*FrankenPHPModule).ServeHTTP (module.go:252)"}
{"level":"error","ts":1775498584.9534614,"logger":"http.log.error","msg":"context canceled","request":{"remote_ip":"127.0.0.1","remote_port":"45288","client_ip":"127.0.0.1","proto":"HTTP/1.1","method":"GET","host":"localhost:8080","uri":"/compression","headers":{"Accept-Encoding":["gzip"]}},"duration":0.093425761,"status":500,"err_id":"9q01bgs2n","err_trace":"caddy.(*FrankenPHPModule).ServeHTTP (module.go:252)"}
{"level":"error","ts":1775498584.9557583,"logger":"http.log.error","msg":"context canceled","request":{"remote_ip":"127.0.0.1","remote_port":"44954","client_ip":"127.0.0.1","proto":"HTTP/1.1","method":"GET","host":"localhost:8080","uri":"/compression","headers":{"Accept-Encoding":["gzip"]}},"duration":0.103744576,"status":500,"err_id":"ifsbnb45j","err_trace":"caddy.(*FrankenPHPModule).ServeHTTP (module.go:252)"}
{"level":"error","ts":1775498584.9558501,"logger":"http.log.error","msg":"context canceled","request":{"remote_ip":"127.0.0.1","remote_port":"45318","client_ip":"127.0.0.1","proto":"HTTP/1.1","method":"GET","host":"localhost:8080","uri":"/compression","headers":{"Accept-Encoding":["gzip"]}},"duration":0.0684212,"status":500,"err_id":"yprep3rkn","err_trace":"caddy.(*FrankenPHPModule).ServeHTTP (module.go:252)"}
{"level":"error","ts":1775498584.9587862,"logger":"http.log.error","msg":"context canceled","request":{"remote_ip":"127.0.0.1","remote_port":"45148","client_ip":"127.0.0.1","proto":"HTTP/1.1","method":"GET","host":"localhost:8080","uri":"/compression","headers":{"Accept-Encoding":["gzip"]}},"duration":0.178191429,"status":500,"err_id":"9kj9qghem","err_trace":"caddy.(*FrankenPHPModule).ServeHTTP (module.go:252)"}
{"level":"error","ts":1775498584.9590192,"logger":"http.log.error","msg":"context canceled","request":{"remote_ip":"127.0.0.1","remote_port":"47802","client_ip":"127.0.0.1","proto":"HTTP/1.1","method":"GET","host":"localhost:8080","uri":"/compression","headers":{"Accept-Encoding":["gzip"]}},"duration":0.220427319,"status":500,"err_id":"0hs4hx9td","err_trace":"caddy.(*FrankenPHPModule).ServeHTTP (module.go:252)"}
{"level":"error","ts":1775498584.9626017,"logger":"http.log.error","msg":"context canceled","request":{"remote_ip":"127.0.0.1","remote_port":"46296","client_ip":"127.0.0.1","proto":"HTTP/1.1","method":"GET","host":"localhost:8080","uri":"/compression","headers":{"Accept-Encoding":["gzip"]}},"duration":0.138811734,"status":500,"err_id":"irxgth0hk","err_trace":"caddy.(*FrankenPHPModule).ServeHTTP (module.go:252)"}
{"level":"error","ts":1775498584.9665518,"logger":"http.log.error","msg":"context canceled","request":{"remote_ip":"127.0.0.1","remote_port":"45574","client_ip":"127.0.0.1","proto":"HTTP/1.1","method":"GET","host":"localhost:8080","uri":"/compression","headers":{"Accept-Encoding":["gzip"]}},"duration":0.077702735,"status":500,"err_id":"02xqm7ygz","err_trace":"caddy.(*FrankenPHPModule).ServeHTTP (module.go:252)"}
