[2026-04-06 01:59:36 +0000] [1] [INFO] Starting gunicorn 23.0.0
[2026-04-06 01:59:36 +0000] [1] [INFO] Listening at: http://0.0.0.0:8080 (1)
[2026-04-06 01:59:36 +0000] [1] [INFO] Using worker: uvicorn.workers.UvicornWorker
[2026-04-06 01:59:36 +0000] [7] [INFO] Booting worker with pid: 7
[2026-04-06 01:59:36 +0000] [8] [INFO] Booting worker with pid: 8
[2026-04-06 01:59:36 +0000] [9] [INFO] Booting worker with pid: 9
[2026-04-06 01:59:36 +0000] [10] [INFO] Booting worker with pid: 10
[2026-04-06 01:59:36 +0000] [11] [INFO] Booting worker with pid: 11
[2026-04-06 01:59:36 +0000] [12] [INFO] Booting worker with pid: 12
[2026-04-06 01:59:36 +0000] [16] [INFO] Booting worker with pid: 16
[2026-04-06 01:59:36 +0000] [9] [INFO] Started server process [9]
[2026-04-06 01:59:36 +0000] [7] [INFO] Started server process [7]
[2026-04-06 01:59:36 +0000] [8] [INFO] Started server process [8]
[2026-04-06 01:59:36 +0000] [8] [INFO] Waiting for application startup.
[2026-04-06 01:59:36 +0000] [7] [INFO] Waiting for application startup.
[2026-04-06 01:59:36 +0000] [9] [INFO] Waiting for application startup.
[2026-04-06 01:59:36 +0000] [7] [INFO] Application startup complete.
[2026-04-06 01:59:36 +0000] [8] [INFO] Application startup complete.
[2026-04-06 01:59:36 +0000] [9] [INFO] Application startup complete.
[2026-04-06 01:59:36 +0000] [17] [INFO] Booting worker with pid: 17
[2026-04-06 01:59:36 +0000] [18] [INFO] Booting worker with pid: 18
[2026-04-06 01:59:36 +0000] [20] [INFO] Booting worker with pid: 20
[2026-04-06 01:59:36 +0000] [10] [INFO] Started server process [10]
[2026-04-06 01:59:36 +0000] [10] [INFO] Waiting for application startup.
[2026-04-06 01:59:36 +0000] [10] [INFO] Application startup complete.
[2026-04-06 01:59:36 +0000] [21] [INFO] Booting worker with pid: 21
[2026-04-06 01:59:36 +0000] [22] [INFO] Booting worker with pid: 22
[2026-04-06 01:59:36 +0000] [11] [INFO] Started server process [11]
[2026-04-06 01:59:36 +0000] [11] [INFO] Waiting for application startup.
[2026-04-06 01:59:36 +0000] [11] [INFO] Application startup complete.
[2026-04-06 01:59:36 +0000] [12] [INFO] Started server process [12]
[2026-04-06 01:59:36 +0000] [12] [INFO] Waiting for application startup.
[2026-04-06 01:59:36 +0000] [12] [INFO] Application startup complete.
[2026-04-06 01:59:36 +0000] [25] [INFO] Booting worker with pid: 25
[2026-04-06 01:59:36 +0000] [16] [INFO] Started server process [16]
[2026-04-06 01:59:36 +0000] [16] [INFO] Waiting for application startup.
[2026-04-06 01:59:36 +0000] [16] [INFO] Application startup complete.
[2026-04-06 01:59:36 +0000] [28] [INFO] Booting worker with pid: 28
[2026-04-06 01:59:36 +0000] [17] [INFO] Started server process [17]
[2026-04-06 01:59:36 +0000] [17] [INFO] Waiting for application startup.
[2026-04-06 01:59:36 +0000] [17] [INFO] Application startup complete.
[2026-04-06 01:59:36 +0000] [18] [INFO] Started server process [18]
[2026-04-06 01:59:36 +0000] [18] [INFO] Waiting for application startup.
[2026-04-06 01:59:36 +0000] [18] [INFO] Application startup complete.
[2026-04-06 01:59:36 +0000] [31] [INFO] Booting worker with pid: 31
[2026-04-06 01:59:36 +0000] [20] [INFO] Started server process [20]
[2026-04-06 01:59:36 +0000] [20] [INFO] Waiting for application startup.
[2026-04-06 01:59:36 +0000] [20] [INFO] Application startup complete.
[2026-04-06 01:59:36 +0000] [21] [INFO] Started server process [21]
[2026-04-06 01:59:36 +0000] [21] [INFO] Waiting for application startup.
[2026-04-06 01:59:36 +0000] [21] [INFO] Application startup complete.
[2026-04-06 01:59:36 +0000] [33] [INFO] Booting worker with pid: 33
[2026-04-06 01:59:36 +0000] [35] [INFO] Booting worker with pid: 35
[2026-04-06 01:59:36 +0000] [22] [INFO] Started server process [22]
[2026-04-06 01:59:36 +0000] [22] [INFO] Waiting for application startup.
[2026-04-06 01:59:36 +0000] [22] [INFO] Application startup complete.
[2026-04-06 01:59:37 +0000] [36] [INFO] Booting worker with pid: 36
[2026-04-06 01:59:37 +0000] [25] [INFO] Started server process [25]
[2026-04-06 01:59:37 +0000] [25] [INFO] Waiting for application startup.
[2026-04-06 01:59:37 +0000] [25] [INFO] Application startup complete.
[2026-04-06 01:59:37 +0000] [38] [INFO] Booting worker with pid: 38
[2026-04-06 01:59:37 +0000] [28] [INFO] Started server process [28]
[2026-04-06 01:59:37 +0000] [28] [INFO] Waiting for application startup.
[2026-04-06 01:59:37 +0000] [28] [INFO] Application startup complete.
[2026-04-06 01:59:37 +0000] [40] [INFO] Booting worker with pid: 40
[2026-04-06 01:59:37 +0000] [31] [INFO] Started server process [31]
[2026-04-06 01:59:37 +0000] [31] [INFO] Waiting for application startup.
[2026-04-06 01:59:37 +0000] [31] [INFO] Application startup complete.
[2026-04-06 01:59:37 +0000] [33] [INFO] Started server process [33]
[2026-04-06 01:59:37 +0000] [33] [INFO] Waiting for application startup.
[2026-04-06 01:59:37 +0000] [33] [INFO] Application startup complete.
[2026-04-06 01:59:37 +0000] [44] [INFO] Booting worker with pid: 44
[2026-04-06 01:59:37 +0000] [35] [INFO] Started server process [35]
[2026-04-06 01:59:37 +0000] [35] [INFO] Waiting for application startup.
[2026-04-06 01:59:37 +0000] [35] [INFO] Application startup complete.
[2026-04-06 01:59:37 +0000] [45] [INFO] Booting worker with pid: 45
[2026-04-06 01:59:37 +0000] [46] [INFO] Booting worker with pid: 46
[2026-04-06 01:59:37 +0000] [48] [INFO] Booting worker with pid: 48
[2026-04-06 01:59:37 +0000] [36] [INFO] Started server process [36]
[2026-04-06 01:59:37 +0000] [36] [INFO] Waiting for application startup.
[2026-04-06 01:59:37 +0000] [36] [INFO] Application startup complete.
[2026-04-06 01:59:37 +0000] [50] [INFO] Booting worker with pid: 50
[2026-04-06 01:59:37 +0000] [38] [INFO] Started server process [38]
[2026-04-06 01:59:37 +0000] [38] [INFO] Waiting for application startup.
[2026-04-06 01:59:37 +0000] [38] [INFO] Application startup complete.
[2026-04-06 01:59:37 +0000] [51] [INFO] Booting worker with pid: 51
[2026-04-06 01:59:37 +0000] [53] [INFO] Booting worker with pid: 53
[2026-04-06 01:59:37 +0000] [40] [INFO] Started server process [40]
[2026-04-06 01:59:37 +0000] [40] [INFO] Waiting for application startup.
[2026-04-06 01:59:37 +0000] [40] [INFO] Application startup complete.
[2026-04-06 01:59:37 +0000] [54] [INFO] Booting worker with pid: 54
[2026-04-06 01:59:37 +0000] [55] [INFO] Booting worker with pid: 55
[2026-04-06 01:59:37 +0000] [56] [INFO] Booting worker with pid: 56
[2026-04-06 01:59:37 +0000] [58] [INFO] Booting worker with pid: 58
[2026-04-06 01:59:37 +0000] [44] [INFO] Started server process [44]
[2026-04-06 01:59:37 +0000] [44] [INFO] Waiting for application startup.
[2026-04-06 01:59:37 +0000] [44] [INFO] Application startup complete.
[2026-04-06 01:59:37 +0000] [45] [INFO] Started server process [45]
[2026-04-06 01:59:37 +0000] [45] [INFO] Waiting for application startup.
[2026-04-06 01:59:37 +0000] [45] [INFO] Application startup complete.
[2026-04-06 01:59:37 +0000] [46] [INFO] Started server process [46]
[2026-04-06 01:59:37 +0000] [46] [INFO] Waiting for application startup.
[2026-04-06 01:59:37 +0000] [46] [INFO] Application startup complete.
[2026-04-06 01:59:37 +0000] [48] [INFO] Started server process [48]
[2026-04-06 01:59:37 +0000] [48] [INFO] Waiting for application startup.
[2026-04-06 01:59:37 +0000] [48] [INFO] Application startup complete.
[2026-04-06 01:59:37 +0000] [63] [INFO] Booting worker with pid: 63
[2026-04-06 01:59:37 +0000] [50] [INFO] Started server process [50]
[2026-04-06 01:59:37 +0000] [50] [INFO] Waiting for application startup.
[2026-04-06 01:59:37 +0000] [50] [INFO] Application startup complete.
[2026-04-06 01:59:37 +0000] [64] [INFO] Booting worker with pid: 64
[2026-04-06 01:59:37 +0000] [66] [INFO] Booting worker with pid: 66
[2026-04-06 01:59:37 +0000] [51] [INFO] Started server process [51]
[2026-04-06 01:59:37 +0000] [51] [INFO] Waiting for application startup.
[2026-04-06 01:59:37 +0000] [51] [INFO] Application startup complete.
[2026-04-06 01:59:37 +0000] [53] [INFO] Started server process [53]
[2026-04-06 01:59:37 +0000] [53] [INFO] Waiting for application startup.
[2026-04-06 01:59:37 +0000] [53] [INFO] Application startup complete.
[2026-04-06 01:59:37 +0000] [68] [INFO] Booting worker with pid: 68
[2026-04-06 01:59:37 +0000] [54] [INFO] Started server process [54]
[2026-04-06 01:59:37 +0000] [54] [INFO] Waiting for application startup.
[2026-04-06 01:59:37 +0000] [55] [INFO] Started server process [55]
[2026-04-06 01:59:37 +0000] [55] [INFO] Waiting for application startup.
[2026-04-06 01:59:37 +0000] [54] [INFO] Application startup complete.
[2026-04-06 01:59:37 +0000] [55] [INFO] Application startup complete.
[2026-04-06 01:59:37 +0000] [56] [INFO] Started server process [56]
[2026-04-06 01:59:37 +0000] [56] [INFO] Waiting for application startup.
[2026-04-06 01:59:37 +0000] [56] [INFO] Application startup complete.
[2026-04-06 01:59:37 +0000] [72] [INFO] Booting worker with pid: 72
[2026-04-06 01:59:37 +0000] [73] [INFO] Booting worker with pid: 73
[2026-04-06 01:59:37 +0000] [58] [INFO] Started server process [58]
[2026-04-06 01:59:37 +0000] [58] [INFO] Waiting for application startup.
[2026-04-06 01:59:37 +0000] [58] [INFO] Application startup complete.
[2026-04-06 01:59:37 +0000] [63] [INFO] Started server process [63]
[2026-04-06 01:59:37 +0000] [63] [INFO] Waiting for application startup.
[2026-04-06 01:59:37 +0000] [63] [INFO] Application startup complete.
[2026-04-06 01:59:37 +0000] [76] [INFO] Booting worker with pid: 76
[2026-04-06 01:59:37 +0000] [77] [INFO] Booting worker with pid: 77
[2026-04-06 01:59:38 +0000] [64] [INFO] Started server process [64]
[2026-04-06 01:59:38 +0000] [64] [INFO] Waiting for application startup.
[2026-04-06 01:59:38 +0000] [64] [INFO] Application startup complete.
[2026-04-06 01:59:38 +0000] [66] [INFO] Started server process [66]
[2026-04-06 01:59:38 +0000] [66] [INFO] Waiting for application startup.
[2026-04-06 01:59:38 +0000] [66] [INFO] Application startup complete.
[2026-04-06 01:59:38 +0000] [68] [INFO] Started server process [68]
[2026-04-06 01:59:38 +0000] [68] [INFO] Waiting for application startup.
[2026-04-06 01:59:38 +0000] [68] [INFO] Application startup complete.
[2026-04-06 01:59:38 +0000] [81] [INFO] Booting worker with pid: 81
[2026-04-06 01:59:38 +0000] [72] [INFO] Started server process [72]
[2026-04-06 01:59:38 +0000] [72] [INFO] Waiting for application startup.
[2026-04-06 01:59:38 +0000] [72] [INFO] Application startup complete.
[2026-04-06 01:59:38 +0000] [83] [INFO] Booting worker with pid: 83
[2026-04-06 01:59:38 +0000] [84] [INFO] Booting worker with pid: 84
[2026-04-06 01:59:38 +0000] [85] [INFO] Booting worker with pid: 85
[2026-04-06 01:59:38 +0000] [86] [INFO] Booting worker with pid: 86
[2026-04-06 01:59:38 +0000] [88] [INFO] Booting worker with pid: 88
[2026-04-06 01:59:38 +0000] [89] [INFO] Booting worker with pid: 89
[2026-04-06 01:59:38 +0000] [90] [INFO] Booting worker with pid: 90
[2026-04-06 01:59:38 +0000] [73] [INFO] Started server process [73]
[2026-04-06 01:59:38 +0000] [73] [INFO] Waiting for application startup.
[2026-04-06 01:59:38 +0000] [73] [INFO] Application startup complete.
[2026-04-06 01:59:38 +0000] [76] [INFO] Started server process [76]
[2026-04-06 01:59:38 +0000] [76] [INFO] Waiting for application startup.
[2026-04-06 01:59:38 +0000] [76] [INFO] Application startup complete.
[2026-04-06 01:59:38 +0000] [77] [INFO] Started server process [77]
[2026-04-06 01:59:38 +0000] [77] [INFO] Waiting for application startup.
[2026-04-06 01:59:38 +0000] [77] [INFO] Application startup complete.
[2026-04-06 01:59:38 +0000] [93] [INFO] Booting worker with pid: 93
[2026-04-06 01:59:38 +0000] [94] [INFO] Booting worker with pid: 94
[2026-04-06 01:59:38 +0000] [95] [INFO] Booting worker with pid: 95
[2026-04-06 01:59:38 +0000] [81] [INFO] Started server process [81]
[2026-04-06 01:59:38 +0000] [81] [INFO] Waiting for application startup.
[2026-04-06 01:59:38 +0000] [81] [INFO] Application startup complete.
[2026-04-06 01:59:38 +0000] [97] [INFO] Booting worker with pid: 97
[2026-04-06 01:59:38 +0000] [99] [INFO] Booting worker with pid: 99
[2026-04-06 01:59:38 +0000] [101] [INFO] Booting worker with pid: 101
[2026-04-06 01:59:38 +0000] [88] [INFO] Started server process [88]
[2026-04-06 01:59:38 +0000] [88] [INFO] Waiting for application startup.
[2026-04-06 01:59:38 +0000] [88] [INFO] Application startup complete.
[2026-04-06 01:59:38 +0000] [83] [INFO] Started server process [83]
[2026-04-06 01:59:38 +0000] [83] [INFO] Waiting for application startup.
[2026-04-06 01:59:38 +0000] [83] [INFO] Application startup complete.
[2026-04-06 01:59:38 +0000] [104] [INFO] Booting worker with pid: 104
[2026-04-06 01:59:38 +0000] [84] [INFO] Started server process [84]
[2026-04-06 01:59:38 +0000] [84] [INFO] Waiting for application startup.
[2026-04-06 01:59:38 +0000] [84] [INFO] Application startup complete.
[2026-04-06 01:59:38 +0000] [85] [INFO] Started server process [85]
[2026-04-06 01:59:38 +0000] [85] [INFO] Waiting for application startup.
[2026-04-06 01:59:38 +0000] [85] [INFO] Application startup complete.
[2026-04-06 01:59:38 +0000] [105] [INFO] Booting worker with pid: 105
[2026-04-06 01:59:38 +0000] [107] [INFO] Booting worker with pid: 107
[2026-04-06 01:59:38 +0000] [86] [INFO] Started server process [86]
[2026-04-06 01:59:38 +0000] [86] [INFO] Waiting for application startup.
[2026-04-06 01:59:38 +0000] [86] [INFO] Application startup complete.
[2026-04-06 01:59:38 +0000] [110] [INFO] Booting worker with pid: 110
[2026-04-06 01:59:38 +0000] [89] [INFO] Started server process [89]
[2026-04-06 01:59:38 +0000] [89] [INFO] Waiting for application startup.
[2026-04-06 01:59:38 +0000] [89] [INFO] Application startup complete.
[2026-04-06 01:59:38 +0000] [90] [INFO] Started server process [90]
[2026-04-06 01:59:38 +0000] [90] [INFO] Waiting for application startup.
[2026-04-06 01:59:38 +0000] [90] [INFO] Application startup complete.
[2026-04-06 01:59:38 +0000] [111] [INFO] Booting worker with pid: 111
[2026-04-06 01:59:38 +0000] [113] [INFO] Booting worker with pid: 113
[2026-04-06 01:59:38 +0000] [93] [INFO] Started server process [93]
[2026-04-06 01:59:38 +0000] [93] [INFO] Waiting for application startup.
[2026-04-06 01:59:38 +0000] [93] [INFO] Application startup complete.
[2026-04-06 01:59:38 +0000] [94] [INFO] Started server process [94]
[2026-04-06 01:59:38 +0000] [94] [INFO] Waiting for application startup.
[2026-04-06 01:59:38 +0000] [94] [INFO] Application startup complete.
[2026-04-06 01:59:38 +0000] [97] [INFO] Started server process [97]
[2026-04-06 01:59:38 +0000] [97] [INFO] Waiting for application startup.
[2026-04-06 01:59:38 +0000] [97] [INFO] Application startup complete.
[2026-04-06 01:59:38 +0000] [116] [INFO] Booting worker with pid: 116
[2026-04-06 01:59:38 +0000] [117] [INFO] Booting worker with pid: 117
[2026-04-06 01:59:38 +0000] [119] [INFO] Booting worker with pid: 119
[2026-04-06 01:59:38 +0000] [95] [INFO] Started server process [95]
[2026-04-06 01:59:38 +0000] [95] [INFO] Waiting for application startup.
[2026-04-06 01:59:38 +0000] [95] [INFO] Application startup complete.
[2026-04-06 01:59:38 +0000] [120] [INFO] Booting worker with pid: 120
[2026-04-06 01:59:38 +0000] [121] [INFO] Booting worker with pid: 121
[2026-04-06 01:59:39 +0000] [99] [INFO] Started server process [99]
[2026-04-06 01:59:39 +0000] [99] [INFO] Waiting for application startup.
[2026-04-06 01:59:39 +0000] [99] [INFO] Application startup complete.
[2026-04-06 01:59:39 +0000] [101] [INFO] Started server process [101]
[2026-04-06 01:59:39 +0000] [101] [INFO] Waiting for application startup.
[2026-04-06 01:59:39 +0000] [101] [INFO] Application startup complete.
[2026-04-06 01:59:39 +0000] [104] [INFO] Started server process [104]
[2026-04-06 01:59:39 +0000] [104] [INFO] Waiting for application startup.
[2026-04-06 01:59:39 +0000] [104] [INFO] Application startup complete.
[2026-04-06 01:59:39 +0000] [105] [INFO] Started server process [105]
[2026-04-06 01:59:39 +0000] [105] [INFO] Waiting for application startup.
[2026-04-06 01:59:39 +0000] [105] [INFO] Application startup complete.
[2026-04-06 01:59:39 +0000] [107] [INFO] Started server process [107]
[2026-04-06 01:59:39 +0000] [107] [INFO] Waiting for application startup.
[2026-04-06 01:59:39 +0000] [107] [INFO] Application startup complete.
[2026-04-06 01:59:39 +0000] [110] [INFO] Started server process [110]
[2026-04-06 01:59:39 +0000] [110] [INFO] Waiting for application startup.
[2026-04-06 01:59:39 +0000] [110] [INFO] Application startup complete.
[2026-04-06 01:59:39 +0000] [111] [INFO] Started server process [111]
[2026-04-06 01:59:39 +0000] [111] [INFO] Waiting for application startup.
[2026-04-06 01:59:39 +0000] [111] [INFO] Application startup complete.
[2026-04-06 01:59:39 +0000] [113] [INFO] Started server process [113]
[2026-04-06 01:59:39 +0000] [113] [INFO] Waiting for application startup.
[2026-04-06 01:59:39 +0000] [113] [INFO] Application startup complete.
[2026-04-06 01:59:39 +0000] [116] [INFO] Started server process [116]
[2026-04-06 01:59:39 +0000] [116] [INFO] Waiting for application startup.
[2026-04-06 01:59:39 +0000] [116] [INFO] Application startup complete.
[2026-04-06 01:59:39 +0000] [117] [INFO] Started server process [117]
[2026-04-06 01:59:39 +0000] [117] [INFO] Waiting for application startup.
[2026-04-06 01:59:39 +0000] [117] [INFO] Application startup complete.
[2026-04-06 01:59:39 +0000] [119] [INFO] Started server process [119]
[2026-04-06 01:59:39 +0000] [119] [INFO] Waiting for application startup.
[2026-04-06 01:59:39 +0000] [119] [INFO] Application startup complete.
[2026-04-06 01:59:39 +0000] [120] [INFO] Started server process [120]
[2026-04-06 01:59:39 +0000] [120] [INFO] Waiting for application startup.
[2026-04-06 01:59:39 +0000] [120] [INFO] Application startup complete.
[2026-04-06 01:59:39 +0000] [121] [INFO] Started server process [121]
[2026-04-06 01:59:39 +0000] [121] [INFO] Waiting for application startup.
[2026-04-06 01:59:39 +0000] [121] [INFO] Application startup complete.
