[1] Puma starting in cluster mode...
[1] * Puma version: 6.6.1 ("Return to Forever")
[1] * Ruby version: ruby 3.4.9 (2026-03-11 revision 76cca827ab) +YJIT +PRISM [x86_64-linux]
[1] *  Min threads: 4
[1] *  Max threads: 4
[1] *  Environment: development
[1] *   Master PID: 1
[1] *      Workers: 128
[1] *     Restarts: (✔) hot (✖) phased (✖) refork
[1] * Preloading application
[1] * Listening on http://0.0.0.0:8080
[1] Use Ctrl-C to stop
[1] - Worker 0 (PID: 8) booted in 0.2s, phase: 0
[1] - Worker 1 (PID: 11) booted in 0.2s, phase: 0
[1] - Worker 2 (PID: 17) booted in 0.2s, phase: 0
[1] - Worker 3 (PID: 27) booted in 0.2s, phase: 0
[1] - Worker 4 (PID: 35) booted in 0.2s, phase: 0
[1] - Worker 5 (PID: 50) booted in 0.2s, phase: 0
[1] - Worker 6 (PID: 63) booted in 0.2s, phase: 0
[1] - Worker 7 (PID: 75) booted in 0.2s, phase: 0
[1] - Worker 8 (PID: 86) booted in 0.19s, phase: 0
[1] - Worker 9 (PID: 97) booted in 0.19s, phase: 0
[1] - Worker 10 (PID: 111) booted in 0.19s, phase: 0
[1] - Worker 11 (PID: 123) booted in 0.19s, phase: 0
[1] - Worker 12 (PID: 135) booted in 0.19s, phase: 0
[1] - Worker 13 (PID: 151) booted in 0.19s, phase: 0
[1] - Worker 14 (PID: 172) booted in 0.18s, phase: 0
[1] - Worker 15 (PID: 175) booted in 0.18s, phase: 0
[1] - Worker 16 (PID: 187) booted in 0.18s, phase: 0
[1] - Worker 17 (PID: 194) booted in 0.18s, phase: 0
[1] - Worker 18 (PID: 205) booted in 0.18s, phase: 0
[1] - Worker 19 (PID: 217) booted in 0.18s, phase: 0
[1] - Worker 20 (PID: 227) booted in 0.18s, phase: 0
[1] - Worker 21 (PID: 239) booted in 0.18s, phase: 0
[1] - Worker 22 (PID: 254) booted in 0.18s, phase: 0
[1] - Worker 23 (PID: 262) booted in 0.18s, phase: 0
[1] - Worker 24 (PID: 276) booted in 0.18s, phase: 0
[1] - Worker 25 (PID: 288) booted in 0.17s, phase: 0
[1] - Worker 26 (PID: 298) booted in 0.17s, phase: 0
[1] - Worker 27 (PID: 311) booted in 0.17s, phase: 0
[1] - Worker 28 (PID: 323) booted in 0.17s, phase: 0
[1] - Worker 29 (PID: 344) booted in 0.17s, phase: 0
[1] - Worker 30 (PID: 361) booted in 0.17s, phase: 0
[1] - Worker 31 (PID: 367) booted in 0.16s, phase: 0
[1] - Worker 32 (PID: 371) booted in 0.16s, phase: 0
[1] - Worker 33 (PID: 383) booted in 0.16s, phase: 0
[1] - Worker 34 (PID: 391) booted in 0.16s, phase: 0
[1] - Worker 35 (PID: 399) booted in 0.16s, phase: 0
[1] - Worker 36 (PID: 411) booted in 0.16s, phase: 0
[1] - Worker 37 (PID: 423) booted in 0.16s, phase: 0
[1] - Worker 38 (PID: 435) booted in 0.16s, phase: 0
[1] - Worker 39 (PID: 447) booted in 0.16s, phase: 0
[1] - Worker 40 (PID: 459) booted in 0.15s, phase: 0
[1] - Worker 41 (PID: 471) booted in 0.15s, phase: 0
[1] - Worker 42 (PID: 483) booted in 0.15s, phase: 0
[1] - Worker 43 (PID: 494) booted in 0.15s, phase: 0
[1] - Worker 44 (PID: 503) booted in 0.15s, phase: 0
[1] - Worker 45 (PID: 514) booted in 0.15s, phase: 0
[1] - Worker 46 (PID: 524) booted in 0.15s, phase: 0
[1] - Worker 47 (PID: 536) booted in 0.15s, phase: 0
[1] - Worker 48 (PID: 551) booted in 0.14s, phase: 0
[1] - Worker 49 (PID: 560) booted in 0.14s, phase: 0
[1] - Worker 50 (PID: 575) booted in 0.14s, phase: 0
[1] - Worker 51 (PID: 585) booted in 0.14s, phase: 0
[1] - Worker 52 (PID: 595) booted in 0.14s, phase: 0
[1] - Worker 53 (PID: 608) booted in 0.14s, phase: 0
[1] - Worker 54 (PID: 636) booted in 0.13s, phase: 0
[1] - Worker 55 (PID: 648) booted in 0.13s, phase: 0
[1] - Worker 56 (PID: 658) booted in 0.13s, phase: 0
[1] - Worker 57 (PID: 670) booted in 0.13s, phase: 0
[1] - Worker 58 (PID: 678) booted in 0.13s, phase: 0
[1] - Worker 59 (PID: 690) booted in 0.13s, phase: 0
[1] - Worker 60 (PID: 703) booted in 0.13s, phase: 0
[1] - Worker 61 (PID: 716) booted in 0.13s, phase: 0
[1] - Worker 62 (PID: 729) booted in 0.12s, phase: 0
[1] - Worker 63 (PID: 741) booted in 0.12s, phase: 0
[1] - Worker 64 (PID: 751) booted in 0.12s, phase: 0
[1] - Worker 65 (PID: 763) booted in 0.12s, phase: 0
[1] - Worker 66 (PID: 776) booted in 0.12s, phase: 0
[1] - Worker 67 (PID: 787) booted in 0.12s, phase: 0
[1] - Worker 68 (PID: 801) booted in 0.12s, phase: 0
[1] - Worker 69 (PID: 812) booted in 0.12s, phase: 0
[1] - Worker 70 (PID: 825) booted in 0.12s, phase: 0
[1] - Worker 71 (PID: 835) booted in 0.11s, phase: 0
[1] - Worker 72 (PID: 847) booted in 0.11s, phase: 0
[1] - Worker 73 (PID: 859) booted in 0.11s, phase: 0
[1] - Worker 74 (PID: 872) booted in 0.11s, phase: 0
[1] - Worker 75 (PID: 882) booted in 0.11s, phase: 0
[1] - Worker 76 (PID: 894) booted in 0.11s, phase: 0
[1] - Worker 77 (PID: 905) booted in 0.11s, phase: 0
[1] - Worker 78 (PID: 918) booted in 0.11s, phase: 0
[1] - Worker 79 (PID: 931) booted in 0.1s, phase: 0
[1] - Worker 80 (PID: 945) booted in 0.1s, phase: 0
[1] - Worker 81 (PID: 959) booted in 0.1s, phase: 0
[1] - Worker 82 (PID: 971) booted in 0.1s, phase: 0
[1] - Worker 83 (PID: 982) booted in 0.1s, phase: 0
[1] - Worker 84 (PID: 992) booted in 0.1s, phase: 0
[1] - Worker 85 (PID: 1004) booted in 0.1s, phase: 0
[1] - Worker 86 (PID: 1014) booted in 0.1s, phase: 0
[1] - Worker 87 (PID: 1027) booted in 0.09s, phase: 0
[1] - Worker 88 (PID: 1039) booted in 0.09s, phase: 0
[1] - Worker 89 (PID: 1050) booted in 0.09s, phase: 0
[1] - Worker 90 (PID: 1065) booted in 0.09s, phase: 0
[1] - Worker 91 (PID: 1074) booted in 0.09s, phase: 0
[1] - Worker 92 (PID: 1087) booted in 0.09s, phase: 0
[1] - Worker 93 (PID: 1101) booted in 0.09s, phase: 0
[1] - Worker 94 (PID: 1112) booted in 0.09s, phase: 0
[1] - Worker 95 (PID: 1124) booted in 0.08s, phase: 0
[1] - Worker 96 (PID: 1137) booted in 0.08s, phase: 0
[1] - Worker 97 (PID: 1147) booted in 0.08s, phase: 0
[1] - Worker 98 (PID: 1163) booted in 0.08s, phase: 0
[1] - Worker 99 (PID: 1171) booted in 0.08s, phase: 0
[1] - Worker 100 (PID: 1182) booted in 0.08s, phase: 0
[1] - Worker 101 (PID: 1195) booted in 0.08s, phase: 0
[1] - Worker 102 (PID: 1207) booted in 0.08s, phase: 0
[1] - Worker 103 (PID: 1222) booted in 0.08s, phase: 0
[1] - Worker 104 (PID: 1234) booted in 0.07s, phase: 0
[1] - Worker 105 (PID: 1243) booted in 0.07s, phase: 0
[1] - Worker 106 (PID: 1256) booted in 0.07s, phase: 0
[1] - Worker 107 (PID: 1271) booted in 0.07s, phase: 0
[1] - Worker 108 (PID: 1283) booted in 0.07s, phase: 0
[1] - Worker 109 (PID: 1294) booted in 0.07s, phase: 0
[1] - Worker 110 (PID: 1307) booted in 0.07s, phase: 0
[1] - Worker 111 (PID: 1316) booted in 0.07s, phase: 0
[1] - Worker 112 (PID: 1330) booted in 0.06s, phase: 0
[1] - Worker 113 (PID: 1338) booted in 0.06s, phase: 0
[1] - Worker 114 (PID: 1354) booted in 0.06s, phase: 0
[1] - Worker 115 (PID: 1364) booted in 0.06s, phase: 0
[1] - Worker 116 (PID: 1379) booted in 0.06s, phase: 0
[1] - Worker 117 (PID: 1391) booted in 0.06s, phase: 0
[1] - Worker 118 (PID: 1402) booted in 0.06s, phase: 0
[1] - Worker 119 (PID: 1414) booted in 0.06s, phase: 0
[1] - Worker 120 (PID: 1427) booted in 0.05s, phase: 0
[1] - Worker 121 (PID: 1439) booted in 0.05s, phase: 0
[1] - Worker 122 (PID: 1450) booted in 0.05s, phase: 0
[1] - Worker 123 (PID: 1463) booted in 0.05s, phase: 0
[1] - Worker 124 (PID: 1475) booted in 0.05s, phase: 0
[1] - Worker 125 (PID: 1486) booted in 0.05s, phase: 0
[1] - Worker 126 (PID: 1499) booted in 0.05s, phase: 0
[1] - Worker 127 (PID: 1508) booted in 0.05s, phase: 0
