[2026-03-24 21:27:03 +0000] [1] [INFO] Starting gunicorn 23.0.0
[2026-03-24 21:27:03 +0000] [1] [INFO] Listening at: http://0.0.0.0:8080 (1)
[2026-03-24 21:27:03 +0000] [1] [INFO] Using worker: uvicorn.workers.UvicornWorker
[2026-03-24 21:27:03 +0000] [7] [INFO] Booting worker with pid: 7
[2026-03-24 21:27:03 +0000] [8] [INFO] Booting worker with pid: 8
[2026-03-24 21:27:03 +0000] [9] [INFO] Booting worker with pid: 9
[2026-03-24 21:27:03 +0000] [10] [INFO] Booting worker with pid: 10
[2026-03-24 21:27:03 +0000] [11] [INFO] Booting worker with pid: 11
[2026-03-24 21:27:03 +0000] [16] [INFO] Booting worker with pid: 16
[2026-03-24 21:27:03 +0000] [18] [INFO] Booting worker with pid: 18
[2026-03-24 21:27:03 +0000] [7] [INFO] Started server process [7]
[2026-03-24 21:27:03 +0000] [8] [INFO] Started server process [8]
[2026-03-24 21:27:03 +0000] [7] [INFO] Waiting for application startup.
[2026-03-24 21:27:03 +0000] [8] [INFO] Waiting for application startup.
[2026-03-24 21:27:03 +0000] [9] [INFO] Started server process [9]
[2026-03-24 21:27:03 +0000] [9] [INFO] Waiting for application startup.
[2026-03-24 21:27:03 +0000] [10] [INFO] Started server process [10]
[2026-03-24 21:27:03 +0000] [11] [INFO] Started server process [11]
[2026-03-24 21:27:03 +0000] [10] [INFO] Waiting for application startup.
[2026-03-24 21:27:03 +0000] [11] [INFO] Waiting for application startup.
[2026-03-24 21:27:03 +0000] [7] [INFO] Application startup complete.
[2026-03-24 21:27:03 +0000] [8] [INFO] Application startup complete.
[2026-03-24 21:27:03 +0000] [9] [INFO] Application startup complete.
[2026-03-24 21:27:03 +0000] [10] [INFO] Application startup complete.
[2026-03-24 21:27:03 +0000] [11] [INFO] Application startup complete.
[2026-03-24 21:27:03 +0000] [16] [INFO] Started server process [16]
[2026-03-24 21:27:03 +0000] [16] [INFO] Waiting for application startup.
[2026-03-24 21:27:03 +0000] [16] [INFO] Application startup complete.
[2026-03-24 21:27:03 +0000] [21] [INFO] Booting worker with pid: 21
[2026-03-24 21:27:03 +0000] [18] [INFO] Started server process [18]
[2026-03-24 21:27:03 +0000] [18] [INFO] Waiting for application startup.
[2026-03-24 21:27:03 +0000] [18] [INFO] Application startup complete.
[2026-03-24 21:27:03 +0000] [22] [INFO] Booting worker with pid: 22
[2026-03-24 21:27:03 +0000] [21] [INFO] Started server process [21]
[2026-03-24 21:27:03 +0000] [21] [INFO] Waiting for application startup.
[2026-03-24 21:27:03 +0000] [21] [INFO] Application startup complete.
[2026-03-24 21:27:03 +0000] [22] [INFO] Started server process [22]
[2026-03-24 21:27:03 +0000] [22] [INFO] Waiting for application startup.
[2026-03-24 21:27:03 +0000] [22] [INFO] Application startup complete.
[2026-03-24 21:27:03 +0000] [25] [INFO] Booting worker with pid: 25
[2026-03-24 21:27:03 +0000] [26] [INFO] Booting worker with pid: 26
[2026-03-24 21:27:03 +0000] [25] [INFO] Started server process [25]
[2026-03-24 21:27:03 +0000] [25] [INFO] Waiting for application startup.
[2026-03-24 21:27:03 +0000] [25] [INFO] Application startup complete.
[2026-03-24 21:27:03 +0000] [26] [INFO] Started server process [26]
[2026-03-24 21:27:03 +0000] [26] [INFO] Waiting for application startup.
[2026-03-24 21:27:03 +0000] [26] [INFO] Application startup complete.
[2026-03-24 21:27:03 +0000] [29] [INFO] Booting worker with pid: 29
[2026-03-24 21:27:03 +0000] [31] [INFO] Booting worker with pid: 31
[2026-03-24 21:27:03 +0000] [29] [INFO] Started server process [29]
[2026-03-24 21:27:03 +0000] [29] [INFO] Waiting for application startup.
[2026-03-24 21:27:03 +0000] [29] [INFO] Application startup complete.
[2026-03-24 21:27:03 +0000] [32] [INFO] Booting worker with pid: 32
[2026-03-24 21:27:03 +0000] [31] [INFO] Started server process [31]
[2026-03-24 21:27:03 +0000] [31] [INFO] Waiting for application startup.
[2026-03-24 21:27:03 +0000] [31] [INFO] Application startup complete.
[2026-03-24 21:27:03 +0000] [32] [INFO] Started server process [32]
[2026-03-24 21:27:03 +0000] [32] [INFO] Waiting for application startup.
[2026-03-24 21:27:03 +0000] [32] [INFO] Application startup complete.
[2026-03-24 21:27:03 +0000] [35] [INFO] Booting worker with pid: 35
[2026-03-24 21:27:04 +0000] [36] [INFO] Booting worker with pid: 36
[2026-03-24 21:27:04 +0000] [35] [INFO] Started server process [35]
[2026-03-24 21:27:04 +0000] [35] [INFO] Waiting for application startup.
[2026-03-24 21:27:04 +0000] [35] [INFO] Application startup complete.
[2026-03-24 21:27:04 +0000] [39] [INFO] Booting worker with pid: 39
[2026-03-24 21:27:04 +0000] [36] [INFO] Started server process [36]
[2026-03-24 21:27:04 +0000] [36] [INFO] Waiting for application startup.
[2026-03-24 21:27:04 +0000] [36] [INFO] Application startup complete.
[2026-03-24 21:27:04 +0000] [41] [INFO] Booting worker with pid: 41
[2026-03-24 21:27:04 +0000] [39] [INFO] Started server process [39]
[2026-03-24 21:27:04 +0000] [39] [INFO] Waiting for application startup.
[2026-03-24 21:27:04 +0000] [39] [INFO] Application startup complete.
[2026-03-24 21:27:04 +0000] [41] [INFO] Started server process [41]
[2026-03-24 21:27:04 +0000] [41] [INFO] Waiting for application startup.
[2026-03-24 21:27:04 +0000] [41] [INFO] Application startup complete.
[2026-03-24 21:27:04 +0000] [43] [INFO] Booting worker with pid: 43
[2026-03-24 21:27:04 +0000] [43] [INFO] Started server process [43]
[2026-03-24 21:27:04 +0000] [43] [INFO] Waiting for application startup.
[2026-03-24 21:27:04 +0000] [43] [INFO] Application startup complete.
[2026-03-24 21:27:04 +0000] [45] [INFO] Booting worker with pid: 45
[2026-03-24 21:27:04 +0000] [47] [INFO] Booting worker with pid: 47
[2026-03-24 21:27:04 +0000] [45] [INFO] Started server process [45]
[2026-03-24 21:27:04 +0000] [45] [INFO] Waiting for application startup.
[2026-03-24 21:27:04 +0000] [45] [INFO] Application startup complete.
[2026-03-24 21:27:04 +0000] [47] [INFO] Started server process [47]
[2026-03-24 21:27:04 +0000] [47] [INFO] Waiting for application startup.
[2026-03-24 21:27:04 +0000] [47] [INFO] Application startup complete.
[2026-03-24 21:27:04 +0000] [49] [INFO] Booting worker with pid: 49
[2026-03-24 21:27:04 +0000] [50] [INFO] Booting worker with pid: 50
[2026-03-24 21:27:04 +0000] [49] [INFO] Started server process [49]
[2026-03-24 21:27:04 +0000] [49] [INFO] Waiting for application startup.
[2026-03-24 21:27:04 +0000] [49] [INFO] Application startup complete.
[2026-03-24 21:27:04 +0000] [53] [INFO] Booting worker with pid: 53
[2026-03-24 21:27:04 +0000] [50] [INFO] Started server process [50]
[2026-03-24 21:27:04 +0000] [50] [INFO] Waiting for application startup.
[2026-03-24 21:27:04 +0000] [50] [INFO] Application startup complete.
[2026-03-24 21:27:04 +0000] [54] [INFO] Booting worker with pid: 54
[2026-03-24 21:27:04 +0000] [53] [INFO] Started server process [53]
[2026-03-24 21:27:04 +0000] [53] [INFO] Waiting for application startup.
[2026-03-24 21:27:04 +0000] [53] [INFO] Application startup complete.
[2026-03-24 21:27:04 +0000] [54] [INFO] Started server process [54]
[2026-03-24 21:27:04 +0000] [54] [INFO] Waiting for application startup.
[2026-03-24 21:27:04 +0000] [54] [INFO] Application startup complete.
[2026-03-24 21:27:04 +0000] [57] [INFO] Booting worker with pid: 57
[2026-03-24 21:27:04 +0000] [58] [INFO] Booting worker with pid: 58
[2026-03-24 21:27:04 +0000] [59] [INFO] Booting worker with pid: 59
[2026-03-24 21:27:04 +0000] [57] [INFO] Started server process [57]
[2026-03-24 21:27:04 +0000] [57] [INFO] Waiting for application startup.
[2026-03-24 21:27:04 +0000] [57] [INFO] Application startup complete.
[2026-03-24 21:27:04 +0000] [58] [INFO] Started server process [58]
[2026-03-24 21:27:04 +0000] [58] [INFO] Waiting for application startup.
[2026-03-24 21:27:04 +0000] [58] [INFO] Application startup complete.
[2026-03-24 21:27:04 +0000] [62] [INFO] Booting worker with pid: 62
[2026-03-24 21:27:04 +0000] [59] [INFO] Started server process [59]
[2026-03-24 21:27:04 +0000] [59] [INFO] Waiting for application startup.
[2026-03-24 21:27:04 +0000] [59] [INFO] Application startup complete.
[2026-03-24 21:27:04 +0000] [64] [INFO] Booting worker with pid: 64
[2026-03-24 21:27:04 +0000] [62] [INFO] Started server process [62]
[2026-03-24 21:27:04 +0000] [62] [INFO] Waiting for application startup.
[2026-03-24 21:27:04 +0000] [62] [INFO] Application startup complete.
[2026-03-24 21:27:04 +0000] [67] [INFO] Booting worker with pid: 67
[2026-03-24 21:27:04 +0000] [64] [INFO] Started server process [64]
[2026-03-24 21:27:04 +0000] [64] [INFO] Waiting for application startup.
[2026-03-24 21:27:04 +0000] [64] [INFO] Application startup complete.
[2026-03-24 21:27:04 +0000] [69] [INFO] Booting worker with pid: 69
[2026-03-24 21:27:04 +0000] [67] [INFO] Started server process [67]
[2026-03-24 21:27:04 +0000] [67] [INFO] Waiting for application startup.
[2026-03-24 21:27:04 +0000] [67] [INFO] Application startup complete.
[2026-03-24 21:27:04 +0000] [70] [INFO] Booting worker with pid: 70
[2026-03-24 21:27:04 +0000] [71] [INFO] Booting worker with pid: 71
[2026-03-24 21:27:04 +0000] [69] [INFO] Started server process [69]
[2026-03-24 21:27:04 +0000] [69] [INFO] Waiting for application startup.
[2026-03-24 21:27:04 +0000] [69] [INFO] Application startup complete.
[2026-03-24 21:27:05 +0000] [71] [INFO] Started server process [71]
[2026-03-24 21:27:05 +0000] [71] [INFO] Waiting for application startup.
[2026-03-24 21:27:05 +0000] [71] [INFO] Application startup complete.
[2026-03-24 21:27:05 +0000] [70] [INFO] Started server process [70]
[2026-03-24 21:27:05 +0000] [70] [INFO] Waiting for application startup.
[2026-03-24 21:27:05 +0000] [70] [INFO] Application startup complete.
[2026-03-24 21:27:05 +0000] [75] [INFO] Booting worker with pid: 75
[2026-03-24 21:27:05 +0000] [75] [INFO] Started server process [75]
[2026-03-24 21:27:05 +0000] [75] [INFO] Waiting for application startup.
[2026-03-24 21:27:05 +0000] [75] [INFO] Application startup complete.
[2026-03-24 21:27:05 +0000] [77] [INFO] Booting worker with pid: 77
[2026-03-24 21:27:05 +0000] [78] [INFO] Booting worker with pid: 78
[2026-03-24 21:27:05 +0000] [77] [INFO] Started server process [77]
[2026-03-24 21:27:05 +0000] [77] [INFO] Waiting for application startup.
[2026-03-24 21:27:05 +0000] [77] [INFO] Application startup complete.
[2026-03-24 21:27:05 +0000] [78] [INFO] Started server process [78]
[2026-03-24 21:27:05 +0000] [78] [INFO] Waiting for application startup.
[2026-03-24 21:27:05 +0000] [78] [INFO] Application startup complete.
[2026-03-24 21:27:05 +0000] [81] [INFO] Booting worker with pid: 81
[2026-03-24 21:27:05 +0000] [82] [INFO] Booting worker with pid: 82
[2026-03-24 21:27:05 +0000] [81] [INFO] Started server process [81]
[2026-03-24 21:27:05 +0000] [81] [INFO] Waiting for application startup.
[2026-03-24 21:27:05 +0000] [81] [INFO] Application startup complete.
[2026-03-24 21:27:05 +0000] [82] [INFO] Started server process [82]
[2026-03-24 21:27:05 +0000] [82] [INFO] Waiting for application startup.
[2026-03-24 21:27:05 +0000] [82] [INFO] Application startup complete.
[2026-03-24 21:27:05 +0000] [85] [INFO] Booting worker with pid: 85
[2026-03-24 21:27:05 +0000] [86] [INFO] Booting worker with pid: 86
[2026-03-24 21:27:05 +0000] [88] [INFO] Booting worker with pid: 88
[2026-03-24 21:27:05 +0000] [85] [INFO] Started server process [85]
[2026-03-24 21:27:05 +0000] [85] [INFO] Waiting for application startup.
[2026-03-24 21:27:05 +0000] [85] [INFO] Application startup complete.
[2026-03-24 21:27:05 +0000] [86] [INFO] Started server process [86]
[2026-03-24 21:27:05 +0000] [86] [INFO] Waiting for application startup.
[2026-03-24 21:27:05 +0000] [86] [INFO] Application startup complete.
[2026-03-24 21:27:05 +0000] [91] [INFO] Booting worker with pid: 91
[2026-03-24 21:27:05 +0000] [88] [INFO] Started server process [88]
[2026-03-24 21:27:05 +0000] [88] [INFO] Waiting for application startup.
[2026-03-24 21:27:05 +0000] [88] [INFO] Application startup complete.
[2026-03-24 21:27:05 +0000] [93] [INFO] Booting worker with pid: 93
[2026-03-24 21:27:05 +0000] [91] [INFO] Started server process [91]
[2026-03-24 21:27:05 +0000] [91] [INFO] Waiting for application startup.
[2026-03-24 21:27:05 +0000] [91] [INFO] Application startup complete.
[2026-03-24 21:27:05 +0000] [94] [INFO] Booting worker with pid: 94
[2026-03-24 21:27:05 +0000] [96] [INFO] Booting worker with pid: 96
[2026-03-24 21:27:05 +0000] [93] [INFO] Started server process [93]
[2026-03-24 21:27:05 +0000] [93] [INFO] Waiting for application startup.
[2026-03-24 21:27:05 +0000] [93] [INFO] Application startup complete.
[2026-03-24 21:27:05 +0000] [97] [INFO] Booting worker with pid: 97
[2026-03-24 21:27:05 +0000] [94] [INFO] Started server process [94]
[2026-03-24 21:27:05 +0000] [94] [INFO] Waiting for application startup.
[2026-03-24 21:27:05 +0000] [94] [INFO] Application startup complete.
[2026-03-24 21:27:05 +0000] [96] [INFO] Started server process [96]
[2026-03-24 21:27:05 +0000] [96] [INFO] Waiting for application startup.
[2026-03-24 21:27:05 +0000] [96] [INFO] Application startup complete.
[2026-03-24 21:27:05 +0000] [101] [INFO] Booting worker with pid: 101
[2026-03-24 21:27:05 +0000] [97] [INFO] Started server process [97]
[2026-03-24 21:27:05 +0000] [97] [INFO] Waiting for application startup.
[2026-03-24 21:27:05 +0000] [97] [INFO] Application startup complete.
[2026-03-24 21:27:05 +0000] [101] [INFO] Started server process [101]
[2026-03-24 21:27:05 +0000] [101] [INFO] Waiting for application startup.
[2026-03-24 21:27:05 +0000] [101] [INFO] Application startup complete.
[2026-03-24 21:27:05 +0000] [103] [INFO] Booting worker with pid: 103
[2026-03-24 21:27:05 +0000] [104] [INFO] Booting worker with pid: 104
[2026-03-24 21:27:05 +0000] [105] [INFO] Booting worker with pid: 105
[2026-03-24 21:27:05 +0000] [106] [INFO] Booting worker with pid: 106
[2026-03-24 21:27:05 +0000] [103] [INFO] Started server process [103]
[2026-03-24 21:27:05 +0000] [103] [INFO] Waiting for application startup.
[2026-03-24 21:27:05 +0000] [103] [INFO] Application startup complete.
[2026-03-24 21:27:05 +0000] [108] [INFO] Booting worker with pid: 108
[2026-03-24 21:27:05 +0000] [104] [INFO] Started server process [104]
[2026-03-24 21:27:05 +0000] [104] [INFO] Waiting for application startup.
[2026-03-24 21:27:05 +0000] [104] [INFO] Application startup complete.
[2026-03-24 21:27:05 +0000] [105] [INFO] Started server process [105]
[2026-03-24 21:27:05 +0000] [105] [INFO] Waiting for application startup.
[2026-03-24 21:27:05 +0000] [105] [INFO] Application startup complete.
[2026-03-24 21:27:05 +0000] [106] [INFO] Started server process [106]
[2026-03-24 21:27:05 +0000] [106] [INFO] Waiting for application startup.
[2026-03-24 21:27:05 +0000] [106] [INFO] Application startup complete.
[2026-03-24 21:27:05 +0000] [108] [INFO] Started server process [108]
[2026-03-24 21:27:05 +0000] [108] [INFO] Waiting for application startup.
[2026-03-24 21:27:05 +0000] [108] [INFO] Application startup complete.
[2026-03-24 21:27:05 +0000] [113] [INFO] Booting worker with pid: 113
[2026-03-24 21:27:06 +0000] [114] [INFO] Booting worker with pid: 114
[2026-03-24 21:27:06 +0000] [115] [INFO] Booting worker with pid: 115
[2026-03-24 21:27:06 +0000] [113] [INFO] Started server process [113]
[2026-03-24 21:27:06 +0000] [113] [INFO] Waiting for application startup.
[2026-03-24 21:27:06 +0000] [113] [INFO] Application startup complete.
[2026-03-24 21:27:06 +0000] [114] [INFO] Started server process [114]
[2026-03-24 21:27:06 +0000] [114] [INFO] Waiting for application startup.
[2026-03-24 21:27:06 +0000] [114] [INFO] Application startup complete.
[2026-03-24 21:27:06 +0000] [115] [INFO] Started server process [115]
[2026-03-24 21:27:06 +0000] [115] [INFO] Waiting for application startup.
[2026-03-24 21:27:06 +0000] [115] [INFO] Application startup complete.
[2026-03-24 21:27:06 +0000] [119] [INFO] Booting worker with pid: 119
[2026-03-24 21:27:06 +0000] [121] [INFO] Booting worker with pid: 121
[2026-03-24 21:27:06 +0000] [119] [INFO] Started server process [119]
[2026-03-24 21:27:06 +0000] [119] [INFO] Waiting for application startup.
[2026-03-24 21:27:06 +0000] [119] [INFO] Application startup complete.
[2026-03-24 21:27:06 +0000] [122] [INFO] Booting worker with pid: 122
[2026-03-24 21:27:06 +0000] [121] [INFO] Started server process [121]
[2026-03-24 21:27:06 +0000] [121] [INFO] Waiting for application startup.
[2026-03-24 21:27:06 +0000] [121] [INFO] Application startup complete.
[2026-03-24 21:27:06 +0000] [122] [INFO] Started server process [122]
[2026-03-24 21:27:06 +0000] [122] [INFO] Waiting for application startup.
[2026-03-24 21:27:06 +0000] [122] [INFO] Application startup complete.
[2026-03-24 21:27:06 +0000] [125] [INFO] Booting worker with pid: 125
[2026-03-24 21:27:06 +0000] [125] [INFO] Started server process [125]
[2026-03-24 21:27:06 +0000] [125] [INFO] Waiting for application startup.
[2026-03-24 21:27:06 +0000] [125] [INFO] Application startup complete.
[2026-03-24 21:27:06 +0000] [127] [INFO] Booting worker with pid: 127
[2026-03-24 21:27:06 +0000] [128] [INFO] Booting worker with pid: 128
[2026-03-24 21:27:06 +0000] [127] [INFO] Started server process [127]
[2026-03-24 21:27:06 +0000] [127] [INFO] Waiting for application startup.
[2026-03-24 21:27:06 +0000] [127] [INFO] Application startup complete.
[2026-03-24 21:27:06 +0000] [131] [INFO] Booting worker with pid: 131
[2026-03-24 21:27:06 +0000] [128] [INFO] Started server process [128]
[2026-03-24 21:27:06 +0000] [128] [INFO] Waiting for application startup.
[2026-03-24 21:27:06 +0000] [128] [INFO] Application startup complete.
[2026-03-24 21:27:06 +0000] [132] [INFO] Booting worker with pid: 132
[2026-03-24 21:27:06 +0000] [133] [INFO] Booting worker with pid: 133
[2026-03-24 21:27:06 +0000] [131] [INFO] Started server process [131]
[2026-03-24 21:27:06 +0000] [131] [INFO] Waiting for application startup.
[2026-03-24 21:27:06 +0000] [131] [INFO] Application startup complete.
[2026-03-24 21:27:06 +0000] [132] [INFO] Started server process [132]
[2026-03-24 21:27:06 +0000] [132] [INFO] Waiting for application startup.
[2026-03-24 21:27:06 +0000] [132] [INFO] Application startup complete.
[2026-03-24 21:27:06 +0000] [133] [INFO] Started server process [133]
[2026-03-24 21:27:06 +0000] [133] [INFO] Waiting for application startup.
[2026-03-24 21:27:06 +0000] [133] [INFO] Application startup complete.
[2026-03-24 21:27:06 +0000] [137] [INFO] Booting worker with pid: 137
[2026-03-24 21:27:06 +0000] [137] [INFO] Started server process [137]
[2026-03-24 21:27:06 +0000] [137] [INFO] Waiting for application startup.
[2026-03-24 21:27:06 +0000] [137] [INFO] Application startup complete.
[2026-03-24 21:27:06 +0000] [139] [INFO] Booting worker with pid: 139
[2026-03-24 21:27:06 +0000] [140] [INFO] Booting worker with pid: 140
[2026-03-24 21:27:06 +0000] [142] [INFO] Booting worker with pid: 142
[2026-03-24 21:27:06 +0000] [139] [INFO] Started server process [139]
[2026-03-24 21:27:06 +0000] [139] [INFO] Waiting for application startup.
[2026-03-24 21:27:06 +0000] [139] [INFO] Application startup complete.
[2026-03-24 21:27:06 +0000] [143] [INFO] Booting worker with pid: 143
[2026-03-24 21:27:06 +0000] [140] [INFO] Started server process [140]
[2026-03-24 21:27:06 +0000] [140] [INFO] Waiting for application startup.
[2026-03-24 21:27:06 +0000] [140] [INFO] Application startup complete.
[2026-03-24 21:27:06 +0000] [142] [INFO] Started server process [142]
[2026-03-24 21:27:06 +0000] [142] [INFO] Waiting for application startup.
[2026-03-24 21:27:06 +0000] [142] [INFO] Application startup complete.
[2026-03-24 21:27:06 +0000] [147] [INFO] Booting worker with pid: 147
[2026-03-24 21:27:06 +0000] [143] [INFO] Started server process [143]
[2026-03-24 21:27:06 +0000] [143] [INFO] Waiting for application startup.
[2026-03-24 21:27:06 +0000] [143] [INFO] Application startup complete.
[2026-03-24 21:27:07 +0000] [148] [INFO] Booting worker with pid: 148
[2026-03-24 21:27:07 +0000] [147] [INFO] Started server process [147]
[2026-03-24 21:27:07 +0000] [147] [INFO] Waiting for application startup.
[2026-03-24 21:27:07 +0000] [147] [INFO] Application startup complete.
[2026-03-24 21:27:07 +0000] [148] [INFO] Started server process [148]
[2026-03-24 21:27:07 +0000] [148] [INFO] Waiting for application startup.
[2026-03-24 21:27:07 +0000] [148] [INFO] Application startup complete.
[2026-03-24 21:27:07 +0000] [151] [INFO] Booting worker with pid: 151
[2026-03-24 21:27:07 +0000] [153] [INFO] Booting worker with pid: 153
[2026-03-24 21:27:07 +0000] [151] [INFO] Started server process [151]
[2026-03-24 21:27:07 +0000] [151] [INFO] Waiting for application startup.
[2026-03-24 21:27:07 +0000] [151] [INFO] Application startup complete.
[2026-03-24 21:27:07 +0000] [154] [INFO] Booting worker with pid: 154
[2026-03-24 21:27:07 +0000] [153] [INFO] Started server process [153]
[2026-03-24 21:27:07 +0000] [153] [INFO] Waiting for application startup.
[2026-03-24 21:27:07 +0000] [153] [INFO] Application startup complete.
[2026-03-24 21:27:07 +0000] [156] [INFO] Booting worker with pid: 156
[2026-03-24 21:27:07 +0000] [154] [INFO] Started server process [154]
[2026-03-24 21:27:07 +0000] [154] [INFO] Waiting for application startup.
[2026-03-24 21:27:07 +0000] [154] [INFO] Application startup complete.
[2026-03-24 21:27:07 +0000] [158] [INFO] Booting worker with pid: 158
[2026-03-24 21:27:07 +0000] [156] [INFO] Started server process [156]
[2026-03-24 21:27:07 +0000] [156] [INFO] Waiting for application startup.
[2026-03-24 21:27:07 +0000] [156] [INFO] Application startup complete.
[2026-03-24 21:27:07 +0000] [160] [INFO] Booting worker with pid: 160
[2026-03-24 21:27:07 +0000] [161] [INFO] Booting worker with pid: 161
[2026-03-24 21:27:07 +0000] [158] [INFO] Started server process [158]
[2026-03-24 21:27:07 +0000] [158] [INFO] Waiting for application startup.
[2026-03-24 21:27:07 +0000] [158] [INFO] Application startup complete.
[2026-03-24 21:27:07 +0000] [160] [INFO] Started server process [160]
[2026-03-24 21:27:07 +0000] [160] [INFO] Waiting for application startup.
[2026-03-24 21:27:07 +0000] [160] [INFO] Application startup complete.
[2026-03-24 21:27:07 +0000] [165] [INFO] Booting worker with pid: 165
[2026-03-24 21:27:07 +0000] [161] [INFO] Started server process [161]
[2026-03-24 21:27:07 +0000] [161] [INFO] Waiting for application startup.
[2026-03-24 21:27:07 +0000] [161] [INFO] Application startup complete.
[2026-03-24 21:27:07 +0000] [167] [INFO] Booting worker with pid: 167
[2026-03-24 21:27:07 +0000] [165] [INFO] Started server process [165]
[2026-03-24 21:27:07 +0000] [165] [INFO] Waiting for application startup.
[2026-03-24 21:27:07 +0000] [165] [INFO] Application startup complete.
[2026-03-24 21:27:07 +0000] [169] [INFO] Booting worker with pid: 169
[2026-03-24 21:27:07 +0000] [167] [INFO] Started server process [167]
[2026-03-24 21:27:07 +0000] [167] [INFO] Waiting for application startup.
[2026-03-24 21:27:07 +0000] [167] [INFO] Application startup complete.
[2026-03-24 21:27:07 +0000] [170] [INFO] Booting worker with pid: 170
[2026-03-24 21:27:07 +0000] [169] [INFO] Started server process [169]
[2026-03-24 21:27:07 +0000] [169] [INFO] Waiting for application startup.
[2026-03-24 21:27:07 +0000] [169] [INFO] Application startup complete.
[2026-03-24 21:27:07 +0000] [172] [INFO] Booting worker with pid: 172
[2026-03-24 21:27:07 +0000] [174] [INFO] Booting worker with pid: 174
[2026-03-24 21:27:07 +0000] [170] [INFO] Started server process [170]
[2026-03-24 21:27:07 +0000] [170] [INFO] Waiting for application startup.
[2026-03-24 21:27:07 +0000] [170] [INFO] Application startup complete.
[2026-03-24 21:27:07 +0000] [177] [INFO] Booting worker with pid: 177
[2026-03-24 21:27:07 +0000] [172] [INFO] Started server process [172]
[2026-03-24 21:27:07 +0000] [172] [INFO] Waiting for application startup.
[2026-03-24 21:27:07 +0000] [172] [INFO] Application startup complete.
[2026-03-24 21:27:07 +0000] [174] [INFO] Started server process [174]
[2026-03-24 21:27:07 +0000] [174] [INFO] Waiting for application startup.
[2026-03-24 21:27:07 +0000] [174] [INFO] Application startup complete.
[2026-03-24 21:27:07 +0000] [178] [INFO] Booting worker with pid: 178
[2026-03-24 21:27:07 +0000] [179] [INFO] Booting worker with pid: 179
[2026-03-24 21:27:07 +0000] [177] [INFO] Started server process [177]
[2026-03-24 21:27:07 +0000] [177] [INFO] Waiting for application startup.
[2026-03-24 21:27:07 +0000] [177] [INFO] Application startup complete.
[2026-03-24 21:27:07 +0000] [182] [INFO] Booting worker with pid: 182
[2026-03-24 21:27:07 +0000] [178] [INFO] Started server process [178]
[2026-03-24 21:27:07 +0000] [178] [INFO] Waiting for application startup.
[2026-03-24 21:27:07 +0000] [178] [INFO] Application startup complete.
[2026-03-24 21:27:07 +0000] [179] [INFO] Started server process [179]
[2026-03-24 21:27:07 +0000] [179] [INFO] Waiting for application startup.
[2026-03-24 21:27:07 +0000] [179] [INFO] Application startup complete.
[2026-03-24 21:27:07 +0000] [184] [INFO] Booting worker with pid: 184
[2026-03-24 21:27:07 +0000] [182] [INFO] Started server process [182]
[2026-03-24 21:27:07 +0000] [182] [INFO] Waiting for application startup.
[2026-03-24 21:27:07 +0000] [182] [INFO] Application startup complete.
[2026-03-24 21:27:07 +0000] [186] [INFO] Booting worker with pid: 186
[2026-03-24 21:27:07 +0000] [184] [INFO] Started server process [184]
[2026-03-24 21:27:07 +0000] [184] [INFO] Waiting for application startup.
[2026-03-24 21:27:07 +0000] [184] [INFO] Application startup complete.
[2026-03-24 21:27:07 +0000] [189] [INFO] Booting worker with pid: 189
[2026-03-24 21:27:07 +0000] [186] [INFO] Started server process [186]
[2026-03-24 21:27:07 +0000] [186] [INFO] Waiting for application startup.
[2026-03-24 21:27:07 +0000] [186] [INFO] Application startup complete.
[2026-03-24 21:27:08 +0000] [191] [INFO] Booting worker with pid: 191
[2026-03-24 21:27:08 +0000] [189] [INFO] Started server process [189]
[2026-03-24 21:27:08 +0000] [189] [INFO] Waiting for application startup.
[2026-03-24 21:27:08 +0000] [189] [INFO] Application startup complete.
[2026-03-24 21:27:08 +0000] [193] [INFO] Booting worker with pid: 193
[2026-03-24 21:27:08 +0000] [191] [INFO] Started server process [191]
[2026-03-24 21:27:08 +0000] [191] [INFO] Waiting for application startup.
[2026-03-24 21:27:08 +0000] [191] [INFO] Application startup complete.
[2026-03-24 21:27:08 +0000] [194] [INFO] Booting worker with pid: 194
[2026-03-24 21:27:08 +0000] [195] [INFO] Booting worker with pid: 195
[2026-03-24 21:27:08 +0000] [196] [INFO] Booting worker with pid: 196
[2026-03-24 21:27:08 +0000] [193] [INFO] Started server process [193]
[2026-03-24 21:27:08 +0000] [193] [INFO] Waiting for application startup.
[2026-03-24 21:27:08 +0000] [193] [INFO] Application startup complete.
[2026-03-24 21:27:08 +0000] [194] [INFO] Started server process [194]
[2026-03-24 21:27:08 +0000] [194] [INFO] Waiting for application startup.
[2026-03-24 21:27:08 +0000] [194] [INFO] Application startup complete.
[2026-03-24 21:27:08 +0000] [195] [INFO] Started server process [195]
[2026-03-24 21:27:08 +0000] [195] [INFO] Waiting for application startup.
[2026-03-24 21:27:08 +0000] [195] [INFO] Application startup complete.
[2026-03-24 21:27:08 +0000] [196] [INFO] Started server process [196]
[2026-03-24 21:27:08 +0000] [196] [INFO] Waiting for application startup.
[2026-03-24 21:27:08 +0000] [196] [INFO] Application startup complete.
[2026-03-24 21:27:08 +0000] [201] [INFO] Booting worker with pid: 201
[2026-03-24 21:27:08 +0000] [202] [INFO] Booting worker with pid: 202
[2026-03-24 21:27:08 +0000] [204] [INFO] Booting worker with pid: 204
[2026-03-24 21:27:08 +0000] [201] [INFO] Started server process [201]
[2026-03-24 21:27:08 +0000] [201] [INFO] Waiting for application startup.
[2026-03-24 21:27:08 +0000] [201] [INFO] Application startup complete.
[2026-03-24 21:27:08 +0000] [202] [INFO] Started server process [202]
[2026-03-24 21:27:08 +0000] [202] [INFO] Waiting for application startup.
[2026-03-24 21:27:08 +0000] [202] [INFO] Application startup complete.
[2026-03-24 21:27:08 +0000] [204] [INFO] Started server process [204]
[2026-03-24 21:27:08 +0000] [204] [INFO] Waiting for application startup.
[2026-03-24 21:27:08 +0000] [204] [INFO] Application startup complete.
[2026-03-24 21:27:08 +0000] [207] [INFO] Booting worker with pid: 207
[2026-03-24 21:27:08 +0000] [207] [INFO] Started server process [207]
[2026-03-24 21:27:08 +0000] [207] [INFO] Waiting for application startup.
[2026-03-24 21:27:08 +0000] [207] [INFO] Application startup complete.
[2026-03-24 21:27:08 +0000] [209] [INFO] Booting worker with pid: 209
[2026-03-24 21:27:08 +0000] [210] [INFO] Booting worker with pid: 210
[2026-03-24 21:27:08 +0000] [211] [INFO] Booting worker with pid: 211
[2026-03-24 21:27:08 +0000] [209] [INFO] Started server process [209]
[2026-03-24 21:27:08 +0000] [209] [INFO] Waiting for application startup.
[2026-03-24 21:27:08 +0000] [209] [INFO] Application startup complete.
[2026-03-24 21:27:08 +0000] [213] [INFO] Booting worker with pid: 213
[2026-03-24 21:27:08 +0000] [210] [INFO] Started server process [210]
[2026-03-24 21:27:08 +0000] [210] [INFO] Waiting for application startup.
[2026-03-24 21:27:08 +0000] [210] [INFO] Application startup complete.
[2026-03-24 21:27:08 +0000] [216] [INFO] Booting worker with pid: 216
[2026-03-24 21:27:08 +0000] [211] [INFO] Started server process [211]
[2026-03-24 21:27:08 +0000] [211] [INFO] Waiting for application startup.
[2026-03-24 21:27:08 +0000] [211] [INFO] Application startup complete.
[2026-03-24 21:27:08 +0000] [217] [INFO] Booting worker with pid: 217
[2026-03-24 21:27:08 +0000] [213] [INFO] Started server process [213]
[2026-03-24 21:27:08 +0000] [213] [INFO] Waiting for application startup.
[2026-03-24 21:27:08 +0000] [213] [INFO] Application startup complete.
[2026-03-24 21:27:08 +0000] [216] [INFO] Started server process [216]
[2026-03-24 21:27:08 +0000] [216] [INFO] Waiting for application startup.
[2026-03-24 21:27:08 +0000] [216] [INFO] Application startup complete.
[2026-03-24 21:27:08 +0000] [221] [INFO] Booting worker with pid: 221
[2026-03-24 21:27:08 +0000] [217] [INFO] Started server process [217]
[2026-03-24 21:27:08 +0000] [217] [INFO] Waiting for application startup.
[2026-03-24 21:27:08 +0000] [217] [INFO] Application startup complete.
[2026-03-24 21:27:08 +0000] [221] [INFO] Started server process [221]
[2026-03-24 21:27:08 +0000] [221] [INFO] Waiting for application startup.
[2026-03-24 21:27:08 +0000] [221] [INFO] Application startup complete.
[2026-03-24 21:27:08 +0000] [223] [INFO] Booting worker with pid: 223
[2026-03-24 21:27:08 +0000] [223] [INFO] Started server process [223]
[2026-03-24 21:27:08 +0000] [223] [INFO] Waiting for application startup.
[2026-03-24 21:27:08 +0000] [223] [INFO] Application startup complete.
[2026-03-24 21:27:08 +0000] [225] [INFO] Booting worker with pid: 225
[2026-03-24 21:27:09 +0000] [225] [INFO] Started server process [225]
[2026-03-24 21:27:09 +0000] [225] [INFO] Waiting for application startup.
[2026-03-24 21:27:09 +0000] [225] [INFO] Application startup complete.
[2026-03-24 21:27:09 +0000] [227] [INFO] Booting worker with pid: 227
[2026-03-24 21:27:09 +0000] [227] [INFO] Started server process [227]
[2026-03-24 21:27:09 +0000] [227] [INFO] Waiting for application startup.
[2026-03-24 21:27:09 +0000] [227] [INFO] Application startup complete.
[2026-03-24 21:27:09 +0000] [229] [INFO] Booting worker with pid: 229
[2026-03-24 21:27:09 +0000] [230] [INFO] Booting worker with pid: 230
[2026-03-24 21:27:09 +0000] [229] [INFO] Started server process [229]
[2026-03-24 21:27:09 +0000] [229] [INFO] Waiting for application startup.
[2026-03-24 21:27:09 +0000] [229] [INFO] Application startup complete.
[2026-03-24 21:27:09 +0000] [230] [INFO] Started server process [230]
[2026-03-24 21:27:09 +0000] [230] [INFO] Waiting for application startup.
[2026-03-24 21:27:09 +0000] [230] [INFO] Application startup complete.
[2026-03-24 21:27:09 +0000] [233] [INFO] Booting worker with pid: 233
[2026-03-24 21:27:09 +0000] [233] [INFO] Started server process [233]
[2026-03-24 21:27:09 +0000] [233] [INFO] Waiting for application startup.
[2026-03-24 21:27:09 +0000] [233] [INFO] Application startup complete.
[2026-03-24 21:27:09 +0000] [235] [INFO] Booting worker with pid: 235
[2026-03-24 21:27:09 +0000] [235] [INFO] Started server process [235]
[2026-03-24 21:27:09 +0000] [235] [INFO] Waiting for application startup.
[2026-03-24 21:27:09 +0000] [235] [INFO] Application startup complete.
[2026-03-24 21:27:09 +0000] [237] [INFO] Booting worker with pid: 237
[2026-03-24 21:27:09 +0000] [237] [INFO] Started server process [237]
[2026-03-24 21:27:09 +0000] [237] [INFO] Waiting for application startup.
[2026-03-24 21:27:09 +0000] [237] [INFO] Application startup complete.
[2026-03-24 21:27:09 +0000] [239] [INFO] Booting worker with pid: 239
[2026-03-24 21:27:09 +0000] [240] [INFO] Booting worker with pid: 240
[2026-03-24 21:27:09 +0000] [239] [INFO] Started server process [239]
[2026-03-24 21:27:09 +0000] [239] [INFO] Waiting for application startup.
[2026-03-24 21:27:09 +0000] [239] [INFO] Application startup complete.
[2026-03-24 21:27:09 +0000] [240] [INFO] Started server process [240]
[2026-03-24 21:27:09 +0000] [240] [INFO] Waiting for application startup.
[2026-03-24 21:27:09 +0000] [240] [INFO] Application startup complete.
[2026-03-24 21:27:09 +0000] [243] [INFO] Booting worker with pid: 243
[2026-03-24 21:27:09 +0000] [244] [INFO] Booting worker with pid: 244
[2026-03-24 21:27:09 +0000] [243] [INFO] Started server process [243]
[2026-03-24 21:27:09 +0000] [243] [INFO] Waiting for application startup.
[2026-03-24 21:27:09 +0000] [243] [INFO] Application startup complete.
[2026-03-24 21:27:09 +0000] [246] [INFO] Booting worker with pid: 246
[2026-03-24 21:27:09 +0000] [244] [INFO] Started server process [244]
[2026-03-24 21:27:09 +0000] [244] [INFO] Waiting for application startup.
[2026-03-24 21:27:09 +0000] [244] [INFO] Application startup complete.
[2026-03-24 21:27:09 +0000] [248] [INFO] Booting worker with pid: 248
[2026-03-24 21:27:09 +0000] [246] [INFO] Started server process [246]
[2026-03-24 21:27:09 +0000] [246] [INFO] Waiting for application startup.
[2026-03-24 21:27:09 +0000] [246] [INFO] Application startup complete.
[2026-03-24 21:27:09 +0000] [250] [INFO] Booting worker with pid: 250
[2026-03-24 21:27:09 +0000] [248] [INFO] Started server process [248]
[2026-03-24 21:27:09 +0000] [248] [INFO] Waiting for application startup.
[2026-03-24 21:27:09 +0000] [248] [INFO] Application startup complete.
[2026-03-24 21:27:09 +0000] [252] [INFO] Booting worker with pid: 252
[2026-03-24 21:27:09 +0000] [250] [INFO] Started server process [250]
[2026-03-24 21:27:09 +0000] [250] [INFO] Waiting for application startup.
[2026-03-24 21:27:09 +0000] [250] [INFO] Application startup complete.
[2026-03-24 21:27:09 +0000] [252] [INFO] Started server process [252]
[2026-03-24 21:27:09 +0000] [252] [INFO] Waiting for application startup.
[2026-03-24 21:27:09 +0000] [252] [INFO] Application startup complete.
[2026-03-24 21:27:09 +0000] [255] [INFO] Booting worker with pid: 255
[2026-03-24 21:27:09 +0000] [255] [INFO] Started server process [255]
[2026-03-24 21:27:09 +0000] [255] [INFO] Waiting for application startup.
[2026-03-24 21:27:09 +0000] [255] [INFO] Application startup complete.
[2026-03-24 21:27:09 +0000] [257] [INFO] Booting worker with pid: 257
[2026-03-24 21:27:10 +0000] [257] [INFO] Started server process [257]
[2026-03-24 21:27:10 +0000] [257] [INFO] Waiting for application startup.
[2026-03-24 21:27:10 +0000] [257] [INFO] Application startup complete.
[2026-03-24 21:27:10 +0000] [259] [INFO] Booting worker with pid: 259
[2026-03-24 21:27:10 +0000] [261] [INFO] Booting worker with pid: 261
[2026-03-24 21:27:10 +0000] [259] [INFO] Started server process [259]
[2026-03-24 21:27:10 +0000] [259] [INFO] Waiting for application startup.
[2026-03-24 21:27:10 +0000] [259] [INFO] Application startup complete.
[2026-03-24 21:27:10 +0000] [263] [INFO] Booting worker with pid: 263
[2026-03-24 21:27:10 +0000] [261] [INFO] Started server process [261]
[2026-03-24 21:27:10 +0000] [261] [INFO] Waiting for application startup.
[2026-03-24 21:27:10 +0000] [261] [INFO] Application startup complete.
[2026-03-24 21:27:10 +0000] [263] [INFO] Started server process [263]
[2026-03-24 21:27:10 +0000] [263] [INFO] Waiting for application startup.
[2026-03-24 21:27:10 +0000] [263] [INFO] Application startup complete.
[2026-03-24 21:27:10 +0000] [265] [INFO] Booting worker with pid: 265
[2026-03-24 21:27:10 +0000] [266] [INFO] Booting worker with pid: 266
[2026-03-24 21:27:10 +0000] [265] [INFO] Started server process [265]
[2026-03-24 21:27:10 +0000] [265] [INFO] Waiting for application startup.
[2026-03-24 21:27:10 +0000] [265] [INFO] Application startup complete.
[2026-03-24 21:27:10 +0000] [269] [INFO] Booting worker with pid: 269
[2026-03-24 21:27:10 +0000] [266] [INFO] Started server process [266]
[2026-03-24 21:27:10 +0000] [266] [INFO] Waiting for application startup.
[2026-03-24 21:27:10 +0000] [266] [INFO] Application startup complete.
[2026-03-24 21:27:10 +0000] [270] [INFO] Booting worker with pid: 270
[2026-03-24 21:27:10 +0000] [270] [INFO] Started server process [270]
[2026-03-24 21:27:10 +0000] [269] [INFO] Started server process [269]
[2026-03-24 21:27:10 +0000] [269] [INFO] Waiting for application startup.
[2026-03-24 21:27:10 +0000] [270] [INFO] Waiting for application startup.
[2026-03-24 21:27:10 +0000] [269] [INFO] Application startup complete.
[2026-03-24 21:27:10 +0000] [270] [INFO] Application startup complete.
[2026-03-24 21:27:10 +0000] [273] [INFO] Booting worker with pid: 273
[2026-03-24 21:27:10 +0000] [274] [INFO] Booting worker with pid: 274
[2026-03-24 21:27:10 +0000] [273] [INFO] Started server process [273]
[2026-03-24 21:27:10 +0000] [273] [INFO] Waiting for application startup.
[2026-03-24 21:27:10 +0000] [273] [INFO] Application startup complete.
[2026-03-24 21:27:10 +0000] [274] [INFO] Started server process [274]
[2026-03-24 21:27:10 +0000] [274] [INFO] Waiting for application startup.
[2026-03-24 21:27:10 +0000] [274] [INFO] Application startup complete.
[2026-03-24 21:27:10 +0000] [277] [INFO] Booting worker with pid: 277
[2026-03-24 21:27:10 +0000] [278] [INFO] Booting worker with pid: 278
[2026-03-24 21:27:10 +0000] [279] [INFO] Booting worker with pid: 279
[2026-03-24 21:27:10 +0000] [281] [INFO] Booting worker with pid: 281
[2026-03-24 21:27:10 +0000] [277] [INFO] Started server process [277]
[2026-03-24 21:27:10 +0000] [277] [INFO] Waiting for application startup.
[2026-03-24 21:27:10 +0000] [277] [INFO] Application startup complete.
[2026-03-24 21:27:10 +0000] [278] [INFO] Started server process [278]
[2026-03-24 21:27:10 +0000] [278] [INFO] Waiting for application startup.
[2026-03-24 21:27:10 +0000] [278] [INFO] Application startup complete.
[2026-03-24 21:27:10 +0000] [279] [INFO] Started server process [279]
[2026-03-24 21:27:10 +0000] [279] [INFO] Waiting for application startup.
[2026-03-24 21:27:10 +0000] [279] [INFO] Application startup complete.
[2026-03-24 21:27:10 +0000] [281] [INFO] Started server process [281]
[2026-03-24 21:27:10 +0000] [281] [INFO] Waiting for application startup.
[2026-03-24 21:27:10 +0000] [281] [INFO] Application startup complete.
[2026-03-24 21:27:10 +0000] [285] [INFO] Booting worker with pid: 285
[2026-03-24 21:27:10 +0000] [286] [INFO] Booting worker with pid: 286
[2026-03-24 21:27:10 +0000] [287] [INFO] Booting worker with pid: 287
[2026-03-24 21:27:10 +0000] [285] [INFO] Started server process [285]
[2026-03-24 21:27:10 +0000] [285] [INFO] Waiting for application startup.
[2026-03-24 21:27:10 +0000] [285] [INFO] Application startup complete.
[2026-03-24 21:27:10 +0000] [286] [INFO] Started server process [286]
[2026-03-24 21:27:10 +0000] [286] [INFO] Waiting for application startup.
[2026-03-24 21:27:10 +0000] [286] [INFO] Application startup complete.
[2026-03-24 21:27:10 +0000] [287] [INFO] Started server process [287]
[2026-03-24 21:27:10 +0000] [287] [INFO] Waiting for application startup.
[2026-03-24 21:27:10 +0000] [287] [INFO] Application startup complete.
[2026-03-24 21:27:10 +0000] [291] [INFO] Booting worker with pid: 291
[2026-03-24 21:27:10 +0000] [292] [INFO] Booting worker with pid: 292
[2026-03-24 21:27:10 +0000] [291] [INFO] Started server process [291]
[2026-03-24 21:27:10 +0000] [291] [INFO] Waiting for application startup.
[2026-03-24 21:27:10 +0000] [291] [INFO] Application startup complete.
[2026-03-24 21:27:10 +0000] [294] [INFO] Booting worker with pid: 294
[2026-03-24 21:27:10 +0000] [292] [INFO] Started server process [292]
[2026-03-24 21:27:10 +0000] [292] [INFO] Waiting for application startup.
[2026-03-24 21:27:10 +0000] [292] [INFO] Application startup complete.
[2026-03-24 21:27:10 +0000] [294] [INFO] Started server process [294]
[2026-03-24 21:27:10 +0000] [294] [INFO] Waiting for application startup.
[2026-03-24 21:27:10 +0000] [294] [INFO] Application startup complete.
[2026-03-24 21:27:10 +0000] [297] [INFO] Booting worker with pid: 297
[2026-03-24 21:27:10 +0000] [298] [INFO] Booting worker with pid: 298
[2026-03-24 21:27:11 +0000] [297] [INFO] Started server process [297]
[2026-03-24 21:27:11 +0000] [297] [INFO] Waiting for application startup.
[2026-03-24 21:27:11 +0000] [297] [INFO] Application startup complete.
[2026-03-24 21:27:11 +0000] [298] [INFO] Started server process [298]
[2026-03-24 21:27:11 +0000] [298] [INFO] Waiting for application startup.
[2026-03-24 21:27:11 +0000] [298] [INFO] Application startup complete.
[2026-03-24 21:27:11 +0000] [301] [INFO] Booting worker with pid: 301
[2026-03-24 21:27:11 +0000] [302] [INFO] Booting worker with pid: 302
[2026-03-24 21:27:11 +0000] [304] [INFO] Booting worker with pid: 304
[2026-03-24 21:27:11 +0000] [301] [INFO] Started server process [301]
[2026-03-24 21:27:11 +0000] [301] [INFO] Waiting for application startup.
[2026-03-24 21:27:11 +0000] [301] [INFO] Application startup complete.
[2026-03-24 21:27:11 +0000] [306] [INFO] Booting worker with pid: 306
[2026-03-24 21:27:11 +0000] [302] [INFO] Started server process [302]
[2026-03-24 21:27:11 +0000] [302] [INFO] Waiting for application startup.
[2026-03-24 21:27:11 +0000] [302] [INFO] Application startup complete.
[2026-03-24 21:27:11 +0000] [308] [INFO] Booting worker with pid: 308
[2026-03-24 21:27:11 +0000] [304] [INFO] Started server process [304]
[2026-03-24 21:27:11 +0000] [304] [INFO] Waiting for application startup.
[2026-03-24 21:27:11 +0000] [304] [INFO] Application startup complete.
[2026-03-24 21:27:11 +0000] [309] [INFO] Booting worker with pid: 309
[2026-03-24 21:27:11 +0000] [312] [INFO] Booting worker with pid: 312
[2026-03-24 21:27:11 +0000] [308] [INFO] Started server process [308]
[2026-03-24 21:27:11 +0000] [308] [INFO] Waiting for application startup.
[2026-03-24 21:27:11 +0000] [308] [INFO] Application startup complete.
[2026-03-24 21:27:11 +0000] [306] [INFO] Started server process [306]
[2026-03-24 21:27:11 +0000] [306] [INFO] Waiting for application startup.
[2026-03-24 21:27:11 +0000] [306] [INFO] Application startup complete.
[2026-03-24 21:27:11 +0000] [313] [INFO] Booting worker with pid: 313
[2026-03-24 21:27:11 +0000] [314] [INFO] Booting worker with pid: 314
[2026-03-24 21:27:11 +0000] [309] [INFO] Started server process [309]
[2026-03-24 21:27:11 +0000] [309] [INFO] Waiting for application startup.
[2026-03-24 21:27:11 +0000] [309] [INFO] Application startup complete.
[2026-03-24 21:27:11 +0000] [312] [INFO] Started server process [312]
[2026-03-24 21:27:11 +0000] [312] [INFO] Waiting for application startup.
[2026-03-24 21:27:11 +0000] [312] [INFO] Application startup complete.
[2026-03-24 21:27:11 +0000] [313] [INFO] Started server process [313]
[2026-03-24 21:27:11 +0000] [313] [INFO] Waiting for application startup.
[2026-03-24 21:27:11 +0000] [313] [INFO] Application startup complete.
[2026-03-24 21:27:11 +0000] [318] [INFO] Booting worker with pid: 318
[2026-03-24 21:27:11 +0000] [314] [INFO] Started server process [314]
[2026-03-24 21:27:11 +0000] [314] [INFO] Waiting for application startup.
[2026-03-24 21:27:11 +0000] [314] [INFO] Application startup complete.
[2026-03-24 21:27:11 +0000] [320] [INFO] Booting worker with pid: 320
[2026-03-24 21:27:11 +0000] [321] [INFO] Booting worker with pid: 321
[2026-03-24 21:27:11 +0000] [318] [INFO] Started server process [318]
[2026-03-24 21:27:11 +0000] [318] [INFO] Waiting for application startup.
[2026-03-24 21:27:11 +0000] [318] [INFO] Application startup complete.
[2026-03-24 21:27:11 +0000] [324] [INFO] Booting worker with pid: 324
[2026-03-24 21:27:11 +0000] [320] [INFO] Started server process [320]
[2026-03-24 21:27:11 +0000] [320] [INFO] Waiting for application startup.
[2026-03-24 21:27:11 +0000] [320] [INFO] Application startup complete.
[2026-03-24 21:27:11 +0000] [321] [INFO] Started server process [321]
[2026-03-24 21:27:11 +0000] [321] [INFO] Waiting for application startup.
[2026-03-24 21:27:11 +0000] [321] [INFO] Application startup complete.
[2026-03-24 21:27:11 +0000] [326] [INFO] Booting worker with pid: 326
[2026-03-24 21:27:11 +0000] [324] [INFO] Started server process [324]
[2026-03-24 21:27:11 +0000] [324] [INFO] Waiting for application startup.
[2026-03-24 21:27:11 +0000] [324] [INFO] Application startup complete.
[2026-03-24 21:27:11 +0000] [328] [INFO] Booting worker with pid: 328
[2026-03-24 21:27:11 +0000] [329] [INFO] Booting worker with pid: 329
[2026-03-24 21:27:11 +0000] [331] [INFO] Booting worker with pid: 331
[2026-03-24 21:27:11 +0000] [326] [INFO] Started server process [326]
[2026-03-24 21:27:11 +0000] [326] [INFO] Waiting for application startup.
[2026-03-24 21:27:11 +0000] [326] [INFO] Application startup complete.
[2026-03-24 21:27:11 +0000] [328] [INFO] Started server process [328]
[2026-03-24 21:27:11 +0000] [328] [INFO] Waiting for application startup.
[2026-03-24 21:27:11 +0000] [328] [INFO] Application startup complete.
[2026-03-24 21:27:12 +0000] [334] [INFO] Booting worker with pid: 334
[2026-03-24 21:27:12 +0000] [329] [INFO] Started server process [329]
[2026-03-24 21:27:12 +0000] [329] [INFO] Waiting for application startup.
[2026-03-24 21:27:12 +0000] [329] [INFO] Application startup complete.
[2026-03-24 21:27:12 +0000] [336] [INFO] Booting worker with pid: 336
[2026-03-24 21:27:12 +0000] [331] [INFO] Started server process [331]
[2026-03-24 21:27:12 +0000] [331] [INFO] Waiting for application startup.
[2026-03-24 21:27:12 +0000] [331] [INFO] Application startup complete.
[2026-03-24 21:27:12 +0000] [337] [INFO] Booting worker with pid: 337
[2026-03-24 21:27:12 +0000] [334] [INFO] Started server process [334]
[2026-03-24 21:27:12 +0000] [334] [INFO] Waiting for application startup.
[2026-03-24 21:27:12 +0000] [334] [INFO] Application startup complete.
[2026-03-24 21:27:12 +0000] [336] [INFO] Started server process [336]
[2026-03-24 21:27:12 +0000] [336] [INFO] Waiting for application startup.
[2026-03-24 21:27:12 +0000] [336] [INFO] Application startup complete.
[2026-03-24 21:27:12 +0000] [340] [INFO] Booting worker with pid: 340
[2026-03-24 21:27:12 +0000] [337] [INFO] Started server process [337]
[2026-03-24 21:27:12 +0000] [337] [INFO] Waiting for application startup.
[2026-03-24 21:27:12 +0000] [337] [INFO] Application startup complete.
[2026-03-24 21:27:12 +0000] [343] [INFO] Booting worker with pid: 343
[2026-03-24 21:27:12 +0000] [340] [INFO] Started server process [340]
[2026-03-24 21:27:12 +0000] [340] [INFO] Waiting for application startup.
[2026-03-24 21:27:12 +0000] [340] [INFO] Application startup complete.
[2026-03-24 21:27:12 +0000] [344] [INFO] Booting worker with pid: 344
[2026-03-24 21:27:12 +0000] [345] [INFO] Booting worker with pid: 345
[2026-03-24 21:27:12 +0000] [346] [INFO] Booting worker with pid: 346
[2026-03-24 21:27:12 +0000] [344] [INFO] Started server process [344]
[2026-03-24 21:27:12 +0000] [344] [INFO] Waiting for application startup.
[2026-03-24 21:27:12 +0000] [344] [INFO] Application startup complete.
[2026-03-24 21:27:12 +0000] [349] [INFO] Booting worker with pid: 349
[2026-03-24 21:27:12 +0000] [350] [INFO] Booting worker with pid: 350
[2026-03-24 21:27:12 +0000] [343] [INFO] Started server process [343]
[2026-03-24 21:27:12 +0000] [343] [INFO] Waiting for application startup.
[2026-03-24 21:27:12 +0000] [343] [INFO] Application startup complete.
[2026-03-24 21:27:12 +0000] [345] [INFO] Started server process [345]
[2026-03-24 21:27:12 +0000] [345] [INFO] Waiting for application startup.
[2026-03-24 21:27:12 +0000] [345] [INFO] Application startup complete.
[2026-03-24 21:27:12 +0000] [352] [INFO] Booting worker with pid: 352
[2026-03-24 21:27:12 +0000] [354] [INFO] Booting worker with pid: 354
[2026-03-24 21:27:12 +0000] [349] [INFO] Started server process [349]
[2026-03-24 21:27:12 +0000] [349] [INFO] Waiting for application startup.
[2026-03-24 21:27:12 +0000] [349] [INFO] Application startup complete.
[2026-03-24 21:27:12 +0000] [350] [INFO] Started server process [350]
[2026-03-24 21:27:12 +0000] [350] [INFO] Waiting for application startup.
[2026-03-24 21:27:12 +0000] [350] [INFO] Application startup complete.
[2026-03-24 21:27:12 +0000] [346] [INFO] Started server process [346]
[2026-03-24 21:27:12 +0000] [346] [INFO] Waiting for application startup.
[2026-03-24 21:27:12 +0000] [346] [INFO] Application startup complete.
[2026-03-24 21:27:12 +0000] [357] [INFO] Booting worker with pid: 357
[2026-03-24 21:27:12 +0000] [352] [INFO] Started server process [352]
[2026-03-24 21:27:12 +0000] [352] [INFO] Waiting for application startup.
[2026-03-24 21:27:12 +0000] [352] [INFO] Application startup complete.
[2026-03-24 21:27:12 +0000] [359] [INFO] Booting worker with pid: 359
[2026-03-24 21:27:12 +0000] [360] [INFO] Booting worker with pid: 360
[2026-03-24 21:27:12 +0000] [363] [INFO] Booting worker with pid: 363
[2026-03-24 21:27:12 +0000] [357] [INFO] Started server process [357]
[2026-03-24 21:27:12 +0000] [357] [INFO] Waiting for application startup.
[2026-03-24 21:27:12 +0000] [357] [INFO] Application startup complete.
[2026-03-24 21:27:12 +0000] [364] [INFO] Booting worker with pid: 364
[2026-03-24 21:27:12 +0000] [354] [INFO] Started server process [354]
[2026-03-24 21:27:12 +0000] [354] [INFO] Waiting for application startup.
[2026-03-24 21:27:12 +0000] [354] [INFO] Application startup complete.
[2026-03-24 21:27:13 +0000] [360] [INFO] Started server process [360]
[2026-03-24 21:27:13 +0000] [360] [INFO] Waiting for application startup.
[2026-03-24 21:27:13 +0000] [360] [INFO] Application startup complete.
[2026-03-24 21:27:13 +0000] [366] [INFO] Booting worker with pid: 366
[2026-03-24 21:27:13 +0000] [359] [INFO] Started server process [359]
[2026-03-24 21:27:13 +0000] [359] [INFO] Waiting for application startup.
[2026-03-24 21:27:13 +0000] [359] [INFO] Application startup complete.
[2026-03-24 21:27:13 +0000] [368] [INFO] Booting worker with pid: 368
[2026-03-24 21:27:13 +0000] [370] [INFO] Booting worker with pid: 370
[2026-03-24 21:27:13 +0000] [363] [INFO] Started server process [363]
[2026-03-24 21:27:13 +0000] [363] [INFO] Waiting for application startup.
[2026-03-24 21:27:13 +0000] [363] [INFO] Application startup complete.
[2026-03-24 21:27:13 +0000] [371] [INFO] Booting worker with pid: 371
[2026-03-24 21:27:13 +0000] [372] [INFO] Booting worker with pid: 372
[2026-03-24 21:27:13 +0000] [374] [INFO] Booting worker with pid: 374
[2026-03-24 21:27:13 +0000] [364] [INFO] Started server process [364]
[2026-03-24 21:27:13 +0000] [364] [INFO] Waiting for application startup.
[2026-03-24 21:27:13 +0000] [364] [INFO] Application startup complete.
[2026-03-24 21:27:13 +0000] [366] [INFO] Started server process [366]
[2026-03-24 21:27:13 +0000] [366] [INFO] Waiting for application startup.
[2026-03-24 21:27:13 +0000] [366] [INFO] Application startup complete.
[2026-03-24 21:27:13 +0000] [376] [INFO] Booting worker with pid: 376
[2026-03-24 21:27:13 +0000] [370] [INFO] Started server process [370]
[2026-03-24 21:27:13 +0000] [370] [INFO] Waiting for application startup.
[2026-03-24 21:27:13 +0000] [370] [INFO] Application startup complete.
[2026-03-24 21:27:13 +0000] [381] [INFO] Booting worker with pid: 381
[2026-03-24 21:27:13 +0000] [372] [INFO] Started server process [372]
[2026-03-24 21:27:13 +0000] [372] [INFO] Waiting for application startup.
[2026-03-24 21:27:13 +0000] [372] [INFO] Application startup complete.
[2026-03-24 21:27:13 +0000] [371] [INFO] Started server process [371]
[2026-03-24 21:27:13 +0000] [371] [INFO] Waiting for application startup.
[2026-03-24 21:27:13 +0000] [371] [INFO] Application startup complete.
[2026-03-24 21:27:13 +0000] [374] [INFO] Started server process [374]
[2026-03-24 21:27:13 +0000] [374] [INFO] Waiting for application startup.
[2026-03-24 21:27:13 +0000] [374] [INFO] Application startup complete.
[2026-03-24 21:27:13 +0000] [368] [INFO] Started server process [368]
[2026-03-24 21:27:13 +0000] [368] [INFO] Waiting for application startup.
[2026-03-24 21:27:13 +0000] [368] [INFO] Application startup complete.
[2026-03-24 21:27:13 +0000] [383] [INFO] Booting worker with pid: 383
[2026-03-24 21:27:13 +0000] [385] [INFO] Booting worker with pid: 385
[2026-03-24 21:27:13 +0000] [376] [INFO] Started server process [376]
[2026-03-24 21:27:13 +0000] [376] [INFO] Waiting for application startup.
[2026-03-24 21:27:13 +0000] [376] [INFO] Application startup complete.
[2026-03-24 21:27:13 +0000] [386] [INFO] Booting worker with pid: 386
[2026-03-24 21:27:13 +0000] [388] [INFO] Booting worker with pid: 388
[2026-03-24 21:27:13 +0000] [381] [INFO] Started server process [381]
[2026-03-24 21:27:13 +0000] [381] [INFO] Waiting for application startup.
[2026-03-24 21:27:13 +0000] [381] [INFO] Application startup complete.
[2026-03-24 21:27:13 +0000] [391] [INFO] Booting worker with pid: 391
[2026-03-24 21:27:13 +0000] [385] [INFO] Started server process [385]
[2026-03-24 21:27:13 +0000] [385] [INFO] Waiting for application startup.
[2026-03-24 21:27:13 +0000] [385] [INFO] Application startup complete.
[2026-03-24 21:27:13 +0000] [383] [INFO] Started server process [383]
[2026-03-24 21:27:13 +0000] [383] [INFO] Waiting for application startup.
[2026-03-24 21:27:13 +0000] [383] [INFO] Application startup complete.
[2026-03-24 21:27:13 +0000] [386] [INFO] Started server process [386]
[2026-03-24 21:27:13 +0000] [386] [INFO] Waiting for application startup.
[2026-03-24 21:27:13 +0000] [386] [INFO] Application startup complete.
[2026-03-24 21:27:13 +0000] [393] [INFO] Booting worker with pid: 393
[2026-03-24 21:27:13 +0000] [388] [INFO] Started server process [388]
[2026-03-24 21:27:13 +0000] [388] [INFO] Waiting for application startup.
[2026-03-24 21:27:13 +0000] [388] [INFO] Application startup complete.
[2026-03-24 21:27:13 +0000] [395] [INFO] Booting worker with pid: 395
[2026-03-24 21:27:13 +0000] [391] [INFO] Started server process [391]
[2026-03-24 21:27:13 +0000] [391] [INFO] Waiting for application startup.
[2026-03-24 21:27:13 +0000] [391] [INFO] Application startup complete.
[2026-03-24 21:27:13 +0000] [397] [INFO] Booting worker with pid: 397
[2026-03-24 21:27:13 +0000] [398] [INFO] Booting worker with pid: 398
[2026-03-24 21:27:14 +0000] [401] [INFO] Booting worker with pid: 401
[2026-03-24 21:27:14 +0000] [393] [INFO] Started server process [393]
[2026-03-24 21:27:14 +0000] [393] [INFO] Waiting for application startup.
[2026-03-24 21:27:14 +0000] [393] [INFO] Application startup complete.
[2026-03-24 21:27:14 +0000] [403] [INFO] Booting worker with pid: 403
[2026-03-24 21:27:14 +0000] [397] [INFO] Started server process [397]
[2026-03-24 21:27:14 +0000] [397] [INFO] Waiting for application startup.
[2026-03-24 21:27:14 +0000] [397] [INFO] Application startup complete.
[2026-03-24 21:27:14 +0000] [395] [INFO] Started server process [395]
[2026-03-24 21:27:14 +0000] [395] [INFO] Waiting for application startup.
[2026-03-24 21:27:14 +0000] [395] [INFO] Application startup complete.
[2026-03-24 21:27:14 +0000] [404] [INFO] Booting worker with pid: 404
[2026-03-24 21:27:14 +0000] [405] [INFO] Booting worker with pid: 405
[2026-03-24 21:27:14 +0000] [398] [INFO] Started server process [398]
[2026-03-24 21:27:14 +0000] [398] [INFO] Waiting for application startup.
[2026-03-24 21:27:14 +0000] [398] [INFO] Application startup complete.
[2026-03-24 21:27:14 +0000] [404] [INFO] Started server process [404]
[2026-03-24 21:27:14 +0000] [404] [INFO] Waiting for application startup.
[2026-03-24 21:27:14 +0000] [404] [INFO] Application startup complete.
[2026-03-24 21:27:14 +0000] [401] [INFO] Started server process [401]
[2026-03-24 21:27:14 +0000] [401] [INFO] Waiting for application startup.
[2026-03-24 21:27:14 +0000] [401] [INFO] Application startup complete.
[2026-03-24 21:27:14 +0000] [410] [INFO] Booting worker with pid: 410
[2026-03-24 21:27:14 +0000] [403] [INFO] Started server process [403]
[2026-03-24 21:27:14 +0000] [403] [INFO] Waiting for application startup.
[2026-03-24 21:27:14 +0000] [403] [INFO] Application startup complete.
[2026-03-24 21:27:14 +0000] [411] [INFO] Booting worker with pid: 411
[2026-03-24 21:27:14 +0000] [413] [INFO] Booting worker with pid: 413
[2026-03-24 21:27:14 +0000] [405] [INFO] Started server process [405]
[2026-03-24 21:27:14 +0000] [405] [INFO] Waiting for application startup.
[2026-03-24 21:27:14 +0000] [405] [INFO] Application startup complete.
[2026-03-24 21:27:14 +0000] [414] [INFO] Booting worker with pid: 414
[2026-03-24 21:27:14 +0000] [416] [INFO] Booting worker with pid: 416
[2026-03-24 21:27:14 +0000] [410] [INFO] Started server process [410]
[2026-03-24 21:27:14 +0000] [410] [INFO] Waiting for application startup.
[2026-03-24 21:27:14 +0000] [410] [INFO] Application startup complete.
[2026-03-24 21:27:14 +0000] [418] [INFO] Booting worker with pid: 418
[2026-03-24 21:27:14 +0000] [411] [INFO] Started server process [411]
[2026-03-24 21:27:14 +0000] [411] [INFO] Waiting for application startup.
[2026-03-24 21:27:14 +0000] [411] [INFO] Application startup complete.
[2026-03-24 21:27:14 +0000] [419] [INFO] Booting worker with pid: 419
[2026-03-24 21:27:14 +0000] [413] [INFO] Started server process [413]
[2026-03-24 21:27:14 +0000] [413] [INFO] Waiting for application startup.
[2026-03-24 21:27:14 +0000] [413] [INFO] Application startup complete.
[2026-03-24 21:27:14 +0000] [416] [INFO] Started server process [416]
[2026-03-24 21:27:14 +0000] [416] [INFO] Waiting for application startup.
[2026-03-24 21:27:14 +0000] [416] [INFO] Application startup complete.
[2026-03-24 21:27:14 +0000] [414] [INFO] Started server process [414]
[2026-03-24 21:27:14 +0000] [414] [INFO] Waiting for application startup.
[2026-03-24 21:27:14 +0000] [414] [INFO] Application startup complete.
[2026-03-24 21:27:14 +0000] [423] [INFO] Booting worker with pid: 423
[2026-03-24 21:27:14 +0000] [418] [INFO] Started server process [418]
[2026-03-24 21:27:14 +0000] [418] [INFO] Waiting for application startup.
[2026-03-24 21:27:14 +0000] [418] [INFO] Application startup complete.
[2026-03-24 21:27:14 +0000] [419] [INFO] Started server process [419]
[2026-03-24 21:27:14 +0000] [419] [INFO] Waiting for application startup.
[2026-03-24 21:27:14 +0000] [419] [INFO] Application startup complete.
[2026-03-24 21:27:14 +0000] [426] [INFO] Booting worker with pid: 426
[2026-03-24 21:27:14 +0000] [427] [INFO] Booting worker with pid: 427
[2026-03-24 21:27:14 +0000] [426] [INFO] Started server process [426]
[2026-03-24 21:27:14 +0000] [426] [INFO] Waiting for application startup.
[2026-03-24 21:27:14 +0000] [426] [INFO] Application startup complete.
[2026-03-24 21:27:14 +0000] [430] [INFO] Booting worker with pid: 430
[2026-03-24 21:27:14 +0000] [423] [INFO] Started server process [423]
[2026-03-24 21:27:14 +0000] [423] [INFO] Waiting for application startup.
[2026-03-24 21:27:14 +0000] [423] [INFO] Application startup complete.
[2026-03-24 21:27:15 +0000] [427] [INFO] Started server process [427]
[2026-03-24 21:27:15 +0000] [427] [INFO] Waiting for application startup.
[2026-03-24 21:27:15 +0000] [427] [INFO] Application startup complete.
[2026-03-24 21:27:15 +0000] [432] [INFO] Booting worker with pid: 432
[2026-03-24 21:27:15 +0000] [430] [INFO] Started server process [430]
[2026-03-24 21:27:15 +0000] [430] [INFO] Waiting for application startup.
[2026-03-24 21:27:15 +0000] [430] [INFO] Application startup complete.
[2026-03-24 21:27:15 +0000] [434] [INFO] Booting worker with pid: 434
[2026-03-24 21:27:15 +0000] [435] [INFO] Booting worker with pid: 435
[2026-03-24 21:27:15 +0000] [437] [INFO] Booting worker with pid: 437
[2026-03-24 21:27:15 +0000] [432] [INFO] Started server process [432]
[2026-03-24 21:27:15 +0000] [432] [INFO] Waiting for application startup.
[2026-03-24 21:27:15 +0000] [432] [INFO] Application startup complete.
[2026-03-24 21:27:15 +0000] [434] [INFO] Started server process [434]
[2026-03-24 21:27:15 +0000] [434] [INFO] Waiting for application startup.
[2026-03-24 21:27:15 +0000] [434] [INFO] Application startup complete.
[2026-03-24 21:27:15 +0000] [439] [INFO] Booting worker with pid: 439
[2026-03-24 21:27:15 +0000] [440] [INFO] Booting worker with pid: 440
[2026-03-24 21:27:15 +0000] [443] [INFO] Booting worker with pid: 443
[2026-03-24 21:27:15 +0000] [437] [INFO] Started server process [437]
[2026-03-24 21:27:15 +0000] [437] [INFO] Waiting for application startup.
[2026-03-24 21:27:15 +0000] [437] [INFO] Application startup complete.
[2026-03-24 21:27:15 +0000] [435] [INFO] Started server process [435]
[2026-03-24 21:27:15 +0000] [435] [INFO] Waiting for application startup.
[2026-03-24 21:27:15 +0000] [435] [INFO] Application startup complete.
[2026-03-24 21:27:15 +0000] [445] [INFO] Booting worker with pid: 445
[2026-03-24 21:27:15 +0000] [439] [INFO] Started server process [439]
[2026-03-24 21:27:15 +0000] [439] [INFO] Waiting for application startup.
[2026-03-24 21:27:15 +0000] [439] [INFO] Application startup complete.
[2026-03-24 21:27:15 +0000] [440] [INFO] Started server process [440]
[2026-03-24 21:27:15 +0000] [440] [INFO] Waiting for application startup.
[2026-03-24 21:27:15 +0000] [440] [INFO] Application startup complete.
[2026-03-24 21:27:15 +0000] [443] [INFO] Started server process [443]
[2026-03-24 21:27:15 +0000] [443] [INFO] Waiting for application startup.
[2026-03-24 21:27:15 +0000] [443] [INFO] Application startup complete.
[2026-03-24 21:27:15 +0000] [448] [INFO] Booting worker with pid: 448
[2026-03-24 21:27:15 +0000] [449] [INFO] Booting worker with pid: 449
[2026-03-24 21:27:15 +0000] [445] [INFO] Started server process [445]
[2026-03-24 21:27:15 +0000] [445] [INFO] Waiting for application startup.
[2026-03-24 21:27:15 +0000] [445] [INFO] Application startup complete.
[2026-03-24 21:27:15 +0000] [448] [INFO] Started server process [448]
[2026-03-24 21:27:15 +0000] [448] [INFO] Waiting for application startup.
[2026-03-24 21:27:15 +0000] [448] [INFO] Application startup complete.
[2026-03-24 21:27:15 +0000] [452] [INFO] Booting worker with pid: 452
[2026-03-24 21:27:15 +0000] [453] [INFO] Booting worker with pid: 453
[2026-03-24 21:27:15 +0000] [455] [INFO] Booting worker with pid: 455
[2026-03-24 21:27:15 +0000] [456] [INFO] Booting worker with pid: 456
[2026-03-24 21:27:15 +0000] [449] [INFO] Started server process [449]
[2026-03-24 21:27:15 +0000] [449] [INFO] Waiting for application startup.
[2026-03-24 21:27:15 +0000] [449] [INFO] Application startup complete.
[2026-03-24 21:27:15 +0000] [457] [INFO] Booting worker with pid: 457
[2026-03-24 21:27:15 +0000] [452] [INFO] Started server process [452]
[2026-03-24 21:27:15 +0000] [452] [INFO] Waiting for application startup.
[2026-03-24 21:27:15 +0000] [452] [INFO] Application startup complete.
[2026-03-24 21:27:15 +0000] [453] [INFO] Started server process [453]
[2026-03-24 21:27:15 +0000] [453] [INFO] Waiting for application startup.
[2026-03-24 21:27:15 +0000] [453] [INFO] Application startup complete.
[2026-03-24 21:27:15 +0000] [456] [INFO] Started server process [456]
[2026-03-24 21:27:15 +0000] [456] [INFO] Waiting for application startup.
[2026-03-24 21:27:15 +0000] [456] [INFO] Application startup complete.
[2026-03-24 21:27:15 +0000] [457] [INFO] Started server process [457]
[2026-03-24 21:27:15 +0000] [457] [INFO] Waiting for application startup.
[2026-03-24 21:27:15 +0000] [457] [INFO] Application startup complete.
[2026-03-24 21:27:15 +0000] [455] [INFO] Started server process [455]
[2026-03-24 21:27:15 +0000] [455] [INFO] Waiting for application startup.
[2026-03-24 21:27:15 +0000] [455] [INFO] Application startup complete.
[2026-03-24 21:27:16 +0000] [463] [INFO] Booting worker with pid: 463
[2026-03-24 21:27:16 +0000] [464] [INFO] Booting worker with pid: 464
[2026-03-24 21:27:16 +0000] [466] [INFO] Booting worker with pid: 466
[2026-03-24 21:27:16 +0000] [463] [INFO] Started server process [463]
[2026-03-24 21:27:16 +0000] [463] [INFO] Waiting for application startup.
[2026-03-24 21:27:16 +0000] [463] [INFO] Application startup complete.
[2026-03-24 21:27:16 +0000] [464] [INFO] Started server process [464]
[2026-03-24 21:27:16 +0000] [464] [INFO] Waiting for application startup.
[2026-03-24 21:27:16 +0000] [464] [INFO] Application startup complete.
[2026-03-24 21:27:16 +0000] [468] [INFO] Booting worker with pid: 468
[2026-03-24 21:27:16 +0000] [466] [INFO] Started server process [466]
[2026-03-24 21:27:16 +0000] [466] [INFO] Waiting for application startup.
[2026-03-24 21:27:16 +0000] [466] [INFO] Application startup complete.
[2026-03-24 21:27:16 +0000] [470] [INFO] Booting worker with pid: 470
[2026-03-24 21:27:16 +0000] [468] [INFO] Started server process [468]
[2026-03-24 21:27:16 +0000] [468] [INFO] Waiting for application startup.
[2026-03-24 21:27:16 +0000] [468] [INFO] Application startup complete.
[2026-03-24 21:27:16 +0000] [472] [INFO] Booting worker with pid: 472
[2026-03-24 21:27:16 +0000] [470] [INFO] Started server process [470]
[2026-03-24 21:27:16 +0000] [470] [INFO] Waiting for application startup.
[2026-03-24 21:27:16 +0000] [470] [INFO] Application startup complete.
[2026-03-24 21:27:16 +0000] [474] [INFO] Booting worker with pid: 474
[2026-03-24 21:27:16 +0000] [475] [INFO] Booting worker with pid: 475
[2026-03-24 21:27:16 +0000] [472] [INFO] Started server process [472]
[2026-03-24 21:27:16 +0000] [472] [INFO] Waiting for application startup.
[2026-03-24 21:27:16 +0000] [472] [INFO] Application startup complete.
[2026-03-24 21:27:16 +0000] [478] [INFO] Booting worker with pid: 478
[2026-03-24 21:27:16 +0000] [474] [INFO] Started server process [474]
[2026-03-24 21:27:16 +0000] [474] [INFO] Waiting for application startup.
[2026-03-24 21:27:16 +0000] [474] [INFO] Application startup complete.
[2026-03-24 21:27:16 +0000] [480] [INFO] Booting worker with pid: 480
[2026-03-24 21:27:16 +0000] [475] [INFO] Started server process [475]
[2026-03-24 21:27:16 +0000] [475] [INFO] Waiting for application startup.
[2026-03-24 21:27:16 +0000] [475] [INFO] Application startup complete.
[2026-03-24 21:27:16 +0000] [478] [INFO] Started server process [478]
[2026-03-24 21:27:16 +0000] [478] [INFO] Waiting for application startup.
[2026-03-24 21:27:16 +0000] [478] [INFO] Application startup complete.
[2026-03-24 21:27:16 +0000] [480] [INFO] Started server process [480]
[2026-03-24 21:27:16 +0000] [480] [INFO] Waiting for application startup.
[2026-03-24 21:27:16 +0000] [480] [INFO] Application startup complete.
[2026-03-24 21:27:16 +0000] [483] [INFO] Booting worker with pid: 483
[2026-03-24 21:27:16 +0000] [484] [INFO] Booting worker with pid: 484
[2026-03-24 21:27:16 +0000] [487] [INFO] Booting worker with pid: 487
[2026-03-24 21:27:16 +0000] [483] [INFO] Started server process [483]
[2026-03-24 21:27:16 +0000] [483] [INFO] Waiting for application startup.
[2026-03-24 21:27:16 +0000] [483] [INFO] Application startup complete.
[2026-03-24 21:27:16 +0000] [484] [INFO] Started server process [484]
[2026-03-24 21:27:16 +0000] [484] [INFO] Waiting for application startup.
[2026-03-24 21:27:16 +0000] [484] [INFO] Application startup complete.
[2026-03-24 21:27:16 +0000] [487] [INFO] Started server process [487]
[2026-03-24 21:27:16 +0000] [487] [INFO] Waiting for application startup.
[2026-03-24 21:27:16 +0000] [487] [INFO] Application startup complete.
[2026-03-24 21:27:16 +0000] [489] [INFO] Booting worker with pid: 489
[2026-03-24 21:27:16 +0000] [489] [INFO] Started server process [489]
[2026-03-24 21:27:16 +0000] [489] [INFO] Waiting for application startup.
[2026-03-24 21:27:16 +0000] [489] [INFO] Application startup complete.
[2026-03-24 21:27:16 +0000] [491] [INFO] Booting worker with pid: 491
[2026-03-24 21:27:16 +0000] [492] [INFO] Booting worker with pid: 492
[2026-03-24 21:27:16 +0000] [491] [INFO] Started server process [491]
[2026-03-24 21:27:16 +0000] [491] [INFO] Waiting for application startup.
[2026-03-24 21:27:16 +0000] [491] [INFO] Application startup complete.
[2026-03-24 21:27:16 +0000] [492] [INFO] Started server process [492]
[2026-03-24 21:27:16 +0000] [492] [INFO] Waiting for application startup.
[2026-03-24 21:27:16 +0000] [492] [INFO] Application startup complete.
[2026-03-24 21:27:16 +0000] [495] [INFO] Booting worker with pid: 495
[2026-03-24 21:27:16 +0000] [496] [INFO] Booting worker with pid: 496
[2026-03-24 21:27:16 +0000] [495] [INFO] Started server process [495]
[2026-03-24 21:27:16 +0000] [495] [INFO] Waiting for application startup.
[2026-03-24 21:27:16 +0000] [495] [INFO] Application startup complete.
[2026-03-24 21:27:16 +0000] [498] [INFO] Booting worker with pid: 498
[2026-03-24 21:27:16 +0000] [496] [INFO] Started server process [496]
[2026-03-24 21:27:16 +0000] [496] [INFO] Waiting for application startup.
[2026-03-24 21:27:16 +0000] [496] [INFO] Application startup complete.
[2026-03-24 21:27:16 +0000] [498] [INFO] Started server process [498]
[2026-03-24 21:27:16 +0000] [498] [INFO] Waiting for application startup.
[2026-03-24 21:27:16 +0000] [498] [INFO] Application startup complete.
[2026-03-24 21:27:16 +0000] [501] [INFO] Booting worker with pid: 501
[2026-03-24 21:27:16 +0000] [502] [INFO] Booting worker with pid: 502
[2026-03-24 21:27:16 +0000] [501] [INFO] Started server process [501]
[2026-03-24 21:27:16 +0000] [501] [INFO] Waiting for application startup.
[2026-03-24 21:27:16 +0000] [501] [INFO] Application startup complete.
[2026-03-24 21:27:17 +0000] [505] [INFO] Booting worker with pid: 505
[2026-03-24 21:27:17 +0000] [502] [INFO] Started server process [502]
[2026-03-24 21:27:17 +0000] [502] [INFO] Waiting for application startup.
[2026-03-24 21:27:17 +0000] [502] [INFO] Application startup complete.
[2026-03-24 21:27:17 +0000] [505] [INFO] Started server process [505]
[2026-03-24 21:27:17 +0000] [505] [INFO] Waiting for application startup.
[2026-03-24 21:27:17 +0000] [505] [INFO] Application startup complete.
[2026-03-24 21:27:17 +0000] [507] [INFO] Booting worker with pid: 507
[2026-03-24 21:27:17 +0000] [508] [INFO] Booting worker with pid: 508
[2026-03-24 21:27:17 +0000] [510] [INFO] Booting worker with pid: 510
[2026-03-24 21:27:17 +0000] [511] [INFO] Booting worker with pid: 511
[2026-03-24 21:27:17 +0000] [507] [INFO] Started server process [507]
[2026-03-24 21:27:17 +0000] [507] [INFO] Waiting for application startup.
[2026-03-24 21:27:17 +0000] [507] [INFO] Application startup complete.
[2026-03-24 21:27:17 +0000] [513] [INFO] Booting worker with pid: 513
[2026-03-24 21:27:17 +0000] [508] [INFO] Started server process [508]
[2026-03-24 21:27:17 +0000] [508] [INFO] Waiting for application startup.
[2026-03-24 21:27:17 +0000] [508] [INFO] Application startup complete.
[2026-03-24 21:27:17 +0000] [510] [INFO] Started server process [510]
[2026-03-24 21:27:17 +0000] [510] [INFO] Waiting for application startup.
[2026-03-24 21:27:17 +0000] [510] [INFO] Application startup complete.
[2026-03-24 21:27:17 +0000] [511] [INFO] Started server process [511]
[2026-03-24 21:27:17 +0000] [511] [INFO] Waiting for application startup.
[2026-03-24 21:27:17 +0000] [511] [INFO] Application startup complete.
[2026-03-24 21:27:17 +0000] [513] [INFO] Started server process [513]
[2026-03-24 21:27:17 +0000] [513] [INFO] Waiting for application startup.
[2026-03-24 21:27:17 +0000] [513] [INFO] Application startup complete.
[2026-03-24 21:27:17 +0000] [517] [INFO] Booting worker with pid: 517
[2026-03-24 21:27:17 +0000] [517] [INFO] Started server process [517]
[2026-03-24 21:27:17 +0000] [517] [INFO] Waiting for application startup.
[2026-03-24 21:27:17 +0000] [517] [INFO] Application startup complete.
