[2026-04-06 02:07:07 +0000] [1] [INFO] Starting gunicorn 23.0.0
[2026-04-06 02:07:07 +0000] [1] [INFO] Listening at: http://0.0.0.0:8080 (1)
[2026-04-06 02:07:07 +0000] [1] [INFO] Using worker: uvicorn.workers.UvicornWorker
[2026-04-06 02:07:07 +0000] [7] [INFO] Booting worker with pid: 7
[2026-04-06 02:07:07 +0000] [8] [INFO] Booting worker with pid: 8
[2026-04-06 02:07:07 +0000] [9] [INFO] Booting worker with pid: 9
[2026-04-06 02:07:07 +0000] [10] [INFO] Booting worker with pid: 10
[2026-04-06 02:07:07 +0000] [11] [INFO] Booting worker with pid: 11
[2026-04-06 02:07:07 +0000] [12] [INFO] Booting worker with pid: 12
[2026-04-06 02:07:07 +0000] [13] [INFO] Booting worker with pid: 13
[2026-04-06 02:07:07 +0000] [7] [INFO] Started server process [7]
[2026-04-06 02:07:07 +0000] [7] [INFO] Waiting for application startup.
[2026-04-06 02:07:07 +0000] [7] [INFO] Application startup complete.
[2026-04-06 02:07:07 +0000] [17] [INFO] Booting worker with pid: 17
[2026-04-06 02:07:07 +0000] [9] [INFO] Started server process [9]
[2026-04-06 02:07:07 +0000] [8] [INFO] Started server process [8]
[2026-04-06 02:07:07 +0000] [8] [INFO] Waiting for application startup.
[2026-04-06 02:07:07 +0000] [9] [INFO] Waiting for application startup.
[2026-04-06 02:07:07 +0000] [8] [INFO] Application startup complete.
[2026-04-06 02:07:07 +0000] [9] [INFO] Application startup complete.
[2026-04-06 02:07:07 +0000] [18] [INFO] Booting worker with pid: 18
[2026-04-06 02:07:07 +0000] [19] [INFO] Booting worker with pid: 19
[2026-04-06 02:07:07 +0000] [10] [INFO] Started server process [10]
[2026-04-06 02:07:07 +0000] [10] [INFO] Waiting for application startup.
[2026-04-06 02:07:07 +0000] [10] [INFO] Application startup complete.
[2026-04-06 02:07:07 +0000] [21] [INFO] Booting worker with pid: 21
[2026-04-06 02:07:08 +0000] [11] [INFO] Started server process [11]
[2026-04-06 02:07:08 +0000] [11] [INFO] Waiting for application startup.
[2026-04-06 02:07:08 +0000] [11] [INFO] Application startup complete.
[2026-04-06 02:07:08 +0000] [12] [INFO] Started server process [12]
[2026-04-06 02:07:08 +0000] [12] [INFO] Waiting for application startup.
[2026-04-06 02:07:08 +0000] [12] [INFO] Application startup complete.
[2026-04-06 02:07:08 +0000] [25] [INFO] Booting worker with pid: 25
[2026-04-06 02:07:08 +0000] [13] [INFO] Started server process [13]
[2026-04-06 02:07:08 +0000] [13] [INFO] Waiting for application startup.
[2026-04-06 02:07:08 +0000] [13] [INFO] Application startup complete.
[2026-04-06 02:07:08 +0000] [26] [INFO] Booting worker with pid: 26
[2026-04-06 02:07:08 +0000] [17] [INFO] Started server process [17]
[2026-04-06 02:07:08 +0000] [17] [INFO] Waiting for application startup.
[2026-04-06 02:07:08 +0000] [17] [INFO] Application startup complete.
[2026-04-06 02:07:08 +0000] [28] [INFO] Booting worker with pid: 28
[2026-04-06 02:07:08 +0000] [18] [INFO] Started server process [18]
[2026-04-06 02:07:08 +0000] [18] [INFO] Waiting for application startup.
[2026-04-06 02:07:08 +0000] [18] [INFO] Application startup complete.
[2026-04-06 02:07:08 +0000] [19] [INFO] Started server process [19]
[2026-04-06 02:07:08 +0000] [19] [INFO] Waiting for application startup.
[2026-04-06 02:07:08 +0000] [19] [INFO] Application startup complete.
[2026-04-06 02:07:08 +0000] [21] [INFO] Started server process [21]
[2026-04-06 02:07:08 +0000] [21] [INFO] Waiting for application startup.
[2026-04-06 02:07:08 +0000] [21] [INFO] Application startup complete.
[2026-04-06 02:07:08 +0000] [32] [INFO] Booting worker with pid: 32
[2026-04-06 02:07:08 +0000] [33] [INFO] Booting worker with pid: 33
[2026-04-06 02:07:08 +0000] [34] [INFO] Booting worker with pid: 34
[2026-04-06 02:07:08 +0000] [25] [INFO] Started server process [25]
[2026-04-06 02:07:08 +0000] [25] [INFO] Waiting for application startup.
[2026-04-06 02:07:08 +0000] [25] [INFO] Application startup complete.
[2026-04-06 02:07:08 +0000] [26] [INFO] Started server process [26]
[2026-04-06 02:07:08 +0000] [26] [INFO] Waiting for application startup.
[2026-04-06 02:07:08 +0000] [26] [INFO] Application startup complete.
[2026-04-06 02:07:08 +0000] [37] [INFO] Booting worker with pid: 37
[2026-04-06 02:07:08 +0000] [38] [INFO] Booting worker with pid: 38
[2026-04-06 02:07:08 +0000] [39] [INFO] Booting worker with pid: 39
[2026-04-06 02:07:08 +0000] [28] [INFO] Started server process [28]
[2026-04-06 02:07:08 +0000] [28] [INFO] Waiting for application startup.
[2026-04-06 02:07:08 +0000] [28] [INFO] Application startup complete.
[2026-04-06 02:07:08 +0000] [41] [INFO] Booting worker with pid: 41
[2026-04-06 02:07:08 +0000] [32] [INFO] Started server process [32]
[2026-04-06 02:07:08 +0000] [32] [INFO] Waiting for application startup.
[2026-04-06 02:07:08 +0000] [32] [INFO] Application startup complete.
[2026-04-06 02:07:08 +0000] [33] [INFO] Started server process [33]
[2026-04-06 02:07:08 +0000] [33] [INFO] Waiting for application startup.
[2026-04-06 02:07:08 +0000] [33] [INFO] Application startup complete.
[2026-04-06 02:07:08 +0000] [45] [INFO] Booting worker with pid: 45
[2026-04-06 02:07:08 +0000] [34] [INFO] Started server process [34]
[2026-04-06 02:07:08 +0000] [34] [INFO] Waiting for application startup.
[2026-04-06 02:07:08 +0000] [34] [INFO] Application startup complete.
[2026-04-06 02:07:08 +0000] [46] [INFO] Booting worker with pid: 46
[2026-04-06 02:07:08 +0000] [48] [INFO] Booting worker with pid: 48
[2026-04-06 02:07:08 +0000] [37] [INFO] Started server process [37]
[2026-04-06 02:07:08 +0000] [37] [INFO] Waiting for application startup.
[2026-04-06 02:07:08 +0000] [37] [INFO] Application startup complete.
[2026-04-06 02:07:08 +0000] [50] [INFO] Booting worker with pid: 50
[2026-04-06 02:07:08 +0000] [38] [INFO] Started server process [38]
[2026-04-06 02:07:08 +0000] [38] [INFO] Waiting for application startup.
[2026-04-06 02:07:08 +0000] [38] [INFO] Application startup complete.
[2026-04-06 02:07:08 +0000] [39] [INFO] Started server process [39]
[2026-04-06 02:07:08 +0000] [39] [INFO] Waiting for application startup.
[2026-04-06 02:07:08 +0000] [39] [INFO] Application startup complete.
[2026-04-06 02:07:08 +0000] [52] [INFO] Booting worker with pid: 52
[2026-04-06 02:07:08 +0000] [54] [INFO] Booting worker with pid: 54
[2026-04-06 02:07:08 +0000] [41] [INFO] Started server process [41]
[2026-04-06 02:07:08 +0000] [41] [INFO] Waiting for application startup.
[2026-04-06 02:07:08 +0000] [41] [INFO] Application startup complete.
[2026-04-06 02:07:08 +0000] [55] [INFO] Booting worker with pid: 55
[2026-04-06 02:07:08 +0000] [45] [INFO] Started server process [45]
[2026-04-06 02:07:08 +0000] [45] [INFO] Waiting for application startup.
[2026-04-06 02:07:08 +0000] [45] [INFO] Application startup complete.
[2026-04-06 02:07:08 +0000] [46] [INFO] Started server process [46]
[2026-04-06 02:07:08 +0000] [46] [INFO] Waiting for application startup.
[2026-04-06 02:07:08 +0000] [46] [INFO] Application startup complete.
[2026-04-06 02:07:08 +0000] [58] [INFO] Booting worker with pid: 58
[2026-04-06 02:07:08 +0000] [48] [INFO] Started server process [48]
[2026-04-06 02:07:08 +0000] [48] [INFO] Waiting for application startup.
[2026-04-06 02:07:08 +0000] [48] [INFO] Application startup complete.
[2026-04-06 02:07:08 +0000] [61] [INFO] Booting worker with pid: 61
[2026-04-06 02:07:08 +0000] [50] [INFO] Started server process [50]
[2026-04-06 02:07:08 +0000] [50] [INFO] Waiting for application startup.
[2026-04-06 02:07:08 +0000] [50] [INFO] Application startup complete.
[2026-04-06 02:07:08 +0000] [52] [INFO] Started server process [52]
[2026-04-06 02:07:08 +0000] [52] [INFO] Waiting for application startup.
[2026-04-06 02:07:08 +0000] [52] [INFO] Application startup complete.
[2026-04-06 02:07:08 +0000] [63] [INFO] Booting worker with pid: 63
[2026-04-06 02:07:09 +0000] [54] [INFO] Started server process [54]
[2026-04-06 02:07:09 +0000] [54] [INFO] Waiting for application startup.
[2026-04-06 02:07:09 +0000] [54] [INFO] Application startup complete.
[2026-04-06 02:07:09 +0000] [55] [INFO] Started server process [55]
[2026-04-06 02:07:09 +0000] [55] [INFO] Waiting for application startup.
[2026-04-06 02:07:09 +0000] [55] [INFO] Application startup complete.
[2026-04-06 02:07:09 +0000] [66] [INFO] Booting worker with pid: 66
[2026-04-06 02:07:09 +0000] [67] [INFO] Booting worker with pid: 67
[2026-04-06 02:07:09 +0000] [68] [INFO] Booting worker with pid: 68
[2026-04-06 02:07:09 +0000] [58] [INFO] Started server process [58]
[2026-04-06 02:07:09 +0000] [58] [INFO] Waiting for application startup.
[2026-04-06 02:07:09 +0000] [58] [INFO] Application startup complete.
[2026-04-06 02:07:09 +0000] [70] [INFO] Booting worker with pid: 70
[2026-04-06 02:07:09 +0000] [72] [INFO] Booting worker with pid: 72
[2026-04-06 02:07:09 +0000] [73] [INFO] Booting worker with pid: 73
[2026-04-06 02:07:09 +0000] [61] [INFO] Started server process [61]
[2026-04-06 02:07:09 +0000] [61] [INFO] Waiting for application startup.
[2026-04-06 02:07:09 +0000] [61] [INFO] Application startup complete.
[2026-04-06 02:07:09 +0000] [74] [INFO] Booting worker with pid: 74
[2026-04-06 02:07:09 +0000] [76] [INFO] Booting worker with pid: 76
[2026-04-06 02:07:09 +0000] [63] [INFO] Started server process [63]
[2026-04-06 02:07:09 +0000] [63] [INFO] Waiting for application startup.
[2026-04-06 02:07:09 +0000] [63] [INFO] Application startup complete.
[2026-04-06 02:07:09 +0000] [77] [INFO] Booting worker with pid: 77
[2026-04-06 02:07:09 +0000] [78] [INFO] Booting worker with pid: 78
[2026-04-06 02:07:09 +0000] [79] [INFO] Booting worker with pid: 79
[2026-04-06 02:07:09 +0000] [80] [INFO] Booting worker with pid: 80
[2026-04-06 02:07:09 +0000] [67] [INFO] Started server process [67]
[2026-04-06 02:07:09 +0000] [66] [INFO] Started server process [66]
[2026-04-06 02:07:09 +0000] [66] [INFO] Waiting for application startup.
[2026-04-06 02:07:09 +0000] [67] [INFO] Waiting for application startup.
[2026-04-06 02:07:09 +0000] [66] [INFO] Application startup complete.
[2026-04-06 02:07:09 +0000] [67] [INFO] Application startup complete.
[2026-04-06 02:07:09 +0000] [83] [INFO] Booting worker with pid: 83
[2026-04-06 02:07:09 +0000] [68] [INFO] Started server process [68]
[2026-04-06 02:07:09 +0000] [68] [INFO] Waiting for application startup.
[2026-04-06 02:07:09 +0000] [68] [INFO] Application startup complete.
[2026-04-06 02:07:09 +0000] [85] [INFO] Booting worker with pid: 85
[2026-04-06 02:07:09 +0000] [70] [INFO] Started server process [70]
[2026-04-06 02:07:09 +0000] [70] [INFO] Waiting for application startup.
[2026-04-06 02:07:09 +0000] [70] [INFO] Application startup complete.
[2026-04-06 02:07:09 +0000] [73] [INFO] Started server process [73]
[2026-04-06 02:07:09 +0000] [73] [INFO] Waiting for application startup.
[2026-04-06 02:07:09 +0000] [73] [INFO] Application startup complete.
[2026-04-06 02:07:09 +0000] [72] [INFO] Started server process [72]
[2026-04-06 02:07:09 +0000] [72] [INFO] Waiting for application startup.
[2026-04-06 02:07:09 +0000] [72] [INFO] Application startup complete.
[2026-04-06 02:07:09 +0000] [74] [INFO] Started server process [74]
[2026-04-06 02:07:09 +0000] [74] [INFO] Waiting for application startup.
[2026-04-06 02:07:09 +0000] [74] [INFO] Application startup complete.
[2026-04-06 02:07:09 +0000] [90] [INFO] Booting worker with pid: 90
[2026-04-06 02:07:09 +0000] [91] [INFO] Booting worker with pid: 91
[2026-04-06 02:07:09 +0000] [76] [INFO] Started server process [76]
[2026-04-06 02:07:09 +0000] [76] [INFO] Waiting for application startup.
[2026-04-06 02:07:09 +0000] [76] [INFO] Application startup complete.
[2026-04-06 02:07:09 +0000] [77] [INFO] Started server process [77]
[2026-04-06 02:07:09 +0000] [77] [INFO] Waiting for application startup.
[2026-04-06 02:07:09 +0000] [77] [INFO] Application startup complete.
[2026-04-06 02:07:09 +0000] [94] [INFO] Booting worker with pid: 94
[2026-04-06 02:07:09 +0000] [96] [INFO] Booting worker with pid: 96
[2026-04-06 02:07:09 +0000] [78] [INFO] Started server process [78]
[2026-04-06 02:07:09 +0000] [78] [INFO] Waiting for application startup.
[2026-04-06 02:07:09 +0000] [78] [INFO] Application startup complete.
[2026-04-06 02:07:09 +0000] [97] [INFO] Booting worker with pid: 97
[2026-04-06 02:07:09 +0000] [99] [INFO] Booting worker with pid: 99
[2026-04-06 02:07:09 +0000] [79] [INFO] Started server process [79]
[2026-04-06 02:07:09 +0000] [79] [INFO] Waiting for application startup.
[2026-04-06 02:07:09 +0000] [79] [INFO] Application startup complete.
[2026-04-06 02:07:09 +0000] [100] [INFO] Booting worker with pid: 100
[2026-04-06 02:07:09 +0000] [101] [INFO] Booting worker with pid: 101
[2026-04-06 02:07:09 +0000] [103] [INFO] Booting worker with pid: 103
[2026-04-06 02:07:09 +0000] [80] [INFO] Started server process [80]
[2026-04-06 02:07:09 +0000] [80] [INFO] Waiting for application startup.
[2026-04-06 02:07:09 +0000] [80] [INFO] Application startup complete.
[2026-04-06 02:07:09 +0000] [83] [INFO] Started server process [83]
[2026-04-06 02:07:09 +0000] [83] [INFO] Waiting for application startup.
[2026-04-06 02:07:09 +0000] [83] [INFO] Application startup complete.
[2026-04-06 02:07:10 +0000] [105] [INFO] Booting worker with pid: 105
[2026-04-06 02:07:10 +0000] [85] [INFO] Started server process [85]
[2026-04-06 02:07:10 +0000] [85] [INFO] Waiting for application startup.
[2026-04-06 02:07:10 +0000] [85] [INFO] Application startup complete.
[2026-04-06 02:07:10 +0000] [107] [INFO] Booting worker with pid: 107
[2026-04-06 02:07:10 +0000] [108] [INFO] Booting worker with pid: 108
[2026-04-06 02:07:10 +0000] [90] [INFO] Started server process [90]
[2026-04-06 02:07:10 +0000] [90] [INFO] Waiting for application startup.
[2026-04-06 02:07:10 +0000] [90] [INFO] Application startup complete.
[2026-04-06 02:07:10 +0000] [111] [INFO] Booting worker with pid: 111
[2026-04-06 02:07:10 +0000] [91] [INFO] Started server process [91]
[2026-04-06 02:07:10 +0000] [91] [INFO] Waiting for application startup.
[2026-04-06 02:07:10 +0000] [91] [INFO] Application startup complete.
[2026-04-06 02:07:10 +0000] [94] [INFO] Started server process [94]
[2026-04-06 02:07:10 +0000] [94] [INFO] Waiting for application startup.
[2026-04-06 02:07:10 +0000] [94] [INFO] Application startup complete.
[2026-04-06 02:07:10 +0000] [113] [INFO] Booting worker with pid: 113
[2026-04-06 02:07:10 +0000] [115] [INFO] Booting worker with pid: 115
[2026-04-06 02:07:10 +0000] [116] [INFO] Booting worker with pid: 116
[2026-04-06 02:07:10 +0000] [96] [INFO] Started server process [96]
[2026-04-06 02:07:10 +0000] [96] [INFO] Waiting for application startup.
[2026-04-06 02:07:10 +0000] [96] [INFO] Application startup complete.
[2026-04-06 02:07:10 +0000] [97] [INFO] Started server process [97]
[2026-04-06 02:07:10 +0000] [97] [INFO] Waiting for application startup.
[2026-04-06 02:07:10 +0000] [97] [INFO] Application startup complete.
[2026-04-06 02:07:10 +0000] [119] [INFO] Booting worker with pid: 119
[2026-04-06 02:07:10 +0000] [99] [INFO] Started server process [99]
[2026-04-06 02:07:10 +0000] [99] [INFO] Waiting for application startup.
[2026-04-06 02:07:10 +0000] [99] [INFO] Application startup complete.
[2026-04-06 02:07:10 +0000] [120] [INFO] Booting worker with pid: 120
[2026-04-06 02:07:10 +0000] [100] [INFO] Started server process [100]
[2026-04-06 02:07:10 +0000] [100] [INFO] Waiting for application startup.
[2026-04-06 02:07:10 +0000] [100] [INFO] Application startup complete.
[2026-04-06 02:07:10 +0000] [101] [INFO] Started server process [101]
[2026-04-06 02:07:10 +0000] [101] [INFO] Waiting for application startup.
[2026-04-06 02:07:10 +0000] [101] [INFO] Application startup complete.
[2026-04-06 02:07:10 +0000] [124] [INFO] Booting worker with pid: 124
[2026-04-06 02:07:10 +0000] [103] [INFO] Started server process [103]
[2026-04-06 02:07:10 +0000] [103] [INFO] Waiting for application startup.
[2026-04-06 02:07:10 +0000] [103] [INFO] Application startup complete.
[2026-04-06 02:07:10 +0000] [105] [INFO] Started server process [105]
[2026-04-06 02:07:10 +0000] [105] [INFO] Waiting for application startup.
[2026-04-06 02:07:10 +0000] [105] [INFO] Application startup complete.
[2026-04-06 02:07:10 +0000] [107] [INFO] Started server process [107]
[2026-04-06 02:07:10 +0000] [107] [INFO] Waiting for application startup.
[2026-04-06 02:07:10 +0000] [107] [INFO] Application startup complete.
[2026-04-06 02:07:10 +0000] [108] [INFO] Started server process [108]
[2026-04-06 02:07:10 +0000] [108] [INFO] Waiting for application startup.
[2026-04-06 02:07:10 +0000] [108] [INFO] Application startup complete.
[2026-04-06 02:07:10 +0000] [111] [INFO] Started server process [111]
[2026-04-06 02:07:10 +0000] [111] [INFO] Waiting for application startup.
[2026-04-06 02:07:10 +0000] [111] [INFO] Application startup complete.
[2026-04-06 02:07:10 +0000] [113] [INFO] Started server process [113]
[2026-04-06 02:07:10 +0000] [113] [INFO] Waiting for application startup.
[2026-04-06 02:07:10 +0000] [113] [INFO] Application startup complete.
[2026-04-06 02:07:10 +0000] [115] [INFO] Started server process [115]
[2026-04-06 02:07:10 +0000] [115] [INFO] Waiting for application startup.
[2026-04-06 02:07:10 +0000] [115] [INFO] Application startup complete.
[2026-04-06 02:07:10 +0000] [119] [INFO] Started server process [119]
[2026-04-06 02:07:10 +0000] [119] [INFO] Waiting for application startup.
[2026-04-06 02:07:10 +0000] [119] [INFO] Application startup complete.
[2026-04-06 02:07:10 +0000] [120] [INFO] Started server process [120]
[2026-04-06 02:07:10 +0000] [120] [INFO] Waiting for application startup.
[2026-04-06 02:07:10 +0000] [120] [INFO] Application startup complete.
[2026-04-06 02:07:10 +0000] [116] [INFO] Started server process [116]
[2026-04-06 02:07:10 +0000] [116] [INFO] Waiting for application startup.
[2026-04-06 02:07:10 +0000] [116] [INFO] Application startup complete.
[2026-04-06 02:07:11 +0000] [124] [INFO] Started server process [124]
[2026-04-06 02:07:11 +0000] [124] [INFO] Waiting for application startup.
[2026-04-06 02:07:11 +0000] [124] [INFO] Application startup complete.
