[2026-04-06 10:36:13 +0000] [1] [INFO] Starting gunicorn 23.0.0
[2026-04-06 10:36:13 +0000] [1] [INFO] Listening at: http://0.0.0.0:8080 (1)
[2026-04-06 10:36:13 +0000] [1] [INFO] Using worker: uvicorn.workers.UvicornWorker
[2026-04-06 10:36:13 +0000] [7] [INFO] Booting worker with pid: 7
[2026-04-06 10:36:13 +0000] [8] [INFO] Booting worker with pid: 8
[2026-04-06 10:36:13 +0000] [9] [INFO] Booting worker with pid: 9
[2026-04-06 10:36:13 +0000] [7] [INFO] Started server process [7]
[2026-04-06 10:36:13 +0000] [7] [INFO] Waiting for application startup.
[2026-04-06 10:36:13 +0000] [7] [INFO] Application startup complete.
[2026-04-06 10:36:13 +0000] [8] [INFO] Started server process [8]
[2026-04-06 10:36:13 +0000] [8] [INFO] Waiting for application startup.
[2026-04-06 10:36:13 +0000] [8] [INFO] Application startup complete.
[2026-04-06 10:36:13 +0000] [13] [INFO] Booting worker with pid: 13
[2026-04-06 10:36:13 +0000] [9] [INFO] Started server process [9]
[2026-04-06 10:36:13 +0000] [9] [INFO] Waiting for application startup.
[2026-04-06 10:36:13 +0000] [9] [INFO] Application startup complete.
[2026-04-06 10:36:13 +0000] [13] [INFO] Started server process [13]
[2026-04-06 10:36:13 +0000] [13] [INFO] Waiting for application startup.
[2026-04-06 10:36:13 +0000] [13] [INFO] Application startup complete.
[2026-04-06 10:36:13 +0000] [15] [INFO] Booting worker with pid: 15
[2026-04-06 10:36:13 +0000] [16] [INFO] Booting worker with pid: 16
[2026-04-06 10:36:13 +0000] [15] [INFO] Started server process [15]
[2026-04-06 10:36:13 +0000] [15] [INFO] Waiting for application startup.
[2026-04-06 10:36:13 +0000] [15] [INFO] Application startup complete.
[2026-04-06 10:36:13 +0000] [19] [INFO] Booting worker with pid: 19
[2026-04-06 10:36:13 +0000] [16] [INFO] Started server process [16]
[2026-04-06 10:36:13 +0000] [16] [INFO] Waiting for application startup.
[2026-04-06 10:36:13 +0000] [16] [INFO] Application startup complete.
[2026-04-06 10:36:13 +0000] [20] [INFO] Booting worker with pid: 20
[2026-04-06 10:36:13 +0000] [22] [INFO] Booting worker with pid: 22
[2026-04-06 10:36:13 +0000] [19] [INFO] Started server process [19]
[2026-04-06 10:36:13 +0000] [19] [INFO] Waiting for application startup.
[2026-04-06 10:36:13 +0000] [19] [INFO] Application startup complete.
[2026-04-06 10:36:13 +0000] [20] [INFO] Started server process [20]
[2026-04-06 10:36:13 +0000] [20] [INFO] Waiting for application startup.
[2026-04-06 10:36:13 +0000] [20] [INFO] Application startup complete.
[2026-04-06 10:36:13 +0000] [24] [INFO] Booting worker with pid: 24
[2026-04-06 10:36:13 +0000] [22] [INFO] Started server process [22]
[2026-04-06 10:36:13 +0000] [22] [INFO] Waiting for application startup.
[2026-04-06 10:36:13 +0000] [22] [INFO] Application startup complete.
[2026-04-06 10:36:13 +0000] [27] [INFO] Booting worker with pid: 27
[2026-04-06 10:36:13 +0000] [24] [INFO] Started server process [24]
[2026-04-06 10:36:13 +0000] [24] [INFO] Waiting for application startup.
[2026-04-06 10:36:13 +0000] [24] [INFO] Application startup complete.
[2026-04-06 10:36:13 +0000] [28] [INFO] Booting worker with pid: 28
[2026-04-06 10:36:13 +0000] [27] [INFO] Started server process [27]
[2026-04-06 10:36:13 +0000] [27] [INFO] Waiting for application startup.
[2026-04-06 10:36:13 +0000] [27] [INFO] Application startup complete.
[2026-04-06 10:36:13 +0000] [30] [INFO] Booting worker with pid: 30
[2026-04-06 10:36:13 +0000] [28] [INFO] Started server process [28]
[2026-04-06 10:36:13 +0000] [28] [INFO] Waiting for application startup.
[2026-04-06 10:36:13 +0000] [28] [INFO] Application startup complete.
[2026-04-06 10:36:13 +0000] [32] [INFO] Booting worker with pid: 32
[2026-04-06 10:36:13 +0000] [30] [INFO] Started server process [30]
[2026-04-06 10:36:13 +0000] [30] [INFO] Waiting for application startup.
[2026-04-06 10:36:13 +0000] [30] [INFO] Application startup complete.
[2026-04-06 10:36:13 +0000] [32] [INFO] Started server process [32]
[2026-04-06 10:36:13 +0000] [32] [INFO] Waiting for application startup.
[2026-04-06 10:36:13 +0000] [32] [INFO] Application startup complete.
[2026-04-06 10:36:13 +0000] [35] [INFO] Booting worker with pid: 35
[2026-04-06 10:36:14 +0000] [35] [INFO] Started server process [35]
[2026-04-06 10:36:14 +0000] [35] [INFO] Waiting for application startup.
[2026-04-06 10:36:14 +0000] [35] [INFO] Application startup complete.
[2026-04-06 10:36:14 +0000] [37] [INFO] Booting worker with pid: 37
[2026-04-06 10:36:14 +0000] [38] [INFO] Booting worker with pid: 38
[2026-04-06 10:36:14 +0000] [39] [INFO] Booting worker with pid: 39
[2026-04-06 10:36:14 +0000] [37] [INFO] Started server process [37]
[2026-04-06 10:36:14 +0000] [37] [INFO] Waiting for application startup.
[2026-04-06 10:36:14 +0000] [37] [INFO] Application startup complete.
[2026-04-06 10:36:14 +0000] [41] [INFO] Booting worker with pid: 41
[2026-04-06 10:36:14 +0000] [43] [INFO] Booting worker with pid: 43
[2026-04-06 10:36:14 +0000] [44] [INFO] Booting worker with pid: 44
[2026-04-06 10:36:14 +0000] [39] [INFO] Started server process [39]
[2026-04-06 10:36:14 +0000] [39] [INFO] Waiting for application startup.
[2026-04-06 10:36:14 +0000] [39] [INFO] Application startup complete.
[2026-04-06 10:36:14 +0000] [38] [INFO] Started server process [38]
[2026-04-06 10:36:14 +0000] [38] [INFO] Waiting for application startup.
[2026-04-06 10:36:14 +0000] [38] [INFO] Application startup complete.
[2026-04-06 10:36:14 +0000] [46] [INFO] Booting worker with pid: 46
[2026-04-06 10:36:14 +0000] [41] [INFO] Started server process [41]
[2026-04-06 10:36:14 +0000] [41] [INFO] Waiting for application startup.
[2026-04-06 10:36:14 +0000] [41] [INFO] Application startup complete.
[2026-04-06 10:36:14 +0000] [49] [INFO] Booting worker with pid: 49
[2026-04-06 10:36:14 +0000] [43] [INFO] Started server process [43]
[2026-04-06 10:36:14 +0000] [43] [INFO] Waiting for application startup.
[2026-04-06 10:36:14 +0000] [43] [INFO] Application startup complete.
[2026-04-06 10:36:14 +0000] [44] [INFO] Started server process [44]
[2026-04-06 10:36:14 +0000] [44] [INFO] Waiting for application startup.
[2026-04-06 10:36:14 +0000] [44] [INFO] Application startup complete.
[2026-04-06 10:36:14 +0000] [46] [INFO] Started server process [46]
[2026-04-06 10:36:14 +0000] [46] [INFO] Waiting for application startup.
[2026-04-06 10:36:14 +0000] [46] [INFO] Application startup complete.
[2026-04-06 10:36:14 +0000] [52] [INFO] Booting worker with pid: 52
[2026-04-06 10:36:14 +0000] [49] [INFO] Started server process [49]
[2026-04-06 10:36:14 +0000] [49] [INFO] Waiting for application startup.
[2026-04-06 10:36:14 +0000] [49] [INFO] Application startup complete.
[2026-04-06 10:36:14 +0000] [55] [INFO] Booting worker with pid: 55
[2026-04-06 10:36:14 +0000] [52] [INFO] Started server process [52]
[2026-04-06 10:36:14 +0000] [52] [INFO] Waiting for application startup.
[2026-04-06 10:36:14 +0000] [52] [INFO] Application startup complete.
[2026-04-06 10:36:14 +0000] [56] [INFO] Booting worker with pid: 56
[2026-04-06 10:36:14 +0000] [57] [INFO] Booting worker with pid: 57
[2026-04-06 10:36:14 +0000] [59] [INFO] Booting worker with pid: 59
[2026-04-06 10:36:14 +0000] [55] [INFO] Started server process [55]
[2026-04-06 10:36:14 +0000] [55] [INFO] Waiting for application startup.
[2026-04-06 10:36:14 +0000] [55] [INFO] Application startup complete.
[2026-04-06 10:36:14 +0000] [56] [INFO] Started server process [56]
[2026-04-06 10:36:14 +0000] [56] [INFO] Waiting for application startup.
[2026-04-06 10:36:14 +0000] [56] [INFO] Application startup complete.
[2026-04-06 10:36:14 +0000] [62] [INFO] Booting worker with pid: 62
[2026-04-06 10:36:14 +0000] [57] [INFO] Started server process [57]
[2026-04-06 10:36:14 +0000] [57] [INFO] Waiting for application startup.
[2026-04-06 10:36:14 +0000] [57] [INFO] Application startup complete.
[2026-04-06 10:36:14 +0000] [59] [INFO] Started server process [59]
[2026-04-06 10:36:14 +0000] [59] [INFO] Waiting for application startup.
[2026-04-06 10:36:14 +0000] [59] [INFO] Application startup complete.
[2026-04-06 10:36:14 +0000] [64] [INFO] Booting worker with pid: 64
[2026-04-06 10:36:14 +0000] [65] [INFO] Booting worker with pid: 65
[2026-04-06 10:36:14 +0000] [67] [INFO] Booting worker with pid: 67
[2026-04-06 10:36:14 +0000] [62] [INFO] Started server process [62]
[2026-04-06 10:36:14 +0000] [62] [INFO] Waiting for application startup.
[2026-04-06 10:36:14 +0000] [62] [INFO] Application startup complete.
[2026-04-06 10:36:14 +0000] [70] [INFO] Booting worker with pid: 70
[2026-04-06 10:36:14 +0000] [71] [INFO] Booting worker with pid: 71
[2026-04-06 10:36:14 +0000] [64] [INFO] Started server process [64]
[2026-04-06 10:36:14 +0000] [64] [INFO] Waiting for application startup.
[2026-04-06 10:36:14 +0000] [64] [INFO] Application startup complete.
[2026-04-06 10:36:14 +0000] [65] [INFO] Started server process [65]
[2026-04-06 10:36:14 +0000] [65] [INFO] Waiting for application startup.
[2026-04-06 10:36:14 +0000] [65] [INFO] Application startup complete.
[2026-04-06 10:36:14 +0000] [67] [INFO] Started server process [67]
[2026-04-06 10:36:14 +0000] [67] [INFO] Waiting for application startup.
[2026-04-06 10:36:14 +0000] [67] [INFO] Application startup complete.
[2026-04-06 10:36:14 +0000] [73] [INFO] Booting worker with pid: 73
[2026-04-06 10:36:14 +0000] [74] [INFO] Booting worker with pid: 74
[2026-04-06 10:36:14 +0000] [70] [INFO] Started server process [70]
[2026-04-06 10:36:14 +0000] [70] [INFO] Waiting for application startup.
[2026-04-06 10:36:14 +0000] [70] [INFO] Application startup complete.
[2026-04-06 10:36:14 +0000] [71] [INFO] Started server process [71]
[2026-04-06 10:36:14 +0000] [71] [INFO] Waiting for application startup.
[2026-04-06 10:36:14 +0000] [71] [INFO] Application startup complete.
[2026-04-06 10:36:14 +0000] [77] [INFO] Booting worker with pid: 77
[2026-04-06 10:36:14 +0000] [73] [INFO] Started server process [73]
[2026-04-06 10:36:14 +0000] [73] [INFO] Waiting for application startup.
[2026-04-06 10:36:14 +0000] [73] [INFO] Application startup complete.
[2026-04-06 10:36:14 +0000] [74] [INFO] Started server process [74]
[2026-04-06 10:36:14 +0000] [74] [INFO] Waiting for application startup.
[2026-04-06 10:36:14 +0000] [74] [INFO] Application startup complete.
[2026-04-06 10:36:14 +0000] [80] [INFO] Booting worker with pid: 80
[2026-04-06 10:36:14 +0000] [81] [INFO] Booting worker with pid: 81
[2026-04-06 10:36:14 +0000] [82] [INFO] Booting worker with pid: 82
[2026-04-06 10:36:14 +0000] [77] [INFO] Started server process [77]
[2026-04-06 10:36:14 +0000] [77] [INFO] Waiting for application startup.
[2026-04-06 10:36:14 +0000] [77] [INFO] Application startup complete.
[2026-04-06 10:36:14 +0000] [84] [INFO] Booting worker with pid: 84
[2026-04-06 10:36:15 +0000] [80] [INFO] Started server process [80]
[2026-04-06 10:36:15 +0000] [80] [INFO] Waiting for application startup.
[2026-04-06 10:36:15 +0000] [80] [INFO] Application startup complete.
[2026-04-06 10:36:15 +0000] [81] [INFO] Started server process [81]
[2026-04-06 10:36:15 +0000] [81] [INFO] Waiting for application startup.
[2026-04-06 10:36:15 +0000] [81] [INFO] Application startup complete.
[2026-04-06 10:36:15 +0000] [88] [INFO] Booting worker with pid: 88
[2026-04-06 10:36:15 +0000] [82] [INFO] Started server process [82]
[2026-04-06 10:36:15 +0000] [82] [INFO] Waiting for application startup.
[2026-04-06 10:36:15 +0000] [82] [INFO] Application startup complete.
[2026-04-06 10:36:15 +0000] [90] [INFO] Booting worker with pid: 90
[2026-04-06 10:36:15 +0000] [84] [INFO] Started server process [84]
[2026-04-06 10:36:15 +0000] [84] [INFO] Waiting for application startup.
[2026-04-06 10:36:15 +0000] [84] [INFO] Application startup complete.
[2026-04-06 10:36:15 +0000] [88] [INFO] Started server process [88]
[2026-04-06 10:36:15 +0000] [88] [INFO] Waiting for application startup.
[2026-04-06 10:36:15 +0000] [88] [INFO] Application startup complete.
[2026-04-06 10:36:15 +0000] [93] [INFO] Booting worker with pid: 93
[2026-04-06 10:36:15 +0000] [90] [INFO] Started server process [90]
[2026-04-06 10:36:15 +0000] [90] [INFO] Waiting for application startup.
[2026-04-06 10:36:15 +0000] [90] [INFO] Application startup complete.
[2026-04-06 10:36:15 +0000] [94] [INFO] Booting worker with pid: 94
[2026-04-06 10:36:15 +0000] [93] [INFO] Started server process [93]
[2026-04-06 10:36:15 +0000] [93] [INFO] Waiting for application startup.
[2026-04-06 10:36:15 +0000] [93] [INFO] Application startup complete.
[2026-04-06 10:36:15 +0000] [96] [INFO] Booting worker with pid: 96
[2026-04-06 10:36:15 +0000] [94] [INFO] Started server process [94]
[2026-04-06 10:36:15 +0000] [94] [INFO] Waiting for application startup.
[2026-04-06 10:36:15 +0000] [94] [INFO] Application startup complete.
[2026-04-06 10:36:15 +0000] [98] [INFO] Booting worker with pid: 98
[2026-04-06 10:36:15 +0000] [99] [INFO] Booting worker with pid: 99
[2026-04-06 10:36:15 +0000] [96] [INFO] Started server process [96]
[2026-04-06 10:36:15 +0000] [96] [INFO] Waiting for application startup.
[2026-04-06 10:36:15 +0000] [96] [INFO] Application startup complete.
[2026-04-06 10:36:15 +0000] [101] [INFO] Booting worker with pid: 101
[2026-04-06 10:36:15 +0000] [98] [INFO] Started server process [98]
[2026-04-06 10:36:15 +0000] [98] [INFO] Waiting for application startup.
[2026-04-06 10:36:15 +0000] [98] [INFO] Application startup complete.
[2026-04-06 10:36:15 +0000] [99] [INFO] Started server process [99]
[2026-04-06 10:36:15 +0000] [99] [INFO] Waiting for application startup.
[2026-04-06 10:36:15 +0000] [99] [INFO] Application startup complete.
[2026-04-06 10:36:15 +0000] [104] [INFO] Booting worker with pid: 104
[2026-04-06 10:36:15 +0000] [105] [INFO] Booting worker with pid: 105
[2026-04-06 10:36:15 +0000] [101] [INFO] Started server process [101]
[2026-04-06 10:36:15 +0000] [101] [INFO] Waiting for application startup.
[2026-04-06 10:36:15 +0000] [101] [INFO] Application startup complete.
[2026-04-06 10:36:15 +0000] [107] [INFO] Booting worker with pid: 107
[2026-04-06 10:36:15 +0000] [104] [INFO] Started server process [104]
[2026-04-06 10:36:15 +0000] [104] [INFO] Waiting for application startup.
[2026-04-06 10:36:15 +0000] [104] [INFO] Application startup complete.
[2026-04-06 10:36:15 +0000] [105] [INFO] Started server process [105]
[2026-04-06 10:36:15 +0000] [105] [INFO] Waiting for application startup.
[2026-04-06 10:36:15 +0000] [105] [INFO] Application startup complete.
[2026-04-06 10:36:15 +0000] [110] [INFO] Booting worker with pid: 110
[2026-04-06 10:36:15 +0000] [107] [INFO] Started server process [107]
[2026-04-06 10:36:15 +0000] [107] [INFO] Waiting for application startup.
[2026-04-06 10:36:15 +0000] [107] [INFO] Application startup complete.
[2026-04-06 10:36:15 +0000] [112] [INFO] Booting worker with pid: 112
[2026-04-06 10:36:15 +0000] [113] [INFO] Booting worker with pid: 113
[2026-04-06 10:36:15 +0000] [115] [INFO] Booting worker with pid: 115
[2026-04-06 10:36:15 +0000] [110] [INFO] Started server process [110]
[2026-04-06 10:36:15 +0000] [110] [INFO] Waiting for application startup.
[2026-04-06 10:36:15 +0000] [110] [INFO] Application startup complete.
[2026-04-06 10:36:15 +0000] [116] [INFO] Booting worker with pid: 116
[2026-04-06 10:36:15 +0000] [117] [INFO] Booting worker with pid: 117
[2026-04-06 10:36:15 +0000] [118] [INFO] Booting worker with pid: 118
[2026-04-06 10:36:15 +0000] [120] [INFO] Booting worker with pid: 120
[2026-04-06 10:36:15 +0000] [121] [INFO] Booting worker with pid: 121
[2026-04-06 10:36:15 +0000] [112] [INFO] Started server process [112]
[2026-04-06 10:36:15 +0000] [112] [INFO] Waiting for application startup.
[2026-04-06 10:36:15 +0000] [112] [INFO] Application startup complete.
[2026-04-06 10:36:15 +0000] [113] [INFO] Started server process [113]
[2026-04-06 10:36:15 +0000] [113] [INFO] Waiting for application startup.
[2026-04-06 10:36:15 +0000] [113] [INFO] Application startup complete.
[2026-04-06 10:36:16 +0000] [115] [INFO] Started server process [115]
[2026-04-06 10:36:16 +0000] [115] [INFO] Waiting for application startup.
[2026-04-06 10:36:16 +0000] [115] [INFO] Application startup complete.
[2026-04-06 10:36:16 +0000] [116] [INFO] Started server process [116]
[2026-04-06 10:36:16 +0000] [116] [INFO] Waiting for application startup.
[2026-04-06 10:36:16 +0000] [116] [INFO] Application startup complete.
[2026-04-06 10:36:16 +0000] [117] [INFO] Started server process [117]
[2026-04-06 10:36:16 +0000] [117] [INFO] Waiting for application startup.
[2026-04-06 10:36:16 +0000] [117] [INFO] Application startup complete.
[2026-04-06 10:36:16 +0000] [127] [INFO] Booting worker with pid: 127
[2026-04-06 10:36:16 +0000] [118] [INFO] Started server process [118]
[2026-04-06 10:36:16 +0000] [118] [INFO] Waiting for application startup.
[2026-04-06 10:36:16 +0000] [118] [INFO] Application startup complete.
[2026-04-06 10:36:16 +0000] [129] [INFO] Booting worker with pid: 129
[2026-04-06 10:36:16 +0000] [120] [INFO] Started server process [120]
[2026-04-06 10:36:16 +0000] [120] [INFO] Waiting for application startup.
[2026-04-06 10:36:16 +0000] [120] [INFO] Application startup complete.
[2026-04-06 10:36:16 +0000] [121] [INFO] Started server process [121]
[2026-04-06 10:36:16 +0000] [121] [INFO] Waiting for application startup.
[2026-04-06 10:36:16 +0000] [121] [INFO] Application startup complete.
[2026-04-06 10:36:16 +0000] [132] [INFO] Booting worker with pid: 132
[2026-04-06 10:36:16 +0000] [127] [INFO] Started server process [127]
[2026-04-06 10:36:16 +0000] [127] [INFO] Waiting for application startup.
[2026-04-06 10:36:16 +0000] [127] [INFO] Application startup complete.
[2026-04-06 10:36:16 +0000] [129] [INFO] Started server process [129]
[2026-04-06 10:36:16 +0000] [129] [INFO] Waiting for application startup.
[2026-04-06 10:36:16 +0000] [129] [INFO] Application startup complete.
[2026-04-06 10:36:16 +0000] [132] [INFO] Started server process [132]
[2026-04-06 10:36:16 +0000] [132] [INFO] Waiting for application startup.
[2026-04-06 10:36:16 +0000] [132] [INFO] Application startup complete.
