[2026-04-06 02:08:11 +0000] [1] [INFO] Starting gunicorn 23.0.0
[2026-04-06 02:08:11 +0000] [1] [INFO] Listening at: http://0.0.0.0:8080 (1)
[2026-04-06 02:08:11 +0000] [1] [INFO] Using worker: uvicorn.workers.UvicornWorker
[2026-04-06 02:08:11 +0000] [7] [INFO] Booting worker with pid: 7
[2026-04-06 02:08:11 +0000] [8] [INFO] Booting worker with pid: 8
[2026-04-06 02:08:11 +0000] [9] [INFO] Booting worker with pid: 9
[2026-04-06 02:08:11 +0000] [10] [INFO] Booting worker with pid: 10
[2026-04-06 02:08:12 +0000] [11] [INFO] Booting worker with pid: 11
[2026-04-06 02:08:12 +0000] [12] [INFO] Booting worker with pid: 12
[2026-04-06 02:08:12 +0000] [13] [INFO] Booting worker with pid: 13
[2026-04-06 02:08:12 +0000] [16] [INFO] Booting worker with pid: 16
[2026-04-06 02:08:12 +0000] [8] [INFO] Started server process [8]
[2026-04-06 02:08:12 +0000] [9] [INFO] Started server process [9]
[2026-04-06 02:08:12 +0000] [9] [INFO] Waiting for application startup.
[2026-04-06 02:08:12 +0000] [8] [INFO] Waiting for application startup.
[2026-04-06 02:08:12 +0000] [7] [INFO] Started server process [7]
[2026-04-06 02:08:12 +0000] [7] [INFO] Waiting for application startup.
[2026-04-06 02:08:12 +0000] [8] [INFO] Application startup complete.
[2026-04-06 02:08:12 +0000] [9] [INFO] Application startup complete.
[2026-04-06 02:08:12 +0000] [7] [INFO] Application startup complete.
[2026-04-06 02:08:12 +0000] [10] [INFO] Started server process [10]
[2026-04-06 02:08:12 +0000] [10] [INFO] Waiting for application startup.
[2026-04-06 02:08:12 +0000] [10] [INFO] Application startup complete.
[2026-04-06 02:08:12 +0000] [19] [INFO] Booting worker with pid: 19
[2026-04-06 02:08:12 +0000] [21] [INFO] Booting worker with pid: 21
[2026-04-06 02:08:12 +0000] [22] [INFO] Booting worker with pid: 22
[2026-04-06 02:08:12 +0000] [23] [INFO] Booting worker with pid: 23
[2026-04-06 02:08:12 +0000] [11] [INFO] Started server process [11]
[2026-04-06 02:08:12 +0000] [11] [INFO] Waiting for application startup.
[2026-04-06 02:08:12 +0000] [11] [INFO] Application startup complete.
[2026-04-06 02:08:12 +0000] [12] [INFO] Started server process [12]
[2026-04-06 02:08:12 +0000] [12] [INFO] Waiting for application startup.
[2026-04-06 02:08:12 +0000] [12] [INFO] Application startup complete.
[2026-04-06 02:08:12 +0000] [26] [INFO] Booting worker with pid: 26
[2026-04-06 02:08:12 +0000] [13] [INFO] Started server process [13]
[2026-04-06 02:08:12 +0000] [13] [INFO] Waiting for application startup.
[2026-04-06 02:08:12 +0000] [13] [INFO] Application startup complete.
[2026-04-06 02:08:12 +0000] [27] [INFO] Booting worker with pid: 27
[2026-04-06 02:08:12 +0000] [16] [INFO] Started server process [16]
[2026-04-06 02:08:12 +0000] [16] [INFO] Waiting for application startup.
[2026-04-06 02:08:12 +0000] [16] [INFO] Application startup complete.
[2026-04-06 02:08:12 +0000] [29] [INFO] Booting worker with pid: 29
[2026-04-06 02:08:12 +0000] [30] [INFO] Booting worker with pid: 30
[2026-04-06 02:08:12 +0000] [31] [INFO] Booting worker with pid: 31
[2026-04-06 02:08:12 +0000] [32] [INFO] Booting worker with pid: 32
[2026-04-06 02:08:12 +0000] [19] [INFO] Started server process [19]
[2026-04-06 02:08:12 +0000] [19] [INFO] Waiting for application startup.
[2026-04-06 02:08:12 +0000] [19] [INFO] Application startup complete.
[2026-04-06 02:08:12 +0000] [36] [INFO] Booting worker with pid: 36
[2026-04-06 02:08:12 +0000] [21] [INFO] Started server process [21]
[2026-04-06 02:08:12 +0000] [21] [INFO] Waiting for application startup.
[2026-04-06 02:08:12 +0000] [21] [INFO] Application startup complete.
[2026-04-06 02:08:12 +0000] [22] [INFO] Started server process [22]
[2026-04-06 02:08:12 +0000] [22] [INFO] Waiting for application startup.
[2026-04-06 02:08:12 +0000] [22] [INFO] Application startup complete.
[2026-04-06 02:08:12 +0000] [38] [INFO] Booting worker with pid: 38
[2026-04-06 02:08:12 +0000] [23] [INFO] Started server process [23]
[2026-04-06 02:08:12 +0000] [23] [INFO] Waiting for application startup.
[2026-04-06 02:08:12 +0000] [23] [INFO] Application startup complete.
[2026-04-06 02:08:12 +0000] [39] [INFO] Booting worker with pid: 39
[2026-04-06 02:08:12 +0000] [41] [INFO] Booting worker with pid: 41
[2026-04-06 02:08:12 +0000] [26] [INFO] Started server process [26]
[2026-04-06 02:08:12 +0000] [26] [INFO] Waiting for application startup.
[2026-04-06 02:08:12 +0000] [26] [INFO] Application startup complete.
[2026-04-06 02:08:12 +0000] [43] [INFO] Booting worker with pid: 43
[2026-04-06 02:08:12 +0000] [27] [INFO] Started server process [27]
[2026-04-06 02:08:12 +0000] [27] [INFO] Waiting for application startup.
[2026-04-06 02:08:12 +0000] [27] [INFO] Application startup complete.
[2026-04-06 02:08:12 +0000] [45] [INFO] Booting worker with pid: 45
[2026-04-06 02:08:12 +0000] [29] [INFO] Started server process [29]
[2026-04-06 02:08:12 +0000] [29] [INFO] Waiting for application startup.
[2026-04-06 02:08:12 +0000] [29] [INFO] Application startup complete.
[2026-04-06 02:08:12 +0000] [30] [INFO] Started server process [30]
[2026-04-06 02:08:12 +0000] [30] [INFO] Waiting for application startup.
[2026-04-06 02:08:12 +0000] [30] [INFO] Application startup complete.
[2026-04-06 02:08:12 +0000] [31] [INFO] Started server process [31]
[2026-04-06 02:08:12 +0000] [31] [INFO] Waiting for application startup.
[2026-04-06 02:08:12 +0000] [31] [INFO] Application startup complete.
[2026-04-06 02:08:12 +0000] [32] [INFO] Started server process [32]
[2026-04-06 02:08:12 +0000] [32] [INFO] Waiting for application startup.
[2026-04-06 02:08:12 +0000] [32] [INFO] Application startup complete.
[2026-04-06 02:08:12 +0000] [36] [INFO] Started server process [36]
[2026-04-06 02:08:12 +0000] [36] [INFO] Waiting for application startup.
[2026-04-06 02:08:12 +0000] [36] [INFO] Application startup complete.
[2026-04-06 02:08:12 +0000] [50] [INFO] Booting worker with pid: 50
[2026-04-06 02:08:12 +0000] [38] [INFO] Started server process [38]
[2026-04-06 02:08:12 +0000] [38] [INFO] Waiting for application startup.
[2026-04-06 02:08:12 +0000] [38] [INFO] Application startup complete.
[2026-04-06 02:08:12 +0000] [39] [INFO] Started server process [39]
[2026-04-06 02:08:12 +0000] [39] [INFO] Waiting for application startup.
[2026-04-06 02:08:12 +0000] [39] [INFO] Application startup complete.
[2026-04-06 02:08:12 +0000] [53] [INFO] Booting worker with pid: 53
[2026-04-06 02:08:12 +0000] [54] [INFO] Booting worker with pid: 54
[2026-04-06 02:08:12 +0000] [41] [INFO] Started server process [41]
[2026-04-06 02:08:12 +0000] [41] [INFO] Waiting for application startup.
[2026-04-06 02:08:12 +0000] [41] [INFO] Application startup complete.
[2026-04-06 02:08:12 +0000] [56] [INFO] Booting worker with pid: 56
[2026-04-06 02:08:13 +0000] [43] [INFO] Started server process [43]
[2026-04-06 02:08:13 +0000] [43] [INFO] Waiting for application startup.
[2026-04-06 02:08:13 +0000] [43] [INFO] Application startup complete.
[2026-04-06 02:08:13 +0000] [59] [INFO] Booting worker with pid: 59
[2026-04-06 02:08:13 +0000] [45] [INFO] Started server process [45]
[2026-04-06 02:08:13 +0000] [45] [INFO] Waiting for application startup.
[2026-04-06 02:08:13 +0000] [45] [INFO] Application startup complete.
[2026-04-06 02:08:13 +0000] [60] [INFO] Booting worker with pid: 60
[2026-04-06 02:08:13 +0000] [61] [INFO] Booting worker with pid: 61
[2026-04-06 02:08:13 +0000] [50] [INFO] Started server process [50]
[2026-04-06 02:08:13 +0000] [50] [INFO] Waiting for application startup.
[2026-04-06 02:08:13 +0000] [50] [INFO] Application startup complete.
[2026-04-06 02:08:13 +0000] [63] [INFO] Booting worker with pid: 63
[2026-04-06 02:08:13 +0000] [64] [INFO] Booting worker with pid: 64
[2026-04-06 02:08:13 +0000] [53] [INFO] Started server process [53]
[2026-04-06 02:08:13 +0000] [53] [INFO] Waiting for application startup.
[2026-04-06 02:08:13 +0000] [53] [INFO] Application startup complete.
[2026-04-06 02:08:13 +0000] [54] [INFO] Started server process [54]
[2026-04-06 02:08:13 +0000] [54] [INFO] Waiting for application startup.
[2026-04-06 02:08:13 +0000] [54] [INFO] Application startup complete.
[2026-04-06 02:08:13 +0000] [67] [INFO] Booting worker with pid: 67
[2026-04-06 02:08:13 +0000] [69] [INFO] Booting worker with pid: 69
[2026-04-06 02:08:13 +0000] [56] [INFO] Started server process [56]
[2026-04-06 02:08:13 +0000] [56] [INFO] Waiting for application startup.
[2026-04-06 02:08:13 +0000] [56] [INFO] Application startup complete.
[2026-04-06 02:08:13 +0000] [71] [INFO] Booting worker with pid: 71
[2026-04-06 02:08:13 +0000] [59] [INFO] Started server process [59]
[2026-04-06 02:08:13 +0000] [59] [INFO] Waiting for application startup.
[2026-04-06 02:08:13 +0000] [59] [INFO] Application startup complete.
[2026-04-06 02:08:13 +0000] [60] [INFO] Started server process [60]
[2026-04-06 02:08:13 +0000] [60] [INFO] Waiting for application startup.
[2026-04-06 02:08:13 +0000] [60] [INFO] Application startup complete.
[2026-04-06 02:08:13 +0000] [74] [INFO] Booting worker with pid: 74
[2026-04-06 02:08:13 +0000] [61] [INFO] Started server process [61]
[2026-04-06 02:08:13 +0000] [61] [INFO] Waiting for application startup.
[2026-04-06 02:08:13 +0000] [61] [INFO] Application startup complete.
[2026-04-06 02:08:13 +0000] [63] [INFO] Started server process [63]
[2026-04-06 02:08:13 +0000] [63] [INFO] Waiting for application startup.
[2026-04-06 02:08:13 +0000] [63] [INFO] Application startup complete.
[2026-04-06 02:08:13 +0000] [76] [INFO] Booting worker with pid: 76
[2026-04-06 02:08:13 +0000] [64] [INFO] Started server process [64]
[2026-04-06 02:08:13 +0000] [64] [INFO] Waiting for application startup.
[2026-04-06 02:08:13 +0000] [64] [INFO] Application startup complete.
[2026-04-06 02:08:13 +0000] [79] [INFO] Booting worker with pid: 79
[2026-04-06 02:08:13 +0000] [67] [INFO] Started server process [67]
[2026-04-06 02:08:13 +0000] [67] [INFO] Waiting for application startup.
[2026-04-06 02:08:13 +0000] [67] [INFO] Application startup complete.
[2026-04-06 02:08:13 +0000] [69] [INFO] Started server process [69]
[2026-04-06 02:08:13 +0000] [69] [INFO] Waiting for application startup.
[2026-04-06 02:08:13 +0000] [69] [INFO] Application startup complete.
[2026-04-06 02:08:13 +0000] [71] [INFO] Started server process [71]
[2026-04-06 02:08:13 +0000] [71] [INFO] Waiting for application startup.
[2026-04-06 02:08:13 +0000] [71] [INFO] Application startup complete.
[2026-04-06 02:08:13 +0000] [82] [INFO] Booting worker with pid: 82
[2026-04-06 02:08:13 +0000] [74] [INFO] Started server process [74]
[2026-04-06 02:08:13 +0000] [74] [INFO] Waiting for application startup.
[2026-04-06 02:08:13 +0000] [74] [INFO] Application startup complete.
[2026-04-06 02:08:13 +0000] [84] [INFO] Booting worker with pid: 84
[2026-04-06 02:08:13 +0000] [76] [INFO] Started server process [76]
[2026-04-06 02:08:13 +0000] [76] [INFO] Waiting for application startup.
[2026-04-06 02:08:13 +0000] [76] [INFO] Application startup complete.
[2026-04-06 02:08:13 +0000] [86] [INFO] Booting worker with pid: 86
[2026-04-06 02:08:13 +0000] [88] [INFO] Booting worker with pid: 88
[2026-04-06 02:08:13 +0000] [89] [INFO] Booting worker with pid: 89
[2026-04-06 02:08:13 +0000] [79] [INFO] Started server process [79]
[2026-04-06 02:08:13 +0000] [79] [INFO] Waiting for application startup.
[2026-04-06 02:08:13 +0000] [79] [INFO] Application startup complete.
[2026-04-06 02:08:13 +0000] [90] [INFO] Booting worker with pid: 90
[2026-04-06 02:08:13 +0000] [82] [INFO] Started server process [82]
[2026-04-06 02:08:13 +0000] [82] [INFO] Waiting for application startup.
[2026-04-06 02:08:13 +0000] [82] [INFO] Application startup complete.
[2026-04-06 02:08:13 +0000] [92] [INFO] Booting worker with pid: 92
[2026-04-06 02:08:13 +0000] [93] [INFO] Booting worker with pid: 93
[2026-04-06 02:08:13 +0000] [84] [INFO] Started server process [84]
[2026-04-06 02:08:13 +0000] [84] [INFO] Waiting for application startup.
[2026-04-06 02:08:13 +0000] [84] [INFO] Application startup complete.
[2026-04-06 02:08:14 +0000] [86] [INFO] Started server process [86]
[2026-04-06 02:08:14 +0000] [86] [INFO] Waiting for application startup.
[2026-04-06 02:08:14 +0000] [86] [INFO] Application startup complete.
[2026-04-06 02:08:14 +0000] [96] [INFO] Booting worker with pid: 96
[2026-04-06 02:08:14 +0000] [97] [INFO] Booting worker with pid: 97
[2026-04-06 02:08:14 +0000] [88] [INFO] Started server process [88]
[2026-04-06 02:08:14 +0000] [88] [INFO] Waiting for application startup.
[2026-04-06 02:08:14 +0000] [88] [INFO] Application startup complete.
[2026-04-06 02:08:14 +0000] [89] [INFO] Started server process [89]
[2026-04-06 02:08:14 +0000] [89] [INFO] Waiting for application startup.
[2026-04-06 02:08:14 +0000] [89] [INFO] Application startup complete.
[2026-04-06 02:08:14 +0000] [90] [INFO] Started server process [90]
[2026-04-06 02:08:14 +0000] [90] [INFO] Waiting for application startup.
[2026-04-06 02:08:14 +0000] [90] [INFO] Application startup complete.
[2026-04-06 02:08:14 +0000] [101] [INFO] Booting worker with pid: 101
[2026-04-06 02:08:14 +0000] [92] [INFO] Started server process [92]
[2026-04-06 02:08:14 +0000] [92] [INFO] Waiting for application startup.
[2026-04-06 02:08:14 +0000] [92] [INFO] Application startup complete.
[2026-04-06 02:08:14 +0000] [104] [INFO] Booting worker with pid: 104
[2026-04-06 02:08:14 +0000] [93] [INFO] Started server process [93]
[2026-04-06 02:08:14 +0000] [93] [INFO] Waiting for application startup.
[2026-04-06 02:08:14 +0000] [93] [INFO] Application startup complete.
[2026-04-06 02:08:14 +0000] [96] [INFO] Started server process [96]
[2026-04-06 02:08:14 +0000] [96] [INFO] Waiting for application startup.
[2026-04-06 02:08:14 +0000] [96] [INFO] Application startup complete.
[2026-04-06 02:08:14 +0000] [106] [INFO] Booting worker with pid: 106
[2026-04-06 02:08:14 +0000] [97] [INFO] Started server process [97]
[2026-04-06 02:08:14 +0000] [97] [INFO] Waiting for application startup.
[2026-04-06 02:08:14 +0000] [97] [INFO] Application startup complete.
[2026-04-06 02:08:14 +0000] [108] [INFO] Booting worker with pid: 108
[2026-04-06 02:08:14 +0000] [109] [INFO] Booting worker with pid: 109
[2026-04-06 02:08:14 +0000] [101] [INFO] Started server process [101]
[2026-04-06 02:08:14 +0000] [101] [INFO] Waiting for application startup.
[2026-04-06 02:08:14 +0000] [101] [INFO] Application startup complete.
[2026-04-06 02:08:14 +0000] [111] [INFO] Booting worker with pid: 111
[2026-04-06 02:08:14 +0000] [112] [INFO] Booting worker with pid: 112
[2026-04-06 02:08:14 +0000] [104] [INFO] Started server process [104]
[2026-04-06 02:08:14 +0000] [104] [INFO] Waiting for application startup.
[2026-04-06 02:08:14 +0000] [104] [INFO] Application startup complete.
[2026-04-06 02:08:14 +0000] [114] [INFO] Booting worker with pid: 114
[2026-04-06 02:08:14 +0000] [115] [INFO] Booting worker with pid: 115
[2026-04-06 02:08:14 +0000] [106] [INFO] Started server process [106]
[2026-04-06 02:08:14 +0000] [106] [INFO] Waiting for application startup.
[2026-04-06 02:08:14 +0000] [106] [INFO] Application startup complete.
[2026-04-06 02:08:14 +0000] [117] [INFO] Booting worker with pid: 117
[2026-04-06 02:08:14 +0000] [108] [INFO] Started server process [108]
[2026-04-06 02:08:14 +0000] [108] [INFO] Waiting for application startup.
[2026-04-06 02:08:14 +0000] [108] [INFO] Application startup complete.
[2026-04-06 02:08:14 +0000] [109] [INFO] Started server process [109]
[2026-04-06 02:08:14 +0000] [109] [INFO] Waiting for application startup.
[2026-04-06 02:08:14 +0000] [109] [INFO] Application startup complete.
[2026-04-06 02:08:14 +0000] [111] [INFO] Started server process [111]
[2026-04-06 02:08:14 +0000] [111] [INFO] Waiting for application startup.
[2026-04-06 02:08:14 +0000] [111] [INFO] Application startup complete.
[2026-04-06 02:08:14 +0000] [121] [INFO] Booting worker with pid: 121
[2026-04-06 02:08:14 +0000] [123] [INFO] Booting worker with pid: 123
[2026-04-06 02:08:14 +0000] [112] [INFO] Started server process [112]
[2026-04-06 02:08:14 +0000] [112] [INFO] Waiting for application startup.
[2026-04-06 02:08:14 +0000] [112] [INFO] Application startup complete.
[2026-04-06 02:08:14 +0000] [124] [INFO] Booting worker with pid: 124
[2026-04-06 02:08:14 +0000] [126] [INFO] Booting worker with pid: 126
[2026-04-06 02:08:14 +0000] [114] [INFO] Started server process [114]
[2026-04-06 02:08:14 +0000] [114] [INFO] Waiting for application startup.
[2026-04-06 02:08:14 +0000] [114] [INFO] Application startup complete.
[2026-04-06 02:08:14 +0000] [115] [INFO] Started server process [115]
[2026-04-06 02:08:14 +0000] [115] [INFO] Waiting for application startup.
[2026-04-06 02:08:14 +0000] [115] [INFO] Application startup complete.
[2026-04-06 02:08:14 +0000] [128] [INFO] Booting worker with pid: 128
[2026-04-06 02:08:14 +0000] [117] [INFO] Started server process [117]
[2026-04-06 02:08:14 +0000] [117] [INFO] Waiting for application startup.
[2026-04-06 02:08:14 +0000] [117] [INFO] Application startup complete.
[2026-04-06 02:08:15 +0000] [121] [INFO] Started server process [121]
[2026-04-06 02:08:15 +0000] [121] [INFO] Waiting for application startup.
[2026-04-06 02:08:15 +0000] [121] [INFO] Application startup complete.
[2026-04-06 02:08:15 +0000] [123] [INFO] Started server process [123]
[2026-04-06 02:08:15 +0000] [123] [INFO] Waiting for application startup.
[2026-04-06 02:08:15 +0000] [123] [INFO] Application startup complete.
[2026-04-06 02:08:15 +0000] [124] [INFO] Started server process [124]
[2026-04-06 02:08:15 +0000] [124] [INFO] Waiting for application startup.
[2026-04-06 02:08:15 +0000] [124] [INFO] Application startup complete.
[2026-04-06 02:08:15 +0000] [126] [INFO] Started server process [126]
[2026-04-06 02:08:15 +0000] [126] [INFO] Waiting for application startup.
[2026-04-06 02:08:15 +0000] [126] [INFO] Application startup complete.
[2026-04-06 02:08:15 +0000] [128] [INFO] Started server process [128]
[2026-04-06 02:08:15 +0000] [128] [INFO] Waiting for application startup.
[2026-04-06 02:08:15 +0000] [128] [INFO] Application startup complete.
