[2026-04-06 10:37:19 +0000] [1] [INFO] Starting gunicorn 23.0.0
[2026-04-06 10:37:19 +0000] [1] [INFO] Listening at: http://0.0.0.0:8080 (1)
[2026-04-06 10:37:19 +0000] [1] [INFO] Using worker: uvicorn.workers.UvicornWorker
[2026-04-06 10:37:19 +0000] [7] [INFO] Booting worker with pid: 7
[2026-04-06 10:37:19 +0000] [8] [INFO] Booting worker with pid: 8
[2026-04-06 10:37:19 +0000] [9] [INFO] Booting worker with pid: 9
[2026-04-06 10:37:19 +0000] [10] [INFO] Booting worker with pid: 10
[2026-04-06 10:37:19 +0000] [7] [INFO] Started server process [7]
[2026-04-06 10:37:19 +0000] [9] [INFO] Started server process [9]
[2026-04-06 10:37:19 +0000] [8] [INFO] Started server process [8]
[2026-04-06 10:37:19 +0000] [7] [INFO] Waiting for application startup.
[2026-04-06 10:37:19 +0000] [9] [INFO] Waiting for application startup.
[2026-04-06 10:37:19 +0000] [8] [INFO] Waiting for application startup.
[2026-04-06 10:37:19 +0000] [8] [INFO] Application startup complete.
[2026-04-06 10:37:19 +0000] [7] [INFO] Application startup complete.
[2026-04-06 10:37:19 +0000] [9] [INFO] Application startup complete.
[2026-04-06 10:37:19 +0000] [15] [INFO] Booting worker with pid: 15
[2026-04-06 10:37:19 +0000] [10] [INFO] Started server process [10]
[2026-04-06 10:37:19 +0000] [10] [INFO] Waiting for application startup.
[2026-04-06 10:37:19 +0000] [10] [INFO] Application startup complete.
[2026-04-06 10:37:19 +0000] [16] [INFO] Booting worker with pid: 16
[2026-04-06 10:37:19 +0000] [15] [INFO] Started server process [15]
[2026-04-06 10:37:19 +0000] [15] [INFO] Waiting for application startup.
[2026-04-06 10:37:19 +0000] [15] [INFO] Application startup complete.
[2026-04-06 10:37:19 +0000] [16] [INFO] Started server process [16]
[2026-04-06 10:37:19 +0000] [16] [INFO] Waiting for application startup.
[2026-04-06 10:37:19 +0000] [16] [INFO] Application startup complete.
[2026-04-06 10:37:19 +0000] [19] [INFO] Booting worker with pid: 19
[2026-04-06 10:37:19 +0000] [19] [INFO] Started server process [19]
[2026-04-06 10:37:19 +0000] [19] [INFO] Waiting for application startup.
[2026-04-06 10:37:19 +0000] [19] [INFO] Application startup complete.
[2026-04-06 10:37:19 +0000] [21] [INFO] Booting worker with pid: 21
[2026-04-06 10:37:19 +0000] [22] [INFO] Booting worker with pid: 22
[2026-04-06 10:37:19 +0000] [23] [INFO] Booting worker with pid: 23
[2026-04-06 10:37:19 +0000] [21] [INFO] Started server process [21]
[2026-04-06 10:37:19 +0000] [21] [INFO] Waiting for application startup.
[2026-04-06 10:37:19 +0000] [21] [INFO] Application startup complete.
[2026-04-06 10:37:19 +0000] [26] [INFO] Booting worker with pid: 26
[2026-04-06 10:37:19 +0000] [27] [INFO] Booting worker with pid: 27
[2026-04-06 10:37:20 +0000] [22] [INFO] Started server process [22]
[2026-04-06 10:37:20 +0000] [22] [INFO] Waiting for application startup.
[2026-04-06 10:37:20 +0000] [22] [INFO] Application startup complete.
[2026-04-06 10:37:20 +0000] [23] [INFO] Started server process [23]
[2026-04-06 10:37:20 +0000] [23] [INFO] Waiting for application startup.
[2026-04-06 10:37:20 +0000] [23] [INFO] Application startup complete.
[2026-04-06 10:37:20 +0000] [29] [INFO] Booting worker with pid: 29
[2026-04-06 10:37:20 +0000] [26] [INFO] Started server process [26]
[2026-04-06 10:37:20 +0000] [26] [INFO] Waiting for application startup.
[2026-04-06 10:37:20 +0000] [27] [INFO] Started server process [27]
[2026-04-06 10:37:20 +0000] [27] [INFO] Waiting for application startup.
[2026-04-06 10:37:20 +0000] [26] [INFO] Application startup complete.
[2026-04-06 10:37:20 +0000] [27] [INFO] Application startup complete.
[2026-04-06 10:37:20 +0000] [32] [INFO] Booting worker with pid: 32
[2026-04-06 10:37:20 +0000] [34] [INFO] Booting worker with pid: 34
[2026-04-06 10:37:20 +0000] [29] [INFO] Started server process [29]
[2026-04-06 10:37:20 +0000] [29] [INFO] Waiting for application startup.
[2026-04-06 10:37:20 +0000] [29] [INFO] Application startup complete.
[2026-04-06 10:37:20 +0000] [32] [INFO] Started server process [32]
[2026-04-06 10:37:20 +0000] [32] [INFO] Waiting for application startup.
[2026-04-06 10:37:20 +0000] [32] [INFO] Application startup complete.
[2026-04-06 10:37:20 +0000] [36] [INFO] Booting worker with pid: 36
[2026-04-06 10:37:20 +0000] [34] [INFO] Started server process [34]
[2026-04-06 10:37:20 +0000] [34] [INFO] Waiting for application startup.
[2026-04-06 10:37:20 +0000] [34] [INFO] Application startup complete.
[2026-04-06 10:37:20 +0000] [38] [INFO] Booting worker with pid: 38
[2026-04-06 10:37:20 +0000] [40] [INFO] Booting worker with pid: 40
[2026-04-06 10:37:20 +0000] [36] [INFO] Started server process [36]
[2026-04-06 10:37:20 +0000] [36] [INFO] Waiting for application startup.
[2026-04-06 10:37:20 +0000] [36] [INFO] Application startup complete.
[2026-04-06 10:37:20 +0000] [41] [INFO] Booting worker with pid: 41
[2026-04-06 10:37:20 +0000] [38] [INFO] Started server process [38]
[2026-04-06 10:37:20 +0000] [38] [INFO] Waiting for application startup.
[2026-04-06 10:37:20 +0000] [38] [INFO] Application startup complete.
[2026-04-06 10:37:20 +0000] [40] [INFO] Started server process [40]
[2026-04-06 10:37:20 +0000] [40] [INFO] Waiting for application startup.
[2026-04-06 10:37:20 +0000] [40] [INFO] Application startup complete.
[2026-04-06 10:37:20 +0000] [44] [INFO] Booting worker with pid: 44
[2026-04-06 10:37:20 +0000] [41] [INFO] Started server process [41]
[2026-04-06 10:37:20 +0000] [41] [INFO] Waiting for application startup.
[2026-04-06 10:37:20 +0000] [41] [INFO] Application startup complete.
[2026-04-06 10:37:20 +0000] [44] [INFO] Started server process [44]
[2026-04-06 10:37:20 +0000] [44] [INFO] Waiting for application startup.
[2026-04-06 10:37:20 +0000] [44] [INFO] Application startup complete.
[2026-04-06 10:37:20 +0000] [47] [INFO] Booting worker with pid: 47
[2026-04-06 10:37:20 +0000] [48] [INFO] Booting worker with pid: 48
[2026-04-06 10:37:20 +0000] [47] [INFO] Started server process [47]
[2026-04-06 10:37:20 +0000] [47] [INFO] Waiting for application startup.
[2026-04-06 10:37:20 +0000] [47] [INFO] Application startup complete.
[2026-04-06 10:37:20 +0000] [51] [INFO] Booting worker with pid: 51
[2026-04-06 10:37:20 +0000] [48] [INFO] Started server process [48]
[2026-04-06 10:37:20 +0000] [48] [INFO] Waiting for application startup.
[2026-04-06 10:37:20 +0000] [48] [INFO] Application startup complete.
[2026-04-06 10:37:20 +0000] [53] [INFO] Booting worker with pid: 53
[2026-04-06 10:37:20 +0000] [51] [INFO] Started server process [51]
[2026-04-06 10:37:20 +0000] [51] [INFO] Waiting for application startup.
[2026-04-06 10:37:20 +0000] [51] [INFO] Application startup complete.
[2026-04-06 10:37:20 +0000] [54] [INFO] Booting worker with pid: 54
[2026-04-06 10:37:20 +0000] [56] [INFO] Booting worker with pid: 56
[2026-04-06 10:37:20 +0000] [53] [INFO] Started server process [53]
[2026-04-06 10:37:20 +0000] [53] [INFO] Waiting for application startup.
[2026-04-06 10:37:20 +0000] [53] [INFO] Application startup complete.
[2026-04-06 10:37:20 +0000] [58] [INFO] Booting worker with pid: 58
[2026-04-06 10:37:20 +0000] [54] [INFO] Started server process [54]
[2026-04-06 10:37:20 +0000] [54] [INFO] Waiting for application startup.
[2026-04-06 10:37:20 +0000] [54] [INFO] Application startup complete.
[2026-04-06 10:37:20 +0000] [56] [INFO] Started server process [56]
[2026-04-06 10:37:20 +0000] [56] [INFO] Waiting for application startup.
[2026-04-06 10:37:20 +0000] [56] [INFO] Application startup complete.
[2026-04-06 10:37:20 +0000] [60] [INFO] Booting worker with pid: 60
[2026-04-06 10:37:20 +0000] [58] [INFO] Started server process [58]
[2026-04-06 10:37:20 +0000] [58] [INFO] Waiting for application startup.
[2026-04-06 10:37:20 +0000] [58] [INFO] Application startup complete.
[2026-04-06 10:37:20 +0000] [62] [INFO] Booting worker with pid: 62
[2026-04-06 10:37:20 +0000] [60] [INFO] Started server process [60]
[2026-04-06 10:37:20 +0000] [60] [INFO] Waiting for application startup.
[2026-04-06 10:37:20 +0000] [60] [INFO] Application startup complete.
[2026-04-06 10:37:20 +0000] [65] [INFO] Booting worker with pid: 65
[2026-04-06 10:37:20 +0000] [62] [INFO] Started server process [62]
[2026-04-06 10:37:20 +0000] [62] [INFO] Waiting for application startup.
[2026-04-06 10:37:20 +0000] [62] [INFO] Application startup complete.
[2026-04-06 10:37:21 +0000] [65] [INFO] Started server process [65]
[2026-04-06 10:37:21 +0000] [65] [INFO] Waiting for application startup.
[2026-04-06 10:37:21 +0000] [65] [INFO] Application startup complete.
[2026-04-06 10:37:21 +0000] [67] [INFO] Booting worker with pid: 67
[2026-04-06 10:37:21 +0000] [69] [INFO] Booting worker with pid: 69
[2026-04-06 10:37:21 +0000] [67] [INFO] Started server process [67]
[2026-04-06 10:37:21 +0000] [67] [INFO] Waiting for application startup.
[2026-04-06 10:37:21 +0000] [67] [INFO] Application startup complete.
[2026-04-06 10:37:21 +0000] [70] [INFO] Booting worker with pid: 70
[2026-04-06 10:37:21 +0000] [69] [INFO] Started server process [69]
[2026-04-06 10:37:21 +0000] [69] [INFO] Waiting for application startup.
[2026-04-06 10:37:21 +0000] [69] [INFO] Application startup complete.
[2026-04-06 10:37:21 +0000] [70] [INFO] Started server process [70]
[2026-04-06 10:37:21 +0000] [70] [INFO] Waiting for application startup.
[2026-04-06 10:37:21 +0000] [70] [INFO] Application startup complete.
[2026-04-06 10:37:21 +0000] [73] [INFO] Booting worker with pid: 73
[2026-04-06 10:37:21 +0000] [75] [INFO] Booting worker with pid: 75
[2026-04-06 10:37:21 +0000] [73] [INFO] Started server process [73]
[2026-04-06 10:37:21 +0000] [73] [INFO] Waiting for application startup.
[2026-04-06 10:37:21 +0000] [73] [INFO] Application startup complete.
[2026-04-06 10:37:21 +0000] [76] [INFO] Booting worker with pid: 76
[2026-04-06 10:37:21 +0000] [75] [INFO] Started server process [75]
[2026-04-06 10:37:21 +0000] [75] [INFO] Waiting for application startup.
[2026-04-06 10:37:21 +0000] [75] [INFO] Application startup complete.
[2026-04-06 10:37:21 +0000] [78] [INFO] Booting worker with pid: 78
[2026-04-06 10:37:21 +0000] [79] [INFO] Booting worker with pid: 79
[2026-04-06 10:37:21 +0000] [76] [INFO] Started server process [76]
[2026-04-06 10:37:21 +0000] [76] [INFO] Waiting for application startup.
[2026-04-06 10:37:21 +0000] [76] [INFO] Application startup complete.
[2026-04-06 10:37:21 +0000] [81] [INFO] Booting worker with pid: 81
[2026-04-06 10:37:21 +0000] [78] [INFO] Started server process [78]
[2026-04-06 10:37:21 +0000] [78] [INFO] Waiting for application startup.
[2026-04-06 10:37:21 +0000] [78] [INFO] Application startup complete.
[2026-04-06 10:37:21 +0000] [79] [INFO] Started server process [79]
[2026-04-06 10:37:21 +0000] [79] [INFO] Waiting for application startup.
[2026-04-06 10:37:21 +0000] [79] [INFO] Application startup complete.
[2026-04-06 10:37:21 +0000] [84] [INFO] Booting worker with pid: 84
[2026-04-06 10:37:21 +0000] [86] [INFO] Booting worker with pid: 86
[2026-04-06 10:37:21 +0000] [81] [INFO] Started server process [81]
[2026-04-06 10:37:21 +0000] [81] [INFO] Waiting for application startup.
[2026-04-06 10:37:21 +0000] [81] [INFO] Application startup complete.
[2026-04-06 10:37:21 +0000] [84] [INFO] Started server process [84]
[2026-04-06 10:37:21 +0000] [84] [INFO] Waiting for application startup.
[2026-04-06 10:37:21 +0000] [84] [INFO] Application startup complete.
[2026-04-06 10:37:21 +0000] [86] [INFO] Started server process [86]
[2026-04-06 10:37:21 +0000] [86] [INFO] Waiting for application startup.
[2026-04-06 10:37:21 +0000] [86] [INFO] Application startup complete.
[2026-04-06 10:37:21 +0000] [89] [INFO] Booting worker with pid: 89
[2026-04-06 10:37:21 +0000] [91] [INFO] Booting worker with pid: 91
[2026-04-06 10:37:21 +0000] [89] [INFO] Started server process [89]
[2026-04-06 10:37:21 +0000] [89] [INFO] Waiting for application startup.
[2026-04-06 10:37:21 +0000] [89] [INFO] Application startup complete.
[2026-04-06 10:37:21 +0000] [92] [INFO] Booting worker with pid: 92
[2026-04-06 10:37:21 +0000] [91] [INFO] Started server process [91]
[2026-04-06 10:37:21 +0000] [91] [INFO] Waiting for application startup.
[2026-04-06 10:37:21 +0000] [91] [INFO] Application startup complete.
[2026-04-06 10:37:21 +0000] [95] [INFO] Booting worker with pid: 95
[2026-04-06 10:37:21 +0000] [92] [INFO] Started server process [92]
[2026-04-06 10:37:21 +0000] [92] [INFO] Waiting for application startup.
[2026-04-06 10:37:21 +0000] [92] [INFO] Application startup complete.
[2026-04-06 10:37:21 +0000] [96] [INFO] Booting worker with pid: 96
[2026-04-06 10:37:21 +0000] [98] [INFO] Booting worker with pid: 98
[2026-04-06 10:37:21 +0000] [95] [INFO] Started server process [95]
[2026-04-06 10:37:21 +0000] [95] [INFO] Waiting for application startup.
[2026-04-06 10:37:21 +0000] [95] [INFO] Application startup complete.
[2026-04-06 10:37:21 +0000] [96] [INFO] Started server process [96]
[2026-04-06 10:37:21 +0000] [96] [INFO] Waiting for application startup.
[2026-04-06 10:37:21 +0000] [96] [INFO] Application startup complete.
[2026-04-06 10:37:21 +0000] [100] [INFO] Booting worker with pid: 100
[2026-04-06 10:37:21 +0000] [98] [INFO] Started server process [98]
[2026-04-06 10:37:21 +0000] [98] [INFO] Waiting for application startup.
[2026-04-06 10:37:21 +0000] [98] [INFO] Application startup complete.
[2026-04-06 10:37:21 +0000] [100] [INFO] Started server process [100]
[2026-04-06 10:37:21 +0000] [100] [INFO] Waiting for application startup.
[2026-04-06 10:37:21 +0000] [100] [INFO] Application startup complete.
[2026-04-06 10:37:21 +0000] [103] [INFO] Booting worker with pid: 103
[2026-04-06 10:37:22 +0000] [104] [INFO] Booting worker with pid: 104
[2026-04-06 10:37:22 +0000] [103] [INFO] Started server process [103]
[2026-04-06 10:37:22 +0000] [103] [INFO] Waiting for application startup.
[2026-04-06 10:37:22 +0000] [103] [INFO] Application startup complete.
[2026-04-06 10:37:22 +0000] [104] [INFO] Started server process [104]
[2026-04-06 10:37:22 +0000] [104] [INFO] Waiting for application startup.
[2026-04-06 10:37:22 +0000] [104] [INFO] Application startup complete.
[2026-04-06 10:37:22 +0000] [107] [INFO] Booting worker with pid: 107
[2026-04-06 10:37:22 +0000] [107] [INFO] Started server process [107]
[2026-04-06 10:37:22 +0000] [107] [INFO] Waiting for application startup.
[2026-04-06 10:37:22 +0000] [107] [INFO] Application startup complete.
[2026-04-06 10:37:22 +0000] [109] [INFO] Booting worker with pid: 109
[2026-04-06 10:37:22 +0000] [110] [INFO] Booting worker with pid: 110
[2026-04-06 10:37:22 +0000] [111] [INFO] Booting worker with pid: 111
[2026-04-06 10:37:22 +0000] [109] [INFO] Started server process [109]
[2026-04-06 10:37:22 +0000] [109] [INFO] Waiting for application startup.
[2026-04-06 10:37:22 +0000] [109] [INFO] Application startup complete.
[2026-04-06 10:37:22 +0000] [113] [INFO] Booting worker with pid: 113
[2026-04-06 10:37:22 +0000] [115] [INFO] Booting worker with pid: 115
[2026-04-06 10:37:22 +0000] [110] [INFO] Started server process [110]
[2026-04-06 10:37:22 +0000] [110] [INFO] Waiting for application startup.
[2026-04-06 10:37:22 +0000] [110] [INFO] Application startup complete.
[2026-04-06 10:37:22 +0000] [111] [INFO] Started server process [111]
[2026-04-06 10:37:22 +0000] [111] [INFO] Waiting for application startup.
[2026-04-06 10:37:22 +0000] [111] [INFO] Application startup complete.
[2026-04-06 10:37:22 +0000] [117] [INFO] Booting worker with pid: 117
[2026-04-06 10:37:22 +0000] [113] [INFO] Started server process [113]
[2026-04-06 10:37:22 +0000] [113] [INFO] Waiting for application startup.
[2026-04-06 10:37:22 +0000] [113] [INFO] Application startup complete.
[2026-04-06 10:37:22 +0000] [120] [INFO] Booting worker with pid: 120
[2026-04-06 10:37:22 +0000] [115] [INFO] Started server process [115]
[2026-04-06 10:37:22 +0000] [115] [INFO] Waiting for application startup.
[2026-04-06 10:37:22 +0000] [115] [INFO] Application startup complete.
[2026-04-06 10:37:22 +0000] [117] [INFO] Started server process [117]
[2026-04-06 10:37:22 +0000] [117] [INFO] Waiting for application startup.
[2026-04-06 10:37:22 +0000] [117] [INFO] Application startup complete.
[2026-04-06 10:37:22 +0000] [122] [INFO] Booting worker with pid: 122
[2026-04-06 10:37:22 +0000] [120] [INFO] Started server process [120]
[2026-04-06 10:37:22 +0000] [120] [INFO] Waiting for application startup.
[2026-04-06 10:37:22 +0000] [120] [INFO] Application startup complete.
[2026-04-06 10:37:22 +0000] [124] [INFO] Booting worker with pid: 124
[2026-04-06 10:37:22 +0000] [122] [INFO] Started server process [122]
[2026-04-06 10:37:22 +0000] [122] [INFO] Waiting for application startup.
[2026-04-06 10:37:22 +0000] [122] [INFO] Application startup complete.
[2026-04-06 10:37:22 +0000] [126] [INFO] Booting worker with pid: 126
[2026-04-06 10:37:22 +0000] [128] [INFO] Booting worker with pid: 128
[2026-04-06 10:37:22 +0000] [124] [INFO] Started server process [124]
[2026-04-06 10:37:22 +0000] [124] [INFO] Waiting for application startup.
[2026-04-06 10:37:22 +0000] [124] [INFO] Application startup complete.
[2026-04-06 10:37:22 +0000] [129] [INFO] Booting worker with pid: 129
[2026-04-06 10:37:22 +0000] [126] [INFO] Started server process [126]
[2026-04-06 10:37:22 +0000] [126] [INFO] Waiting for application startup.
[2026-04-06 10:37:22 +0000] [126] [INFO] Application startup complete.
[2026-04-06 10:37:22 +0000] [128] [INFO] Started server process [128]
[2026-04-06 10:37:22 +0000] [128] [INFO] Waiting for application startup.
[2026-04-06 10:37:22 +0000] [128] [INFO] Application startup complete.
[2026-04-06 10:37:22 +0000] [132] [INFO] Booting worker with pid: 132
[2026-04-06 10:37:22 +0000] [129] [INFO] Started server process [129]
[2026-04-06 10:37:22 +0000] [129] [INFO] Waiting for application startup.
[2026-04-06 10:37:22 +0000] [129] [INFO] Application startup complete.
[2026-04-06 10:37:22 +0000] [132] [INFO] Started server process [132]
[2026-04-06 10:37:22 +0000] [132] [INFO] Waiting for application startup.
[2026-04-06 10:37:22 +0000] [132] [INFO] Application startup complete.
